Executing gate at point (0, 2).
Best move: (17, 19)
Best move: (2, 18)
Best move: (19, 24)
Best move: (20, 24)
Best move: (5, 20)
Executing gate at point (0, 3).
Executing gate at point (1, 3).
Executing gate at point (2, 3).
Executing gate at point (3, 3).
Best move: (5, 20)
Best move: (18, 24)
Best move: (24, 25)
Best move: (23, 25)
Best move: (11, 23)
Executing gate at point (0, 1).
Executing gate at point (1, 1).
Executing gate at point (2, 1).
Executing gate at point (3, 5).
Best move: (10, 11)
Best move: (11, 23)
Best move: (23, 25)
Best move: (24, 25)
Best move: (19, 24)
Best move: (17, 19)
Executing gate at point (0, 0).
Executing gate at point (1, 0).
Executing gate at point (2, 0).
Executing gate at point (3, 0).
Best move: (17, 19)
Best move: (19, 24)
Best move: (24, 25)
Best move: (23, 25)
Best move: (11, 23)
Executing gate at point (3, 1).
Executing gate at point (4, 1).
Executing gate at point (5, 1).
Executing gate at point (6, 1).
Executing gate at point (6, 7).
Executing gate at point (7, 7).
Best move: (11, 23)
Best move: (23, 25)
Best move: (21, 25)
Best move: (21, 25)
Best move: (21, 25)
Try bruteforce due to repeated pattern...
Trying to solve brute-force congestion at gate [4, 21] with {0: 15, 1: 10, 2: 12, 3: 4, 4: 6, 5: 9, 6: 20, 7: 21}
Trying to moving ion 4... to 3
Ion assignment after moving ion 4: {0: 15, 1: 10, 2: 12, 3: 3, 4: 6, 5: 9, 6: 20, 7: 21}
Gate position gate updated to [ 3 21]--------------c
Trying to moving ion 21... to 4
Ion assignment after moving ion 21: {0: 15, 1: 10, 2: 12, 3: 3, 4: 6, 5: 9, 6: 24, 7: 4}
Executing gate at point (8, 3).
Executing gate at point (9, 7).
Executing gate at point (10, 3).
Executing gate at point (11, 7).
Executing gate at point (11, 3).
Best move: (24, 25)
Best move: (22, 25)
Best move: (8, 22)
Executing gate at point (3, 4).
Executing gate at point (4, 4).
Executing gate at point (4, 6).
Executing gate at point (5, 4).
Executing gate at point (6, 6).
Executing gate at point (6, 4).
Best move: (9, 10)
Best move: (10, 11)
Best move: (11, 23)
Best move: (23, 25)
Best move: (21, 25)
Best move: (14, 21)
Executing gate at point (4, 2).
Executing gate at point (5, 5).
Executing gate at point (6, 2).
Executing gate at point (7, 2).
Best move: (6, 7)
Best move: (7, 8)
Best move: (8, 22)
Best move: (22, 25)
Best move: (20, 25)
Best move: (5, 20)
Executing gate at point (12, 4).
Executing gate at point (13, 4).
Executing gate at point (14, 4).
Executing gate at point (15, 4).
Best move: (4, 5)
Best move: (5, 20)
Best move: (20, 21)
Best move: (13, 14)
Best move: (14, 21)
Executing gate at point (15, 5).
Executing gate at point (16, 7).
Executing gate at point (16, 5).
Executing gate at point (17, 5).
Executing gate at point (18, 5).
Executing gate at point (18, 7).
Trying to solve brute-force congestion at gate [4, 21] with {0: 15, 1: 9, 2: 12, 3: 3, 4: 4, 5: 13, 6: 21, 7: 20}
Trying to moving ion 4... to 3
Ion assignment after moving ion 4: {0: 15, 1: 9, 2: 12, 3: 4, 4: 3, 5: 13, 6: 21, 7: 20}
Gate position gate updated to [ 3 21]--------------c
Trying to moving ion 21... to 4
Ion assignment after moving ion 21: {0: 15, 1: 9, 2: 12, 3: 5, 4: 3, 5: 13, 6: 4, 7: 24}
Trying to solve brute-force congestion at gate [3] with {0: 15, 1: 9, 2: 12, 3: 5, 4: 3, 5: 13, 6: 4, 7: 24}
Trying to moving ion 3... to 3
Ion assignment after moving ion 3: {0: 15, 1: 9, 2: 12, 3: 5, 4: 3, 5: 13, 6: 4, 7: 24}
Trying to solve brute-force congestion at gate [9, 24] with {0: 15, 1: 9, 2: 12, 3: 5, 4: 3, 5: 13, 6: 4, 7: 24}
Trying to moving ion 9... to 9
Ion assignment after moving ion 9: {0: 15, 1: 9, 2: 12, 3: 5, 4: 3, 5: 13, 6: 4, 7: 24}
Gate position gate updated to [ 9 24]--------------c
Trying to moving ion 24... to 10
Ion assignment after moving ion 24: {0: 15, 1: 9, 2: 12, 3: 5, 4: 3, 5: 13, 6: 4, 7: 10}
Trying to solve brute-force congestion at gate [5, 4] with {0: 15, 1: 9, 2: 12, 3: 5, 4: 3, 5: 13, 6: 4, 7: 10}
Trying to moving ion 5... to 3
Ion assignment after moving ion 5: {0: 15, 1: 9, 2: 12, 3: 3, 4: 4, 5: 13, 6: 5, 7: 10}
Gate position gate updated to [3 5]--------------c
Trying to moving ion 5... to 4
Ion assignment after moving ion 5: {0: 15, 1: 9, 2: 12, 3: 3, 4: 5, 5: 13, 6: 4, 7: 10}
Trying to solve brute-force congestion at gate [9, 10] with {0: 15, 1: 9, 2: 12, 3: 3, 4: 5, 5: 13, 6: 4, 7: 10}
Trying to moving ion 9... to 9
Ion assignment after moving ion 9: {0: 15, 1: 9, 2: 12, 3: 3, 4: 5, 5: 13, 6: 4, 7: 10}
Gate position gate updated to [ 9 10]--------------c
Trying to moving ion 10... to 10
Ion assignment after moving ion 10: {0: 15, 1: 9, 2: 12, 3: 3, 4: 5, 5: 13, 6: 4, 7: 10}
Trying to solve brute-force congestion at gate [15, 10] with {0: 15, 1: 9, 2: 12, 3: 3, 4: 5, 5: 13, 6: 4, 7: 10}
Trying to moving ion 15... to 15
Ion assignment after moving ion 15: {0: 15, 1: 9, 2: 12, 3: 3, 4: 5, 5: 13, 6: 4, 7: 10}
Gate position gate updated to [15 10]--------------c
Trying to moving ion 10... to 16
Ion assignment after moving ion 10: {0: 15, 1: 9, 2: 12, 3: 3, 4: 5, 5: 13, 6: 4, 7: 16}
Trying to solve brute-force congestion at gate [15] with {0: 15, 1: 9, 2: 12, 3: 3, 4: 5, 5: 13, 6: 4, 7: 16}
Trying to moving ion 15... to 15
Ion assignment after moving ion 15: {0: 15, 1: 9, 2: 12, 3: 3, 4: 5, 5: 13, 6: 4, 7: 16}
Trying to solve brute-force congestion at gate [9, 13] with {0: 15, 1: 9, 2: 12, 3: 3, 4: 5, 5: 13, 6: 4, 7: 16}
Trying to moving ion 9... to 9
Ion assignment after moving ion 9: {0: 15, 1: 9, 2: 12, 3: 3, 4: 5, 5: 13, 6: 4, 7: 16}
Gate position gate updated to [ 9 13]--------------c
Trying to moving ion 13... to 10
Ion assignment after moving ion 13: {0: 15, 1: 9, 2: 12, 3: 3, 4: 5, 5: 10, 6: 4, 7: 16}
Trying to solve brute-force congestion at gate [9] with {0: 15, 1: 9, 2: 12, 3: 3, 4: 5, 5: 10, 6: 4, 7: 16}
Trying to moving ion 9... to 9
Ion assignment after moving ion 9: {0: 15, 1: 9, 2: 12, 3: 3, 4: 5, 5: 10, 6: 4, 7: 16}
Trying to solve brute-force congestion at gate [9, 10] with {0: 15, 1: 9, 2: 12, 3: 3, 4: 5, 5: 10, 6: 4, 7: 16}
Trying to moving ion 9... to 9
Ion assignment after moving ion 9: {0: 15, 1: 9, 2: 12, 3: 3, 4: 5, 5: 10, 6: 4, 7: 16}
Gate position gate updated to [ 9 10]--------------c
Trying to moving ion 10... to 10
Ion assignment after moving ion 10: {0: 15, 1: 9, 2: 12, 3: 3, 4: 5, 5: 10, 6: 4, 7: 16}
Executing gate at point (0, 1).
Executing gate at point (0, 2).
Executing gate at point (0, 3).
Executing gate at point (0, 0).
Executing gate at point (1, 0).
Executing gate at point (1, 1).
Executing gate at point (1, 3).
Executing gate at point (2, 0).
Executing gate at point (2, 3).
Executing gate at point (2, 1).
Executing gate at point (3, 3).
Executing gate at point (3, 4).
Executing gate at point (3, 5).
Executing gate at point (3, 0).
Executing gate at point (4, 4).
Executing gate at point (4, 6).
Executing gate at point (5, 4).
Executing gate at point (6, 4).
Executing gate at point (6, 6).
Best move: (16, 17)
Best move: (17, 19)
Best move: (19, 24)
Best move: (24, 25)
Best move: (23, 25)
Best move: (12, 13)
Best move: (13, 14)
Best move: (14, 21)
Try bruteforce due to multiple steps (8) to solve one gate
Trying to solve brute-force congestion at gate [9, 23] with {0: 15, 1: 9, 2: 21, 3: 3, 4: 5, 5: 10, 6: 4, 7: 23}
Trying to moving ion 9... to 9
Ion assignment after moving ion 9: {0: 15, 1: 9, 2: 21, 3: 3, 4: 5, 5: 10, 6: 4, 7: 23}
Gate position gate updated to [ 9 23]--------------c
Trying to moving ion 23... to 10
Ion assignment after moving ion 23: {0: 15, 1: 9, 2: 21, 3: 3, 4: 5, 5: 11, 6: 4, 7: 10}
Executing gate at point (3, 1).
Executing gate at point (4, 1).
Executing gate at point (5, 1).
Executing gate at point (6, 1).
Executing gate at point (6, 7).
Executing gate at point (7, 7).
Best move: (11, 23)
Best move: (23, 25)
Best move: (3, 4)
Best move: (4, 5)
Best move: (5, 20)
Best move: (24, 25)
Best move: (20, 25)
Best move: (23, 25)
Try bruteforce due to multiple steps (8) to solve one gate
Trying to solve brute-force congestion at gate [23, 10] with {0: 15, 1: 9, 2: 21, 3: 23, 4: 4, 5: 24, 6: 3, 7: 10}
Trying to moving ion 10... to 9
Ion assignment after moving ion 10: {0: 15, 1: 10, 2: 21, 3: 23, 4: 4, 5: 24, 6: 3, 7: 9}
Gate position gate updated to [ 9 23]--------------c
Trying to moving ion 23... to 10
Ion assignment after moving ion 23: {0: 15, 1: 11, 2: 21, 3: 10, 4: 4, 5: 24, 6: 3, 7: 9}
Executing gate at point (8, 3).
Executing gate at point (9, 7).
Executing gate at point (10, 3).
Executing gate at point (11, 7).
Executing gate at point (11, 3).
Best move: (9, 10)
Best move: (10, 11)
Best move: (11, 23)
Best move: (23, 25)
Best move: (20, 25)
Best move: (14, 21)
Best move: (21, 24)
Best move: (13, 14)
Try bruteforce due to multiple steps (8) to solve one gate
Trying to solve brute-force congestion at gate [4, 20] with {0: 15, 1: 10, 2: 13, 3: 9, 4: 4, 5: 21, 6: 3, 7: 20}
Trying to moving ion 4... to 3
Ion assignment after moving ion 4: {0: 15, 1: 10, 2: 13, 3: 9, 4: 3, 5: 21, 6: 4, 7: 20}
Gate position gate updated to [ 3 20]--------------c
Trying to moving ion 20... to 4
Ion assignment after moving ion 20: {0: 15, 1: 10, 2: 13, 3: 9, 4: 3, 5: 21, 6: 5, 7: 4}
Executing gate at point (12, 4).
Executing gate at point (13, 4).
Executing gate at point (14, 4).
Executing gate at point (15, 4).
Best move: (14, 21)
Executing gate at point (4, 2).
Executing gate at point (5, 5).
Executing gate at point (6, 2).
Executing gate at point (7, 2).
Best move: (4, 5)
Best move: (5, 20)
Best move: (20, 21)
Best move: (13, 14)
Best move: (12, 13)
Best move: (12, 13)
Best move: (12, 13)
Try bruteforce due to repeated pattern...
Trying to solve brute-force congestion at gate [12, 21] with {0: 15, 1: 10, 2: 14, 3: 9, 4: 3, 5: 12, 6: 4, 7: 21}
Trying to moving ion 12... to 12
Ion assignment after moving ion 12: {0: 15, 1: 10, 2: 14, 3: 9, 4: 3, 5: 12, 6: 4, 7: 21}
Clearing endpoint 14.........
Gate position gate updated to [12 21]--------------c
Trying to moving ion 21... to 13
Ion assignment after moving ion 21: {0: 15, 1: 10, 2: 14, 3: 9, 4: 3, 5: 12, 6: 4, 7: 13}
Executing gate at point (15, 5).
Executing gate at point (16, 7).
Executing gate at point (16, 5).
Executing gate at point (17, 5).
Executing gate at point (18, 5).
Executing gate at point (18, 7).
Trying to solve brute-force congestion at gate [9, 11] with {0: 15, 1: 10, 2: 13, 3: 9, 4: 3, 5: 12, 6: 4, 7: 11}
Trying to moving ion 9... to 9
Ion assignment after moving ion 9: {0: 15, 1: 10, 2: 13, 3: 9, 4: 3, 5: 12, 6: 4, 7: 11}
Gate position gate updated to [ 9 11]--------------c
Trying to moving ion 11... to 10
Ion assignment after moving ion 11: {0: 15, 1: 11, 2: 13, 3: 9, 4: 3, 5: 12, 6: 4, 7: 10}
Trying to solve brute-force congestion at gate [10] with {0: 15, 1: 11, 2: 13, 3: 9, 4: 3, 5: 12, 6: 4, 7: 10}
Trying to moving ion 10... to 9
Ion assignment after moving ion 10: {0: 15, 1: 11, 2: 13, 3: 10, 4: 3, 5: 12, 6: 4, 7: 9}
Trying to solve brute-force congestion at gate [10, 9] with {0: 15, 1: 11, 2: 13, 3: 10, 4: 3, 5: 12, 6: 4, 7: 9}
Trying to moving ion 10... to 9
Ion assignment after moving ion 10: {0: 15, 1: 11, 2: 13, 3: 9, 4: 3, 5: 12, 6: 4, 7: 10}
Clearing endpoint 11.........
Gate position gate updated to [ 9 10]--------------c
Trying to moving ion 10... to 10
Ion assignment after moving ion 10: {0: 15, 1: 23, 2: 13, 3: 9, 4: 3, 5: 12, 6: 4, 7: 10}
Trying to solve brute-force congestion at gate [9] with {0: 15, 1: 23, 2: 13, 3: 9, 4: 3, 5: 12, 6: 4, 7: 10}
Trying to moving ion 9... to 9
Ion assignment after moving ion 9: {0: 15, 1: 23, 2: 13, 3: 9, 4: 3, 5: 12, 6: 4, 7: 10}
Trying to solve brute-force congestion at gate [9, 4] with {0: 15, 1: 23, 2: 13, 3: 9, 4: 3, 5: 12, 6: 4, 7: 10}
Trying to moving ion 9... to 9
Ion assignment after moving ion 9: {0: 15, 1: 23, 2: 13, 3: 9, 4: 3, 5: 12, 6: 4, 7: 10}
Gate position gate updated to [9 4]--------------c
Trying to moving ion 4... to 10
Ion assignment after moving ion 4: {0: 15, 1: 22, 2: 13, 3: 9, 4: 3, 5: 12, 6: 10, 7: 11}
Trying to solve brute-force congestion at gate [9] with {0: 15, 1: 22, 2: 13, 3: 9, 4: 3, 5: 12, 6: 10, 7: 11}
Trying to moving ion 9... to 9
Ion assignment after moving ion 9: {0: 15, 1: 22, 2: 13, 3: 9, 4: 3, 5: 12, 6: 10, 7: 11}
Trying to solve brute-force congestion at gate [9, 10] with {0: 15, 1: 22, 2: 13, 3: 9, 4: 3, 5: 12, 6: 10, 7: 11}
Trying to moving ion 9... to 9
Ion assignment after moving ion 9: {0: 15, 1: 22, 2: 13, 3: 9, 4: 3, 5: 12, 6: 10, 7: 11}
Clearing endpoint 11.........
Gate position gate updated to [ 9 10]--------------c
Trying to moving ion 10... to 10
Ion assignment after moving ion 10: {0: 15, 1: 22, 2: 13, 3: 9, 4: 3, 5: 12, 6: 10, 7: 23}
Trying to solve brute-force congestion at gate [22, 23] with {0: 15, 1: 22, 2: 13, 3: 9, 4: 3, 5: 12, 6: 10, 7: 23}
Trying to moving ion 22... to 6
Ion assignment after moving ion 22: {0: 15, 1: 6, 2: 13, 3: 9, 4: 3, 5: 12, 6: 10, 7: 23}
Gate position gate updated to [ 6 23]--------------c
Trying to moving ion 23... to 7
Ion assignment after moving ion 23: {0: 15, 1: 6, 2: 13, 3: 9, 4: 3, 5: 12, 6: 10, 7: 7}
Trying to solve brute-force congestion at gate [6] with {0: 15, 1: 6, 2: 13, 3: 9, 4: 3, 5: 12, 6: 10, 7: 7}
Trying to moving ion 6... to 6
Ion assignment after moving ion 6: {0: 15, 1: 6, 2: 13, 3: 9, 4: 3, 5: 12, 6: 10, 7: 7}
Trying to solve brute-force congestion at gate [6, 7] with {0: 15, 1: 6, 2: 13, 3: 9, 4: 3, 5: 12, 6: 10, 7: 7}
Trying to moving ion 6... to 6
Ion assignment after moving ion 6: {0: 15, 1: 6, 2: 13, 3: 9, 4: 3, 5: 12, 6: 10, 7: 7}
Gate position gate updated to [6 7]--------------c
Trying to moving ion 7... to 7
Ion assignment after moving ion 7: {0: 15, 1: 6, 2: 13, 3: 9, 4: 3, 5: 12, 6: 10, 7: 7}
Trying to solve brute-force congestion at gate [15, 7] with {0: 15, 1: 6, 2: 13, 3: 9, 4: 3, 5: 12, 6: 10, 7: 7}
Trying to moving ion 15... to 15
Ion assignment after moving ion 15: {0: 15, 1: 6, 2: 13, 3: 9, 4: 3, 5: 12, 6: 10, 7: 7}
Gate position gate updated to [15  7]--------------c
Trying to moving ion 7... to 16
Ion assignment after moving ion 7: {0: 15, 1: 6, 2: 13, 3: 9, 4: 3, 5: 12, 6: 10, 7: 16}
Trying to solve brute-force congestion at gate [15] with {0: 15, 1: 6, 2: 13, 3: 9, 4: 3, 5: 12, 6: 10, 7: 16}
Trying to moving ion 15... to 15
Ion assignment after moving ion 15: {0: 15, 1: 6, 2: 13, 3: 9, 4: 3, 5: 12, 6: 10, 7: 16}
Trying to solve brute-force congestion at gate [6, 12] with {0: 15, 1: 6, 2: 13, 3: 9, 4: 3, 5: 12, 6: 10, 7: 16}
Trying to moving ion 12... to 12
Ion assignment after moving ion 12: {0: 15, 1: 6, 2: 13, 3: 9, 4: 3, 5: 12, 6: 10, 7: 16}
Gate position gate updated to [12  6]--------------c
Trying to moving ion 6... to 13
Ion assignment after moving ion 6: {0: 15, 1: 13, 2: 14, 3: 9, 4: 3, 5: 12, 6: 10, 7: 16}
Trying to solve brute-force congestion at gate [13] with {0: 15, 1: 13, 2: 14, 3: 9, 4: 3, 5: 12, 6: 10, 7: 16}
Trying to moving ion 13... to 12
Ion assignment after moving ion 13: {0: 15, 1: 12, 2: 14, 3: 9, 4: 3, 5: 13, 6: 10, 7: 16}
Trying to solve brute-force congestion at gate [12, 13] with {0: 15, 1: 12, 2: 14, 3: 9, 4: 3, 5: 13, 6: 10, 7: 16}
Trying to moving ion 12... to 12
Ion assignment after moving ion 12: {0: 15, 1: 12, 2: 14, 3: 9, 4: 3, 5: 13, 6: 10, 7: 16}
Clearing endpoint 14.........
Gate position gate updated to [12 13]--------------c
Trying to moving ion 13... to 13
Ion assignment after moving ion 13: {0: 15, 1: 12, 2: 21, 3: 9, 4: 3, 5: 13, 6: 10, 7: 16}
Executing gate at point (0, 1).
Executing gate at point (0, 3).
Executing gate at point (0, 0).
Executing gate at point (1, 1).
Executing gate at point (1, 0).
Executing gate at point (1, 3).
Executing gate at point (2, 1).
Executing gate at point (2, 0).
Executing gate at point (2, 3).
Executing gate at point (3, 0).
Executing gate at point (3, 3).
Executing gate at point (3, 5).
Best move: (16, 17)
Best move: (17, 19)
Best move: (19, 24)
Best move: (12, 13)
Best move: (10, 11)
Best move: (11, 23)
Best move: (23, 25)
Best move: (20, 25)
Try bruteforce due to multiple steps (8) to solve one gate
Trying to solve brute-force congestion at gate [21] with {0: 15, 1: 13, 2: 21, 3: 9, 4: 3, 5: 12, 6: 20, 7: 24}Input filename:  QAOA_8_compiled
Algorithm:  SHAW
Trap type:  G2x3
Trap capacity:  3
Num layout passes:  2
Gate type:  FM
Run index:  3
Creating a QCCD machine ...
QCCD physical machine:
### Traps ### 
Trap(id='trap_0', max_num_ions=3, initial_num_ions=0, executable=True, measureable=True)
Trap(id='trap_1', max_num_ions=3, initial_num_ions=0, executable=True, measureable=True)
Trap(id='trap_2', max_num_ions=3, initial_num_ions=0, executable=True, measureable=True)
Trap(id='trap_3', max_num_ions=3, initial_num_ions=0, executable=True, measureable=True)
Trap(id='trap_4', max_num_ions=3, initial_num_ions=0, executable=True, measureable=True)
Trap(id='trap_5', max_num_ions=3, initial_num_ions=0, executable=True, measureable=True)
### Junctions ### 
Junction(id='junction_0')
Junction(id='junction_1')
Junction(id='junction_2')
### Segments ### 
Segment(id='segment_0', left=Trap(id='trap_0', max_num_ions=3, initial_num_ions=0, executable=True, measureable=True), right=Junction(id='junction_0'))
Segment(id='segment_1', left=Trap(id='trap_5', max_num_ions=3, initial_num_ions=0, executable=True, measureable=True), right=Junction(id='junction_0'))
Segment(id='segment_2', left=Trap(id='trap_1', max_num_ions=3, initial_num_ions=0, executable=True, measureable=True), right=Junction(id='junction_1'))
Segment(id='segment_3', left=Trap(id='trap_4', max_num_ions=3, initial_num_ions=0, executable=True, measureable=True), right=Junction(id='junction_1'))
Segment(id='segment_4', left=Trap(id='trap_2', max_num_ions=3, initial_num_ions=0, executable=True, measureable=True), right=Junction(id='junction_2'))
Segment(id='segment_5', left=Trap(id='trap_3', max_num_ions=3, initial_num_ions=0, executable=True, measureable=True), right=Junction(id='junction_2'))
Segment(id='segment_6', left=Junction(id='junction_0'), right=Junction(id='junction_1'))
Segment(id='segment_7', left=Junction(id='junction_1'), right=Junction(id='junction_2'))
Finished creating the QCCD physical machine.
Position graph:  CouplingGraph({(3, 4), (12, 13), (22, 23), (21, 25), (23, 25), (11, 23), (13, 14), (19, 24), (18, 19), (4, 5), (20, 25), (21, 24), (22, 25), (14, 21), (0, 1), (9, 10), (1, 2), (10, 11), (6, 7), (15, 16), (24, 25), (18, 24), (20, 21), (20, 24), (17, 19), (5, 20), (8, 22), (2, 18), (7, 8), (16, 17)})
Initial ion assignment:  {0: 15, 1: 2, 2: 12, 3: 4, 4: 6, 5: 9, 6: 17, 7: 10}
Congestion rate:  1.0
Scheduling QCCD: 480002120.00000006 us, costing 18.05787490005605 s to compile
480.00212000000005
18.05787490005605
{0: 15, 1: 12, 2: 21, 3: 9, 4: 3, 5: 13, 6: 10, 7: 16}
[0, 1, 2, 3, 4, 5, 6, 7]
