Executing gate at point (0, 6).
Executing gate at point (0, 0).
Executing gate at point (1, 0).
Executing gate at point (1, 6).
Best move: (2, 18)
Best move: (18, 24)
Best move: (24, 25)
Best move: (22, 25)
Best move: (8, 22)
Executing gate at point (0, 4).
Executing gate at point (1, 4).
Best move: (8, 22)
Best move: (3, 4)
Best move: (4, 5)
Best move: (5, 20)
Best move: (20, 25)
Best move: (6, 7)
Best move: (6, 7)
Best move: (6, 7)
Try bruteforce due to multiple steps (8) to solve one gate
Trying to solve brute-force congestion at gate [25, 7] with {0: 15, 1: 16, 2: 25, 3: 7, 4: 6, 5: 22, 6: 10, 7: 9}
Trying to moving ion 7... to 6
Ion assignment after moving ion 7: {0: 15, 1: 16, 2: 25, 3: 6, 4: 7, 5: 22, 6: 10, 7: 9}
Gate position gate updated to [ 6 25]--------------c
Trying to moving ion 25... to 7
Ion assignment after moving ion 25: {0: 15, 1: 16, 2: 7, 3: 6, 4: 8, 5: 23, 6: 10, 7: 9}
Executing gate at point (0, 2).
Executing gate at point (1, 2).
Executing gate at point (2, 3).
Executing gate at point (3, 3).
Best move: (11, 23)
Executing gate at point (2, 5).
Executing gate at point (3, 5).
Executing gate at point (4, 6).
Executing gate at point (5, 6).
Best move: (11, 23)
Best move: (8, 22)
Best move: (22, 25)
Best move: (22, 25)
Best move: (22, 25)
Try bruteforce due to repeated pattern...
Trying to solve brute-force congestion at gate [25, 23] with {0: 15, 1: 16, 2: 7, 3: 6, 4: 25, 5: 23, 6: 10, 7: 9}
Trying to moving ion 23... to 9
Ion assignment after moving ion 23: {0: 15, 1: 16, 2: 7, 3: 6, 4: 25, 5: 9, 6: 11, 7: 10}
Clearing endpoint 11.........
Gate position gate updated to [ 9 25]--------------c
Trying to moving ion 25... to 10
Ion assignment after moving ion 25: {0: 15, 1: 16, 2: 7, 3: 6, 4: 10, 5: 9, 6: 22, 7: 11}
Executing gate at point (4, 4).
Executing gate at point (5, 4).
Best move: (9, 10)
Best move: (22, 23)
Best move: (10, 11)
Best move: (7, 8)
Best move: (8, 22)
Best move: (22, 25)
Best move: (24, 25)
Best move: (19, 24)
Try bruteforce due to multiple steps (8) to solve one gate
Trying to solve brute-force congestion at gate [16, 19] with {0: 15, 1: 16, 2: 19, 3: 6, 4: 9, 5: 11, 6: 23, 7: 10}
Trying to moving ion 16... to 15
Ion assignment after moving ion 16: {0: 16, 1: 15, 2: 19, 3: 6, 4: 9, 5: 11, 6: 23, 7: 10}
Gate position gate updated to [15 19]--------------c
Trying to moving ion 19... to 16
Ion assignment after moving ion 19: {0: 17, 1: 15, 2: 16, 3: 6, 4: 9, 5: 11, 6: 23, 7: 10}
Executing gate at point (2, 1).
Executing gate at point (3, 1).
Executing gate at point (4, 0).
Executing gate at point (5, 0).
Best move: (16, 17)
Best move: (22, 23)
Best move: (11, 23)
Best move: (8, 22)
Best move: (22, 23)
Best move: (7, 8)
Best move: (8, 22)
Executing gate at point (6, 5).
Executing gate at point (7, 5).
Best move: (17, 19)
Best move: (19, 24)
Best move: (7, 8)
Best move: (8, 22)
Best move: (22, 23)
Best move: (24, 25)
Best move: (11, 23)
Executing gate at point (8, 6).
Executing gate at point (9, 6).
Best move: (22, 25)
Best move: (6, 7)
Best move: (8, 22)
Executing gate at point (4, 2).
Executing gate at point (5, 2).
Best move: (8, 22)
Best move: (22, 25)
Best move: (24, 25)
Best move: (19, 24)
Best move: (17, 19)
Executing gate at point (6, 1).
Executing gate at point (7, 1).
Executing gate at point (8, 0).
Executing gate at point (9, 0).
Best move: (9, 10)
Best move: (10, 11)
Best move: (11, 23)
Best move: (22, 23)
Best move: (8, 22)
Executing gate at point (6, 3).
Executing gate at point (7, 3).
Executing gate at point (8, 4).
Executing gate at point (9, 4).
Best move: (17, 19)
Best move: (19, 24)
Best move: (7, 8)
Best move: (8, 22)
Best move: (22, 25)
Best move: (10, 11)
Best move: (11, 23)
Best move: (22, 23)
Try bruteforce due to multiple steps (8) to solve one gate
Trying to solve brute-force congestion at gate [24, 25] with {0: 16, 1: 15, 2: 24, 3: 25, 4: 7, 5: 6, 6: 22, 7: 9}
Trying to moving ion 24... to 3
Ion assignment after moving ion 24: {0: 16, 1: 15, 2: 3, 3: 25, 4: 7, 5: 6, 6: 22, 7: 9}
Gate position gate updated to [ 3 25]--------------c
Trying to moving ion 25... to 4
Ion assignment after moving ion 25: {0: 16, 1: 15, 2: 3, 3: 4, 4: 7, 5: 6, 6: 22, 7: 9}
Executing gate at point (8, 2).
Executing gate at point (9, 2).
Best move: (8, 22)
Executing gate at point (10, 5).
Executing gate at point (11, 5).
Best move: (15, 16)
Best move: (8, 22)
Best move: (22, 23)
Best move: (11, 23)
Executing gate at point (12, 6).
Executing gate at point (13, 6).
Best move: (7, 8)
Best move: (8, 22)
Best move: (22, 25)
Best move: (20, 25)
Best move: (5, 20)
Executing gate at point (10, 3).
Executing gate at point (11, 3).
Best move: (5, 20)
Best move: (20, 25)
Best move: (22, 25)
Best move: (8, 22)
Executing gate at point (12, 4).
Executing gate at point (13, 4).
Best move: (11, 23)
Best move: (22, 23)
Best move: (16, 17)
Best move: (17, 19)
Best move: (19, 24)
Best move: (20, 24)
Best move: (5, 20)
Executing gate at point (10, 1).
Executing gate at point (11, 1).
Executing gate at point (12, 2).
Executing gate at point (13, 2).
Best move: (5, 20)
Best move: (20, 24)
Best move: (19, 24)
Best move: (17, 19)
Executing gate at point (12, 0).
Executing gate at point (13, 0).
Best move: (17, 19)
Best move: (19, 24)
Best move: (20, 24)
Best move: (5, 20)
Executing gate at point (14, 1).
Executing gate at point (15, 1).
Best move: (7, 8)
Best move: (4, 5)
Best move: (5, 20)
Best move: (20, 25)
Best move: (6, 7)
Best move: (6, 7)
Best move: (23, 25)
Best move: (23, 25)
Try bruteforce due to multiple steps (8) to solve one gate
Trying to solve brute-force congestion at gate [25, 7] with {0: 15, 1: 4, 2: 3, 3: 25, 4: 7, 5: 6, 6: 22, 7: 9}
Trying to moving ion 7... to 6
Ion assignment after moving ion 7: {0: 15, 1: 4, 2: 3, 3: 25, 4: 6, 5: 7, 6: 22, 7: 9}
Gate position gate updated to [ 6 25]--------------c
Trying to moving ion 25... to 7
Ion assignment after moving ion 25: {0: 15, 1: 4, 2: 3, 3: 7, 4: 6, 5: 8, 6: 23, 7: 9}
Executing gate at point (14, 3).
Executing gate at point (15, 3).
Best move: (8, 22)
Best move: (11, 23)
Best move: (22, 23)
Best move: (10, 11)
Best move: (11, 23)
Executing gate at point (14, 5).
Executing gate at point (15, 5).
Trying to solve brute-force congestion at gate [4, 8] with {0: 15, 1: 3, 2: 4, 3: 8, 4: 6, 5: 22, 6: 10, 7: 9}
Trying to moving ion 4... to 3
Ion assignment after moving ion 4: {0: 15, 1: 4, 2: 3, 3: 8, 4: 6, 5: 22, 6: 10, 7: 9}
Gate position gate updated to [3 8]--------------c
Trying to moving ion 8... to 4
Ion assignment after moving ion 8: {0: 15, 1: 5, 2: 3, 3: 4, 4: 6, 5: 24, 6: 10, 7: 9}
Trying to solve brute-force congestion at gate [3, 4] with {0: 15, 1: 5, 2: 3, 3: 4, 4: 6, 5: 24, 6: 10, 7: 9}
Trying to moving ion 3... to 3
Ion assignment after moving ion 3: {0: 15, 1: 5, 2: 3, 3: 4, 4: 6, 5: 24, 6: 10, 7: 9}
Clearing endpoint 5.........
Gate position gate updated to [3 4]--------------c
Trying to moving ion 4... to 4
Ion assignment after moving ion 4: {0: 15, 1: 20, 2: 3, 3: 4, 4: 6, 5: 24, 6: 10, 7: 9}
Trying to solve brute-force congestion at gate [4, 6] with {0: 15, 1: 20, 2: 3, 3: 4, 4: 6, 5: 24, 6: 10, 7: 9}
Trying to moving ion 6... to 6
Ion assignment after moving ion 6: {0: 15, 1: 20, 2: 3, 3: 4, 4: 6, 5: 24, 6: 10, 7: 9}
Gate position gate updated to [6 4]--------------c
Trying to moving ion 4... to 7
Ion assignment after moving ion 4: {0: 15, 1: 23, 2: 3, 3: 7, 4: 6, 5: 24, 6: 10, 7: 9}
Trying to solve brute-force congestion at gate [15, 23] with {0: 15, 1: 23, 2: 3, 3: 7, 4: 6, 5: 24, 6: 10, 7: 9}
Trying to moving ion 15... to 15
Ion assignment after moving ion 15: {0: 15, 1: 23, 2: 3, 3: 7, 4: 6, 5: 24, 6: 10, 7: 9}
Gate position gate updated to [15 23]--------------c
Trying to moving ion 23... to 16
Ion assignment after moving ion 23: {0: 15, 1: 16, 2: 3, 3: 7, 4: 6, 5: 18, 6: 10, 7: 9}
Trying to solve brute-force congestion at gate [15, 16] with {0: 15, 1: 16, 2: 3, 3: 7, 4: 6, 5: 18, 6: 10, 7: 9}
Trying to moving ion 15... to 15
Ion assignment after moving ion 15: {0: 15, 1: 16, 2: 3, 3: 7, 4: 6, 5: 18, 6: 10, 7: 9}
Gate position gate updated to [15 16]--------------c
Trying to moving ion 16... to 16
Ion assignment after moving ion 16: {0: 15, 1: 16, 2: 3, 3: 7, 4: 6, 5: 18, 6: 10, 7: 9}
Trying to solve brute-force congestion at gate [16, 3] with {0: 15, 1: 16, 2: 3, 3: 7, 4: 6, 5: 18, 6: 10, 7: 9}
Trying to moving ion 3... to 3
Ion assignment after moving ion 3: {0: 15, 1: 16, 2: 3, 3: 7, 4: 6, 5: 18, 6: 10, 7: 9}
Gate position gate updated to [ 3 16]--------------c
Trying to moving ion 16... to 4
Ion assignment after moving ion 16: {0: 15, 1: 4, 2: 3, 3: 7, 4: 6, 5: 18, 6: 10, 7: 9}
Trying to solve brute-force congestion at gate [4, 3] with {0: 15, 1: 4, 2: 3, 3: 7, 4: 6, 5: 18, 6: 10, 7: 9}
Trying to moving ion 4... to 3
Ion assignment after moving ion 4: {0: 15, 1: 3, 2: 4, 3: 7, 4: 6, 5: 18, 6: 10, 7: 9}
Gate position gate updated to [3 4]--------------c
Trying to moving ion 4... to 4
Ion assignment after moving ion 4: {0: 15, 1: 3, 2: 4, 3: 7, 4: 6, 5: 18, 6: 10, 7: 9}
Trying to solve brute-force congestion at gate [15, 3] with {0: 15, 1: 3, 2: 4, 3: 7, 4: 6, 5: 18, 6: 10, 7: 9}
Trying to moving ion 3... to 3
Ion assignment after moving ion 3: {0: 15, 1: 3, 2: 4, 3: 7, 4: 6, 5: 18, 6: 10, 7: 9}
Gate position gate updated to [ 3 15]--------------c
Trying to moving ion 15... to 4
Ion assignment after moving ion 15: {0: 4, 1: 3, 2: 5, 3: 7, 4: 6, 5: 18, 6: 10, 7: 9}
Trying to solve brute-force congestion at gate [5, 7] with {0: 4, 1: 3, 2: 5, 3: 7, 4: 6, 5: 18, 6: 10, 7: 9}
Trying to moving ion 7... to 6
Ion assignment after moving ion 7: {0: 4, 1: 3, 2: 5, 3: 6, 4: 7, 5: 18, 6: 10, 7: 9}
Gate position gate updated to [6 5]--------------c
Trying to moving ion 5... to 7
Ion assignment after moving ion 5: {0: 4, 1: 3, 2: 7, 3: 6, 4: 8, 5: 18, 6: 10, 7: 9}
Trying to solve brute-force congestion at gate [7, 6] with {0: 4, 1: 3, 2: 7, 3: 6, 4: 8, 5: 18, 6: 10, 7: 9}
Trying to moving ion 7... to 6
Ion assignment after moving ion 7: {0: 4, 1: 3, 2: 6, 3: 7, 4: 8, 5: 18, 6: 10, 7: 9}
Clearing endpoint 8.........
Gate position gate updated to [6 7]--------------c
Trying to moving ion 7... to 7
Ion assignment after moving ion 7: {0: 4, 1: 3, 2: 6, 3: 7, 4: 22, 5: 18, 6: 10, 7: 9}
Trying to solve brute-force congestion at gate [3, 6] with {0: 4, 1: 3, 2: 6, 3: 7, 4: 22, 5: 18, 6: 10, 7: 9}
Trying to moving ion 3... to 3
Ion assignment after moving ion 3: {0: 4, 1: 3, 2: 6, 3: 7, 4: 22, 5: 18, 6: 10, 7: 9}
Gate position gate updated to [3 6]--------------c
Trying to moving ion 6... to 4
Ion assignment after moving ion 6: {0: 5, 1: 3, 2: 4, 3: 6, 4: 24, 5: 18, 6: 10, 7: 9}
Trying to solve brute-force congestion at gate [3, 4] with {0: 5, 1: 3, 2: 4, 3: 6, 4: 24, 5: 18, 6: 10, 7: 9}
Trying to moving ion 3... to 3
Ion assignment after moving ion 3: {0: 5, 1: 3, 2: 4, 3: 6, 4: 24, 5: 18, 6: 10, 7: 9}
Clearing endpoint 5.........
Gate position gate updated to [3 4]--------------c
Trying to moving ion 4... to 4
Ion assignment after moving ion 4: {0: 20, 1: 3, 2: 4, 3: 6, 4: 24, 5: 18, 6: 10, 7: 9}
Trying to solve brute-force congestion at gate [20, 3] with {0: 20, 1: 3, 2: 4, 3: 6, 4: 24, 5: 18, 6: 10, 7: 9}
Trying to moving ion 3... to 3
Ion assignment after moving ion 3: {0: 20, 1: 3, 2: 4, 3: 6, 4: 24, 5: 18, 6: 10, 7: 9}
Gate position gate updated to [ 3 20]--------------c
Trying to moving ion 20... to 4
Ion assignment after moving ion 20: {0: 4, 1: 3, 2: 5, 3: 6, 4: 24, 5: 18, 6: 10, 7: 9}
Trying to solve brute-force congestion at gate [4, 3] with {0: 4, 1: 3, 2: 5, 3: 6, 4: 24, 5: 18, 6: 10, 7: 9}
Trying to moving ion 4... to 3
Ion assignment after moving ion 4: {0: 3, 1: 4, 2: 5, 3: 6, 4: 24, 5: 18, 6: 10, 7: 9}
Clearing endpoint 5.........
Gate position gate updated to [3 4]--------------c
Trying to moving ion 4... to 4
Ion assignment after moving ion 4: {0: 3, 1: 4, 2: 20, 3: 6, 4: 24, 5: 18, 6: 10, 7: 9}
Trying to solve brute-force congestion at gate [18, 10] with {0: 3, 1: 4, 2: 20, 3: 6, 4: 24, 5: 18, 6: 10, 7: 9}
Trying to moving ion 10... to 9
Ion assignment after moving ion 10: {0: 3, 1: 4, 2: 20, 3: 6, 4: 24, 5: 18, 6: 9, 7: 10}
Gate position gate updated to [ 9 18]--------------c
Trying to moving ion 18... to 10
Ion assignment after moving ion 18: {0: 3, 1: 4, 2: 20, 3: 6, 4: 22, 5: 10, 6: 9, 7: 11}
Trying to solve brute-force congestion at gate [10, 9] with {0: 3, 1: 4, 2: 20, 3: 6, 4: 22, 5: 10, 6: 9, 7: 11}
Trying to moving ion 10... to 9
Ion assignment after moving ion 10: {0: 3, 1: 4, 2: 20, 3: 6, 4: 22, 5: 9, 6: 10, 7: 11}
Clearing endpoint 11.........
Gate position gate updated to [ 9 10]--------------c
Trying to moving ion 10... to 10
Ion assignment after moving ion 10: {0: 3, 1: 4, 2: 20, 3: 6, 4: 22, 5: 9, 6: 10, 7: 23}
Trying to solve brute-force congestion at gate [10, 23] with {0: 3, 1: 4, 2: 20, 3: 6, 4: 22, 5: 9, 6: 10, 7: 23}
Trying to moving ion 10... to 9
Ion assignment after moving ion 10: {0: 3, 1: 4, 2: 20, 3: 6, 4: 22, 5: 10, 6: 9, 7: 23}
Gate position gate updated to [ 9 23]--------------c
Trying to moving ion 23... to 10
Ion assignment after moving ion 23: {0: 3, 1: 4, 2: 20, 3: 6, 4: 22, 5: 11, 6: 9, 7: 10}
Trying to solve brute-force congestion at gate [9, 10] with {0: 3, 1: 4, 2: 20, 3: 6, 4: 22, 5: 11, 6: 9, 7: 10}
Trying to moving ion 9... to 9
Ion assignment after moving ion 9: {0: 3, 1: 4, 2: 20, 3: 6, 4: 22, 5: 11, 6: 9, 7: 10}
Clearing endpoint 11.........
Gate position gate updated to [ 9 10]--------------c
Trying to moving ion 10... to 10
Ion assignment after moving ion 10: {0: 3, 1: 4, 2: 20, 3: 6, 4: 22, 5: 23, 6: 9, 7: 10}
Trying to solve brute-force congestion at gate [22, 23] with {0: 3, 1: 4, 2: 20, 3: 6, 4: 22, 5: 23, 6: 9, 7: 10}
Trying to moving ion 22... to 6
Ion assignment after moving ion 22: {0: 3, 1: 4, 2: 20, 3: 7, 4: 6, 5: 23, 6: 9, 7: 10}
Gate position gate updated to [ 6 23]--------------c
Trying to moving ion 23... to 7
Ion assignment after moving ion 23: {0: 3, 1: 4, 2: 20, 3: 8, 4: 6, 5: 7, 6: 9, 7: 10}
Trying to solve brute-force congestion at gate [6, 7] with {0: 3, 1: 4, 2: 20, 3: 8, 4: 6, 5: 7, 6: 9, 7: 10}
Trying to moving ion 6... to 6
Ion assignment after moving ion 6: {0: 3, 1: 4, 2: 20, 3: 8, 4: 6, 5: 7, 6: 9, 7: 10}
Clearing endpoint 8.........
Gate position gate updated to [6 7]--------------c
Trying to moving ion 7... to 7
Ion assignment after moving ion 7: {0: 3, 1: 4, 2: 20, 3: 22, 4: 6, 5: 7, 6: 9, 7: 10}
Trying to solve brute-force congestion at gate [7, 9] with {0: 3, 1: 4, 2: 20, 3: 22, 4: 6, 5: 7, 6: 9, 7: 10}
Trying to moving ion 9... to 9
Ion assignment after moving ion 9: {0: 3, 1: 4, 2: 20, 3: 22, 4: 6, 5: 7, 6: 9, 7: 10}
Gate position gate updated to [9 7]--------------c
Trying to moving ion 7... to 10
Ion assignment after moving ion 7: {0: 3, 1: 4, 2: 20, 3: 25, 4: 6, 5: 10, 6: 9, 7: 11}
Trying to solve brute-force congestion at gate [10, 9] with {0: 3, 1: 4, 2: 20, 3: 25, 4: 6, 5: 10, 6: 9, 7: 11}
Trying to moving ion 10... to 9
Ion assignment after moving ion 10: {0: 3, 1: 4, 2: 20, 3: 25, 4: 6, 5: 9, 6: 10, 7: 11}
Clearing endpoint 11.........
Gate position gate updated to [ 9 10]--------------c
Trying to moving ion 10... to 10
Ion assignment after moving ion 10: {0: 3, 1: 4, 2: 20, 3: 25, 4: 6, 5: 9, 6: 10, 7: 23}
Trying to solve brute-force congestion at gate [10, 23] with {0: 3, 1: 4, 2: 20, 3: 25, 4: 6, 5: 9, 6: 10, 7: 23}
Trying to moving ion 10... to 9
Ion assignment after moving ion 10: {0: 3, 1: 4, 2: 20, 3: 25, 4: 6, 5: 10, 6: 9, 7: 23}
Gate position gate updated to [ 9 23]--------------c
Trying to moving ion 23... to 10
Ion assignment after moving ion 23: {0: 3, 1: 4, 2: 20, 3: 25, 4: 6, 5: 11, 6: 9, 7: 10}
Trying to solve brute-force congestion at gate [9, 10] with {0: 3, 1: 4, 2: 20, 3: 25, 4: 6, 5: 11, 6: 9, 7: 10}
Trying to moving ion 9... to 9
Ion assignment after moving ion 9: {0: 3, 1: 4, 2: 20, 3: 25, 4: 6, 5: 11, 6: 9, 7: 10}
Clearing endpoint 11.........
Gate position gate updated to [ 9 10]--------------c
Trying to moving ion 10... to 10
Ion assignment after moving ion 10: {0: 3, 1: 4, 2: 20, 3: 25, 4: 6, 5: 23, 6: 9, 7: 10}
Trying to solve brute-force congestion at gate [25, 6] with {0: 3, 1: 4, 2: 20, 3: 25, 4: 6, 5: 23, 6: 9, 7: 10}
Trying to moving ion 6... to 6
Ion assignment after moving ion 6: {0: 3, 1: 4, 2: 20, 3: 25, 4: 6, 5: 23, 6: 9, 7: 10}
Gate position gate updated to [ 6 25]--------------c
Trying to moving ion 25... to 7
Ion assignment after moving ion 25: {0: 3, 1: 4, 2: 20, 3: 7, 4: 6, 5: 23, 6: 9, 7: 10}
Trying to solve brute-force congestion at gate [7, 6] with {0: 3, 1: 4, 2: 20, 3: 7, 4: 6, 5: 23, 6: 9, 7: 10}
Trying to moving ion 7... to 6
Ion assignment after moving ion 7: {0: 3, 1: 4, 2: 20, 3: 6, 4: 7, 5: 23, 6: 9, 7: 10}
Gate position gate updated to [6 7]--------------c
Trying to moving ion 7... to 7
Ion assignment after moving ion 7: {0: 3, 1: 4, 2: 20, 3: 6, 4: 7, 5: 23, 6: 9, 7: 10}
Trying to solve brute-force congestion at gate [7, 23] with {0: 3, 1: 4, 2: 20, 3: 6, 4: 7, 5: 23, 6: 9, 7: 10}
Trying to moving ion 7... to 6
Ion assignment after moving ion 7: {0: 3, 1: 4, 2: 20, 3: 7, 4: 6, 5: 23, 6: 9, 7: 10}
Gate position gate updated to [ 6 23]--------------c
Trying to moving ion 23... to 7
Ion assignment after moving ion 23: {0: 3, 1: 4, 2: 20, 3: 8, 4: 6, 5: 7, 6: 9, 7: 10}
Trying to solve brute-force congestion at gate [6, 7] with {0: 3, 1: 4, 2: 20, 3: 8, 4: 6, 5: 7, 6: 9, 7: 10}
Trying to moving ion 6... to 6
Ion assignment after moving ion 6: {0: 3, 1: 4, 2: 20, 3: 8, 4: 6, 5: 7, 6: 9, 7: 10}
Clearing endpoint 8.........
Gate position gate updated to [6 7]--------------c
Trying to moving ion 7... to 7
Ion assignment after moving ion 7: {0: 3, 1: 4, 2: 20, 3: 22, 4: 6, 5: 7, 6: 9, 7: 10}
Trying to solve brute-force congestion at gate [7, 9] with {0: 3, 1: 4, 2: 20, 3: 22, 4: 6, 5: 7, 6: 9, 7: 10}
Trying to moving ion 9... to 9
Ion assignment after moving ion 9: {0: 3, 1: 4, 2: 20, 3: 22, 4: 6, 5: 7, 6: 9, 7: 10}
Gate position gate updated to [9 7]--------------c
Trying to moving ion 7... to 10
Ion assignment after moving ion 7: {0: 3, 1: 4, 2: 20, 3: 25, 4: 6, 5: 10, 6: 9, 7: 11}
Trying to solve brute-force congestion at gate [10, 9] with {0: 3, 1: 4, 2: 20, 3: 25, 4: 6, 5: 10, 6: 9, 7: 11}
Trying to moving ion 10... to 9
Ion assignment after moving ion 10: {0: 3, 1: 4, 2: 20, 3: 25, 4: 6, 5: 9, 6: 10, 7: 11}
Clearing endpoint 11.........
Gate position gate updated to [ 9 10]--------------c
Trying to moving ion 10... to 10
Ion assignment after moving ion 10: {0: 3, 1: 4, 2: 20, 3: 25, 4: 6, 5: 9, 6: 10, 7: 23}
Trying to solve brute-force congestion at gate [10, 23] with {0: 3, 1: 4, 2: 20, 3: 25, 4: 6, 5: 9, 6: 10, 7: 23}
Trying to moving ion 10... to 9
Ion assignment after moving ion 10: {0: 3, 1: 4, 2: 20, 3: 25, 4: 6, 5: 10, 6: 9, 7: 23}
Gate position gate updated to [ 9 23]--------------c
Trying to moving ion 23... to 10
Ion assignment after moving ion 23: {0: 3, 1: 4, 2: 20, 3: 25, 4: 6, 5: 11, 6: 9, 7: 10}
Trying to solve brute-force congestion at gate [9, 10] with {0: 3, 1: 4, 2: 20, 3: 25, 4: 6, 5: 11, 6: 9, 7: 10}
Trying to moving ion 9... to 9
Ion assignment after moving ion 9: {0: 3, 1: 4, 2: 20, 3: 25, 4: 6, 5: 11, 6: 9, 7: 10}
Clearing endpoint 11.........
Gate position gate updated to [ 9 10]--------------c
Trying to moving ion 10... to 10
Ion assignment after moving ion 10: {0: 3, 1: 4, 2: 20, 3: 25, 4: 6, 5: 23, 6: 9, 7: 10}
Trying to solve brute-force congestion at gate [20, 25] with {0: 3, 1: 4, 2: 20, 3: 25, 4: 6, 5: 23, 6: 9, 7: 10}
Trying to moving ion 20... to 12
Ion assignment after moving ion 20: {0: 3, 1: 4, 2: 12, 3: 25, 4: 6, 5: 23, 6: 9, 7: 10}
Gate position gate updated to [12 25]--------------c
Trying to moving ion 25... to 13
Ion assignment after moving ion 25: {0: 3, 1: 4, 2: 12, 3: 13, 4: 6, 5: 23, 6: 9, 7: 10}
Trying to solve brute-force congestion at gate [12, 13] with {0: 3, 1: 4, 2: 12, 3: 13, 4: 6, 5: 23, 6: 9, 7: 10}
Trying to moving ion 12... to 12
Ion assignment after moving ion 12: {0: 3, 1: 4, 2: 12, 3: 13, 4: 6, 5: 23, 6: 9, 7: 10}
Gate position gate updated to [12 13]--------------c
Trying to moving ion 13... to 13
Ion assignment after moving ion 13: {0: 3, 1: 4, 2: 12, 3: 13, 4: 6, 5: 23, 6: 9, 7: 10}
Trying to solve brute-force congestion at gate [4, 12] with {0: 3, 1: 4, 2: 12, 3: 13, 4: 6, 5: 23, 6: 9, 7: 10}
Trying to moving ion 12... to 12
Ion assignment after moving ion 12: {0: 3, 1: 4, 2: 12, 3: 13, 4: 6, 5: 23, 6: 9, 7: 10}
Gate position gate updated to [12  4]--------------c
Trying to moving ion 4... to 13
Ion assignment after moving ion 4: {0: 3, 1: 13, 2: 12, 3: 14, 4: 6, 5: 23, 6: 9, 7: 10}
Trying to solve brute-force congestion at gate [14, 6] with {0: 3, 1: 13, 2: 12, 3: 14, 4: 6, 5: 23, 6: 9, 7: 10}
Trying to moving ion 6... to 6
Ion assignment after moving ion 6: {0: 3, 1: 13, 2: 12, 3: 14, 4: 6, 5: 23, 6: 9, 7: 10}
Gate position gate updated to [ 6 14]--------------c
Trying to moving ion 14... to 7
Ion assignment after moving ion 14: {0: 3, 1: 13, 2: 12, 3: 7, 4: 6, 5: 23, 6: 9, 7: 10}
Trying to solve brute-force congestion at gate [7, 6] with {0: 3, 1: 13, 2: 12, 3: 7, 4: 6, 5: 23, 6: 9, 7: 10}
Trying to moving ion 7... to 6
Ion assignment after moving ion 7: {0: 3, 1: 13, 2: 12, 3: 6, 4: 7, 5: 23, 6: 9, 7: 10}
Gate position gate updated to [6 7]--------------c
Trying to moving ion 7... to 7
Ion assignment after moving ion 7: {0: 3, 1: 13, 2: 12, 3: 6, 4: 7, 5: 23, 6: 9, 7: 10}
Trying to solve brute-force congestion at gate [3, 13] with {0: 3, 1: 13, 2: 12, 3: 6, 4: 7, 5: 23, 6: 9, 7: 10}
Trying to moving ion 3... to 3
Ion assignment after moving ion 3: {0: 3, 1: 13, 2: 12, 3: 6, 4: 7, 5: 23, 6: 9, 7: 10}
Gate position gate updated to [ 3 13]--------------c
Trying to moving ion 13... to 4
Ion assignment after moving ion 13: {0: 3, 1: 4, 2: 12, 3: 6, 4: 7, 5: 23, 6: 9, 7: 10}
Trying to solve brute-force congestion at gate [12, 6] with {0: 3, 1: 4, 2: 12, 3: 6, 4: 7, 5: 23, 6: 9, 7: 10}
Trying to moving ion 6... to 6
Ion assignment after moving ion 6: {0: 3, 1: 4, 2: 12, 3: 6, 4: 7, 5: 23, 6: 9, 7: 10}
Gate position gate updated to [ 6 12]--------------c
Trying to moving ion 12... to 7
Ion assignment after moving ion 12: {0: 3, 1: 4, 2: 7, 3: 6, 4: 8, 5: 23, 6: 9, 7: 10}
Trying to solve brute-force congestion at gate [7, 6] with {0: 3, 1: 4, 2: 7, 3: 6, 4: 8, 5: 23, 6: 9, 7: 10}
Trying to moving ion 7... to 6
Ion assignment after moving ion 7: {0: 3, 1: 4, 2: 6, 3: 7, 4: 8, 5: 23, 6: 9, 7: 10}
Clearing endpoint 8.........
Gate position gate updated to [6 7]--------------c
Trying to moving ion 7... to 7
Ion assignment after moving ion 7: {0: 3, 1: 4, 2: 6, 3: 7, 4: 22, 5: 23, 6: 9, 7: 10}
Trying to solve brute-force congestion at gate [22, 23] with {0: 3, 1: 4, 2: 6, 3: 7, 4: 22, 5: 23, 6: 9, 7: 10}
Trying to moving ion 22... to 6
Ion assignment after moving ion 22: {0: 3, 1: 4, 2: 7, 3: 8, 4: 6, 5: 23, 6: 9, 7: 10}
Clearing endpoint 8.........
Gate position gate updated to [ 6 23]--------------c
Trying to moving ion 23... to 7
Ion assignment after moving ion 23: {0: 3, 1: 4, 2: 8, 3: 25, 4: 6, 5: 7, 6: 9, 7: 10}
Trying to solve brute-force congestion at gate [6, 7] with {0: 3, 1: 4, 2: 8, 3: 25, 4: 6, 5: 7, 6: 9, 7: 10}
Trying to moving ion 6... to 6
Ion assignment after moving ion 6: {0: 3, 1: 4, 2: 8, 3: 25, 4: 6, 5: 7, 6: 9, 7: 10}
Clearing endpoint 8.........
Gate position gate updated to [6 7]--------------c
Trying to moving ion 7... to 7
Ion assignment after moving ion 7: {0: 3, 1: 4, 2: 22, 3: 25, 4: 6, 5: 7, 6: 9, 7: 10}
Executing gate at point (0, 4).
Executing gate at point (0, 6).
Executing gate at point (0, 0).
Executing gate at point (1, 4).
Executing gate at point (1, 0).
Executing gate at point (1, 6).
Best move: (7, 8)
Best move: (9, 10)
Best move: (22, 23)
Best move: (8, 22)
Best move: (9, 10)
Best move: (9, 10)
Best move: (21, 25)
Best move: (23, 25)
Try bruteforce due to multiple steps (8) to solve one gate
Trying to solve brute-force congestion at gate [25, 21] with {0: 3, 1: 4, 2: 25, 3: 21, 4: 6, 5: 22, 6: 10, 7: 9}
Trying to moving ion 21... to 12
Ion assignment after moving ion 21: {0: 3, 1: 4, 2: 25, 3: 12, 4: 6, 5: 22, 6: 10, 7: 9}
Gate position gate updated to [12 25]--------------c
Trying to moving ion 25... to 13
Ion assignment after moving ion 25: {0: 3, 1: 4, 2: 13, 3: 12, 4: 6, 5: 22, 6: 10, 7: 9}
Executing gate at point (0, 2).
Executing gate at point (1, 2).
Best move: (22, 23)
Best move: (11, 23)
Executing gate at point (2, 5).
Executing gate at point (3, 5).
Executing gate at point (4, 6).
Executing gate at point (5, 6).
Best move: (6, 7)
Best move: (4, 5)
Best move: (5, 20)
Best move: (20, 21)
Best move: (14, 21)
Executing gate at point (2, 1).
Executing gate at point (3, 1).
Best move: (14, 21)
Best move: (7, 8)
Best move: (8, 22)
Best move: (22, 25)
Best move: (12, 13)
Best move: (12, 13)
Best move: (12, 13)
Try bruteforce due to repeated pattern...
Trying to solve brute-force congestion at gate [13, 25] with {0: 3, 1: 21, 2: 12, 3: 13, 4: 25, 5: 11, 6: 10, 7: 9}
Trying to moving ion 13... to 12
Ion assignment after moving ion 13: {0: 3, 1: 21, 2: 13, 3: 12, 4: 25, 5: 11, 6: 10, 7: 9}
Gate position gate updated to [12 25]--------------c
Trying to moving ion 25... to 13
Ion assignment after moving ion 25: {0: 3, 1: 24, 2: 14, 3: 12, 4: 13, 5: 11, 6: 10, 7: 9}
Executing gate at point (2, 3).
Executing gate at point (3, 3).
Executing gate at point (4, 2).
Executing gate at point (5, 2).
Best move: (20, 24)
Best move: (5, 20)
Executing gate at point (4, 0).
Executing gate at point (5, 0).
Best move: (14, 21)
Best move: (20, 21)
Best move: (11, 23)
Best move: (23, 25)
Best move: (21, 25)
Best move: (4, 5)
Best move: (5, 20)
Executing gate at point (6, 1).
Executing gate at point (7, 1).
Executing gate at point (8, 0).
Executing gate at point (9, 0).
Best move: (14, 21)
Executing gate at point (4, 4).
Executing gate at point (5, 4).
Executing gate at point (6, 3).
Executing gate at point (7, 3).
Best move: (14, 21)
Best move: (5, 20)
Best move: (12, 13)
Best move: (12, 13)
Best move: (12, 13)
Try bruteforce due to repeated pattern...
Trying to solve brute-force congestion at gate [20, 13] with {0: 3, 1: 4, 2: 20, 3: 13, 4: 12, 5: 21, 6: 10, 7: 9}
Trying to moving ion 13... to 12
Ion assignment after moving ion 13: {0: 3, 1: 4, 2: 20, 3: 12, 4: 13, 5: 21, 6: 10, 7: 9}
Gate position gate updated to [12 20]--------------c
Trying to moving ion 20... to 13
Ion assignment after moving ion 20: {0: 3, 1: 4, 2: 13, 3: 12, 4: 14, 5: 24, 6: 10, 7: 9}
Executing gate at point (8, 2).
Executing gate at point (9, 2).
Best move: (24, 25)
Best move: (23, 25)
Best move: (11, 23)
Executing gate at point (6, 5).
Executing gate at point (7, 5).
Executing gate at point (8, 6).
Executing gate at point (9, 6).
Best move: (11, 23)
Best move: (14, 21)
Best move: (21, 25)
Best move: (22, 23)
Best move: (22, 23)
Best move: (22, 23)
Try bruteforce due to repeated pattern...
Trying to solve brute-force congestion at gate [25, 22] with {0: 3, 1: 4, 2: 13, 3: 12, 4: 25, 5: 22, 6: 10, 7: 9}
Trying to moving ion 22... to 6
Ion assignment after moving ion 22: {0: 3, 1: 4, 2: 13, 3: 12, 4: 25, 5: 6, 6: 10, 7: 9}
Gate position gate updated to [ 6 25]--------------c
Trying to moving ion 25... to 7
Ion assignment after moving ion 25: {0: 3, 1: 4, 2: 13, 3: 12, 4: 7, 5: 6, 6: 10, 7: 9}
Executing gate at point (8, 4).
Executing gate at point (9, 4).
Best move: (4, 5)
Best move: (5, 20)
Best move: (20, 21)
Best move: (14, 21)
Executing gate at point (10, 1).
Executing gate at point (11, 1).
Best move: (14, 21)
Best move: (20, 21)
Best move: (5, 20)
Executing gate at point (12, 0).
Executing gate at point (13, 0).
Best move: (10, 11)
Best move: (11, 23)
Best move: (22, 23)
Best move: (8, 22)
Executing gate at point (10, 5).
Executing gate at point (11, 5).
Best move: (8, 22)
Best move: (22, 23)
Best move: (11, 23)
Executing gate at point (12, 6).
Executing gate at point (13, 6).
Best move: (7, 8)
Best move: (8, 22)
Best move: (22, 25)
Best move: (21, 25)
Best move: (14, 21)
Executing gate at point (10, 3).
Executing gate at point (11, 3).
Executing gate at point (12, 2).
Executing gate at point (13, 2).
Best move: (14, 21)
Best move: (21, 25)
Best move: (22, 25)
Best move: (8, 22)
Executing gate at point (12, 4).
Executing gate at point (13, 4).
Best move: (11, 23)
Best move: (5, 20)
Best move: (8, 22)
Best move: (22, 25)
Best move: (22, 23)
Best move: (8, 22)
Executing gate at point (14, 5).
Executing gate at point (15, 5).
Best move: (21, 25)
Best move: (12, 13)
Best move: (12, 13)
Best move: (20, 24)
Best move: (20, 24)
Best move: (20, 24)
Try bruteforce due to repeated pattern...
Trying to solve brute-force congestion at gate [24, 13] with {0: 3, 1: 24, 2: 13, 3: 12, 4: 21, 5: 6, 6: 8, 7: 9}
Trying to moving ion 13... to 12
Ion assignment after moving ion 13: {0: 3, 1: 24, 2: 12, 3: 13, 4: 21, 5: 6, 6: 8, 7: 9}
Gate position gate updated to [12 24]--------------c
Trying to moving ion 24... to 13
Ion assignment after moving ion 24: {0: 3, 1: 13, 2: 12, 3: 14, 4: 20, 5: 6, 6: 8, 7: 9}
Executing gate at point (14, 1).
Executing gate at point (15, 1).
Best move: (14, 21)
Best move: (5, 20)
Best move: (20, 21)
Best move: (4, 5)
Best move: (5, 20)
Executing gate at point (14, 3).
Executing gate at point (15, 3).
Trying to solve brute-force congestion at gate [4, 6] with {0: 3, 1: 21, 2: 12, 3: 13, 4: 4, 5: 6, 6: 11, 7: 9}
Trying to moving ion 6... to 6
Ion assignment after moving ion 6: {0: 3, 1: 21, 2: 12, 3: 13, 4: 4, 5: 6, 6: 11, 7: 9}
Gate position gate updated to [6 4]--------------c
Trying to moving ion 4... to 7
Ion assignment after moving ion 4: {0: 3, 1: 21, 2: 12, 3: 13, 4: 7, 5: 6, 6: 11, 7: 9}
Trying to solve brute-force congestion at gate [7, 6] with {0: 3, 1: 21, 2: 12, 3: 13, 4: 7, 5: 6, 6: 11, 7: 9}
Trying to moving ion 7... to 6
Ion assignment after moving ion 7: {0: 3, 1: 21, 2: 12, 3: 13, 4: 6, 5: 7, 6: 11, 7: 9}
Gate position gate updated to [6 7]--------------c
Trying to moving ion 7... to 7
Ion assignment after moving ion 7: {0: 3, 1: 21, 2: 12, 3: 13, 4: 6, 5: 7, 6: 11, 7: 9}
Trying to solve brute-force congestion at gate [13, 6] with {0: 3, 1: 21, 2: 12, 3: 13, 4: 6, 5: 7, 6: 11, 7: 9}
Trying to moving ion 6... to 6
Ion assignment after moving ion 6: {0: 3, 1: 21, 2: 12, 3: 13, 4: 6, 5: 7, 6: 11, 7: 9}
Gate position gate updated to [ 6 13]--------------c
Trying to moving ion 13... to 7
Ion assignment after moving ion 13: {0: 3, 1: 24, 2: 12, 3: 7, 4: 6, 5: 8, 6: 11, 7: 9}
Trying to solve brute-force congestion at gate [3, 24] with {0: 3, 1: 24, 2: 12, 3: 7, 4: 6, 5: 8, 6: 11, 7: 9}
Trying to moving ion 3... to 3
Ion assignment after moving ion 3: {0: 3, 1: 24, 2: 12, 3: 7, 4: 6, 5: 8, 6: 11, 7: 9}
Gate position gate updated to [ 3 24]--------------c
Trying to moving ion 24... to 4
Ion assignment after moving ion 24: {0: 3, 1: 4, 2: 12, 3: 7, 4: 6, 5: 8, 6: 11, 7: 9}
Trying to solve brute-force congestion at gate [3, 4] with {0: 3, 1: 4, 2: 12, 3: 7, 4: 6, 5: 8, 6: 11, 7: 9}
Trying to moving ion 3... to 3
Ion assignment after moving ion 3: {0: 3, 1: 4, 2: 12, 3: 7, 4: 6, 5: 8, 6: 11, 7: 9}
Gate position gate updated to [3 4]--------------c
Trying to moving ion 4... to 4
Ion assignment after moving ion 4: {0: 3, 1: 4, 2: 12, 3: 7, 4: 6, 5: 8, 6: 11, 7: 9}
Trying to solve brute-force congestion at gate [4, 12] with {0: 3, 1: 4, 2: 12, 3: 7, 4: 6, 5: 8, 6: 11, 7: 9}
Trying to moving ion 12... to 12
Ion assignment after moving ion 12: {0: 3, 1: 4, 2: 12, 3: 7, 4: 6, 5: 8, 6: 11, 7: 9}
Gate position gate updated to [12  4]--------------c
Trying to moving ion 4... to 13
Ion assignment after moving ion 4: {0: 3, 1: 13, 2: 12, 3: 7, 4: 6, 5: 8, 6: 11, 7: 9}
Trying to solve brute-force congestion at gate [13, 12] with {0: 3, 1: 13, 2: 12, 3: 7, 4: 6, 5: 8, 6: 11, 7: 9}
Trying to moving ion 13... to 12
Ion assignment after moving ion 13: {0: 3, 1: 12, 2: 13, 3: 7, 4: 6, 5: 8, 6: 11, 7: 9}
Gate position gate updated to [12 13]--------------c
Trying to moving ion 13... to 13
Ion assignment after moving ion 13: {0: 3, 1: 12, 2: 13, 3: 7, 4: 6, 5: 8, 6: 11, 7: 9}
Trying to solve brute-force congestion at gate [3, 12] with {0: 3, 1: 12, 2: 13, 3: 7, 4: 6, 5: 8, 6: 11, 7: 9}
Trying to moving ion 12... to 12
Ion assignment after moving ion 12: {0: 3, 1: 12, 2: 13, 3: 7, 4: 6, 5: 8, 6: 11, 7: 9}
Gate position gate updated to [12  3]--------------c
Trying to moving ion 3... to 13
Ion assignment after moving ion 3: {0: 13, 1: 12, 2: 14, 3: 7, 4: 6, 5: 8, 6: 11, 7: 9}
Trying to solve brute-force congestion at gate [14, 7] with {0: 13, 1: 12, 2: 14, 3: 7, 4: 6, 5: 8, 6: 11, 7: 9}
Trying to moving ion 7... to 6
Ion assignment after moving ion 7: {0: 13, 1: 12, 2: 14, 3: 6, 4: 7, 5: 8, 6: 11, 7: 9}
Clearing endpoint 8.........
Gate position gate updated to [ 6 14]--------------c
Trying to moving ion 14... to 7
Ion assignment after moving ion 14: {0: 13, 1: 12, 2: 7, 3: 6, 4: 8, 5: 23, 6: 11, 7: 9}
Trying to solve brute-force congestion at gate [7, 6] with {0: 13, 1: 12, 2: 7, 3: 6, 4: 8, 5: 23, 6: 11, 7: 9}
Trying to moving ion 7... to 6
Ion assignment after moving ion 7: {0: 13, 1: 12, 2: 6, 3: 7, 4: 8, 5: 23, 6: 11, 7: 9}
Clearing endpoint 8.........
Gate position gate updated to [6 7]--------------c
Trying to moving ion 7... to 7
Ion assignment after moving ion 7: {0: 13, 1: 12, 2: 6, 3: 7, 4: 22, 5: 23, 6: 11, 7: 9}
Trying to solve brute-force congestion at gate [12, 6] with {0: 13, 1: 12, 2: 6, 3: 7, 4: 22, 5: 23, 6: 11, 7: 9}
Trying to moving ion 6... to 6
Ion assignment after moving ion 6: {0: 13, 1: 12, 2: 6, 3: 7, 4: 22, 5: 23, 6: 11, 7: 9}
Gate position gate updated to [ 6 12]--------------c
Trying to moving ion 12... to 7
Ion assignment after moving ion 12: {0: 12, 1: 7, 2: 6, 3: 8, 4: 23, 5: 11, 6: 10, 7: 9}
Trying to solve brute-force congestion at gate [7, 6] with {0: 12, 1: 7, 2: 6, 3: 8, 4: 23, 5: 11, 6: 10, 7: 9}
Trying to moving ion 7... to 6
Ion assignment after moving ion 7: {0: 12, 1: 6, 2: 7, 3: 8, 4: 23, 5: 11, 6: 10, 7: 9}
Clearing endpoint 8.........
Gate position gate updated to [6 7]--------------c
Trying to moving ion 7... to 7
Ion assignment after moving ion 7: {0: 12, 1: 6, 2: 7, 3: 22, 4: 23, 5: 11, 6: 10, 7: 9}
Trying to solve brute-force congestion at gate [10, 9] with {0: 12, 1: 6, 2: 7, 3: 22, 4: 23, 5: 11, 6: 10, 7: 9}
Trying to moving ion 10... to 9
Ion assignment after moving ion 10: {0: 12, 1: 6, 2: 7, 3: 22, 4: 23, 5: 11, 6: 9, 7: 10}
Clearing endpoint 11.........
Gate position gate updated to [ 9 10]--------------c
Trying to moving ion 10... to 10
Ion assignment after moving ion 10: {0: 12, 1: 6, 2: 7, 3: 22, 4: 25, 5: 23, 6: 9, 7: 10}
Trying to solve brute-force congestion at gate [12, 6] with {0: 12, 1: 6, 2: 7, 3: 22, 4: 25, 5: 23, 6: 9, 7: 10}
Trying to moving ion 6... to 6
Ion assignment after moving ion 6: {0: 12, 1: 6, 2: 7, 3: 22, 4: 25, 5: 23, 6: 9, 7: 10}
Gate position gate updated to [ 6 12]--------------c
Trying to moving ion 12... to 7
Ion assignment after moving ion 12: {0: 7, 1: 6, 2: 8, 3: 23, 4: 24, 5: 11, 6: 9, 7: 10}
Trying to solve brute-force congestion at gate [7, 6] with {0: 7, 1: 6, 2: 8, 3: 23, 4: 24, 5: 11, 6: 9, 7: 10}
Trying to moving ion 7... to 6
Ion assignment after moving ion 7: {0: 6, 1: 7, 2: 8, 3: 23, 4: 24, 5: 11, 6: 9, 7: 10}
Clearing endpoint 8.........
Gate position gate updated to [6 7]--------------c
Trying to moving ion 7... to 7
Ion assignment after moving ion 7: {0: 6, 1: 7, 2: 22, 3: 23, 4: 24, 5: 11, 6: 9, 7: 10}
Trying to solve brute-force congestion at gate [24, 11] with {0: 6, 1: 7, 2: 22, 3: 23, 4: 24, 5: 11, 6: 9, 7: 10}
Trying to moving ion 11... to 9
Ion assignment after moving ion 11: {0: 6, 1: 7, 2: 22, 3: 23, 4: 24, 5: 9, 6: 10, 7: 11}
Clearing endpoint 11.........
Gate position gate updated to [ 9 24]--------------c
Trying to moving ion 24... to 10
Ion assignment after moving ion 24: {0: 6, 1: 7, 2: 8, 3: 20, 4: 10, 5: 9, 6: 11, 7: 22}
Trying to solve brute-force congestion at gate [10, 9] with {0: 6, 1: 7, 2: 8, 3: 20, 4: 10, 5: 9, 6: 11, 7: 22}
Trying to moving ion 10... to 9
Ion assignment after moving ion 10: {0: 6, 1: 7, 2: 8, 3: 20, 4: 9, 5: 10, 6: 11, 7: 22}
Clearing endpoint 11.........
Gate position gate updated to [ 9 10]--------------c
Trying to moving ion 10... to 10
Ion assignment after moving ion 10: {0: 6, 1: 7, 2: 8, 3: 20, 4: 9, 5: 10, 6: 23, 7: 22}
Trying to solve brute-force congestion at gate [10, 23] with {0: 6, 1: 7, 2: 8, 3: 20, 4: 9, 5: 10, 6: 23, 7: 22}
Trying to moving ion 10... to 9
Ion assignment after moving ion 10: {0: 6, 1: 7, 2: 8, 3: 20, 4: 10, 5: 9, 6: 23, 7: 22}
Gate position gate updated to [ 9 23]--------------c
Trying to moving ion 23... to 10
Ion assignment after moving ion 23: {0: 6, 1: 7, 2: 8, 3: 20, 4: 11, 5: 9, 6: 10, 7: 22}
Trying to solve brute-force congestion at gate [9, 10] with {0: 6, 1: 7, 2: 8, 3: 20, 4: 11, 5: 9, 6: 10, 7: 22}
Trying to moving ion 9... to 9
Ion assignment after moving ion 9: {0: 6, 1: 7, 2: 8, 3: 20, 4: 11, 5: 9, 6: 10, 7: 22}
Clearing endpoint 11.........
Gate position gate updated to [ 9 10]--------------c
Trying to moving ion 10... to 10
Ion assignment after moving ion 10: {0: 6, 1: 7, 2: 8, 3: 20, 4: 23, 5: 9, 6: 10, 7: 22}
Trying to solve brute-force congestion at gate [10, 22] with {0: 6, 1: 7, 2: 8, 3: 20, 4: 23, 5: 9, 6: 10, 7: 22}
Trying to moving ion 10... to 9
Ion assignment after moving ion 10: {0: 6, 1: 7, 2: 8, 3: 20, 4: 23, 5: 10, 6: 9, 7: 22}
Gate position gate updated to [ 9 22]--------------c
Trying to moving ion 22... to 10
Ion assignment after moving ion 22: {0: 6, 1: 7, 2: 8, 3: 20, 4: 25, 5: 11, 6: 9, 7: 10}
Trying to solve brute-force congestion at gate [9, 10] with {0: 6, 1: 7, 2: 8, 3: 20, 4: 25, 5: 11, 6: 9, 7: 10}
Trying to moving ion 9... to 9
Ion assignment after moving ion 9: {0: 6, 1: 7, 2: 8, 3: 20, 4: 25, 5: 11, 6: 9, 7: 10}
Clearing endpoint 11.........
Gate position gate updated to [ 9 10]--------------c
Trying to moving ion 10... to 10
Ion assignment after moving ion 10: {0: 6, 1: 7, 2: 8, 3: 20, 4: 25, 5: 23, 6: 9, 7: 10}
Trying to solve brute-force congestion at gate [20, 25] with {0: 6, 1: 7, 2: 8, 3: 20, 4: 25, 5: 23, 6: 9, 7: 10}
Trying to moving ion 20... to 3
Ion assignment after moving ion 20: {0: 6, 1: 7, 2: 8, 3: 3, 4: 25, 5: 23, 6: 9, 7: 10}
Gate position gate updated to [ 3 25]--------------c
Trying to moving ion 25... to 4
Ion assignment after moving ion 25: {0: 6, 1: 7, 2: 8, 3: 3, 4: 4, 5: 23, 6: 9, 7: 10}
Trying to solve brute-force congestion at gate [3, 4] with {0: 6, 1: 7, 2: 8, 3: 3, 4: 4, 5: 23, 6: 9, 7: 10}
Trying to moving ion 3... to 3
Ion assignment after moving ion 3: {0: 6, 1: 7, 2: 8, 3: 3, 4: 4, 5: 23, 6: 9, 7: 10}
Gate position gate updated to [3 4]--------------c
Trying to moving ion 4... to 4
Ion assignment after moving ion 4: {0: 6, 1: 7, 2: 8, 3: 3, 4: 4, 5: 23, 6: 9, 7: 10}
Trying to solve brute-force congestion at gate [4, 23] with {0: 6, 1: 7, 2: 8, 3: 3, 4: 4, 5: 23, 6: 9, 7: 10}
Trying to moving ion 4... to 3
Ion assignment after moving ion 4: {0: 6, 1: 7, 2: 8, 3: 4, 4: 3, 5: 23, 6: 9, 7: 10}
Gate position gate updated to [ 3 23]--------------c
Trying to moving ion 23... to 4
Ion assignment after moving ion 23: {0: 6, 1: 7, 2: 8, 3: 5, 4: 3, 5: 4, 6: 9, 7: 10}
Trying to solve brute-force congestion at gate [3, 4] with {0: 6, 1: 7, 2: 8, 3: 5, 4: 3, 5: 4, 6: 9, 7: 10}
Trying to moving ion 3... to 3
Ion assignment after moving ion 3: {0: 6, 1: 7, 2: 8, 3: 5, 4: 3, 5: 4, 6: 9, 7: 10}
Clearing endpoint 5.........
Gate position gate updated to [3 4]--------------c
Trying to moving ion 4... to 4
Ion assignment after moving ion 4: {0: 6, 1: 7, 2: 8, 3: 20, 4: 3, 5: 4, 6: 9, 7: 10}
Trying to solve brute-force congestion at gate [4, 9] with {0: 6, 1: 7, 2: 8, 3: 20, 4: 3, 5: 4, 6: 9, 7: 10}
Trying to moving ion 9... to 9
Ion assignment after moving ion 9: {0: 6, 1: 7, 2: 8, 3: 20, 4: 3, 5: 4, 6: 9, 7: 10}
Gate position gate updated to [9 4]--------------c
Trying to moving ion 4... to 10
Ion assignment after moving ion 4: {0: 6, 1: 7, 2: 8, 3: 24, 4: 3, 5: 10, 6: 9, 7: 11}
Trying to solve brute-force congestion at gate [10, 9] with {0: 6, 1: 7, 2: 8, 3: 24, 4: 3, 5: 10, 6: 9, 7: 11}
Trying to moving ion 10... to 9
Ion assignment after moving ion 10: {0: 6, 1: 7, 2: 8, 3: 24, 4: 3, 5: 9, 6: 10, 7: 11}
Clearing endpoint 11.........
Gate position gate updated to [ 9 10]--------------c
Trying to moving ion 10... to 10
Ion assignment after moving ion 10: {0: 6, 1: 7, 2: 8, 3: 24, 4: 3, 5: 9, 6: 10, 7: 23}
Trying to solve brute-force congestion at gate [10, 23] with {0: 6, 1: 7, 2: 8, 3: 24, 4: 3, 5: 9, 6: 10, 7: 23}
Trying to moving ion 10... to 9
Ion assignment after moving ion 10: {0: 6, 1: 7, 2: 8, 3: 24, 4: 3, 5: 10, 6: 9, 7: 23}
Gate position gate updated to [ 9 23]--------------c
Trying to moving ion 23... to 10
Ion assignment after moving ion 23: {0: 6, 1: 7, 2: 8, 3: 24, 4: 3, 5: 11, 6: 9, 7: 10}
Trying to solve brute-force congestion at gate [9, 10] with {0: 6, 1: 7, 2: 8, 3: 24, 4: 3, 5: 11, 6: 9, 7: 10}
Trying to moving ion 9... to 9
Ion assignment after moving ion 9: {0: 6, 1: 7, 2: 8, 3: 24, 4: 3, 5: 11, 6: 9, 7: 10}
Clearing endpoint 11.........
Gate position gate updated to [ 9 10]--------------c
Trying to moving ion 10... to 10
Ion assignment after moving ion 10: {0: 6, 1: 7, 2: 8, 3: 24, 4: 3, 5: 23, 6: 9, 7: 10}
Trying to solve brute-force congestion at gate [8, 24] with {0: 6, 1: 7, 2: 8, 3: 24, 4: 3, 5: 23, 6: 9, 7: 10}
Trying to moving ion 8... to 6
Ion assignment after moving ion 8: {0: 7, 1: 8, 2: 6, 3: 24, 4: 3, 5: 23, 6: 9, 7: 10}
Clearing endpoint 8.........
Gate position gate updated to [ 6 24]--------------c
Trying to moving ion 24... to 7
Ion assignment after moving ion 24: {0: 8, 1: 23, 2: 6, 3: 7, 4: 3, 5: 11, 6: 9, 7: 10}
Trying to solve brute-force congestion at gate [6, 7] with {0: 8, 1: 23, 2: 6, 3: 7, 4: 3, 5: 11, 6: 9, 7: 10}
Trying to moving ion 6... to 6
Ion assignment after moving ion 6: {0: 8, 1: 23, 2: 6, 3: 7, 4: 3, 5: 11, 6: 9, 7: 10}
Clearing endpoint 8.........
Gate position gate updated to [6 7]--------------c
Trying to moving ion 7... to 7
Ion assignment after moving ion 7: {0: 22, 1: 23, 2: 6, 3: 7, 4: 3, 5: 11, 6: 9, 7: 10}
Trying to solve brute-force congestion at gate [23, 6] with {0: 22, 1: 23, 2: 6, 3: 7, 4: 3, 5: 11, 6: 9, 7: 10}
Trying to moving ion 6... to 6
Ion assignment after moving ion 6: {0: 22, 1: 23, 2: 6, 3: 7, 4: 3, 5: 11, 6: 9, 7: 10}
Gate position gate updated to [ 6 23]--------------c
Trying to moving ion 23... to 7
Ion assignment after moving ion 23: {0: 25, 1: 7, 2: 6, 3: 8, 4: 3, 5: 11, 6: 9, 7: 10}
Trying to solve brute-force congestion at gate [8, 3] with {0: 25, 1: 7, 2: 6, 3: 8, 4: 3, 5: 11, 6: 9, 7: 10}
Trying to moving ion 3... to 3
Ion assignment after moving ion 3: {0: 25, 1: 7, 2: 6, 3: 8, 4: 3, 5: 11, 6: 9, 7: 10}
Gate position gate updated to [3 8]--------------c
Trying to moving ion 8... to 4
Ion assignment after moving ion 8: {0: 24, 1: 7, 2: 6, 3: 4, 4: 3, 5: 11, 6: 9, 7: 10}
Trying to solve brute-force congestion at gate [4, 3] with {0: 24, 1: 7, 2: 6, 3: 4, 4: 3, 5: 11, 6: 9, 7: 10}
Trying to moving ion 4... to 3
Ion assignment after moving ion 4: {0: 24, 1: 7, 2: 6, 3: 3, 4: 4, 5: 11, 6: 9, 7: 10}
Gate position gate updated to [3 4]--------------c
Trying to moving ion 4... to 4
Ion assignment after moving ion 4: {0: 24, 1: 7, 2: 6, 3: 3, 4: 4, 5: 11, 6: 9, 7: 10}
Trying to solve brute-force congestion at gate [24, 7] with {0: 24, 1: 7, 2: 6, 3: 3, 4: 4, 5: 11, 6: 9, 7: 10}
Trying to moving ion 7... to 6
Ion assignment after moving ion 7: {0: 24, 1: 6, 2: 7, 3: 3, 4: 4, 5: 11, 6: 9, 7: 10}
Gate position gate updated to [ 6 24]--------------c
Trying to moving ion 24... to 7
Ion assignment after moving ion 24: {0: 7, 1: 6, 2: 8, 3: 3, 4: 4, 5: 11, 6: 9, 7: 10}
Trying to solve brute-force congestion at gate [8, 3] with {0: 7, 1: 6, 2: 8, 3: 3, 4: 4, 5: 11, 6: 9, 7: 10}
Trying to moving ion 3... to 3
Ion assignment after moving ion 3: {0: 7, 1: 6, 2: 8, 3: 3, 4: 4, 5: 11, 6: 9, 7: 10}
Gate position gate updated to [3 8]--------------c
Trying to moving ion 8... to 4
Ion assignment after moving ion 8: {0: 7, 1: 6, 2: 4, 3: 3, 4: 5, 5: 11, 6: 9, 7: 10}
Trying to solve brute-force congestion at gate [4, 3] with {0: 7, 1: 6, 2: 4, 3: 3, 4: 5, 5: 11, 6: 9, 7: 10}
Trying to moving ion 4... to 3
Ion assignment after moving ion 4: {0: 7, 1: 6, 2: 3, 3: 4, 4: 5, 5: 11, 6: 9, 7: 10}
Clearing endpoint 5.........
Gate position gate updated to [3 4]--------------c
Trying to moving ion 4... to 4
Ion assignment after moving ion 4: {0: 7, 1: 6, 2: 3, 3: 4, 4: 20, 5: 11, 6: 9, 7: 10}
Trying to solve brute-force congestion at gate [20, 11] with {0: 7, 1: 6, 2: 3, 3: 4, 4: 20, 5: 11, 6: 9, 7: 10}
Trying to moving ion 11... to 9
Ion assignment after moving ion 11: {0: 7, 1: 6, 2: 3, 3: 4, 4: 20, 5: 9, 6: 10, 7: 11}
Clearing endpoint 11.........
Gate position gate updated to [ 9 20]--------------c
Trying to moving ion 20... to 10
Ion assignment after moving ion 20: {0: 7, 1: 6, 2: 3, 3: 4, 4: 10, 5: 9, 6: 11, 7: 22}
Trying to solve brute-force congestion at gate [10, 9] with {0: 7, 1: 6, 2: 3, 3: 4, 4: 10, 5: 9, 6: 11, 7: 22}
Trying to moving ion 10... to 9
Ion assignment after moving ion 10: {0: 7, 1: 6, 2: 3, 3: 4, 4: 9, 5: 10, 6: 11, 7: 22}
Clearing endpoint 11.........
Gate position gate updated to [ 9 10]--------------c
Trying to moving ion 10... to 10
Ion assignment after moving ion 10: {0: 7, 1: 6, 2: 3, 3: 4, 4: 9, 5: 10, 6: 23, 7: 22}
Executing gate at point (0, 2).
Executing gate at point (0, 4).
Executing gate at point (0, 0).
Executing gate at point (1, 2).
Executing gate at point (1, 4).
Executing gate at point (1, 0).
Best move: (6, 7)
Best move: (7, 8)
Best move: (9, 10)
Best move: (10, 11)
Best move: (3, 4)
Best move: (3, 4)
Best move: (3, 4)
Best move: (3, 4)
Try bruteforce due to multiple steps (8) to solve one gate
Trying to solve brute-force congestion at gate [4, 11] with {0: 6, 1: 8, 2: 3, 3: 4, 4: 11, 5: 9, 6: 23, 7: 22}
Trying to moving ion 4... to 3
Ion assignment after moving ion 4: {0: 6, 1: 8, 2: 4, 3: 3, 4: 11, 5: 9, 6: 23, 7: 22}
Gate position gate updated to [ 3 11]--------------c
Trying to moving ion 11... to 4
Ion assignment after moving ion 11: {0: 6, 1: 8, 2: 5, 3: 3, 4: 4, 5: 9, 6: 24, 7: 22}
Executing gate at point (2, 3).
Executing gate at point (3, 3).
Best move: (5, 20)
Best move: (20, 25)
Best move: (7, 8)
Best move: (6, 7)
Best move: (6, 7)
Best move: (23, 25)
Best move: (23, 25)
Try bruteforce due to repeated pattern...
Trying to solve brute-force congestion at gate [7, 25] with {0: 6, 1: 7, 2: 25, 3: 3, 4: 4, 5: 9, 6: 24, 7: 22}
Trying to moving ion 7... to 6
Ion assignment after moving ion 7: {0: 7, 1: 6, 2: 25, 3: 3, 4: 4, 5: 9, 6: 24, 7: 22}
Gate position gate updated to [ 6 25]--------------c
Trying to moving ion 25... to 7
Ion assignment after moving ion 25: {0: 8, 1: 6, 2: 7, 3: 3, 4: 4, 5: 9, 6: 24, 7: 23}
Executing gate at point (2, 1).
Executing gate at point (3, 1).
Executing gate at point (4, 0).
Executing gate at point (5, 0).
Best move: (24, 25)
Best move: (7, 8)
Best move: (8, 22)
Best move: (11, 23)
Best move: (23, 25)
Best move: (22, 25)
Best move: (20, 25)
Best move: (5, 20)
Try bruteforce due to multiple steps (8) to solve one gate
Trying to solve brute-force congestion at gate [5, 3] with {0: 7, 1: 6, 2: 5, 3: 3, 4: 4, 5: 9, 6: 23, 7: 11}
Trying to moving ion 5... to 3
Ion assignment after moving ion 5: {0: 7, 1: 6, 2: 3, 3: 4, 4: 5, 5: 9, 6: 23, 7: 11}
Clearing endpoint 5.........
Gate position gate updated to [3 4]--------------c
Trying to moving ion 4... to 4
Ion assignment after moving ion 4: {0: 7, 1: 6, 2: 3, 3: 4, 4: 20, 5: 9, 6: 23, 7: 11}
Executing gate at point (4, 2).
Executing gate at point (5, 2).
Best move: (6, 7)
Best move: (10, 11)
Best move: (11, 23)
Executing gate at point (0, 6).
Executing gate at point (1, 6).
Executing gate at point (2, 5).
Executing gate at point (3, 5).
Executing gate at point (4, 6).
Executing gate at point (5, 6).
Best move: (9, 10)
Best move: (10, 11)
Best move: (11, 23)
Best move: (23, 25)
Best move: (21, 25)
Best move: (7, 8)
Best move: (8, 22)
Best move: (22, 25)
Try bruteforce due to multiple steps (8) to solve one gateInput filename:  TFXY_wsq_n8_s100_compiled
Algorithm:  SHAW
Trap type:  G2x3
Trap capacity:  3
Num layout passes:  2
Gate type:  FM
Run index:  10
Creating a QCCD machine ...
QCCD physical machine:
### Traps ### 
Trap(id='trap_0', max_num_ions=3, initial_num_ions=0, executable=True, measureable=True)
Trap(id='trap_1', max_num_ions=3, initial_num_ions=0, executable=True, measureable=True)
Trap(id='trap_2', max_num_ions=3, initial_num_ions=0, executable=True, measureable=True)
Trap(id='trap_3', max_num_ions=3, initial_num_ions=0, executable=True, measureable=True)
Trap(id='trap_4', max_num_ions=3, initial_num_ions=0, executable=True, measureable=True)
Trap(id='trap_5', max_num_ions=3, initial_num_ions=0, executable=True, measureable=True)
### Junctions ### 
Junction(id='junction_0')
Junction(id='junction_1')
Junction(id='junction_2')
### Segments ### 
Segment(id='segment_0', left=Trap(id='trap_0', max_num_ions=3, initial_num_ions=0, executable=True, measureable=True), right=Junction(id='junction_0'))
Segment(id='segment_1', left=Trap(id='trap_5', max_num_ions=3, initial_num_ions=0, executable=True, measureable=True), right=Junction(id='junction_0'))
Segment(id='segment_2', left=Trap(id='trap_1', max_num_ions=3, initial_num_ions=0, executable=True, measureable=True), right=Junction(id='junction_1'))
Segment(id='segment_3', left=Trap(id='trap_4', max_num_ions=3, initial_num_ions=0, executable=True, measureable=True), right=Junction(id='junction_1'))
Segment(id='segment_4', left=Trap(id='trap_2', max_num_ions=3, initial_num_ions=0, executable=True, measureable=True), right=Junction(id='junction_2'))
Segment(id='segment_5', left=Trap(id='trap_3', max_num_ions=3, initial_num_ions=0, executable=True, measureable=True), right=Junction(id='junction_2'))
Segment(id='segment_6', left=Junction(id='junction_0'), right=Junction(id='junction_1'))
Segment(id='segment_7', left=Junction(id='junction_1'), right=Junction(id='junction_2'))
Finished creating the QCCD physical machine.
Position graph:  CouplingGraph({(3, 4), (12, 13), (22, 23), (21, 25), (23, 25), (11, 23), (13, 14), (19, 24), (18, 19), (4, 5), (20, 25), (21, 24), (22, 25), (14, 21), (0, 1), (9, 10), (1, 2), (10, 11), (6, 7), (15, 16), (24, 25), (18, 24), (20, 21), (20, 24), (17, 19), (5, 20), (8, 22), (2, 18), (7, 8), (16, 17)})
Initial ion assignment:  {0: 15, 1: 16, 2: 3, 3: 6, 4: 7, 5: 2, 6: 10, 7: 9}
Congestion rate:  1.0
Scheduling QCCD: 8440.0 us, costing 50.69029479997698 s to compile
0.00844
50.69029479997698
{0: 7, 1: 6, 2: 3, 3: 4, 4: 9, 5: 10, 6: 23, 7: 22}
[0, 1, 2, 3, 4, 5, 6, 7]
