Executing gate at point (0, 6).
Executing gate at point (1, 6).
Best move: (11, 13)
Best move: (3, 14)
Best move: (13, 18)
Best move: (7, 17)
Best move: (15, 18)
Best move: (17, 19)
Try bruteforce due to multiple steps (6) to solve one gate
Trying to solve brute-force congestion at gate [19, 0] with {0: 10, 1: 8, 2: 9, 3: 19, 4: 0, 5: 15, 6: 14, 7: 2}
Trying to moving ion 0... to 0
Ion assignment after moving ion 0: {0: 10, 1: 8, 2: 9, 3: 19, 4: 0, 5: 15, 6: 14, 7: 2}
Gate position gate updated to [ 0 19]--------------c
Trying to moving ion 19... to 1
Ion assignment after moving ion 19: {0: 10, 1: 8, 2: 9, 3: 1, 4: 0, 5: 15, 6: 14, 7: 2}
Executing gate at point (0, 3).
Executing gate at point (1, 3).
Best move: (1, 12)
Best move: (15, 18)
Best move: (14, 19)
Best move: (16, 19)
Best move: (18, 19)
Best move: (5, 16)
Try bruteforce due to multiple steps (6) to solve one gate
Trying to solve brute-force congestion at gate [19, 5] with {0: 10, 1: 8, 2: 9, 3: 12, 4: 0, 5: 19, 6: 5, 7: 2}
Trying to moving ion 5... to 4
Ion assignment after moving ion 5: {0: 10, 1: 8, 2: 9, 3: 12, 4: 0, 5: 19, 6: 4, 7: 2}
Gate position gate updated to [ 4 19]--------------c
Trying to moving ion 19... to 5
Ion assignment after moving ion 19: {0: 10, 1: 8, 2: 9, 3: 12, 4: 0, 5: 5, 6: 4, 7: 2}
Executing gate at point (2, 5).
Executing gate at point (3, 5).
Best move: (12, 18)
Best move: (5, 16)
Best move: (9, 15)
Best move: (14, 18)
Best move: (16, 19)
Best move: (18, 19)
Try bruteforce due to multiple steps (6) to solve one gate
Trying to solve brute-force congestion at gate [0, 18] with {0: 10, 1: 8, 2: 15, 3: 14, 4: 0, 5: 18, 6: 4, 7: 2}
Trying to moving ion 0... to 0
Ion assignment after moving ion 0: {0: 10, 1: 8, 2: 15, 3: 14, 4: 0, 5: 18, 6: 4, 7: 2}
Gate position gate updated to [ 0 18]--------------c
Trying to moving ion 18... to 1
Ion assignment after moving ion 18: {0: 10, 1: 8, 2: 15, 3: 14, 4: 0, 5: 1, 6: 4, 7: 2}
Executing gate at point (4, 4).
Executing gate at point (5, 4).
Best move: (1, 12)
Best move: (12, 18)
Best move: (18, 19)
Best move: (16, 19)
Best move: (5, 16)
Executing gate at point (6, 5).
Executing gate at point (7, 5).
Best move: (14, 18)
Best move: (4, 5)
Best move: (5, 16)
Best move: (16, 19)
Best move: (14, 19)
Best move: (3, 14)
Try bruteforce due to multiple steps (6) to solve one gate
Trying to solve brute-force congestion at gate [3, 2] with {0: 10, 1: 8, 2: 15, 3: 18, 4: 0, 5: 4, 6: 3, 7: 2}
Trying to moving ion 3... to 2
Ion assignment after moving ion 3: {0: 10, 1: 8, 2: 15, 3: 18, 4: 0, 5: 4, 6: 2, 7: 3}
Gate position gate updated to [2 3]--------------c
Trying to moving ion 3... to 3
Ion assignment after moving ion 3: {0: 10, 1: 8, 2: 15, 3: 18, 4: 0, 5: 4, 6: 2, 7: 3}
Executing gate at point (8, 6).
Executing gate at point (9, 6).
Best move: (18, 19)
Best move: (18, 19)
Best move: (18, 19)
Try bruteforce due to repeated pattern...
Trying to solve brute-force congestion at gate [15, 19] with {0: 10, 1: 8, 2: 15, 3: 19, 4: 0, 5: 4, 6: 2, 7: 3}
Trying to moving ion 15... to 8
Ion assignment after moving ion 15: {0: 10, 1: 9, 2: 8, 3: 19, 4: 0, 5: 4, 6: 2, 7: 3}
Clearing endpoint 9.........
Gate position gate updated to [ 8 19]--------------c
Trying to moving ion 19... to 9
Ion assignment after moving ion 19: {0: 10, 1: 18, 2: 8, 3: 9, 4: 0, 5: 4, 6: 2, 7: 3}
Executing gate at point (2, 2).
Executing gate at point (3, 2).
Best move: (9, 15)
Best move: (14, 15)
Best move: (14, 15)
Best move: (14, 15)
Try bruteforce due to repeated pattern...
Trying to solve brute-force congestion at gate [14, 0] with {0: 10, 1: 18, 2: 8, 3: 14, 4: 0, 5: 4, 6: 2, 7: 3}
Trying to moving ion 0... to 0
Ion assignment after moving ion 0: {0: 10, 1: 18, 2: 8, 3: 14, 4: 0, 5: 4, 6: 2, 7: 3}
Gate position gate updated to [ 0 14]--------------c
Trying to moving ion 14... to 1
Ion assignment after moving ion 14: {0: 10, 1: 13, 2: 8, 3: 1, 4: 0, 5: 4, 6: 2, 7: 3}
Executing gate at point (6, 3).
Executing gate at point (7, 3).
Best move: (13, 18)
Best move: (15, 18)
Best move: (0, 1)
Best move: (1, 12)
Best move: (12, 18)
Best move: (18, 19)
Try bruteforce due to multiple steps (6) to solve one gate
Trying to solve brute-force congestion at gate [19, 4] with {0: 10, 1: 15, 2: 8, 3: 0, 4: 19, 5: 4, 6: 2, 7: 3}
Trying to moving ion 4... to 4
Ion assignment after moving ion 4: {0: 10, 1: 15, 2: 8, 3: 0, 4: 19, 5: 4, 6: 2, 7: 3}
Gate position gate updated to [ 4 19]--------------c
Trying to moving ion 19... to 5
Ion assignment after moving ion 19: {0: 10, 1: 15, 2: 8, 3: 0, 4: 5, 5: 4, 6: 2, 7: 3}
Executing gate at point (8, 4).
Executing gate at point (9, 4).
Best move: (9, 15)
Executing gate at point (4, 1).
Executing gate at point (5, 1).
Best move: (2, 3)
Best move: (3, 14)
Best move: (14, 19)
Best move: (9, 15)
Best move: (15, 18)
Best move: (13, 18)
Try bruteforce due to multiple steps (6) to solve one gate
Trying to solve brute-force congestion at gate [8, 0] with {0: 10, 1: 13, 2: 8, 3: 0, 4: 5, 5: 4, 6: 19, 7: 2}
Trying to moving ion 0... to 0
Ion assignment after moving ion 0: {0: 10, 1: 13, 2: 8, 3: 0, 4: 5, 5: 4, 6: 19, 7: 2}
Gate position gate updated to [0 8]--------------c
Trying to moving ion 8... to 1
Ion assignment after moving ion 8: {0: 10, 1: 13, 2: 1, 3: 0, 4: 5, 5: 4, 6: 19, 7: 2}
Executing gate at point (8, 2).
Executing gate at point (9, 2).
Best move: (5, 16)
Best move: (16, 17)
Best move: (16, 19)
Best move: (17, 19)
Best move: (5, 16)
Executing gate at point (10, 5).
Executing gate at point (11, 5).
Best move: (11, 13)
Executing gate at point (6, 0).
Executing gate at point (7, 0).
Best move: (1, 12)
Best move: (11, 13)
Best move: (18, 19)
Best move: (0, 1)
Best move: (0, 1)
Best move: (11, 13)
Try bruteforce due to multiple steps (6) to solve one gate
Trying to solve brute-force congestion at gate [11, 12] with {0: 10, 1: 11, 2: 12, 3: 0, 4: 18, 5: 4, 6: 5, 7: 2}
Trying to moving ion 11... to 10
Ion assignment after moving ion 11: {0: 11, 1: 10, 2: 12, 3: 0, 4: 18, 5: 4, 6: 5, 7: 2}
Clearing endpoint 11.........
Gate position gate updated to [10 12]--------------c
Trying to moving ion 12... to 11
Ion assignment after moving ion 12: {0: 18, 1: 10, 2: 11, 3: 0, 4: 15, 5: 4, 6: 5, 7: 2}
Executing gate at point (10, 1).
Executing gate at point (11, 1).
Best move: (14, 15)
Best move: (14, 19)
Best move: (14, 19)
Best move: (14, 19)
Try bruteforce due to repeated pattern...
Trying to solve brute-force congestion at gate [0, 19] with {0: 18, 1: 10, 2: 11, 3: 0, 4: 19, 5: 4, 6: 5, 7: 2}
Trying to moving ion 0... to 0
Ion assignment after moving ion 0: {0: 18, 1: 10, 2: 11, 3: 0, 4: 19, 5: 4, 6: 5, 7: 2}
Gate position gate updated to [ 0 19]--------------c
Trying to moving ion 19... to 1
Ion assignment after moving ion 19: {0: 13, 1: 10, 2: 11, 3: 0, 4: 1, 5: 4, 6: 5, 7: 2}
Executing gate at point (10, 3).
Executing gate at point (11, 3).
Trying to solve brute-force congestion at gate [16, 2] with {0: 18, 1: 10, 2: 13, 3: 0, 4: 19, 5: 4, 6: 16, 7: 2}
Trying to moving ion 2... to 2
Ion assignment after moving ion 2: {0: 18, 1: 10, 2: 13, 3: 0, 4: 19, 5: 4, 6: 16, 7: 2}
Gate position gate updated to [ 2 16]--------------c
Trying to moving ion 16... to 3
Ion assignment after moving ion 16: {0: 18, 1: 10, 2: 13, 3: 0, 4: 15, 5: 4, 6: 3, 7: 2}
Trying to solve brute-force congestion at gate [18, 10] with {0: 18, 1: 10, 2: 13, 3: 0, 4: 15, 5: 4, 6: 3, 7: 2}
Trying to moving ion 10... to 10
Ion assignment after moving ion 10: {0: 18, 1: 10, 2: 13, 3: 0, 4: 15, 5: 4, 6: 3, 7: 2}
Gate position gate updated to [10 18]--------------c
Trying to moving ion 18... to 11
Ion assignment after moving ion 18: {0: 11, 1: 10, 2: 12, 3: 0, 4: 15, 5: 4, 6: 3, 7: 2}
Trying to solve brute-force congestion at gate [11, 10] with {0: 11, 1: 10, 2: 12, 3: 0, 4: 15, 5: 4, 6: 3, 7: 2}
Trying to moving ion 11... to 10
Ion assignment after moving ion 11: {0: 10, 1: 11, 2: 12, 3: 0, 4: 15, 5: 4, 6: 3, 7: 2}
Gate position gate updated to [10 11]--------------c
Trying to moving ion 11... to 11
Ion assignment after moving ion 11: {0: 10, 1: 11, 2: 12, 3: 0, 4: 15, 5: 4, 6: 3, 7: 2}
Trying to solve brute-force congestion at gate [15, 4] with {0: 10, 1: 11, 2: 12, 3: 0, 4: 15, 5: 4, 6: 3, 7: 2}
Trying to moving ion 4... to 4
Ion assignment after moving ion 4: {0: 10, 1: 11, 2: 12, 3: 0, 4: 15, 5: 4, 6: 3, 7: 2}
Gate position gate updated to [ 4 15]--------------c
Trying to moving ion 15... to 5
Ion assignment after moving ion 15: {0: 10, 1: 11, 2: 12, 3: 0, 4: 5, 5: 4, 6: 3, 7: 2}
Trying to solve brute-force congestion at gate [5, 4] with {0: 10, 1: 11, 2: 12, 3: 0, 4: 5, 5: 4, 6: 3, 7: 2}
Trying to moving ion 5... to 4
Ion assignment after moving ion 5: {0: 10, 1: 11, 2: 12, 3: 0, 4: 4, 5: 5, 6: 3, 7: 2}
Gate position gate updated to [4 5]--------------c
Trying to moving ion 5... to 5
Ion assignment after moving ion 5: {0: 10, 1: 11, 2: 12, 3: 0, 4: 4, 5: 5, 6: 3, 7: 2}
Trying to solve brute-force congestion at gate [5, 3] with {0: 10, 1: 11, 2: 12, 3: 0, 4: 4, 5: 5, 6: 3, 7: 2}
Trying to moving ion 3... to 2
Ion assignment after moving ion 3: {0: 10, 1: 11, 2: 12, 3: 0, 4: 4, 5: 5, 6: 2, 7: 3}
Clearing endpoint 3.........
Gate position gate updated to [2 5]--------------c
Trying to moving ion 5... to 3
Ion assignment after moving ion 5: {0: 10, 1: 11, 2: 12, 3: 0, 4: 4, 5: 3, 6: 2, 7: 15}
Trying to solve brute-force congestion at gate [12, 0] with {0: 10, 1: 11, 2: 12, 3: 0, 4: 4, 5: 3, 6: 2, 7: 15}
Trying to moving ion 0... to 0
Ion assignment after moving ion 0: {0: 10, 1: 11, 2: 12, 3: 0, 4: 4, 5: 3, 6: 2, 7: 15}
Gate position gate updated to [ 0 12]--------------c
Trying to moving ion 12... to 1
Ion assignment after moving ion 12: {0: 10, 1: 11, 2: 1, 3: 0, 4: 4, 5: 3, 6: 2, 7: 15}
Trying to solve brute-force congestion at gate [1, 0] with {0: 10, 1: 11, 2: 1, 3: 0, 4: 4, 5: 3, 6: 2, 7: 15}
Trying to moving ion 1... to 0
Ion assignment after moving ion 1: {0: 10, 1: 11, 2: 0, 3: 1, 4: 4, 5: 3, 6: 2, 7: 15}
Gate position gate updated to [0 1]--------------c
Trying to moving ion 1... to 1
Ion assignment after moving ion 1: {0: 10, 1: 11, 2: 0, 3: 1, 4: 4, 5: 3, 6: 2, 7: 15}
Trying to solve brute-force congestion at gate [11, 0] with {0: 10, 1: 11, 2: 0, 3: 1, 4: 4, 5: 3, 6: 2, 7: 15}
Trying to moving ion 0... to 0
Ion assignment after moving ion 0: {0: 10, 1: 11, 2: 0, 3: 1, 4: 4, 5: 3, 6: 2, 7: 15}
Clearing endpoint 1.........
Gate position gate updated to [ 0 11]--------------c
Trying to moving ion 11... to 1
Ion assignment after moving ion 11: {0: 10, 1: 1, 2: 0, 3: 18, 4: 4, 5: 3, 6: 2, 7: 15}
Trying to solve brute-force congestion at gate [1, 0] with {0: 10, 1: 1, 2: 0, 3: 18, 4: 4, 5: 3, 6: 2, 7: 15}
Trying to moving ion 1... to 0
Ion assignment after moving ion 1: {0: 10, 1: 0, 2: 1, 3: 18, 4: 4, 5: 3, 6: 2, 7: 15}
Gate position gate updated to [0 1]--------------c
Trying to moving ion 1... to 1
Ion assignment after moving ion 1: {0: 10, 1: 0, 2: 1, 3: 18, 4: 4, 5: 3, 6: 2, 7: 15}
Trying to solve brute-force congestion at gate [18, 4] with {0: 10, 1: 0, 2: 1, 3: 18, 4: 4, 5: 3, 6: 2, 7: 15}
Trying to moving ion 4... to 4
Ion assignment after moving ion 4: {0: 10, 1: 0, 2: 1, 3: 18, 4: 4, 5: 3, 6: 2, 7: 15}
Gate position gate updated to [ 4 18]--------------c
Trying to moving ion 18... to 5
Ion assignment after moving ion 18: {0: 10, 1: 0, 2: 1, 3: 5, 4: 4, 5: 3, 6: 2, 7: 15}
Trying to solve brute-force congestion at gate [5, 4] with {0: 10, 1: 0, 2: 1, 3: 5, 4: 4, 5: 3, 6: 2, 7: 15}
Trying to moving ion 5... to 4
Ion assignment after moving ion 5: {0: 10, 1: 0, 2: 1, 3: 4, 4: 5, 5: 3, 6: 2, 7: 15}
Gate position gate updated to [4 5]--------------c
Trying to moving ion 5... to 5
Ion assignment after moving ion 5: {0: 10, 1: 0, 2: 1, 3: 4, 4: 5, 5: 3, 6: 2, 7: 15}
Trying to solve brute-force congestion at gate [1, 4] with {0: 10, 1: 0, 2: 1, 3: 4, 4: 5, 5: 3, 6: 2, 7: 15}
Trying to moving ion 4... to 4
Ion assignment after moving ion 4: {0: 10, 1: 0, 2: 1, 3: 4, 4: 5, 5: 3, 6: 2, 7: 15}
Clearing endpoint 5.........
Gate position gate updated to [4 1]--------------c
Trying to moving ion 1... to 5
Ion assignment after moving ion 1: {0: 10, 1: 0, 2: 5, 3: 4, 4: 17, 5: 3, 6: 2, 7: 15}
Trying to solve brute-force congestion at gate [17, 3] with {0: 10, 1: 0, 2: 5, 3: 4, 4: 17, 5: 3, 6: 2, 7: 15}
Trying to moving ion 3... to 2
Ion assignment after moving ion 3: {0: 10, 1: 0, 2: 5, 3: 4, 4: 17, 5: 2, 6: 3, 7: 15}
Clearing endpoint 3.........
Gate position gate updated to [ 2 17]--------------c
Trying to moving ion 17... to 3
Ion assignment after moving ion 17: {0: 10, 1: 0, 2: 5, 3: 4, 4: 3, 5: 2, 6: 18, 7: 15}
Trying to solve brute-force congestion at gate [3, 2] with {0: 10, 1: 0, 2: 5, 3: 4, 4: 3, 5: 2, 6: 18, 7: 15}
Trying to moving ion 3... to 2
Ion assignment after moving ion 3: {0: 10, 1: 0, 2: 5, 3: 4, 4: 2, 5: 3, 6: 18, 7: 15}
Gate position gate updated to [2 3]--------------c
Trying to moving ion 3... to 3
Ion assignment after moving ion 3: {0: 10, 1: 0, 2: 5, 3: 4, 4: 2, 5: 3, 6: 18, 7: 15}
Trying to solve brute-force congestion at gate [4, 2] with {0: 10, 1: 0, 2: 5, 3: 4, 4: 2, 5: 3, 6: 18, 7: 15}
Trying to moving ion 2... to 2
Ion assignment after moving ion 2: {0: 10, 1: 0, 2: 5, 3: 4, 4: 2, 5: 3, 6: 18, 7: 15}
Clearing endpoint 3.........
Gate position gate updated to [2 4]--------------c
Trying to moving ion 4... to 3
Ion assignment after moving ion 4: {0: 10, 1: 0, 2: 4, 3: 3, 4: 2, 5: 18, 6: 12, 7: 15}
Trying to solve brute-force congestion at gate [3, 2] with {0: 10, 1: 0, 2: 4, 3: 3, 4: 2, 5: 18, 6: 12, 7: 15}
Trying to moving ion 3... to 2
Ion assignment after moving ion 3: {0: 10, 1: 0, 2: 4, 3: 2, 4: 3, 5: 18, 6: 12, 7: 15}
Gate position gate updated to [2 3]--------------c
Trying to moving ion 3... to 3
Ion assignment after moving ion 3: {0: 10, 1: 0, 2: 4, 3: 2, 4: 3, 5: 18, 6: 12, 7: 15}
Trying to solve brute-force congestion at gate [18, 12] with {0: 10, 1: 0, 2: 4, 3: 2, 4: 3, 5: 18, 6: 12, 7: 15}
Trying to moving ion 12... to 0
Ion assignment after moving ion 12: {0: 10, 1: 1, 2: 4, 3: 2, 4: 3, 5: 18, 6: 0, 7: 15}
Clearing endpoint 1.........
Gate position gate updated to [ 0 18]--------------c
Trying to moving ion 18... to 1
Ion assignment after moving ion 18: {0: 10, 1: 13, 2: 4, 3: 2, 4: 3, 5: 1, 6: 0, 7: 15}
Trying to solve brute-force congestion at gate [1, 0] with {0: 10, 1: 13, 2: 4, 3: 2, 4: 3, 5: 1, 6: 0, 7: 15}
Trying to moving ion 1... to 0
Ion assignment after moving ion 1: {0: 10, 1: 13, 2: 4, 3: 2, 4: 3, 5: 0, 6: 1, 7: 15}
Gate position gate updated to [0 1]--------------c
Trying to moving ion 1... to 1
Ion assignment after moving ion 1: {0: 10, 1: 13, 2: 4, 3: 2, 4: 3, 5: 0, 6: 1, 7: 15}
Trying to solve brute-force congestion at gate [1, 15] with {0: 10, 1: 13, 2: 4, 3: 2, 4: 3, 5: 0, 6: 1, 7: 15}
Trying to moving ion 1... to 0
Ion assignment after moving ion 1: {0: 10, 1: 13, 2: 4, 3: 2, 4: 3, 5: 1, 6: 0, 7: 15}
Clearing endpoint 1.........
Gate position gate updated to [ 0 15]--------------c
Trying to moving ion 15... to 1
Ion assignment after moving ion 15: {0: 10, 1: 11, 2: 4, 3: 2, 4: 3, 5: 13, 6: 0, 7: 1}
Trying to solve brute-force congestion at gate [0, 1] with {0: 10, 1: 11, 2: 4, 3: 2, 4: 3, 5: 13, 6: 0, 7: 1}
Trying to moving ion 0... to 0
Ion assignment after moving ion 0: {0: 10, 1: 11, 2: 4, 3: 2, 4: 3, 5: 13, 6: 0, 7: 1}
Gate position gate updated to [0 1]--------------c
Trying to moving ion 1... to 1
Ion assignment after moving ion 1: {0: 10, 1: 11, 2: 4, 3: 2, 4: 3, 5: 13, 6: 0, 7: 1}
Executing gate at point (0, 3).
Executing gate at point (0, 6).
Executing gate at point (1, 6).
Executing gate at point (1, 3).
Best move: (0, 1)
Best move: (1, 12)
Best move: (2, 3)
Best move: (3, 14)
Best move: (14, 19)
Best move: (16, 19)
Try bruteforce due to multiple steps (6) to solve one gate
Trying to solve brute-force congestion at gate [13, 12] with {0: 10, 1: 11, 2: 4, 3: 16, 4: 2, 5: 13, 6: 12, 7: 0}
Trying to moving ion 12... to 0
Ion assignment after moving ion 12: {0: 10, 1: 11, 2: 4, 3: 16, 4: 2, 5: 13, 6: 0, 7: 1}
Clearing endpoint 1.........
Gate position gate updated to [ 0 13]--------------c
Trying to moving ion 13... to 1
Ion assignment after moving ion 13: {0: 10, 1: 11, 2: 4, 3: 16, 4: 2, 5: 1, 6: 0, 7: 18}
Executing gate at point (2, 5).
Executing gate at point (3, 5).
Best move: (1, 12)
Best move: (12, 13)
Best move: (12, 13)
Best move: (12, 13)
Try bruteforce due to repeated pattern...
Trying to solve brute-force congestion at gate [2, 13] with {0: 10, 1: 11, 2: 4, 3: 16, 4: 2, 5: 13, 6: 0, 7: 18}
Trying to moving ion 2... to 2
Ion assignment after moving ion 2: {0: 10, 1: 11, 2: 4, 3: 16, 4: 2, 5: 13, 6: 0, 7: 18}
Gate position gate updated to [ 2 13]--------------c
Trying to moving ion 13... to 3
Ion assignment after moving ion 13: {0: 10, 1: 11, 2: 4, 3: 16, 4: 2, 5: 3, 6: 0, 7: 12}
Executing gate at point (4, 4).
Executing gate at point (5, 4).
Best move: (3, 14)
Best move: (14, 18)
Best move: (13, 18)
Best move: (13, 18)
Best move: (13, 18)
Try bruteforce due to repeated pattern...
Trying to solve brute-force congestion at gate [13, 0] with {0: 10, 1: 11, 2: 4, 3: 16, 4: 2, 5: 13, 6: 0, 7: 12}
Trying to moving ion 0... to 0
Ion assignment after moving ion 0: {0: 10, 1: 11, 2: 4, 3: 16, 4: 2, 5: 13, 6: 0, 7: 12}
Gate position gate updated to [ 0 13]--------------c
Trying to moving ion 13... to 1
Ion assignment after moving ion 13: {0: 10, 1: 11, 2: 4, 3: 16, 4: 2, 5: 1, 6: 0, 7: 18}
Executing gate at point (6, 5).
Executing gate at point (7, 5).
Best move: (0, 1)
Best move: (1, 12)
Best move: (5, 16)
Executing gate at point (2, 2).
Executing gate at point (3, 2).
Best move: (5, 16)
Best move: (16, 19)
Best move: (14, 19)
Best move: (3, 14)
Executing gate at point (6, 3).
Executing gate at point (7, 3).
Best move: (15, 18)
Best move: (11, 13)
Best move: (2, 3)
Best move: (3, 14)
Best move: (12, 18)
Best move: (18, 19)
Try bruteforce due to multiple steps (6) to solve one gate
Trying to solve brute-force congestion at gate [14, 0] with {0: 10, 1: 13, 2: 4, 3: 2, 4: 14, 5: 0, 6: 19, 7: 15}
Trying to moving ion 0... to 0
Ion assignment after moving ion 0: {0: 10, 1: 13, 2: 4, 3: 2, 4: 14, 5: 0, 6: 19, 7: 15}
Gate position gate updated to [ 0 14]--------------c
Trying to moving ion 14... to 1
Ion assignment after moving ion 14: {0: 10, 1: 13, 2: 4, 3: 2, 4: 1, 5: 0, 6: 19, 7: 15}
Executing gate at point (8, 4).
Executing gate at point (9, 4).
Best move: (13, 18)
Best move: (14, 19)
Best move: (18, 19)
Best move: (16, 19)
Best move: (5, 16)
Executing gate at point (4, 1).
Executing gate at point (5, 1).
Best move: (5, 16)
Best move: (2, 3)
Best move: (2, 3)
Best move: (2, 3)
Try bruteforce due to repeated pattern...
Trying to solve brute-force congestion at gate [4, 3] with {0: 10, 1: 16, 2: 4, 3: 3, 4: 1, 5: 0, 6: 14, 7: 15}
Trying to moving ion 4... to 4
Ion assignment after moving ion 4: {0: 10, 1: 16, 2: 4, 3: 3, 4: 1, 5: 0, 6: 14, 7: 15}
Gate position gate updated to [4 3]--------------c
Trying to moving ion 3... to 5
Ion assignment after moving ion 3: {0: 10, 1: 17, 2: 4, 3: 5, 4: 1, 5: 0, 6: 18, 7: 15}
Executing gate at point (8, 2).
Executing gate at point (9, 2).
Best move: (1, 12)
Best move: (5, 16)
Best move: (16, 19)
Best move: (14, 19)
Best move: (17, 19)
Best move: (9, 15)
Try bruteforce due to multiple steps (6) to solve one gate
Trying to solve brute-force congestion at gate [14, 12] with {0: 10, 1: 19, 2: 4, 3: 14, 4: 12, 5: 0, 6: 18, 7: 9}
Trying to moving ion 14... to 2
Ion assignment after moving ion 14: {0: 10, 1: 19, 2: 4, 3: 2, 4: 12, 5: 0, 6: 18, 7: 9}
Gate position gate updated to [ 2 12]--------------c
Trying to moving ion 12... to 3
Ion assignment after moving ion 12: {0: 10, 1: 19, 2: 4, 3: 2, 4: 3, 5: 0, 6: 15, 7: 9}
Executing gate at point (10, 3).
Executing gate at point (11, 3).
Best move: (18, 19)
Best move: (13, 18)
Best move: (11, 13)
Executing gate at point (6, 0).
Executing gate at point (7, 0).
Best move: (11, 13)
Best move: (13, 18)
Best move: (18, 19)
Best move: (16, 19)
Best move: (5, 16)
Executing gate at point (10, 1).
Executing gate at point (11, 1).
Best move: (8, 9)
Best move: (9, 15)
Executing gate at point (8, 6).
Executing gate at point (9, 6).
Best move: (9, 15)
Best move: (15, 18)
Best move: (12, 18)
Best move: (1, 12)
Executing gate at point (10, 5).
Executing gate at point (11, 5).
Trying to solve brute-force congestion at gate [12, 8] with {0: 10, 1: 19, 2: 4, 3: 3, 4: 18, 5: 0, 6: 12, 7: 8}
Trying to moving ion 8... to 8
Ion assignment after moving ion 8: {0: 10, 1: 19, 2: 4, 3: 3, 4: 18, 5: 0, 6: 12, 7: 8}
Gate position gate updated to [ 8 12]--------------c
Trying to moving ion 12... to 9
Ion assignment after moving ion 12: {0: 10, 1: 19, 2: 4, 3: 3, 4: 14, 5: 0, 6: 9, 7: 8}
Trying to solve brute-force congestion at gate [10, 19] with {0: 10, 1: 19, 2: 4, 3: 3, 4: 14, 5: 0, 6: 9, 7: 8}
Trying to moving ion 10... to 10
Ion assignment after moving ion 10: {0: 10, 1: 19, 2: 4, 3: 3, 4: 14, 5: 0, 6: 9, 7: 8}
Gate position gate updated to [10 19]--------------c
Trying to moving ion 19... to 11
Ion assignment after moving ion 19: {0: 10, 1: 11, 2: 4, 3: 3, 4: 14, 5: 0, 6: 9, 7: 8}
Trying to solve brute-force congestion at gate [10, 11] with {0: 10, 1: 11, 2: 4, 3: 3, 4: 14, 5: 0, 6: 9, 7: 8}
Trying to moving ion 10... to 10
Ion assignment after moving ion 10: {0: 10, 1: 11, 2: 4, 3: 3, 4: 14, 5: 0, 6: 9, 7: 8}
Gate position gate updated to [10 11]--------------c
Trying to moving ion 11... to 11
Ion assignment after moving ion 11: {0: 10, 1: 11, 2: 4, 3: 3, 4: 14, 5: 0, 6: 9, 7: 8}
Trying to solve brute-force congestion at gate [14, 0] with {0: 10, 1: 11, 2: 4, 3: 3, 4: 14, 5: 0, 6: 9, 7: 8}
Trying to moving ion 0... to 0
Ion assignment after moving ion 0: {0: 10, 1: 11, 2: 4, 3: 3, 4: 14, 5: 0, 6: 9, 7: 8}
Gate position gate updated to [ 0 14]--------------c
Trying to moving ion 14... to 1
Ion assignment after moving ion 14: {0: 10, 1: 11, 2: 4, 3: 3, 4: 1, 5: 0, 6: 9, 7: 8}
Trying to solve brute-force congestion at gate [1, 0] with {0: 10, 1: 11, 2: 4, 3: 3, 4: 1, 5: 0, 6: 9, 7: 8}
Trying to moving ion 1... to 0
Ion assignment after moving ion 1: {0: 10, 1: 11, 2: 4, 3: 3, 4: 0, 5: 1, 6: 9, 7: 8}
Gate position gate updated to [0 1]--------------c
Trying to moving ion 1... to 1
Ion assignment after moving ion 1: {0: 10, 1: 11, 2: 4, 3: 3, 4: 0, 5: 1, 6: 9, 7: 8}
Trying to solve brute-force congestion at gate [1, 9] with {0: 10, 1: 11, 2: 4, 3: 3, 4: 0, 5: 1, 6: 9, 7: 8}
Trying to moving ion 1... to 0
Ion assignment after moving ion 1: {0: 10, 1: 11, 2: 4, 3: 3, 4: 1, 5: 0, 6: 9, 7: 8}
Clearing endpoint 1.........
Gate position gate updated to [0 9]--------------c
Trying to moving ion 9... to 1
Ion assignment after moving ion 9: {0: 10, 1: 11, 2: 4, 3: 3, 4: 13, 5: 0, 6: 1, 7: 8}
Trying to solve brute-force congestion at gate [4, 3] with {0: 10, 1: 11, 2: 4, 3: 3, 4: 13, 5: 0, 6: 1, 7: 8}
Trying to moving ion 4... to 4
Ion assignment after moving ion 4: {0: 10, 1: 11, 2: 4, 3: 3, 4: 13, 5: 0, 6: 1, 7: 8}
Gate position gate updated to [4 3]--------------c
Trying to moving ion 3... to 5
Ion assignment after moving ion 3: {0: 10, 1: 11, 2: 4, 3: 5, 4: 13, 5: 0, 6: 1, 7: 8}
Trying to solve brute-force congestion at gate [4, 5] with {0: 10, 1: 11, 2: 4, 3: 5, 4: 13, 5: 0, 6: 1, 7: 8}
Trying to moving ion 4... to 4
Ion assignment after moving ion 4: {0: 10, 1: 11, 2: 4, 3: 5, 4: 13, 5: 0, 6: 1, 7: 8}
Gate position gate updated to [4 5]--------------c
Trying to moving ion 5... to 5
Ion assignment after moving ion 5: {0: 10, 1: 11, 2: 4, 3: 5, 4: 13, 5: 0, 6: 1, 7: 8}
Trying to solve brute-force congestion at gate [11, 4] with {0: 10, 1: 11, 2: 4, 3: 5, 4: 13, 5: 0, 6: 1, 7: 8}
Trying to moving ion 4... to 4
Ion assignment after moving ion 4: {0: 10, 1: 11, 2: 4, 3: 5, 4: 13, 5: 0, 6: 1, 7: 8}
Clearing endpoint 5.........
Gate position gate updated to [ 4 11]--------------c
Trying to moving ion 11... to 5
Ion assignment after moving ion 11: {0: 10, 1: 5, 2: 4, 3: 17, 4: 12, 5: 0, 6: 1, 7: 8}
Trying to solve brute-force congestion at gate [5, 4] with {0: 10, 1: 5, 2: 4, 3: 17, 4: 12, 5: 0, 6: 1, 7: 8}
Trying to moving ion 5... to 4
Ion assignment after moving ion 5: {0: 10, 1: 4, 2: 5, 3: 17, 4: 12, 5: 0, 6: 1, 7: 8}
Gate position gate updated to [4 5]--------------c
Trying to moving ion 5... to 5
Ion assignment after moving ion 5: {0: 10, 1: 4, 2: 5, 3: 17, 4: 12, 5: 0, 6: 1, 7: 8}
Trying to solve brute-force congestion at gate [17, 12] with {0: 10, 1: 4, 2: 5, 3: 17, 4: 12, 5: 0, 6: 1, 7: 8}
Trying to moving ion 17... to 6
Ion assignment after moving ion 17: {0: 10, 1: 4, 2: 5, 3: 6, 4: 12, 5: 0, 6: 1, 7: 8}
Gate position gate updated to [ 6 12]--------------c
Trying to moving ion 12... to 7
Ion assignment after moving ion 12: {0: 10, 1: 4, 2: 5, 3: 6, 4: 7, 5: 0, 6: 1, 7: 8}
Trying to solve brute-force congestion at gate [6, 7] with {0: 10, 1: 4, 2: 5, 3: 6, 4: 7, 5: 0, 6: 1, 7: 8}
Trying to moving ion 6... to 6
Ion assignment after moving ion 6: {0: 10, 1: 4, 2: 5, 3: 6, 4: 7, 5: 0, 6: 1, 7: 8}
Gate position gate updated to [6 7]--------------c
Trying to moving ion 7... to 7
Ion assignment after moving ion 7: {0: 10, 1: 4, 2: 5, 3: 6, 4: 7, 5: 0, 6: 1, 7: 8}
Trying to solve brute-force congestion at gate [5, 6] with {0: 10, 1: 4, 2: 5, 3: 6, 4: 7, 5: 0, 6: 1, 7: 8}
Trying to moving ion 6... to 6
Ion assignment after moving ion 6: {0: 10, 1: 4, 2: 5, 3: 6, 4: 7, 5: 0, 6: 1, 7: 8}
Clearing endpoint 7.........
Gate position gate updated to [6 5]--------------c
Trying to moving ion 5... to 7
Ion assignment after moving ion 5: {0: 10, 1: 4, 2: 7, 3: 6, 4: 19, 5: 0, 6: 1, 7: 8}
Trying to solve brute-force congestion at gate [19, 0] with {0: 10, 1: 4, 2: 7, 3: 6, 4: 19, 5: 0, 6: 1, 7: 8}
Trying to moving ion 0... to 0
Ion assignment after moving ion 0: {0: 10, 1: 4, 2: 7, 3: 6, 4: 19, 5: 0, 6: 1, 7: 8}
Clearing endpoint 1.........
Gate position gate updated to [ 0 19]--------------c
Trying to moving ion 19... to 1
Ion assignment after moving ion 19: {0: 10, 1: 4, 2: 7, 3: 6, 4: 1, 5: 0, 6: 13, 7: 8}
Trying to solve brute-force congestion at gate [1, 0] with {0: 10, 1: 4, 2: 7, 3: 6, 4: 1, 5: 0, 6: 13, 7: 8}
Trying to moving ion 1... to 0
Ion assignment after moving ion 1: {0: 10, 1: 4, 2: 7, 3: 6, 4: 0, 5: 1, 6: 13, 7: 8}
Gate position gate updated to [0 1]--------------c
Trying to moving ion 1... to 1
Ion assignment after moving ion 1: {0: 10, 1: 4, 2: 7, 3: 6, 4: 0, 5: 1, 6: 13, 7: 8}
Trying to solve brute-force congestion at gate [6, 0] with {0: 10, 1: 4, 2: 7, 3: 6, 4: 0, 5: 1, 6: 13, 7: 8}
Trying to moving ion 0... to 0
Ion assignment after moving ion 0: {0: 10, 1: 4, 2: 7, 3: 6, 4: 0, 5: 1, 6: 13, 7: 8}
Clearing endpoint 1.........
Gate position gate updated to [0 6]--------------c
Trying to moving ion 6... to 1
Ion assignment after moving ion 6: {0: 10, 1: 4, 2: 6, 3: 1, 4: 0, 5: 13, 6: 11, 7: 8}
Trying to solve brute-force congestion at gate [1, 0] with {0: 10, 1: 4, 2: 6, 3: 1, 4: 0, 5: 13, 6: 11, 7: 8}
Trying to moving ion 1... to 0
Ion assignment after moving ion 1: {0: 10, 1: 4, 2: 6, 3: 0, 4: 1, 5: 13, 6: 11, 7: 8}
Gate position gate updated to [0 1]--------------c
Trying to moving ion 1... to 1
Ion assignment after moving ion 1: {0: 10, 1: 4, 2: 6, 3: 0, 4: 1, 5: 13, 6: 11, 7: 8}
Trying to solve brute-force congestion at gate [13, 11] with {0: 10, 1: 4, 2: 6, 3: 0, 4: 1, 5: 13, 6: 11, 7: 8}
Trying to moving ion 11... to 10
Ion assignment after moving ion 11: {0: 11, 1: 4, 2: 6, 3: 0, 4: 1, 5: 13, 6: 10, 7: 8}
Clearing endpoint 11.........
Gate position gate updated to [10 18]--------------c
Trying to moving ion 18... to 11
Ion assignment after moving ion 18: {0: 12, 1: 4, 2: 6, 3: 0, 4: 1, 5: 11, 6: 10, 7: 8}
Trying to solve brute-force congestion at gate [11, 10] with {0: 12, 1: 4, 2: 6, 3: 0, 4: 1, 5: 11, 6: 10, 7: 8}
Trying to moving ion 11... to 10
Ion assignment after moving ion 11: {0: 12, 1: 4, 2: 6, 3: 0, 4: 1, 5: 10, 6: 11, 7: 8}
Gate position gate updated to [10 11]--------------c
Trying to moving ion 11... to 11
Ion assignment after moving ion 11: {0: 12, 1: 4, 2: 6, 3: 0, 4: 1, 5: 10, 6: 11, 7: 8}
Trying to solve brute-force congestion at gate [11, 8] with {0: 12, 1: 4, 2: 6, 3: 0, 4: 1, 5: 10, 6: 11, 7: 8}
Trying to moving ion 8... to 8
Ion assignment after moving ion 8: {0: 12, 1: 4, 2: 6, 3: 0, 4: 1, 5: 10, 6: 11, 7: 8}
Gate position gate updated to [ 8 11]--------------c
Trying to moving ion 11... to 9
Ion assignment after moving ion 11: {0: 12, 1: 4, 2: 6, 3: 0, 4: 1, 5: 10, 6: 9, 7: 8}
Trying to solve brute-force congestion at gate [9, 8] with {0: 12, 1: 4, 2: 6, 3: 0, 4: 1, 5: 10, 6: 9, 7: 8}
Trying to moving ion 9... to 8
Ion assignment after moving ion 9: {0: 12, 1: 4, 2: 6, 3: 0, 4: 1, 5: 10, 6: 8, 7: 9}
Gate position gate updated to [8 9]--------------c
Trying to moving ion 9... to 9
Ion assignment after moving ion 9: {0: 12, 1: 4, 2: 6, 3: 0, 4: 1, 5: 10, 6: 8, 7: 9}
Executing gate at point (0, 3).
Executing gate at point (0, 6).
Executing gate at point (1, 6).
Executing gate at point (1, 3).
Best move: (8, 9)
Best move: (9, 15)
Best move: (15, 18)
Best move: (13, 18)
Best move: (11, 13)
Executing gate at point (2, 5).
Executing gate at point (3, 5).
Best move: (10, 11)
Best move: (11, 13)
Best move: (0, 1)
Best move: (0, 1)
Best move: (13, 18)
Best move: (13, 18)
Try bruteforce due to multiple steps (6) to solve one gate
Trying to solve brute-force congestion at gate [1, 13] with {0: 12, 1: 4, 2: 6, 3: 0, 4: 1, 5: 13, 6: 10, 7: 8}
Trying to moving ion 1... to 0
Ion assignment after moving ion 1: {0: 12, 1: 4, 2: 6, 3: 1, 4: 0, 5: 13, 6: 10, 7: 8}
Clearing endpoint 1.........
Gate position gate updated to [ 0 13]--------------c
Trying to moving ion 13... to 1
Ion assignment after moving ion 13: {0: 14, 1: 4, 2: 6, 3: 18, 4: 0, 5: 1, 6: 10, 7: 8}
Executing gate at point (4, 4).
Executing gate at point (5, 4).
Best move: (1, 12)
Best move: (12, 13)
Best move: (11, 13)
Executing gate at point (6, 5).
Executing gate at point (7, 5).
Best move: (18, 19)
Best move: (17, 19)
Best move: (7, 17)
Executing gate at point (2, 2).
Executing gate at point (3, 2).
Best move: (7, 17)
Best move: (17, 19)
Best move: (18, 19)
Best move: (12, 18)
Best move: (1, 12)
Executing gate at point (6, 3).
Executing gate at point (7, 3).
Best move: (0, 1)
Best move: (1, 12)
Best move: (11, 13)
Best move: (8, 9)
Best move: (9, 15)
Best move: (15, 18)
Try bruteforce due to multiple steps (6) to solve one gate
Trying to solve brute-force congestion at gate [12, 13] with {0: 14, 1: 4, 2: 6, 3: 0, 4: 12, 5: 13, 6: 10, 7: 18}
Trying to moving ion 12... to 0
Ion assignment after moving ion 12: {0: 14, 1: 4, 2: 6, 3: 1, 4: 0, 5: 13, 6: 10, 7: 18}
Clearing endpoint 1.........
Gate position gate updated to [ 0 13]--------------c
Trying to moving ion 13... to 1
Ion assignment after moving ion 13: {0: 14, 1: 4, 2: 6, 3: 18, 4: 0, 5: 1, 6: 10, 7: 19}
Executing gate at point (8, 4).
Executing gate at point (9, 4).
Best move: (6, 7)
Best move: (7, 17)
Best move: (16, 17)
Best move: (5, 16)
Executing gate at point (4, 1).
Executing gate at point (5, 1).
Best move: (5, 16)
Best move: (15, 18)
Best move: (9, 15)
Best move: (8, 9)
Best move: (16, 17)
Best move: (16, 17)
Try bruteforce due to multiple steps (6) to solve one gate
Trying to solve brute-force congestion at gate [16, 8] with {0: 14, 1: 4, 2: 16, 3: 8, 4: 0, 5: 1, 6: 10, 7: 19}
Trying to moving ion 8... to 8
Ion assignment after moving ion 8: {0: 14, 1: 4, 2: 16, 3: 8, 4: 0, 5: 1, 6: 10, 7: 19}
Gate position gate updated to [ 8 16]--------------c
Trying to moving ion 16... to 9
Ion assignment after moving ion 16: {0: 14, 1: 4, 2: 9, 3: 8, 4: 0, 5: 1, 6: 10, 7: 18}
Executing gate at point (8, 2).
Executing gate at point (9, 2).
Best move: (0, 1)
Best move: (1, 12)
Best move: (8, 9)
Best move: (9, 15)
Best move: (12, 13)
Best move: (12, 13)
Try bruteforce due to multiple steps (6) to solve one gate
Trying to solve brute-force congestion at gate [15, 12] with {0: 14, 1: 4, 2: 8, 3: 15, 4: 12, 5: 0, 6: 10, 7: 18}
Trying to moving ion 12... to 0
Ion assignment after moving ion 12: {0: 14, 1: 4, 2: 8, 3: 15, 4: 0, 5: 1, 6: 10, 7: 18}Input filename:  TFIM_wsq_n8_s100_compiled
Algorithm:  SHAW
Trap type:  G2x3
Trap capacity:  2
Num layout passes:  2
Gate type:  FM
Run index:  9
Creating a QCCD machine ...
QCCD physical machine:
### Traps ### 
Trap(id='trap_0', max_num_ions=2, initial_num_ions=0, executable=True, measureable=True)
Trap(id='trap_1', max_num_ions=2, initial_num_ions=0, executable=True, measureable=True)
Trap(id='trap_2', max_num_ions=2, initial_num_ions=0, executable=True, measureable=True)
Trap(id='trap_3', max_num_ions=2, initial_num_ions=0, executable=True, measureable=True)
Trap(id='trap_4', max_num_ions=2, initial_num_ions=0, executable=True, measureable=True)
Trap(id='trap_5', max_num_ions=2, initial_num_ions=0, executable=True, measureable=True)
### Junctions ### 
Junction(id='junction_0')
Junction(id='junction_1')
Junction(id='junction_2')
### Segments ### 
Segment(id='segment_0', left=Trap(id='trap_0', max_num_ions=2, initial_num_ions=0, executable=True, measureable=True), right=Junction(id='junction_0'))
Segment(id='segment_1', left=Trap(id='trap_5', max_num_ions=2, initial_num_ions=0, executable=True, measureable=True), right=Junction(id='junction_0'))
Segment(id='segment_2', left=Trap(id='trap_1', max_num_ions=2, initial_num_ions=0, executable=True, measureable=True), right=Junction(id='junction_1'))
Segment(id='segment_3', left=Trap(id='trap_4', max_num_ions=2, initial_num_ions=0, executable=True, measureable=True), right=Junction(id='junction_1'))
Segment(id='segment_4', left=Trap(id='trap_2', max_num_ions=2, initial_num_ions=0, executable=True, measureable=True), right=Junction(id='junction_2'))
Segment(id='segment_5', left=Trap(id='trap_3', max_num_ions=2, initial_num_ions=0, executable=True, measureable=True), right=Junction(id='junction_2'))
Segment(id='segment_6', left=Junction(id='junction_0'), right=Junction(id='junction_1'))
Segment(id='segment_7', left=Junction(id='junction_1'), right=Junction(id='junction_2'))
Finished creating the QCCD physical machine.
Position graph:  CouplingGraph({(7, 17), (12, 13), (14, 19), (8, 9), (5, 16), (1, 12), (16, 19), (18, 19), (4, 5), (14, 18), (12, 18), (14, 15), (0, 1), (10, 11), (11, 13), (6, 7), (15, 19), (3, 14), (17, 19), (9, 15), (2, 3), (13, 18), (15, 18), (16, 17)})
Initial ion assignment:  {0: 10, 1: 8, 2: 9, 3: 7, 4: 0, 5: 11, 6: 3, 7: 2}
Congestion rate:  1.0
Scheduling QCCD: 7600.0 us, costing 8.812252699979581 s to compile
0.0076
8.812252699979581
{0: 12, 1: 4, 2: 6, 3: 0, 4: 1, 5: 10, 6: 8, 7: 9}
[0, 1, 2, 3, 4, 5, 6, 7]
