Input filename:  TFIM_n16_s100_compiled
Algorithm:  SHAW
Trap type:  G2x3
Trap capacity:  3
Num layout passes:  2
Gate type:  FM
Run index:  4
Creating a QCCD machine ...
QCCD physical machine:
### Traps ### 
Trap(id='trap_0', max_num_ions=3, initial_num_ions=0, executable=True, measureable=True)
Trap(id='trap_1', max_num_ions=3, initial_num_ions=0, executable=True, measureable=True)
Trap(id='trap_2', max_num_ions=3, initial_num_ions=0, executable=True, measureable=True)
Trap(id='trap_3', max_num_ions=3, initial_num_ions=0, executable=True, measureable=True)
Trap(id='trap_4', max_num_ions=3, initial_num_ions=0, executable=True, measureable=True)
Trap(id='trap_5', max_num_ions=3, initial_num_ions=0, executable=True, measureable=True)
### Junctions ### 
Junction(id='junction_0')
Junction(id='junction_1')
Junction(id='junction_2')
### Segments ### 
Segment(id='segment_0', left=Trap(id='trap_0', max_num_ions=3, initial_num_ions=0, executable=True, measureable=True), right=Junction(id='junction_0'))
Segment(id='segment_1', left=Trap(id='trap_5', max_num_ions=3, initial_num_ions=0, executable=True, measureable=True), right=Junction(id='junction_0'))
Segment(id='segment_2', left=Trap(id='trap_1', max_num_ions=3, initial_num_ions=0, executable=True, measureable=True), right=Junction(id='junction_1'))
Segment(id='segment_3', left=Trap(id='trap_4', max_num_ions=3, initial_num_ions=0, executable=True, measureable=True), right=Junction(id='junction_1'))
Segment(id='segment_4', left=Trap(id='trap_2', max_num_ions=3, initial_num_ions=0, executable=True, measureable=True), right=Junction(id='junction_2'))
Segment(id='segment_5', left=Trap(id='trap_3', max_num_ions=3, initial_num_ions=0, executable=True, measureable=True), right=Junction(id='junction_2'))
Segment(id='segment_6', left=Junction(id='junction_0'), right=Junction(id='junction_1'))
Segment(id='segment_7', left=Junction(id='junction_1'), right=Junction(id='junction_2'))
Finished creating the QCCD physical machine.
Position graph:  CouplingGraph({(3, 4), (12, 13), (22, 23), (21, 25), (23, 25), (11, 23), (13, 14), (19, 24), (18, 19), (4, 5), (20, 25), (21, 24), (22, 25), (14, 21), (0, 1), (9, 10), (1, 2), (10, 11), (6, 7), (15, 16), (24, 25), (18, 24), (20, 21), (20, 24), (17, 19), (5, 20), (8, 22), (2, 18), (7, 8), (16, 17)})
Initial ion assignment:  {0: 10, 1: 15, 2: 2, 3: 7, 4: 4, 5: 11, 6: 13, 7: 16, 8: 0, 9: 9, 10: 17, 11: 8, 12: 1, 13: 6, 14: 3, 15: 5}
Congestion rate:  1.0
Scheduling QCCD: 41095.99999999998 us, costing 12.299075734103099 s to compile
