Executing gate at point (0, 5).
Best move: (5, 36)
Best move: (35, 37)
Best move: (23, 41)
Best move: (11, 38)
Best move: (27, 28)
Best move: (28, 29)
Best move: (27, 28)
Best move: (17, 40)
Best move: (16, 17)
Best move: (15, 16)
Best move: (14, 15)
Best move: (6, 7)
Try bruteforce due to multiple steps (12) to solve one gate
Trying to solve brute-force congestion at gate [0, 17] with {0: 27, 1: 0, 2: 28, 3: 8, 4: 24, 5: 13, 6: 26, 7: 41, 8: 16, 9: 12, 10: 30, 11: 4, 12: 15, 13: 31, 14: 25, 15: 37, 16: 22, 17: 17, 18: 38, 19: 40, 20: 34, 21: 21, 22: 9, 23: 36, 24: 3, 25: 2, 26: 18, 27: 20, 28: 10, 29: 33, 30: 1, 31: 7}
Trying to moving ion 0... to 0
Ion assignment after moving ion 0: {0: 27, 1: 0, 2: 28, 3: 8, 4: 24, 5: 13, 6: 26, 7: 41, 8: 16, 9: 12, 10: 30, 11: 4, 12: 15, 13: 31, 14: 25, 15: 37, 16: 22, 17: 17, 18: 38, 19: 40, 20: 34, 21: 21, 22: 9, 23: 36, 24: 3, 25: 2, 26: 18, 27: 20, 28: 10, 29: 33, 30: 1, 31: 7}
Gate position gate updated to [ 0 17]--------------c
Trying to moving ion 17... to 1
Ion assignment after moving ion 17: {0: 27, 1: 0, 2: 28, 3: 8, 4: 24, 5: 13, 6: 26, 7: 41, 8: 16, 9: 12, 10: 30, 11: 5, 12: 15, 13: 31, 14: 25, 15: 35, 16: 22, 17: 1, 18: 38, 19: 39, 20: 34, 21: 21, 22: 9, 23: 37, 24: 4, 25: 3, 26: 18, 27: 20, 28: 10, 29: 33, 30: 2, 31: 7}
Executing gate at point (0, 1).
Best move: (32, 33)
Best move: (5, 36)
Best move: (33, 34)
Best move: (40, 41)
Best move: (7, 8)
Best move: (34, 35)
Best move: (8, 9)
Best move: (3, 4)
Best move: (16, 17)
Best move: (38, 43)
Best move: (41, 43)
Best move: (38, 39)
Try bruteforce due to multiple steps (12) to solve one gate
Trying to solve brute-force congestion at gate [37, 18] with {0: 27, 1: 0, 2: 28, 3: 7, 4: 24, 5: 13, 6: 26, 7: 40, 8: 17, 9: 12, 10: 30, 11: 36, 12: 15, 13: 31, 14: 25, 15: 34, 16: 22, 17: 1, 18: 41, 19: 38, 20: 33, 21: 21, 22: 8, 23: 37, 24: 3, 25: 4, 26: 18, 27: 20, 28: 10, 29: 32, 30: 2, 31: 9}
Trying to moving ion 18... to 18
Ion assignment after moving ion 18: {0: 27, 1: 0, 2: 28, 3: 7, 4: 24, 5: 13, 6: 26, 7: 40, 8: 17, 9: 12, 10: 30, 11: 36, 12: 15, 13: 31, 14: 25, 15: 34, 16: 22, 17: 1, 18: 41, 19: 38, 20: 33, 21: 21, 22: 8, 23: 37, 24: 3, 25: 4, 26: 18, 27: 20, 28: 10, 29: 32, 30: 2, 31: 9}
Gate position gate updated to [18 37]--------------c
Trying to moving ion 37... to 19
Ion assignment after moving ion 37: {0: 27, 1: 0, 2: 28, 3: 7, 4: 24, 5: 13, 6: 26, 7: 17, 8: 16, 9: 12, 10: 30, 11: 36, 12: 15, 13: 31, 14: 25, 15: 34, 16: 23, 17: 1, 18: 40, 19: 38, 20: 33, 21: 22, 22: 8, 23: 19, 24: 3, 25: 4, 26: 18, 27: 21, 28: 10, 29: 32, 30: 2, 31: 9}
Executing gate at point (0, 23).
Best move: (23, 41)
Best move: (36, 37)
Best move: (38, 42)
Best move: (36, 42)
Best move: (41, 43)
Best move: (40, 41)
Best move: (23, 41)
Executing gate at point (0, 18).
Best move: (42, 43)
Best move: (22, 23)
Best move: (23, 41)
Best move: (17, 40)
Best move: (40, 43)
Best move: (38, 43)
Best move: (11, 38)
Executing gate at point (0, 3).
Best move: (10, 11)
Best move: (11, 38)
Best move: (9, 10)
Best move: (16, 17)
Best move: (17, 40)
Best move: (40, 43)
Best move: (38, 39)
Best move: (15, 16)
Best move: (16, 17)
Best move: (17, 40)
Best move: (38, 42)
Best move: (8, 9)
Try bruteforce due to multiple steps (12) to solve one gate
Trying to solve brute-force congestion at gate [33, 9] with {0: 27, 1: 0, 2: 28, 3: 7, 4: 24, 5: 13, 6: 26, 7: 8, 8: 43, 9: 12, 10: 30, 11: 37, 12: 40, 13: 31, 14: 25, 15: 34, 16: 38, 17: 1, 18: 22, 19: 36, 20: 33, 21: 41, 22: 9, 23: 19, 24: 3, 25: 4, 26: 18, 27: 21, 28: 39, 29: 32, 30: 2, 31: 10}
Trying to moving ion 9... to 6
Ion assignment after moving ion 9: {0: 27, 1: 0, 2: 28, 3: 8, 4: 24, 5: 13, 6: 26, 7: 9, 8: 43, 9: 12, 10: 30, 11: 37, 12: 40, 13: 31, 14: 25, 15: 34, 16: 38, 17: 1, 18: 22, 19: 36, 20: 33, 21: 41, 22: 6, 23: 19, 24: 3, 25: 4, 26: 18, 27: 21, 28: 39, 29: 32, 30: 2, 31: 10}
As there are many ions outside the traps, move them to the trap...
Clearing endpoint 11.........
Gate position gate updated to [ 6 33]--------------c
Trying to moving ion 33... to 7
Ion assignment after moving ion 33: {0: 27, 1: 0, 2: 28, 3: 10, 4: 24, 5: 13, 6: 26, 7: 11, 8: 5, 9: 12, 10: 30, 11: 34, 12: 8, 13: 31, 14: 25, 15: 33, 16: 9, 17: 1, 18: 22, 19: 14, 20: 7, 21: 15, 22: 6, 23: 19, 24: 3, 25: 4, 26: 18, 27: 21, 28: 16, 29: 32, 30: 2, 31: 43}
Executing gate at point (0, 20).
Executing gate at point (0, 8).
Executing gate at point (0, 11).
Best move: (14, 15)
Best move: (33, 34)
Best move: (39, 43)
Best move: (9, 10)
Best move: (8, 9)
Best move: (4, 5)
Best move: (5, 36)
Best move: (10, 11)
Best move: (9, 10)
Best move: (11, 38)
Best move: (10, 11)
Best move: (3, 4)
Try bruteforce due to multiple steps (12) to solve one gate
Trying to solve brute-force congestion at gate [24, 39] with {0: 27, 1: 0, 2: 28, 3: 8, 4: 24, 5: 13, 6: 26, 7: 9, 8: 3, 9: 12, 10: 30, 11: 33, 12: 11, 13: 31, 14: 25, 15: 34, 16: 38, 17: 1, 18: 22, 19: 15, 20: 7, 21: 14, 22: 6, 23: 19, 24: 4, 25: 36, 26: 18, 27: 21, 28: 16, 29: 32, 30: 2, 31: 39}
Trying to moving ion 24... to 24
Ion assignment after moving ion 24: {0: 27, 1: 0, 2: 28, 3: 8, 4: 24, 5: 13, 6: 26, 7: 9, 8: 3, 9: 12, 10: 30, 11: 33, 12: 11, 13: 31, 14: 25, 15: 34, 16: 38, 17: 1, 18: 22, 19: 15, 20: 7, 21: 14, 22: 6, 23: 19, 24: 4, 25: 36, 26: 18, 27: 21, 28: 16, 29: 32, 30: 2, 31: 39}
Gate position gate updated to [24 39]--------------c
Trying to moving ion 39... to 25
Ion assignment after moving ion 39: {0: 28, 1: 0, 2: 29, 3: 8, 4: 24, 5: 13, 6: 27, 7: 9, 8: 3, 9: 12, 10: 30, 11: 33, 12: 11, 13: 31, 14: 26, 15: 34, 16: 38, 17: 1, 18: 22, 19: 15, 20: 7, 21: 14, 22: 6, 23: 19, 24: 4, 25: 36, 26: 18, 27: 21, 28: 16, 29: 32, 30: 2, 31: 25}
Executing gate at point (0, 4).
Best move: (29, 39)
Best move: (39, 42)
Best move: (37, 42)
Best move: (36, 42)
Best move: (36, 37)
Best move: (42, 43)
Best move: (40, 43)
Best move: (17, 40)
Executing gate at point (0, 21).
Best move: (5, 36)
Executing gate at point (0, 2).
Best move: (38, 42)
Best move: (37, 42)
Best move: (11, 38)
Best move: (16, 17)
Best move: (17, 40)
Best move: (40, 43)
Best move: (39, 43)
Best move: (15, 16)
Best move: (16, 17)
Best move: (17, 40)
Best move: (40, 43)
Best move: (42, 43)
Try bruteforce due to multiple steps (12) to solve one gate
Trying to solve brute-force congestion at gate [38, 26] with {0: 28, 1: 0, 2: 5, 3: 8, 4: 24, 5: 13, 6: 27, 7: 9, 8: 3, 9: 12, 10: 30, 11: 33, 12: 38, 13: 31, 14: 26, 15: 34, 16: 37, 17: 1, 18: 22, 19: 42, 20: 7, 21: 14, 22: 6, 23: 19, 24: 4, 25: 15, 26: 18, 27: 21, 28: 39, 29: 32, 30: 2, 31: 25}
Trying to moving ion 26... to 24
Ion assignment after moving ion 26: {0: 28, 1: 0, 2: 5, 3: 8, 4: 25, 5: 13, 6: 27, 7: 9, 8: 3, 9: 12, 10: 30, 11: 33, 12: 38, 13: 31, 14: 24, 15: 34, 16: 37, 17: 1, 18: 22, 19: 42, 20: 7, 21: 14, 22: 6, 23: 19, 24: 4, 25: 15, 26: 18, 27: 21, 28: 39, 29: 32, 30: 2, 31: 26}
Gate position gate updated to [24 38]--------------c
Trying to moving ion 38... to 25
Ion assignment after moving ion 38: {0: 29, 1: 0, 2: 5, 3: 8, 4: 26, 5: 13, 6: 28, 7: 9, 8: 3, 9: 12, 10: 30, 11: 33, 12: 25, 13: 31, 14: 24, 15: 34, 16: 37, 17: 1, 18: 22, 19: 42, 20: 7, 21: 14, 22: 6, 23: 19, 24: 4, 25: 15, 26: 18, 27: 21, 28: 43, 29: 32, 30: 2, 31: 27}
Executing gate at point (0, 12).
Best move: (29, 39)
Best move: (36, 42)
Best move: (39, 42)
Best move: (39, 43)
Best move: (29, 39)
Executing gate at point (0, 6).
Best move: (31, 32)
Best move: (30, 31)
Best move: (32, 33)
Best move: (31, 32)
Best move: (33, 34)
Best move: (33, 34)
Best move: (33, 34)
Best move: (33, 34)
Try bruteforce due to repeated pattern...
Trying to solve brute-force congestion at gate [33, 36] with {0: 42, 1: 0, 2: 5, 3: 8, 4: 26, 5: 13, 6: 28, 7: 9, 8: 3, 9: 12, 10: 32, 11: 31, 12: 25, 13: 33, 14: 24, 15: 34, 16: 37, 17: 1, 18: 22, 19: 36, 20: 7, 21: 14, 22: 6, 23: 19, 24: 4, 25: 15, 26: 18, 27: 21, 28: 29, 29: 30, 30: 2, 31: 27}
Trying to moving ion 33... to 30
Ion assignment after moving ion 33: {0: 42, 1: 0, 2: 5, 3: 8, 4: 26, 5: 13, 6: 28, 7: 9, 8: 3, 9: 12, 10: 33, 11: 32, 12: 25, 13: 30, 14: 24, 15: 34, 16: 37, 17: 1, 18: 22, 19: 36, 20: 7, 21: 14, 22: 6, 23: 19, 24: 4, 25: 15, 26: 18, 27: 21, 28: 29, 29: 31, 30: 2, 31: 27}Input filename:  QuantumVolume_wsq_32
Algorithm:  SHAPER
Trap type:  G2x3
Trap capacity:  6
Num layout passes:  2
Gate type:  FM
Run index:  3
Creating a QCCD machine ...
QCCD physical machine:
### Traps ### 
Trap(id='trap_0', max_num_ions=6, initial_num_ions=0, executable=True, measureable=True)
Trap(id='trap_1', max_num_ions=6, initial_num_ions=0, executable=True, measureable=True)
Trap(id='trap_2', max_num_ions=6, initial_num_ions=0, executable=True, measureable=True)
Trap(id='trap_3', max_num_ions=6, initial_num_ions=0, executable=True, measureable=True)
Trap(id='trap_4', max_num_ions=6, initial_num_ions=0, executable=True, measureable=True)
Trap(id='trap_5', max_num_ions=6, initial_num_ions=0, executable=True, measureable=True)
### Junctions ### 
Junction(id='junction_0')
Junction(id='junction_1')
Junction(id='junction_2')
### Segments ### 
Segment(id='segment_0', left=Trap(id='trap_0', max_num_ions=6, initial_num_ions=0, executable=True, measureable=True), right=Junction(id='junction_0'))
Segment(id='segment_1', left=Trap(id='trap_5', max_num_ions=6, initial_num_ions=0, executable=True, measureable=True), right=Junction(id='junction_0'))
Segment(id='segment_2', left=Trap(id='trap_1', max_num_ions=6, initial_num_ions=0, executable=True, measureable=True), right=Junction(id='junction_1'))
Segment(id='segment_3', left=Trap(id='trap_4', max_num_ions=6, initial_num_ions=0, executable=True, measureable=True), right=Junction(id='junction_1'))
Segment(id='segment_4', left=Trap(id='trap_2', max_num_ions=6, initial_num_ions=0, executable=True, measureable=True), right=Junction(id='junction_2'))
Segment(id='segment_5', left=Trap(id='trap_3', max_num_ions=6, initial_num_ions=0, executable=True, measureable=True), right=Junction(id='junction_2'))
Segment(id='segment_6', left=Junction(id='junction_0'), right=Junction(id='junction_1'))
Segment(id='segment_7', left=Junction(id='junction_1'), right=Junction(id='junction_2'))
Finished creating the QCCD physical machine.
Position graph:  CouplingGraph({(41, 43), (3, 4), (26, 27), (12, 13), (21, 22), (17, 40), (22, 23), (31, 32), (8, 9), (39, 42), (40, 41), (27, 28), (25, 26), (36, 37), (37, 42), (13, 14), (32, 33), (11, 38), (18, 19), (4, 5), (14, 15), (38, 43), (0, 1), (9, 10), (40, 43), (1, 2), (10, 11), (19, 20), (28, 29), (36, 42), (5, 36), (6, 7), (15, 16), (24, 25), (33, 34), (42, 43), (35, 37), (20, 21), (38, 42), (38, 39), (29, 39), (34, 35), (39, 43), (2, 3), (23, 41), (7, 8), (30, 31), (16, 17)})
Initial ion assignment:  {0: 29, 1: 0, 2: 28, 3: 8, 4: 24, 5: 13, 6: 26, 7: 23, 8: 15, 9: 12, 10: 30, 11: 4, 12: 14, 13: 31, 14: 25, 15: 35, 16: 22, 17: 16, 18: 11, 19: 17, 20: 34, 21: 21, 22: 9, 23: 5, 24: 3, 25: 2, 26: 18, 27: 20, 28: 10, 29: 33, 30: 1, 31: 6}
Congestion rate:  1.0
Traceback (most recent call last):
  File "C:\Users\PC\Documents\GitHub\bqskit-shuttling\bqskit\shuttling\qccd\run.py", line 150, in <module>
    runtime, sp = schedule_QCCD(data["instruction_list"],
                  ^^^^^^^^^^^^^^^^^^^^^^^^^^^^^^^^^^^^^^^
  File "C:\Users\PC\Documents\GitHub\bqskit-shuttling\bqskit\shuttling\qccd\QCCD_schedule.py", line 206, in schedule_QCCD
    return runtime, shuttling_time/(shuttling_time+execution_time)
                    ~~~~~~~~~~~~~~^^~~~~~~~~~~~~~~~~~~~~~~~~~~~~~~
ZeroDivisionError: float division by zero
