Input filename:  TFIM_n16_s100_compiled
Algorithm:  SHAW
Trap type:  G2x3
Trap capacity:  4
Num layout passes:  2
Gate type:  FM
Run index:  3
Creating a QCCD machine ...
QCCD physical machine:
### Traps ### 
Trap(id='trap_0', max_num_ions=4, initial_num_ions=0, executable=True, measureable=True)
Trap(id='trap_1', max_num_ions=4, initial_num_ions=0, executable=True, measureable=True)
Trap(id='trap_2', max_num_ions=4, initial_num_ions=0, executable=True, measureable=True)
Trap(id='trap_3', max_num_ions=4, initial_num_ions=0, executable=True, measureable=True)
Trap(id='trap_4', max_num_ions=4, initial_num_ions=0, executable=True, measureable=True)
Trap(id='trap_5', max_num_ions=4, initial_num_ions=0, executable=True, measureable=True)
### Junctions ### 
Junction(id='junction_0')
Junction(id='junction_1')
Junction(id='junction_2')
### Segments ### 
Segment(id='segment_0', left=Trap(id='trap_0', max_num_ions=4, initial_num_ions=0, executable=True, measureable=True), right=Junction(id='junction_0'))
Segment(id='segment_1', left=Trap(id='trap_5', max_num_ions=4, initial_num_ions=0, executable=True, measureable=True), right=Junction(id='junction_0'))
Segment(id='segment_2', left=Trap(id='trap_1', max_num_ions=4, initial_num_ions=0, executable=True, measureable=True), right=Junction(id='junction_1'))
Segment(id='segment_3', left=Trap(id='trap_4', max_num_ions=4, initial_num_ions=0, executable=True, measureable=True), right=Junction(id='junction_1'))
Segment(id='segment_4', left=Trap(id='trap_2', max_num_ions=4, initial_num_ions=0, executable=True, measureable=True), right=Junction(id='junction_2'))
Segment(id='segment_5', left=Trap(id='trap_3', max_num_ions=4, initial_num_ions=0, executable=True, measureable=True), right=Junction(id='junction_2'))
Segment(id='segment_6', left=Junction(id='junction_0'), right=Junction(id='junction_1'))
Segment(id='segment_7', left=Junction(id='junction_1'), right=Junction(id='junction_2'))
Finished creating the QCCD physical machine.
Position graph:  CouplingGraph({(24, 30), (26, 30), (7, 26), (26, 27), (12, 13), (21, 22), (22, 23), (8, 9), (23, 25), (17, 18), (13, 14), (27, 31), (19, 27), (18, 19), (4, 5), (15, 29), (5, 6), (29, 31), (14, 15), (0, 1), (9, 10), (3, 24), (1, 2), (10, 11), (27, 30), (28, 29), (11, 28), (6, 7), (24, 25), (25, 30), (26, 31), (20, 21), (2, 3), (28, 31), (30, 31), (16, 17)})
Initial ion assignment:  {0: 14, 1: 20, 2: 10, 3: 11, 4: 0, 5: 18, 6: 16, 7: 4, 8: 17, 9: 13, 10: 12, 11: 21, 12: 15, 13: 7, 14: 5, 15: 3}
Congestion rate:  1.0
Scheduling QCCD: 35057.99999999996 us, costing 256.357120095985 s to compile
