Best move: (7, 17)
Best move: (17, 19)
Best move: (14, 19)
Best move: (10, 11)
Best move: (11, 13)
Best move: (13, 18)
Try bruteforce due to multiple steps (6) to solve one gate
Trying to solve brute-force congestion at gate [18, 9] with {0: 10, 1: 6, 2: 1, 3: 18, 4: 9, 5: 0, 6: 14, 7: 2}
Trying to moving ion 9... to 8
Ion assignment after moving ion 9: {0: 10, 1: 6, 2: 1, 3: 18, 4: 8, 5: 0, 6: 14, 7: 2}
Gate position gate updated to [ 8 18]--------------c
Trying to moving ion 18... to 9
Ion assignment after moving ion 18: {0: 10, 1: 6, 2: 1, 3: 9, 4: 8, 5: 0, 6: 14, 7: 2}
Executing gate at point (0, 3).
Best move: (1, 12)
Best move: (12, 18)
Best move: (3, 14)
Executing gate at point (0, 6).
Best move: (3, 14)
Best move: (9, 15)
Best move: (18, 19)
Best move: (16, 19)
Best move: (15, 19)
Best move: (5, 16)
Try bruteforce due to multiple steps (6) to solve one gate
Trying to solve brute-force congestion at gate [5, 19] with {0: 10, 1: 6, 2: 5, 3: 19, 4: 8, 5: 0, 6: 14, 7: 2}
Trying to moving ion 5... to 4
Ion assignment after moving ion 5: {0: 10, 1: 6, 2: 4, 3: 19, 4: 8, 5: 0, 6: 14, 7: 2}
Gate position gate updated to [ 4 19]--------------c
Trying to moving ion 19... to 5
Ion assignment after moving ion 19: {0: 10, 1: 6, 2: 4, 3: 5, 4: 8, 5: 0, 6: 14, 7: 2}
Executing gate at point (1, 2).
Best move: (14, 18)
Best move: (12, 18)
Best move: (1, 12)
Executing gate at point (1, 5).
Best move: (0, 1)
Best move: (1, 12)
Best move: (12, 18)
Best move: (15, 18)
Best move: (4, 5)
Best move: (5, 16)
Try bruteforce due to multiple steps (6) to solve one gate
Trying to solve brute-force congestion at gate [8, 15] with {0: 10, 1: 6, 2: 16, 3: 4, 4: 8, 5: 15, 6: 0, 7: 2}
Trying to moving ion 8... to 8
Ion assignment after moving ion 8: {0: 10, 1: 6, 2: 16, 3: 4, 4: 8, 5: 15, 6: 0, 7: 2}
Gate position gate updated to [ 8 15]--------------c
Trying to moving ion 15... to 9
Ion assignment after moving ion 15: {0: 10, 1: 6, 2: 16, 3: 4, 4: 8, 5: 9, 6: 0, 7: 2}
Executing gate at point (2, 4).
Best move: (16, 17)
Best move: (9, 15)
Best move: (15, 18)
Best move: (12, 18)
Best move: (1, 12)
Executing gate at point (3, 5).
Best move: (7, 17)
Executing gate at point (2, 1).
Best move: (6, 7)
Best move: (7, 17)
Best move: (4, 5)
Best move: (5, 16)
Best move: (16, 19)
Best move: (15, 19)
Try bruteforce due to multiple steps (6) to solve one gate
Trying to solve brute-force congestion at gate [0, 2] with {0: 10, 1: 17, 2: 6, 3: 15, 4: 8, 5: 1, 6: 0, 7: 2}
Trying to moving ion 2... to 2
Ion assignment after moving ion 2: {0: 10, 1: 17, 2: 6, 3: 15, 4: 8, 5: 1, 6: 0, 7: 2}
Gate position gate updated to [2 0]--------------c
Trying to moving ion 0... to 3
Ion assignment after moving ion 0: {0: 10, 1: 17, 2: 6, 3: 15, 4: 8, 5: 0, 6: 3, 7: 2}
Executing gate at point (4, 6).
Best move: (17, 19)
Best move: (9, 15)
Executing gate at point (3, 3).
Best move: (18, 19)
Best move: (13, 18)
Best move: (11, 13)
Executing gate at point (3, 0).
Best move: (9, 15)
Best move: (15, 19)
Best move: (17, 19)
Best move: (8, 9)
Best move: (9, 15)
Best move: (15, 18)
Try bruteforce due to multiple steps (6) to solve one gate
Trying to solve brute-force congestion at gate [18, 0] with {0: 10, 1: 11, 2: 6, 3: 17, 4: 18, 5: 0, 6: 3, 7: 2}
Trying to moving ion 0... to 0
Ion assignment after moving ion 0: {0: 10, 1: 11, 2: 6, 3: 17, 4: 18, 5: 0, 6: 3, 7: 2}
Gate position gate updated to [ 0 18]--------------c
Trying to moving ion 18... to 1
Ion assignment after moving ion 18: {0: 10, 1: 11, 2: 6, 3: 17, 4: 1, 5: 0, 6: 3, 7: 2}
Executing gate at point (4, 4).
Best move: (3, 14)
Best move: (0, 1)
Best move: (1, 12)
Best move: (12, 18)
Best move: (15, 18)
Best move: (9, 15)
Try bruteforce due to multiple steps (6) to solve one gate
Trying to solve brute-force congestion at gate [9, 14] with {0: 10, 1: 11, 2: 6, 3: 17, 4: 0, 5: 9, 6: 14, 7: 2}
Trying to moving ion 9... to 8
Ion assignment after moving ion 9: {0: 10, 1: 11, 2: 6, 3: 17, 4: 0, 5: 8, 6: 14, 7: 2}
Gate position gate updated to [ 8 14]--------------c
Trying to moving ion 14... to 9
Ion assignment after moving ion 14: {0: 10, 1: 11, 2: 6, 3: 17, 4: 0, 5: 8, 6: 9, 7: 2}
Executing gate at point (5, 5).
Best move: (7, 17)
Executing gate at point (4, 2).
Best move: (7, 17)
Best move: (17, 19)
Best move: (18, 19)
Best move: (12, 18)
Best move: (1, 12)
Executing gate at point (5, 3).
Best move: (11, 13)
Best move: (13, 18)
Best move: (18, 19)
Best move: (17, 19)
Best move: (7, 17)
Executing gate at point (5, 1).
Trying to solve brute-force congestion at gate [0, 8] with {0: 10, 1: 19, 2: 6, 3: 12, 4: 0, 5: 8, 6: 3, 7: 2}
Trying to moving ion 0... to 0
Ion assignment after moving ion 0: {0: 10, 1: 19, 2: 6, 3: 12, 4: 0, 5: 8, 6: 3, 7: 2}
Gate position gate updated to [0 8]--------------c
Trying to moving ion 8... to 1
Ion assignment after moving ion 8: {0: 10, 1: 19, 2: 6, 3: 13, 4: 0, 5: 1, 6: 3, 7: 2}
Trying to solve brute-force congestion at gate [6, 13] with {0: 10, 1: 19, 2: 6, 3: 13, 4: 0, 5: 1, 6: 3, 7: 2}
Trying to moving ion 6... to 6
Ion assignment after moving ion 6: {0: 10, 1: 19, 2: 6, 3: 13, 4: 0, 5: 1, 6: 3, 7: 2}
Gate position gate updated to [ 6 13]--------------c
Trying to moving ion 13... to 7
Ion assignment after moving ion 13: {0: 10, 1: 14, 2: 6, 3: 7, 4: 0, 5: 1, 6: 3, 7: 2}
Trying to solve brute-force congestion at gate [7, 0] with {0: 10, 1: 14, 2: 6, 3: 7, 4: 0, 5: 1, 6: 3, 7: 2}
Trying to moving ion 0... to 0
Ion assignment after moving ion 0: {0: 10, 1: 14, 2: 6, 3: 7, 4: 0, 5: 1, 6: 3, 7: 2}
Clearing endpoint 1.........
Gate position gate updated to [0 7]--------------c
Trying to moving ion 7... to 1
Ion assignment after moving ion 7: {0: 10, 1: 14, 2: 6, 3: 1, 4: 0, 5: 13, 6: 3, 7: 2}
Trying to solve brute-force congestion at gate [13, 3] with {0: 10, 1: 14, 2: 6, 3: 1, 4: 0, 5: 13, 6: 3, 7: 2}
Trying to moving ion 3... to 2
Ion assignment after moving ion 3: {0: 10, 1: 14, 2: 6, 3: 1, 4: 0, 5: 13, 6: 2, 7: 3}
Clearing endpoint 3.........
Gate position gate updated to [ 2 13]--------------c
Trying to moving ion 13... to 3
Ion assignment after moving ion 13: {0: 10, 1: 19, 2: 6, 3: 1, 4: 0, 5: 3, 6: 2, 7: 15}
Trying to solve brute-force congestion at gate [0, 3] with {0: 10, 1: 19, 2: 6, 3: 1, 4: 0, 5: 3, 6: 2, 7: 15}
Trying to moving ion 0... to 0
Ion assignment after moving ion 0: {0: 10, 1: 19, 2: 6, 3: 1, 4: 0, 5: 3, 6: 2, 7: 15}
Clearing endpoint 1.........
Gate position gate updated to [0 3]--------------c
Trying to moving ion 3... to 1
Ion assignment after moving ion 3: {0: 10, 1: 19, 2: 6, 3: 13, 4: 0, 5: 1, 6: 2, 7: 15}
Trying to solve brute-force congestion at gate [1, 2] with {0: 10, 1: 19, 2: 6, 3: 13, 4: 0, 5: 1, 6: 2, 7: 15}
Trying to moving ion 2... to 2
Ion assignment after moving ion 2: {0: 10, 1: 19, 2: 6, 3: 13, 4: 0, 5: 1, 6: 2, 7: 15}
Gate position gate updated to [2 1]--------------c
Trying to moving ion 1... to 3
Ion assignment after moving ion 1: {0: 10, 1: 19, 2: 6, 3: 13, 4: 0, 5: 3, 6: 2, 7: 15}
Trying to solve brute-force congestion at gate [2, 15] with {0: 10, 1: 19, 2: 6, 3: 13, 4: 0, 5: 3, 6: 2, 7: 15}
Trying to moving ion 2... to 2
Ion assignment after moving ion 2: {0: 10, 1: 19, 2: 6, 3: 13, 4: 0, 5: 3, 6: 2, 7: 15}
Clearing endpoint 3.........
Gate position gate updated to [ 2 15]--------------c
Trying to moving ion 15... to 3
Ion assignment after moving ion 15: {0: 10, 1: 19, 2: 6, 3: 13, 4: 0, 5: 18, 6: 2, 7: 3}
Trying to solve brute-force congestion at gate [10, 19] with {0: 10, 1: 19, 2: 6, 3: 13, 4: 0, 5: 18, 6: 2, 7: 3}
Trying to moving ion 10... to 10
Ion assignment after moving ion 10: {0: 10, 1: 19, 2: 6, 3: 13, 4: 0, 5: 18, 6: 2, 7: 3}
Gate position gate updated to [10 19]--------------c
Trying to moving ion 19... to 11
Ion assignment after moving ion 19: {0: 10, 1: 11, 2: 6, 3: 12, 4: 0, 5: 15, 6: 2, 7: 3}
Trying to solve brute-force congestion at gate [11, 6] with {0: 10, 1: 11, 2: 6, 3: 12, 4: 0, 5: 15, 6: 2, 7: 3}
Trying to moving ion 6... to 6
Ion assignment after moving ion 6: {0: 10, 1: 11, 2: 6, 3: 12, 4: 0, 5: 15, 6: 2, 7: 3}
Gate position gate updated to [ 6 11]--------------c
Trying to moving ion 11... to 7
Ion assignment after moving ion 11: {0: 10, 1: 7, 2: 6, 3: 12, 4: 0, 5: 15, 6: 2, 7: 3}
Trying to solve brute-force congestion at gate [6, 12] with {0: 10, 1: 7, 2: 6, 3: 12, 4: 0, 5: 15, 6: 2, 7: 3}
Trying to moving ion 6... to 6
Ion assignment after moving ion 6: {0: 10, 1: 7, 2: 6, 3: 12, 4: 0, 5: 15, 6: 2, 7: 3}
Clearing endpoint 7.........
Gate position gate updated to [ 6 12]--------------c
Trying to moving ion 12... to 7
Ion assignment after moving ion 12: {0: 10, 1: 16, 2: 6, 3: 7, 4: 0, 5: 15, 6: 2, 7: 3}
Trying to solve brute-force congestion at gate [7, 0] with {0: 10, 1: 16, 2: 6, 3: 7, 4: 0, 5: 15, 6: 2, 7: 3}
Trying to moving ion 0... to 0
Ion assignment after moving ion 0: {0: 10, 1: 16, 2: 6, 3: 7, 4: 0, 5: 15, 6: 2, 7: 3}
Gate position gate updated to [0 7]--------------c
Trying to moving ion 7... to 1
Ion assignment after moving ion 7: {0: 10, 1: 16, 2: 6, 3: 1, 4: 0, 5: 15, 6: 2, 7: 3}
Executing gate at point (0, 3).
Executing gate at point (0, 6).
Best move: (1, 12)
Best move: (12, 18)
Best move: (18, 19)
Best move: (17, 19)
Best move: (2, 3)
Best move: (3, 14)
Try bruteforce due to multiple steps (6) to solve one gate
Trying to solve brute-force congestion at gate [6, 17] with {0: 10, 1: 16, 2: 6, 3: 17, 4: 0, 5: 15, 6: 14, 7: 2}
Trying to moving ion 6... to 6
Ion assignment after moving ion 6: {0: 10, 1: 16, 2: 6, 3: 17, 4: 0, 5: 15, 6: 14, 7: 2}
Gate position gate updated to [ 6 17]--------------c
Trying to moving ion 17... to 7
Ion assignment after moving ion 17: {0: 10, 1: 16, 2: 6, 3: 7, 4: 0, 5: 15, 6: 14, 7: 2}
Executing gate at point (1, 2).
Best move: (6, 7)
Best move: (7, 17)
Best move: (5, 16)
Best move: (16, 17)
Best move: (4, 5)
Best move: (5, 16)
Try bruteforce due to multiple steps (6) to solve one gate
Trying to solve brute-force congestion at gate [4, 5] with {0: 10, 1: 4, 2: 5, 3: 6, 4: 0, 5: 15, 6: 14, 7: 2}
Trying to moving ion 4... to 4
Ion assignment after moving ion 4: {0: 10, 1: 4, 2: 5, 3: 6, 4: 0, 5: 15, 6: 14, 7: 2}
Gate position gate updated to [4 5]--------------c
Trying to moving ion 5... to 5
Ion assignment after moving ion 5: {0: 10, 1: 4, 2: 5, 3: 6, 4: 0, 5: 15, 6: 14, 7: 2}
Executing gate at point (2, 1).
Best move: (4, 5)
Best move: (5, 16)
Best move: (16, 19)
Best move: (18, 19)
Best move: (13, 18)
Best move: (11, 13)
Try bruteforce due to multiple steps (6) to solve one gate
Trying to solve brute-force congestion at gate [10, 11] with {0: 10, 1: 11, 2: 4, 3: 6, 4: 0, 5: 15, 6: 14, 7: 2}
Trying to moving ion 10... to 10
Ion assignment after moving ion 10: {0: 10, 1: 11, 2: 4, 3: 6, 4: 0, 5: 15, 6: 14, 7: 2}
Gate position gate updated to [10 11]--------------c
Trying to moving ion 11... to 11
Ion assignment after moving ion 11: {0: 10, 1: 11, 2: 4, 3: 6, 4: 0, 5: 15, 6: 14, 7: 2}
Executing gate at point (3, 0).
Best move: (15, 18)
Best move: (14, 15)
Best move: (9, 15)
Best move: (15, 18)
Best move: (8, 9)
Best move: (9, 15)
Try bruteforce due to multiple steps (6) to solve one gate
Trying to solve brute-force congestion at gate [9, 8] with {0: 10, 1: 11, 2: 4, 3: 6, 4: 0, 5: 9, 6: 8, 7: 2}
Trying to moving ion 9... to 8
Ion assignment after moving ion 9: {0: 10, 1: 11, 2: 4, 3: 6, 4: 0, 5: 8, 6: 9, 7: 2}
Gate position gate updated to [8 9]--------------c
Trying to moving ion 9... to 9
Ion assignment after moving ion 9: {0: 10, 1: 11, 2: 4, 3: 6, 4: 0, 5: 8, 6: 9, 7: 2}
Executing gate at point (1, 5).
Best move: (8, 9)
Best move: (9, 15)
Best move: (15, 18)
Best move: (12, 18)
Best move: (1, 12)
Executing gate at point (2, 4).
Best move: (1, 12)
Best move: (6, 7)
Best move: (7, 17)
Best move: (17, 19)
Best move: (18, 19)
Best move: (13, 18)
Try bruteforce due to multiple steps (6) to solve one gate
Trying to solve brute-force congestion at gate [13, 0] with {0: 10, 1: 11, 2: 4, 3: 13, 4: 0, 5: 12, 6: 8, 7: 2}
Trying to moving ion 0... to 0
Ion assignment after moving ion 0: {0: 10, 1: 11, 2: 4, 3: 13, 4: 0, 5: 12, 6: 8, 7: 2}
Gate position gate updated to [ 0 13]--------------c
Trying to moving ion 13... to 1
Ion assignment after moving ion 13: {0: 10, 1: 11, 2: 4, 3: 1, 4: 0, 5: 18, 6: 8, 7: 2}
Executing gate at point (3, 3).
Best move: (15, 18)
Best move: (1, 12)
Best move: (9, 15)
Executing gate at point (3, 5).
Best move: (12, 18)
Best move: (18, 19)
Best move: (16, 19)
Best move: (9, 15)
Best move: (15, 18)
Best move: (12, 18)
Try bruteforce due to multiple steps (6) to solve one gate
Trying to solve brute-force congestion at gate [0, 12] with {0: 10, 1: 11, 2: 4, 3: 16, 4: 0, 5: 12, 6: 8, 7: 2}
Trying to moving ion 0... to 0
Ion assignment after moving ion 0: {0: 10, 1: 11, 2: 4, 3: 16, 4: 0, 5: 12, 6: 8, 7: 2}
Gate position gate updated to [ 0 12]--------------c
Trying to moving ion 12... to 1
Ion assignment after moving ion 12: {0: 10, 1: 11, 2: 4, 3: 16, 4: 0, 5: 1, 6: 8, 7: 2}
Executing gate at point (4, 4).
Best move: (2, 3)
Best move: (3, 14)
Best move: (14, 15)
Best move: (9, 15)
Executing gate at point (4, 6).
Best move: (1, 12)
Best move: (12, 18)
Best move: (14, 18)
Best move: (8, 9)
Best move: (9, 15)
Best move: (3, 14)
Try bruteforce due to multiple steps (6) to solve one gate
Trying to solve brute-force congestion at gate [3, 15] with {0: 10, 1: 11, 2: 4, 3: 16, 4: 0, 5: 3, 6: 15, 7: 8}
Trying to moving ion 3... to 2
Ion assignment after moving ion 3: {0: 10, 1: 11, 2: 4, 3: 16, 4: 0, 5: 2, 6: 15, 7: 8}
Gate position gate updated to [ 2 15]--------------c
Trying to moving ion 15... to 3
Ion assignment after moving ion 15: {0: 10, 1: 11, 2: 4, 3: 16, 4: 0, 5: 2, 6: 3, 7: 8}
Executing gate at point (5, 5).
Best move: (5, 16)
Executing gate at point (4, 2).
Best move: (5, 16)
Best move: (16, 19)
Best move: (18, 19)
Best move: (12, 18)
Best move: (1, 12)
Executing gate at point (5, 3).
Best move: (11, 13)
Best move: (13, 18)
Best move: (18, 19)
Best move: (16, 19)
Best move: (5, 16)
Executing gate at point (5, 1).
Trying to solve brute-force congestion at gate [0, 2] with {0: 10, 1: 19, 2: 4, 3: 12, 4: 0, 5: 2, 6: 9, 7: 8}
Trying to moving ion 0... to 0
Ion assignment after moving ion 0: {0: 10, 1: 19, 2: 4, 3: 12, 4: 0, 5: 2, 6: 9, 7: 8}
Gate position gate updated to [0 2]--------------c
Trying to moving ion 2... to 1
Ion assignment after moving ion 2: {0: 10, 1: 19, 2: 4, 3: 13, 4: 0, 5: 1, 6: 9, 7: 8}
Trying to solve brute-force congestion at gate [4, 13] with {0: 10, 1: 19, 2: 4, 3: 13, 4: 0, 5: 1, 6: 9, 7: 8}
Trying to moving ion 4... to 4
Ion assignment after moving ion 4: {0: 10, 1: 19, 2: 4, 3: 13, 4: 0, 5: 1, 6: 9, 7: 8}
Gate position gate updated to [ 4 13]--------------c
Trying to moving ion 13... to 5
Ion assignment after moving ion 13: {0: 10, 1: 14, 2: 4, 3: 5, 4: 0, 5: 1, 6: 9, 7: 8}
Trying to solve brute-force congestion at gate [5, 0] with {0: 10, 1: 14, 2: 4, 3: 5, 4: 0, 5: 1, 6: 9, 7: 8}
Trying to moving ion 0... to 0
Ion assignment after moving ion 0: {0: 10, 1: 14, 2: 4, 3: 5, 4: 0, 5: 1, 6: 9, 7: 8}
Clearing endpoint 1.........
Gate position gate updated to [0 5]--------------c
Trying to moving ion 5... to 1
Ion assignment after moving ion 5: {0: 10, 1: 14, 2: 4, 3: 1, 4: 0, 5: 13, 6: 9, 7: 8}
Trying to solve brute-force congestion at gate [13, 9] with {0: 10, 1: 14, 2: 4, 3: 1, 4: 0, 5: 13, 6: 9, 7: 8}
Trying to moving ion 9... to 8
Ion assignment after moving ion 9: {0: 10, 1: 14, 2: 4, 3: 1, 4: 0, 5: 13, 6: 8, 7: 9}
Clearing endpoint 9.........
Gate position gate updated to [ 8 13]--------------c
Trying to moving ion 13... to 9
Ion assignment after moving ion 13: {0: 10, 1: 14, 2: 4, 3: 1, 4: 0, 5: 9, 6: 8, 7: 19}
Trying to solve brute-force congestion at gate [0, 9] with {0: 10, 1: 14, 2: 4, 3: 1, 4: 0, 5: 9, 6: 8, 7: 19}
Trying to moving ion 0... to 0
Ion assignment after moving ion 0: {0: 10, 1: 14, 2: 4, 3: 1, 4: 0, 5: 9, 6: 8, 7: 19}
Clearing endpoint 1.........
Gate position gate updated to [0 9]--------------c
Trying to moving ion 9... to 1
Ion assignment after moving ion 9: {0: 10, 1: 14, 2: 4, 3: 13, 4: 0, 5: 1, 6: 8, 7: 19}Input filename:  TFIM_n8_s100_compiled
Algorithm:  SHAPER
Trap type:  G2x3
Trap capacity:  2
Num layout passes:  2
Gate type:  FM
Run index:  4
Creating a QCCD machine ...
QCCD physical machine:
### Traps ### 
Trap(id='trap_0', max_num_ions=2, initial_num_ions=0, executable=True, measureable=True)
Trap(id='trap_1', max_num_ions=2, initial_num_ions=0, executable=True, measureable=True)
Trap(id='trap_2', max_num_ions=2, initial_num_ions=0, executable=True, measureable=True)
Trap(id='trap_3', max_num_ions=2, initial_num_ions=0, executable=True, measureable=True)
Trap(id='trap_4', max_num_ions=2, initial_num_ions=0, executable=True, measureable=True)
Trap(id='trap_5', max_num_ions=2, initial_num_ions=0, executable=True, measureable=True)
### Junctions ### 
Junction(id='junction_0')
Junction(id='junction_1')
Junction(id='junction_2')
### Segments ### 
Segment(id='segment_0', left=Trap(id='trap_0', max_num_ions=2, initial_num_ions=0, executable=True, measureable=True), right=Junction(id='junction_0'))
Segment(id='segment_1', left=Trap(id='trap_5', max_num_ions=2, initial_num_ions=0, executable=True, measureable=True), right=Junction(id='junction_0'))
Segment(id='segment_2', left=Trap(id='trap_1', max_num_ions=2, initial_num_ions=0, executable=True, measureable=True), right=Junction(id='junction_1'))
Segment(id='segment_3', left=Trap(id='trap_4', max_num_ions=2, initial_num_ions=0, executable=True, measureable=True), right=Junction(id='junction_1'))
Segment(id='segment_4', left=Trap(id='trap_2', max_num_ions=2, initial_num_ions=0, executable=True, measureable=True), right=Junction(id='junction_2'))
Segment(id='segment_5', left=Trap(id='trap_3', max_num_ions=2, initial_num_ions=0, executable=True, measureable=True), right=Junction(id='junction_2'))
Segment(id='segment_6', left=Junction(id='junction_0'), right=Junction(id='junction_1'))
Segment(id='segment_7', left=Junction(id='junction_1'), right=Junction(id='junction_2'))
Finished creating the QCCD physical machine.
Position graph:  CouplingGraph({(7, 17), (12, 13), (14, 19), (8, 9), (5, 16), (1, 12), (16, 19), (18, 19), (4, 5), (14, 18), (12, 18), (14, 15), (0, 1), (10, 11), (11, 13), (6, 7), (15, 19), (3, 14), (17, 19), (9, 15), (2, 3), (13, 18), (15, 18), (16, 17)})
Initial ion assignment:  {0: 11, 1: 6, 2: 1, 3: 10, 4: 9, 5: 0, 6: 7, 7: 2}
Congestion rate:  1.0
Scheduling QCCD: 1040004559.9999999 us, costing 9.155992300016806 s to compile
1040.0045599999999
9.155992300016806
{0: 10, 1: 17, 2: 4, 3: 1, 4: 0, 5: 14, 6: 8, 7: 9}
[0, 1, 2, 3, 4, 5, 6, 7]
