Best move: (9, 15)
Best move: (14, 15)
Best move: (6, 7)
Best move: (7, 17)
Best move: (16, 17)
Best move: (3, 14)
Try bruteforce due to multiple steps (6) to solve one gate
Trying to solve brute-force congestion at gate [16, 4] with {0: 0, 1: 16, 2: 11, 3: 3, 4: 6, 5: 4, 6: 2, 7: 8}
Trying to moving ion 4... to 4
Ion assignment after moving ion 4: {0: 0, 1: 16, 2: 11, 3: 3, 4: 6, 5: 4, 6: 2, 7: 8}
Gate position gate updated to [ 4 16]--------------c
Trying to moving ion 16... to 5
Ion assignment after moving ion 16: {0: 0, 1: 5, 2: 11, 3: 3, 4: 6, 5: 4, 6: 2, 7: 8}
Executing gate at point (0, 1).
Executing gate at point (0, 3).
Best move: (4, 5)
Best move: (5, 16)
Best move: (16, 19)
Best move: (18, 19)
Best move: (13, 18)
Best move: (2, 3)
Try bruteforce due to multiple steps (6) to solve one gate
Trying to solve brute-force congestion at gate [11, 13] with {0: 0, 1: 4, 2: 11, 3: 2, 4: 6, 5: 13, 6: 3, 7: 8}
Trying to moving ion 11... to 10
Ion assignment after moving ion 11: {0: 0, 1: 4, 2: 10, 3: 2, 4: 6, 5: 13, 6: 3, 7: 8}
Gate position gate updated to [10 13]--------------c
Trying to moving ion 13... to 11
Ion assignment after moving ion 13: {0: 0, 1: 4, 2: 10, 3: 2, 4: 6, 5: 11, 6: 3, 7: 8}
Executing gate at point (1, 2).
Best move: (3, 14)
Best move: (14, 19)
Best move: (17, 19)
Best move: (7, 17)
Executing gate at point (1, 4).
Best move: (0, 1)
Best move: (1, 12)
Best move: (12, 18)
Best move: (15, 18)
Best move: (9, 15)
Executing gate at point (0, 0).
Best move: (8, 9)
Best move: (9, 15)
Best move: (15, 19)
Best move: (16, 19)
Best move: (5, 16)
Executing gate at point (1, 1).
Best move: (5, 16)
Best move: (16, 19)
Best move: (14, 19)
Best move: (3, 14)
Executing gate at point (2, 3).
Best move: (3, 14)
Best move: (6, 7)
Best move: (7, 17)
Best move: (17, 19)
Best move: (18, 19)
Best move: (14, 15)
Try bruteforce due to multiple steps (6) to solve one gate
Trying to solve brute-force congestion at gate [18, 15] with {0: 8, 1: 4, 2: 10, 3: 2, 4: 18, 5: 11, 6: 6, 7: 15}
Trying to moving ion 15... to 8
Ion assignment after moving ion 15: {0: 9, 1: 4, 2: 10, 3: 2, 4: 18, 5: 11, 6: 6, 7: 8}
Clearing endpoint 9.........
Gate position gate updated to [ 8 18]--------------c
Trying to moving ion 18... to 9
Ion assignment after moving ion 18: {0: 19, 1: 4, 2: 10, 3: 2, 4: 9, 5: 11, 6: 6, 7: 8}
Executing gate at point (3, 4).
Best move: (11, 13)
Best move: (8, 9)
Best move: (9, 15)
Best move: (15, 18)
Best move: (12, 13)
Best move: (1, 12)
Try bruteforce due to multiple steps (6) to solve one gate
Trying to solve brute-force congestion at gate [1, 18] with {0: 19, 1: 4, 2: 10, 3: 2, 4: 8, 5: 1, 6: 6, 7: 18}
Trying to moving ion 1... to 0
Ion assignment after moving ion 1: {0: 19, 1: 4, 2: 10, 3: 2, 4: 8, 5: 0, 6: 6, 7: 18}
Gate position gate updated to [ 0 18]--------------c
Trying to moving ion 18... to 1
Ion assignment after moving ion 18: {0: 19, 1: 4, 2: 10, 3: 2, 4: 8, 5: 0, 6: 6, 7: 1}
Executing gate at point (4, 5).
Trying to solve brute-force congestion at gate [10, 11] with {0: 19, 1: 4, 2: 10, 3: 2, 4: 8, 5: 11, 6: 6, 7: 0}
Trying to moving ion 10... to 10
Ion assignment after moving ion 10: {0: 19, 1: 4, 2: 10, 3: 2, 4: 8, 5: 11, 6: 6, 7: 0}
Gate position gate updated to [10 11]--------------c
Trying to moving ion 11... to 11
Ion assignment after moving ion 11: {0: 19, 1: 4, 2: 10, 3: 2, 4: 8, 5: 11, 6: 6, 7: 0}
Trying to solve brute-force congestion at gate [8, 0] with {0: 19, 1: 4, 2: 10, 3: 2, 4: 8, 5: 11, 6: 6, 7: 0}
Trying to moving ion 0... to 0
Ion assignment after moving ion 0: {0: 19, 1: 4, 2: 10, 3: 2, 4: 8, 5: 11, 6: 6, 7: 0}
Gate position gate updated to [0 8]--------------c
Trying to moving ion 8... to 1
Ion assignment after moving ion 8: {0: 19, 1: 4, 2: 10, 3: 2, 4: 1, 5: 11, 6: 6, 7: 0}
Trying to solve brute-force congestion at gate [2, 0] with {0: 19, 1: 4, 2: 10, 3: 2, 4: 1, 5: 11, 6: 6, 7: 0}
Trying to moving ion 2... to 2
Ion assignment after moving ion 2: {0: 19, 1: 4, 2: 10, 3: 2, 4: 1, 5: 11, 6: 6, 7: 0}
Gate position gate updated to [2 0]--------------c
Trying to moving ion 0... to 3
Ion assignment after moving ion 0: {0: 19, 1: 4, 2: 10, 3: 2, 4: 0, 5: 11, 6: 6, 7: 3}
Trying to solve brute-force congestion at gate [4, 3] with {0: 19, 1: 4, 2: 10, 3: 2, 4: 0, 5: 11, 6: 6, 7: 3}
Trying to moving ion 4... to 4
Ion assignment after moving ion 4: {0: 19, 1: 4, 2: 10, 3: 2, 4: 0, 5: 11, 6: 6, 7: 3}
Gate position gate updated to [4 3]--------------c
Trying to moving ion 3... to 5
Ion assignment after moving ion 3: {0: 15, 1: 4, 2: 10, 3: 2, 4: 0, 5: 11, 6: 6, 7: 5}
Trying to solve brute-force congestion at gate [4, 11] with {0: 15, 1: 4, 2: 10, 3: 2, 4: 0, 5: 11, 6: 6, 7: 5}
Trying to moving ion 4... to 4
Ion assignment after moving ion 4: {0: 15, 1: 4, 2: 10, 3: 2, 4: 0, 5: 11, 6: 6, 7: 5}
Clearing endpoint 5.........
Gate position gate updated to [ 4 11]--------------c
Trying to moving ion 11... to 5
Ion assignment after moving ion 11: {0: 15, 1: 4, 2: 10, 3: 2, 4: 0, 5: 5, 6: 6, 7: 17}
Trying to solve brute-force congestion at gate [0, 6] with {0: 15, 1: 4, 2: 10, 3: 2, 4: 0, 5: 5, 6: 6, 7: 17}
Trying to moving ion 0... to 0
Ion assignment after moving ion 0: {0: 15, 1: 4, 2: 10, 3: 2, 4: 0, 5: 5, 6: 6, 7: 17}
Gate position gate updated to [0 6]--------------c
Trying to moving ion 6... to 1
Ion assignment after moving ion 6: {0: 15, 1: 4, 2: 10, 3: 2, 4: 0, 5: 5, 6: 1, 7: 13}
Trying to solve brute-force congestion at gate [2, 1] with {0: 15, 1: 4, 2: 10, 3: 2, 4: 0, 5: 5, 6: 1, 7: 13}
Trying to moving ion 2... to 2
Ion assignment after moving ion 2: {0: 15, 1: 4, 2: 10, 3: 2, 4: 0, 5: 5, 6: 1, 7: 13}
Gate position gate updated to [2 1]--------------c
Trying to moving ion 1... to 3
Ion assignment after moving ion 1: {0: 15, 1: 4, 2: 10, 3: 2, 4: 0, 5: 5, 6: 3, 7: 13}
Trying to solve brute-force congestion at gate [15, 13] with {0: 15, 1: 4, 2: 10, 3: 2, 4: 0, 5: 5, 6: 3, 7: 13}
Trying to moving ion 15... to 8
Ion assignment after moving ion 15: {0: 8, 1: 4, 2: 10, 3: 2, 4: 0, 5: 5, 6: 3, 7: 13}
Gate position gate updated to [ 8 13]--------------c
Trying to moving ion 13... to 9
Ion assignment after moving ion 13: {0: 8, 1: 4, 2: 10, 3: 2, 4: 0, 5: 5, 6: 3, 7: 9}
Executing gate at point (0, 1).
Executing gate at point (0, 3).
Executing gate at point (0, 0).
Best move: (5, 16)
Best move: (3, 14)
Best move: (9, 15)
Best move: (15, 19)
Best move: (14, 18)
Best move: (12, 18)
Try bruteforce due to multiple steps (6) to solve one gate
Trying to solve brute-force congestion at gate [10, 16] with {0: 8, 1: 4, 2: 10, 3: 2, 4: 0, 5: 16, 6: 12, 7: 19}
Trying to moving ion 10... to 10
Ion assignment after moving ion 10: {0: 8, 1: 4, 2: 10, 3: 2, 4: 0, 5: 16, 6: 12, 7: 19}
Gate position gate updated to [10 16]--------------c
Trying to moving ion 16... to 11
Ion assignment after moving ion 16: {0: 8, 1: 4, 2: 10, 3: 2, 4: 0, 5: 11, 6: 12, 7: 14}
Executing gate at point (1, 2).
Best move: (14, 19)
Best move: (16, 19)
Best move: (1, 12)
Executing gate at point (1, 4).
Best move: (5, 16)
Executing gate at point (1, 1).
Best move: (5, 16)
Best move: (16, 19)
Best move: (14, 19)
Best move: (3, 14)
Executing gate at point (2, 3).
Best move: (3, 14)
Best move: (0, 1)
Best move: (1, 12)
Best move: (12, 18)
Best move: (18, 19)
Best move: (17, 19)
Try bruteforce due to multiple steps (6) to solve one gate
Trying to solve brute-force congestion at gate [17, 14] with {0: 8, 1: 4, 2: 10, 3: 2, 4: 17, 5: 11, 6: 0, 7: 14}
Trying to moving ion 17... to 6
Ion assignment after moving ion 17: {0: 8, 1: 4, 2: 10, 3: 2, 4: 6, 5: 11, 6: 0, 7: 14}
Gate position gate updated to [ 6 14]--------------c
Trying to moving ion 14... to 7
Ion assignment after moving ion 14: {0: 8, 1: 4, 2: 10, 3: 2, 4: 6, 5: 11, 6: 0, 7: 7}
Executing gate at point (3, 4).
Trying to solve brute-force congestion at gate [11, 7] with {0: 8, 1: 4, 2: 10, 3: 2, 4: 6, 5: 11, 6: 0, 7: 7}
Trying to moving ion 7... to 6
Ion assignment after moving ion 7: {0: 8, 1: 4, 2: 10, 3: 2, 4: 7, 5: 11, 6: 0, 7: 6}
Clearing endpoint 7.........Input filename:  QAOA_8_compiled
Algorithm:  SHAPER
Trap type:  G2x3
Trap capacity:  2
Num layout passes:  2
Gate type:  FM
Run index:  7
Creating a QCCD machine ...
QCCD physical machine:
### Traps ### 
Trap(id='trap_0', max_num_ions=2, initial_num_ions=0, executable=True, measureable=True)
Trap(id='trap_1', max_num_ions=2, initial_num_ions=0, executable=True, measureable=True)
Trap(id='trap_2', max_num_ions=2, initial_num_ions=0, executable=True, measureable=True)
Trap(id='trap_3', max_num_ions=2, initial_num_ions=0, executable=True, measureable=True)
Trap(id='trap_4', max_num_ions=2, initial_num_ions=0, executable=True, measureable=True)
Trap(id='trap_5', max_num_ions=2, initial_num_ions=0, executable=True, measureable=True)
### Junctions ### 
Junction(id='junction_0')
Junction(id='junction_1')
Junction(id='junction_2')
### Segments ### 
Segment(id='segment_0', left=Trap(id='trap_0', max_num_ions=2, initial_num_ions=0, executable=True, measureable=True), right=Junction(id='junction_0'))
Segment(id='segment_1', left=Trap(id='trap_5', max_num_ions=2, initial_num_ions=0, executable=True, measureable=True), right=Junction(id='junction_0'))
Segment(id='segment_2', left=Trap(id='trap_1', max_num_ions=2, initial_num_ions=0, executable=True, measureable=True), right=Junction(id='junction_1'))
Segment(id='segment_3', left=Trap(id='trap_4', max_num_ions=2, initial_num_ions=0, executable=True, measureable=True), right=Junction(id='junction_1'))
Segment(id='segment_4', left=Trap(id='trap_2', max_num_ions=2, initial_num_ions=0, executable=True, measureable=True), right=Junction(id='junction_2'))
Segment(id='segment_5', left=Trap(id='trap_3', max_num_ions=2, initial_num_ions=0, executable=True, measureable=True), right=Junction(id='junction_2'))
Segment(id='segment_6', left=Junction(id='junction_0'), right=Junction(id='junction_1'))
Segment(id='segment_7', left=Junction(id='junction_1'), right=Junction(id='junction_2'))
Finished creating the QCCD physical machine.
Position graph:  CouplingGraph({(7, 17), (12, 13), (14, 19), (8, 9), (5, 16), (1, 12), (16, 19), (18, 19), (4, 5), (14, 18), (12, 18), (14, 15), (0, 1), (10, 11), (11, 13), (6, 7), (15, 19), (3, 14), (17, 19), (9, 15), (2, 3), (13, 18), (15, 18), (16, 17)})
Initial ion assignment:  {0: 0, 1: 6, 2: 11, 3: 9, 4: 7, 5: 4, 6: 2, 7: 8}
Congestion rate:  1.0
Scheduling QCCD: 480002160.0 us, costing 6.1218210000079125 s to compile
480.00216
6.1218210000079125
{0: 8, 1: 4, 2: 10, 3: 2, 4: 0, 5: 5, 6: 3, 7: 9}
[0, 1, 2, 3, 4, 5, 6, 7]
