Best move: (5, 20)
Best move: (20, 25)
Best move: (2, 18)
Best move: (18, 24)
Best move: (23, 25)
Best move: (8, 22)
Best move: (20, 24)
Best move: (5, 20)
Try bruteforce due to multiple steps (8) to solve one gate
Trying to solve brute-force congestion at gate [10, 23] with {0: 3, 1: 5, 2: 10, 3: 23, 4: 9, 5: 22, 6: 12, 7: 4}
Trying to moving ion 10... to 9
Ion assignment after moving ion 10: {0: 3, 1: 5, 2: 9, 3: 23, 4: 10, 5: 22, 6: 12, 7: 4}
Gate position gate updated to [ 9 23]--------------c
Trying to moving ion 23... to 10
Ion assignment after moving ion 23: {0: 3, 1: 5, 2: 9, 3: 10, 4: 11, 5: 22, 6: 12, 7: 4}
Executing gate at point (0, 2).
Executing gate at point (0, 0).
Best move: (11, 23)
Best move: (5, 20)
Best move: (20, 25)
Best move: (4, 5)
Best move: (5, 20)
Best move: (20, 21)
Best move: (14, 21)
Executing gate at point (0, 6).
Best move: (9, 10)
Best move: (8, 22)
Best move: (22, 23)
Best move: (23, 25)
Best move: (7, 8)
Best move: (8, 22)
Executing gate at point (0, 4).
Best move: (8, 22)
Best move: (11, 23)
Executing gate at point (1, 1).
Best move: (11, 23)
Best move: (23, 25)
Best move: (20, 25)
Best move: (5, 20)
Executing gate at point (2, 0).
Best move: (22, 23)
Best move: (11, 23)
Executing gate at point (1, 3).
Executing gate at point (2, 2).
Best move: (10, 11)
Best move: (11, 23)
Best move: (23, 25)
Best move: (20, 25)
Best move: (4, 5)
Best move: (5, 20)
Executing gate at point (3, 1).
Executing gate at point (4, 0).
Best move: (12, 13)
Best move: (13, 14)
Best move: (14, 21)
Best move: (21, 25)
Best move: (22, 25)
Best move: (8, 22)
Executing gate at point (1, 5).
Best move: (8, 22)
Best move: (7, 8)
Best move: (9, 10)
Best move: (9, 10)
Best move: (9, 10)
Try bruteforce due to repeated pattern...
Trying to solve brute-force congestion at gate [9, 8] with {0: 3, 1: 4, 2: 5, 3: 10, 4: 9, 5: 8, 6: 22, 7: 13}
Trying to moving ion 9... to 9
Ion assignment after moving ion 9: {0: 3, 1: 4, 2: 5, 3: 10, 4: 9, 5: 8, 6: 22, 7: 13}
Gate position gate updated to [9 8]--------------c
Trying to moving ion 8... to 10
Ion assignment after moving ion 8: {0: 3, 1: 4, 2: 5, 3: 11, 4: 9, 5: 10, 6: 25, 7: 13}
Executing gate at point (2, 4).
Executing gate at point (3, 3).
Best move: (21, 25)
Best move: (11, 23)
Best move: (14, 21)
Executing gate at point (2, 6).
Best move: (5, 20)
Best move: (20, 25)
Best move: (14, 21)
Best move: (22, 23)
Best move: (8, 22)
Best move: (22, 25)
Best move: (21, 25)
Best move: (23, 25)
Try bruteforce due to multiple steps (8) to solve one gate
Trying to solve brute-force congestion at gate [10, 23] with {0: 3, 1: 4, 2: 22, 3: 8, 4: 9, 5: 10, 6: 23, 7: 13}
Trying to moving ion 10... to 9
Ion assignment after moving ion 10: {0: 3, 1: 4, 2: 22, 3: 8, 4: 10, 5: 9, 6: 23, 7: 13}
Gate position gate updated to [ 9 23]--------------c
Trying to moving ion 23... to 10
Ion assignment after moving ion 23: {0: 3, 1: 4, 2: 22, 3: 8, 4: 11, 5: 9, 6: 10, 7: 13}
Executing gate at point (3, 5).
Executing gate at point (4, 4).
Best move: (10, 11)
Best move: (7, 8)
Best move: (8, 22)
Executing gate at point (4, 2).
Best move: (11, 23)
Best move: (23, 25)
Best move: (21, 25)
Best move: (14, 21)
Executing gate at point (4, 6).
Best move: (8, 22)
Best move: (22, 25)
Best move: (20, 25)
Best move: (5, 20)
Executing gate at point (5, 1).
Executing gate at point (6, 0).
Best move: (14, 21)
Best move: (21, 25)
Best move: (23, 25)
Best move: (11, 23)
Executing gate at point (5, 5).
Best move: (11, 23)
Best move: (7, 8)
Best move: (8, 22)
Best move: (22, 25)
Best move: (22, 25)
Best move: (22, 25)
Try bruteforce due to repeated pattern...
Trying to solve brute-force congestion at gate [25, 10] with {0: 3, 1: 4, 2: 5, 3: 25, 4: 10, 5: 9, 6: 23, 7: 13}
Trying to moving ion 10... to 9
Ion assignment after moving ion 10: {0: 3, 1: 4, 2: 5, 3: 25, 4: 9, 5: 10, 6: 23, 7: 13}
Gate position gate updated to [ 9 25]--------------c
Trying to moving ion 25... to 10
Ion assignment after moving ion 25: {0: 3, 1: 4, 2: 5, 3: 10, 4: 9, 5: 11, 6: 22, 7: 13}
Executing gate at point (5, 3).
Executing gate at point (6, 4).
Best move: (22, 25)
Best move: (21, 25)
Best move: (14, 21)
Executing gate at point (6, 6).
Best move: (11, 23)
Best move: (23, 25)
Best move: (21, 25)
Best move: (5, 20)
Best move: (20, 25)
Best move: (23, 25)
Best move: (11, 23)
Executing gate at point (6, 2).
Executing gate at point (7, 3).
Best move: (11, 23)
Best move: (13, 14)
Best move: (12, 13)
Best move: (12, 13)
Best move: (12, 13)
Try bruteforce due to repeated pattern...
Trying to solve brute-force congestion at gate [21, 12] with {0: 3, 1: 4, 2: 23, 3: 10, 4: 9, 5: 21, 6: 12, 7: 14}
Trying to moving ion 12... to 12
Ion assignment after moving ion 12: {0: 3, 1: 4, 2: 23, 3: 10, 4: 9, 5: 21, 6: 12, 7: 14}
Clearing endpoint 14.........
Gate position gate updated to [12 21]--------------c
Trying to moving ion 21... to 13
Ion assignment after moving ion 21: {0: 3, 1: 4, 2: 23, 3: 10, 4: 9, 5: 13, 6: 12, 7: 14}
Executing gate at point (7, 5).
Best move: (23, 25)
Best move: (20, 25)
Best move: (5, 20)
Executing gate at point (7, 1).
Trying to solve brute-force congestion at gate [25, 10] with {0: 3, 1: 4, 2: 25, 3: 10, 4: 9, 5: 23, 6: 12, 7: 13}
Trying to moving ion 10... to 9
Ion assignment after moving ion 10: {0: 3, 1: 4, 2: 25, 3: 9, 4: 10, 5: 23, 6: 12, 7: 13}
Gate position gate updated to [ 9 25]--------------c
Trying to moving ion 25... to 10
Ion assignment after moving ion 25: {0: 3, 1: 4, 2: 10, 3: 9, 4: 11, 5: 22, 6: 12, 7: 13}
Trying to solve brute-force congestion at gate [4, 10] with {0: 3, 1: 4, 2: 10, 3: 9, 4: 11, 5: 22, 6: 12, 7: 13}
Trying to moving ion 4... to 3
Ion assignment after moving ion 4: {0: 4, 1: 3, 2: 10, 3: 9, 4: 11, 5: 22, 6: 12, 7: 13}
Gate position gate updated to [ 3 10]--------------c
Trying to moving ion 10... to 4
Ion assignment after moving ion 10: {0: 5, 1: 3, 2: 4, 3: 9, 4: 10, 5: 22, 6: 12, 7: 13}
Trying to solve brute-force congestion at gate [5, 3] with {0: 5, 1: 3, 2: 4, 3: 9, 4: 10, 5: 22, 6: 12, 7: 13}
Trying to moving ion 5... to 3
Ion assignment after moving ion 5: {0: 3, 1: 4, 2: 5, 3: 9, 4: 10, 5: 22, 6: 12, 7: 13}
Clearing endpoint 5.........
Gate position gate updated to [3 4]--------------c
Trying to moving ion 4... to 4
Ion assignment after moving ion 4: {0: 3, 1: 4, 2: 20, 3: 9, 4: 10, 5: 22, 6: 12, 7: 13}
Trying to solve brute-force congestion at gate [10, 22] with {0: 3, 1: 4, 2: 20, 3: 9, 4: 10, 5: 22, 6: 12, 7: 13}
Trying to moving ion 10... to 9
Ion assignment after moving ion 10: {0: 3, 1: 4, 2: 20, 3: 10, 4: 9, 5: 22, 6: 12, 7: 13}
Gate position gate updated to [ 9 22]--------------c
Trying to moving ion 22... to 10
Ion assignment after moving ion 22: {0: 3, 1: 4, 2: 20, 3: 11, 4: 9, 5: 10, 6: 12, 7: 13}
Trying to solve brute-force congestion at gate [11, 9] with {0: 3, 1: 4, 2: 20, 3: 11, 4: 9, 5: 10, 6: 12, 7: 13}
Trying to moving ion 11... to 9
Ion assignment after moving ion 11: {0: 3, 1: 4, 2: 20, 3: 9, 4: 10, 5: 11, 6: 12, 7: 13}
Clearing endpoint 11.........
Gate position gate updated to [ 9 10]--------------c
Trying to moving ion 10... to 10
Ion assignment after moving ion 10: {0: 3, 1: 4, 2: 20, 3: 9, 4: 10, 5: 23, 6: 12, 7: 13}
Trying to solve brute-force congestion at gate [23, 12] with {0: 3, 1: 4, 2: 20, 3: 9, 4: 10, 5: 23, 6: 12, 7: 13}
Trying to moving ion 12... to 12
Ion assignment after moving ion 12: {0: 3, 1: 4, 2: 20, 3: 9, 4: 10, 5: 23, 6: 12, 7: 13}
Gate position gate updated to [12 23]--------------c
Trying to moving ion 23... to 13
Ion assignment after moving ion 23: {0: 3, 1: 4, 2: 20, 3: 9, 4: 10, 5: 13, 6: 12, 7: 14}
Trying to solve brute-force congestion at gate [10, 13] with {0: 3, 1: 4, 2: 20, 3: 9, 4: 10, 5: 13, 6: 12, 7: 14}
Trying to moving ion 10... to 9
Ion assignment after moving ion 10: {0: 3, 1: 4, 2: 20, 3: 10, 4: 9, 5: 13, 6: 12, 7: 14}
Gate position gate updated to [ 9 13]--------------c
Trying to moving ion 13... to 10
Ion assignment after moving ion 13: {0: 3, 1: 4, 2: 20, 3: 11, 4: 9, 5: 10, 6: 12, 7: 13}
Trying to solve brute-force congestion at gate [10, 12] with {0: 3, 1: 4, 2: 20, 3: 11, 4: 9, 5: 10, 6: 12, 7: 13}
Trying to moving ion 12... to 12
Ion assignment after moving ion 12: {0: 3, 1: 4, 2: 20, 3: 11, 4: 9, 5: 10, 6: 12, 7: 13}
Gate position gate updated to [12 10]--------------c
Trying to moving ion 10... to 13
Ion assignment after moving ion 10: {0: 3, 1: 4, 2: 20, 3: 10, 4: 9, 5: 13, 6: 12, 7: 14}
Trying to solve brute-force congestion at gate [20, 10] with {0: 3, 1: 4, 2: 20, 3: 10, 4: 9, 5: 13, 6: 12, 7: 14}
Trying to moving ion 10... to 9
Ion assignment after moving ion 10: {0: 3, 1: 4, 2: 20, 3: 9, 4: 10, 5: 13, 6: 12, 7: 14}
Gate position gate updated to [ 9 20]--------------c
Trying to moving ion 20... to 10
Ion assignment after moving ion 20: {0: 3, 1: 4, 2: 10, 3: 9, 4: 11, 5: 13, 6: 12, 7: 14}
Trying to solve brute-force congestion at gate [4, 10] with {0: 3, 1: 4, 2: 10, 3: 9, 4: 11, 5: 13, 6: 12, 7: 14}
Trying to moving ion 4... to 3
Ion assignment after moving ion 4: {0: 4, 1: 3, 2: 10, 3: 9, 4: 11, 5: 13, 6: 12, 7: 14}
Gate position gate updated to [ 3 10]--------------c
Trying to moving ion 10... to 4
Ion assignment after moving ion 10: {0: 5, 1: 3, 2: 4, 3: 9, 4: 10, 5: 13, 6: 12, 7: 14}
Trying to solve brute-force congestion at gate [10, 13] with {0: 5, 1: 3, 2: 4, 3: 9, 4: 10, 5: 13, 6: 12, 7: 14}
Trying to moving ion 10... to 9
Ion assignment after moving ion 10: {0: 5, 1: 3, 2: 4, 3: 10, 4: 9, 5: 13, 6: 12, 7: 14}
Gate position gate updated to [ 9 13]--------------c
Trying to moving ion 13... to 10
Ion assignment after moving ion 13: {0: 5, 1: 3, 2: 4, 3: 11, 4: 9, 5: 10, 6: 12, 7: 13}
Trying to solve brute-force congestion at gate [10, 12] with {0: 5, 1: 3, 2: 4, 3: 11, 4: 9, 5: 10, 6: 12, 7: 13}
Trying to moving ion 12... to 12
Ion assignment after moving ion 12: {0: 5, 1: 3, 2: 4, 3: 11, 4: 9, 5: 10, 6: 12, 7: 13}
Gate position gate updated to [12 10]--------------c
Trying to moving ion 10... to 13
Ion assignment after moving ion 10: {0: 5, 1: 3, 2: 4, 3: 10, 4: 9, 5: 13, 6: 12, 7: 14}
Trying to solve brute-force congestion at gate [4, 10] with {0: 5, 1: 3, 2: 4, 3: 10, 4: 9, 5: 13, 6: 12, 7: 14}
Trying to moving ion 10... to 9
Ion assignment after moving ion 10: {0: 5, 1: 3, 2: 4, 3: 9, 4: 10, 5: 13, 6: 12, 7: 14}
Gate position gate updated to [9 4]--------------c
Trying to moving ion 4... to 10
Ion assignment after moving ion 4: {0: 4, 1: 3, 2: 10, 3: 9, 4: 11, 5: 13, 6: 12, 7: 14}
Trying to solve brute-force congestion at gate [3, 10] with {0: 4, 1: 3, 2: 10, 3: 9, 4: 11, 5: 13, 6: 12, 7: 14}
Trying to moving ion 3... to 3
Ion assignment after moving ion 3: {0: 4, 1: 3, 2: 10, 3: 9, 4: 11, 5: 13, 6: 12, 7: 14}
Gate position gate updated to [ 3 10]--------------c
Trying to moving ion 10... to 4
Ion assignment after moving ion 10: {0: 5, 1: 3, 2: 4, 3: 9, 4: 10, 5: 13, 6: 12, 7: 14}
Trying to solve brute-force congestion at gate [4, 9] with {0: 5, 1: 3, 2: 4, 3: 9, 4: 10, 5: 13, 6: 12, 7: 14}
Trying to moving ion 9... to 9
Ion assignment after moving ion 9: {0: 5, 1: 3, 2: 4, 3: 9, 4: 10, 5: 13, 6: 12, 7: 14}
Gate position gate updated to [9 4]--------------c
Trying to moving ion 4... to 10
Ion assignment after moving ion 4: {0: 4, 1: 3, 2: 10, 3: 9, 4: 11, 5: 13, 6: 12, 7: 14}
Trying to solve brute-force congestion at gate [11, 13] with {0: 4, 1: 3, 2: 10, 3: 9, 4: 11, 5: 13, 6: 12, 7: 14}
Trying to moving ion 13... to 12
Ion assignment after moving ion 13: {0: 4, 1: 3, 2: 10, 3: 9, 4: 11, 5: 12, 6: 13, 7: 14}
Clearing endpoint 14.........
Gate position gate updated to [12 11]--------------c
Trying to moving ion 11... to 13
Ion assignment after moving ion 11: {0: 4, 1: 3, 2: 10, 3: 9, 4: 13, 5: 12, 6: 14, 7: 24}
Executing gate at point (0, 2).
Executing gate at point (0, 4).
Executing gate at point (0, 0).
Best move: (14, 21)
Best move: (3, 4)
Best move: (4, 5)
Best move: (5, 20)
Best move: (20, 25)
Best move: (23, 25)
Best move: (11, 23)
Executing gate at point (1, 1).
Best move: (11, 23)
Best move: (23, 25)
Best move: (20, 25)
Best move: (5, 20)
Executing gate at point (2, 0).
Best move: (13, 14)
Best move: (9, 10)
Best move: (20, 21)
Best move: (14, 21)
Best move: (21, 25)
Best move: (23, 25)
Best move: (11, 23)
Executing gate at point (1, 3).
Executing gate at point (2, 2).
Best move: (20, 21)
Best move: (9, 10)
Best move: (10, 11)
Best move: (11, 23)
Best move: (23, 25)
Best move: (20, 25)
Best move: (4, 5)
Best move: (5, 20)
Try bruteforce due to multiple steps (8) to solve one gate
Trying to solve brute-force congestion at gate [4, 5] with {0: 3, 1: 4, 2: 5, 3: 9, 4: 10, 5: 12, 6: 21, 7: 24}
Trying to moving ion 4... to 3
Ion assignment after moving ion 4: {0: 4, 1: 3, 2: 5, 3: 9, 4: 10, 5: 12, 6: 21, 7: 24}
Gate position gate updated to [3 5]--------------c
Trying to moving ion 5... to 4
Ion assignment after moving ion 5: {0: 5, 1: 3, 2: 4, 3: 9, 4: 10, 5: 12, 6: 21, 7: 24}
Executing gate at point (3, 1).
Executing gate at point (4, 0).
Best move: (14, 21)
Best move: (21, 24)
Best move: (13, 14)
Best move: (14, 21)
Executing gate at point (0, 6).
Executing gate at point (1, 5).
Executing gate at point (2, 6).
Best move: (12, 13)
Best move: (13, 14)
Best move: (14, 21)
Best move: (21, 25)
Best move: (23, 25)
Best move: (11, 23)
Executing gate at point (2, 4).
Executing gate at point (3, 3).
Best move: (11, 23)
Best move: (4, 5)
Best move: (5, 20)
Best move: (20, 25)
Best move: (9, 10)
Best move: (22, 25)
Best move: (22, 25)
Best move: (22, 25)
Try bruteforce due to multiple steps (8) to solve one gate
Trying to solve brute-force congestion at gate [22, 10] with {0: 4, 1: 3, 2: 22, 3: 10, 4: 9, 5: 23, 6: 12, 7: 13}
Trying to moving ion 10... to 9
Ion assignment after moving ion 10: {0: 4, 1: 3, 2: 22, 3: 9, 4: 10, 5: 23, 6: 12, 7: 13}
Gate position gate updated to [ 9 22]--------------c
Trying to moving ion 22... to 10
Ion assignment after moving ion 22: {0: 4, 1: 3, 2: 10, 3: 9, 4: 11, 5: 25, 6: 12, 7: 13}
Executing gate at point (4, 2).
Best move: (10, 11)
Best move: (11, 23)
Best move: (3, 4)
Best move: (22, 23)
Best move: (22, 23)
Try bruteforce due to repeated pattern...
Trying to solve brute-force congestion at gate [4, 23] with {0: 3, 1: 4, 2: 23, 3: 9, 4: 10, 5: 25, 6: 12, 7: 13}
Trying to moving ion 4... to 3
Ion assignment after moving ion 4: {0: 4, 1: 3, 2: 23, 3: 9, 4: 10, 5: 25, 6: 12, 7: 13}
Gate position gate updated to [ 3 23]--------------c
Trying to moving ion 23... to 4
Ion assignment after moving ion 23: {0: 5, 1: 3, 2: 4, 3: 9, 4: 10, 5: 24, 6: 12, 7: 13}
Executing gate at point (5, 1).
Executing gate at point (6, 0).
Best move: (21, 24)
Best move: (14, 21)
Executing gate at point (3, 5).
Executing gate at point (4, 6).
Best move: (14, 21)
Best move: (21, 25)
Best move: (23, 25)
Best move: (11, 23)
Executing gate at point (4, 4).
Executing gate at point (5, 3).
Best move: (11, 23)
Best move: (4, 5)
Best move: (5, 20)
Best move: (20, 25)
Best move: (9, 10)
Best move: (9, 10)
Best move: (9, 10)
Try bruteforce due to repeated pattern...
Trying to solve brute-force congestion at gate [25, 10] with {0: 4, 1: 3, 2: 25, 3: 10, 4: 9, 5: 23, 6: 12, 7: 13}
Trying to moving ion 10... to 9
Ion assignment after moving ion 10: {0: 4, 1: 3, 2: 25, 3: 9, 4: 10, 5: 23, 6: 12, 7: 13}
Gate position gate updated to [ 9 25]--------------c
Trying to moving ion 25... to 10
Ion assignment after moving ion 25: {0: 4, 1: 3, 2: 10, 3: 9, 4: 11, 5: 22, 6: 12, 7: 13}
Executing gate at point (6, 2).
Best move: (22, 25)
Best move: (21, 25)
Best move: (14, 21)
Executing gate at point (5, 5).
Executing gate at point (6, 6).
Best move: (14, 21)
Best move: (10, 11)
Best move: (11, 23)
Best move: (23, 25)
Best move: (20, 25)
Best move: (5, 20)
Executing gate at point (7, 1).
Best move: (21, 25)
Best move: (23, 25)
Best move: (11, 23)
Executing gate at point (6, 4).
Executing gate at point (7, 3).
Best move: (11, 23)
Best move: (23, 25)
Best move: (21, 25)
Best move: (14, 21)
Executing gate at point (7, 5).
Trying to solve brute-force congestion at gate [25, 10] with {0: 4, 1: 3, 2: 25, 3: 10, 4: 9, 5: 23, 6: 12, 7: 13}
Trying to moving ion 10... to 9
Ion assignment after moving ion 10: {0: 4, 1: 3, 2: 25, 3: 9, 4: 10, 5: 23, 6: 12, 7: 13}
Gate position gate updated to [ 9 25]--------------c
Trying to moving ion 25... to 10
Ion assignment after moving ion 25: {0: 4, 1: 3, 2: 10, 3: 9, 4: 11, 5: 22, 6: 12, 7: 13}
Trying to solve brute-force congestion at gate [3, 10] with {0: 4, 1: 3, 2: 10, 3: 9, 4: 11, 5: 22, 6: 12, 7: 13}
Trying to moving ion 3... to 3
Ion assignment after moving ion 3: {0: 4, 1: 3, 2: 10, 3: 9, 4: 11, 5: 22, 6: 12, 7: 13}
Gate position gate updated to [ 3 10]--------------c
Trying to moving ion 10... to 4
Ion assignment after moving ion 10: {0: 5, 1: 3, 2: 4, 3: 9, 4: 10, 5: 22, 6: 12, 7: 13}
Trying to solve brute-force congestion at gate [5, 3] with {0: 5, 1: 3, 2: 4, 3: 9, 4: 10, 5: 22, 6: 12, 7: 13}
Trying to moving ion 5... to 3
Ion assignment after moving ion 5: {0: 3, 1: 4, 2: 5, 3: 9, 4: 10, 5: 22, 6: 12, 7: 13}
Clearing endpoint 5.........
Gate position gate updated to [3 4]--------------c
Trying to moving ion 4... to 4
Ion assignment after moving ion 4: {0: 3, 1: 4, 2: 20, 3: 9, 4: 10, 5: 22, 6: 12, 7: 13}
Trying to solve brute-force congestion at gate [10, 22] with {0: 3, 1: 4, 2: 20, 3: 9, 4: 10, 5: 22, 6: 12, 7: 13}
Trying to moving ion 10... to 9
Ion assignment after moving ion 10: {0: 3, 1: 4, 2: 20, 3: 10, 4: 9, 5: 22, 6: 12, 7: 13}
Gate position gate updated to [ 9 22]--------------c
Trying to moving ion 22... to 10
Ion assignment after moving ion 22: {0: 3, 1: 4, 2: 20, 3: 11, 4: 9, 5: 10, 6: 12, 7: 13}
Trying to solve brute-force congestion at gate [11, 9] with {0: 3, 1: 4, 2: 20, 3: 11, 4: 9, 5: 10, 6: 12, 7: 13}
Trying to moving ion 11... to 9
Ion assignment after moving ion 11: {0: 3, 1: 4, 2: 20, 3: 9, 4: 10, 5: 11, 6: 12, 7: 13}
Clearing endpoint 11.........
Gate position gate updated to [ 9 10]--------------c
Trying to moving ion 10... to 10
Ion assignment after moving ion 10: {0: 3, 1: 4, 2: 20, 3: 9, 4: 10, 5: 23, 6: 12, 7: 13}
Trying to solve brute-force congestion at gate [23, 12] with {0: 3, 1: 4, 2: 20, 3: 9, 4: 10, 5: 23, 6: 12, 7: 13}
Trying to moving ion 12... to 12
Ion assignment after moving ion 12: {0: 3, 1: 4, 2: 20, 3: 9, 4: 10, 5: 23, 6: 12, 7: 13}
Gate position gate updated to [12 23]--------------c
Trying to moving ion 23... to 13
Ion assignment after moving ion 23: {0: 3, 1: 4, 2: 20, 3: 9, 4: 10, 5: 13, 6: 12, 7: 14}
Trying to solve brute-force congestion at gate [10, 13] with {0: 3, 1: 4, 2: 20, 3: 9, 4: 10, 5: 13, 6: 12, 7: 14}
Trying to moving ion 10... to 9
Ion assignment after moving ion 10: {0: 3, 1: 4, 2: 20, 3: 10, 4: 9, 5: 13, 6: 12, 7: 14}
Gate position gate updated to [ 9 13]--------------c
Trying to moving ion 13... to 10
Ion assignment after moving ion 13: {0: 3, 1: 4, 2: 20, 3: 11, 4: 9, 5: 10, 6: 12, 7: 13}
Trying to solve brute-force congestion at gate [10, 12] with {0: 3, 1: 4, 2: 20, 3: 11, 4: 9, 5: 10, 6: 12, 7: 13}
Trying to moving ion 12... to 12
Ion assignment after moving ion 12: {0: 3, 1: 4, 2: 20, 3: 11, 4: 9, 5: 10, 6: 12, 7: 13}
Gate position gate updated to [12 10]--------------c
Trying to moving ion 10... to 13
Ion assignment after moving ion 10: {0: 3, 1: 4, 2: 20, 3: 10, 4: 9, 5: 13, 6: 12, 7: 14}
Trying to solve brute-force congestion at gate [20, 10] with {0: 3, 1: 4, 2: 20, 3: 10, 4: 9, 5: 13, 6: 12, 7: 14}
Trying to moving ion 10... to 9
Ion assignment after moving ion 10: {0: 3, 1: 4, 2: 20, 3: 9, 4: 10, 5: 13, 6: 12, 7: 14}
Gate position gate updated to [ 9 20]--------------c
Trying to moving ion 20... to 10
Ion assignment after moving ion 20: {0: 3, 1: 4, 2: 10, 3: 9, 4: 11, 5: 13, 6: 12, 7: 14}
Trying to solve brute-force congestion at gate [4, 10] with {0: 3, 1: 4, 2: 10, 3: 9, 4: 11, 5: 13, 6: 12, 7: 14}
Trying to moving ion 4... to 3
Ion assignment after moving ion 4: {0: 4, 1: 3, 2: 10, 3: 9, 4: 11, 5: 13, 6: 12, 7: 14}
Gate position gate updated to [ 3 10]--------------c
Trying to moving ion 10... to 4
Ion assignment after moving ion 10: {0: 5, 1: 3, 2: 4, 3: 9, 4: 10, 5: 13, 6: 12, 7: 14}
Trying to solve brute-force congestion at gate [10, 13] with {0: 5, 1: 3, 2: 4, 3: 9, 4: 10, 5: 13, 6: 12, 7: 14}
Trying to moving ion 10... to 9
Ion assignment after moving ion 10: {0: 5, 1: 3, 2: 4, 3: 10, 4: 9, 5: 13, 6: 12, 7: 14}
Gate position gate updated to [ 9 13]--------------c
Trying to moving ion 13... to 10
Ion assignment after moving ion 13: {0: 5, 1: 3, 2: 4, 3: 11, 4: 9, 5: 10, 6: 12, 7: 13}
Trying to solve brute-force congestion at gate [10, 12] with {0: 5, 1: 3, 2: 4, 3: 11, 4: 9, 5: 10, 6: 12, 7: 13}
Trying to moving ion 12... to 12
Ion assignment after moving ion 12: {0: 5, 1: 3, 2: 4, 3: 11, 4: 9, 5: 10, 6: 12, 7: 13}
Gate position gate updated to [12 10]--------------c
Trying to moving ion 10... to 13
Ion assignment after moving ion 10: {0: 5, 1: 3, 2: 4, 3: 10, 4: 9, 5: 13, 6: 12, 7: 14}
Trying to solve brute-force congestion at gate [4, 10] with {0: 5, 1: 3, 2: 4, 3: 10, 4: 9, 5: 13, 6: 12, 7: 14}
Trying to moving ion 10... to 9
Ion assignment after moving ion 10: {0: 5, 1: 3, 2: 4, 3: 9, 4: 10, 5: 13, 6: 12, 7: 14}
Gate position gate updated to [9 4]--------------c
Trying to moving ion 4... to 10
Ion assignment after moving ion 4: {0: 4, 1: 3, 2: 10, 3: 9, 4: 11, 5: 13, 6: 12, 7: 14}
Trying to solve brute-force congestion at gate [3, 10] with {0: 4, 1: 3, 2: 10, 3: 9, 4: 11, 5: 13, 6: 12, 7: 14}
Trying to moving ion 3... to 3
Ion assignment after moving ion 3: {0: 4, 1: 3, 2: 10, 3: 9, 4: 11, 5: 13, 6: 12, 7: 14}
Gate position gate updated to [ 3 10]--------------c
Trying to moving ion 10... to 4
Ion assignment after moving ion 10: {0: 5, 1: 3, 2: 4, 3: 9, 4: 10, 5: 13, 6: 12, 7: 14}
Trying to solve brute-force congestion at gate [4, 9] with {0: 5, 1: 3, 2: 4, 3: 9, 4: 10, 5: 13, 6: 12, 7: 14}
Trying to moving ion 9... to 9
Ion assignment after moving ion 9: {0: 5, 1: 3, 2: 4, 3: 9, 4: 10, 5: 13, 6: 12, 7: 14}
Gate position gate updated to [9 4]--------------c
Trying to moving ion 4... to 10
Ion assignment after moving ion 4: {0: 4, 1: 3, 2: 10, 3: 9, 4: 11, 5: 13, 6: 12, 7: 14}
Trying to solve brute-force congestion at gate [11, 13] with {0: 4, 1: 3, 2: 10, 3: 9, 4: 11, 5: 13, 6: 12, 7: 14}
Trying to moving ion 13... to 12
Ion assignment after moving ion 13: {0: 4, 1: 3, 2: 10, 3: 9, 4: 11, 5: 12, 6: 13, 7: 14}
Clearing endpoint 14.........
Gate position gate updated to [12 11]--------------c
Trying to moving ion 11... to 13
Ion assignment after moving ion 11: {0: 4, 1: 3, 2: 10, 3: 9, 4: 13, 5: 12, 6: 14, 7: 24}
Executing gate at point (0, 2).
Executing gate at point (0, 4).
Executing gate at point (0, 0).
Best move: (14, 21)
Best move: (3, 4)
Best move: (4, 5)
Best move: (5, 20)
Best move: (20, 25)
Best move: (23, 25)
Best move: (11, 23)
Executing gate at point (1, 1).
Best move: (11, 23)
Best move: (23, 25)
Best move: (20, 25)
Best move: (5, 20)
Executing gate at point (2, 0).
Best move: (13, 14)
Best move: (9, 10)
Best move: (20, 21)
Best move: (14, 21)
Best move: (21, 25)
Best move: (23, 25)
Best move: (11, 23)
Executing gate at point (1, 3).
Executing gate at point (2, 2).
Best move: (20, 21)
Best move: (9, 10)
Best move: (10, 11)
Best move: (11, 23)
Best move: (23, 25)
Best move: (20, 25)
Best move: (4, 5)
Best move: (5, 20)
Try bruteforce due to multiple steps (8) to solve one gate
Trying to solve brute-force congestion at gate [4, 5] with {0: 3, 1: 4, 2: 5, 3: 9, 4: 10, 5: 12, 6: 21, 7: 24}
Trying to moving ion 4... to 3
Ion assignment after moving ion 4: {0: 4, 1: 3, 2: 5, 3: 9, 4: 10, 5: 12, 6: 21, 7: 24}
Gate position gate updated to [3 5]--------------c
Trying to moving ion 5... to 4
Ion assignment after moving ion 5: {0: 5, 1: 3, 2: 4, 3: 9, 4: 10, 5: 12, 6: 21, 7: 24}
Executing gate at point (3, 1).
Executing gate at point (4, 0).
Best move: (14, 21)
Best move: (21, 24)
Best move: (13, 14)
Best move: (14, 21)
Executing gate at point (0, 6).
Executing gate at point (1, 5).
Executing gate at point (2, 6).
Best move: (12, 13)
Best move: (13, 14)
Best move: (14, 21)
Best move: (21, 25)Input filename:  TFXY_wsq_n8_s100_compiled
Algorithm:  SHAPER
Trap type:  G2x3
Trap capacity:  3
Num layout passes:  2
Gate type:  FM
Run index:  8
Creating a QCCD machine ...
QCCD physical machine:
### Traps ### 
Trap(id='trap_0', max_num_ions=3, initial_num_ions=0, executable=True, measureable=True)
Trap(id='trap_1', max_num_ions=3, initial_num_ions=0, executable=True, measureable=True)
Trap(id='trap_2', max_num_ions=3, initial_num_ions=0, executable=True, measureable=True)
Trap(id='trap_3', max_num_ions=3, initial_num_ions=0, executable=True, measureable=True)
Trap(id='trap_4', max_num_ions=3, initial_num_ions=0, executable=True, measureable=True)
Trap(id='trap_5', max_num_ions=3, initial_num_ions=0, executable=True, measureable=True)
### Junctions ### 
Junction(id='junction_0')
Junction(id='junction_1')
Junction(id='junction_2')
### Segments ### 
Segment(id='segment_0', left=Trap(id='trap_0', max_num_ions=3, initial_num_ions=0, executable=True, measureable=True), right=Junction(id='junction_0'))
Segment(id='segment_1', left=Trap(id='trap_5', max_num_ions=3, initial_num_ions=0, executable=True, measureable=True), right=Junction(id='junction_0'))
Segment(id='segment_2', left=Trap(id='trap_1', max_num_ions=3, initial_num_ions=0, executable=True, measureable=True), right=Junction(id='junction_1'))
Segment(id='segment_3', left=Trap(id='trap_4', max_num_ions=3, initial_num_ions=0, executable=True, measureable=True), right=Junction(id='junction_1'))
Segment(id='segment_4', left=Trap(id='trap_2', max_num_ions=3, initial_num_ions=0, executable=True, measureable=True), right=Junction(id='junction_2'))
Segment(id='segment_5', left=Trap(id='trap_3', max_num_ions=3, initial_num_ions=0, executable=True, measureable=True), right=Junction(id='junction_2'))
Segment(id='segment_6', left=Junction(id='junction_0'), right=Junction(id='junction_1'))
Segment(id='segment_7', left=Junction(id='junction_1'), right=Junction(id='junction_2'))
Finished creating the QCCD physical machine.
Position graph:  CouplingGraph({(3, 4), (12, 13), (22, 23), (21, 25), (23, 25), (11, 23), (13, 14), (19, 24), (18, 19), (4, 5), (20, 25), (21, 24), (22, 25), (14, 21), (0, 1), (9, 10), (1, 2), (10, 11), (6, 7), (15, 16), (24, 25), (18, 24), (20, 21), (20, 24), (17, 19), (5, 20), (8, 22), (2, 18), (7, 8), (16, 17)})
Initial ion assignment:  {0: 3, 1: 2, 2: 10, 3: 5, 4: 9, 5: 8, 6: 12, 7: 4}
Congestion rate:  1.0
Scheduling QCCD: 8360.000000000002 us, costing 51.86753320007119 s to compile
0.008360000000000001
51.86753320007119
{0: 4, 1: 3, 2: 10, 3: 9, 4: 13, 5: 12, 6: 14, 7: 24}
[0, 1, 2, 3, 4, 5, 6, 7]
