Best move: (11, 23)
Best move: (23, 25)
Best move: (8, 22)
Best move: (22, 23)
Best move: (3, 4)
Best move: (16, 17)
Best move: (17, 19)
Best move: (19, 24)
Try bruteforce due to multiple steps (8) to solve one gate
Trying to solve brute-force congestion at gate [4, 9] with {0: 13, 1: 24, 2: 4, 3: 9, 4: 25, 5: 3, 6: 10, 7: 23}
Trying to moving ion 9... to 9
Ion assignment after moving ion 9: {0: 13, 1: 24, 2: 4, 3: 9, 4: 25, 5: 3, 6: 10, 7: 23}
Gate position gate updated to [9 4]--------------c
Trying to moving ion 4... to 10
Ion assignment after moving ion 4: {0: 13, 1: 24, 2: 10, 3: 9, 4: 8, 5: 3, 6: 11, 7: 22}
Executing gate at point (0, 2).
Best move: (11, 23)
Best move: (21, 24)
Best move: (14, 21)
Executing gate at point (0, 0).
Best move: (14, 21)
Best move: (21, 25)
Best move: (9, 10)
Best move: (9, 10)
Best move: (9, 10)
Try bruteforce due to repeated pattern...
Trying to solve brute-force congestion at gate [25, 9] with {0: 13, 1: 25, 2: 9, 3: 10, 4: 8, 5: 3, 6: 23, 7: 22}
Trying to moving ion 9... to 9
Ion assignment after moving ion 9: {0: 13, 1: 25, 2: 9, 3: 10, 4: 8, 5: 3, 6: 23, 7: 22}
Gate position gate updated to [ 9 25]--------------c
Trying to moving ion 25... to 10
Ion assignment after moving ion 25: {0: 13, 1: 10, 2: 9, 3: 11, 4: 7, 5: 3, 6: 22, 7: 8}
Executing gate at point (1, 1).
Best move: (6, 7)
Best move: (7, 8)
Best move: (10, 11)
Best move: (11, 23)
Best move: (23, 25)
Best move: (21, 25)
Best move: (14, 21)
Executing gate at point (2, 0).
Best move: (8, 22)
Executing gate at point (0, 6).
Best move: (6, 7)
Best move: (7, 8)
Best move: (8, 22)
Best move: (22, 25)
Best move: (20, 25)
Best move: (5, 20)
Executing gate at point (0, 4).
Best move: (5, 20)
Best move: (20, 25)
Best move: (23, 25)
Best move: (11, 23)
Executing gate at point (1, 3).
Executing gate at point (2, 2).
Best move: (9, 10)
Best move: (10, 11)
Best move: (11, 23)
Best move: (23, 25)
Best move: (21, 25)
Best move: (7, 8)
Best move: (8, 22)
Best move: (22, 25)
Try bruteforce due to multiple steps (8) to solve one gate
Trying to solve brute-force congestion at gate [14, 21] with {0: 13, 1: 14, 2: 21, 3: 9, 4: 10, 5: 3, 6: 25, 7: 6}
Trying to moving ion 14... to 12
Ion assignment after moving ion 14: {0: 14, 1: 12, 2: 21, 3: 9, 4: 10, 5: 3, 6: 25, 7: 6}
Clearing endpoint 14.........
Gate position gate updated to [12 21]--------------c
Trying to moving ion 21... to 13
Ion assignment after moving ion 21: {0: 14, 1: 12, 2: 13, 3: 9, 4: 10, 5: 3, 6: 25, 7: 6}
Executing gate at point (3, 1).
Executing gate at point (4, 0).
Best move: (20, 25)
Best move: (5, 20)
Executing gate at point (1, 5).
Best move: (5, 20)
Best move: (10, 11)
Best move: (11, 23)
Best move: (23, 25)
Best move: (3, 4)
Best move: (24, 25)
Best move: (24, 25)
Best move: (21, 25)
Try bruteforce due to multiple steps (8) to solve one gate
Trying to solve brute-force congestion at gate [21, 4] with {0: 14, 1: 12, 2: 13, 3: 9, 4: 21, 5: 4, 6: 20, 7: 6}
Trying to moving ion 4... to 3
Ion assignment after moving ion 4: {0: 14, 1: 12, 2: 13, 3: 9, 4: 21, 5: 3, 6: 20, 7: 6}
Gate position gate updated to [ 3 21]--------------c
Trying to moving ion 21... to 4
Ion assignment after moving ion 21: {0: 14, 1: 12, 2: 13, 3: 9, 4: 4, 5: 3, 6: 24, 7: 6}
Executing gate at point (2, 4).
Best move: (24, 25)
Best move: (22, 25)
Best move: (8, 22)
Executing gate at point (2, 6).
Best move: (8, 22)
Best move: (4, 5)
Best move: (5, 20)
Best move: (20, 25)
Best move: (23, 25)
Best move: (11, 23)
Executing gate at point (3, 3).
Best move: (22, 25)
Best move: (20, 25)
Best move: (5, 20)
Executing gate at point (3, 5).
Best move: (5, 20)
Best move: (11, 23)
Best move: (23, 25)
Best move: (3, 4)
Best move: (24, 25)
Best move: (24, 25)
Best move: (21, 25)
Best move: (21, 25)
Try bruteforce due to multiple steps (8) to solve one gate
Trying to solve brute-force congestion at gate [25, 4] with {0: 14, 1: 12, 2: 13, 3: 9, 4: 25, 5: 4, 6: 20, 7: 6}
Trying to moving ion 4... to 3
Ion assignment after moving ion 4: {0: 14, 1: 12, 2: 13, 3: 9, 4: 25, 5: 3, 6: 20, 7: 6}
Gate position gate updated to [ 3 25]--------------c
Trying to moving ion 25... to 4
Ion assignment after moving ion 25: {0: 14, 1: 12, 2: 13, 3: 9, 4: 4, 5: 3, 6: 24, 7: 6}
Executing gate at point (4, 4).
Best move: (24, 25)
Best move: (22, 25)
Best move: (8, 22)
Executing gate at point (4, 6).
Best move: (8, 22)
Best move: (22, 25)
Best move: (20, 25)
Best move: (5, 20)
Executing gate at point (5, 5).
Best move: (5, 20)
Best move: (20, 25)
Best move: (22, 25)
Best move: (8, 22)
Executing gate at point (6, 6).
Best move: (13, 14)
Best move: (14, 21)
Best move: (21, 25)
Best move: (23, 25)
Best move: (11, 23)
Executing gate at point (4, 2).
Best move: (11, 23)
Best move: (4, 5)
Best move: (5, 20)
Best move: (20, 25)
Best move: (9, 10)
Best move: (22, 25)
Best move: (22, 25)
Best move: (22, 25)
Try bruteforce due to multiple steps (8) to solve one gate
Trying to solve brute-force congestion at gate [10, 22] with {0: 13, 1: 12, 2: 23, 3: 10, 4: 22, 5: 3, 6: 8, 7: 6}
Trying to moving ion 10... to 9
Ion assignment after moving ion 10: {0: 13, 1: 12, 2: 23, 3: 9, 4: 22, 5: 3, 6: 8, 7: 6}
Gate position gate updated to [ 9 22]--------------c
Trying to moving ion 22... to 10
Ion assignment after moving ion 22: {0: 13, 1: 12, 2: 25, 3: 9, 4: 10, 5: 3, 6: 8, 7: 6}
Executing gate at point (5, 3).
Best move: (10, 11)
Best move: (11, 23)
Best move: (3, 4)
Best move: (22, 23)
Best move: (22, 23)
Try bruteforce due to repeated pattern...
Trying to solve brute-force congestion at gate [23, 4] with {0: 13, 1: 12, 2: 25, 3: 9, 4: 23, 5: 4, 6: 8, 7: 6}
Trying to moving ion 4... to 3
Ion assignment after moving ion 4: {0: 13, 1: 12, 2: 25, 3: 9, 4: 23, 5: 3, 6: 8, 7: 6}
Gate position gate updated to [ 3 23]--------------c
Trying to moving ion 23... to 4
Ion assignment after moving ion 23: {0: 13, 1: 12, 2: 24, 3: 9, 4: 4, 5: 3, 6: 8, 7: 6}
Executing gate at point (6, 4).
Best move: (21, 24)
Best move: (14, 21)
Executing gate at point (5, 1).
Executing gate at point (6, 0).
Best move: (8, 22)
Best move: (22, 25)
Best move: (20, 25)
Best move: (5, 20)
Executing gate at point (7, 5).
Best move: (14, 21)
Best move: (21, 25)
Best move: (23, 25)
Best move: (11, 23)
Executing gate at point (6, 2).
Best move: (11, 23)
Best move: (23, 25)
Best move: (21, 25)
Best move: (14, 21)
Executing gate at point (7, 1).
Best move: (4, 5)
Best move: (5, 20)
Best move: (20, 25)
Best move: (23, 25)
Best move: (11, 23)
Executing gate at point (7, 3).
Trying to solve brute-force congestion at gate [20, 6] with {0: 13, 1: 12, 2: 21, 3: 10, 4: 4, 5: 3, 6: 20, 7: 6}
Trying to moving ion 6... to 6
Ion assignment after moving ion 6: {0: 13, 1: 12, 2: 21, 3: 10, 4: 4, 5: 3, 6: 20, 7: 6}
Gate position gate updated to [ 6 20]--------------c
Trying to moving ion 20... to 7
Ion assignment after moving ion 20: {0: 13, 1: 12, 2: 21, 3: 10, 4: 4, 5: 3, 6: 7, 7: 6}
Trying to solve brute-force congestion at gate [21, 10] with {0: 13, 1: 12, 2: 21, 3: 10, 4: 4, 5: 3, 6: 7, 7: 6}
Trying to moving ion 10... to 9
Ion assignment after moving ion 10: {0: 13, 1: 12, 2: 21, 3: 9, 4: 4, 5: 3, 6: 7, 7: 6}
Gate position gate updated to [ 9 21]--------------c
Trying to moving ion 21... to 10
Ion assignment after moving ion 21: {0: 13, 1: 12, 2: 10, 3: 9, 4: 4, 5: 3, 6: 7, 7: 6}
Trying to solve brute-force congestion at gate [9, 4] with {0: 13, 1: 12, 2: 10, 3: 9, 4: 4, 5: 3, 6: 7, 7: 6}
Trying to moving ion 9... to 9
Ion assignment after moving ion 9: {0: 13, 1: 12, 2: 10, 3: 9, 4: 4, 5: 3, 6: 7, 7: 6}
Gate position gate updated to [9 4]--------------c
Trying to moving ion 4... to 10
Ion assignment after moving ion 4: {0: 13, 1: 12, 2: 11, 3: 9, 4: 10, 5: 3, 6: 7, 7: 6}
Trying to solve brute-force congestion at gate [3, 7] with {0: 13, 1: 12, 2: 11, 3: 9, 4: 10, 5: 3, 6: 7, 7: 6}
Trying to moving ion 3... to 3
Ion assignment after moving ion 3: {0: 13, 1: 12, 2: 11, 3: 9, 4: 10, 5: 3, 6: 7, 7: 6}
Gate position gate updated to [3 7]--------------c
Trying to moving ion 7... to 4
Ion assignment after moving ion 7: {0: 13, 1: 12, 2: 11, 3: 9, 4: 10, 5: 3, 6: 4, 7: 6}
Trying to solve brute-force congestion at gate [10, 3] with {0: 13, 1: 12, 2: 11, 3: 9, 4: 10, 5: 3, 6: 4, 7: 6}
Trying to moving ion 3... to 3
Ion assignment after moving ion 3: {0: 13, 1: 12, 2: 11, 3: 9, 4: 10, 5: 3, 6: 4, 7: 6}
Gate position gate updated to [ 3 10]--------------c
Trying to moving ion 10... to 4
Ion assignment after moving ion 10: {0: 13, 1: 12, 2: 10, 3: 9, 4: 4, 5: 3, 6: 5, 7: 6}
Trying to solve brute-force congestion at gate [5, 6] with {0: 13, 1: 12, 2: 10, 3: 9, 4: 4, 5: 3, 6: 5, 7: 6}
Trying to moving ion 6... to 6
Ion assignment after moving ion 6: {0: 13, 1: 12, 2: 10, 3: 9, 4: 4, 5: 3, 6: 5, 7: 6}
Gate position gate updated to [6 5]--------------c
Trying to moving ion 5... to 7
Ion assignment after moving ion 5: {0: 13, 1: 12, 2: 10, 3: 9, 4: 4, 5: 3, 6: 7, 7: 6}
Trying to solve brute-force congestion at gate [12, 10] with {0: 13, 1: 12, 2: 10, 3: 9, 4: 4, 5: 3, 6: 7, 7: 6}
Trying to moving ion 12... to 12
Ion assignment after moving ion 12: {0: 13, 1: 12, 2: 10, 3: 9, 4: 4, 5: 3, 6: 7, 7: 6}
Gate position gate updated to [12 10]--------------c
Trying to moving ion 10... to 13
Ion assignment after moving ion 10: {0: 14, 1: 12, 2: 13, 3: 9, 4: 4, 5: 3, 6: 7, 7: 6}
Trying to solve brute-force congestion at gate [13, 9] with {0: 14, 1: 12, 2: 13, 3: 9, 4: 4, 5: 3, 6: 7, 7: 6}
Trying to moving ion 9... to 9
Ion assignment after moving ion 9: {0: 14, 1: 12, 2: 13, 3: 9, 4: 4, 5: 3, 6: 7, 7: 6}
Gate position gate updated to [ 9 13]--------------c
Trying to moving ion 13... to 10
Ion assignment after moving ion 13: {0: 13, 1: 12, 2: 10, 3: 9, 4: 4, 5: 3, 6: 7, 7: 6}
Trying to solve brute-force congestion at gate [9, 4] with {0: 13, 1: 12, 2: 10, 3: 9, 4: 4, 5: 3, 6: 7, 7: 6}
Trying to moving ion 9... to 9
Ion assignment after moving ion 9: {0: 13, 1: 12, 2: 10, 3: 9, 4: 4, 5: 3, 6: 7, 7: 6}
Gate position gate updated to [9 4]--------------c
Trying to moving ion 4... to 10
Ion assignment after moving ion 4: {0: 13, 1: 12, 2: 11, 3: 9, 4: 10, 5: 3, 6: 7, 7: 6}
Trying to solve brute-force congestion at gate [12, 11] with {0: 13, 1: 12, 2: 11, 3: 9, 4: 10, 5: 3, 6: 7, 7: 6}
Trying to moving ion 12... to 12
Ion assignment after moving ion 12: {0: 13, 1: 12, 2: 11, 3: 9, 4: 10, 5: 3, 6: 7, 7: 6}
Gate position gate updated to [12 11]--------------c
Trying to moving ion 11... to 13
Ion assignment after moving ion 11: {0: 14, 1: 12, 2: 13, 3: 9, 4: 10, 5: 3, 6: 7, 7: 6}
Trying to solve brute-force congestion at gate [14, 12] with {0: 14, 1: 12, 2: 13, 3: 9, 4: 10, 5: 3, 6: 7, 7: 6}
Trying to moving ion 14... to 12
Ion assignment after moving ion 14: {0: 12, 1: 13, 2: 14, 3: 9, 4: 10, 5: 3, 6: 7, 7: 6}
Clearing endpoint 14.........
Gate position gate updated to [12 13]--------------c
Trying to moving ion 13... to 13
Ion assignment after moving ion 13: {0: 12, 1: 13, 2: 21, 3: 9, 4: 10, 5: 3, 6: 7, 7: 6}
Trying to solve brute-force congestion at gate [3, 7] with {0: 12, 1: 13, 2: 21, 3: 9, 4: 10, 5: 3, 6: 7, 7: 6}
Trying to moving ion 3... to 3
Ion assignment after moving ion 3: {0: 12, 1: 13, 2: 21, 3: 9, 4: 10, 5: 3, 6: 7, 7: 6}
Gate position gate updated to [3 7]--------------c
Trying to moving ion 7... to 4
Ion assignment after moving ion 7: {0: 12, 1: 13, 2: 21, 3: 9, 4: 10, 5: 3, 6: 4, 7: 6}
Trying to solve brute-force congestion at gate [10, 3] with {0: 12, 1: 13, 2: 21, 3: 9, 4: 10, 5: 3, 6: 4, 7: 6}
Trying to moving ion 3... to 3
Ion assignment after moving ion 3: {0: 12, 1: 13, 2: 21, 3: 9, 4: 10, 5: 3, 6: 4, 7: 6}
Gate position gate updated to [ 3 10]--------------c
Trying to moving ion 10... to 4
Ion assignment after moving ion 10: {0: 12, 1: 13, 2: 21, 3: 9, 4: 4, 5: 3, 6: 5, 7: 6}
Trying to solve brute-force congestion at gate [5, 6] with {0: 12, 1: 13, 2: 21, 3: 9, 4: 4, 5: 3, 6: 5, 7: 6}
Trying to moving ion 6... to 6
Ion assignment after moving ion 6: {0: 12, 1: 13, 2: 21, 3: 9, 4: 4, 5: 3, 6: 5, 7: 6}
Gate position gate updated to [6 5]--------------c
Trying to moving ion 5... to 7
Ion assignment after moving ion 5: {0: 12, 1: 13, 2: 21, 3: 9, 4: 4, 5: 3, 6: 7, 7: 6}
Trying to solve brute-force congestion at gate [3, 7] with {0: 12, 1: 13, 2: 21, 3: 9, 4: 4, 5: 3, 6: 7, 7: 6}
Trying to moving ion 3... to 3
Ion assignment after moving ion 3: {0: 12, 1: 13, 2: 21, 3: 9, 4: 4, 5: 3, 6: 7, 7: 6}
Gate position gate updated to [3 7]--------------c
Trying to moving ion 7... to 4
Ion assignment after moving ion 7: {0: 12, 1: 13, 2: 21, 3: 9, 4: 5, 5: 3, 6: 4, 7: 6}
Trying to solve brute-force congestion at gate [21, 9] with {0: 12, 1: 13, 2: 21, 3: 9, 4: 5, 5: 3, 6: 4, 7: 6}
Trying to moving ion 9... to 9
Ion assignment after moving ion 9: {0: 12, 1: 13, 2: 21, 3: 9, 4: 5, 5: 3, 6: 4, 7: 6}
Gate position gate updated to [ 9 21]--------------c
Trying to moving ion 21... to 10
Ion assignment after moving ion 21: {0: 12, 1: 13, 2: 10, 3: 9, 4: 5, 5: 3, 6: 4, 7: 6}
Trying to solve brute-force congestion at gate [13, 10] with {0: 12, 1: 13, 2: 10, 3: 9, 4: 5, 5: 3, 6: 4, 7: 6}
Trying to moving ion 10... to 9
Ion assignment after moving ion 10: {0: 12, 1: 13, 2: 9, 3: 10, 4: 5, 5: 3, 6: 4, 7: 6}
Gate position gate updated to [ 9 13]--------------c
Trying to moving ion 13... to 10
Ion assignment after moving ion 13: {0: 12, 1: 10, 2: 9, 3: 11, 4: 5, 5: 3, 6: 4, 7: 6}
Trying to solve brute-force congestion at gate [12, 10] with {0: 12, 1: 10, 2: 9, 3: 11, 4: 5, 5: 3, 6: 4, 7: 6}
Trying to moving ion 12... to 12
Ion assignment after moving ion 12: {0: 12, 1: 10, 2: 9, 3: 11, 4: 5, 5: 3, 6: 4, 7: 6}
Gate position gate updated to [12 10]--------------c
Trying to moving ion 10... to 13
Ion assignment after moving ion 10: {0: 12, 1: 13, 2: 9, 3: 10, 4: 5, 5: 3, 6: 4, 7: 6}
Trying to solve brute-force congestion at gate [10, 5] with {0: 12, 1: 13, 2: 9, 3: 10, 4: 5, 5: 3, 6: 4, 7: 6}
Trying to moving ion 10... to 9
Ion assignment after moving ion 10: {0: 12, 1: 13, 2: 10, 3: 9, 4: 5, 5: 3, 6: 4, 7: 6}
Gate position gate updated to [9 5]--------------c
Trying to moving ion 5... to 10
Ion assignment after moving ion 5: {0: 12, 1: 13, 2: 11, 3: 9, 4: 10, 5: 3, 6: 4, 7: 6}
Trying to solve brute-force congestion at gate [11, 9] with {0: 12, 1: 13, 2: 11, 3: 9, 4: 10, 5: 3, 6: 4, 7: 6}
Trying to moving ion 11... to 9
Ion assignment after moving ion 11: {0: 12, 1: 13, 2: 9, 3: 10, 4: 11, 5: 3, 6: 4, 7: 6}
Clearing endpoint 11.........
Gate position gate updated to [ 9 10]--------------c
Trying to moving ion 10... to 10
Ion assignment after moving ion 10: {0: 12, 1: 13, 2: 9, 3: 10, 4: 23, 5: 3, 6: 4, 7: 6}
Trying to solve brute-force congestion at gate [23, 3] with {0: 12, 1: 13, 2: 9, 3: 10, 4: 23, 5: 3, 6: 4, 7: 6}
Trying to moving ion 3... to 3
Ion assignment after moving ion 3: {0: 12, 1: 13, 2: 9, 3: 10, 4: 23, 5: 3, 6: 4, 7: 6}
Gate position gate updated to [ 3 23]--------------c
Trying to moving ion 23... to 4
Ion assignment after moving ion 23: {0: 12, 1: 13, 2: 9, 3: 10, 4: 4, 5: 3, 6: 5, 7: 6}
Trying to solve brute-force congestion at gate [5, 6] with {0: 12, 1: 13, 2: 9, 3: 10, 4: 4, 5: 3, 6: 5, 7: 6}
Trying to moving ion 6... to 6
Ion assignment after moving ion 6: {0: 12, 1: 13, 2: 9, 3: 10, 4: 4, 5: 3, 6: 5, 7: 6}
Gate position gate updated to [6 5]--------------c
Trying to moving ion 5... to 7
Ion assignment after moving ion 5: {0: 12, 1: 13, 2: 9, 3: 10, 4: 4, 5: 3, 6: 7, 7: 6}
Executing gate at point (0, 2).
Executing gate at point (0, 4).
Executing gate at point (0, 6).
Executing gate at point (0, 0).
Best move: (13, 14)
Best move: (14, 21)
Best move: (7, 8)
Best move: (8, 22)
Best move: (9, 10)
Best move: (21, 25)
Best move: (23, 25)
Best move: (22, 25)
Try bruteforce due to multiple steps (8) to solve one gate
Trying to solve brute-force congestion at gate [23, 10] with {0: 12, 1: 23, 2: 10, 3: 9, 4: 4, 5: 3, 6: 25, 7: 6}
Trying to moving ion 10... to 9
Ion assignment after moving ion 10: {0: 12, 1: 23, 2: 9, 3: 10, 4: 4, 5: 3, 6: 25, 7: 6}
Gate position gate updated to [ 9 23]--------------c
Trying to moving ion 23... to 10
Ion assignment after moving ion 23: {0: 12, 1: 10, 2: 9, 3: 11, 4: 4, 5: 3, 6: 25, 7: 6}
Executing gate at point (1, 1).
Best move: (20, 25)
Best move: (11, 23)
Best move: (23, 25)
Best move: (24, 25)
Best move: (10, 11)
Best move: (11, 23)
Best move: (23, 25)
Best move: (21, 25)
Try bruteforce due to multiple steps (8) to solve one gate
Trying to solve brute-force congestion at gate [12, 21] with {0: 12, 1: 21, 2: 9, 3: 24, 4: 4, 5: 3, 6: 20, 7: 6}
Trying to moving ion 12... to 12
Ion assignment after moving ion 12: {0: 12, 1: 21, 2: 9, 3: 24, 4: 4, 5: 3, 6: 20, 7: 6}
Gate position gate updated to [12 21]--------------c
Trying to moving ion 21... to 13
Ion assignment after moving ion 21: {0: 12, 1: 13, 2: 9, 3: 24, 4: 4, 5: 3, 6: 20, 7: 6}
Executing gate at point (2, 0).
Best move: (24, 25)
Best move: (3, 4)
Best move: (3, 4)
Best move: (24, 25)
Best move: (24, 25)
Best move: (21, 25)
Best move: (21, 25)
Try bruteforce due to repeated pattern...
Trying to solve brute-force congestion at gate [25, 4] with {0: 12, 1: 13, 2: 9, 3: 25, 4: 4, 5: 3, 6: 20, 7: 6}
Trying to moving ion 4... to 3
Ion assignment after moving ion 4: {0: 12, 1: 13, 2: 9, 3: 25, 4: 3, 5: 4, 6: 20, 7: 6}
Gate position gate updated to [ 3 25]--------------c
Trying to moving ion 25... to 4
Ion assignment after moving ion 25: {0: 12, 1: 13, 2: 9, 3: 4, 4: 3, 5: 5, 6: 24, 7: 6}
Executing gate at point (1, 3).
Best move: (5, 20)
Best move: (20, 21)
Best move: (4, 5)
Best move: (5, 20)
Best move: (20, 25)
Best move: (23, 25)
Best move: (11, 23)
Executing gate at point (2, 2).
Best move: (20, 21)
Best move: (9, 10)
Best move: (10, 11)
Best move: (11, 23)
Best move: (23, 25)
Best move: (21, 25)
Best move: (14, 21)
Executing gate at point (3, 1).
Executing gate at point (4, 0).
Best move: (5, 20)
Best move: (20, 24)
Best move: (4, 5)
Best move: (5, 20)
Executing gate at point (1, 5).
Executing gate at point (2, 4).
Best move: (5, 20)
Best move: (10, 11)
Best move: (11, 23)
Best move: (23, 25)
Best move: (3, 4)
Best move: (21, 25)
Best move: (21, 25)
Best move: (21, 25)
Try bruteforce due to multiple steps (8) to solve one gate
Trying to solve brute-force congestion at gate [21, 4] with {0: 12, 1: 13, 2: 14, 3: 21, 4: 4, 5: 3, 6: 20, 7: 6}
Trying to moving ion 4... to 3
Ion assignment after moving ion 4: {0: 12, 1: 13, 2: 14, 3: 21, 4: 3, 5: 4, 6: 20, 7: 6}
Gate position gate updated to [ 3 21]--------------c
Trying to moving ion 21... to 4
Ion assignment after moving ion 21: {0: 12, 1: 13, 2: 14, 3: 4, 4: 3, 5: 5, 6: 24, 7: 6}
Executing gate at point (3, 3).
Best move: (24, 25)
Best move: (22, 25)
Best move: (8, 22)
Executing gate at point (2, 6).
Best move: (5, 20)
Best move: (20, 25)
Best move: (14, 21)
Best move: (20, 21)
Best move: (22, 25)
Best move: (7, 8)
Best move: (8, 22)
Executing gate at point (3, 5).
Executing gate at point (4, 6).
Best move: (8, 22)
Best move: (5, 20)
Executing gate at point (4, 2).
Best move: (5, 20)
Best move: (22, 25)
Best move: (3, 4)
Best move: (21, 25)
Best move: (21, 25)
Best move: (21, 25)
Try bruteforce due to repeated pattern...
Trying to solve brute-force congestion at gate [4, 21] with {0: 12, 1: 13, 2: 20, 3: 3, 4: 4, 5: 21, 6: 7, 7: 6}
Trying to moving ion 4... to 3
Ion assignment after moving ion 4: {0: 12, 1: 13, 2: 20, 3: 4, 4: 3, 5: 21, 6: 7, 7: 6}
Gate position gate updated to [ 3 21]--------------c
Trying to moving ion 21... to 4
Ion assignment after moving ion 21: {0: 12, 1: 13, 2: 24, 3: 5, 4: 3, 5: 4, 6: 7, 7: 6}
Executing gate at point (4, 4).
Executing gate at point (5, 3).
Best move: (21, 24)
Best move: (14, 21)
Executing gate at point (5, 1).
Executing gate at point (6, 0).
Best move: (14, 21)
Best move: (5, 20)
Best move: (21, 25)
Best move: (21, 25)
Best move: (20, 24)
Best move: (19, 24)
Best move: (21, 24)
Best move: (17, 19)
Try bruteforce due to multiple steps (8) to solve one gate
Trying to solve brute-force congestion at gate [24, 17] with {0: 12, 1: 13, 2: 24, 3: 17, 4: 3, 5: 4, 6: 7, 7: 6}
Trying to moving ion 17... to 15
Ion assignment after moving ion 17: {0: 12, 1: 13, 2: 24, 3: 15, 4: 3, 5: 4, 6: 7, 7: 6}
Gate position gate updated to [15 24]--------------c
Trying to moving ion 24... to 16
Ion assignment after moving ion 24: {0: 12, 1: 13, 2: 16, 3: 15, 4: 3, 5: 4, 6: 7, 7: 6}
Executing gate at point (6, 2).
Best move: (4, 5)
Best move: (5, 20)
Best move: (20, 25)
Best move: (22, 25)
Best move: (8, 22)
Executing gate at point (5, 5).
Executing gate at point (6, 6).
Best move: (8, 22)
Best move: (13, 14)
Best move: (14, 21)
Best move: (21, 24)
Best move: (19, 24)
Best move: (17, 19)
Executing gate at point (7, 1).
Best move: (22, 25)
Best move: (20, 25)
Best move: (5, 20)
Executing gate at point (6, 4).
Best move: (5, 20)
Best move: (20, 25)
Best move: (22, 25)
Best move: (8, 22)
Executing gate at point (7, 5).
Best move: (15, 16)
Best move: (16, 17)
Best move: (17, 19)
Best move: (19, 24)
Best move: (20, 24)
Best move: (5, 20)
Executing gate at point (7, 3).
Trying to solve brute-force congestion at gate [3, 5] with {0: 12, 1: 16, 2: 15, 3: 17, 4: 3, 5: 5, 6: 7, 7: 6}
Trying to moving ion 3... to 3
Ion assignment after moving ion 3: {0: 12, 1: 16, 2: 15, 3: 17, 4: 3, 5: 5, 6: 7, 7: 6}
Gate position gate updated to [3 5]--------------c
Trying to moving ion 5... to 4
Ion assignment after moving ion 5: {0: 12, 1: 16, 2: 15, 3: 17, 4: 3, 5: 4, 6: 7, 7: 6}
Trying to solve brute-force congestion at gate [17, 3] with {0: 12, 1: 16, 2: 15, 3: 17, 4: 3, 5: 4, 6: 7, 7: 6}
Trying to moving ion 3... to 3
Ion assignment after moving ion 3: {0: 12, 1: 16, 2: 15, 3: 17, 4: 3, 5: 4, 6: 7, 7: 6}
Gate position gate updated to [ 3 17]--------------c
Trying to moving ion 17... to 4
Ion assignment after moving ion 17: {0: 12, 1: 16, 2: 15, 3: 4, 4: 3, 5: 5, 6: 7, 7: 6}
Trying to solve brute-force congestion at gate [5, 7] with {0: 12, 1: 16, 2: 15, 3: 4, 4: 3, 5: 5, 6: 7, 7: 6}
Trying to moving ion 7... to 6
Ion assignment after moving ion 7: {0: 12, 1: 16, 2: 15, 3: 4, 4: 3, 5: 5, 6: 6, 7: 7}
Gate position gate updated to [6 5]--------------c
Trying to moving ion 5... to 7
Ion assignment after moving ion 5: {0: 12, 1: 16, 2: 15, 3: 4, 4: 3, 5: 7, 6: 6, 7: 8}
Trying to solve brute-force congestion at gate [3, 7] with {0: 12, 1: 16, 2: 15, 3: 4, 4: 3, 5: 7, 6: 6, 7: 8}
Trying to moving ion 3... to 3
Ion assignment after moving ion 3: {0: 12, 1: 16, 2: 15, 3: 4, 4: 3, 5: 7, 6: 6, 7: 8}
Gate position gate updated to [3 7]--------------c
Trying to moving ion 7... to 4
Ion assignment after moving ion 7: {0: 12, 1: 16, 2: 15, 3: 5, 4: 3, 5: 4, 6: 6, 7: 7}
Trying to solve brute-force congestion at gate [4, 6] with {0: 12, 1: 16, 2: 15, 3: 5, 4: 3, 5: 4, 6: 6, 7: 7}
Trying to moving ion 6... to 6
Ion assignment after moving ion 6: {0: 12, 1: 16, 2: 15, 3: 5, 4: 3, 5: 4, 6: 6, 7: 7}
Gate position gate updated to [6 4]--------------c
Trying to moving ion 4... to 7
Ion assignment after moving ion 4: {0: 12, 1: 16, 2: 15, 3: 4, 4: 3, 5: 7, 6: 6, 7: 8}
Trying to solve brute-force congestion at gate [6, 8] with {0: 12, 1: 16, 2: 15, 3: 4, 4: 3, 5: 7, 6: 6, 7: 8}
Trying to moving ion 6... to 6
Ion assignment after moving ion 6: {0: 12, 1: 16, 2: 15, 3: 4, 4: 3, 5: 7, 6: 6, 7: 8}
Gate position gate updated to [6 8]--------------c
Trying to moving ion 8... to 7
Ion assignment after moving ion 8: {0: 12, 1: 16, 2: 15, 3: 4, 4: 3, 5: 8, 6: 6, 7: 7}
Trying to solve brute-force congestion at gate [12, 16] with {0: 12, 1: 16, 2: 15, 3: 4, 4: 3, 5: 8, 6: 6, 7: 7}
Trying to moving ion 12... to 12
Ion assignment after moving ion 12: {0: 12, 1: 16, 2: 15, 3: 4, 4: 3, 5: 8, 6: 6, 7: 7}
Gate position gate updated to [12 16]--------------c
Trying to moving ion 16... to 13
Ion assignment after moving ion 16: {0: 12, 1: 13, 2: 15, 3: 4, 4: 3, 5: 8, 6: 6, 7: 7}
Trying to solve brute-force congestion at gate [13, 15] with {0: 12, 1: 13, 2: 15, 3: 4, 4: 3, 5: 8, 6: 6, 7: 7}
Trying to moving ion 15... to 15
Ion assignment after moving ion 15: {0: 12, 1: 13, 2: 15, 3: 4, 4: 3, 5: 8, 6: 6, 7: 7}
Gate position gate updated to [15 13]--------------c
Trying to moving ion 13... to 16
Ion assignment after moving ion 13: {0: 12, 1: 16, 2: 15, 3: 4, 4: 3, 5: 8, 6: 6, 7: 7}
Trying to solve brute-force congestion at gate [12, 16] with {0: 12, 1: 16, 2: 15, 3: 4, 4: 3, 5: 8, 6: 6, 7: 7}
Trying to moving ion 12... to 12
Ion assignment after moving ion 12: {0: 12, 1: 16, 2: 15, 3: 4, 4: 3, 5: 8, 6: 6, 7: 7}
Gate position gate updated to [12 16]--------------c
Trying to moving ion 16... to 13
Ion assignment after moving ion 16: {0: 12, 1: 13, 2: 15, 3: 4, 4: 3, 5: 8, 6: 6, 7: 7}
Trying to solve brute-force congestion at gate [15, 4] with {0: 12, 1: 13, 2: 15, 3: 4, 4: 3, 5: 8, 6: 6, 7: 7}
Trying to moving ion 15... to 15
Ion assignment after moving ion 15: {0: 12, 1: 13, 2: 15, 3: 4, 4: 3, 5: 8, 6: 6, 7: 7}
Gate position gate updated to [15  4]--------------c
Trying to moving ion 4... to 16
Ion assignment after moving ion 4: {0: 12, 1: 13, 2: 15, 3: 16, 4: 3, 5: 8, 6: 6, 7: 7}
Trying to solve brute-force congestion at gate [13, 15] with {0: 12, 1: 13, 2: 15, 3: 16, 4: 3, 5: 8, 6: 6, 7: 7}
Trying to moving ion 15... to 15
Ion assignment after moving ion 15: {0: 12, 1: 13, 2: 15, 3: 16, 4: 3, 5: 8, 6: 6, 7: 7}
Gate position gate updated to [15 13]--------------c
Trying to moving ion 13... to 16
Ion assignment after moving ion 13: {0: 12, 1: 16, 2: 15, 3: 17, 4: 3, 5: 8, 6: 6, 7: 7}
Trying to solve brute-force congestion at gate [17, 3] with {0: 12, 1: 16, 2: 15, 3: 17, 4: 3, 5: 8, 6: 6, 7: 7}
Trying to moving ion 3... to 3
Ion assignment after moving ion 3: {0: 12, 1: 16, 2: 15, 3: 17, 4: 3, 5: 8, 6: 6, 7: 7}
Gate position gate updated to [ 3 17]--------------c
Trying to moving ion 17... to 4
Ion assignment after moving ion 17: {0: 12, 1: 16, 2: 15, 3: 4, 4: 3, 5: 8, 6: 6, 7: 7}
Trying to solve brute-force congestion at gate [3, 8] with {0: 12, 1: 16, 2: 15, 3: 4, 4: 3, 5: 8, 6: 6, 7: 7}
Trying to moving ion 3... to 3
Ion assignment after moving ion 3: {0: 12, 1: 16, 2: 15, 3: 4, 4: 3, 5: 8, 6: 6, 7: 7}
Gate position gate updated to [3 8]--------------c
Trying to moving ion 8... to 4
Ion assignment after moving ion 8: {0: 12, 1: 16, 2: 15, 3: 5, 4: 3, 5: 4, 6: 6, 7: 7}
Trying to solve brute-force congestion at gate [4, 6] with {0: 12, 1: 16, 2: 15, 3: 5, 4: 3, 5: 4, 6: 6, 7: 7}
Trying to moving ion 6... to 6
Ion assignment after moving ion 6: {0: 12, 1: 16, 2: 15, 3: 5, 4: 3, 5: 4, 6: 6, 7: 7}
Gate position gate updated to [6 4]--------------c
Trying to moving ion 4... to 7
Ion assignment after moving ion 4: {0: 12, 1: 16, 2: 15, 3: 4, 4: 3, 5: 7, 6: 6, 7: 8}
Trying to solve brute-force congestion at gate [12, 16] with {0: 12, 1: 16, 2: 15, 3: 4, 4: 3, 5: 7, 6: 6, 7: 8}
Trying to moving ion 12... to 12
Ion assignment after moving ion 12: {0: 12, 1: 16, 2: 15, 3: 4, 4: 3, 5: 7, 6: 6, 7: 8}
Gate position gate updated to [12 16]--------------c
Trying to moving ion 16... to 13
Ion assignment after moving ion 16: {0: 12, 1: 13, 2: 15, 3: 4, 4: 3, 5: 7, 6: 6, 7: 8}
Trying to solve brute-force congestion at gate [15, 4] with {0: 12, 1: 13, 2: 15, 3: 4, 4: 3, 5: 7, 6: 6, 7: 8}
Trying to moving ion 15... to 15
Ion assignment after moving ion 15: {0: 12, 1: 13, 2: 15, 3: 4, 4: 3, 5: 7, 6: 6, 7: 8}
Gate position gate updated to [15  4]--------------c
Trying to moving ion 4... to 16
Ion assignment after moving ion 4: {0: 12, 1: 13, 2: 15, 3: 16, 4: 3, 5: 7, 6: 6, 7: 8}
Trying to solve brute-force congestion at gate [13, 15] with {0: 12, 1: 13, 2: 15, 3: 16, 4: 3, 5: 7, 6: 6, 7: 8}
Trying to moving ion 15... to 15
Ion assignment after moving ion 15: {0: 12, 1: 13, 2: 15, 3: 16, 4: 3, 5: 7, 6: 6, 7: 8}
Gate position gate updated to [15 13]--------------c
Trying to moving ion 13... to 16
Ion assignment after moving ion 13: {0: 12, 1: 16, 2: 15, 3: 17, 4: 3, 5: 7, 6: 6, 7: 8}
Trying to solve brute-force congestion at gate [17, 3] with {0: 12, 1: 16, 2: 15, 3: 17, 4: 3, 5: 7, 6: 6, 7: 8}
Trying to moving ion 3... to 3
Ion assignment after moving ion 3: {0: 12, 1: 16, 2: 15, 3: 17, 4: 3, 5: 7, 6: 6, 7: 8}
Gate position gate updated to [ 3 17]--------------c
Trying to moving ion 17... to 4
Ion assignment after moving ion 17: {0: 12, 1: 16, 2: 15, 3: 4, 4: 3, 5: 7, 6: 6, 7: 8}
Trying to solve brute-force congestion at gate [15, 4] with {0: 12, 1: 16, 2: 15, 3: 4, 4: 3, 5: 7, 6: 6, 7: 8}
Trying to moving ion 15... to 15
Ion assignment after moving ion 15: {0: 12, 1: 16, 2: 15, 3: 4, 4: 3, 5: 7, 6: 6, 7: 8}
Gate position gate updated to [15  4]--------------c
Trying to moving ion 4... to 16
Ion assignment after moving ion 4: {0: 12, 1: 17, 2: 15, 3: 16, 4: 3, 5: 7, 6: 6, 7: 8}
Trying to solve brute-force congestion at gate [3, 7] with {0: 12, 1: 17, 2: 15, 3: 16, 4: 3, 5: 7, 6: 6, 7: 8}
Trying to moving ion 3... to 3
Ion assignment after moving ion 3: {0: 12, 1: 17, 2: 15, 3: 16, 4: 3, 5: 7, 6: 6, 7: 8}
Gate position gate updated to [3 7]--------------c
Trying to moving ion 7... to 4
Ion assignment after moving ion 7: {0: 12, 1: 17, 2: 15, 3: 16, 4: 3, 5: 4, 6: 6, 7: 7}
Trying to solve brute-force congestion at gate [12, 17] with {0: 12, 1: 17, 2: 15, 3: 16, 4: 3, 5: 4, 6: 6, 7: 7}
Trying to moving ion 12... to 12
Ion assignment after moving ion 12: {0: 12, 1: 17, 2: 15, 3: 16, 4: 3, 5: 4, 6: 6, 7: 7}
Gate position gate updated to [12 17]--------------c
Trying to moving ion 17... to 13
Ion assignment after moving ion 17: {0: 12, 1: 13, 2: 15, 3: 16, 4: 3, 5: 4, 6: 6, 7: 7}
Executing gate at point (0, 2).
Executing gate at point (0, 4).
Executing gate at point (0, 6).
Executing gate at point (0, 0).
Best move: (13, 14)
Best move: (14, 21)
Best move: (21, 24)
Best move: (19, 24)
Best move: (17, 19)
Executing gate at point (1, 1).
Best move: (17, 19)
Best move: (19, 24)
Best move: (21, 24)
Best move: (14, 21)
Executing gate at point (2, 0).
Best move: (16, 17)
Best move: (17, 19)
Best move: (19, 24)
Best move: (20, 24)
Best move: (5, 20)
Executing gate at point (1, 3).
Best move: (5, 20)
Best move: (20, 24)
Best move: (19, 24)
Best move: (17, 19)
Executing gate at point (2, 2).
Best move: (14, 21)
Best move: (21, 24)
Best move: (19, 24)
Best move: (4, 5)
Best move: (5, 20)
Best move: (20, 25)
Best move: (22, 25)
Best move: (8, 22)
Try bruteforce due to multiple steps (8) to solve one gate
Trying to solve brute-force congestion at gate [19, 15] with {0: 12, 1: 19, 2: 15, 3: 17, 4: 3, 5: 8, 6: 6, 7: 7}
Trying to moving ion 15... to 15
Ion assignment after moving ion 15: {0: 12, 1: 19, 2: 15, 3: 17, 4: 3, 5: 8, 6: 6, 7: 7}
Clearing endpoint 17.........
Gate position gate updated to [15 19]--------------c
Trying to moving ion 19... to 16
Ion assignment after moving ion 19: {0: 12, 1: 16, 2: 15, 3: 17, 4: 3, 5: 8, 6: 6, 7: 7}
Executing gate at point (3, 1).
Executing gate at point (1, 5).
Executing gate at point (2, 6).
Best move: (8, 22)
Best move: (22, 25)
Best move: (20, 25)
Best move: (5, 20)
Executing gate at point (2, 4).
Best move: (5, 20)
Best move: (16, 17)
Best move: (17, 19)
Best move: (19, 24)
Best move: (21, 24)
Best move: (14, 21)
Executing gate at point (4, 0).
Best move: (20, 25)
Best move: (22, 25)
Best move: (8, 22)
Executing gate at point (3, 5).
Executing gate at point (4, 6).
Best move: (16, 17)
Best move: (17, 19)
Best move: (19, 24)
Best move: (20, 24)
Best move: (5, 20)
Executing gate at point (3, 3).
Best move: (5, 20)
Best move: (8, 22)
Best move: (22, 25)
Best move: (3, 4)
Best move: (21, 25)
Best move: (21, 25)
Best move: (21, 25)
Try bruteforce due to repeated pattern...
Trying to solve brute-force congestion at gate [4, 21] with {0: 12, 1: 14, 2: 15, 3: 20, 4: 4, 5: 21, 6: 6, 7: 7}
Trying to moving ion 4... to 3
Ion assignment after moving ion 4: {0: 12, 1: 14, 2: 15, 3: 20, 4: 3, 5: 21, 6: 6, 7: 7}
Gate position gate updated to [ 3 21]--------------c
Trying to moving ion 21... to 4
Ion assignment after moving ion 21: {0: 12, 1: 14, 2: 15, 3: 24, 4: 3, 5: 4, 6: 6, 7: 7}
Executing gate at point (4, 4).
Best move: (19, 24)
Best move: (17, 19)
Executing gate at point (4, 2).
Best move: (14, 21)Input filename:  TFXY_n8_s100_compiled
Algorithm:  SHAPER
Trap type:  G2x3
Trap capacity:  3
Num layout passes:  2
Gate type:  FM
Run index:  5
Creating a QCCD machine ...
QCCD physical machine:
### Traps ### 
Trap(id='trap_0', max_num_ions=3, initial_num_ions=0, executable=True, measureable=True)
Trap(id='trap_1', max_num_ions=3, initial_num_ions=0, executable=True, measureable=True)
Trap(id='trap_2', max_num_ions=3, initial_num_ions=0, executable=True, measureable=True)
Trap(id='trap_3', max_num_ions=3, initial_num_ions=0, executable=True, measureable=True)
Trap(id='trap_4', max_num_ions=3, initial_num_ions=0, executable=True, measureable=True)
Trap(id='trap_5', max_num_ions=3, initial_num_ions=0, executable=True, measureable=True)
### Junctions ### 
Junction(id='junction_0')
Junction(id='junction_1')
Junction(id='junction_2')
### Segments ### 
Segment(id='segment_0', left=Trap(id='trap_0', max_num_ions=3, initial_num_ions=0, executable=True, measureable=True), right=Junction(id='junction_0'))
Segment(id='segment_1', left=Trap(id='trap_5', max_num_ions=3, initial_num_ions=0, executable=True, measureable=True), right=Junction(id='junction_0'))
Segment(id='segment_2', left=Trap(id='trap_1', max_num_ions=3, initial_num_ions=0, executable=True, measureable=True), right=Junction(id='junction_1'))
Segment(id='segment_3', left=Trap(id='trap_4', max_num_ions=3, initial_num_ions=0, executable=True, measureable=True), right=Junction(id='junction_1'))
Segment(id='segment_4', left=Trap(id='trap_2', max_num_ions=3, initial_num_ions=0, executable=True, measureable=True), right=Junction(id='junction_2'))
Segment(id='segment_5', left=Trap(id='trap_3', max_num_ions=3, initial_num_ions=0, executable=True, measureable=True), right=Junction(id='junction_2'))
Segment(id='segment_6', left=Junction(id='junction_0'), right=Junction(id='junction_1'))
Segment(id='segment_7', left=Junction(id='junction_1'), right=Junction(id='junction_2'))
Finished creating the QCCD physical machine.
Position graph:  CouplingGraph({(3, 4), (12, 13), (22, 23), (21, 25), (23, 25), (11, 23), (13, 14), (19, 24), (18, 19), (4, 5), (20, 25), (21, 24), (22, 25), (14, 21), (0, 1), (9, 10), (1, 2), (10, 11), (6, 7), (15, 16), (24, 25), (18, 24), (20, 21), (20, 24), (17, 19), (5, 20), (8, 22), (2, 18), (7, 8), (16, 17)})
Initial ion assignment:  {0: 13, 1: 16, 2: 3, 3: 9, 4: 11, 5: 4, 6: 10, 7: 8}
Congestion rate:  1.0
Scheduling QCCD: 1840004240.0000002 us, costing 48.338913800078444 s to compile
1840.0042400000002
48.338913800078444
{0: 12, 1: 13, 2: 15, 3: 16, 4: 3, 5: 4, 6: 6, 7: 7}
[0, 1, 2, 3, 4, 5, 6, 7]
