Executing gate at point (0, 12).
Best move: (11, 23)
Best move: (2, 18)
Best move: (8, 22)
Best move: (5, 20)
Best move: (18, 24)
Best move: (17, 19)
Best move: (23, 25)
Best move: (21, 25)
Try bruteforce due to multiple steps (8) to solve one gate
Trying to solve brute-force congestion at gate [13, 22] with {0: 12, 1: 13, 2: 19, 3: 9, 4: 0, 5: 24, 6: 20, 7: 22, 8: 7, 9: 4, 10: 21, 11: 6, 12: 15, 13: 16, 14: 1, 15: 3}
Trying to moving ion 13... to 12
Ion assignment after moving ion 13: {0: 13, 1: 12, 2: 19, 3: 9, 4: 0, 5: 24, 6: 20, 7: 22, 8: 7, 9: 4, 10: 21, 11: 6, 12: 15, 13: 16, 14: 1, 15: 3}
Gate position gate updated to [12 22]--------------c
Trying to moving ion 22... to 13
Ion assignment after moving ion 22: {0: 14, 1: 12, 2: 19, 3: 9, 4: 0, 5: 18, 6: 20, 7: 13, 8: 7, 9: 4, 10: 24, 11: 6, 12: 15, 13: 16, 14: 1, 15: 3}
Executing gate at point (0, 1).
Best move: (14, 21)
Best move: (20, 25)
Best move: (22, 25)
Best move: (20, 21)
Best move: (3, 4)
Best move: (6, 7)
Best move: (0, 1)
Best move: (6, 7)
Try bruteforce due to multiple steps (8) to solve one gate
Trying to solve brute-force congestion at gate [19, 0] with {0: 20, 1: 12, 2: 19, 3: 9, 4: 1, 5: 18, 6: 22, 7: 13, 8: 7, 9: 3, 10: 24, 11: 6, 12: 15, 13: 16, 14: 0, 15: 4}
Trying to moving ion 0... to 0
Ion assignment after moving ion 0: {0: 20, 1: 12, 2: 19, 3: 9, 4: 1, 5: 18, 6: 22, 7: 13, 8: 7, 9: 3, 10: 24, 11: 6, 12: 15, 13: 16, 14: 0, 15: 4}
Gate position gate updated to [ 0 19]--------------c
Trying to moving ion 19... to 1
Ion assignment after moving ion 19: {0: 20, 1: 12, 2: 1, 3: 9, 4: 2, 5: 24, 6: 22, 7: 13, 8: 7, 9: 3, 10: 25, 11: 6, 12: 15, 13: 16, 14: 0, 15: 4}
Executing gate at point (0, 2).
Best move: (2, 18)
Best move: (21, 24)
Best move: (18, 24)
Best move: (6, 7)
Best move: (23, 25)
Best move: (24, 25)
Best move: (20, 24)
Best move: (6, 7)
Try bruteforce due to multiple steps (8) to solve one gate
Trying to solve brute-force congestion at gate [25, 23] with {0: 24, 1: 12, 2: 1, 3: 9, 4: 25, 5: 21, 6: 22, 7: 13, 8: 7, 9: 3, 10: 23, 11: 6, 12: 15, 13: 16, 14: 0, 15: 4}
Trying to moving ion 23... to 9
Ion assignment after moving ion 23: {0: 24, 1: 12, 2: 1, 3: 10, 4: 25, 5: 21, 6: 22, 7: 13, 8: 7, 9: 3, 10: 9, 11: 6, 12: 15, 13: 16, 14: 0, 15: 4}
Gate position gate updated to [ 9 25]--------------c
Trying to moving ion 25... to 10
Ion assignment after moving ion 25: {0: 24, 1: 12, 2: 1, 3: 11, 4: 10, 5: 21, 6: 22, 7: 13, 8: 7, 9: 3, 10: 9, 11: 6, 12: 15, 13: 16, 14: 0, 15: 4}
Executing gate at point (0, 4).
Best move: (20, 24)
Best move: (11, 23)
Best move: (21, 25)
Best move: (21, 25)
Best move: (21, 25)
Best move: (6, 7)
Best move: (6, 7)
Try bruteforce due to repeated pattern...
Trying to solve brute-force congestion at gate [25, 6] with {0: 20, 1: 12, 2: 1, 3: 23, 4: 10, 5: 25, 6: 22, 7: 13, 8: 7, 9: 3, 10: 9, 11: 6, 12: 15, 13: 16, 14: 0, 15: 4}
Trying to moving ion 6... to 6
Ion assignment after moving ion 6: {0: 20, 1: 12, 2: 1, 3: 23, 4: 10, 5: 25, 6: 22, 7: 13, 8: 7, 9: 3, 10: 9, 11: 6, 12: 15, 13: 16, 14: 0, 15: 4}
Gate position gate updated to [ 6 25]--------------c
Trying to moving ion 25... to 7
Ion assignment after moving ion 25: {0: 20, 1: 12, 2: 1, 3: 11, 4: 10, 5: 7, 6: 23, 7: 13, 8: 8, 9: 3, 10: 9, 11: 6, 12: 15, 13: 16, 14: 0, 15: 4}
Executing gate at point (0, 5).
Trying to solve brute-force congestion at gate [7, 13] with {0: 20, 1: 12, 2: 1, 3: 11, 4: 10, 5: 7, 6: 23, 7: 13, 8: 8, 9: 3, 10: 9, 11: 6, 12: 15, 13: 16, 14: 0, 15: 4}
Trying to moving ion 13... to 12
Ion assignment after moving ion 13: {0: 20, 1: 13, 2: 1, 3: 11, 4: 10, 5: 7, 6: 23, 7: 12, 8: 8, 9: 3, 10: 9, 11: 6, 12: 15, 13: 16, 14: 0, 15: 4}
Gate position gate updated to [12  7]--------------c
Trying to moving ion 7... to 13
Ion assignment after moving ion 7: {0: 20, 1: 14, 2: 1, 3: 11, 4: 10, 5: 13, 6: 23, 7: 12, 8: 7, 9: 3, 10: 9, 11: 6, 12: 15, 13: 16, 14: 0, 15: 4}
Executing gate at point (1, 5).
Best move: (22, 23)
Best move: (11, 23)
Best move: (13, 14)
Best move: (14, 21)
Best move: (21, 24)
Best move: (19, 24)
Best move: (17, 19)
Executing gate at point (2, 5).
Best move: (8, 22)
Executing gate at point (0, 6).
Best move: (8, 22)
Best move: (22, 25)
Best move: (24, 25)
Best move: (18, 24)
Best move: (0, 1)
Best move: (0, 1)
Best move: (2, 18)
Executing gate at point (1, 2).
Trying to solve brute-force congestion at gate [13, 7] with {0: 20, 1: 13, 2: 1, 3: 23, 4: 10, 5: 17, 6: 2, 7: 12, 8: 7, 9: 3, 10: 9, 11: 6, 12: 15, 13: 16, 14: 0, 15: 4}
Trying to moving ion 7... to 6
Ion assignment after moving ion 7: {0: 20, 1: 13, 2: 1, 3: 23, 4: 10, 5: 17, 6: 2, 7: 12, 8: 6, 9: 3, 10: 9, 11: 7, 12: 15, 13: 16, 14: 0, 15: 4}
Gate position gate updated to [ 6 13]--------------c
Trying to moving ion 13... to 7
Ion assignment after moving ion 13: {0: 20, 1: 7, 2: 1, 3: 23, 4: 10, 5: 17, 6: 2, 7: 12, 8: 6, 9: 3, 10: 9, 11: 8, 12: 15, 13: 16, 14: 0, 15: 4}
Executing gate at point (1, 1).
Best move: (23, 25)
Best move: (7, 8)
Best move: (8, 22)
Best move: (24, 25)
Best move: (22, 25)
Best move: (21, 25)
Best move: (24, 25)
Best move: (3, 4)
Try bruteforce due to multiple steps (8) to solve one gate
Trying to solve brute-force congestion at gate [25, 3] with {0: 20, 1: 21, 2: 1, 3: 25, 4: 10, 5: 17, 6: 2, 7: 12, 8: 6, 9: 4, 10: 9, 11: 7, 12: 15, 13: 16, 14: 0, 15: 3}
Trying to moving ion 3... to 3
Ion assignment after moving ion 3: {0: 20, 1: 21, 2: 1, 3: 25, 4: 10, 5: 17, 6: 2, 7: 12, 8: 6, 9: 4, 10: 9, 11: 7, 12: 15, 13: 16, 14: 0, 15: 3}
Gate position gate updated to [ 3 25]--------------c
Trying to moving ion 25... to 4
Ion assignment after moving ion 25: {0: 24, 1: 21, 2: 1, 3: 4, 4: 10, 5: 17, 6: 2, 7: 12, 8: 6, 9: 5, 10: 9, 11: 7, 12: 15, 13: 16, 14: 0, 15: 3}
Executing gate at point (0, 3).
Best move: (5, 20)
Best move: (7, 8)
Best move: (8, 22)
Best move: (22, 25)
Best move: (10, 11)
Best move: (11, 23)
Best move: (22, 23)
Best move: (3, 4)
Try bruteforce due to multiple steps (8) to solve one gate
Trying to solve brute-force congestion at gate [21, 12] with {0: 24, 1: 21, 2: 1, 3: 3, 4: 22, 5: 17, 6: 2, 7: 12, 8: 6, 9: 20, 10: 9, 11: 25, 12: 15, 13: 16, 14: 0, 15: 4}
Trying to moving ion 12... to 12
Ion assignment after moving ion 12: {0: 24, 1: 21, 2: 1, 3: 3, 4: 22, 5: 17, 6: 2, 7: 12, 8: 6, 9: 20, 10: 9, 11: 25, 12: 15, 13: 16, 14: 0, 15: 4}
Gate position gate updated to [12 21]--------------c
Trying to moving ion 21... to 13
Ion assignment after moving ion 21: {0: 24, 1: 13, 2: 1, 3: 3, 4: 22, 5: 17, 6: 2, 7: 12, 8: 6, 9: 20, 10: 9, 11: 25, 12: 15, 13: 16, 14: 0, 15: 4}
Executing gate at point (2, 1).
Best move: (21, 25)
Best move: (20, 25)
Best move: (23, 25)
Best move: (24, 25)
Best move: (20, 21)
Best move: (11, 23)
Best move: (23, 25)
Best move: (22, 25)
Try bruteforce due to multiple steps (8) to solve one gate
Trying to solve brute-force congestion at gate [20, 4] with {0: 23, 1: 13, 2: 1, 3: 3, 4: 25, 5: 17, 6: 2, 7: 12, 8: 6, 9: 11, 10: 9, 11: 20, 12: 15, 13: 16, 14: 0, 15: 4}
Trying to moving ion 4... to 3
Ion assignment after moving ion 4: {0: 23, 1: 13, 2: 1, 3: 4, 4: 25, 5: 17, 6: 2, 7: 12, 8: 6, 9: 11, 10: 9, 11: 20, 12: 15, 13: 16, 14: 0, 15: 3}
Gate position gate updated to [ 3 20]--------------c
Trying to moving ion 20... to 4
Ion assignment after moving ion 20: {0: 23, 1: 13, 2: 1, 3: 5, 4: 25, 5: 17, 6: 2, 7: 12, 8: 6, 9: 11, 10: 9, 11: 4, 12: 15, 13: 16, 14: 0, 15: 3}
Executing gate at point (1, 11).
Best move: (5, 20)
Best move: (10, 11)
Best move: (11, 23)
Executing gate at point (0, 0).
Executing gate at point (1, 9).
Best move: (2, 18)
Best move: (11, 23)
Best move: (21, 25)
Best move: (18, 24)
Best move: (0, 1)
Best move: (23, 25)
Best move: (3, 4)
Best move: (4, 5)
Try bruteforce due to multiple steps (8) to solve one gate
Trying to solve brute-force congestion at gate [10, 5] with {0: 25, 1: 13, 2: 0, 3: 20, 4: 21, 5: 17, 6: 24, 7: 12, 8: 6, 9: 10, 10: 9, 11: 3, 12: 15, 13: 16, 14: 1, 15: 5}
Trying to moving ion 10... to 9
Ion assignment after moving ion 10: {0: 25, 1: 13, 2: 0, 3: 20, 4: 21, 5: 17, 6: 24, 7: 12, 8: 6, 9: 9, 10: 10, 11: 3, 12: 15, 13: 16, 14: 1, 15: 5}
Gate position gate updated to [9 5]--------------c
Trying to moving ion 5... to 10
Ion assignment after moving ion 5: {0: 8, 1: 13, 2: 0, 3: 22, 4: 21, 5: 17, 6: 24, 7: 12, 8: 6, 9: 9, 10: 11, 11: 3, 12: 15, 13: 16, 14: 1, 15: 10}
Executing gate at point (2, 9).
Best move: (22, 25)
Best move: (11, 23)
Best move: (8, 22)
Best move: (20, 25)
Best move: (22, 25)
Best move: (22, 23)
Best move: (8, 22)
Best move: (7, 8)
Try bruteforce due to multiple steps (8) to solve one gate
Trying to solve brute-force congestion at gate [25, 1] with {0: 25, 1: 13, 2: 0, 3: 20, 4: 21, 5: 17, 6: 24, 7: 12, 8: 6, 9: 9, 10: 7, 11: 3, 12: 15, 13: 16, 14: 1, 15: 10}
Trying to moving ion 1... to 0
Ion assignment after moving ion 1: {0: 25, 1: 13, 2: 1, 3: 20, 4: 21, 5: 17, 6: 24, 7: 12, 8: 6, 9: 9, 10: 7, 11: 3, 12: 15, 13: 16, 14: 0, 15: 10}
Gate position gate updated to [ 0 25]--------------c
Trying to moving ion 25... to 1
Ion assignment after moving ion 25: {0: 1, 1: 13, 2: 2, 3: 20, 4: 21, 5: 17, 6: 19, 7: 12, 8: 6, 9: 9, 10: 7, 11: 3, 12: 15, 13: 16, 14: 0, 15: 10}
Executing gate at point (1, 0).
Best move: (15, 16)
Best move: (16, 17)
Best move: (20, 25)
Best move: (6, 7)
Best move: (6, 7)
Best move: (1, 2)
Best move: (2, 18)
Best move: (18, 24)
Try bruteforce due to multiple steps (8) to solve one gate
Trying to solve brute-force congestion at gate [24, 17] with {0: 24, 1: 13, 2: 1, 3: 25, 4: 21, 5: 16, 6: 19, 7: 12, 8: 6, 9: 9, 10: 7, 11: 3, 12: 17, 13: 15, 14: 0, 15: 10}
Trying to moving ion 17... to 15
Ion assignment after moving ion 17: {0: 24, 1: 13, 2: 1, 3: 25, 4: 21, 5: 17, 6: 19, 7: 12, 8: 6, 9: 9, 10: 7, 11: 3, 12: 15, 13: 16, 14: 0, 15: 10}
Clearing endpoint 17.........
Gate position gate updated to [15 24]--------------c
Trying to moving ion 24... to 16
Ion assignment after moving ion 24: {0: 16, 1: 13, 2: 1, 3: 25, 4: 21, 5: 18, 6: 2, 7: 12, 8: 6, 9: 9, 10: 7, 11: 3, 12: 15, 13: 17, 14: 0, 15: 10}
Executing gate at point (2, 0).
Best move: (20, 25)
Best move: (5, 20)
Best move: (20, 21)
Best move: (4, 5)
Best move: (0, 1)
Best move: (1, 2)
Best move: (1, 2)
Best move: (3, 4)
Try bruteforce due to multiple steps (8) to solve one gate
Trying to solve brute-force congestion at gate [3, 20] with {0: 16, 1: 13, 2: 0, 3: 3, 4: 20, 5: 18, 6: 2, 7: 12, 8: 6, 9: 9, 10: 7, 11: 4, 12: 15, 13: 17, 14: 1, 15: 10}
Trying to moving ion 3... to 3
Ion assignment after moving ion 3: {0: 16, 1: 13, 2: 0, 3: 3, 4: 20, 5: 18, 6: 2, 7: 12, 8: 6, 9: 9, 10: 7, 11: 4, 12: 15, 13: 17, 14: 1, 15: 10}
Gate position gate updated to [ 3 20]--------------c
Trying to moving ion 20... to 4
Ion assignment after moving ion 20: {0: 16, 1: 13, 2: 0, 3: 3, 4: 4, 5: 18, 6: 2, 7: 12, 8: 6, 9: 9, 10: 7, 11: 5, 12: 15, 13: 17, 14: 1, 15: 10}
Executing gate at point (1, 3).
Executing gate at point (2, 4).
Trying to solve brute-force congestion at gate [0, 3] with {0: 16, 1: 13, 2: 0, 3: 3, 4: 4, 5: 18, 6: 2, 7: 12, 8: 6, 9: 9, 10: 7, 11: 5, 12: 15, 13: 17, 14: 1, 15: 10}
Trying to moving ion 0... to 0
Ion assignment after moving ion 0: {0: 16, 1: 13, 2: 0, 3: 3, 4: 4, 5: 18, 6: 2, 7: 12, 8: 6, 9: 9, 10: 7, 11: 5, 12: 15, 13: 17, 14: 1, 15: 10}
Clearing endpoint 2.........
Gate position gate updated to [0 3]--------------c
Trying to moving ion 3... to 1
Ion assignment after moving ion 3: {0: 16, 1: 13, 2: 0, 3: 1, 4: 3, 5: 25, 6: 19, 7: 12, 8: 6, 9: 9, 10: 7, 11: 4, 12: 15, 13: 17, 14: 2, 15: 10}
Executing gate at point (2, 2).
Best move: (2, 18)
Best move: (19, 24)
Best move: (20, 24)
Best move: (18, 24)
Best move: (6, 7)
Best move: (6, 7)
Best move: (6, 7)
Best move: (21, 24)
Try bruteforce due to multiple steps (8) to solve one gate
Trying to solve brute-force congestion at gate [7, 21] with {0: 16, 1: 13, 2: 0, 3: 1, 4: 3, 5: 25, 6: 20, 7: 12, 8: 7, 9: 9, 10: 6, 11: 4, 12: 15, 13: 17, 14: 21, 15: 10}
Trying to moving ion 7... to 6
Ion assignment after moving ion 7: {0: 16, 1: 13, 2: 0, 3: 1, 4: 3, 5: 25, 6: 20, 7: 12, 8: 6, 9: 9, 10: 7, 11: 4, 12: 15, 13: 17, 14: 21, 15: 10}
Gate position gate updated to [ 6 21]--------------c
Trying to moving ion 21... to 7
Ion assignment after moving ion 21: {0: 16, 1: 13, 2: 0, 3: 1, 4: 3, 5: 23, 6: 20, 7: 12, 8: 6, 9: 9, 10: 8, 11: 4, 12: 15, 13: 17, 14: 7, 15: 10}
Executing gate at point (2, 8).
Trying to solve brute-force congestion at gate [20, 8] with {0: 16, 1: 13, 2: 0, 3: 1, 4: 3, 5: 23, 6: 20, 7: 12, 8: 6, 9: 9, 10: 8, 11: 4, 12: 15, 13: 17, 14: 7, 15: 10}
Trying to moving ion 8... to 6
Ion assignment after moving ion 8: {0: 16, 1: 13, 2: 0, 3: 1, 4: 3, 5: 23, 6: 20, 7: 12, 8: 7, 9: 9, 10: 6, 11: 4, 12: 15, 13: 17, 14: 8, 15: 10}
Clearing endpoint 8.........
Gate position gate updated to [ 6 20]--------------c
Trying to moving ion 20... to 7
Ion assignment after moving ion 20: {0: 16, 1: 13, 2: 0, 3: 1, 4: 3, 5: 11, 6: 7, 7: 12, 8: 8, 9: 9, 10: 6, 11: 4, 12: 15, 13: 17, 14: 23, 15: 10}
Executing gate at point (2, 6).
Trying to solve brute-force congestion at gate [0, 7] with {0: 16, 1: 13, 2: 0, 3: 1, 4: 3, 5: 11, 6: 7, 7: 12, 8: 8, 9: 9, 10: 6, 11: 4, 12: 15, 13: 17, 14: 23, 15: 10}
Trying to moving ion 0... to 0
Ion assignment after moving ion 0: {0: 16, 1: 13, 2: 0, 3: 1, 4: 3, 5: 11, 6: 7, 7: 12, 8: 8, 9: 9, 10: 6, 11: 4, 12: 15, 13: 17, 14: 23, 15: 10}
Gate position gate updated to [0 7]--------------c
Trying to moving ion 7... to 1
Ion assignment after moving ion 7: {0: 16, 1: 13, 2: 0, 3: 2, 4: 3, 5: 11, 6: 1, 7: 12, 8: 7, 9: 9, 10: 6, 11: 4, 12: 15, 13: 17, 14: 23, 15: 10}
Trying to solve brute-force congestion at gate [4, 10] with {0: 16, 1: 13, 2: 0, 3: 2, 4: 3, 5: 11, 6: 1, 7: 12, 8: 7, 9: 9, 10: 6, 11: 4, 12: 15, 13: 17, 14: 23, 15: 10}
Trying to moving ion 4... to 3
Ion assignment after moving ion 4: {0: 16, 1: 13, 2: 0, 3: 2, 4: 4, 5: 11, 6: 1, 7: 12, 8: 7, 9: 9, 10: 6, 11: 3, 12: 15, 13: 17, 14: 23, 15: 10}
Gate position gate updated to [ 3 10]--------------c
Trying to moving ion 10... to 4
Ion assignment after moving ion 10: {0: 16, 1: 13, 2: 0, 3: 2, 4: 5, 5: 10, 6: 1, 7: 12, 8: 7, 9: 9, 10: 6, 11: 3, 12: 15, 13: 17, 14: 21, 15: 4}
Trying to solve brute-force congestion at gate [10, 17] with {0: 16, 1: 13, 2: 0, 3: 2, 4: 5, 5: 10, 6: 1, 7: 12, 8: 7, 9: 9, 10: 6, 11: 3, 12: 15, 13: 17, 14: 21, 15: 4}
Trying to moving ion 10... to 9
Ion assignment after moving ion 10: {0: 16, 1: 13, 2: 0, 3: 2, 4: 5, 5: 9, 6: 1, 7: 12, 8: 7, 9: 10, 10: 6, 11: 3, 12: 15, 13: 17, 14: 21, 15: 4}
Gate position gate updated to [ 9 17]--------------c
Trying to moving ion 17... to 10
Ion assignment after moving ion 17: {0: 16, 1: 13, 2: 0, 3: 2, 4: 5, 5: 9, 6: 1, 7: 12, 8: 7, 9: 11, 10: 6, 11: 3, 12: 15, 13: 10, 14: 21, 15: 4}
Trying to solve brute-force congestion at gate [9, 12] with {0: 16, 1: 13, 2: 0, 3: 2, 4: 5, 5: 9, 6: 1, 7: 12, 8: 7, 9: 11, 10: 6, 11: 3, 12: 15, 13: 10, 14: 21, 15: 4}
Trying to moving ion 12... to 12
Ion assignment after moving ion 12: {0: 16, 1: 13, 2: 0, 3: 2, 4: 5, 5: 9, 6: 1, 7: 12, 8: 7, 9: 11, 10: 6, 11: 3, 12: 15, 13: 10, 14: 21, 15: 4}
Gate position gate updated to [12  9]--------------c
Trying to moving ion 9... to 13
Ion assignment after moving ion 9: {0: 16, 1: 14, 2: 0, 3: 2, 4: 5, 5: 13, 6: 1, 7: 12, 8: 7, 9: 10, 10: 6, 11: 3, 12: 15, 13: 9, 14: 24, 15: 4}
Trying to solve brute-force congestion at gate [15, 9] with {0: 16, 1: 14, 2: 0, 3: 2, 4: 5, 5: 13, 6: 1, 7: 12, 8: 7, 9: 10, 10: 6, 11: 3, 12: 15, 13: 9, 14: 24, 15: 4}
Trying to moving ion 9... to 9
Ion assignment after moving ion 9: {0: 16, 1: 14, 2: 0, 3: 2, 4: 5, 5: 13, 6: 1, 7: 12, 8: 7, 9: 10, 10: 6, 11: 3, 12: 15, 13: 9, 14: 24, 15: 4}
Gate position gate updated to [ 9 15]--------------c
Trying to moving ion 15... to 10
Ion assignment after moving ion 15: {0: 15, 1: 14, 2: 0, 3: 2, 4: 5, 5: 13, 6: 1, 7: 12, 8: 7, 9: 11, 10: 6, 11: 3, 12: 10, 13: 9, 14: 20, 15: 4}
Trying to solve brute-force congestion at gate [21, 3] with {0: 15, 1: 13, 2: 0, 3: 18, 4: 24, 5: 21, 6: 1, 7: 12, 8: 7, 9: 23, 10: 6, 11: 3, 12: 10, 13: 9, 14: 22, 15: 4}
Trying to moving ion 3... to 3
Ion assignment after moving ion 3: {0: 15, 1: 13, 2: 0, 3: 18, 4: 24, 5: 21, 6: 1, 7: 12, 8: 7, 9: 23, 10: 6, 11: 3, 12: 10, 13: 9, 14: 22, 15: 4}
Gate position gate updated to [ 3 21]--------------c
Trying to moving ion 21... to 4
Ion assignment after moving ion 21: {0: 15, 1: 13, 2: 0, 3: 18, 4: 24, 5: 4, 6: 1, 7: 12, 8: 7, 9: 23, 10: 6, 11: 3, 12: 10, 13: 9, 14: 22, 15: 5}
Trying to solve brute-force congestion at gate [18, 24] with {0: 15, 1: 13, 2: 0, 3: 18, 4: 24, 5: 4, 6: 1, 7: 12, 8: 7, 9: 23, 10: 6, 11: 3, 12: 10, 13: 9, 14: 22, 15: 5}
Trying to moving ion 18... to 15
Ion assignment after moving ion 18: {0: 16, 1: 13, 2: 0, 3: 15, 4: 24, 5: 4, 6: 1, 7: 12, 8: 7, 9: 23, 10: 6, 11: 3, 12: 10, 13: 9, 14: 22, 15: 5}
Gate position gate updated to [15 24]--------------c
Trying to moving ion 24... to 16
Ion assignment after moving ion 24: {0: 17, 1: 13, 2: 0, 3: 15, 4: 16, 5: 4, 6: 1, 7: 12, 8: 7, 9: 23, 10: 6, 11: 3, 12: 10, 13: 9, 14: 22, 15: 5}
Trying to solve brute-force congestion at gate [15, 5] with {0: 17, 1: 13, 2: 0, 3: 15, 4: 16, 5: 4, 6: 1, 7: 12, 8: 7, 9: 23, 10: 6, 11: 3, 12: 10, 13: 9, 14: 22, 15: 5}
Trying to moving ion 15... to 15
Ion assignment after moving ion 15: {0: 17, 1: 13, 2: 0, 3: 15, 4: 16, 5: 4, 6: 1, 7: 12, 8: 7, 9: 23, 10: 6, 11: 3, 12: 10, 13: 9, 14: 22, 15: 5}
Clearing endpoint 17.........
Gate position gate updated to [15  5]--------------c
Trying to moving ion 5... to 16
Ion assignment after moving ion 5: {0: 18, 1: 13, 2: 0, 3: 15, 4: 17, 5: 4, 6: 1, 7: 12, 8: 7, 9: 23, 10: 6, 11: 3, 12: 10, 13: 9, 14: 22, 15: 16}
Trying to solve brute-force congestion at gate [23, 6] with {0: 18, 1: 13, 2: 0, 3: 15, 4: 17, 5: 4, 6: 1, 7: 12, 8: 7, 9: 23, 10: 6, 11: 3, 12: 10, 13: 9, 14: 22, 15: 16}
Trying to moving ion 6... to 6
Ion assignment after moving ion 6: {0: 18, 1: 13, 2: 0, 3: 15, 4: 17, 5: 4, 6: 1, 7: 12, 8: 7, 9: 23, 10: 6, 11: 3, 12: 10, 13: 9, 14: 22, 15: 16}
Gate position gate updated to [ 6 23]--------------c
Trying to moving ion 23... to 7
Ion assignment after moving ion 23: {0: 18, 1: 13, 2: 0, 3: 15, 4: 17, 5: 4, 6: 1, 7: 12, 8: 8, 9: 7, 10: 6, 11: 3, 12: 10, 13: 9, 14: 25, 15: 16}
Trying to solve brute-force congestion at gate [17, 6] with {0: 18, 1: 13, 2: 0, 3: 15, 4: 17, 5: 4, 6: 1, 7: 12, 8: 8, 9: 7, 10: 6, 11: 3, 12: 10, 13: 9, 14: 25, 15: 16}
Trying to moving ion 6... to 6
Ion assignment after moving ion 6: {0: 18, 1: 13, 2: 0, 3: 15, 4: 17, 5: 4, 6: 1, 7: 12, 8: 8, 9: 7, 10: 6, 11: 3, 12: 10, 13: 9, 14: 25, 15: 16}
Clearing endpoint 8.........
Gate position gate updated to [ 6 17]--------------c
Trying to moving ion 17... to 7
Ion assignment after moving ion 17: {0: 18, 1: 13, 2: 0, 3: 15, 4: 7, 5: 4, 6: 1, 7: 12, 8: 23, 9: 8, 10: 6, 11: 3, 12: 10, 13: 9, 14: 20, 15: 16}
Trying to solve brute-force congestion at gate [23, 20] with {0: 18, 1: 13, 2: 0, 3: 15, 4: 7, 5: 4, 6: 1, 7: 12, 8: 23, 9: 8, 10: 6, 11: 3, 12: 10, 13: 9, 14: 20, 15: 16}
Trying to moving ion 20... to 3
Ion assignment after moving ion 20: {0: 18, 1: 13, 2: 0, 3: 15, 4: 7, 5: 5, 6: 1, 7: 12, 8: 23, 9: 8, 10: 6, 11: 4, 12: 10, 13: 9, 14: 3, 15: 16}
Clearing endpoint 5.........
Gate position gate updated to [ 3 23]--------------c
Trying to moving ion 23... to 4
Ion assignment after moving ion 23: {0: 18, 1: 13, 2: 0, 3: 15, 4: 7, 5: 24, 6: 1, 7: 12, 8: 4, 9: 8, 10: 6, 11: 5, 12: 10, 13: 9, 14: 3, 15: 16}
Trying to solve brute-force congestion at gate [18, 3] with {0: 18, 1: 13, 2: 0, 3: 15, 4: 7, 5: 24, 6: 1, 7: 12, 8: 4, 9: 8, 10: 6, 11: 5, 12: 10, 13: 9, 14: 3, 15: 16}
Trying to moving ion 3... to 3
Ion assignment after moving ion 3: {0: 18, 1: 13, 2: 0, 3: 15, 4: 7, 5: 24, 6: 1, 7: 12, 8: 4, 9: 8, 10: 6, 11: 5, 12: 10, 13: 9, 14: 3, 15: 16}
Clearing endpoint 5.........
Gate position gate updated to [ 3 18]--------------c
Trying to moving ion 18... to 4
Ion assignment after moving ion 18: {0: 4, 1: 13, 2: 0, 3: 15, 4: 7, 5: 25, 6: 1, 7: 12, 8: 5, 9: 8, 10: 6, 11: 21, 12: 10, 13: 9, 14: 3, 15: 16}
Trying to solve brute-force congestion at gate [4, 8] with {0: 4, 1: 13, 2: 0, 3: 15, 4: 7, 5: 25, 6: 1, 7: 12, 8: 5, 9: 8, 10: 6, 11: 21, 12: 10, 13: 9, 14: 3, 15: 16}
Trying to moving ion 4... to 3
Ion assignment after moving ion 4: {0: 3, 1: 13, 2: 0, 3: 15, 4: 7, 5: 25, 6: 1, 7: 12, 8: 5, 9: 8, 10: 6, 11: 21, 12: 10, 13: 9, 14: 4, 15: 16}
Clearing endpoint 5.........
Gate position gate updated to [3 8]--------------c
Trying to moving ion 8... to 4
Ion assignment after moving ion 8: {0: 3, 1: 13, 2: 0, 3: 15, 4: 7, 5: 18, 6: 1, 7: 12, 8: 24, 9: 4, 10: 6, 11: 21, 12: 10, 13: 9, 14: 5, 15: 16}
Trying to solve brute-force congestion at gate [13, 24] with {0: 3, 1: 13, 2: 0, 3: 15, 4: 7, 5: 18, 6: 1, 7: 12, 8: 24, 9: 4, 10: 6, 11: 21, 12: 10, 13: 9, 14: 5, 15: 16}
Trying to moving ion 13... to 12
Ion assignment after moving ion 13: {0: 3, 1: 12, 2: 0, 3: 15, 4: 7, 5: 18, 6: 1, 7: 13, 8: 24, 9: 4, 10: 6, 11: 21, 12: 10, 13: 9, 14: 5, 15: 16}
Gate position gate updated to [12 24]--------------c
Trying to moving ion 24... to 13
Ion assignment after moving ion 24: {0: 3, 1: 12, 2: 0, 3: 15, 4: 7, 5: 18, 6: 1, 7: 14, 8: 13, 9: 4, 10: 6, 11: 25, 12: 10, 13: 9, 14: 5, 15: 16}
Trying to solve brute-force congestion at gate [12, 14] with {0: 3, 1: 12, 2: 0, 3: 15, 4: 7, 5: 18, 6: 1, 7: 14, 8: 13, 9: 4, 10: 6, 11: 25, 12: 10, 13: 9, 14: 5, 15: 16}
Trying to moving ion 12... to 12
Ion assignment after moving ion 12: {0: 3, 1: 12, 2: 0, 3: 15, 4: 7, 5: 18, 6: 1, 7: 14, 8: 13, 9: 4, 10: 6, 11: 25, 12: 10, 13: 9, 14: 5, 15: 16}
Gate position gate updated to [12 14]--------------c
Trying to moving ion 14... to 13
Ion assignment after moving ion 14: {0: 3, 1: 12, 2: 0, 3: 15, 4: 7, 5: 18, 6: 1, 7: 13, 8: 14, 9: 4, 10: 6, 11: 25, 12: 10, 13: 9, 14: 5, 15: 16}
Trying to solve brute-force congestion at gate [0, 5] with {0: 3, 1: 12, 2: 0, 3: 15, 4: 7, 5: 18, 6: 1, 7: 13, 8: 14, 9: 4, 10: 6, 11: 25, 12: 10, 13: 9, 14: 5, 15: 16}
Trying to moving ion 0... to 0
Ion assignment after moving ion 0: {0: 3, 1: 12, 2: 0, 3: 15, 4: 7, 5: 18, 6: 1, 7: 13, 8: 14, 9: 4, 10: 6, 11: 25, 12: 10, 13: 9, 14: 5, 15: 16}
Gate position gate updated to [0 5]--------------c
Trying to moving ion 5... to 1
Ion assignment after moving ion 5: {0: 3, 1: 12, 2: 0, 3: 15, 4: 7, 5: 19, 6: 2, 7: 13, 8: 14, 9: 4, 10: 6, 11: 25, 12: 10, 13: 9, 14: 1, 15: 16}
Trying to solve brute-force congestion at gate [2, 14] with {0: 3, 1: 12, 2: 0, 3: 15, 4: 7, 5: 19, 6: 2, 7: 13, 8: 14, 9: 4, 10: 6, 11: 25, 12: 10, 13: 9, 14: 1, 15: 16}
Trying to moving ion 2... to 0
Ion assignment after moving ion 2: {0: 3, 1: 12, 2: 1, 3: 15, 4: 7, 5: 19, 6: 0, 7: 13, 8: 14, 9: 4, 10: 6, 11: 25, 12: 10, 13: 9, 14: 2, 15: 16}
Clearing endpoint 2.........
Gate position gate updated to [ 0 14]--------------c
Trying to moving ion 14... to 1
Ion assignment after moving ion 14: {0: 3, 1: 12, 2: 2, 3: 15, 4: 7, 5: 17, 6: 0, 7: 13, 8: 1, 9: 4, 10: 6, 11: 25, 12: 10, 13: 9, 14: 19, 15: 16}
Executing gate at point (0, 1).
Executing gate at point (0, 4).
Executing gate at point (0, 0).
Executing gate at point (0, 3).
Executing gate at point (0, 6).
Executing gate at point (0, 12).
Trying to solve brute-force congestion at gate [12, 1] with {0: 3, 1: 12, 2: 2, 3: 15, 4: 7, 5: 17, 6: 0, 7: 13, 8: 1, 9: 4, 10: 6, 11: 25, 12: 10, 13: 9, 14: 19, 15: 16}
Trying to moving ion 12... to 12
Ion assignment after moving ion 12: {0: 3, 1: 12, 2: 2, 3: 15, 4: 7, 5: 17, 6: 0, 7: 13, 8: 1, 9: 4, 10: 6, 11: 25, 12: 10, 13: 9, 14: 19, 15: 16}
Gate position gate updated to [12  1]--------------c
Trying to moving ion 1... to 13
Ion assignment after moving ion 1: {0: 3, 1: 12, 2: 1, 3: 15, 4: 7, 5: 17, 6: 0, 7: 14, 8: 13, 9: 4, 10: 6, 11: 25, 12: 10, 13: 9, 14: 19, 15: 16}
Executing gate at point (1, 1).
Trying to solve brute-force congestion at gate [1, 19] with {0: 3, 1: 12, 2: 1, 3: 15, 4: 7, 5: 17, 6: 0, 7: 14, 8: 13, 9: 4, 10: 6, 11: 25, 12: 10, 13: 9, 14: 19, 15: 16}
Trying to moving ion 1... to 0
Ion assignment after moving ion 1: {0: 3, 1: 12, 2: 0, 3: 15, 4: 7, 5: 17, 6: 1, 7: 14, 8: 13, 9: 4, 10: 6, 11: 25, 12: 10, 13: 9, 14: 19, 15: 16}
Gate position gate updated to [ 0 19]--------------c
Trying to moving ion 19... to 1
Ion assignment after moving ion 19: {0: 3, 1: 12, 2: 0, 3: 15, 4: 7, 5: 17, 6: 2, 7: 14, 8: 13, 9: 4, 10: 6, 11: 25, 12: 10, 13: 9, 14: 1, 15: 16}
Executing gate at point (0, 2).
Executing gate at point (1, 2).
Trying to solve brute-force congestion at gate [17, 25] with {0: 3, 1: 12, 2: 0, 3: 15, 4: 7, 5: 17, 6: 2, 7: 14, 8: 13, 9: 4, 10: 6, 11: 25, 12: 10, 13: 9, 14: 1, 15: 16}
Trying to moving ion 17... to 15
Ion assignment after moving ion 17: {0: 3, 1: 12, 2: 0, 3: 16, 4: 7, 5: 15, 6: 2, 7: 14, 8: 13, 9: 4, 10: 6, 11: 25, 12: 10, 13: 9, 14: 1, 15: 17}
Clearing endpoint 17.........
Gate position gate updated to [15 25]--------------c
Trying to moving ion 25... to 16
Ion assignment after moving ion 25: {0: 3, 1: 12, 2: 0, 3: 17, 4: 7, 5: 15, 6: 2, 7: 14, 8: 13, 9: 4, 10: 6, 11: 16, 12: 10, 13: 9, 14: 1, 15: 18}
Executing gate at point (0, 5).
Trying to solve brute-force congestion at gate [15, 14] with {0: 3, 1: 12, 2: 0, 3: 17, 4: 7, 5: 15, 6: 2, 7: 14, 8: 13, 9: 4, 10: 6, 11: 16, 12: 10, 13: 9, 14: 1, 15: 18}
Trying to moving ion 15... to 15
Ion assignment after moving ion 15: {0: 3, 1: 12, 2: 0, 3: 17, 4: 7, 5: 15, 6: 2, 7: 14, 8: 13, 9: 4, 10: 6, 11: 16, 12: 10, 13: 9, 14: 1, 15: 18}
Clearing endpoint 17.........
Gate position gate updated to [15 14]--------------c
Trying to moving ion 14... to 16
Ion assignment after moving ion 14: {0: 3, 1: 12, 2: 0, 3: 18, 4: 7, 5: 15, 6: 2, 7: 16, 8: 13, 9: 4, 10: 6, 11: 17, 12: 10, 13: 9, 14: 1, 15: 24}
Executing gate at point (1, 5).
Trying to solve brute-force congestion at gate [3, 1] with {0: 3, 1: 12, 2: 0, 3: 18, 4: 7, 5: 15, 6: 2, 7: 16, 8: 13, 9: 4, 10: 6, 11: 17, 12: 10, 13: 9, 14: 1, 15: 24}
Trying to moving ion 3... to 3
Ion assignment after moving ion 3: {0: 3, 1: 12, 2: 0, 3: 18, 4: 7, 5: 15, 6: 2, 7: 16, 8: 13, 9: 4, 10: 6, 11: 17, 12: 10, 13: 9, 14: 1, 15: 24}
Gate position gate updated to [3 1]--------------c
Trying to moving ion 1... to 4
Ion assignment after moving ion 1: {0: 3, 1: 12, 2: 0, 3: 19, 4: 7, 5: 15, 6: 1, 7: 16, 8: 13, 9: 5, 10: 6, 11: 17, 12: 10, 13: 9, 14: 4, 15: 25}
Executing gate at point (1, 0).
Trying to solve brute-force congestion at gate [17, 25] with {0: 3, 1: 12, 2: 0, 3: 19, 4: 7, 5: 15, 6: 1, 7: 16, 8: 13, 9: 5, 10: 6, 11: 17, 12: 10, 13: 9, 14: 4, 15: 25}
Trying to moving ion 17... to 15
Ion assignment after moving ion 17: {0: 3, 1: 12, 2: 0, 3: 19, 4: 7, 5: 16, 6: 1, 7: 17, 8: 13, 9: 5, 10: 6, 11: 15, 12: 10, 13: 9, 14: 4, 15: 25}
Clearing endpoint 17.........
Gate position gate updated to [15 25]--------------c
Trying to moving ion 25... to 16
Ion assignment after moving ion 25: {0: 3, 1: 12, 2: 0, 3: 20, 4: 7, 5: 17, 6: 1, 7: 18, 8: 13, 9: 5, 10: 6, 11: 15, 12: 10, 13: 9, 14: 4, 15: 16}
Executing gate at point (1, 11).
Best move: (17, 19)
Best move: (20, 25)
Best move: (5, 20)
Best move: (22, 25)
Best move: (20, 25)
Best move: (23, 25)
Best move: (19, 24)
Best move: (24, 25)
Try bruteforce due to multiple steps (8) to solve one gate
Trying to solve brute-force congestion at gate [12, 18] with {0: 3, 1: 12, 2: 0, 3: 22, 4: 7, 5: 25, 6: 1, 7: 18, 8: 13, 9: 23, 10: 6, 11: 15, 12: 10, 13: 9, 14: 4, 15: 16}
Trying to moving ion 12... to 12
Ion assignment after moving ion 12: {0: 3, 1: 12, 2: 0, 3: 22, 4: 7, 5: 25, 6: 1, 7: 18, 8: 13, 9: 23, 10: 6, 11: 15, 12: 10, 13: 9, 14: 4, 15: 16}
Gate position gate updated to [12 18]--------------c
Trying to moving ion 18... to 13
Ion assignment after moving ion 18: {0: 3, 1: 12, 2: 0, 3: 22, 4: 7, 5: 25, 6: 1, 7: 13, 8: 14, 9: 23, 10: 6, 11: 15, 12: 10, 13: 9, 14: 4, 15: 16}
Executing gate at point (2, 1).
Best move: (14, 21)
Best move: (20, 21)
Best move: (5, 20)
Executing gate at point (2, 8).
Best move: (3, 4)
Best move: (4, 5)
Best move: (5, 20)
Best move: (21, 25)
Best move: (9, 10)
Best move: (9, 10)
Best move: (20, 25)
Best move: (9, 10)
Try bruteforce due to multiple steps (8) to solve one gate
Trying to solve brute-force congestion at gate [25, 9] with {0: 25, 1: 12, 2: 0, 3: 22, 4: 7, 5: 21, 6: 1, 7: 13, 8: 4, 9: 23, 10: 6, 11: 15, 12: 9, 13: 10, 14: 3, 15: 16}
Trying to moving ion 9... to 9
Ion assignment after moving ion 9: {0: 25, 1: 12, 2: 0, 3: 22, 4: 7, 5: 21, 6: 1, 7: 13, 8: 4, 9: 23, 10: 6, 11: 15, 12: 9, 13: 10, 14: 3, 15: 16}
Gate position gate updated to [ 9 25]--------------c
Trying to moving ion 25... to 10
Ion assignment after moving ion 25: {0: 10, 1: 12, 2: 0, 3: 8, 4: 7, 5: 21, 6: 1, 7: 13, 8: 4, 9: 22, 10: 6, 11: 15, 12: 9, 13: 11, 14: 3, 15: 16}
Executing gate at point (2, 0).
Executing gate at point (1, 3).
Trying to solve brute-force congestion at gate [7, 15] with {0: 10, 1: 12, 2: 0, 3: 8, 4: 7, 5: 21, 6: 1, 7: 13, 8: 4, 9: 22, 10: 6, 11: 15, 12: 9, 13: 11, 14: 3, 15: 16}
Trying to moving ion 15... to 15
Ion assignment after moving ion 15: {0: 10, 1: 12, 2: 0, 3: 8, 4: 7, 5: 21, 6: 1, 7: 13, 8: 4, 9: 22, 10: 6, 11: 15, 12: 9, 13: 11, 14: 3, 15: 16}
Gate position gate updated to [15  7]--------------c
Trying to moving ion 7... to 16
Ion assignment after moving ion 7: {0: 10, 1: 12, 2: 0, 3: 7, 4: 16, 5: 21, 6: 1, 7: 13, 8: 4, 9: 18, 10: 6, 11: 15, 12: 9, 13: 11, 14: 3, 15: 17}
Executing gate at point (2, 4).
Trying to solve brute-force congestion at gate [21, 11] with {0: 10, 1: 12, 2: 0, 3: 7, 4: 16, 5: 21, 6: 1, 7: 13, 8: 4, 9: 18, 10: 6, 11: 15, 12: 9, 13: 11, 14: 3, 15: 17}
Trying to moving ion 11... to 9
Ion assignment after moving ion 11: {0: 11, 1: 12, 2: 0, 3: 7, 4: 16, 5: 21, 6: 1, 7: 13, 8: 4, 9: 18, 10: 6, 11: 15, 12: 10, 13: 9, 14: 3, 15: 17}
Clearing endpoint 11.........
Gate position gate updated to [ 9 21]--------------c
Trying to moving ion 21... to 10
Ion assignment after moving ion 21: {0: 22, 1: 12, 2: 0, 3: 7, 4: 16, 5: 10, 6: 1, 7: 13, 8: 4, 9: 18, 10: 6, 11: 15, 12: 11, 13: 9, 14: 3, 15: 17}
Executing gate at point (2, 5).
Trying to solve brute-force congestion at gate [18, 6] with {0: 22, 1: 12, 2: 0, 3: 7, 4: 16, 5: 10, 6: 1, 7: 13, 8: 4, 9: 18, 10: 6, 11: 15, 12: 11, 13: 9, 14: 3, 15: 17}
Trying to moving ion 6... to 6
Ion assignment after moving ion 6: {0: 22, 1: 12, 2: 0, 3: 7, 4: 16, 5: 10, 6: 1, 7: 13, 8: 4, 9: 18, 10: 6, 11: 15, 12: 11, 13: 9, 14: 3, 15: 17}
Gate position gate updated to [ 6 18]--------------c
Trying to moving ion 18... to 7
Ion assignment after moving ion 18: {0: 23, 1: 12, 2: 0, 3: 8, 4: 16, 5: 10, 6: 1, 7: 13, 8: 4, 9: 7, 10: 6, 11: 15, 12: 11, 13: 9, 14: 3, 15: 17}
Executing gate at point (1, 9).
Best move: (8, 22)
Best move: (22, 25)
Best move: (24, 25)
Best move: (18, 24)
Best move: (2, 18)
Executing gate at point (2, 2).
Best move: (17, 19)
Best move: (19, 24)
Best move: (24, 25)
Best move: (22, 25)
Best move: (1, 2)
Best move: (2, 18)
Best move: (18, 24)
Best move: (24, 25)
Try bruteforce due to multiple steps (8) to solve one gate
Trying to solve brute-force congestion at gate [7, 22] with {0: 23, 1: 12, 2: 0, 3: 1, 4: 16, 5: 10, 6: 25, 7: 13, 8: 4, 9: 7, 10: 6, 11: 15, 12: 11, 13: 9, 14: 3, 15: 22}
Trying to moving ion 7... to 6
Ion assignment after moving ion 7: {0: 23, 1: 12, 2: 0, 3: 1, 4: 16, 5: 10, 6: 25, 7: 13, 8: 4, 9: 6, 10: 7, 11: 15, 12: 11, 13: 9, 14: 3, 15: 22}
Gate position gate updated to [ 6 22]--------------c
Trying to moving ion 22... to 7
Ion assignment after moving ion 22: {0: 23, 1: 12, 2: 0, 3: 1, 4: 16, 5: 10, 6: 25, 7: 13, 8: 4, 9: 6, 10: 8, 11: 15, 12: 11, 13: 9, 14: 3, 15: 7}
Executing gate at point (2, 9).
Trying to solve brute-force congestion at gate [25, 8] with {0: 23, 1: 12, 2: 0, 3: 1, 4: 16, 5: 10, 6: 25, 7: 13, 8: 4, 9: 6, 10: 8, 11: 15, 12: 11, 13: 9, 14: 3, 15: 7}
Trying to moving ion 8... to 6
Ion assignment after moving ion 8: {0: 23, 1: 12, 2: 0, 3: 1, 4: 16, 5: 10, 6: 25, 7: 13, 8: 4, 9: 7, 10: 6, 11: 15, 12: 11, 13: 9, 14: 3, 15: 8}
Clearing endpoint 8.........
Gate position gate updated to [ 6 25]--------------c
Trying to moving ion 25... to 7
Ion assignment after moving ion 25: {0: 25, 1: 12, 2: 0, 3: 1, 4: 16, 5: 10, 6: 7, 7: 13, 8: 4, 9: 8, 10: 6, 11: 15, 12: 11, 13: 9, 14: 3, 15: 23}
Executing gate at point (2, 6).
Trying to solve brute-force congestion at gate [0, 7] with {0: 25, 1: 12, 2: 0, 3: 1, 4: 16, 5: 10, 6: 7, 7: 13, 8: 4, 9: 8, 10: 6, 11: 15, 12: 11, 13: 9, 14: 3, 15: 23}
Trying to moving ion 0... to 0
Ion assignment after moving ion 0: {0: 25, 1: 12, 2: 0, 3: 1, 4: 16, 5: 10, 6: 7, 7: 13, 8: 4, 9: 8, 10: 6, 11: 15, 12: 11, 13: 9, 14: 3, 15: 23}
Gate position gate updated to [0 7]--------------c
Trying to moving ion 7... to 1
Ion assignment after moving ion 7: {0: 19, 1: 12, 2: 0, 3: 2, 4: 16, 5: 10, 6: 1, 7: 13, 8: 4, 9: 7, 10: 6, 11: 15, 12: 11, 13: 9, 14: 3, 15: 23}
Trying to solve brute-force congestion at gate [7, 23] with {0: 19, 1: 12, 2: 0, 3: 2, 4: 16, 5: 10, 6: 1, 7: 13, 8: 4, 9: 7, 10: 6, 11: 15, 12: 11, 13: 9, 14: 3, 15: 23}
Trying to moving ion 7... to 6
Ion assignment after moving ion 7: {0: 19, 1: 12, 2: 0, 3: 2, 4: 16, 5: 10, 6: 1, 7: 13, 8: 4, 9: 6, 10: 7, 11: 15, 12: 11, 13: 9, 14: 3, 15: 23}
Gate position gate updated to [ 6 23]--------------c
Trying to moving ion 23... to 7
Ion assignment after moving ion 23: {0: 19, 1: 12, 2: 0, 3: 2, 4: 16, 5: 10, 6: 1, 7: 13, 8: 4, 9: 6, 10: 8, 11: 15, 12: 11, 13: 9, 14: 3, 15: 7}
Trying to solve brute-force congestion at gate [2, 16] with {0: 19, 1: 12, 2: 0, 3: 2, 4: 16, 5: 10, 6: 1, 7: 13, 8: 4, 9: 6, 10: 8, 11: 15, 12: 11, 13: 9, 14: 3, 15: 7}
Trying to moving ion 16... to 15
Ion assignment after moving ion 16: {0: 19, 1: 12, 2: 0, 3: 2, 4: 15, 5: 10, 6: 1, 7: 13, 8: 4, 9: 6, 10: 8, 11: 16, 12: 11, 13: 9, 14: 3, 15: 7}
Gate position gate updated to [15  2]--------------c
Trying to moving ion 2... to 16
Ion assignment after moving ion 2: {0: 24, 1: 12, 2: 0, 3: 16, 4: 15, 5: 10, 6: 1, 7: 13, 8: 4, 9: 6, 10: 8, 11: 17, 12: 11, 13: 9, 14: 3, 15: 7}
Trying to solve brute-force congestion at gate [24, 11] with {0: 24, 1: 12, 2: 0, 3: 16, 4: 15, 5: 10, 6: 1, 7: 13, 8: 4, 9: 6, 10: 8, 11: 17, 12: 11, 13: 9, 14: 3, 15: 7}
Trying to moving ion 11... to 9
Ion assignment after moving ion 11: {0: 24, 1: 12, 2: 0, 3: 16, 4: 15, 5: 11, 6: 1, 7: 13, 8: 4, 9: 6, 10: 8, 11: 17, 12: 9, 13: 10, 14: 3, 15: 7}
Clearing endpoint 11.........
Gate position gate updated to [ 9 24]--------------c
Trying to moving ion 24... to 10
Ion assignment after moving ion 24: {0: 10, 1: 12, 2: 0, 3: 16, 4: 15, 5: 22, 6: 1, 7: 13, 8: 4, 9: 6, 10: 8, 11: 17, 12: 9, 13: 11, 14: 3, 15: 7}
Trying to solve brute-force congestion at gate [17, 7] with {0: 10, 1: 12, 2: 0, 3: 16, 4: 15, 5: 22, 6: 1, 7: 13, 8: 4, 9: 6, 10: 8, 11: 17, 12: 9, 13: 11, 14: 3, 15: 7}
Trying to moving ion 7... to 6
Ion assignment after moving ion 7: {0: 10, 1: 12, 2: 0, 3: 16, 4: 15, 5: 22, 6: 1, 7: 13, 8: 4, 9: 7, 10: 8, 11: 17, 12: 9, 13: 11, 14: 3, 15: 6}
Clearing endpoint 8.........
Gate position gate updated to [ 6 17]--------------c
Trying to moving ion 17... to 7
Ion assignment after moving ion 17: {0: 10, 1: 12, 2: 0, 3: 16, 4: 15, 5: 20, 6: 1, 7: 13, 8: 4, 9: 8, 10: 23, 11: 7, 12: 9, 13: 11, 14: 3, 15: 6}
Trying to solve brute-force congestion at gate [10, 3] with {0: 10, 1: 12, 2: 0, 3: 16, 4: 15, 5: 20, 6: 1, 7: 13, 8: 4, 9: 8, 10: 23, 11: 7, 12: 9, 13: 11, 14: 3, 15: 6}
Trying to moving ion 3... to 3
Ion assignment after moving ion 3: {0: 10, 1: 12, 2: 0, 3: 16, 4: 15, 5: 20, 6: 1, 7: 13, 8: 4, 9: 8, 10: 23, 11: 7, 12: 9, 13: 11, 14: 3, 15: 6}
Gate position gate updated to [ 3 10]--------------c
Trying to moving ion 10... to 4
Ion assignment after moving ion 10: {0: 4, 1: 12, 2: 0, 3: 16, 4: 15, 5: 21, 6: 1, 7: 13, 8: 5, 9: 8, 10: 24, 11: 7, 12: 9, 13: 10, 14: 3, 15: 6}
Trying to solve brute-force congestion at gate [4, 8] with {0: 4, 1: 12, 2: 0, 3: 16, 4: 15, 5: 21, 6: 1, 7: 13, 8: 5, 9: 8, 10: 24, 11: 7, 12: 9, 13: 10, 14: 3, 15: 6}
Trying to moving ion 4... to 3
Ion assignment after moving ion 4: {0: 3, 1: 12, 2: 0, 3: 16, 4: 15, 5: 21, 6: 1, 7: 13, 8: 5, 9: 8, 10: 24, 11: 7, 12: 9, 13: 10, 14: 4, 15: 6}
Clearing endpoint 5.........
Gate position gate updated to [3 8]--------------c
Trying to moving ion 8... to 4
Ion assignment after moving ion 8: {0: 3, 1: 12, 2: 0, 3: 16, 4: 15, 5: 21, 6: 1, 7: 13, 8: 24, 9: 4, 10: 18, 11: 7, 12: 9, 13: 10, 14: 5, 15: 6}
Trying to solve brute-force congestion at gate [0, 20] with {0: 3, 1: 12, 2: 0, 3: 16, 4: 15, 5: 21, 6: 1, 7: 13, 8: 24, 9: 4, 10: 17, 11: 7, 12: 9, 13: 10, 14: 20, 15: 6}
Trying to moving ion 0... to 0
Ion assignment after moving ion 0: {0: 3, 1: 12, 2: 0, 3: 16, 4: 15, 5: 21, 6: 1, 7: 13, 8: 24, 9: 4, 10: 17, 11: 7, 12: 9, 13: 10, 14: 20, 15: 6}
Gate position gate updated to [ 0 20]--------------c
Trying to moving ion 20... to 1
Ion assignment after moving ion 20: {0: 3, 1: 12, 2: 0, 3: 16, 4: 15, 5: 21, 6: 2, 7: 13, 8: 25, 9: 4, 10: 17, 11: 7, 12: 9, 13: 10, 14: 1, 15: 6}
Trying to solve brute-force congestion at gate [12, 25] with {0: 3, 1: 12, 2: 0, 3: 16, 4: 15, 5: 21, 6: 2, 7: 13, 8: 25, 9: 4, 10: 17, 11: 7, 12: 9, 13: 10, 14: 1, 15: 6}
Trying to moving ion 12... to 12
Ion assignment after moving ion 12: {0: 3, 1: 12, 2: 0, 3: 16, 4: 15, 5: 21, 6: 2, 7: 13, 8: 25, 9: 4, 10: 17, 11: 7, 12: 9, 13: 10, 14: 1, 15: 6}
Gate position gate updated to [12 25]--------------c
Trying to moving ion 25... to 13
Ion assignment after moving ion 25: {0: 3, 1: 12, 2: 0, 3: 16, 4: 15, 5: 20, 6: 2, 7: 14, 8: 13, 9: 4, 10: 17, 11: 7, 12: 9, 13: 10, 14: 1, 15: 6}
Trying to solve brute-force congestion at gate [16, 6] with {0: 3, 1: 12, 2: 0, 3: 16, 4: 15, 5: 20, 6: 2, 7: 14, 8: 13, 9: 4, 10: 17, 11: 7, 12: 9, 13: 10, 14: 1, 15: 6}
Trying to moving ion 6... to 6
Ion assignment after moving ion 6: {0: 3, 1: 12, 2: 0, 3: 16, 4: 15, 5: 20, 6: 2, 7: 14, 8: 13, 9: 4, 10: 17, 11: 7, 12: 9, 13: 10, 14: 1, 15: 6}
Gate position gate updated to [ 6 16]--------------c
Trying to moving ion 16... to 7
Ion assignment after moving ion 16: {0: 3, 1: 12, 2: 0, 3: 7, 4: 15, 5: 20, 6: 2, 7: 14, 8: 13, 9: 4, 10: 16, 11: 8, 12: 9, 13: 10, 14: 1, 15: 6}
Trying to solve brute-force congestion at gate [20, 14] with {0: 3, 1: 12, 2: 0, 3: 7, 4: 15, 5: 20, 6: 2, 7: 14, 8: 13, 9: 4, 10: 16, 11: 8, 12: 9, 13: 10, 14: 1, 15: 6}
Trying to moving ion 14... to 12
Ion assignment after moving ion 14: {0: 3, 1: 13, 2: 0, 3: 7, 4: 15, 5: 20, 6: 2, 7: 12, 8: 14, 9: 4, 10: 16, 11: 8, 12: 9, 13: 10, 14: 1, 15: 6}
Clearing endpoint 14.........
Gate position gate updated to [12 20]--------------c
Trying to moving ion 20... to 13
Ion assignment after moving ion 20: {0: 3, 1: 14, 2: 0, 3: 7, 4: 15, 5: 13, 6: 2, 7: 12, 8: 24, 9: 4, 10: 16, 11: 8, 12: 9, 13: 10, 14: 1, 15: 6}
Trying to solve brute-force congestion at gate [13, 8] with {0: 3, 1: 14, 2: 0, 3: 7, 4: 15, 5: 13, 6: 2, 7: 12, 8: 24, 9: 4, 10: 16, 11: 8, 12: 9, 13: 10, 14: 1, 15: 6}
Trying to moving ion 13... to 12
Ion assignment after moving ion 13: {0: 3, 1: 14, 2: 0, 3: 7, 4: 15, 5: 12, 6: 2, 7: 13, 8: 24, 9: 4, 10: 16, 11: 8, 12: 9, 13: 10, 14: 1, 15: 6}
Clearing endpoint 14.........
Gate position gate updated to [12  8]--------------c
Trying to moving ion 8... to 13
Ion assignment after moving ion 8: {0: 3, 1: 20, 2: 0, 3: 7, 4: 15, 5: 12, 6: 2, 7: 14, 8: 24, 9: 4, 10: 16, 11: 13, 12: 9, 13: 10, 14: 1, 15: 6}
Trying to solve brute-force congestion at gate [2, 24] with {0: 3, 1: 20, 2: 0, 3: 7, 4: 15, 5: 12, 6: 2, 7: 14, 8: 24, 9: 4, 10: 16, 11: 13, 12: 9, 13: 10, 14: 1, 15: 6}
Trying to moving ion 2... to 0
Ion assignment after moving ion 2: {0: 3, 1: 20, 2: 1, 3: 7, 4: 15, 5: 12, 6: 0, 7: 14, 8: 24, 9: 4, 10: 16, 11: 13, 12: 9, 13: 10, 14: 2, 15: 6}
Clearing endpoint 2.........
Gate position gate updated to [ 0 24]--------------c
Trying to moving ion 24... to 1
Ion assignment after moving ion 24: {0: 3, 1: 20, 2: 2, 3: 7, 4: 15, 5: 12, 6: 0, 7: 14, 8: 1, 9: 4, 10: 16, 11: 13, 12: 9, 13: 10, 14: 19, 15: 6}
Executing gate at point (0, 4).
Executing gate at point (0, 0).
Executing gate at point (0, 3).
Executing gate at point (0, 6).
Executing gate at point (0, 12).
Executing gate at point (0, 5).
Trying to solve brute-force congestion at gate [20, 14] with {0: 3, 1: 20, 2: 2, 3: 7, 4: 15, 5: 12, 6: 0, 7: 14, 8: 1, 9: 4, 10: 16, 11: 13, 12: 9, 13: 10, 14: 19, 15: 6}
Trying to moving ion 14... to 12
Ion assignment after moving ion 14: {0: 3, 1: 20, 2: 2, 3: 7, 4: 15, 5: 13, 6: 0, 7: 12, 8: 1, 9: 4, 10: 16, 11: 14, 12: 9, 13: 10, 14: 19, 15: 6}
Clearing endpoint 14.........
Gate position gate updated to [12 20]--------------cInput filename:  QuantumVolume_wsq_16
Algorithm:  SHAPER
Trap type:  G2x3
Trap capacity:  3
Num layout passes:  2
Gate type:  FM
Run index:  6
Creating a QCCD machine ...
QCCD physical machine:
### Traps ### 
Trap(id='trap_0', max_num_ions=3, initial_num_ions=0, executable=True, measureable=True)
Trap(id='trap_1', max_num_ions=3, initial_num_ions=0, executable=True, measureable=True)
Trap(id='trap_2', max_num_ions=3, initial_num_ions=0, executable=True, measureable=True)
Trap(id='trap_3', max_num_ions=3, initial_num_ions=0, executable=True, measureable=True)
Trap(id='trap_4', max_num_ions=3, initial_num_ions=0, executable=True, measureable=True)
Trap(id='trap_5', max_num_ions=3, initial_num_ions=0, executable=True, measureable=True)
### Junctions ### 
Junction(id='junction_0')
Junction(id='junction_1')
Junction(id='junction_2')
### Segments ### 
Segment(id='segment_0', left=Trap(id='trap_0', max_num_ions=3, initial_num_ions=0, executable=True, measureable=True), right=Junction(id='junction_0'))
Segment(id='segment_1', left=Trap(id='trap_5', max_num_ions=3, initial_num_ions=0, executable=True, measureable=True), right=Junction(id='junction_0'))
Segment(id='segment_2', left=Trap(id='trap_1', max_num_ions=3, initial_num_ions=0, executable=True, measureable=True), right=Junction(id='junction_1'))
Segment(id='segment_3', left=Trap(id='trap_4', max_num_ions=3, initial_num_ions=0, executable=True, measureable=True), right=Junction(id='junction_1'))
Segment(id='segment_4', left=Trap(id='trap_2', max_num_ions=3, initial_num_ions=0, executable=True, measureable=True), right=Junction(id='junction_2'))
Segment(id='segment_5', left=Trap(id='trap_3', max_num_ions=3, initial_num_ions=0, executable=True, measureable=True), right=Junction(id='junction_2'))
Segment(id='segment_6', left=Junction(id='junction_0'), right=Junction(id='junction_1'))
Segment(id='segment_7', left=Junction(id='junction_1'), right=Junction(id='junction_2'))
Finished creating the QCCD physical machine.
Position graph:  CouplingGraph({(3, 4), (12, 13), (22, 23), (21, 25), (23, 25), (11, 23), (13, 14), (19, 24), (18, 19), (4, 5), (20, 25), (21, 24), (22, 25), (14, 21), (0, 1), (9, 10), (1, 2), (10, 11), (6, 7), (15, 16), (24, 25), (18, 24), (20, 21), (20, 24), (17, 19), (5, 20), (8, 22), (2, 18), (7, 8), (16, 17)})
Initial ion assignment:  {0: 12, 1: 13, 2: 17, 3: 9, 4: 0, 5: 2, 6: 5, 7: 8, 8: 7, 9: 4, 10: 11, 11: 6, 12: 15, 13: 16, 14: 1, 15: 3}
Congestion rate:  1.0
Scheduling QCCD: 7440.000000000002 us, costing 14.899230000097305 s to compile
0.007440000000000001
14.899230000097305
{0: 3, 1: 20, 2: 2, 3: 7, 4: 15, 5: 12, 6: 0, 7: 14, 8: 1, 9: 4, 10: 16, 11: 13, 12: 9, 13: 10, 14: 19, 15: 6}
[0, 1, 2, 3, 4, 5, 6, 7, 8, 9, 10, 11, 12, 13, 14, 15]
