Best move: (35, 37)
Best move: (5, 36)
Best move: (23, 41)
Best move: (17, 40)
Best move: (7, 8)
Best move: (28, 29)
Best move: (8, 9)
Best move: (3, 4)
Best move: (14, 15)
Best move: (13, 14)
Best move: (12, 13)
Best move: (16, 17)
Try bruteforce due to multiple steps (12) to solve one gate
Trying to solve brute-force congestion at gate [17, 3] with {0: 31, 1: 17, 2: 8, 3: 21, 4: 25, 5: 14, 6: 36, 7: 0, 8: 6, 9: 30, 10: 19, 11: 26, 12: 20, 13: 1, 14: 4, 15: 27, 16: 34, 17: 3, 18: 7, 19: 28, 20: 2, 21: 9, 22: 15, 23: 37, 24: 41, 25: 24, 26: 13, 27: 40, 28: 32, 29: 10, 30: 33, 31: 22}
Trying to moving ion 3... to 0
Ion assignment after moving ion 3: {0: 31, 1: 17, 2: 8, 3: 21, 4: 25, 5: 14, 6: 36, 7: 1, 8: 6, 9: 30, 10: 19, 11: 26, 12: 20, 13: 2, 14: 4, 15: 27, 16: 34, 17: 0, 18: 7, 19: 28, 20: 3, 21: 9, 22: 15, 23: 37, 24: 41, 25: 24, 26: 13, 27: 40, 28: 32, 29: 10, 30: 33, 31: 22}
Gate position gate updated to [ 0 17]--------------c
Trying to moving ion 17... to 1
Ion assignment after moving ion 17: {0: 31, 1: 1, 2: 8, 3: 21, 4: 25, 5: 14, 6: 37, 7: 2, 8: 6, 9: 30, 10: 19, 11: 26, 12: 20, 13: 3, 14: 5, 15: 27, 16: 34, 17: 0, 18: 7, 19: 28, 20: 4, 21: 9, 22: 15, 23: 35, 24: 41, 25: 24, 26: 13, 27: 38, 28: 32, 29: 10, 30: 33, 31: 22}
Executing gate at point (0, 1).
Best move: (5, 36)
Best move: (6, 7)
Best move: (24, 25)
Best move: (19, 20)
Best move: (19, 20)
Best move: (22, 23)
Best move: (24, 25)
Best move: (25, 26)
Best move: (26, 27)
Best move: (27, 28)
Best move: (27, 28)
Best move: (27, 28)
Try bruteforce due to multiple steps (12) to solve one gate
Trying to solve brute-force congestion at gate [28, 23] with {0: 31, 1: 1, 2: 8, 3: 21, 4: 28, 5: 14, 6: 37, 7: 2, 8: 7, 9: 30, 10: 19, 11: 25, 12: 20, 13: 3, 14: 36, 15: 26, 16: 34, 17: 0, 18: 6, 19: 27, 20: 4, 21: 9, 22: 15, 23: 35, 24: 41, 25: 24, 26: 13, 27: 38, 28: 32, 29: 10, 30: 33, 31: 23}
Trying to moving ion 23... to 18
Ion assignment after moving ion 23: {0: 31, 1: 1, 2: 8, 3: 22, 4: 28, 5: 14, 6: 37, 7: 2, 8: 7, 9: 30, 10: 20, 11: 25, 12: 21, 13: 3, 14: 36, 15: 26, 16: 34, 17: 0, 18: 6, 19: 27, 20: 4, 21: 9, 22: 15, 23: 35, 24: 41, 25: 24, 26: 13, 27: 38, 28: 32, 29: 10, 30: 33, 31: 18}
Gate position gate updated to [18 28]--------------c
Trying to moving ion 28... to 19
Ion assignment after moving ion 28: {0: 31, 1: 1, 2: 8, 3: 23, 4: 19, 5: 14, 6: 37, 7: 2, 8: 7, 9: 30, 10: 21, 11: 25, 12: 22, 13: 3, 14: 36, 15: 26, 16: 34, 17: 0, 18: 6, 19: 27, 20: 4, 21: 9, 22: 15, 23: 35, 24: 40, 25: 24, 26: 13, 27: 38, 28: 32, 29: 10, 30: 33, 31: 18}
Executing gate at point (0, 4).
Best move: (13, 14)
Best move: (14, 15)
Best move: (15, 16)
Best move: (15, 16)
Best move: (15, 16)
Try bruteforce due to repeated pattern...
Trying to solve brute-force congestion at gate [35, 16] with {0: 31, 1: 1, 2: 8, 3: 23, 4: 19, 5: 13, 6: 37, 7: 2, 8: 7, 9: 30, 10: 21, 11: 25, 12: 22, 13: 3, 14: 36, 15: 26, 16: 34, 17: 0, 18: 6, 19: 27, 20: 4, 21: 9, 22: 14, 23: 35, 24: 40, 25: 24, 26: 16, 27: 38, 28: 32, 29: 10, 30: 33, 31: 18}
Trying to moving ion 16... to 12
Ion assignment after moving ion 16: {0: 31, 1: 1, 2: 8, 3: 23, 4: 19, 5: 14, 6: 37, 7: 2, 8: 7, 9: 30, 10: 21, 11: 25, 12: 22, 13: 3, 14: 36, 15: 26, 16: 34, 17: 0, 18: 6, 19: 27, 20: 4, 21: 9, 22: 15, 23: 35, 24: 40, 25: 24, 26: 12, 27: 38, 28: 32, 29: 10, 30: 33, 31: 18}
Gate position gate updated to [12 35]--------------c
Trying to moving ion 35... to 13
Ion assignment after moving ion 35: {0: 31, 1: 1, 2: 8, 3: 23, 4: 19, 5: 15, 6: 39, 7: 2, 8: 7, 9: 30, 10: 21, 11: 25, 12: 22, 13: 3, 14: 36, 15: 26, 16: 34, 17: 0, 18: 6, 19: 27, 20: 4, 21: 9, 22: 16, 23: 13, 24: 41, 25: 24, 26: 12, 27: 38, 28: 32, 29: 10, 30: 33, 31: 18}
Executing gate at point (0, 23).
Best move: (33, 34)
Best move: (15, 16)
Best move: (21, 22)
Best move: (20, 21)
Best move: (27, 28)
Best move: (40, 41)
Best move: (23, 41)
Best move: (26, 27)
Best move: (20, 21)
Best move: (25, 26)
Best move: (24, 25)
Best move: (9, 10)
Try bruteforce due to multiple steps (12) to solve one gate
Trying to solve brute-force congestion at gate [4, 15] with {0: 31, 1: 1, 2: 8, 3: 41, 4: 19, 5: 16, 6: 39, 7: 2, 8: 7, 9: 30, 10: 22, 11: 26, 12: 21, 13: 3, 14: 36, 15: 27, 16: 33, 17: 0, 18: 6, 19: 28, 20: 4, 21: 10, 22: 15, 23: 13, 24: 40, 25: 25, 26: 12, 27: 38, 28: 32, 29: 9, 30: 34, 31: 18}
Trying to moving ion 15... to 12
Ion assignment after moving ion 15: {0: 31, 1: 1, 2: 8, 3: 41, 4: 19, 5: 16, 6: 39, 7: 2, 8: 7, 9: 30, 10: 22, 11: 26, 12: 21, 13: 3, 14: 36, 15: 27, 16: 33, 17: 0, 18: 6, 19: 28, 20: 4, 21: 10, 22: 12, 23: 14, 24: 40, 25: 25, 26: 13, 27: 38, 28: 32, 29: 9, 30: 34, 31: 18}
Gate position gate updated to [12  4]--------------c
Trying to moving ion 4... to 13
Ion assignment after moving ion 4: {0: 31, 1: 1, 2: 8, 3: 23, 4: 19, 5: 17, 6: 39, 7: 2, 8: 7, 9: 30, 10: 22, 11: 26, 12: 21, 13: 3, 14: 37, 15: 27, 16: 33, 17: 0, 18: 6, 19: 28, 20: 13, 21: 10, 22: 12, 23: 15, 24: 41, 25: 25, 26: 14, 27: 38, 28: 32, 29: 9, 30: 34, 31: 18}
Executing gate at point (0, 20).
Best move: (36, 37)
Best move: (17, 40)
Best move: (41, 43)
Best move: (23, 41)
Best move: (27, 28)
Best move: (3, 4)
Best move: (2, 3)
Best move: (26, 27)
Best move: (26, 27)
Best move: (22, 23)
Best move: (33, 34)
Best move: (33, 34)
Try bruteforce due to multiple steps (12) to solve one gate
Trying to solve brute-force congestion at gate [23, 33] with {0: 31, 1: 1, 2: 8, 3: 41, 4: 19, 5: 40, 6: 39, 7: 3, 8: 7, 9: 30, 10: 23, 11: 26, 12: 21, 13: 4, 14: 36, 15: 28, 16: 33, 17: 0, 18: 6, 19: 27, 20: 13, 21: 10, 22: 12, 23: 15, 24: 43, 25: 25, 26: 14, 27: 38, 28: 32, 29: 9, 30: 34, 31: 18}
Trying to moving ion 33... to 30
Ion assignment after moving ion 33: {0: 32, 1: 1, 2: 8, 3: 41, 4: 19, 5: 40, 6: 39, 7: 3, 8: 7, 9: 31, 10: 23, 11: 26, 12: 21, 13: 4, 14: 36, 15: 28, 16: 30, 17: 0, 18: 6, 19: 27, 20: 13, 21: 10, 22: 12, 23: 15, 24: 43, 25: 25, 26: 14, 27: 38, 28: 33, 29: 9, 30: 34, 31: 18}
Gate position gate updated to [30 23]--------------c
Trying to moving ion 23... to 31
Ion assignment after moving ion 23: {0: 33, 1: 1, 2: 8, 3: 17, 4: 19, 5: 16, 6: 39, 7: 3, 8: 7, 9: 32, 10: 31, 11: 26, 12: 21, 13: 4, 14: 36, 15: 28, 16: 30, 17: 0, 18: 6, 19: 27, 20: 13, 21: 10, 22: 12, 23: 15, 24: 40, 25: 25, 26: 14, 27: 38, 28: 34, 29: 9, 30: 35, 31: 18}
Executing gate at point (0, 10).
Best move: (33, 34)
Best move: (34, 35)
Best move: (35, 37)
Best move: (37, 42)
Best move: (42, 43)
Best move: (42, 43)
Best move: (42, 43)
Try bruteforce due to repeated pattern...
Trying to solve brute-force congestion at gate [43, 28] with {0: 43, 1: 1, 2: 8, 3: 17, 4: 19, 5: 16, 6: 39, 7: 3, 8: 7, 9: 32, 10: 31, 11: 26, 12: 21, 13: 4, 14: 36, 15: 28, 16: 30, 17: 0, 18: 6, 19: 27, 20: 13, 21: 10, 22: 12, 23: 15, 24: 40, 25: 25, 26: 14, 27: 38, 28: 33, 29: 9, 30: 34, 31: 18}
Trying to moving ion 28... to 24
Ion assignment after moving ion 28: {0: 43, 1: 1, 2: 8, 3: 17, 4: 19, 5: 16, 6: 39, 7: 3, 8: 7, 9: 32, 10: 31, 11: 27, 12: 21, 13: 4, 14: 36, 15: 24, 16: 30, 17: 0, 18: 6, 19: 28, 20: 13, 21: 10, 22: 12, 23: 15, 24: 40, 25: 26, 26: 14, 27: 38, 28: 33, 29: 9, 30: 34, 31: 18}
Gate position gate updated to [24 43]--------------c
Trying to moving ion 43... to 25
Ion assignment after moving ion 43: {0: 25, 1: 1, 2: 8, 3: 17, 4: 19, 5: 16, 6: 42, 7: 3, 8: 7, 9: 32, 10: 31, 11: 28, 12: 21, 13: 4, 14: 36, 15: 24, 16: 30, 17: 0, 18: 6, 19: 29, 20: 13, 21: 10, 22: 12, 23: 15, 24: 40, 25: 27, 26: 14, 27: 38, 28: 33, 29: 9, 30: 34, 31: 18}
Executing gate at point (0, 0).
Best move: (37, 42)
Best move: (29, 39)
Best move: (40, 43)
Best move: (17, 40)
Best move: (36, 42)
Best move: (16, 17)
Best move: (21, 22)
Best move: (8, 9)
Best move: (6, 7)
Best move: (6, 7)
Best move: (3, 4)
Best move: (3, 4)
Try bruteforce due to multiple steps (12) to solve one gate
Trying to solve brute-force congestion at gate [4, 39] with {0: 25, 1: 1, 2: 9, 3: 40, 4: 19, 5: 17, 6: 37, 7: 3, 8: 7, 9: 32, 10: 31, 11: 28, 12: 22, 13: 4, 14: 42, 15: 24, 16: 30, 17: 0, 18: 6, 19: 39, 20: 13, 21: 10, 22: 12, 23: 15, 24: 43, 25: 27, 26: 14, 27: 38, 28: 33, 29: 8, 30: 34, 31: 18}Input filename:  QuantumVolume_wsq_32
Algorithm:  SHAPER
Trap type:  G2x3
Trap capacity:  6
Num layout passes:  2
Gate type:  FM
Run index:  2
Creating a QCCD machine ...
QCCD physical machine:
### Traps ### 
Trap(id='trap_0', max_num_ions=6, initial_num_ions=0, executable=True, measureable=True)
Trap(id='trap_1', max_num_ions=6, initial_num_ions=0, executable=True, measureable=True)
Trap(id='trap_2', max_num_ions=6, initial_num_ions=0, executable=True, measureable=True)
Trap(id='trap_3', max_num_ions=6, initial_num_ions=0, executable=True, measureable=True)
Trap(id='trap_4', max_num_ions=6, initial_num_ions=0, executable=True, measureable=True)
Trap(id='trap_5', max_num_ions=6, initial_num_ions=0, executable=True, measureable=True)
### Junctions ### 
Junction(id='junction_0')
Junction(id='junction_1')
Junction(id='junction_2')
### Segments ### 
Segment(id='segment_0', left=Trap(id='trap_0', max_num_ions=6, initial_num_ions=0, executable=True, measureable=True), right=Junction(id='junction_0'))
Segment(id='segment_1', left=Trap(id='trap_5', max_num_ions=6, initial_num_ions=0, executable=True, measureable=True), right=Junction(id='junction_0'))
Segment(id='segment_2', left=Trap(id='trap_1', max_num_ions=6, initial_num_ions=0, executable=True, measureable=True), right=Junction(id='junction_1'))
Segment(id='segment_3', left=Trap(id='trap_4', max_num_ions=6, initial_num_ions=0, executable=True, measureable=True), right=Junction(id='junction_1'))
Segment(id='segment_4', left=Trap(id='trap_2', max_num_ions=6, initial_num_ions=0, executable=True, measureable=True), right=Junction(id='junction_2'))
Segment(id='segment_5', left=Trap(id='trap_3', max_num_ions=6, initial_num_ions=0, executable=True, measureable=True), right=Junction(id='junction_2'))
Segment(id='segment_6', left=Junction(id='junction_0'), right=Junction(id='junction_1'))
Segment(id='segment_7', left=Junction(id='junction_1'), right=Junction(id='junction_2'))
Finished creating the QCCD physical machine.
Position graph:  CouplingGraph({(41, 43), (3, 4), (26, 27), (12, 13), (21, 22), (17, 40), (22, 23), (31, 32), (8, 9), (39, 42), (40, 41), (27, 28), (25, 26), (36, 37), (37, 42), (13, 14), (32, 33), (11, 38), (18, 19), (4, 5), (14, 15), (38, 43), (0, 1), (9, 10), (40, 43), (1, 2), (10, 11), (19, 20), (28, 29), (36, 42), (5, 36), (6, 7), (15, 16), (24, 25), (33, 34), (42, 43), (35, 37), (20, 21), (38, 42), (38, 39), (29, 39), (34, 35), (39, 43), (2, 3), (23, 41), (7, 8), (30, 31), (16, 17)})
Initial ion assignment:  {0: 31, 1: 16, 2: 9, 3: 21, 4: 25, 5: 13, 6: 5, 7: 0, 8: 6, 9: 30, 10: 19, 11: 26, 12: 20, 13: 1, 14: 3, 15: 27, 16: 34, 17: 4, 18: 8, 19: 29, 20: 2, 21: 7, 22: 14, 23: 35, 24: 23, 25: 24, 26: 12, 27: 17, 28: 32, 29: 10, 30: 33, 31: 22}
Congestion rate:  1.0
Traceback (most recent call last):
  File "C:\Users\PC\Documents\GitHub\bqskit-shuttling\bqskit\shuttling\qccd\run.py", line 150, in <module>
    runtime, sp = schedule_QCCD(data["instruction_list"],
                  ^^^^^^^^^^^^^^^^^^^^^^^^^^^^^^^^^^^^^^^
  File "C:\Users\PC\Documents\GitHub\bqskit-shuttling\bqskit\shuttling\qccd\QCCD_schedule.py", line 206, in schedule_QCCD
    return runtime, shuttling_time/(shuttling_time+execution_time)
                    ~~~~~~~~~~~~~~^^~~~~~~~~~~~~~~~~~~~~~~~~~~~~~~
ZeroDivisionError: float division by zero
