Best move: (1, 2)
Best move: (2, 18)
Best move: (18, 24)
Best move: (20, 24)
Best move: (5, 20)
Executing gate at point (0, 6).
Executing gate at point (1, 6).
Best move: (3, 4)
Best move: (4, 5)
Best move: (5, 20)
Best move: (20, 25)
Best move: (22, 25)
Best move: (7, 8)
Best move: (8, 22)
Executing gate at point (2, 5).
Executing gate at point (3, 5).
Executing gate at point (4, 4).
Executing gate at point (5, 4).
Best move: (8, 22)
Best move: (4, 5)
Best move: (5, 20)
Best move: (20, 25)
Best move: (23, 25)
Best move: (23, 25)
Best move: (23, 25)
Try bruteforce due to repeated pattern...
Trying to solve brute-force congestion at gate [7, 23] with {0: 13, 1: 11, 2: 3, 3: 10, 4: 6, 5: 7, 6: 23, 7: 22}
Trying to moving ion 7... to 6
Ion assignment after moving ion 7: {0: 13, 1: 11, 2: 3, 3: 10, 4: 7, 5: 6, 6: 23, 7: 22}
Gate position gate updated to [ 6 23]--------------c
Trying to moving ion 23... to 7
Ion assignment after moving ion 23: {0: 13, 1: 11, 2: 3, 3: 10, 4: 8, 5: 6, 6: 7, 7: 25}
Executing gate at point (4, 5).
Executing gate at point (5, 5).
Executing gate at point (6, 4).
Executing gate at point (7, 4).
Executing gate at point (8, 4).
Executing gate at point (9, 4).
Best move: (23, 25)
Best move: (9, 10)
Best move: (9, 10)
Best move: (9, 10)
Try bruteforce due to repeated pattern...
Trying to solve brute-force congestion at gate [9, 23] with {0: 13, 1: 11, 2: 3, 3: 9, 4: 8, 5: 6, 6: 7, 7: 23}
Trying to moving ion 9... to 9
Ion assignment after moving ion 9: {0: 13, 1: 11, 2: 3, 3: 9, 4: 8, 5: 6, 6: 7, 7: 23}
Clearing endpoint 11.........
Gate position gate updated to [ 9 23]--------------c
Trying to moving ion 23... to 10
Ion assignment after moving ion 23: {0: 13, 1: 11, 2: 3, 3: 9, 4: 8, 5: 6, 6: 7, 7: 10}
Executing gate at point (6, 3).
Executing gate at point (7, 3).
Best move: (7, 8)
Best move: (8, 22)
Best move: (10, 11)
Best move: (11, 23)
Best move: (23, 25)
Best move: (22, 23)
Best move: (20, 25)
Best move: (5, 20)
Try bruteforce due to multiple steps (8) to solve one gate
Trying to solve brute-force congestion at gate [3, 5] with {0: 13, 1: 10, 2: 3, 3: 9, 4: 7, 5: 6, 6: 23, 7: 5}
Trying to moving ion 3... to 3
Ion assignment after moving ion 3: {0: 13, 1: 10, 2: 3, 3: 9, 4: 7, 5: 6, 6: 23, 7: 5}
Gate position gate updated to [3 5]--------------c
Trying to moving ion 5... to 4
Ion assignment after moving ion 5: {0: 13, 1: 10, 2: 3, 3: 9, 4: 7, 5: 6, 6: 23, 7: 4}
Executing gate at point (8, 2).
Executing gate at point (9, 2).
Best move: (11, 23)
Executing gate at point (8, 3).
Executing gate at point (9, 3).
Best move: (11, 23)
Best move: (4, 5)
Best move: (5, 20)
Best move: (20, 25)
Best move: (9, 10)
Best move: (9, 10)
Best move: (22, 25)
Best move: (22, 25)
Try bruteforce due to multiple steps (8) to solve one gate
Trying to solve brute-force congestion at gate [10, 25] with {0: 13, 1: 10, 2: 3, 3: 9, 4: 7, 5: 6, 6: 23, 7: 25}
Trying to moving ion 10... to 9
Ion assignment after moving ion 10: {0: 13, 1: 9, 2: 3, 3: 10, 4: 7, 5: 6, 6: 23, 7: 25}
Gate position gate updated to [ 9 25]--------------c
Trying to moving ion 25... to 10
Ion assignment after moving ion 25: {0: 13, 1: 9, 2: 3, 3: 11, 4: 7, 5: 6, 6: 22, 7: 10}
Executing gate at point (10, 1).
Executing gate at point (11, 1).
Best move: (10, 11)
Best move: (11, 23)
Best move: (23, 25)
Best move: (21, 25)
Best move: (14, 21)
Executing gate at point (12, 0).
Executing gate at point (13, 0).
Best move: (22, 25)
Best move: (20, 25)
Best move: (5, 20)
Executing gate at point (10, 2).
Executing gate at point (11, 2).
Best move: (5, 20)
Best move: (20, 25)
Best move: (23, 25)
Best move: (11, 23)
Executing gate at point (12, 1).
Executing gate at point (13, 1).
Best move: (11, 23)
Best move: (23, 25)
Best move: (21, 25)
Best move: (12, 13)
Best move: (12, 13)
Best move: (12, 13)
Try bruteforce due to repeated pattern...
Trying to solve brute-force congestion at gate [12, 21] with {0: 12, 1: 9, 2: 3, 3: 10, 4: 7, 5: 6, 6: 21, 7: 14}
Trying to moving ion 12... to 12
Ion assignment after moving ion 12: {0: 12, 1: 9, 2: 3, 3: 10, 4: 7, 5: 6, 6: 21, 7: 14}
Clearing endpoint 14.........
Gate position gate updated to [12 21]--------------c
Trying to moving ion 21... to 13
Ion assignment after moving ion 21: {0: 12, 1: 9, 2: 3, 3: 10, 4: 7, 5: 6, 6: 13, 7: 14}
Executing gate at point (14, 0).
Executing gate at point (15, 0).
Best move: (10, 11)
Best move: (11, 23)
Best move: (22, 23)
Best move: (8, 22)
Executing gate at point (10, 3).
Executing gate at point (11, 3).
Executing gate at point (12, 3).
Executing gate at point (13, 3).
Best move: (6, 7)
Best move: (7, 8)
Best move: (8, 22)
Best move: (22, 25)
Best move: (20, 25)
Best move: (5, 20)
Executing gate at point (12, 2).
Executing gate at point (13, 2).
Best move: (5, 20)
Best move: (20, 25)
Best move: (23, 25)
Best move: (11, 23)
Executing gate at point (14, 1).
Executing gate at point (15, 1).
Best move: (12, 13)
Best move: (13, 14)
Best move: (14, 21)
Best move: (21, 25)
Best move: (23, 25)
Best move: (3, 4)
Best move: (4, 5)
Best move: (5, 20)
Try bruteforce due to multiple steps (8) to solve one gate
Trying to solve brute-force congestion at gate [20, 6] with {0: 23, 1: 9, 2: 20, 3: 7, 4: 6, 5: 11, 6: 12, 7: 13}
Trying to moving ion 6... to 6
Ion assignment after moving ion 6: {0: 23, 1: 9, 2: 20, 3: 7, 4: 6, 5: 11, 6: 12, 7: 13}
Gate position gate updated to [ 6 20]--------------c
Trying to moving ion 20... to 7
Ion assignment after moving ion 20: {0: 23, 1: 9, 2: 7, 3: 8, 4: 6, 5: 11, 6: 12, 7: 13}
Executing gate at point (14, 2).
Executing gate at point (15, 2).
Executing gate at point (16, 2).
Executing gate at point (17, 2).
Best move: (10, 11)
Best move: (6, 7)
Best move: (7, 8)
Best move: (8, 22)
Best move: (22, 25)
Best move: (9, 10)
Best move: (9, 10)
Best move: (11, 23)
Try bruteforce due to multiple steps (8) to solve one gate
Trying to solve brute-force congestion at gate [11, 10] with {0: 11, 1: 9, 2: 6, 3: 7, 4: 25, 5: 10, 6: 12, 7: 13}
Trying to moving ion 11... to 9
Ion assignment after moving ion 11: {0: 9, 1: 10, 2: 6, 3: 7, 4: 25, 5: 11, 6: 12, 7: 13}
Gate position gate updated to [ 9 11]--------------c
Trying to moving ion 11... to 10
Ion assignment after moving ion 11: {0: 9, 1: 11, 2: 6, 3: 7, 4: 25, 5: 10, 6: 12, 7: 13}
Executing gate at point (16, 0).
Executing gate at point (17, 0).
Best move: (11, 23)
Best move: (22, 23)
Best move: (23, 25)
Best move: (22, 25)
Best move: (22, 25)
Best move: (22, 25)
Try bruteforce due to repeated pattern...
Trying to solve brute-force congestion at gate [25, 23] with {0: 9, 1: 25, 2: 6, 3: 7, 4: 23, 5: 10, 6: 12, 7: 13}
Trying to moving ion 23... to 9
Ion assignment after moving ion 23: {0: 10, 1: 25, 2: 6, 3: 7, 4: 9, 5: 11, 6: 12, 7: 13}
Clearing endpoint 11.........
Gate position gate updated to [ 9 25]--------------c
Trying to moving ion 25... to 10
Ion assignment after moving ion 25: {0: 11, 1: 10, 2: 6, 3: 7, 4: 9, 5: 22, 6: 12, 7: 13}
Executing gate at point (16, 1).
Executing gate at point (17, 1).
Executing gate at point (18, 0).
Executing gate at point (19, 0).
Best move: (10, 11)
Best move: (11, 23)
Best move: (23, 25)
Best move: (23, 25)
Try bruteforce due to repeated pattern...
Trying to solve brute-force congestion at gate [23, 7] with {0: 10, 1: 23, 2: 6, 3: 7, 4: 9, 5: 22, 6: 12, 7: 13}
Trying to moving ion 7... to 6
Ion assignment after moving ion 7: {0: 10, 1: 23, 2: 7, 3: 6, 4: 9, 5: 22, 6: 12, 7: 13}
Gate position gate updated to [ 6 23]--------------c
Trying to moving ion 23... to 7
Ion assignment after moving ion 23: {0: 10, 1: 7, 2: 8, 3: 6, 4: 9, 5: 25, 6: 12, 7: 13}
Executing gate at point (18, 1).
Executing gate at point (19, 1).
Executing gate at point (20, 1).
Executing gate at point (21, 1).
Best move: (6, 7)
Best move: (7, 8)
Best move: (8, 22)
Best move: (22, 23)
Best move: (11, 23)
Executing gate at point (20, 0).
Executing gate at point (21, 0).
Executing gate at point (22, 3).
Executing gate at point (23, 3).
Executing gate at point (24, 3).
Best move: (10, 11)
Best move: (11, 23)
Best move: (22, 23)
Best move: (8, 22)
Executing gate at point (22, 0).
Executing gate at point (23, 0).
Executing gate at point (24, 0).
Executing gate at point (25, 0).
Best move: (8, 22)
Best move: (23, 25)
Best move: (23, 25)
Best move: (23, 25)
Try bruteforce due to repeated pattern...
Trying to solve brute-force congestion at gate [7, 23] with {0: 22, 1: 6, 2: 7, 3: 10, 4: 9, 5: 23, 6: 12, 7: 13}
Trying to moving ion 7... to 6
Ion assignment after moving ion 7: {0: 22, 1: 7, 2: 6, 3: 10, 4: 9, 5: 23, 6: 12, 7: 13}
Gate position gate updated to [ 6 23]--------------c
Trying to moving ion 23... to 7
Ion assignment after moving ion 23: {0: 25, 1: 8, 2: 6, 3: 10, 4: 9, 5: 7, 6: 12, 7: 13}
Executing gate at point (24, 2).
Executing gate at point (25, 2).
Executing gate at point (26, 2).
Best move: (21, 25)
Best move: (8, 22)
Best move: (22, 25)
Best move: (12, 13)
Best move: (12, 13)
Best move: (14, 21)
Executing gate at point (26, 0).
Executing gate at point (27, 0).
Executing gate at point (28, 0).
Best move: (12, 13)
Best move: (13, 14)
Best move: (14, 21)
Best move: (20, 25)
Best move: (5, 20)
Best move: (20, 21)
Best move: (4, 5)
Best move: (5, 20)
Try bruteforce due to multiple steps (8) to solve one gate
Trying to solve brute-force congestion at gate [4, 5] with {0: 13, 1: 4, 2: 6, 3: 10, 4: 9, 5: 7, 6: 5, 7: 12}
Trying to moving ion 4... to 3
Ion assignment after moving ion 4: {0: 13, 1: 3, 2: 6, 3: 10, 4: 9, 5: 7, 6: 5, 7: 12}
Gate position gate updated to [3 5]--------------c
Trying to moving ion 5... to 4
Ion assignment after moving ion 5: {0: 13, 1: 3, 2: 6, 3: 10, 4: 9, 5: 7, 6: 4, 7: 12}
Executing gate at point (26, 1).
Executing gate at point (27, 1).
Executing gate at point (28, 1).
Trying to solve brute-force congestion at gate [8, 6] with {0: 8, 1: 3, 2: 6, 3: 10, 4: 9, 5: 7, 6: 4, 7: 12}
Trying to moving ion 8... to 6
Ion assignment after moving ion 8: {0: 6, 1: 3, 2: 7, 3: 10, 4: 9, 5: 8, 6: 4, 7: 12}
Clearing endpoint 8.........
Gate position gate updated to [6 7]--------------c
Trying to moving ion 7... to 7
Ion assignment after moving ion 7: {0: 6, 1: 3, 2: 7, 3: 10, 4: 9, 5: 22, 6: 4, 7: 12}
Trying to solve brute-force congestion at gate [6, 7] with {0: 6, 1: 3, 2: 7, 3: 10, 4: 9, 5: 22, 6: 4, 7: 12}
Trying to moving ion 6... to 6
Ion assignment after moving ion 6: {0: 6, 1: 3, 2: 7, 3: 10, 4: 9, 5: 22, 6: 4, 7: 12}
Gate position gate updated to [6 7]--------------c
Trying to moving ion 7... to 7
Ion assignment after moving ion 7: {0: 6, 1: 3, 2: 7, 3: 10, 4: 9, 5: 22, 6: 4, 7: 12}
Trying to solve brute-force congestion at gate [6, 10] with {0: 6, 1: 3, 2: 7, 3: 10, 4: 9, 5: 22, 6: 4, 7: 12}
Trying to moving ion 6... to 6
Ion assignment after moving ion 6: {0: 6, 1: 3, 2: 7, 3: 10, 4: 9, 5: 22, 6: 4, 7: 12}
Gate position gate updated to [ 6 10]--------------c
Trying to moving ion 10... to 7
Ion assignment after moving ion 10: {0: 6, 1: 3, 2: 8, 3: 7, 4: 9, 5: 25, 6: 4, 7: 12}
Trying to solve brute-force congestion at gate [6, 7] with {0: 6, 1: 3, 2: 8, 3: 7, 4: 9, 5: 25, 6: 4, 7: 12}
Trying to moving ion 6... to 6
Ion assignment after moving ion 6: {0: 6, 1: 3, 2: 8, 3: 7, 4: 9, 5: 25, 6: 4, 7: 12}
Clearing endpoint 8.........
Gate position gate updated to [6 7]--------------c
Trying to moving ion 7... to 7
Ion assignment after moving ion 7: {0: 6, 1: 3, 2: 22, 3: 7, 4: 9, 5: 25, 6: 4, 7: 12}
Trying to solve brute-force congestion at gate [3, 22] with {0: 6, 1: 3, 2: 22, 3: 7, 4: 9, 5: 25, 6: 4, 7: 12}
Trying to moving ion 3... to 3
Ion assignment after moving ion 3: {0: 6, 1: 3, 2: 22, 3: 7, 4: 9, 5: 25, 6: 4, 7: 12}
Gate position gate updated to [ 3 22]--------------c
Trying to moving ion 22... to 4
Ion assignment after moving ion 22: {0: 6, 1: 3, 2: 4, 3: 7, 4: 9, 5: 24, 6: 5, 7: 12}
Trying to solve brute-force congestion at gate [3, 4] with {0: 6, 1: 3, 2: 4, 3: 7, 4: 9, 5: 24, 6: 5, 7: 12}
Trying to moving ion 3... to 3
Ion assignment after moving ion 3: {0: 6, 1: 3, 2: 4, 3: 7, 4: 9, 5: 24, 6: 5, 7: 12}
Clearing endpoint 5.........
Gate position gate updated to [3 4]--------------c
Trying to moving ion 4... to 4
Ion assignment after moving ion 4: {0: 6, 1: 3, 2: 4, 3: 7, 4: 9, 5: 24, 6: 20, 7: 12}
Trying to solve brute-force congestion at gate [6, 9] with {0: 6, 1: 3, 2: 4, 3: 7, 4: 9, 5: 24, 6: 20, 7: 12}
Trying to moving ion 6... to 6
Ion assignment after moving ion 6: {0: 6, 1: 3, 2: 4, 3: 7, 4: 9, 5: 24, 6: 20, 7: 12}
Gate position gate updated to [6 9]--------------c
Trying to moving ion 9... to 7
Ion assignment after moving ion 9: {0: 6, 1: 3, 2: 4, 3: 8, 4: 7, 5: 24, 6: 20, 7: 12}
Trying to solve brute-force congestion at gate [6, 7] with {0: 6, 1: 3, 2: 4, 3: 8, 4: 7, 5: 24, 6: 20, 7: 12}
Trying to moving ion 6... to 6
Ion assignment after moving ion 6: {0: 6, 1: 3, 2: 4, 3: 8, 4: 7, 5: 24, 6: 20, 7: 12}
Clearing endpoint 8.........
Gate position gate updated to [6 7]--------------c
Trying to moving ion 7... to 7
Ion assignment after moving ion 7: {0: 6, 1: 3, 2: 4, 3: 22, 4: 7, 5: 24, 6: 20, 7: 12}
Trying to solve brute-force congestion at gate [6, 24] with {0: 6, 1: 3, 2: 4, 3: 22, 4: 7, 5: 24, 6: 20, 7: 12}
Trying to moving ion 6... to 6
Ion assignment after moving ion 6: {0: 6, 1: 3, 2: 4, 3: 22, 4: 7, 5: 24, 6: 20, 7: 12}
Gate position gate updated to [ 6 24]--------------c
Trying to moving ion 24... to 7
Ion assignment after moving ion 24: {0: 6, 1: 3, 2: 4, 3: 23, 4: 8, 5: 7, 6: 20, 7: 12}
Trying to solve brute-force congestion at gate [6, 7] with {0: 6, 1: 3, 2: 4, 3: 23, 4: 8, 5: 7, 6: 20, 7: 12}
Trying to moving ion 6... to 6
Ion assignment after moving ion 6: {0: 6, 1: 3, 2: 4, 3: 23, 4: 8, 5: 7, 6: 20, 7: 12}
Clearing endpoint 8.........
Gate position gate updated to [6 7]--------------c
Trying to moving ion 7... to 7
Ion assignment after moving ion 7: {0: 6, 1: 3, 2: 4, 3: 23, 4: 22, 5: 7, 6: 20, 7: 12}
Trying to solve brute-force congestion at gate [6, 20] with {0: 6, 1: 3, 2: 4, 3: 23, 4: 22, 5: 7, 6: 20, 7: 12}
Trying to moving ion 6... to 6
Ion assignment after moving ion 6: {0: 6, 1: 3, 2: 4, 3: 23, 4: 22, 5: 7, 6: 20, 7: 12}
Gate position gate updated to [ 6 20]--------------c
Trying to moving ion 20... to 7
Ion assignment after moving ion 20: {0: 6, 1: 3, 2: 4, 3: 11, 4: 23, 5: 8, 6: 7, 7: 12}
Trying to solve brute-force congestion at gate [6, 7] with {0: 6, 1: 3, 2: 4, 3: 11, 4: 23, 5: 8, 6: 7, 7: 12}
Trying to moving ion 6... to 6
Ion assignment after moving ion 6: {0: 6, 1: 3, 2: 4, 3: 11, 4: 23, 5: 8, 6: 7, 7: 12}
Clearing endpoint 8.........
Gate position gate updated to [6 7]--------------c
Trying to moving ion 7... to 7
Ion assignment after moving ion 7: {0: 6, 1: 3, 2: 4, 3: 11, 4: 23, 5: 22, 6: 7, 7: 12}
Trying to solve brute-force congestion at gate [3, 11] with {0: 6, 1: 3, 2: 4, 3: 11, 4: 23, 5: 22, 6: 7, 7: 12}
Trying to moving ion 3... to 3
Ion assignment after moving ion 3: {0: 6, 1: 3, 2: 4, 3: 11, 4: 23, 5: 22, 6: 7, 7: 12}
Gate position gate updated to [ 3 11]--------------c
Trying to moving ion 11... to 4
Ion assignment after moving ion 11: {0: 6, 1: 3, 2: 5, 3: 4, 4: 24, 5: 22, 6: 7, 7: 12}
Trying to solve brute-force congestion at gate [3, 4] with {0: 6, 1: 3, 2: 5, 3: 4, 4: 24, 5: 22, 6: 7, 7: 12}
Trying to moving ion 3... to 3
Ion assignment after moving ion 3: {0: 6, 1: 3, 2: 5, 3: 4, 4: 24, 5: 22, 6: 7, 7: 12}
Clearing endpoint 5.........
Gate position gate updated to [3 4]--------------c
Trying to moving ion 4... to 4
Ion assignment after moving ion 4: {0: 6, 1: 3, 2: 20, 3: 4, 4: 24, 5: 22, 6: 7, 7: 12}
Trying to solve brute-force congestion at gate [3, 24] with {0: 6, 1: 3, 2: 20, 3: 4, 4: 24, 5: 22, 6: 7, 7: 12}
Trying to moving ion 3... to 3
Ion assignment after moving ion 3: {0: 6, 1: 3, 2: 20, 3: 4, 4: 24, 5: 22, 6: 7, 7: 12}
Gate position gate updated to [ 3 24]--------------c
Trying to moving ion 24... to 4
Ion assignment after moving ion 24: {0: 6, 1: 3, 2: 25, 3: 5, 4: 4, 5: 22, 6: 7, 7: 12}
Trying to solve brute-force congestion at gate [25, 5] with {0: 6, 1: 3, 2: 25, 3: 5, 4: 4, 5: 22, 6: 7, 7: 12}
Trying to moving ion 5... to 3
Ion assignment after moving ion 5: {0: 6, 1: 4, 2: 25, 3: 3, 4: 5, 5: 22, 6: 7, 7: 12}
Clearing endpoint 5.........
Gate position gate updated to [ 3 25]--------------c
Trying to moving ion 25... to 4
Ion assignment after moving ion 25: {0: 6, 1: 5, 2: 4, 3: 3, 4: 24, 5: 22, 6: 7, 7: 12}
Trying to solve brute-force congestion at gate [4, 3] with {0: 6, 1: 5, 2: 4, 3: 3, 4: 24, 5: 22, 6: 7, 7: 12}
Trying to moving ion 4... to 3
Ion assignment after moving ion 4: {0: 6, 1: 5, 2: 3, 3: 4, 4: 24, 5: 22, 6: 7, 7: 12}
Clearing endpoint 5.........
Gate position gate updated to [3 4]--------------c
Trying to moving ion 4... to 4
Ion assignment after moving ion 4: {0: 6, 1: 20, 2: 3, 3: 4, 4: 24, 5: 22, 6: 7, 7: 12}
Trying to solve brute-force congestion at gate [6, 12] with {0: 6, 1: 20, 2: 3, 3: 4, 4: 24, 5: 22, 6: 7, 7: 12}
Trying to moving ion 6... to 6
Ion assignment after moving ion 6: {0: 6, 1: 20, 2: 3, 3: 4, 4: 24, 5: 22, 6: 7, 7: 12}
Gate position gate updated to [ 6 12]--------------c
Trying to moving ion 12... to 7
Ion assignment after moving ion 12: {0: 6, 1: 20, 2: 3, 3: 4, 4: 24, 5: 23, 6: 8, 7: 7}
Trying to solve brute-force congestion at gate [6, 7] with {0: 6, 1: 20, 2: 3, 3: 4, 4: 24, 5: 23, 6: 8, 7: 7}
Trying to moving ion 6... to 6
Ion assignment after moving ion 6: {0: 6, 1: 20, 2: 3, 3: 4, 4: 24, 5: 23, 6: 8, 7: 7}
Clearing endpoint 8.........
Gate position gate updated to [6 7]--------------c
Trying to moving ion 7... to 7
Ion assignment after moving ion 7: {0: 6, 1: 20, 2: 3, 3: 4, 4: 24, 5: 23, 6: 22, 7: 7}
Trying to solve brute-force congestion at gate [20, 24] with {0: 6, 1: 20, 2: 3, 3: 4, 4: 24, 5: 23, 6: 22, 7: 7}
Trying to moving ion 20... to 12
Ion assignment after moving ion 20: {0: 6, 1: 12, 2: 3, 3: 4, 4: 24, 5: 23, 6: 22, 7: 7}
Gate position gate updated to [12 24]--------------c
Trying to moving ion 24... to 13
Ion assignment after moving ion 24: {0: 6, 1: 12, 2: 3, 3: 4, 4: 13, 5: 23, 6: 22, 7: 7}
Trying to solve brute-force congestion at gate [12, 23] with {0: 6, 1: 12, 2: 3, 3: 4, 4: 13, 5: 23, 6: 22, 7: 7}
Trying to moving ion 12... to 12
Ion assignment after moving ion 12: {0: 6, 1: 12, 2: 3, 3: 4, 4: 13, 5: 23, 6: 22, 7: 7}
Gate position gate updated to [12 23]--------------c
Trying to moving ion 23... to 13
Ion assignment after moving ion 23: {0: 6, 1: 12, 2: 3, 3: 4, 4: 14, 5: 13, 6: 22, 7: 7}
Trying to solve brute-force congestion at gate [12, 13] with {0: 6, 1: 12, 2: 3, 3: 4, 4: 14, 5: 13, 6: 22, 7: 7}
Trying to moving ion 12... to 12
Ion assignment after moving ion 12: {0: 6, 1: 12, 2: 3, 3: 4, 4: 14, 5: 13, 6: 22, 7: 7}
Clearing endpoint 14.........
Gate position gate updated to [12 13]--------------c
Trying to moving ion 13... to 13
Ion assignment after moving ion 13: {0: 6, 1: 12, 2: 3, 3: 4, 4: 21, 5: 13, 6: 22, 7: 7}
Trying to solve brute-force congestion at gate [3, 21] with {0: 6, 1: 12, 2: 3, 3: 4, 4: 21, 5: 13, 6: 22, 7: 7}
Trying to moving ion 3... to 3
Ion assignment after moving ion 3: {0: 6, 1: 12, 2: 3, 3: 4, 4: 21, 5: 13, 6: 22, 7: 7}
Gate position gate updated to [ 3 21]--------------c
Trying to moving ion 21... to 4
Ion assignment after moving ion 21: {0: 6, 1: 12, 2: 3, 3: 5, 4: 4, 5: 13, 6: 22, 7: 7}
Trying to solve brute-force congestion at gate [3, 4] with {0: 6, 1: 12, 2: 3, 3: 5, 4: 4, 5: 13, 6: 22, 7: 7}
Trying to moving ion 3... to 3
Ion assignment after moving ion 3: {0: 6, 1: 12, 2: 3, 3: 5, 4: 4, 5: 13, 6: 22, 7: 7}
Clearing endpoint 5.........
Gate position gate updated to [3 4]--------------c
Trying to moving ion 4... to 4
Ion assignment after moving ion 4: {0: 6, 1: 12, 2: 3, 3: 20, 4: 4, 5: 13, 6: 22, 7: 7}
Trying to solve brute-force congestion at gate [3, 13] with {0: 6, 1: 12, 2: 3, 3: 20, 4: 4, 5: 13, 6: 22, 7: 7}
Trying to moving ion 3... to 3
Ion assignment after moving ion 3: {0: 6, 1: 12, 2: 3, 3: 20, 4: 4, 5: 13, 6: 22, 7: 7}
Gate position gate updated to [ 3 13]--------------c
Trying to moving ion 13... to 4
Ion assignment after moving ion 13: {0: 6, 1: 12, 2: 3, 3: 24, 4: 5, 5: 4, 6: 22, 7: 7}
Trying to solve brute-force congestion at gate [24, 5] with {0: 6, 1: 12, 2: 3, 3: 24, 4: 5, 5: 4, 6: 22, 7: 7}
Trying to moving ion 5... to 3
Ion assignment after moving ion 5: {0: 6, 1: 12, 2: 4, 3: 24, 4: 3, 5: 5, 6: 22, 7: 7}
Clearing endpoint 5.........
Gate position gate updated to [ 3 24]--------------c
Trying to moving ion 24... to 4
Ion assignment after moving ion 24: {0: 6, 1: 12, 2: 5, 3: 4, 4: 3, 5: 25, 6: 22, 7: 7}
Trying to solve brute-force congestion at gate [4, 3] with {0: 6, 1: 12, 2: 5, 3: 4, 4: 3, 5: 25, 6: 22, 7: 7}
Trying to moving ion 4... to 3
Ion assignment after moving ion 4: {0: 6, 1: 12, 2: 5, 3: 3, 4: 4, 5: 25, 6: 22, 7: 7}
Clearing endpoint 5.........
Gate position gate updated to [3 4]--------------c
Trying to moving ion 4... to 4
Ion assignment after moving ion 4: {0: 6, 1: 12, 2: 20, 3: 3, 4: 4, 5: 25, 6: 22, 7: 7}
Trying to solve brute-force congestion at gate [12, 22] with {0: 6, 1: 12, 2: 20, 3: 3, 4: 4, 5: 25, 6: 22, 7: 7}
Trying to moving ion 12... to 12
Ion assignment after moving ion 12: {0: 6, 1: 12, 2: 20, 3: 3, 4: 4, 5: 25, 6: 22, 7: 7}
Gate position gate updated to [12 22]--------------c
Trying to moving ion 22... to 13
Ion assignment after moving ion 22: {0: 6, 1: 12, 2: 20, 3: 3, 4: 4, 5: 24, 6: 13, 7: 7}
Trying to solve brute-force congestion at gate [12, 13] with {0: 6, 1: 12, 2: 20, 3: 3, 4: 4, 5: 24, 6: 13, 7: 7}
Trying to moving ion 12... to 12
Ion assignment after moving ion 12: {0: 6, 1: 12, 2: 20, 3: 3, 4: 4, 5: 24, 6: 13, 7: 7}
Gate position gate updated to [12 13]--------------c
Trying to moving ion 13... to 13
Ion assignment after moving ion 13: {0: 6, 1: 12, 2: 20, 3: 3, 4: 4, 5: 24, 6: 13, 7: 7}
Trying to solve brute-force congestion at gate [12, 7] with {0: 6, 1: 12, 2: 20, 3: 3, 4: 4, 5: 24, 6: 13, 7: 7}
Trying to moving ion 12... to 12
Ion assignment after moving ion 12: {0: 6, 1: 12, 2: 20, 3: 3, 4: 4, 5: 24, 6: 13, 7: 7}
Gate position gate updated to [12  7]--------------c
Trying to moving ion 7... to 13
Ion assignment after moving ion 7: {0: 6, 1: 12, 2: 20, 3: 3, 4: 4, 5: 24, 6: 14, 7: 13}
Trying to solve brute-force congestion at gate [12, 13] with {0: 6, 1: 12, 2: 20, 3: 3, 4: 4, 5: 24, 6: 14, 7: 13}
Trying to moving ion 12... to 12
Ion assignment after moving ion 12: {0: 6, 1: 12, 2: 20, 3: 3, 4: 4, 5: 24, 6: 14, 7: 13}
Clearing endpoint 14.........
Gate position gate updated to [12 13]--------------c
Trying to moving ion 13... to 13
Ion assignment after moving ion 13: {0: 6, 1: 12, 2: 20, 3: 3, 4: 4, 5: 24, 6: 21, 7: 13}
Trying to solve brute-force congestion at gate [20, 24] with {0: 6, 1: 12, 2: 20, 3: 3, 4: 4, 5: 24, 6: 21, 7: 13}
Trying to moving ion 20... to 3
Ion assignment after moving ion 20: {0: 6, 1: 12, 2: 3, 3: 4, 4: 5, 5: 24, 6: 21, 7: 13}
Clearing endpoint 5.........
Gate position gate updated to [ 3 24]--------------c
Trying to moving ion 24... to 4
Ion assignment after moving ion 24: {0: 6, 1: 12, 2: 3, 3: 5, 4: 25, 5: 4, 6: 21, 7: 13}
Trying to solve brute-force congestion at gate [3, 21] with {0: 6, 1: 12, 2: 3, 3: 5, 4: 25, 5: 4, 6: 21, 7: 13}
Trying to moving ion 3... to 3
Ion assignment after moving ion 3: {0: 6, 1: 12, 2: 3, 3: 5, 4: 25, 5: 4, 6: 21, 7: 13}
Clearing endpoint 5.........
Gate position gate updated to [ 3 21]--------------c
Trying to moving ion 21... to 4
Ion assignment after moving ion 21: {0: 6, 1: 12, 2: 3, 3: 24, 4: 25, 5: 5, 6: 4, 7: 13}
Trying to solve brute-force congestion at gate [24, 5] with {0: 6, 1: 12, 2: 3, 3: 24, 4: 25, 5: 5, 6: 4, 7: 13}
Trying to moving ion 5... to 3
Ion assignment after moving ion 5: {0: 6, 1: 12, 2: 4, 3: 24, 4: 25, 5: 3, 6: 5, 7: 13}
Clearing endpoint 5.........
Gate position gate updated to [ 3 24]--------------c
Trying to moving ion 24... to 4
Ion assignment after moving ion 24: {0: 6, 1: 12, 2: 5, 3: 4, 4: 25, 5: 3, 6: 21, 7: 13}
Trying to solve brute-force congestion at gate [5, 21] with {0: 6, 1: 12, 2: 5, 3: 4, 4: 25, 5: 3, 6: 21, 7: 13}
Trying to moving ion 5... to 3
Ion assignment after moving ion 5: {0: 6, 1: 12, 2: 3, 3: 5, 4: 25, 5: 4, 6: 21, 7: 13}
Clearing endpoint 5.........
Gate position gate updated to [ 3 21]--------------c
Trying to moving ion 21... to 4
Ion assignment after moving ion 21: {0: 6, 1: 12, 2: 3, 3: 24, 4: 25, 5: 5, 6: 4, 7: 13}
Trying to solve brute-force congestion at gate [3, 13] with {0: 6, 1: 12, 2: 3, 3: 24, 4: 25, 5: 5, 6: 4, 7: 13}
Trying to moving ion 3... to 3
Ion assignment after moving ion 3: {0: 6, 1: 12, 2: 3, 3: 24, 4: 25, 5: 5, 6: 4, 7: 13}
Clearing endpoint 5.........
Gate position gate updated to [ 3 13]--------------c
Trying to moving ion 13... to 4
Ion assignment after moving ion 13: {0: 6, 1: 12, 2: 3, 3: 18, 4: 25, 5: 24, 6: 5, 7: 4}
Trying to solve brute-force congestion at gate [3, 4] with {0: 6, 1: 12, 2: 3, 3: 18, 4: 25, 5: 24, 6: 5, 7: 4}
Trying to moving ion 3... to 3
Ion assignment after moving ion 3: {0: 6, 1: 12, 2: 3, 3: 18, 4: 25, 5: 24, 6: 5, 7: 4}
Clearing endpoint 5.........
Gate position gate updated to [3 4]--------------c
Trying to moving ion 4... to 4
Ion assignment after moving ion 4: {0: 6, 1: 12, 2: 3, 3: 18, 4: 25, 5: 24, 6: 20, 7: 4}
Trying to solve brute-force congestion at gate [18, 24] with {0: 6, 1: 12, 2: 3, 3: 18, 4: 25, 5: 24, 6: 20, 7: 4}
Trying to moving ion 18... to 0
Ion assignment after moving ion 18: {0: 6, 1: 12, 2: 3, 3: 0, 4: 25, 5: 24, 6: 20, 7: 4}
Gate position gate updated to [ 0 24]--------------c
Trying to moving ion 24... to 1
Ion assignment after moving ion 24: {0: 6, 1: 12, 2: 3, 3: 0, 4: 25, 5: 1, 6: 20, 7: 4}
Trying to solve brute-force congestion at gate [0, 20] with {0: 6, 1: 12, 2: 3, 3: 0, 4: 25, 5: 1, 6: 20, 7: 4}
Trying to moving ion 0... to 0
Ion assignment after moving ion 0: {0: 6, 1: 12, 2: 3, 3: 0, 4: 25, 5: 1, 6: 20, 7: 4}
Gate position gate updated to [ 0 20]--------------c
Trying to moving ion 20... to 1
Ion assignment after moving ion 20: {0: 6, 1: 12, 2: 3, 3: 0, 4: 25, 5: 2, 6: 1, 7: 4}
Trying to solve brute-force congestion at gate [0, 1] with {0: 6, 1: 12, 2: 3, 3: 0, 4: 25, 5: 2, 6: 1, 7: 4}
Trying to moving ion 0... to 0
Ion assignment after moving ion 0: {0: 6, 1: 12, 2: 3, 3: 0, 4: 25, 5: 2, 6: 1, 7: 4}
Clearing endpoint 2.........
Gate position gate updated to [0 1]--------------c
Trying to moving ion 1... to 1
Ion assignment after moving ion 1: {0: 6, 1: 12, 2: 3, 3: 0, 4: 25, 5: 18, 6: 1, 7: 4}
Trying to solve brute-force congestion at gate [0, 4] with {0: 6, 1: 12, 2: 3, 3: 0, 4: 25, 5: 18, 6: 1, 7: 4}
Trying to moving ion 0... to 0
Ion assignment after moving ion 0: {0: 6, 1: 12, 2: 3, 3: 0, 4: 25, 5: 18, 6: 1, 7: 4}
Gate position gate updated to [0 4]--------------c
Trying to moving ion 4... to 1
Ion assignment after moving ion 4: {0: 6, 1: 12, 2: 3, 3: 0, 4: 25, 5: 19, 6: 2, 7: 1}
Trying to solve brute-force congestion at gate [25, 19] with {0: 6, 1: 12, 2: 3, 3: 0, 4: 25, 5: 19, 6: 2, 7: 1}
Trying to moving ion 19... to 15
Ion assignment after moving ion 19: {0: 6, 1: 12, 2: 3, 3: 0, 4: 25, 5: 15, 6: 2, 7: 1}
Gate position gate updated to [15 25]--------------c
Trying to moving ion 25... to 16
Ion assignment after moving ion 25: {0: 6, 1: 12, 2: 3, 3: 0, 4: 16, 5: 15, 6: 2, 7: 1}
Trying to solve brute-force congestion at gate [16, 15] with {0: 6, 1: 12, 2: 3, 3: 0, 4: 16, 5: 15, 6: 2, 7: 1}
Trying to moving ion 16... to 15
Ion assignment after moving ion 16: {0: 6, 1: 12, 2: 3, 3: 0, 4: 15, 5: 16, 6: 2, 7: 1}
Gate position gate updated to [15 16]--------------c
Trying to moving ion 16... to 16
Ion assignment after moving ion 16: {0: 6, 1: 12, 2: 3, 3: 0, 4: 15, 5: 16, 6: 2, 7: 1}
Trying to solve brute-force congestion at gate [15, 2] with {0: 6, 1: 12, 2: 3, 3: 0, 4: 15, 5: 16, 6: 2, 7: 1}
Trying to moving ion 15... to 15
Ion assignment after moving ion 15: {0: 6, 1: 12, 2: 3, 3: 0, 4: 15, 5: 16, 6: 2, 7: 1}
Gate position gate updated to [15  2]--------------c
Trying to moving ion 2... to 16
Ion assignment after moving ion 2: {0: 6, 1: 12, 2: 3, 3: 0, 4: 15, 5: 17, 6: 16, 7: 1}
Trying to solve brute-force congestion at gate [15, 16] with {0: 6, 1: 12, 2: 3, 3: 0, 4: 15, 5: 17, 6: 16, 7: 1}
Trying to moving ion 15... to 15
Ion assignment after moving ion 15: {0: 6, 1: 12, 2: 3, 3: 0, 4: 15, 5: 17, 6: 16, 7: 1}
Clearing endpoint 17.........
Gate position gate updated to [15 16]--------------c
Trying to moving ion 16... to 16
Ion assignment after moving ion 16: {0: 6, 1: 12, 2: 3, 3: 0, 4: 15, 5: 19, 6: 16, 7: 1}
Trying to solve brute-force congestion at gate [15, 1] with {0: 6, 1: 12, 2: 3, 3: 0, 4: 15, 5: 19, 6: 16, 7: 1}
Trying to moving ion 15... to 15
Ion assignment after moving ion 15: {0: 6, 1: 12, 2: 3, 3: 0, 4: 15, 5: 19, 6: 16, 7: 1}
Gate position gate updated to [15  1]--------------c
Trying to moving ion 1... to 16
Ion assignment after moving ion 1: {0: 6, 1: 12, 2: 3, 3: 0, 4: 15, 5: 24, 6: 17, 7: 16}
Trying to solve brute-force congestion at gate [15, 16] with {0: 6, 1: 12, 2: 3, 3: 0, 4: 15, 5: 24, 6: 17, 7: 16}
Trying to moving ion 15... to 15
Ion assignment after moving ion 15: {0: 6, 1: 12, 2: 3, 3: 0, 4: 15, 5: 24, 6: 17, 7: 16}
Clearing endpoint 17.........
Gate position gate updated to [15 16]--------------c
Trying to moving ion 16... to 16
Ion assignment after moving ion 16: {0: 6, 1: 12, 2: 3, 3: 0, 4: 15, 5: 24, 6: 19, 7: 16}
Trying to solve brute-force congestion at gate [24, 19] with {0: 6, 1: 12, 2: 3, 3: 0, 4: 15, 5: 24, 6: 19, 7: 16}
Trying to moving ion 24... to 0
Ion assignment after moving ion 24: {0: 6, 1: 12, 2: 3, 3: 1, 4: 15, 5: 0, 6: 19, 7: 16}
Gate position gate updated to [ 0 19]--------------c
Trying to moving ion 19... to 1
Ion assignment after moving ion 19: {0: 6, 1: 12, 2: 3, 3: 2, 4: 15, 5: 0, 6: 1, 7: 16}
Trying to solve brute-force congestion at gate [0, 1] with {0: 6, 1: 12, 2: 3, 3: 2, 4: 15, 5: 0, 6: 1, 7: 16}
Trying to moving ion 0... to 0
Ion assignment after moving ion 0: {0: 6, 1: 12, 2: 3, 3: 2, 4: 15, 5: 0, 6: 1, 7: 16}
Clearing endpoint 2.........
Gate position gate updated to [0 1]--------------c
Trying to moving ion 1... to 1
Ion assignment after moving ion 1: {0: 6, 1: 12, 2: 3, 3: 18, 4: 15, 5: 0, 6: 1, 7: 16}
Trying to solve brute-force congestion at gate [0, 16] with {0: 6, 1: 12, 2: 3, 3: 18, 4: 15, 5: 0, 6: 1, 7: 16}
Trying to moving ion 0... to 0
Ion assignment after moving ion 0: {0: 6, 1: 12, 2: 3, 3: 18, 4: 15, 5: 0, 6: 1, 7: 16}
Gate position gate updated to [ 0 16]--------------c
Trying to moving ion 16... to 1
Ion assignment after moving ion 16: {0: 6, 1: 12, 2: 3, 3: 24, 4: 15, 5: 0, 6: 2, 7: 1}
Trying to solve brute-force congestion at gate [0, 1] with {0: 6, 1: 12, 2: 3, 3: 24, 4: 15, 5: 0, 6: 2, 7: 1}
Trying to moving ion 0... to 0
Ion assignment after moving ion 0: {0: 6, 1: 12, 2: 3, 3: 24, 4: 15, 5: 0, 6: 2, 7: 1}
Clearing endpoint 2.........
Gate position gate updated to [0 1]--------------c
Trying to moving ion 1... to 1
Ion assignment after moving ion 1: {0: 6, 1: 12, 2: 3, 3: 24, 4: 15, 5: 0, 6: 18, 7: 1}
Trying to solve brute-force congestion at gate [18, 1] with {0: 6, 1: 12, 2: 3, 3: 24, 4: 15, 5: 0, 6: 18, 7: 1}
Trying to moving ion 1... to 0
Ion assignment after moving ion 1: {0: 6, 1: 12, 2: 3, 3: 24, 4: 15, 5: 1, 6: 18, 7: 0}
Gate position gate updated to [ 0 18]--------------c
Trying to moving ion 18... to 1
Ion assignment after moving ion 18: {0: 6, 1: 12, 2: 3, 3: 24, 4: 15, 5: 2, 6: 1, 7: 0}
Trying to solve brute-force congestion at gate [1, 0] with {0: 6, 1: 12, 2: 3, 3: 24, 4: 15, 5: 2, 6: 1, 7: 0}
Trying to moving ion 1... to 0
Ion assignment after moving ion 1: {0: 6, 1: 12, 2: 3, 3: 24, 4: 15, 5: 2, 6: 0, 7: 1}
Clearing endpoint 2.........
Gate position gate updated to [0 1]--------------c
Trying to moving ion 1... to 1
Ion assignment after moving ion 1: {0: 6, 1: 12, 2: 3, 3: 24, 4: 15, 5: 18, 6: 0, 7: 1}
Executing gate at point (0, 6).
Executing gate at point (1, 6).
Best move: (2, 18)
Executing gate at point (2, 5).
Executing gate at point (3, 5).
Executing gate at point (4, 5).
Executing gate at point (5, 5).
Best move: (1, 2)
Best move: (2, 18)
Best move: (18, 19)
Best move: (17, 19)
Executing gate at point (4, 4).
Executing gate at point (5, 4).
Best move: (19, 24)
Best move: (16, 17)
Best move: (17, 19)
Executing gate at point (6, 3).
Executing gate at point (7, 3).
Best move: (16, 17)
Best move: (17, 19)
Best move: (19, 24)
Best move: (20, 24)
Best move: (5, 20)
Executing gate at point (8, 2).
Executing gate at point (9, 2).
Best move: (5, 20)
Best move: (20, 21)
Best move: (14, 21)
Executing gate at point (10, 1).
Executing gate at point (11, 1).
Best move: (14, 21)
Best move: (21, 25)
Best move: (22, 25)
Best move: (8, 22)
Executing gate at point (12, 0).
Executing gate at point (13, 0).
Best move: (0, 1)
Best move: (1, 2)
Best move: (2, 18)
Best move: (18, 19)
Best move: (17, 19)
Executing gate at point (6, 4).
Executing gate at point (7, 4).
Executing gate at point (8, 3).
Executing gate at point (9, 3).
Best move: (17, 19)
Best move: (0, 1)
Best move: (1, 2)
Best move: (2, 18)
Best move: (15, 16)
Best move: (18, 24)
Best move: (18, 24)
Best move: (18, 24)
Try bruteforce due to multiple steps (8) to solve one gate
Trying to solve brute-force congestion at gate [16, 24] with {0: 6, 1: 12, 2: 3, 3: 15, 4: 16, 5: 24, 6: 19, 7: 8}
Trying to moving ion 16... to 15
Ion assignment after moving ion 16: {0: 6, 1: 12, 2: 3, 3: 16, 4: 15, 5: 24, 6: 19, 7: 8}
Gate position gate updated to [15 24]--------------c
Trying to moving ion 24... to 16
Ion assignment after moving ion 24: {0: 6, 1: 12, 2: 3, 3: 17, 4: 15, 5: 16, 6: 18, 7: 8}
Executing gate at point (8, 4).
Executing gate at point (9, 4).
Executing gate at point (10, 3).
Executing gate at point (11, 3).
Executing gate at point (12, 3).
Executing gate at point (13, 3).
Best move: (18, 24)
Best move: (20, 24)
Best move: (5, 20)
Executing gate at point (10, 2).
Executing gate at point (11, 2).
Best move: (5, 20)
Best move: (20, 21)
Best move: (14, 21)
Executing gate at point (12, 1).
Executing gate at point (13, 1).
Best move: (14, 21)
Best move: (16, 17)
Best move: (17, 19)
Best move: (19, 24)
Best move: (20, 24)
Best move: (5, 20)
Executing gate at point (12, 2).
Executing gate at point (13, 2).
Best move: (21, 25)
Best move: (22, 25)
Best move: (5, 20)
Best move: (20, 21)
Best move: (14, 21)
Executing gate at point (14, 1).
Executing gate at point (15, 1).
Best move: (3, 4)
Best move: (4, 5)
Best move: (5, 20)
Best move: (20, 24)
Best move: (19, 24)
Best move: (17, 19)
Executing gate at point (14, 2).
Executing gate at point (15, 2).
Executing gate at point (16, 2).
Executing gate at point (17, 2).
Best move: (15, 16)
Best move: (16, 17)
Best move: (17, 19)
Best move: (19, 24)
Best move: (21, 24)
Best move: (12, 13)
Best move: (12, 13)
Best move: (12, 13)
Try bruteforce due to multiple steps (8) to solve one gate
Trying to solve brute-force congestion at gate [13, 21] with {0: 6, 1: 13, 2: 16, 3: 15, 4: 21, 5: 14, 6: 22, 7: 8}
Trying to moving ion 13... to 12
Ion assignment after moving ion 13: {0: 6, 1: 12, 2: 16, 3: 15, 4: 21, 5: 14, 6: 22, 7: 8}
Clearing endpoint 14.........
Gate position gate updated to [12 21]--------------c
Trying to moving ion 21... to 13
Ion assignment after moving ion 21: {0: 6, 1: 12, 2: 16, 3: 15, 4: 13, 5: 14, 6: 22, 7: 8}
Executing gate at point (16, 1).
Executing gate at point (17, 1).
Best move: (12, 13)
Best move: (13, 14)
Best move: (14, 21)
Best move: (21, 24)
Best move: (19, 24)
Best move: (17, 19)
Executing gate at point (18, 1).
Executing gate at point (19, 1).
Executing gate at point (20, 1).
Executing gate at point (21, 1).
Best move: (6, 7)
Best move: (6, 7)
Best move: (6, 7)
Try bruteforce due to repeated pattern...
Trying to solve brute-force congestion at gate [7, 22] with {0: 7, 1: 17, 2: 16, 3: 15, 4: 12, 5: 13, 6: 22, 7: 8}
Trying to moving ion 7... to 6
Ion assignment after moving ion 7: {0: 6, 1: 17, 2: 16, 3: 15, 4: 12, 5: 13, 6: 22, 7: 8}
Clearing endpoint 8.........
Gate position gate updated to [ 6 22]--------------c
Trying to moving ion 22... to 7
Ion assignment after moving ion 22: {0: 6, 1: 17, 2: 16, 3: 15, 4: 12, 5: 13, 6: 7, 7: 8}
Executing gate at point (14, 0).
Executing gate at point (15, 0).
Best move: (6, 7)
Best move: (7, 8)
Best move: (8, 22)
Best move: (22, 25)
Best move: (21, 25)
Best move: (14, 21)
Executing gate at point (16, 0).
Executing gate at point (17, 0).
Executing gate at point (18, 0).
Executing gate at point (19, 0).
Best move: (14, 21)
Best move: (21, 24)
Best move: (15, 16)
Best move: (16, 17)
Best move: (17, 19)
Best move: (18, 19)
Best move: (2, 18)
Best move: (18, 24)
Try bruteforce due to multiple steps (8) to solve one gate
Trying to solve brute-force congestion at gate [18, 2] with {0: 18, 1: 16, 2: 15, 3: 2, 4: 12, 5: 13, 6: 6, 7: 7}
Trying to moving ion 2... to 0
Ion assignment after moving ion 2: {0: 18, 1: 16, 2: 15, 3: 0, 4: 12, 5: 13, 6: 6, 7: 7}
Gate position gate updated to [ 0 18]--------------c
Trying to moving ion 18... to 1
Ion assignment after moving ion 18: {0: 1, 1: 16, 2: 15, 3: 0, 4: 12, 5: 13, 6: 6, 7: 7}
Executing gate at point (20, 0).
Executing gate at point (21, 0).
Best move: (12, 13)
Best move: (13, 14)
Best move: (14, 21)
Best move: (21, 24)
Best move: (18, 24)
Best move: (2, 18)
Executing gate at point (22, 3).
Executing gate at point (23, 3).
Executing gate at point (24, 3).
Best move: (1, 2)
Best move: (2, 18)
Best move: (18, 19)
Best move: (17, 19)
Executing gate at point (22, 0).
Executing gate at point (23, 0).
Executing gate at point (24, 0).
Executing gate at point (25, 0).
Best move: (17, 19)
Best move: (15, 16)
Best move: (16, 17)
Best move: (12, 13)
Best move: (12, 13)
Best move: (12, 13)
Try bruteforce due to repeated pattern...
Trying to solve brute-force congestion at gate [17, 13] with {0: 19, 1: 15, 2: 17, 3: 0, 4: 1, 5: 13, 6: 6, 7: 7}
Trying to moving ion 13... to 12
Ion assignment after moving ion 13: {0: 19, 1: 15, 2: 17, 3: 0, 4: 1, 5: 12, 6: 6, 7: 7}
Gate position gate updated to [12 17]--------------c
Trying to moving ion 17... to 13
Ion assignment after moving ion 17: {0: 18, 1: 15, 2: 13, 3: 0, 4: 1, 5: 12, 6: 6, 7: 7}
Executing gate at point (24, 2).
Executing gate at point (25, 2).
Executing gate at point (26, 2).
Best move: (18, 24)
Best move: (24, 25)
Best move: (22, 25)
Best move: (8, 22)
Executing gate at point (26, 0).
Executing gate at point (27, 0).
Executing gate at point (28, 0).
Best move: (6, 7)
Best move: (7, 8)
Best move: (8, 22)
Best move: (22, 25)
Best move: (24, 25)
Best move: (19, 24)
Best move: (17, 19)
Executing gate at point (26, 1).
Executing gate at point (27, 1).
Executing gate at point (28, 1).
Trying to solve brute-force congestion at gate [8, 13] with {0: 8, 1: 7, 2: 13, 3: 0, 4: 1, 5: 12, 6: 16, 7: 6}
Trying to moving ion 13... to 12
Ion assignment after moving ion 13: {0: 8, 1: 7, 2: 12, 3: 0, 4: 1, 5: 13, 6: 16, 7: 6}
Gate position gate updated to [12  8]--------------c
Trying to moving ion 8... to 13
Ion assignment after moving ion 8: {0: 13, 1: 7, 2: 12, 3: 0, 4: 1, 5: 14, 6: 16, 7: 6}
Trying to solve brute-force congestion at gate [13, 12] with {0: 13, 1: 7, 2: 12, 3: 0, 4: 1, 5: 14, 6: 16, 7: 6}
Trying to moving ion 13... to 12
Ion assignment after moving ion 13: {0: 12, 1: 7, 2: 13, 3: 0, 4: 1, 5: 14, 6: 16, 7: 6}
Clearing endpoint 14.........
Gate position gate updated to [12 13]--------------c
Trying to moving ion 13... to 13
Ion assignment after moving ion 13: {0: 12, 1: 7, 2: 13, 3: 0, 4: 1, 5: 21, 6: 16, 7: 6}
Trying to solve brute-force congestion at gate [12, 0] with {0: 12, 1: 7, 2: 13, 3: 0, 4: 1, 5: 21, 6: 16, 7: 6}
Trying to moving ion 0... to 0
Ion assignment after moving ion 0: {0: 12, 1: 7, 2: 13, 3: 0, 4: 1, 5: 21, 6: 16, 7: 6}
Gate position gate updated to [ 0 12]--------------c
Trying to moving ion 12... to 1
Ion assignment after moving ion 12: {0: 1, 1: 7, 2: 12, 3: 0, 4: 2, 5: 25, 6: 16, 7: 6}
Trying to solve brute-force congestion at gate [1, 0] with {0: 1, 1: 7, 2: 12, 3: 0, 4: 2, 5: 25, 6: 16, 7: 6}
Trying to moving ion 1... to 0
Ion assignment after moving ion 1: {0: 0, 1: 7, 2: 12, 3: 1, 4: 2, 5: 25, 6: 16, 7: 6}
Clearing endpoint 2.........
Gate position gate updated to [0 1]--------------c
Trying to moving ion 1... to 1
Ion assignment after moving ion 1: {0: 0, 1: 7, 2: 12, 3: 1, 4: 18, 5: 25, 6: 16, 7: 6}
Trying to solve brute-force congestion at gate [7, 12] with {0: 0, 1: 7, 2: 12, 3: 1, 4: 18, 5: 25, 6: 16, 7: 6}
Trying to moving ion 12... to 12
Ion assignment after moving ion 12: {0: 0, 1: 7, 2: 12, 3: 1, 4: 18, 5: 25, 6: 16, 7: 6}
Gate position gate updated to [12  7]--------------c
Trying to moving ion 7... to 13
Ion assignment after moving ion 7: {0: 0, 1: 13, 2: 12, 3: 1, 4: 18, 5: 24, 6: 16, 7: 6}
Trying to solve brute-force congestion at gate [13, 12] with {0: 0, 1: 13, 2: 12, 3: 1, 4: 18, 5: 24, 6: 16, 7: 6}
Trying to moving ion 13... to 12
Ion assignment after moving ion 13: {0: 0, 1: 12, 2: 13, 3: 1, 4: 18, 5: 24, 6: 16, 7: 6}
Gate position gate updated to [12 13]--------------c
Trying to moving ion 13... to 13
Ion assignment after moving ion 13: {0: 0, 1: 12, 2: 13, 3: 1, 4: 18, 5: 24, 6: 16, 7: 6}
Trying to solve brute-force congestion at gate [0, 18] with {0: 0, 1: 12, 2: 13, 3: 1, 4: 18, 5: 24, 6: 16, 7: 6}
Trying to moving ion 0... to 0
Ion assignment after moving ion 0: {0: 0, 1: 12, 2: 13, 3: 1, 4: 18, 5: 24, 6: 16, 7: 6}
Gate position gate updated to [ 0 18]--------------c
Trying to moving ion 18... to 1
Ion assignment after moving ion 18: {0: 0, 1: 12, 2: 13, 3: 2, 4: 1, 5: 24, 6: 16, 7: 6}
Trying to solve brute-force congestion at gate [0, 1] with {0: 0, 1: 12, 2: 13, 3: 2, 4: 1, 5: 24, 6: 16, 7: 6}
Trying to moving ion 0... to 0
Ion assignment after moving ion 0: {0: 0, 1: 12, 2: 13, 3: 2, 4: 1, 5: 24, 6: 16, 7: 6}
Clearing endpoint 2.........
Gate position gate updated to [0 1]--------------c
Trying to moving ion 1... to 1
Ion assignment after moving ion 1: {0: 0, 1: 12, 2: 13, 3: 18, 4: 1, 5: 24, 6: 16, 7: 6}
Trying to solve brute-force congestion at gate [0, 24] with {0: 0, 1: 12, 2: 13, 3: 18, 4: 1, 5: 24, 6: 16, 7: 6}
Trying to moving ion 0... to 0
Ion assignment after moving ion 0: {0: 0, 1: 12, 2: 13, 3: 18, 4: 1, 5: 24, 6: 16, 7: 6}
Gate position gate updated to [ 0 24]--------------c
Trying to moving ion 24... to 1
Ion assignment after moving ion 24: {0: 0, 1: 12, 2: 13, 3: 19, 4: 2, 5: 1, 6: 16, 7: 6}
Trying to solve brute-force congestion at gate [0, 1] with {0: 0, 1: 12, 2: 13, 3: 19, 4: 2, 5: 1, 6: 16, 7: 6}
Trying to moving ion 0... to 0
Ion assignment after moving ion 0: {0: 0, 1: 12, 2: 13, 3: 19, 4: 2, 5: 1, 6: 16, 7: 6}
Clearing endpoint 2.........
Gate position gate updated to [0 1]--------------c
Trying to moving ion 1... to 1
Ion assignment after moving ion 1: {0: 0, 1: 12, 2: 13, 3: 19, 4: 18, 5: 1, 6: 16, 7: 6}
Trying to solve brute-force congestion at gate [0, 16] with {0: 0, 1: 12, 2: 13, 3: 19, 4: 18, 5: 1, 6: 16, 7: 6}
Trying to moving ion 0... to 0
Ion assignment after moving ion 0: {0: 0, 1: 12, 2: 13, 3: 19, 4: 18, 5: 1, 6: 16, 7: 6}
Gate position gate updated to [ 0 16]--------------c
Trying to moving ion 16... to 1
Ion assignment after moving ion 16: {0: 0, 1: 12, 2: 13, 3: 25, 4: 24, 5: 2, 6: 1, 7: 6}
Trying to solve brute-force congestion at gate [0, 1] with {0: 0, 1: 12, 2: 13, 3: 25, 4: 24, 5: 2, 6: 1, 7: 6}
Trying to moving ion 0... to 0
Ion assignment after moving ion 0: {0: 0, 1: 12, 2: 13, 3: 25, 4: 24, 5: 2, 6: 1, 7: 6}
Clearing endpoint 2.........
Gate position gate updated to [0 1]--------------c
Trying to moving ion 1... to 1
Ion assignment after moving ion 1: {0: 0, 1: 12, 2: 13, 3: 25, 4: 24, 5: 18, 6: 1, 7: 6}
Trying to solve brute-force congestion at gate [12, 25] with {0: 0, 1: 12, 2: 13, 3: 25, 4: 24, 5: 18, 6: 1, 7: 6}
Trying to moving ion 12... to 12
Ion assignment after moving ion 12: {0: 0, 1: 12, 2: 13, 3: 25, 4: 24, 5: 18, 6: 1, 7: 6}
Gate position gate updated to [12 25]--------------c
Trying to moving ion 25... to 13
Ion assignment after moving ion 25: {0: 0, 1: 12, 2: 14, 3: 13, 4: 24, 5: 18, 6: 1, 7: 6}
Trying to solve brute-force congestion at gate [12, 13] with {0: 0, 1: 12, 2: 14, 3: 13, 4: 24, 5: 18, 6: 1, 7: 6}
Trying to moving ion 12... to 12
Ion assignment after moving ion 12: {0: 0, 1: 12, 2: 14, 3: 13, 4: 24, 5: 18, 6: 1, 7: 6}
Clearing endpoint 14.........
Gate position gate updated to [12 13]--------------c
Trying to moving ion 13... to 13
Ion assignment after moving ion 13: {0: 0, 1: 12, 2: 21, 3: 13, 4: 24, 5: 18, 6: 1, 7: 6}
Trying to solve brute-force congestion at gate [12, 24] with {0: 0, 1: 12, 2: 21, 3: 13, 4: 24, 5: 18, 6: 1, 7: 6}
Trying to moving ion 12... to 12
Ion assignment after moving ion 12: {0: 0, 1: 12, 2: 21, 3: 13, 4: 24, 5: 18, 6: 1, 7: 6}
Gate position gate updated to [12 24]--------------c
Trying to moving ion 24... to 13
Ion assignment after moving ion 24: {0: 0, 1: 12, 2: 25, 3: 14, 4: 13, 5: 18, 6: 1, 7: 6}
Trying to solve brute-force congestion at gate [25, 14] with {0: 0, 1: 12, 2: 25, 3: 14, 4: 13, 5: 18, 6: 1, 7: 6}
Trying to moving ion 14... to 12
Ion assignment after moving ion 14: {0: 0, 1: 13, 2: 25, 3: 12, 4: 14, 5: 18, 6: 1, 7: 6}
Clearing endpoint 14.........
Gate position gate updated to [12 25]--------------c
Trying to moving ion 25... to 13
Ion assignment after moving ion 25: {0: 0, 1: 14, 2: 13, 3: 12, 4: 24, 5: 18, 6: 1, 7: 6}
Trying to solve brute-force congestion at gate [13, 12] with {0: 0, 1: 14, 2: 13, 3: 12, 4: 24, 5: 18, 6: 1, 7: 6}
Trying to moving ion 13... to 12
Ion assignment after moving ion 13: {0: 0, 1: 14, 2: 12, 3: 13, 4: 24, 5: 18, 6: 1, 7: 6}
Clearing endpoint 14.........
Gate position gate updated to [12 13]--------------c
Trying to moving ion 13... to 13
Ion assignment after moving ion 13: {0: 0, 1: 21, 2: 12, 3: 13, 4: 24, 5: 18, 6: 1, 7: 6}
Trying to solve brute-force congestion at gate [0, 6] with {0: 0, 1: 21, 2: 12, 3: 13, 4: 24, 5: 18, 6: 1, 7: 6}
Trying to moving ion 0... to 0
Ion assignment after moving ion 0: {0: 0, 1: 21, 2: 12, 3: 13, 4: 24, 5: 18, 6: 1, 7: 6}
Gate position gate updated to [0 6]--------------c
Trying to moving ion 6... to 1
Ion assignment after moving ion 6: {0: 0, 1: 21, 2: 12, 3: 13, 4: 17, 5: 19, 6: 2, 7: 1}
Trying to solve brute-force congestion at gate [0, 1] with {0: 0, 1: 21, 2: 12, 3: 13, 4: 17, 5: 19, 6: 2, 7: 1}
Trying to moving ion 0... to 0
Ion assignment after moving ion 0: {0: 0, 1: 21, 2: 12, 3: 13, 4: 17, 5: 19, 6: 2, 7: 1}
Clearing endpoint 2.........
Gate position gate updated to [0 1]--------------c
Trying to moving ion 1... to 1
Ion assignment after moving ion 1: {0: 0, 1: 21, 2: 12, 3: 13, 4: 17, 5: 19, 6: 18, 7: 1}
Trying to solve brute-force congestion at gate [21, 17] with {0: 0, 1: 21, 2: 12, 3: 13, 4: 17, 5: 19, 6: 18, 7: 1}
Trying to moving ion 17... to 15
Ion assignment after moving ion 17: {0: 0, 1: 21, 2: 12, 3: 13, 4: 15, 5: 19, 6: 18, 7: 1}
Gate position gate updated to [15 21]--------------c
Trying to moving ion 21... to 16
Ion assignment after moving ion 21: {0: 0, 1: 16, 2: 12, 3: 13, 4: 15, 5: 18, 6: 2, 7: 1}
Trying to solve brute-force congestion at gate [16, 18] with {0: 0, 1: 16, 2: 12, 3: 13, 4: 15, 5: 18, 6: 2, 7: 1}
Trying to moving ion 16... to 15
Ion assignment after moving ion 16: {0: 0, 1: 15, 2: 12, 3: 13, 4: 16, 5: 18, 6: 2, 7: 1}
Gate position gate updated to [15 18]--------------c
Trying to moving ion 18... to 16
Ion assignment after moving ion 18: {0: 0, 1: 15, 2: 12, 3: 13, 4: 17, 5: 16, 6: 2, 7: 1}
Trying to solve brute-force congestion at gate [15, 16] with {0: 0, 1: 15, 2: 12, 3: 13, 4: 17, 5: 16, 6: 2, 7: 1}
Trying to moving ion 15... to 15
Ion assignment after moving ion 15: {0: 0, 1: 15, 2: 12, 3: 13, 4: 17, 5: 16, 6: 2, 7: 1}
Clearing endpoint 17.........
Gate position gate updated to [15 16]--------------c
Trying to moving ion 16... to 16
Ion assignment after moving ion 16: {0: 0, 1: 15, 2: 12, 3: 13, 4: 19, 5: 16, 6: 2, 7: 1}
Trying to solve brute-force congestion at gate [12, 19] with {0: 0, 1: 15, 2: 12, 3: 13, 4: 19, 5: 16, 6: 2, 7: 1}
Trying to moving ion 12... to 12
Ion assignment after moving ion 12: {0: 0, 1: 15, 2: 12, 3: 13, 4: 19, 5: 16, 6: 2, 7: 1}
Gate position gate updated to [12 19]--------------c
Trying to moving ion 19... to 13
Ion assignment after moving ion 19: {0: 0, 1: 15, 2: 12, 3: 14, 4: 13, 5: 16, 6: 2, 7: 1}
Trying to solve brute-force congestion at gate [12, 13] with {0: 0, 1: 15, 2: 12, 3: 14, 4: 13, 5: 16, 6: 2, 7: 1}
Trying to moving ion 12... to 12
Ion assignment after moving ion 12: {0: 0, 1: 15, 2: 12, 3: 14, 4: 13, 5: 16, 6: 2, 7: 1}
Clearing endpoint 14.........
Gate position gate updated to [12 13]--------------c
Trying to moving ion 13... to 13
Ion assignment after moving ion 13: {0: 0, 1: 15, 2: 12, 3: 21, 4: 13, 5: 16, 6: 2, 7: 1}
Trying to solve brute-force congestion at gate [12, 16] with {0: 0, 1: 15, 2: 12, 3: 21, 4: 13, 5: 16, 6: 2, 7: 1}
Trying to moving ion 12... to 12
Ion assignment after moving ion 12: {0: 0, 1: 15, 2: 12, 3: 21, 4: 13, 5: 16, 6: 2, 7: 1}
Gate position gate updated to [12 16]--------------c
Trying to moving ion 16... to 13
Ion assignment after moving ion 16: {0: 0, 1: 15, 2: 12, 3: 25, 4: 14, 5: 13, 6: 2, 7: 1}
Trying to solve brute-force congestion at gate [25, 14] with {0: 0, 1: 15, 2: 12, 3: 25, 4: 14, 5: 13, 6: 2, 7: 1}
Trying to moving ion 14... to 12
Ion assignment after moving ion 14: {0: 0, 1: 15, 2: 13, 3: 25, 4: 12, 5: 14, 6: 2, 7: 1}
Clearing endpoint 14.........
Gate position gate updated to [12 25]--------------c
Trying to moving ion 25... to 13
Ion assignment after moving ion 25: {0: 0, 1: 15, 2: 14, 3: 13, 4: 12, 5: 20, 6: 2, 7: 1}
Trying to solve brute-force congestion at gate [13, 12] with {0: 0, 1: 15, 2: 14, 3: 13, 4: 12, 5: 20, 6: 2, 7: 1}
Trying to moving ion 13... to 12
Ion assignment after moving ion 13: {0: 0, 1: 15, 2: 14, 3: 12, 4: 13, 5: 20, 6: 2, 7: 1}
Clearing endpoint 14.........
Gate position gate updated to [12 13]--------------c
Trying to moving ion 13... to 13
Ion assignment after moving ion 13: {0: 0, 1: 15, 2: 21, 3: 12, 4: 13, 5: 20, 6: 2, 7: 1}
Trying to solve brute-force congestion at gate [15, 2] with {0: 0, 1: 15, 2: 21, 3: 12, 4: 13, 5: 20, 6: 2, 7: 1}
Trying to moving ion 15... to 15
Ion assignment after moving ion 15: {0: 0, 1: 15, 2: 21, 3: 12, 4: 13, 5: 20, 6: 2, 7: 1}
Gate position gate updated to [15  2]--------------c
Trying to moving ion 2... to 16
Ion assignment after moving ion 2: {0: 0, 1: 15, 2: 21, 3: 12, 4: 13, 5: 20, 6: 16, 7: 1}
Trying to solve brute-force congestion at gate [15, 16] with {0: 0, 1: 15, 2: 21, 3: 12, 4: 13, 5: 20, 6: 16, 7: 1}
Trying to moving ion 15... to 15
Ion assignment after moving ion 15: {0: 0, 1: 15, 2: 21, 3: 12, 4: 13, 5: 20, 6: 16, 7: 1}
Gate position gate updated to [15 16]--------------c
Trying to moving ion 16... to 16
Ion assignment after moving ion 16: {0: 0, 1: 15, 2: 21, 3: 12, 4: 13, 5: 20, 6: 16, 7: 1}
Trying to solve brute-force congestion at gate [15, 1] with {0: 0, 1: 15, 2: 21, 3: 12, 4: 13, 5: 20, 6: 16, 7: 1}
Trying to moving ion 15... to 15
Ion assignment after moving ion 15: {0: 0, 1: 15, 2: 21, 3: 12, 4: 13, 5: 20, 6: 16, 7: 1}
Gate position gate updated to [15  1]--------------c
Trying to moving ion 1... to 16
Ion assignment after moving ion 1: {0: 0, 1: 15, 2: 21, 3: 12, 4: 13, 5: 20, 6: 17, 7: 16}
Trying to solve brute-force congestion at gate [15, 16] with {0: 0, 1: 15, 2: 21, 3: 12, 4: 13, 5: 20, 6: 17, 7: 16}
Trying to moving ion 15... to 15
Ion assignment after moving ion 15: {0: 0, 1: 15, 2: 21, 3: 12, 4: 13, 5: 20, 6: 17, 7: 16}
Clearing endpoint 17.........
Gate position gate updated to [15 16]--------------c
Trying to moving ion 16... to 16
Ion assignment after moving ion 16: {0: 0, 1: 15, 2: 21, 3: 12, 4: 13, 5: 20, 6: 19, 7: 16}
Trying to solve brute-force congestion at gate [21, 20] with {0: 0, 1: 15, 2: 21, 3: 12, 4: 13, 5: 20, 6: 19, 7: 16}
Trying to moving ion 20... to 3
Ion assignment after moving ion 20: {0: 0, 1: 15, 2: 21, 3: 12, 4: 13, 5: 3, 6: 19, 7: 16}
Gate position gate updated to [ 3 21]--------------c
Trying to moving ion 21... to 4
Ion assignment after moving ion 21: {0: 0, 1: 15, 2: 4, 3: 12, 4: 13, 5: 3, 6: 19, 7: 16}
Trying to solve brute-force congestion at gate [4, 19] with {0: 0, 1: 15, 2: 4, 3: 12, 4: 13, 5: 3, 6: 19, 7: 16}
Trying to moving ion 4... to 3
Ion assignment after moving ion 4: {0: 0, 1: 15, 2: 3, 3: 12, 4: 13, 5: 4, 6: 19, 7: 16}
Gate position gate updated to [ 3 19]--------------c
Trying to moving ion 19... to 4
Ion assignment after moving ion 19: {0: 0, 1: 15, 2: 3, 3: 12, 4: 13, 5: 5, 6: 4, 7: 16}
Trying to solve brute-force congestion at gate [12, 5] with {0: 0, 1: 15, 2: 3, 3: 12, 4: 13, 5: 5, 6: 4, 7: 16}
Trying to moving ion 12... to 12
Ion assignment after moving ion 12: {0: 0, 1: 15, 2: 3, 3: 12, 4: 13, 5: 5, 6: 4, 7: 16}
Gate position gate updated to [12  5]--------------c
Trying to moving ion 5... to 13
Ion assignment after moving ion 5: {0: 0, 1: 15, 2: 3, 3: 12, 4: 14, 5: 13, 6: 4, 7: 16}
Trying to solve brute-force congestion at gate [3, 16] with {0: 0, 1: 15, 2: 3, 3: 12, 4: 14, 5: 13, 6: 4, 7: 16}
Trying to moving ion 3... to 3
Ion assignment after moving ion 3: {0: 0, 1: 15, 2: 3, 3: 12, 4: 14, 5: 13, 6: 4, 7: 16}
Gate position gate updated to [ 3 16]--------------c
Trying to moving ion 16... to 4
Ion assignment after moving ion 16: {0: 0, 1: 15, 2: 3, 3: 12, 4: 14, 5: 13, 6: 5, 7: 4}
Trying to solve brute-force congestion at gate [3, 4] with {0: 0, 1: 15, 2: 3, 3: 12, 4: 14, 5: 13, 6: 5, 7: 4}
Trying to moving ion 3... to 3
Ion assignment after moving ion 3: {0: 0, 1: 15, 2: 3, 3: 12, 4: 14, 5: 13, 6: 5, 7: 4}
Clearing endpoint 5.........
Gate position gate updated to [3 4]--------------c
Trying to moving ion 4... to 4
Ion assignment after moving ion 4: {0: 0, 1: 15, 2: 3, 3: 12, 4: 14, 5: 13, 6: 20, 7: 4}
Trying to solve brute-force congestion at gate [14, 13] with {0: 0, 1: 15, 2: 3, 3: 12, 4: 14, 5: 13, 6: 20, 7: 4}
Trying to moving ion 14... to 12
Ion assignment after moving ion 14: {0: 0, 1: 15, 2: 3, 3: 13, 4: 12, 5: 14, 6: 20, 7: 4}
Gate position gate updated to [12 14]--------------c
Trying to moving ion 14... to 13
Ion assignment after moving ion 14: {0: 0, 1: 15, 2: 3, 3: 14, 4: 12, 5: 13, 6: 20, 7: 4}
Trying to solve brute-force congestion at gate [14, 20] with {0: 0, 1: 15, 2: 3, 3: 14, 4: 12, 5: 13, 6: 20, 7: 4}
Trying to moving ion 14... to 12
Ion assignment after moving ion 14: {0: 0, 1: 15, 2: 3, 3: 12, 4: 13, 5: 14, 6: 20, 7: 4}
Clearing endpoint 14.........
Gate position gate updated to [12 20]--------------c
Trying to moving ion 20... to 13
Ion assignment after moving ion 20: {0: 0, 1: 15, 2: 3, 3: 12, 4: 14, 5: 24, 6: 13, 7: 4}
Trying to solve brute-force congestion at gate [12, 13] with {0: 0, 1: 15, 2: 3, 3: 12, 4: 14, 5: 24, 6: 13, 7: 4}
Trying to moving ion 12... to 12
Ion assignment after moving ion 12: {0: 0, 1: 15, 2: 3, 3: 12, 4: 14, 5: 24, 6: 13, 7: 4}
Clearing endpoint 14.........
Gate position gate updated to [12 13]--------------c
Trying to moving ion 13... to 13
Ion assignment after moving ion 13: {0: 0, 1: 15, 2: 3, 3: 12, 4: 21, 5: 24, 6: 13, 7: 4}
Trying to solve brute-force congestion at gate [21, 13] with {0: 0, 1: 15, 2: 3, 3: 12, 4: 21, 5: 24, 6: 13, 7: 4}
Trying to moving ion 13... to 12
Ion assignment after moving ion 13: {0: 0, 1: 15, 2: 3, 3: 13, 4: 21, 5: 24, 6: 12, 7: 4}
Gate position gate updated to [12 21]--------------c
Trying to moving ion 21... to 13
Ion assignment after moving ion 21: {0: 0, 1: 15, 2: 3, 3: 14, 4: 13, 5: 24, 6: 12, 7: 4}
Trying to solve brute-force congestion at gate [13, 12] with {0: 0, 1: 15, 2: 3, 3: 14, 4: 13, 5: 24, 6: 12, 7: 4}
Trying to moving ion 13... to 12
Ion assignment after moving ion 13: {0: 0, 1: 15, 2: 3, 3: 14, 4: 12, 5: 24, 6: 13, 7: 4}
Clearing endpoint 14.........
Gate position gate updated to [12 13]--------------c
Trying to moving ion 13... to 13
Ion assignment after moving ion 13: {0: 0, 1: 15, 2: 3, 3: 21, 4: 12, 5: 24, 6: 13, 7: 4}
Trying to solve brute-force congestion at gate [24, 13] with {0: 0, 1: 15, 2: 3, 3: 21, 4: 12, 5: 24, 6: 13, 7: 4}
Trying to moving ion 13... to 12
Ion assignment after moving ion 13: {0: 0, 1: 15, 2: 3, 3: 21, 4: 13, 5: 24, 6: 12, 7: 4}
Gate position gate updated to [12 24]--------------c
Trying to moving ion 24... to 13
Ion assignment after moving ion 24: {0: 0, 1: 15, 2: 3, 3: 25, 4: 14, 5: 13, 6: 12, 7: 4}
Trying to solve brute-force congestion at gate [13, 12] with {0: 0, 1: 15, 2: 3, 3: 25, 4: 14, 5: 13, 6: 12, 7: 4}
Trying to moving ion 13... to 12
Ion assignment after moving ion 13: {0: 0, 1: 15, 2: 3, 3: 25, 4: 14, 5: 12, 6: 13, 7: 4}
Clearing endpoint 14.........
Gate position gate updated to [12 13]--------------c
Trying to moving ion 13... to 13
Ion assignment after moving ion 13: {0: 0, 1: 15, 2: 3, 3: 25, 4: 21, 5: 12, 6: 13, 7: 4}
Trying to solve brute-force congestion at gate [25, 4] with {0: 0, 1: 15, 2: 3, 3: 25, 4: 21, 5: 12, 6: 13, 7: 4}
Trying to moving ion 4... to 3
Ion assignment after moving ion 4: {0: 0, 1: 15, 2: 4, 3: 25, 4: 21, 5: 12, 6: 13, 7: 3}
Gate position gate updated to [ 3 25]--------------c
Trying to moving ion 25... to 4
Ion assignment after moving ion 25: {0: 0, 1: 15, 2: 5, 3: 4, 4: 21, 5: 12, 6: 13, 7: 3}
Trying to solve brute-force congestion at gate [4, 3] with {0: 0, 1: 15, 2: 5, 3: 4, 4: 21, 5: 12, 6: 13, 7: 3}
Trying to moving ion 4... to 3
Ion assignment after moving ion 4: {0: 0, 1: 15, 2: 5, 3: 3, 4: 21, 5: 12, 6: 13, 7: 4}
Clearing endpoint 5.........
Gate position gate updated to [3 4]--------------c
Trying to moving ion 4... to 4
Ion assignment after moving ion 4: {0: 0, 1: 15, 2: 20, 3: 3, 4: 21, 5: 12, 6: 13, 7: 4}
Trying to solve brute-force congestion at gate [21, 4] with {0: 0, 1: 15, 2: 20, 3: 3, 4: 21, 5: 12, 6: 13, 7: 4}
Trying to moving ion 4... to 3
Ion assignment after moving ion 4: {0: 0, 1: 15, 2: 20, 3: 4, 4: 21, 5: 12, 6: 13, 7: 3}
Gate position gate updated to [ 3 21]--------------c
Trying to moving ion 21... to 4
Ion assignment after moving ion 21: {0: 0, 1: 15, 2: 24, 3: 5, 4: 4, 5: 12, 6: 13, 7: 3}
Trying to solve brute-force congestion at gate [4, 3] with {0: 0, 1: 15, 2: 24, 3: 5, 4: 4, 5: 12, 6: 13, 7: 3}
Trying to moving ion 4... to 3
Ion assignment after moving ion 4: {0: 0, 1: 15, 2: 24, 3: 5, 4: 3, 5: 12, 6: 13, 7: 4}
Clearing endpoint 5.........
Gate position gate updated to [3 4]--------------c
Trying to moving ion 4... to 4
Ion assignment after moving ion 4: {0: 0, 1: 15, 2: 24, 3: 20, 4: 3, 5: 12, 6: 13, 7: 4}
Trying to solve brute-force congestion at gate [12, 4] with {0: 0, 1: 15, 2: 24, 3: 20, 4: 3, 5: 12, 6: 13, 7: 4}
Trying to moving ion 12... to 12
Ion assignment after moving ion 12: {0: 0, 1: 15, 2: 24, 3: 20, 4: 3, 5: 12, 6: 13, 7: 4}
Gate position gate updated to [12  4]--------------c
Trying to moving ion 4... to 13
Ion assignment after moving ion 4: {0: 0, 1: 15, 2: 24, 3: 25, 4: 3, 5: 12, 6: 14, 7: 13}
Trying to solve brute-force congestion at gate [12, 13] with {0: 0, 1: 15, 2: 24, 3: 25, 4: 3, 5: 12, 6: 14, 7: 13}
Trying to moving ion 12... to 12
Ion assignment after moving ion 12: {0: 0, 1: 15, 2: 24, 3: 25, 4: 3, 5: 12, 6: 14, 7: 13}
Clearing endpoint 14.........
Gate position gate updated to [12 13]--------------c
Trying to moving ion 13... to 13
Ion assignment after moving ion 13: {0: 0, 1: 15, 2: 24, 3: 25, 4: 3, 5: 12, 6: 21, 7: 13}
Trying to solve brute-force congestion at gate [21, 13] with {0: 0, 1: 15, 2: 24, 3: 25, 4: 3, 5: 12, 6: 21, 7: 13}
Trying to moving ion 13... to 12
Ion assignment after moving ion 13: {0: 0, 1: 15, 2: 24, 3: 25, 4: 3, 5: 13, 6: 21, 7: 12}
Gate position gate updated to [12 21]--------------c
Trying to moving ion 21... to 13
Ion assignment after moving ion 21: {0: 0, 1: 15, 2: 24, 3: 25, 4: 3, 5: 14, 6: 13, 7: 12}
Trying to solve brute-force congestion at gate [13, 12] with {0: 0, 1: 15, 2: 24, 3: 25, 4: 3, 5: 14, 6: 13, 7: 12}
Trying to moving ion 13... to 12
Ion assignment after moving ion 13: {0: 0, 1: 15, 2: 24, 3: 25, 4: 3, 5: 14, 6: 12, 7: 13}
Clearing endpoint 14.........
Gate position gate updated to [12 13]--------------c
Trying to moving ion 13... to 13
Ion assignment after moving ion 13: {0: 0, 1: 15, 2: 24, 3: 25, 4: 3, 5: 21, 6: 12, 7: 13}
Executing gate at point (0, 6).
Executing gate at point (1, 6).
Best move: (14, 21)
Executing gate at point (2, 5).
Executing gate at point (3, 5).
Executing gate at point (4, 5).
Executing gate at point (5, 5).
Best move: (13, 14)
Best move: (14, 21)
Best move: (20, 21)
Best move: (5, 20)
Executing gate at point (4, 4).
Executing gate at point (5, 4).
Best move: (20, 25)
Best move: (4, 5)
Best move: (12, 13)
Best move: (13, 14)
Best move: (14, 21)
Best move: (21, 25)
Best move: (3, 4)
Best move: (3, 4)
Try bruteforce due to multiple steps (8) to solve one gate
Trying to solve brute-force congestion at gate [20, 4] with {0: 0, 1: 15, 2: 24, 3: 20, 4: 3, 5: 12, 6: 25, 7: 4}
Trying to moving ion 4... to 3
Ion assignment after moving ion 4: {0: 0, 1: 15, 2: 24, 3: 20, 4: 4, 5: 12, 6: 25, 7: 3}
Gate position gate updated to [ 3 20]--------------c
Trying to moving ion 20... to 4
Ion assignment after moving ion 20: {0: 0, 1: 15, 2: 24, 3: 4, 4: 5, 5: 12, 6: 25, 7: 3}
Executing gate at point (6, 3).
Executing gate at point (7, 3).
Best move: (3, 4)
Best move: (4, 5)
Best move: (5, 20)
Best move: (21, 24)
Best move: (20, 24)
Best move: (14, 21)
Best move: (21, 24)
Best move: (13, 14)
Try bruteforce due to multiple steps (8) to solve one gate
Trying to solve brute-force congestion at gate [13, 21] with {0: 0, 1: 15, 2: 13, 3: 3, 4: 4, 5: 12, 6: 25, 7: 21}
Trying to moving ion 13... to 12
Ion assignment after moving ion 13: {0: 0, 1: 15, 2: 12, 3: 3, 4: 4, 5: 13, 6: 25, 7: 21}
Gate position gate updated to [12 21]--------------c
Trying to moving ion 21... to 13
Ion assignment after moving ion 21: {0: 0, 1: 15, 2: 12, 3: 3, 4: 4, 5: 14, 6: 25, 7: 13}
Executing gate at point (8, 2).
Executing gate at point (9, 2).
Best move: (20, 25)
Best move: (13, 14)
Best move: (14, 21)
Best move: (21, 24)
Best move: (19, 24)
Best move: (5, 20)
Executing gate at point (6, 4).
Executing gate at point (7, 4).
Executing gate at point (8, 3).
Executing gate at point (9, 3).
Best move: (17, 19)
Executing gate at point (10, 1).
Executing gate at point (11, 1).
Best move: (17, 19)
Best move: (18, 19)
Best move: (2, 18)
Executing gate at point (12, 0).
Executing gate at point (13, 0).
Best move: (5, 20)
Best move: (20, 21)
Best move: (14, 21)
Executing gate at point (10, 2).
Executing gate at point (11, 2).
Best move: (14, 21)
Best move: (21, 24)
Best move: (19, 24)
Best move: (17, 19)
Executing gate at point (12, 1).
Executing gate at point (13, 1).
Best move: (17, 19)
Best move: (13, 14)
Best move: (14, 21)
Best move: (20, 21)
Best move: (5, 20)
Executing gate at point (8, 4).
Executing gate at point (9, 4).
Executing gate at point (10, 3).
Executing gate at point (11, 3).
Executing gate at point (12, 3).
Executing gate at point (13, 3).
Best move: (5, 20)
Best move: (20, 21)
Best move: (14, 21)
Executing gate at point (12, 2).
Executing gate at point (13, 2).
Best move: (18, 19)
Best move: (14, 21)
Best move: (21, 24)
Best move: (19, 24)
Best move: (17, 19)
Executing gate at point (14, 1).
Executing gate at point (15, 1).
Best move: (4, 5)
Best move: (5, 20)
Best move: (20, 21)
Best move: (14, 21)
Executing gate at point (14, 2).
Executing gate at point (15, 2).
Best move: (14, 21)
Best move: (21, 24)
Best move: (19, 24)
Best move: (15, 16)
Best move: (15, 16)
Best move: (15, 16)
Try bruteforce due to repeated pattern...
Trying to solve brute-force congestion at gate [16, 19] with {0: 0, 1: 16, 2: 12, 3: 3, 4: 19, 5: 17, 6: 18, 7: 2}
Trying to moving ion 16... to 15
Ion assignment after moving ion 16: {0: 0, 1: 15, 2: 12, 3: 3, 4: 19, 5: 17, 6: 18, 7: 2}
Clearing endpoint 17.........
Gate position gate updated to [15 19]--------------c
Trying to moving ion 19... to 16
Ion assignment after moving ion 19: {0: 0, 1: 15, 2: 12, 3: 3, 4: 16, 5: 17, 6: 18, 7: 2}
Executing gate at point (16, 1).
Executing gate at point (17, 1).
Best move: (3, 4)
Best move: (4, 5)
Best move: (5, 20)
Best move: (20, 21)
Best move: (14, 21)
Executing gate at point (16, 2).Input filename:  QFT_wsq_8_compiled
Algorithm:  SHAW
Trap type:  G2x3
Trap capacity:  3
Num layout passes:  2
Gate type:  FM
Run index:  6
Creating a QCCD machine ...
QCCD physical machine:
### Traps ### 
Trap(id='trap_0', max_num_ions=3, initial_num_ions=0, executable=True, measureable=True)
Trap(id='trap_1', max_num_ions=3, initial_num_ions=0, executable=True, measureable=True)
Trap(id='trap_2', max_num_ions=3, initial_num_ions=0, executable=True, measureable=True)
Trap(id='trap_3', max_num_ions=3, initial_num_ions=0, executable=True, measureable=True)
Trap(id='trap_4', max_num_ions=3, initial_num_ions=0, executable=True, measureable=True)
Trap(id='trap_5', max_num_ions=3, initial_num_ions=0, executable=True, measureable=True)
### Junctions ### 
Junction(id='junction_0')
Junction(id='junction_1')
Junction(id='junction_2')
### Segments ### 
Segment(id='segment_0', left=Trap(id='trap_0', max_num_ions=3, initial_num_ions=0, executable=True, measureable=True), right=Junction(id='junction_0'))
Segment(id='segment_1', left=Trap(id='trap_5', max_num_ions=3, initial_num_ions=0, executable=True, measureable=True), right=Junction(id='junction_0'))
Segment(id='segment_2', left=Trap(id='trap_1', max_num_ions=3, initial_num_ions=0, executable=True, measureable=True), right=Junction(id='junction_1'))
Segment(id='segment_3', left=Trap(id='trap_4', max_num_ions=3, initial_num_ions=0, executable=True, measureable=True), right=Junction(id='junction_1'))
Segment(id='segment_4', left=Trap(id='trap_2', max_num_ions=3, initial_num_ions=0, executable=True, measureable=True), right=Junction(id='junction_2'))
Segment(id='segment_5', left=Trap(id='trap_3', max_num_ions=3, initial_num_ions=0, executable=True, measureable=True), right=Junction(id='junction_2'))
Segment(id='segment_6', left=Junction(id='junction_0'), right=Junction(id='junction_1'))
Segment(id='segment_7', left=Junction(id='junction_1'), right=Junction(id='junction_2'))
Finished creating the QCCD physical machine.
Position graph:  CouplingGraph({(3, 4), (12, 13), (22, 23), (21, 25), (23, 25), (11, 23), (13, 14), (19, 24), (18, 19), (4, 5), (20, 25), (21, 24), (22, 25), (14, 21), (0, 1), (9, 10), (1, 2), (10, 11), (6, 7), (15, 16), (24, 25), (18, 24), (20, 21), (20, 24), (17, 19), (5, 20), (8, 22), (2, 18), (7, 8), (16, 17)})
Initial ion assignment:  {0: 13, 1: 11, 2: 4, 3: 10, 4: 6, 5: 8, 6: 1, 7: 3}
Congestion rate:  1.0
Scheduling QCCD: 11800.000000000004 us, costing 55.975924300029874 s to compile
0.011800000000000003
55.975924300029874
{0: 0, 1: 15, 2: 24, 3: 25, 4: 3, 5: 21, 6: 12, 7: 13}
[0, 1, 2, 3, 4, 5, 6, 7]
