Best move: (4, 5)
Best move: (5, 20)
Best move: (20, 21)
Best move: (14, 21)
Executing gate at point (0, 6).
Best move: (17, 19)
Best move: (19, 24)
Best move: (21, 24)
Best move: (13, 14)
Best move: (14, 21)
Executing gate at point (1, 5).
Executing gate at point (2, 5).
Best move: (13, 14)
Best move: (14, 21)
Best move: (21, 24)
Best move: (18, 24)
Best move: (1, 2)
Best move: (2, 18)
Executing gate at point (2, 4).
Best move: (6, 7)
Best move: (2, 18)
Best move: (18, 24)
Best move: (24, 25)
Best move: (7, 8)
Best move: (8, 22)
Best move: (1, 2)
Best move: (2, 18)
Try bruteforce due to multiple steps (8) to solve one gate
Trying to solve brute-force congestion at gate [22, 25] with {0: 6, 1: 7, 2: 0, 3: 22, 4: 18, 5: 13, 6: 12, 7: 25}
Trying to moving ion 22... to 9
Ion assignment after moving ion 22: {0: 6, 1: 7, 2: 0, 3: 9, 4: 18, 5: 13, 6: 12, 7: 25}
Gate position gate updated to [ 9 25]--------------c
Trying to moving ion 25... to 10
Ion assignment after moving ion 25: {0: 6, 1: 7, 2: 0, 3: 9, 4: 18, 5: 13, 6: 12, 7: 10}
Executing gate at point (3, 3).
Best move: (18, 24)
Best move: (21, 24)
Best move: (14, 21)
Executing gate at point (3, 4).
Executing gate at point (4, 4).
Best move: (12, 13)
Best move: (13, 14)
Best move: (14, 21)
Best move: (21, 25)
Best move: (23, 25)
Best move: (11, 23)
Executing gate at point (4, 3).
Best move: (10, 11)
Best move: (11, 23)
Best move: (23, 25)
Best move: (24, 25)
Best move: (18, 24)
Best move: (2, 18)
Executing gate at point (4, 2).
Best move: (2, 18)
Best move: (9, 10)
Best move: (10, 11)
Best move: (11, 23)
Best move: (23, 25)
Best move: (21, 25)
Best move: (14, 21)
Executing gate at point (5, 3).
Executing gate at point (6, 3).
Best move: (18, 24)
Best move: (24, 25)
Best move: (22, 25)
Best move: (8, 22)
Executing gate at point (5, 1).
Executing gate at point (6, 0).
Best move: (9, 10)
Best move: (10, 11)
Best move: (11, 23)
Best move: (23, 25)
Best move: (24, 25)
Best move: (18, 24)
Best move: (2, 18)
Executing gate at point (5, 2).
Best move: (1, 2)
Best move: (12, 13)
Best move: (7, 8)
Best move: (8, 22)
Best move: (22, 25)
Best move: (24, 25)
Best move: (18, 24)
Best move: (13, 14)
Try bruteforce due to multiple steps (8) to solve one gate
Trying to solve brute-force congestion at gate [18, 1] with {0: 6, 1: 18, 2: 0, 3: 13, 4: 12, 5: 14, 6: 1, 7: 7}
Trying to moving ion 1... to 0
Ion assignment after moving ion 1: {0: 6, 1: 18, 2: 1, 3: 13, 4: 12, 5: 14, 6: 0, 7: 7}
Gate position gate updated to [ 0 18]--------------c
Trying to moving ion 18... to 1
Ion assignment after moving ion 18: {0: 6, 1: 1, 2: 2, 3: 13, 4: 12, 5: 14, 6: 0, 7: 7}
Executing gate at point (6, 1).
Best move: (14, 21)
Best move: (2, 18)
Best move: (18, 24)
Best move: (6, 7)
Best move: (20, 24)
Best move: (7, 8)
Best move: (8, 22)
Best move: (22, 25)
Try bruteforce due to multiple steps (8) to solve one gate
Trying to solve brute-force congestion at gate [20, 21] with {0: 25, 1: 1, 2: 20, 3: 13, 4: 12, 5: 21, 6: 0, 7: 6}
Trying to moving ion 20... to 3
Ion assignment after moving ion 20: {0: 25, 1: 1, 2: 3, 3: 13, 4: 12, 5: 21, 6: 0, 7: 6}
Gate position gate updated to [ 3 21]--------------c
Trying to moving ion 21... to 4
Ion assignment after moving ion 21: {0: 25, 1: 1, 2: 3, 3: 13, 4: 12, 5: 4, 6: 0, 7: 6}
Executing gate at point (6, 2).
Best move: (12, 13)
Best move: (24, 25)
Best move: (18, 24)
Best move: (2, 18)
Executing gate at point (7, 0).
Best move: (1, 2)
Best move: (2, 18)
Best move: (18, 24)
Best move: (20, 24)
Best move: (13, 14)
Best move: (14, 21)
Best move: (21, 24)
Best move: (3, 4)
Try bruteforce due to multiple steps (8) to solve one gate
Trying to solve brute-force congestion at gate [20, 3] with {0: 1, 1: 20, 2: 4, 3: 12, 4: 24, 5: 3, 6: 0, 7: 6}
Trying to moving ion 3... to 3
Ion assignment after moving ion 3: {0: 1, 1: 20, 2: 4, 3: 12, 4: 24, 5: 3, 6: 0, 7: 6}
Gate position gate updated to [ 3 20]--------------c
Trying to moving ion 20... to 4
Ion assignment after moving ion 20: {0: 1, 1: 4, 2: 5, 3: 12, 4: 24, 5: 3, 6: 0, 7: 6}
Executing gate at point (7, 1).
Best move: (5, 20)
Best move: (20, 21)
Best move: (1, 2)
Best move: (2, 18)
Best move: (24, 25)
Best move: (18, 24)
Best move: (20, 24)
Best move: (3, 4)
Try bruteforce due to multiple steps (8) to solve one gate
Trying to solve brute-force congestion at gate [21, 25] with {0: 20, 1: 3, 2: 21, 3: 12, 4: 25, 5: 4, 6: 0, 7: 6}
Trying to moving ion 21... to 12
Ion assignment after moving ion 21: {0: 20, 1: 3, 2: 12, 3: 13, 4: 25, 5: 4, 6: 0, 7: 6}
Gate position gate updated to [12 25]--------------c
Trying to moving ion 25... to 13
Ion assignment after moving ion 25: {0: 20, 1: 3, 2: 12, 3: 14, 4: 13, 5: 4, 6: 0, 7: 6}
Executing gate at point (7, 2).
Executing gate at point (8, 2).
Best move: (13, 14)
Best move: (5, 20)
Executing gate at point (8, 0).
Best move: (14, 21)
Best move: (3, 4)
Best move: (4, 5)
Best move: (5, 20)
Best move: (20, 24)
Best move: (20, 21)
Best move: (24, 25)
Best move: (21, 25)
Try bruteforce due to multiple steps (8) to solve one gate
Trying to solve brute-force congestion at gate [21, 20] with {0: 4, 1: 21, 2: 12, 3: 13, 4: 20, 5: 3, 6: 0, 7: 6}
Trying to moving ion 20... to 3
Ion assignment after moving ion 20: {0: 5, 1: 21, 2: 12, 3: 13, 4: 3, 5: 4, 6: 0, 7: 6}
Clearing endpoint 5.........
Gate position gate updated to [ 3 21]--------------c
Trying to moving ion 21... to 4
Ion assignment after moving ion 21: {0: 24, 1: 4, 2: 12, 3: 13, 4: 3, 5: 5, 6: 0, 7: 6}
Executing gate at point (8, 1).
Best move: (4, 5)
Best move: (3, 4)
Best move: (4, 5)
Best move: (5, 20)
Best move: (20, 25)
Best move: (21, 24)
Best move: (24, 25)
Best move: (24, 25)
Try bruteforce due to multiple steps (8) to solve one gate
Trying to solve brute-force congestion at gate [21, 25] with {0: 21, 1: 4, 2: 12, 3: 13, 4: 25, 5: 3, 6: 0, 7: 6}
Trying to moving ion 21... to 12
Ion assignment after moving ion 21: {0: 12, 1: 4, 2: 13, 3: 14, 4: 25, 5: 3, 6: 0, 7: 6}
Clearing endpoint 14.........
Gate position gate updated to [12 25]--------------c
Trying to moving ion 25... to 13
Ion assignment after moving ion 25: {0: 12, 1: 4, 2: 14, 3: 24, 4: 13, 5: 3, 6: 0, 7: 6}
Executing gate at point (9, 0).
Best move: (20, 24)
Best move: (5, 20)
Executing gate at point (9, 1).
Best move: (14, 21)
Best move: (5, 20)
Best move: (20, 24)
Best move: (20, 21)
Best move: (21, 24)
Best move: (5, 20)
Executing gate at point (10, 1).
Best move: (14, 21)
Executing gate at point (10, 0).
Executing gate at point (11, 3).
Best move: (5, 20)
Best move: (12, 13)
Best move: (13, 14)
Best move: (14, 21)
Best move: (21, 25)
Best move: (22, 25)
Best move: (20, 25)
Best move: (8, 22)
Try bruteforce due to multiple steps (8) to solve one gate
Trying to solve brute-force congestion at gate [8, 25] with {0: 8, 1: 4, 2: 25, 3: 13, 4: 12, 5: 3, 6: 0, 7: 6}
Trying to moving ion 8... to 6
Ion assignment after moving ion 8: {0: 6, 1: 4, 2: 25, 3: 13, 4: 12, 5: 3, 6: 0, 7: 7}
Gate position gate updated to [ 6 25]--------------c
Trying to moving ion 25... to 7
Ion assignment after moving ion 25: {0: 6, 1: 4, 2: 7, 3: 13, 4: 12, 5: 3, 6: 0, 7: 8}
Executing gate at point (11, 0).
Best move: (7, 8)
Best move: (6, 7)
Best move: (7, 8)
Best move: (8, 22)
Best move: (22, 25)
Best move: (20, 25)
Best move: (5, 20)
Executing gate at point (12, 0).
Best move: (5, 20)
Best move: (20, 25)
Best move: (22, 25)
Best move: (8, 22)
Executing gate at point (13, 0).
Best move: (7, 8)
Best move: (8, 22)
Best move: (22, 25)
Best move: (20, 25)
Best move: (5, 20)
Executing gate at point (12, 2).
Best move: (4, 5)
Best move: (5, 20)
Best move: (20, 24)
Best move: (18, 24)
Best move: (2, 18)
Executing gate at point (13, 1).
Trying to solve brute-force congestion at gate [25, 4] with {0: 25, 1: 7, 2: 4, 3: 13, 4: 12, 5: 3, 6: 0, 7: 6}
Trying to moving ion 4... to 3
Ion assignment after moving ion 4: {0: 25, 1: 7, 2: 3, 3: 13, 4: 12, 5: 4, 6: 0, 7: 6}
Gate position gate updated to [ 3 25]--------------c
Trying to moving ion 25... to 4
Ion assignment after moving ion 25: {0: 4, 1: 7, 2: 3, 3: 13, 4: 12, 5: 5, 6: 0, 7: 6}
Trying to solve brute-force congestion at gate [4, 13] with {0: 4, 1: 7, 2: 3, 3: 13, 4: 12, 5: 5, 6: 0, 7: 6}
Trying to moving ion 13... to 12
Ion assignment after moving ion 13: {0: 4, 1: 7, 2: 3, 3: 12, 4: 13, 5: 5, 6: 0, 7: 6}
Gate position gate updated to [12  4]--------------c
Trying to moving ion 4... to 13
Ion assignment after moving ion 4: {0: 13, 1: 7, 2: 3, 3: 12, 4: 14, 5: 4, 6: 0, 7: 6}
Trying to solve brute-force congestion at gate [13, 14] with {0: 13, 1: 7, 2: 3, 3: 12, 4: 14, 5: 4, 6: 0, 7: 6}
Trying to moving ion 13... to 12
Ion assignment after moving ion 13: {0: 12, 1: 7, 2: 3, 3: 13, 4: 14, 5: 4, 6: 0, 7: 6}
Gate position gate updated to [12 14]--------------c
Trying to moving ion 14... to 13
Ion assignment after moving ion 14: {0: 12, 1: 7, 2: 3, 3: 14, 4: 13, 5: 4, 6: 0, 7: 6}
Trying to solve brute-force congestion at gate [7, 3] with {0: 12, 1: 7, 2: 3, 3: 14, 4: 13, 5: 4, 6: 0, 7: 6}
Trying to moving ion 3... to 3
Ion assignment after moving ion 3: {0: 12, 1: 7, 2: 3, 3: 14, 4: 13, 5: 4, 6: 0, 7: 6}
Gate position gate updated to [3 7]--------------c
Trying to moving ion 7... to 4
Ion assignment after moving ion 7: {0: 12, 1: 4, 2: 3, 3: 14, 4: 13, 5: 5, 6: 0, 7: 6}
Trying to solve brute-force congestion at gate [4, 14] with {0: 12, 1: 4, 2: 3, 3: 14, 4: 13, 5: 5, 6: 0, 7: 6}
Trying to moving ion 4... to 3
Ion assignment after moving ion 4: {0: 12, 1: 3, 2: 4, 3: 14, 4: 13, 5: 5, 6: 0, 7: 6}
Clearing endpoint 5.........
Gate position gate updated to [ 3 14]--------------c
Trying to moving ion 14... to 4
Ion assignment after moving ion 14: {0: 12, 1: 3, 2: 5, 3: 4, 4: 13, 5: 24, 6: 0, 7: 6}
Trying to solve brute-force congestion at gate [5, 4] with {0: 12, 1: 3, 2: 5, 3: 4, 4: 13, 5: 24, 6: 0, 7: 6}
Trying to moving ion 5... to 3
Ion assignment after moving ion 5: {0: 12, 1: 4, 2: 3, 3: 5, 4: 13, 5: 24, 6: 0, 7: 6}
Gate position gate updated to [3 5]--------------c
Trying to moving ion 5... to 4
Ion assignment after moving ion 5: {0: 12, 1: 5, 2: 3, 3: 4, 4: 13, 5: 24, 6: 0, 7: 6}
Trying to solve brute-force congestion at gate [12, 24] with {0: 12, 1: 5, 2: 3, 3: 4, 4: 13, 5: 24, 6: 0, 7: 6}
Trying to moving ion 12... to 12
Ion assignment after moving ion 12: {0: 12, 1: 5, 2: 3, 3: 4, 4: 13, 5: 24, 6: 0, 7: 6}
Gate position gate updated to [12 24]--------------c
Trying to moving ion 24... to 13
Ion assignment after moving ion 24: {0: 12, 1: 5, 2: 3, 3: 4, 4: 14, 5: 13, 6: 0, 7: 6}
Trying to solve brute-force congestion at gate [12, 0] with {0: 12, 1: 5, 2: 3, 3: 4, 4: 14, 5: 13, 6: 0, 7: 6}
Trying to moving ion 0... to 0
Ion assignment after moving ion 0: {0: 12, 1: 5, 2: 3, 3: 4, 4: 14, 5: 13, 6: 0, 7: 6}
Gate position gate updated to [ 0 12]--------------c
Trying to moving ion 12... to 1
Ion assignment after moving ion 12: {0: 1, 1: 5, 2: 3, 3: 4, 4: 13, 5: 12, 6: 0, 7: 6}
Trying to solve brute-force congestion at gate [1, 6] with {0: 1, 1: 5, 2: 3, 3: 4, 4: 13, 5: 12, 6: 0, 7: 6}
Trying to moving ion 6... to 6
Ion assignment after moving ion 6: {0: 1, 1: 5, 2: 3, 3: 4, 4: 13, 5: 12, 6: 0, 7: 6}
Gate position gate updated to [6 1]--------------c
Trying to moving ion 1... to 7
Ion assignment after moving ion 1: {0: 7, 1: 5, 2: 3, 3: 4, 4: 13, 5: 12, 6: 0, 7: 6}
Trying to solve brute-force congestion at gate [5, 13] with {0: 7, 1: 5, 2: 3, 3: 4, 4: 13, 5: 12, 6: 0, 7: 6}
Trying to moving ion 13... to 12
Ion assignment after moving ion 13: {0: 7, 1: 5, 2: 3, 3: 4, 4: 12, 5: 13, 6: 0, 7: 6}
Gate position gate updated to [12  5]--------------c
Trying to moving ion 5... to 13
Ion assignment after moving ion 5: {0: 7, 1: 13, 2: 3, 3: 4, 4: 12, 5: 14, 6: 0, 7: 6}
Trying to solve brute-force congestion at gate [13, 14] with {0: 7, 1: 13, 2: 3, 3: 4, 4: 12, 5: 14, 6: 0, 7: 6}
Trying to moving ion 13... to 12
Ion assignment after moving ion 13: {0: 7, 1: 12, 2: 3, 3: 4, 4: 13, 5: 14, 6: 0, 7: 6}
Gate position gate updated to [12 14]--------------c
Trying to moving ion 14... to 13
Ion assignment after moving ion 14: {0: 7, 1: 12, 2: 3, 3: 4, 4: 14, 5: 13, 6: 0, 7: 6}
Trying to solve brute-force congestion at gate [12, 0] with {0: 7, 1: 12, 2: 3, 3: 4, 4: 14, 5: 13, 6: 0, 7: 6}
Trying to moving ion 0... to 0
Ion assignment after moving ion 0: {0: 7, 1: 12, 2: 3, 3: 4, 4: 14, 5: 13, 6: 0, 7: 6}
Gate position gate updated to [ 0 12]--------------c
Trying to moving ion 12... to 1
Ion assignment after moving ion 12: {0: 7, 1: 1, 2: 3, 3: 4, 4: 13, 5: 12, 6: 0, 7: 6}
Trying to solve brute-force congestion at gate [1, 6] with {0: 7, 1: 1, 2: 3, 3: 4, 4: 13, 5: 12, 6: 0, 7: 6}
Trying to moving ion 6... to 6
Ion assignment after moving ion 6: {0: 7, 1: 1, 2: 3, 3: 4, 4: 13, 5: 12, 6: 0, 7: 6}
Gate position gate updated to [6 1]--------------c
Trying to moving ion 1... to 7
Ion assignment after moving ion 1: {0: 8, 1: 7, 2: 3, 3: 4, 4: 13, 5: 12, 6: 0, 7: 6}
Trying to solve brute-force congestion at gate [3, 13] with {0: 8, 1: 7, 2: 3, 3: 4, 4: 13, 5: 12, 6: 0, 7: 6}
Trying to moving ion 3... to 3
Ion assignment after moving ion 3: {0: 8, 1: 7, 2: 3, 3: 4, 4: 13, 5: 12, 6: 0, 7: 6}
Gate position gate updated to [ 3 13]--------------c
Trying to moving ion 13... to 4
Ion assignment after moving ion 13: {0: 8, 1: 7, 2: 3, 3: 5, 4: 4, 5: 12, 6: 0, 7: 6}
Trying to solve brute-force congestion at gate [3, 12] with {0: 8, 1: 7, 2: 3, 3: 5, 4: 4, 5: 12, 6: 0, 7: 6}
Trying to moving ion 3... to 3
Ion assignment after moving ion 3: {0: 8, 1: 7, 2: 3, 3: 5, 4: 4, 5: 12, 6: 0, 7: 6}
Clearing endpoint 5.........
Gate position gate updated to [ 3 12]--------------c
Trying to moving ion 12... to 4
Ion assignment after moving ion 12: {0: 8, 1: 7, 2: 3, 3: 24, 4: 5, 5: 4, 6: 0, 7: 6}
Trying to solve brute-force congestion at gate [24, 5] with {0: 8, 1: 7, 2: 3, 3: 24, 4: 5, 5: 4, 6: 0, 7: 6}
Trying to moving ion 5... to 3
Ion assignment after moving ion 5: {0: 8, 1: 7, 2: 4, 3: 24, 4: 3, 5: 5, 6: 0, 7: 6}
Clearing endpoint 5.........
Gate position gate updated to [ 3 24]--------------c
Trying to moving ion 24... to 4
Ion assignment after moving ion 24: {0: 8, 1: 7, 2: 5, 3: 4, 4: 3, 5: 21, 6: 0, 7: 6}
Trying to solve brute-force congestion at gate [4, 21] with {0: 8, 1: 7, 2: 5, 3: 4, 4: 3, 5: 21, 6: 0, 7: 6}
Trying to moving ion 4... to 3
Ion assignment after moving ion 4: {0: 8, 1: 7, 2: 5, 3: 3, 4: 4, 5: 21, 6: 0, 7: 6}
Clearing endpoint 5.........
Gate position gate updated to [ 3 21]--------------c
Trying to moving ion 21... to 4
Ion assignment after moving ion 21: {0: 8, 1: 7, 2: 24, 3: 3, 4: 5, 5: 4, 6: 0, 7: 6}
Trying to solve brute-force congestion at gate [5, 4] with {0: 8, 1: 7, 2: 24, 3: 3, 4: 5, 5: 4, 6: 0, 7: 6}
Trying to moving ion 5... to 3
Ion assignment after moving ion 5: {0: 8, 1: 7, 2: 24, 3: 4, 4: 3, 5: 5, 6: 0, 7: 6}
Gate position gate updated to [3 5]--------------c
Trying to moving ion 5... to 4
Ion assignment after moving ion 5: {0: 8, 1: 7, 2: 24, 3: 5, 4: 3, 5: 4, 6: 0, 7: 6}
Trying to solve brute-force congestion at gate [24, 0] with {0: 8, 1: 7, 2: 24, 3: 5, 4: 3, 5: 4, 6: 0, 7: 6}
Trying to moving ion 0... to 0
Ion assignment after moving ion 0: {0: 8, 1: 7, 2: 24, 3: 5, 4: 3, 5: 4, 6: 0, 7: 6}
Gate position gate updated to [ 0 24]--------------c
Trying to moving ion 24... to 1
Ion assignment after moving ion 24: {0: 8, 1: 7, 2: 1, 3: 5, 4: 3, 5: 4, 6: 0, 7: 6}
Trying to solve brute-force congestion at gate [1, 6] with {0: 8, 1: 7, 2: 1, 3: 5, 4: 3, 5: 4, 6: 0, 7: 6}
Trying to moving ion 6... to 6
Ion assignment after moving ion 6: {0: 8, 1: 7, 2: 1, 3: 5, 4: 3, 5: 4, 6: 0, 7: 6}
Clearing endpoint 8.........
Gate position gate updated to [6 1]--------------c
Trying to moving ion 1... to 7
Ion assignment after moving ion 1: {0: 23, 1: 8, 2: 7, 3: 5, 4: 3, 5: 4, 6: 0, 7: 6}
Trying to solve brute-force congestion at gate [5, 0] with {0: 23, 1: 8, 2: 7, 3: 5, 4: 3, 5: 4, 6: 0, 7: 6}
Trying to moving ion 0... to 0
Ion assignment after moving ion 0: {0: 23, 1: 8, 2: 7, 3: 5, 4: 3, 5: 4, 6: 0, 7: 6}
Gate position gate updated to [0 5]--------------c
Trying to moving ion 5... to 1
Ion assignment after moving ion 5: {0: 23, 1: 8, 2: 7, 3: 1, 4: 3, 5: 4, 6: 0, 7: 6}
Trying to solve brute-force congestion at gate [1, 6] with {0: 23, 1: 8, 2: 7, 3: 1, 4: 3, 5: 4, 6: 0, 7: 6}
Trying to moving ion 6... to 6
Ion assignment after moving ion 6: {0: 23, 1: 8, 2: 7, 3: 1, 4: 3, 5: 4, 6: 0, 7: 6}
Clearing endpoint 8.........
Gate position gate updated to [6 1]--------------c
Trying to moving ion 1... to 7
Ion assignment after moving ion 1: {0: 11, 1: 23, 2: 8, 3: 7, 4: 3, 5: 4, 6: 0, 7: 6}
Trying to solve brute-force congestion at gate [3, 0] with {0: 11, 1: 23, 2: 8, 3: 7, 4: 3, 5: 4, 6: 0, 7: 6}
Trying to moving ion 3... to 3
Ion assignment after moving ion 3: {0: 11, 1: 23, 2: 8, 3: 7, 4: 3, 5: 4, 6: 0, 7: 6}
Gate position gate updated to [3 0]--------------c
Trying to moving ion 0... to 4
Ion assignment after moving ion 0: {0: 11, 1: 23, 2: 8, 3: 7, 4: 3, 5: 5, 6: 4, 7: 6}
Trying to solve brute-force congestion at gate [3, 6] with {0: 11, 1: 23, 2: 8, 3: 7, 4: 3, 5: 5, 6: 4, 7: 6}
Trying to moving ion 3... to 3
Ion assignment after moving ion 3: {0: 11, 1: 23, 2: 8, 3: 7, 4: 3, 5: 5, 6: 4, 7: 6}
Clearing endpoint 5.........
Gate position gate updated to [3 6]--------------c
Trying to moving ion 6... to 4
Ion assignment after moving ion 6: {0: 11, 1: 23, 2: 7, 3: 6, 4: 3, 5: 24, 6: 5, 7: 4}
Trying to solve brute-force congestion at gate [24, 5] with {0: 11, 1: 23, 2: 7, 3: 6, 4: 3, 5: 24, 6: 5, 7: 4}
Trying to moving ion 5... to 3
Ion assignment after moving ion 5: {0: 11, 1: 23, 2: 7, 3: 6, 4: 4, 5: 24, 6: 3, 7: 5}
Clearing endpoint 5.........
Gate position gate updated to [ 3 24]--------------c
Trying to moving ion 24... to 4
Ion assignment after moving ion 24: {0: 11, 1: 23, 2: 7, 3: 6, 4: 5, 5: 4, 6: 3, 7: 21}
Trying to solve brute-force congestion at gate [4, 21] with {0: 11, 1: 23, 2: 7, 3: 6, 4: 5, 5: 4, 6: 3, 7: 21}
Trying to moving ion 4... to 3
Ion assignment after moving ion 4: {0: 11, 1: 23, 2: 7, 3: 6, 4: 5, 5: 3, 6: 4, 7: 21}
Clearing endpoint 5.........
Gate position gate updated to [ 3 21]--------------c
Trying to moving ion 21... to 4
Ion assignment after moving ion 21: {0: 11, 1: 23, 2: 7, 3: 6, 4: 24, 5: 3, 6: 5, 7: 4}
Trying to solve brute-force congestion at gate [5, 4] with {0: 11, 1: 23, 2: 7, 3: 6, 4: 24, 5: 3, 6: 5, 7: 4}
Trying to moving ion 5... to 3
Ion assignment after moving ion 5: {0: 11, 1: 23, 2: 7, 3: 6, 4: 24, 5: 4, 6: 3, 7: 5}
Gate position gate updated to [3 5]--------------c
Trying to moving ion 5... to 4
Ion assignment after moving ion 5: {0: 11, 1: 23, 2: 7, 3: 6, 4: 24, 5: 5, 6: 3, 7: 4}
Executing gate at point (0, 6).
Executing gate at point (1, 5).
Executing gate at point (2, 5).
Best move: (4, 5)
Best move: (5, 20)
Best move: (20, 25)
Best move: (20, 24)
Best move: (21, 25)
Best move: (21, 25)
Best move: (21, 25)
Try bruteforce due to repeated pattern...
Trying to solve brute-force congestion at gate [20, 21] with {0: 11, 1: 23, 2: 7, 3: 6, 4: 20, 5: 4, 6: 3, 7: 21}
Trying to moving ion 21... to 12
Ion assignment after moving ion 21: {0: 11, 1: 23, 2: 7, 3: 6, 4: 20, 5: 4, 6: 3, 7: 12}
Gate position gate updated to [12 20]--------------c
Trying to moving ion 20... to 13
Ion assignment after moving ion 20: {0: 11, 1: 23, 2: 7, 3: 6, 4: 13, 5: 4, 6: 3, 7: 12}
Executing gate at point (2, 4).
Best move: (6, 7)
Best move: (7, 8)
Best move: (8, 22)
Best move: (22, 25)
Best move: (21, 25)
Best move: (14, 21)
Executing gate at point (3, 3).
Best move: (13, 14)
Best move: (14, 21)
Best move: (20, 21)
Best move: (5, 20)
Executing gate at point (3, 4).
Executing gate at point (4, 4).
Best move: (3, 4)
Best move: (4, 5)
Best move: (5, 20)
Best move: (20, 21)
Best move: (6, 7)
Best move: (7, 8)
Best move: (8, 22)
Best move: (22, 25)
Try bruteforce due to multiple steps (8) to solve one gate
Trying to solve brute-force congestion at gate [25, 12] with {0: 11, 1: 23, 2: 25, 3: 13, 4: 4, 5: 3, 6: 21, 7: 12}
Trying to moving ion 12... to 12
Ion assignment after moving ion 12: {0: 11, 1: 23, 2: 25, 3: 13, 4: 4, 5: 3, 6: 21, 7: 12}
Gate position gate updated to [12 25]--------------c
Trying to moving ion 25... to 13
Ion assignment after moving ion 25: {0: 11, 1: 23, 2: 13, 3: 14, 4: 4, 5: 3, 6: 24, 7: 12}
Executing gate at point (4, 2).
Best move: (14, 21)
Best move: (23, 25)
Best move: (20, 21)
Best move: (21, 25)
Best move: (12, 13)
Best move: (24, 25)
Best move: (14, 21)
Executing gate at point (5, 1).
Best move: (13, 14)
Best move: (14, 21)
Best move: (10, 11)
Best move: (24, 25)
Best move: (21, 25)
Best move: (23, 25)
Best move: (11, 23)
Executing gate at point (6, 0).
Best move: (21, 24)
Best move: (20, 24)
Best move: (20, 24)
Best move: (20, 24)
Try bruteforce due to repeated pattern...
Trying to solve brute-force congestion at gate [24, 21] with {0: 10, 1: 13, 2: 12, 3: 24, 4: 4, 5: 3, 6: 21, 7: 11}
Trying to moving ion 21... to 12
Ion assignment after moving ion 21: {0: 10, 1: 14, 2: 13, 3: 24, 4: 4, 5: 3, 6: 12, 7: 11}
Clearing endpoint 14.........
Gate position gate updated to [12 24]--------------c
Trying to moving ion 24... to 13
Ion assignment after moving ion 24: {0: 10, 1: 25, 2: 14, 3: 13, 4: 4, 5: 3, 6: 12, 7: 11}
Executing gate at point (4, 3).
Executing gate at point (5, 2).
Best move: (13, 14)
Best move: (14, 21)
Best move: (20, 21)
Best move: (5, 20)
Executing gate at point (5, 3).
Executing gate at point (6, 3).
Best move: (21, 25)
Best move: (3, 4)
Best move: (4, 5)
Best move: (5, 20)
Best move: (20, 25)
Best move: (12, 13)
Best move: (12, 13)
Best move: (14, 21)
Try bruteforce due to multiple steps (8) to solve one gate
Trying to solve brute-force congestion at gate [14, 12] with {0: 10, 1: 14, 2: 13, 3: 4, 4: 3, 5: 25, 6: 12, 7: 11}
Trying to moving ion 14... to 12
Ion assignment after moving ion 14: {0: 10, 1: 12, 2: 14, 3: 4, 4: 3, 5: 25, 6: 13, 7: 11}
Clearing endpoint 14.........
Gate position gate updated to [12 13]--------------c
Trying to moving ion 13... to 13
Ion assignment after moving ion 13: {0: 10, 1: 12, 2: 21, 3: 4, 4: 3, 5: 25, 6: 13, 7: 11}
Executing gate at point (6, 1).
Best move: (20, 21)
Best move: (10, 11)
Best move: (11, 23)
Best move: (22, 25)
Best move: (23, 25)
Best move: (21, 25)
Best move: (20, 25)
Best move: (14, 21)
Try bruteforce due to multiple steps (8) to solve one gate
Trying to solve brute-force congestion at gate [25, 22] with {0: 14, 1: 12, 2: 25, 3: 4, 4: 3, 5: 22, 6: 13, 7: 10}
Trying to moving ion 22... to 6
Ion assignment after moving ion 22: {0: 14, 1: 12, 2: 25, 3: 4, 4: 3, 5: 6, 6: 13, 7: 10}
Gate position gate updated to [ 6 25]--------------c
Trying to moving ion 25... to 7
Ion assignment after moving ion 25: {0: 14, 1: 12, 2: 7, 3: 4, 4: 3, 5: 6, 6: 13, 7: 10}
Executing gate at point (6, 2).
Executing gate at point (7, 0).
Best move: (12, 13)
Best move: (13, 14)
Best move: (14, 21)
Best move: (21, 25)
Best move: (22, 25)
Best move: (8, 22)
Executing gate at point (7, 1).
Best move: (7, 8)
Best move: (8, 22)
Best move: (22, 25)
Best move: (20, 25)
Best move: (5, 20)
Executing gate at point (7, 2).
Executing gate at point (8, 2).
Best move: (3, 4)
Best move: (4, 5)
Best move: (5, 20)
Best move: (20, 25)
Best move: (22, 25)
Best move: (13, 14)
Best move: (14, 21)
Best move: (21, 25)
Try bruteforce due to multiple steps (8) to solve one gate
Trying to solve brute-force congestion at gate [25, 6] with {0: 25, 1: 7, 2: 4, 3: 3, 4: 22, 5: 6, 6: 12, 7: 10}
Trying to moving ion 6... to 6
Ion assignment after moving ion 6: {0: 25, 1: 7, 2: 4, 3: 3, 4: 22, 5: 6, 6: 12, 7: 10}
Gate position gate updated to [ 6 25]--------------c
Trying to moving ion 25... to 7
Ion assignment after moving ion 25: {0: 7, 1: 8, 2: 4, 3: 3, 4: 23, 5: 6, 6: 12, 7: 10}
Executing gate at point (8, 0).
Best move: (8, 22)
Best move: (22, 25)
Best move: (11, 23)
Best move: (23, 25)
Best move: (10, 11)
Best move: (9, 10)
Best move: (9, 10)
Best move: (9, 10)
Try bruteforce due to multiple steps (8) to solve one gate
Trying to solve brute-force congestion at gate [23, 9] with {0: 7, 1: 23, 2: 4, 3: 3, 4: 9, 5: 6, 6: 12, 7: 11}
Trying to moving ion 9... to 9
Ion assignment after moving ion 9: {0: 7, 1: 23, 2: 4, 3: 3, 4: 9, 5: 6, 6: 12, 7: 11}
Clearing endpoint 11.........
Gate position gate updated to [ 9 23]--------------c
Trying to moving ion 23... to 10
Ion assignment after moving ion 23: {0: 7, 1: 10, 2: 4, 3: 3, 4: 9, 5: 6, 6: 12, 7: 11}
Executing gate at point (8, 1).
Best move: (9, 10)
Best move: (10, 11)
Best move: (11, 23)
Best move: (22, 23)
Best move: (8, 22)
Executing gate at point (9, 0).
Best move: (9, 10)
Best move: (10, 11)
Best move: (11, 23)
Best move: (23, 25)
Best move: (20, 25)
Best move: (5, 20)
Executing gate at point (9, 1).
Executing gate at point (10, 1).
Best move: (7, 8)
Best move: (8, 22)
Best move: (22, 25)
Best move: (3, 4)
Best move: (4, 5)
Best move: (5, 20)
Best move: (20, 21)
Best move: (20, 25)
Try bruteforce due to multiple steps (8) to solve one gate
Trying to solve brute-force congestion at gate [20, 21] with {0: 20, 1: 4, 2: 3, 3: 21, 4: 7, 5: 6, 6: 12, 7: 9}
Trying to moving ion 21... to 12
Ion assignment after moving ion 21: {0: 20, 1: 4, 2: 3, 3: 12, 4: 7, 5: 6, 6: 13, 7: 9}
Gate position gate updated to [12 20]--------------c
Trying to moving ion 20... to 13
Ion assignment after moving ion 20: {0: 13, 1: 4, 2: 3, 3: 12, 4: 7, 5: 6, 6: 14, 7: 9}
Executing gate at point (10, 0).
Best move: (13, 14)
Best move: (12, 13)
Best move: (13, 14)
Best move: (14, 21)
Best move: (21, 25)
Best move: (22, 25)
Best move: (8, 22)
Executing gate at point (11, 3).
Best move: (13, 14)
Best move: (14, 21)
Best move: (20, 21)
Best move: (5, 20)
Executing gate at point (11, 0).
Executing gate at point (12, 0).
Best move: (5, 20)
Best move: (20, 25)
Best move: (23, 25)
Best move: (11, 23)
Executing gate at point (13, 0).
Best move: (6, 7)
Best move: (7, 8)
Best move: (8, 22)
Best move: (22, 25)
Best move: (20, 25)
Best move: (5, 20)
Executing gate at point (12, 2).
Best move: (4, 5)
Best move: (5, 20)
Best move: (20, 21)
Best move: (14, 21)
Executing gate at point (13, 1).
Trying to solve brute-force congestion at gate [5, 3] with {0: 5, 1: 13, 2: 3, 3: 7, 4: 6, 5: 4, 6: 12, 7: 9}
Trying to moving ion 5... to 3
Ion assignment after moving ion 5: {0: 3, 1: 13, 2: 4, 3: 7, 4: 6, 5: 5, 6: 12, 7: 9}
Clearing endpoint 5.........
Gate position gate updated to [3 4]--------------c
Trying to moving ion 4... to 4
Ion assignment after moving ion 4: {0: 3, 1: 13, 2: 4, 3: 7, 4: 6, 5: 20, 6: 12, 7: 9}
Trying to solve brute-force congestion at gate [3, 7] with {0: 3, 1: 13, 2: 4, 3: 7, 4: 6, 5: 20, 6: 12, 7: 9}
Trying to moving ion 3... to 3
Ion assignment after moving ion 3: {0: 3, 1: 13, 2: 4, 3: 7, 4: 6, 5: 20, 6: 12, 7: 9}
Gate position gate updated to [3 7]--------------c
Trying to moving ion 7... to 4
Ion assignment after moving ion 7: {0: 3, 1: 13, 2: 5, 3: 4, 4: 6, 5: 24, 6: 12, 7: 9}
Trying to solve brute-force congestion at gate [3, 6] with {0: 3, 1: 13, 2: 5, 3: 4, 4: 6, 5: 24, 6: 12, 7: 9}
Trying to moving ion 3... to 3
Ion assignment after moving ion 3: {0: 3, 1: 13, 2: 5, 3: 4, 4: 6, 5: 24, 6: 12, 7: 9}
Clearing endpoint 5.........
Gate position gate updated to [3 6]--------------c
Trying to moving ion 6... to 4
Ion assignment after moving ion 6: {0: 3, 1: 13, 2: 21, 3: 5, 4: 4, 5: 24, 6: 12, 7: 9}
Trying to solve brute-force congestion at gate [13, 21] with {0: 3, 1: 13, 2: 21, 3: 5, 4: 4, 5: 24, 6: 12, 7: 9}
Trying to moving ion 13... to 12
Ion assignment after moving ion 13: {0: 3, 1: 12, 2: 21, 3: 5, 4: 4, 5: 24, 6: 13, 7: 9}
Gate position gate updated to [12 21]--------------c
Trying to moving ion 21... to 13
Ion assignment after moving ion 21: {0: 3, 1: 12, 2: 13, 3: 5, 4: 4, 5: 24, 6: 14, 7: 9}
Trying to solve brute-force congestion at gate [12, 5] with {0: 3, 1: 12, 2: 13, 3: 5, 4: 4, 5: 24, 6: 14, 7: 9}
Trying to moving ion 12... to 12
Ion assignment after moving ion 12: {0: 3, 1: 12, 2: 13, 3: 5, 4: 4, 5: 24, 6: 14, 7: 9}
Clearing endpoint 14.........
Gate position gate updated to [12  5]--------------c
Trying to moving ion 5... to 13
Ion assignment after moving ion 5: {0: 3, 1: 12, 2: 14, 3: 13, 4: 4, 5: 24, 6: 25, 7: 9}
Trying to solve brute-force congestion at gate [14, 13] with {0: 3, 1: 12, 2: 14, 3: 13, 4: 4, 5: 24, 6: 25, 7: 9}
Trying to moving ion 14... to 12
Ion assignment after moving ion 14: {0: 3, 1: 13, 2: 12, 3: 14, 4: 4, 5: 24, 6: 25, 7: 9}
Gate position gate updated to [12 14]--------------c
Trying to moving ion 14... to 13
Ion assignment after moving ion 14: {0: 3, 1: 14, 2: 12, 3: 13, 4: 4, 5: 24, 6: 25, 7: 9}
Trying to solve brute-force congestion at gate [3, 24] with {0: 3, 1: 14, 2: 12, 3: 13, 4: 4, 5: 24, 6: 25, 7: 9}
Trying to moving ion 3... to 3
Ion assignment after moving ion 3: {0: 3, 1: 14, 2: 12, 3: 13, 4: 4, 5: 24, 6: 25, 7: 9}
Gate position gate updated to [ 3 24]--------------c
Trying to moving ion 24... to 4
Ion assignment after moving ion 24: {0: 3, 1: 14, 2: 12, 3: 13, 4: 5, 5: 4, 6: 25, 7: 9}
Trying to solve brute-force congestion at gate [3, 25] with {0: 3, 1: 14, 2: 12, 3: 13, 4: 5, 5: 4, 6: 25, 7: 9}
Trying to moving ion 3... to 3
Ion assignment after moving ion 3: {0: 3, 1: 14, 2: 12, 3: 13, 4: 5, 5: 4, 6: 25, 7: 9}
Clearing endpoint 5.........
Gate position gate updated to [ 3 25]--------------c
Trying to moving ion 25... to 4
Ion assignment after moving ion 25: {0: 3, 1: 14, 2: 12, 3: 13, 4: 24, 5: 5, 6: 4, 7: 9}
Trying to solve brute-force congestion at gate [3, 9] with {0: 3, 1: 14, 2: 12, 3: 13, 4: 24, 5: 5, 6: 4, 7: 9}
Trying to moving ion 3... to 3
Ion assignment after moving ion 3: {0: 3, 1: 14, 2: 12, 3: 13, 4: 24, 5: 5, 6: 4, 7: 9}
Clearing endpoint 5.........
Gate position gate updated to [3 9]--------------c
Trying to moving ion 9... to 4
Ion assignment after moving ion 9: {0: 3, 1: 14, 2: 12, 3: 13, 4: 24, 5: 21, 6: 5, 7: 4}
Trying to solve brute-force congestion at gate [14, 24] with {0: 3, 1: 14, 2: 12, 3: 13, 4: 24, 5: 21, 6: 5, 7: 4}
Trying to moving ion 14... to 12
Ion assignment after moving ion 14: {0: 3, 1: 12, 2: 13, 3: 14, 4: 24, 5: 21, 6: 5, 7: 4}
Clearing endpoint 14.........
Gate position gate updated to [12 24]--------------c
Trying to moving ion 24... to 13
Ion assignment after moving ion 24: {0: 3, 1: 12, 2: 14, 3: 20, 4: 13, 5: 25, 6: 5, 7: 4}
Trying to solve brute-force congestion at gate [12, 25] with {0: 3, 1: 12, 2: 14, 3: 20, 4: 13, 5: 25, 6: 5, 7: 4}
Trying to moving ion 12... to 12
Ion assignment after moving ion 12: {0: 3, 1: 12, 2: 14, 3: 20, 4: 13, 5: 25, 6: 5, 7: 4}
Clearing endpoint 14.........
Gate position gate updated to [12 25]--------------c
Trying to moving ion 25... to 13
Ion assignment after moving ion 25: {0: 3, 1: 12, 2: 24, 3: 20, 4: 14, 5: 13, 6: 5, 7: 4}
Trying to solve brute-force congestion at gate [12, 5] with {0: 3, 1: 12, 2: 24, 3: 20, 4: 14, 5: 13, 6: 5, 7: 4}
Trying to moving ion 12... to 12
Ion assignment after moving ion 12: {0: 3, 1: 12, 2: 24, 3: 20, 4: 14, 5: 13, 6: 5, 7: 4}
Clearing endpoint 14.........
Gate position gate updated to [12  5]--------------c
Trying to moving ion 5... to 13
Ion assignment after moving ion 5: {0: 3, 1: 12, 2: 18, 3: 25, 4: 24, 5: 14, 6: 13, 7: 4}
Trying to solve brute-force congestion at gate [12, 4] with {0: 3, 1: 12, 2: 18, 3: 25, 4: 24, 5: 14, 6: 13, 7: 4}
Trying to moving ion 12... to 12
Ion assignment after moving ion 12: {0: 3, 1: 12, 2: 18, 3: 25, 4: 24, 5: 14, 6: 13, 7: 4}
Clearing endpoint 14.........
Gate position gate updated to [12  4]--------------c
Trying to moving ion 4... to 13
Ion assignment after moving ion 4: {0: 3, 1: 12, 2: 18, 3: 22, 4: 24, 5: 25, 6: 14, 7: 13}
Trying to solve brute-force congestion at gate [18, 24] with {0: 3, 1: 12, 2: 18, 3: 22, 4: 24, 5: 25, 6: 14, 7: 13}
Trying to moving ion 18... to 0
Ion assignment after moving ion 18: {0: 3, 1: 12, 2: 0, 3: 22, 4: 24, 5: 25, 6: 14, 7: 13}
Gate position gate updated to [ 0 24]--------------c
Trying to moving ion 24... to 1
Ion assignment after moving ion 24: {0: 3, 1: 12, 2: 0, 3: 22, 4: 1, 5: 25, 6: 14, 7: 13}
Trying to solve brute-force congestion at gate [0, 25] with {0: 3, 1: 12, 2: 0, 3: 22, 4: 1, 5: 25, 6: 14, 7: 13}
Trying to moving ion 0... to 0
Ion assignment after moving ion 0: {0: 3, 1: 12, 2: 0, 3: 22, 4: 1, 5: 25, 6: 14, 7: 13}
Gate position gate updated to [ 0 25]--------------c
Trying to moving ion 25... to 1
Ion assignment after moving ion 25: {0: 3, 1: 12, 2: 0, 3: 22, 4: 2, 5: 1, 6: 14, 7: 13}
Trying to solve brute-force congestion at gate [22, 2] with {0: 3, 1: 12, 2: 0, 3: 22, 4: 2, 5: 1, 6: 14, 7: 13}
Trying to moving ion 2... to 0
Ion assignment after moving ion 2: {0: 3, 1: 12, 2: 1, 3: 22, 4: 0, 5: 2, 6: 14, 7: 13}
Clearing endpoint 2.........
Gate position gate updated to [ 0 22]--------------c
Trying to moving ion 22... to 1
Ion assignment after moving ion 22: {0: 3, 1: 12, 2: 2, 3: 1, 4: 0, 5: 19, 6: 14, 7: 13}
Trying to solve brute-force congestion at gate [1, 19] with {0: 3, 1: 12, 2: 2, 3: 1, 4: 0, 5: 19, 6: 14, 7: 13}
Trying to moving ion 1... to 0
Ion assignment after moving ion 1: {0: 3, 1: 12, 2: 2, 3: 0, 4: 1, 5: 19, 6: 14, 7: 13}
Clearing endpoint 2.........
Gate position gate updated to [ 0 19]--------------c
Trying to moving ion 19... to 1
Ion assignment after moving ion 19: {0: 3, 1: 12, 2: 24, 3: 0, 4: 2, 5: 1, 6: 14, 7: 13}
Trying to solve brute-force congestion at gate [2, 1] with {0: 3, 1: 12, 2: 24, 3: 0, 4: 2, 5: 1, 6: 14, 7: 13}
Trying to moving ion 2... to 0
Ion assignment after moving ion 2: {0: 3, 1: 12, 2: 24, 3: 1, 4: 0, 5: 2, 6: 14, 7: 13}
Gate position gate updated to [0 2]--------------c
Trying to moving ion 2... to 1
Ion assignment after moving ion 2: {0: 3, 1: 12, 2: 24, 3: 2, 4: 0, 5: 1, 6: 14, 7: 13}
Trying to solve brute-force congestion at gate [24, 14] with {0: 3, 1: 12, 2: 24, 3: 2, 4: 0, 5: 1, 6: 14, 7: 13}
Trying to moving ion 14... to 12
Ion assignment after moving ion 14: {0: 3, 1: 13, 2: 24, 3: 2, 4: 0, 5: 1, 6: 12, 7: 14}
Clearing endpoint 14.........
Gate position gate updated to [12 24]--------------c
Trying to moving ion 24... to 13
Ion assignment after moving ion 24: {0: 3, 1: 14, 2: 13, 3: 2, 4: 0, 5: 1, 6: 12, 7: 25}
Trying to solve brute-force congestion at gate [13, 25] with {0: 3, 1: 14, 2: 13, 3: 2, 4: 0, 5: 1, 6: 12, 7: 25}
Trying to moving ion 13... to 12
Ion assignment after moving ion 13: {0: 3, 1: 14, 2: 12, 3: 2, 4: 0, 5: 1, 6: 13, 7: 25}
Clearing endpoint 14.........
Gate position gate updated to [12 25]--------------c
Trying to moving ion 25... to 13
Ion assignment after moving ion 25: {0: 3, 1: 20, 2: 12, 3: 2, 4: 0, 5: 1, 6: 14, 7: 13}
Trying to solve brute-force congestion at gate [2, 14] with {0: 3, 1: 20, 2: 12, 3: 2, 4: 0, 5: 1, 6: 14, 7: 13}
Trying to moving ion 2... to 0
Ion assignment after moving ion 2: {0: 3, 1: 20, 2: 12, 3: 0, 4: 1, 5: 2, 6: 14, 7: 13}
Clearing endpoint 2.........
Gate position gate updated to [ 0 14]--------------c
Trying to moving ion 14... to 1
Ion assignment after moving ion 14: {0: 3, 1: 20, 2: 12, 3: 0, 4: 2, 5: 19, 6: 1, 7: 13}
Trying to solve brute-force congestion at gate [0, 13] with {0: 3, 1: 20, 2: 12, 3: 0, 4: 2, 5: 19, 6: 1, 7: 13}
Trying to moving ion 0... to 0
Ion assignment after moving ion 0: {0: 3, 1: 20, 2: 12, 3: 0, 4: 2, 5: 19, 6: 1, 7: 13}
Clearing endpoint 2.........
Gate position gate updated to [ 0 13]--------------c
Trying to moving ion 13... to 1
Ion assignment after moving ion 13: {0: 3, 1: 20, 2: 12, 3: 0, 4: 19, 5: 17, 6: 2, 7: 1}
Trying to solve brute-force congestion at gate [19, 2] with {0: 3, 1: 20, 2: 12, 3: 0, 4: 19, 5: 17, 6: 2, 7: 1}
Trying to moving ion 2... to 0
Ion assignment after moving ion 2: {0: 3, 1: 20, 2: 12, 3: 1, 4: 19, 5: 17, 6: 0, 7: 2}
Clearing endpoint 2.........
Gate position gate updated to [ 0 19]--------------c
Trying to moving ion 19... to 1
Ion assignment after moving ion 19: {0: 3, 1: 20, 2: 12, 3: 2, 4: 1, 5: 17, 6: 0, 7: 24}
Trying to solve brute-force congestion at gate [1, 24] with {0: 3, 1: 20, 2: 12, 3: 2, 4: 1, 5: 17, 6: 0, 7: 24}
Trying to moving ion 1... to 0
Ion assignment after moving ion 1: {0: 3, 1: 20, 2: 12, 3: 2, 4: 0, 5: 17, 6: 1, 7: 24}
Clearing endpoint 2.........
Gate position gate updated to [ 0 24]--------------c
Trying to moving ion 24... to 1
Ion assignment after moving ion 24: {0: 3, 1: 20, 2: 12, 3: 19, 4: 0, 5: 17, 6: 2, 7: 1}
Trying to solve brute-force congestion at gate [17, 2] with {0: 3, 1: 20, 2: 12, 3: 19, 4: 0, 5: 17, 6: 2, 7: 1}
Trying to moving ion 17... to 15
Ion assignment after moving ion 17: {0: 3, 1: 20, 2: 12, 3: 19, 4: 0, 5: 15, 6: 2, 7: 1}
Gate position gate updated to [15  2]--------------c
Trying to moving ion 2... to 16
Ion assignment after moving ion 2: {0: 3, 1: 20, 2: 12, 3: 24, 4: 0, 5: 15, 6: 16, 7: 1}
Trying to solve brute-force congestion at gate [15, 1] with {0: 3, 1: 20, 2: 12, 3: 24, 4: 0, 5: 15, 6: 16, 7: 1}
Trying to moving ion 15... to 15
Ion assignment after moving ion 15: {0: 3, 1: 20, 2: 12, 3: 24, 4: 0, 5: 15, 6: 16, 7: 1}
Gate position gate updated to [15  1]--------------c
Trying to moving ion 1... to 16
Ion assignment after moving ion 1: {0: 3, 1: 20, 2: 12, 3: 24, 4: 0, 5: 15, 6: 17, 7: 16}
Trying to solve brute-force congestion at gate [17, 16] with {0: 3, 1: 20, 2: 12, 3: 24, 4: 0, 5: 15, 6: 17, 7: 16}
Trying to moving ion 17... to 15
Ion assignment after moving ion 17: {0: 3, 1: 20, 2: 12, 3: 24, 4: 0, 5: 16, 6: 15, 7: 17}
Gate position gate updated to [15 17]--------------c
Trying to moving ion 17... to 16
Ion assignment after moving ion 17: {0: 3, 1: 20, 2: 12, 3: 24, 4: 0, 5: 17, 6: 15, 7: 16}
Executing gate at point (0, 6).
Executing gate at point (1, 5).
Executing gate at point (2, 5).
Best move: (16, 17)
Best move: (17, 19)
Best move: (18, 19)
Best move: (2, 18)
Executing gate at point (2, 4).
Best move: (18, 24)
Best move: (1, 2)
Best move: (15, 16)
Best move: (16, 17)
Best move: (17, 19)
Best move: (19, 24)
Best move: (0, 1)
Best move: (0, 1)
Try bruteforce due to multiple steps (8) to solve one gate
Trying to solve brute-force congestion at gate [18, 1] with {0: 3, 1: 20, 2: 12, 3: 18, 4: 0, 5: 15, 6: 24, 7: 1}
Trying to moving ion 1... to 0
Ion assignment after moving ion 1: {0: 3, 1: 20, 2: 12, 3: 18, 4: 1, 5: 15, 6: 24, 7: 0}
Gate position gate updated to [ 0 18]--------------c
Trying to moving ion 18... to 1
Ion assignment after moving ion 18: {0: 3, 1: 20, 2: 12, 3: 1, 4: 2, 5: 15, 6: 24, 7: 0}
Executing gate at point (3, 3).
Best move: (2, 18)
Best move: (18, 19)
Best move: (17, 19)
Best move: (19, 24)
Best move: (16, 17)
Best move: (17, 19)
Executing gate at point (3, 4).
Executing gate at point (4, 4).
Best move: (17, 19)
Best move: (0, 1)
Best move: (1, 2)
Best move: (2, 18)
Best move: (18, 24)
Best move: (21, 24)
Best move: (14, 21)
Executing gate at point (4, 2).
Best move: (18, 19)
Best move: (20, 21)
Best move: (2, 18)
Executing gate at point (4, 3).
Best move: (13, 14)
Best move: (2, 18)
Best move: (18, 24)
Best move: (24, 25)
Best move: (0, 1)
Best move: (1, 2)
Best move: (2, 18)
Best move: (18, 19)
Try bruteforce due to multiple steps (8) to solve one gate
Trying to solve brute-force congestion at gate [19, 15] with {0: 3, 1: 21, 2: 12, 3: 19, 4: 16, 5: 15, 6: 25, 7: 13}
Trying to moving ion 15... to 15
Ion assignment after moving ion 15: {0: 3, 1: 21, 2: 12, 3: 19, 4: 16, 5: 15, 6: 25, 7: 13}
Gate position gate updated to [15 19]--------------c
Trying to moving ion 19... to 16
Ion assignment after moving ion 19: {0: 3, 1: 21, 2: 12, 3: 16, 4: 17, 5: 15, 6: 25, 7: 13}
Executing gate at point (5, 3).
Executing gate at point (6, 3).
Best move: (20, 25)
Best move: (12, 13)
Best move: (12, 13)
Best move: (14, 21)
Executing gate at point (5, 1).
Best move: (13, 14)
Best move: (14, 21)
Best move: (21, 25)
Best move: (20, 21)
Best move: (20, 25)
Best move: (5, 20)
Executing gate at point (6, 0).
Best move: (14, 21)
Executing gate at point (5, 2).
Executing gate at point (6, 1).
Best move: (14, 21)
Best move: (15, 16)
Best move: (16, 17)
Best move: (17, 19)
Best move: (19, 24)
Best move: (20, 24)
Best move: (12, 13)Input filename:  QFT_8_compiled
Algorithm:  SHAPER
Trap type:  G2x3
Trap capacity:  3
Num layout passes:  2
Gate type:  FM
Run index:  7
Creating a QCCD machine ...
QCCD physical machine:
### Traps ### 
Trap(id='trap_0', max_num_ions=3, initial_num_ions=0, executable=True, measureable=True)
Trap(id='trap_1', max_num_ions=3, initial_num_ions=0, executable=True, measureable=True)
Trap(id='trap_2', max_num_ions=3, initial_num_ions=0, executable=True, measureable=True)
Trap(id='trap_3', max_num_ions=3, initial_num_ions=0, executable=True, measureable=True)
Trap(id='trap_4', max_num_ions=3, initial_num_ions=0, executable=True, measureable=True)
Trap(id='trap_5', max_num_ions=3, initial_num_ions=0, executable=True, measureable=True)
### Junctions ### 
Junction(id='junction_0')
Junction(id='junction_1')
Junction(id='junction_2')
### Segments ### 
Segment(id='segment_0', left=Trap(id='trap_0', max_num_ions=3, initial_num_ions=0, executable=True, measureable=True), right=Junction(id='junction_0'))
Segment(id='segment_1', left=Trap(id='trap_5', max_num_ions=3, initial_num_ions=0, executable=True, measureable=True), right=Junction(id='junction_0'))
Segment(id='segment_2', left=Trap(id='trap_1', max_num_ions=3, initial_num_ions=0, executable=True, measureable=True), right=Junction(id='junction_1'))
Segment(id='segment_3', left=Trap(id='trap_4', max_num_ions=3, initial_num_ions=0, executable=True, measureable=True), right=Junction(id='junction_1'))
Segment(id='segment_4', left=Trap(id='trap_2', max_num_ions=3, initial_num_ions=0, executable=True, measureable=True), right=Junction(id='junction_2'))
Segment(id='segment_5', left=Trap(id='trap_3', max_num_ions=3, initial_num_ions=0, executable=True, measureable=True), right=Junction(id='junction_2'))
Segment(id='segment_6', left=Junction(id='junction_0'), right=Junction(id='junction_1'))
Segment(id='segment_7', left=Junction(id='junction_1'), right=Junction(id='junction_2'))
Finished creating the QCCD physical machine.
Position graph:  CouplingGraph({(3, 4), (12, 13), (22, 23), (21, 25), (23, 25), (11, 23), (13, 14), (19, 24), (18, 19), (4, 5), (20, 25), (21, 24), (22, 25), (14, 21), (0, 1), (9, 10), (1, 2), (10, 11), (6, 7), (15, 16), (24, 25), (18, 24), (20, 21), (20, 24), (17, 19), (5, 20), (8, 22), (2, 18), (7, 8), (16, 17)})
Initial ion assignment:  {0: 7, 1: 8, 2: 0, 3: 6, 4: 2, 5: 17, 6: 12, 7: 4}
Congestion rate:  1.0
Scheduling QCCD: 2600006920.0000014 us, costing 70.5468345999252 s to compile
2600.006920000001
70.5468345999252
{0: 3, 1: 20, 2: 12, 3: 24, 4: 0, 5: 17, 6: 15, 7: 16}
[0, 1, 2, 3, 4, 5, 6, 7]
