Executing gate at point (0, 7).
Executing gate at point (0, 2).
Executing gate at point (0, 4).
Best move: (15, 16)
Best move: (16, 17)
Best move: (17, 19)
Best move: (18, 19)
Best move: (2, 18)
Executing gate at point (1, 6).
Executing gate at point (2, 7).
Executing gate at point (3, 6).
Executing gate at point (4, 6).
Best move: (2, 18)
Best move: (18, 19)
Best move: (17, 19)
Executing gate at point (4, 5).
Executing gate at point (5, 7).
Executing gate at point (6, 5).
Executing gate at point (7, 5).
Executing gate at point (7, 7).
Best move: (17, 19)
Best move: (19, 24)
Best move: (24, 25)
Best move: (22, 25)
Best move: (8, 22)
Executing gate at point (8, 4).
Executing gate at point (9, 4).
Executing gate at point (10, 4).
Executing gate at point (11, 7).
Executing gate at point (11, 4).
Executing gate at point (12, 3).
Executing gate at point (13, 7).
Executing gate at point (14, 3).
Executing gate at point (15, 7).
Executing gate at point (15, 3).
Best move: (8, 22)
Best move: (22, 25)
Best move: (21, 25)
Best move: (13, 14)
Best move: (14, 21)
Executing gate at point (16, 2).
Executing gate at point (17, 2).
Executing gate at point (18, 2).
Executing gate at point (19, 7).
Executing gate at point (19, 2).
Best move: (14, 21)
Best move: (20, 21)
Best move: (5, 20)
Executing gate at point (20, 1).
Executing gate at point (21, 7).
Executing gate at point (22, 1).
Executing gate at point (23, 1).
Best move: (5, 20)
Best move: (20, 24)
Best move: (18, 24)
Best move: (2, 18)
Executing gate at point (23, 0).
Executing gate at point (24, 7).
Executing gate at point (25, 0).
Executing gate at point (26, 0).
Executing gate at point (26, 7).
Best move: (0, 1)
Best move: (1, 2)
Best move: (2, 18)
Best move: (18, 19)
Best move: (17, 19)
Executing gate at point (8, 5).
Executing gate at point (9, 5).
Executing gate at point (10, 5).
Executing gate at point (11, 6).
Best move: (17, 19)
Best move: (19, 24)
Best move: (24, 25)
Best move: (22, 25)
Best move: (8, 22)
Executing gate at point (12, 4).
Executing gate at point (13, 6).
Executing gate at point (14, 4).
Executing gate at point (15, 4).
Executing gate at point (16, 3).
Executing gate at point (17, 6).
Executing gate at point (18, 3).
Executing gate at point (19, 3).
Executing gate at point (19, 6).
Best move: (8, 22)
Best move: (22, 25)
Best move: (21, 25)
Best move: (14, 21)
Executing gate at point (20, 2).
Executing gate at point (21, 6).
Executing gate at point (22, 2).
Best move: (14, 21)
Best move: (16, 17)
Best move: (17, 19)
Best move: (19, 24)
Best move: (24, 25)
Best move: (22, 25)
Best move: (8, 22)
Executing gate at point (16, 4).
Executing gate at point (17, 5).
Executing gate at point (18, 4).
Executing gate at point (19, 4).
Executing gate at point (19, 5).
Executing gate at point (20, 3).
Executing gate at point (21, 5).
Executing gate at point (22, 3).
Executing gate at point (23, 3).
Executing gate at point (24, 3).
Executing gate at point (25, 3).
Executing gate at point (26, 3).
Executing gate at point (27, 3).
Best move: (20, 21)
Best move: (8, 22)
Best move: (22, 25)
Best move: (21, 25)
Best move: (5, 20)
Executing gate at point (24, 1).
Executing gate at point (25, 6).
Executing gate at point (26, 1).
Executing gate at point (27, 1).
Best move: (5, 20)
Best move: (20, 24)
Best move: (18, 24)
Best move: (2, 18)
Executing gate at point (27, 0).
Executing gate at point (28, 6).
Executing gate at point (29, 0).
Executing gate at point (30, 0).
Executing gate at point (30, 6).
Best move: (14, 21)
Executing gate at point (23, 2).
Executing gate at point (24, 5).
Executing gate at point (25, 2).
Executing gate at point (26, 2).
Best move: (14, 21)
Best move: (13, 14)
Best move: (6, 7)
Best move: (6, 7)
Best move: (6, 7)
Try bruteforce due to repeated pattern...
Trying to solve brute-force congestion at gate [14, 7] with {0: 0, 1: 4, 2: 14, 3: 6, 4: 7, 5: 21, 6: 2, 7: 1}
Trying to moving ion 14... to 12
Ion assignment after moving ion 14: {0: 0, 1: 4, 2: 12, 3: 6, 4: 7, 5: 21, 6: 2, 7: 1}
Gate position gate updated to [12  7]--------------c
Trying to moving ion 7... to 13
Ion assignment after moving ion 7: {0: 0, 1: 4, 2: 12, 3: 6, 4: 13, 5: 24, 6: 2, 7: 1}
Executing gate at point (27, 2).
Executing gate at point (28, 2).
Executing gate at point (29, 2).
Executing gate at point (30, 4).
Best move: (20, 24)
Best move: (5, 20)
Executing gate at point (28, 1).
Executing gate at point (29, 5).
Executing gate at point (30, 1).
Executing gate at point (31, 5).
Best move: (0, 1)
Best move: (1, 2)
Best move: (2, 18)
Best move: (18, 24)
Best move: (20, 24)
Best move: (4, 5)
Best move: (3, 4)
Best move: (6, 7)
Try bruteforce due to multiple steps (8) to solve one gate
Trying to solve brute-force congestion at gate [12, 7] with {0: 20, 1: 5, 2: 12, 3: 7, 4: 13, 5: 3, 6: 1, 7: 0}
Trying to moving ion 12... to 12
Ion assignment after moving ion 12: {0: 20, 1: 5, 2: 12, 3: 7, 4: 13, 5: 3, 6: 1, 7: 0}
Gate position gate updated to [12  7]--------------c
Trying to moving ion 7... to 13
Ion assignment after moving ion 7: {0: 20, 1: 5, 2: 12, 3: 13, 4: 14, 5: 3, 6: 1, 7: 0}
Executing gate at point (30, 2).
Executing gate at point (31, 2).
Executing gate at point (32, 2).
Executing gate at point (33, 3).
Best move: (14, 21)
Best move: (4, 5)
Best move: (21, 25)
Best move: (21, 25)
Best move: (5, 20)
Executing gate at point (32, 0).
Executing gate at point (33, 0).
Executing gate at point (34, 0).
Executing gate at point (35, 5).
Executing gate at point (35, 0).
Best move: (4, 5)
Best move: (5, 20)
Best move: (20, 24)
Best move: (20, 21)
Best move: (19, 24)
Best move: (20, 24)
Best move: (17, 19)
Best move: (19, 24)
Try bruteforce due to multiple steps (8) to solve one gate
Trying to solve brute-force congestion at gate [17, 19] with {0: 4, 1: 17, 2: 12, 3: 13, 4: 19, 5: 3, 6: 1, 7: 0}
Trying to moving ion 17... to 15
Ion assignment after moving ion 17: {0: 4, 1: 15, 2: 12, 3: 13, 4: 19, 5: 3, 6: 1, 7: 0}
Gate position gate updated to [15 19]--------------c
Trying to moving ion 19... to 16
Ion assignment after moving ion 19: {0: 4, 1: 15, 2: 12, 3: 13, 4: 16, 5: 3, 6: 1, 7: 0}
Executing gate at point (31, 1).
Executing gate at point (32, 4).
Executing gate at point (33, 1).
Executing gate at point (34, 1).
Best move: (13, 14)
Best move: (14, 21)
Best move: (21, 24)
Best move: (19, 24)
Best move: (17, 19)
Executing gate at point (35, 1).
Executing gate at point (36, 3).
Executing gate at point (37, 1).
Best move: (16, 17)
Best move: (17, 19)
Best move: (19, 24)
Best move: (20, 24)
Best move: (5, 20)
Executing gate at point (36, 0).
Executing gate at point (37, 4).
Executing gate at point (38, 0).
Executing gate at point (39, 4).
Best move: (4, 5)
Best move: (5, 20)
Best move: (20, 24)
Best move: (19, 24)
Best move: (12, 13)
Best move: (13, 14)
Best move: (14, 21)
Best move: (21, 24)
Try bruteforce due to multiple steps (8) to solve one gate
Trying to solve brute-force congestion at gate [15, 24] with {0: 19, 1: 15, 2: 24, 3: 16, 4: 4, 5: 3, 6: 1, 7: 0}
Trying to moving ion 15... to 15
Ion assignment after moving ion 15: {0: 19, 1: 15, 2: 24, 3: 16, 4: 4, 5: 3, 6: 1, 7: 0}
Gate position gate updated to [15 24]--------------c
Trying to moving ion 24... to 16
Ion assignment after moving ion 24: {0: 18, 1: 15, 2: 16, 3: 17, 4: 4, 5: 3, 6: 1, 7: 0}
Executing gate at point (38, 1).
Executing gate at point (39, 2).
Executing gate at point (40, 1).
Executing gate at point (41, 2).
Executing gate at point (41, 1).
Best move: (17, 19)
Best move: (18, 24)
Best move: (18, 19)
Best move: (19, 24)
Best move: (18, 24)
Best move: (21, 24)
Best move: (19, 24)
Best move: (14, 21)
Try bruteforce due to multiple steps (8) to solve one gate
Trying to solve brute-force congestion at gate [24, 14] with {0: 24, 1: 15, 2: 16, 3: 14, 4: 4, 5: 3, 6: 1, 7: 0}
Trying to moving ion 14... to 12
Ion assignment after moving ion 14: {0: 24, 1: 15, 2: 16, 3: 12, 4: 4, 5: 3, 6: 1, 7: 0}
Gate position gate updated to [12 24]--------------c
Trying to moving ion 24... to 13
Ion assignment after moving ion 24: {0: 13, 1: 15, 2: 16, 3: 12, 4: 4, 5: 3, 6: 1, 7: 0}
Executing gate at point (39, 0).
Executing gate at point (40, 3).
Executing gate at point (41, 0).
Executing gate at point (42, 0).
Executing gate at point (42, 3).
Best move: (16, 17)
Best move: (17, 19)
Best move: (19, 24)
Best move: (21, 24)
Best move: (4, 5)
Best move: (5, 20)
Best move: (12, 13)
Best move: (12, 13)
Try bruteforce due to multiple steps (8) to solve one gate
Trying to solve brute-force congestion at gate [12, 20] with {0: 13, 1: 15, 2: 21, 3: 12, 4: 20, 5: 3, 6: 1, 7: 0}
Trying to moving ion 12... to 12
Ion assignment after moving ion 12: {0: 13, 1: 15, 2: 21, 3: 12, 4: 20, 5: 3, 6: 1, 7: 0}
Gate position gate updated to [12 20]--------------c
Trying to moving ion 20... to 13
Ion assignment after moving ion 20: {0: 14, 1: 15, 2: 24, 3: 12, 4: 13, 5: 3, 6: 1, 7: 0}
Executing gate at point (43, 3).
Executing gate at point (44, 4).
Executing gate at point (44, 3).
Executing gate at point (45, 3).
Executing gate at point (46, 3).
Executing gate at point (46, 4).
Executing gate at point (47, 3).
Best move: (14, 21)
Best move: (20, 24)
Best move: (5, 20)
Best move: (20, 21)
Best move: (4, 5)
Best move: (5, 20)
Executing gate at point (43, 0).
Executing gate at point (44, 2).
Executing gate at point (45, 0).
Executing gate at point (46, 2).
Executing gate at point (46, 0).
Executing gate at point (47, 2).
Executing gate at point (47, 5).
Executing gate at point (48, 2).
Executing gate at point (49, 2).
Executing gate at point (49, 5).
Executing gate at point (50, 2).
Executing gate at point (51, 2).
Best move: (5, 20)
Best move: (20, 24)
Best move: (19, 24)
Best move: (17, 19)
Executing gate at point (47, 0).
Executing gate at point (48, 0).
Executing gate at point (49, 0).
Executing gate at point (50, 1).
Best move: (17, 19)
Best move: (18, 19)
Best move: (2, 18)
Executing gate at point (50, 0).
Executing gate at point (51, 7).
Executing gate at point (51, 0).
Executing gate at point (52, 0).
Executing gate at point (53, 0).
Executing gate at point (53, 7).
Executing gate at point (54, 0).
Executing gate at point (55, 0).
Best move: (1, 2)
Best move: (2, 18)
Best move: (18, 19)
Best move: (17, 19)
Executing gate at point (51, 1).
Executing gate at point (52, 6).
Executing gate at point (52, 1).
Executing gate at point (53, 1).
Executing gate at point (54, 6).
Executing gate at point (54, 1).
Executing gate at point (55, 1).
Executing gate at point (56, 1).
Executing gate at point (56, 6).
Trying to solve brute-force congestion at gate [19, 16] with {0: 19, 1: 16, 2: 4, 3: 12, 4: 13, 5: 3, 6: 17, 7: 0}
Trying to moving ion 16... to 15
Ion assignment after moving ion 16: {0: 19, 1: 15, 2: 4, 3: 12, 4: 13, 5: 3, 6: 17, 7: 0}
Clearing endpoint 17.........
Gate position gate updated to [15 19]--------------c
Trying to moving ion 19... to 16
Ion assignment after moving ion 19: {0: 16, 1: 15, 2: 4, 3: 12, 4: 13, 5: 3, 6: 17, 7: 0}
Trying to solve brute-force congestion at gate [19, 4] with {0: 19, 1: 15, 2: 4, 3: 12, 4: 13, 5: 3, 6: 16, 7: 0}
Trying to moving ion 4... to 3
Ion assignment after moving ion 4: {0: 19, 1: 15, 2: 3, 3: 12, 4: 13, 5: 4, 6: 16, 7: 0}
Gate position gate updated to [ 3 19]--------------c
Trying to moving ion 19... to 4
Ion assignment after moving ion 19: {0: 4, 1: 15, 2: 3, 3: 12, 4: 13, 5: 5, 6: 16, 7: 0}
Trying to solve brute-force congestion at gate [3] with {0: 4, 1: 15, 2: 3, 3: 12, 4: 13, 5: 5, 6: 16, 7: 0}
Trying to moving ion 3... to 3
Ion assignment after moving ion 3: {0: 4, 1: 15, 2: 3, 3: 12, 4: 13, 5: 5, 6: 16, 7: 0}
Trying to solve brute-force congestion at gate [4, 3] with {0: 4, 1: 15, 2: 3, 3: 12, 4: 13, 5: 5, 6: 16, 7: 0}
Trying to moving ion 4... to 3
Ion assignment after moving ion 4: {0: 3, 1: 15, 2: 4, 3: 12, 4: 13, 5: 5, 6: 16, 7: 0}
Clearing endpoint 5.........
Gate position gate updated to [3 4]--------------c
Trying to moving ion 4... to 4
Ion assignment after moving ion 4: {0: 3, 1: 15, 2: 4, 3: 12, 4: 13, 5: 20, 6: 16, 7: 0}
Trying to solve brute-force congestion at gate [4] with {0: 3, 1: 15, 2: 4, 3: 12, 4: 13, 5: 20, 6: 16, 7: 0}
Trying to moving ion 4... to 3
Ion assignment after moving ion 4: {0: 4, 1: 15, 2: 3, 3: 12, 4: 13, 5: 20, 6: 16, 7: 0}
Trying to solve brute-force congestion at gate [15, 3] with {0: 4, 1: 15, 2: 3, 3: 12, 4: 13, 5: 20, 6: 16, 7: 0}
Trying to moving ion 3... to 3
Ion assignment after moving ion 3: {0: 4, 1: 15, 2: 3, 3: 12, 4: 13, 5: 20, 6: 16, 7: 0}
Gate position gate updated to [ 3 15]--------------c
Trying to moving ion 15... to 4
Ion assignment after moving ion 15: {0: 5, 1: 4, 2: 3, 3: 12, 4: 13, 5: 25, 6: 15, 7: 0}
Trying to solve brute-force congestion at gate [3] with {0: 5, 1: 4, 2: 3, 3: 12, 4: 13, 5: 25, 6: 15, 7: 0}
Trying to moving ion 3... to 3
Ion assignment after moving ion 3: {0: 5, 1: 4, 2: 3, 3: 12, 4: 13, 5: 25, 6: 15, 7: 0}
Trying to solve brute-force congestion at gate [4, 3] with {0: 5, 1: 4, 2: 3, 3: 12, 4: 13, 5: 25, 6: 15, 7: 0}
Trying to moving ion 4... to 3
Ion assignment after moving ion 4: {0: 5, 1: 3, 2: 4, 3: 12, 4: 13, 5: 25, 6: 15, 7: 0}
Clearing endpoint 5.........
Gate position gate updated to [3 4]--------------c
Trying to moving ion 4... to 4
Ion assignment after moving ion 4: {0: 20, 1: 3, 2: 4, 3: 12, 4: 13, 5: 25, 6: 15, 7: 0}
Trying to solve brute-force congestion at gate [20, 12] with {0: 20, 1: 3, 2: 4, 3: 12, 4: 13, 5: 25, 6: 15, 7: 0}
Trying to moving ion 12... to 12
Ion assignment after moving ion 12: {0: 20, 1: 3, 2: 4, 3: 12, 4: 13, 5: 25, 6: 15, 7: 0}
Gate position gate updated to [12 20]--------------c
Trying to moving ion 20... to 13
Ion assignment after moving ion 20: {0: 13, 1: 3, 2: 4, 3: 12, 4: 14, 5: 25, 6: 15, 7: 0}
Trying to solve brute-force congestion at gate [12] with {0: 13, 1: 3, 2: 4, 3: 12, 4: 14, 5: 25, 6: 15, 7: 0}
Trying to moving ion 12... to 12
Ion assignment after moving ion 12: {0: 13, 1: 3, 2: 4, 3: 12, 4: 14, 5: 25, 6: 15, 7: 0}
Trying to solve brute-force congestion at gate [13, 12] with {0: 13, 1: 3, 2: 4, 3: 12, 4: 14, 5: 25, 6: 15, 7: 0}
Trying to moving ion 13... to 12
Ion assignment after moving ion 13: {0: 12, 1: 3, 2: 4, 3: 13, 4: 14, 5: 25, 6: 15, 7: 0}
Clearing endpoint 14.........
Gate position gate updated to [12 13]--------------c
Trying to moving ion 13... to 13
Ion assignment after moving ion 13: {0: 12, 1: 3, 2: 4, 3: 13, 4: 21, 5: 25, 6: 15, 7: 0}
Trying to solve brute-force congestion at gate [3, 13] with {0: 12, 1: 3, 2: 4, 3: 13, 4: 21, 5: 25, 6: 15, 7: 0}
Trying to moving ion 3... to 3
Ion assignment after moving ion 3: {0: 12, 1: 3, 2: 4, 3: 13, 4: 21, 5: 25, 6: 15, 7: 0}
Gate position gate updated to [ 3 13]--------------c
Trying to moving ion 13... to 4
Ion assignment after moving ion 13: {0: 12, 1: 3, 2: 5, 3: 4, 4: 24, 5: 25, 6: 15, 7: 0}
Trying to solve brute-force congestion at gate [4] with {0: 12, 1: 3, 2: 5, 3: 4, 4: 24, 5: 25, 6: 15, 7: 0}
Trying to moving ion 4... to 3
Ion assignment after moving ion 4: {0: 12, 1: 4, 2: 5, 3: 3, 4: 24, 5: 25, 6: 15, 7: 0}
Trying to solve brute-force congestion at gate [4, 3] with {0: 12, 1: 4, 2: 5, 3: 3, 4: 24, 5: 25, 6: 15, 7: 0}
Trying to moving ion 4... to 3
Ion assignment after moving ion 4: {0: 12, 1: 3, 2: 5, 3: 4, 4: 24, 5: 25, 6: 15, 7: 0}
Clearing endpoint 5.........
Gate position gate updated to [3 4]--------------c
Trying to moving ion 4... to 4
Ion assignment after moving ion 4: {0: 12, 1: 3, 2: 20, 3: 4, 4: 24, 5: 25, 6: 15, 7: 0}
Trying to solve brute-force congestion at gate [4] with {0: 12, 1: 3, 2: 20, 3: 4, 4: 24, 5: 25, 6: 15, 7: 0}
Trying to moving ion 4... to 3
Ion assignment after moving ion 4: {0: 12, 1: 4, 2: 20, 3: 3, 4: 24, 5: 25, 6: 15, 7: 0}
Trying to solve brute-force congestion at gate [20, 3] with {0: 12, 1: 4, 2: 20, 3: 3, 4: 24, 5: 25, 6: 15, 7: 0}
Trying to moving ion 3... to 3
Ion assignment after moving ion 3: {0: 12, 1: 4, 2: 20, 3: 3, 4: 24, 5: 25, 6: 15, 7: 0}
Gate position gate updated to [ 3 20]--------------c
Trying to moving ion 20... to 4
Ion assignment after moving ion 20: {0: 12, 1: 5, 2: 4, 3: 3, 4: 24, 5: 25, 6: 15, 7: 0}
Trying to solve brute-force congestion at gate [4] with {0: 12, 1: 5, 2: 4, 3: 3, 4: 24, 5: 25, 6: 15, 7: 0}
Trying to moving ion 4... to 3
Ion assignment after moving ion 4: {0: 12, 1: 5, 2: 3, 3: 4, 4: 24, 5: 25, 6: 15, 7: 0}
Trying to solve brute-force congestion at gate [3, 4] with {0: 12, 1: 5, 2: 3, 3: 4, 4: 24, 5: 25, 6: 15, 7: 0}
Trying to moving ion 3... to 3
Ion assignment after moving ion 3: {0: 12, 1: 5, 2: 3, 3: 4, 4: 24, 5: 25, 6: 15, 7: 0}
Clearing endpoint 5.........
Gate position gate updated to [3 4]--------------c
Trying to moving ion 4... to 4
Ion assignment after moving ion 4: {0: 12, 1: 20, 2: 3, 3: 4, 4: 24, 5: 25, 6: 15, 7: 0}
Trying to solve brute-force congestion at gate [4] with {0: 12, 1: 20, 2: 3, 3: 4, 4: 24, 5: 25, 6: 15, 7: 0}
Trying to moving ion 4... to 3
Ion assignment after moving ion 4: {0: 12, 1: 20, 2: 4, 3: 3, 4: 24, 5: 25, 6: 15, 7: 0}
Trying to solve brute-force congestion at gate [12, 24] with {0: 12, 1: 20, 2: 4, 3: 3, 4: 24, 5: 25, 6: 15, 7: 0}
Trying to moving ion 12... to 12
Ion assignment after moving ion 12: {0: 12, 1: 20, 2: 4, 3: 3, 4: 24, 5: 25, 6: 15, 7: 0}
Gate position gate updated to [12 24]--------------c
Trying to moving ion 24... to 13
Ion assignment after moving ion 24: {0: 12, 1: 20, 2: 4, 3: 3, 4: 13, 5: 25, 6: 15, 7: 0}
Trying to solve brute-force congestion at gate [13] with {0: 12, 1: 20, 2: 4, 3: 3, 4: 13, 5: 25, 6: 15, 7: 0}
Trying to moving ion 13... to 12
Ion assignment after moving ion 13: {0: 13, 1: 20, 2: 4, 3: 3, 4: 12, 5: 25, 6: 15, 7: 0}
Trying to solve brute-force congestion at gate [13, 12] with {0: 13, 1: 20, 2: 4, 3: 3, 4: 12, 5: 25, 6: 15, 7: 0}
Trying to moving ion 13... to 12
Ion assignment after moving ion 13: {0: 12, 1: 20, 2: 4, 3: 3, 4: 13, 5: 25, 6: 15, 7: 0}
Gate position gate updated to [12 13]--------------c
Trying to moving ion 13... to 13
Ion assignment after moving ion 13: {0: 12, 1: 20, 2: 4, 3: 3, 4: 13, 5: 25, 6: 15, 7: 0}
Trying to solve brute-force congestion at gate [20, 13] with {0: 12, 1: 20, 2: 4, 3: 3, 4: 13, 5: 25, 6: 15, 7: 0}
Trying to moving ion 13... to 12
Ion assignment after moving ion 13: {0: 13, 1: 20, 2: 4, 3: 3, 4: 12, 5: 25, 6: 15, 7: 0}
Gate position gate updated to [12 20]--------------c
Trying to moving ion 20... to 13
Ion assignment after moving ion 20: {0: 14, 1: 13, 2: 4, 3: 3, 4: 12, 5: 25, 6: 15, 7: 0}
Trying to solve brute-force congestion at gate [12] with {0: 14, 1: 13, 2: 4, 3: 3, 4: 12, 5: 25, 6: 15, 7: 0}
Trying to moving ion 12... to 12
Ion assignment after moving ion 12: {0: 14, 1: 13, 2: 4, 3: 3, 4: 12, 5: 25, 6: 15, 7: 0}
Trying to solve brute-force congestion at gate [13, 12] with {0: 14, 1: 13, 2: 4, 3: 3, 4: 12, 5: 25, 6: 15, 7: 0}
Trying to moving ion 13... to 12
Ion assignment after moving ion 13: {0: 14, 1: 12, 2: 4, 3: 3, 4: 13, 5: 25, 6: 15, 7: 0}
Clearing endpoint 14.........
Gate position gate updated to [12 13]--------------c
Trying to moving ion 13... to 13
Ion assignment after moving ion 13: {0: 21, 1: 12, 2: 4, 3: 3, 4: 13, 5: 25, 6: 15, 7: 0}
Trying to solve brute-force congestion at gate [21, 25] with {0: 21, 1: 12, 2: 4, 3: 3, 4: 13, 5: 25, 6: 15, 7: 0}
Trying to moving ion 21... to 12
Ion assignment after moving ion 21: {0: 12, 1: 13, 2: 4, 3: 3, 4: 14, 5: 25, 6: 15, 7: 0}
Clearing endpoint 14.........
Gate position gate updated to [12 25]--------------c
Trying to moving ion 25... to 13
Ion assignment after moving ion 25: {0: 12, 1: 14, 2: 4, 3: 3, 4: 24, 5: 13, 6: 15, 7: 0}
Trying to solve brute-force congestion at gate [12] with {0: 12, 1: 14, 2: 4, 3: 3, 4: 24, 5: 13, 6: 15, 7: 0}
Trying to moving ion 12... to 12
Ion assignment after moving ion 12: {0: 12, 1: 14, 2: 4, 3: 3, 4: 24, 5: 13, 6: 15, 7: 0}
Trying to solve brute-force congestion at gate [12, 13] with {0: 12, 1: 14, 2: 4, 3: 3, 4: 24, 5: 13, 6: 15, 7: 0}
Trying to moving ion 12... to 12
Ion assignment after moving ion 12: {0: 12, 1: 14, 2: 4, 3: 3, 4: 24, 5: 13, 6: 15, 7: 0}
Clearing endpoint 14.........
Gate position gate updated to [12 13]--------------c
Trying to moving ion 13... to 13
Ion assignment after moving ion 13: {0: 12, 1: 21, 2: 4, 3: 3, 4: 24, 5: 13, 6: 15, 7: 0}
Trying to solve brute-force congestion at gate [24] with {0: 12, 1: 21, 2: 4, 3: 3, 4: 24, 5: 13, 6: 15, 7: 0}
Trying to moving ion 24... to 0
Ion assignment after moving ion 24: {0: 12, 1: 21, 2: 4, 3: 3, 4: 0, 5: 13, 6: 15, 7: 1}
Trying to solve brute-force congestion at gate [4, 0] with {0: 12, 1: 21, 2: 4, 3: 3, 4: 0, 5: 13, 6: 15, 7: 1}
Trying to moving ion 0... to 0
Ion assignment after moving ion 0: {0: 12, 1: 21, 2: 4, 3: 3, 4: 0, 5: 13, 6: 15, 7: 1}
Gate position gate updated to [0 4]--------------c
Trying to moving ion 4... to 1
Ion assignment after moving ion 4: {0: 12, 1: 21, 2: 1, 3: 3, 4: 0, 5: 13, 6: 15, 7: 2}
Trying to solve brute-force congestion at gate [1] with {0: 12, 1: 21, 2: 1, 3: 3, 4: 0, 5: 13, 6: 15, 7: 2}
Trying to moving ion 1... to 0
Ion assignment after moving ion 1: {0: 12, 1: 21, 2: 0, 3: 3, 4: 1, 5: 13, 6: 15, 7: 2}
Trying to solve brute-force congestion at gate [0, 1] with {0: 12, 1: 21, 2: 0, 3: 3, 4: 1, 5: 13, 6: 15, 7: 2}
Trying to moving ion 0... to 0
Ion assignment after moving ion 0: {0: 12, 1: 21, 2: 0, 3: 3, 4: 1, 5: 13, 6: 15, 7: 2}
Clearing endpoint 2.........
Gate position gate updated to [0 1]--------------c
Trying to moving ion 1... to 1
Ion assignment after moving ion 1: {0: 12, 1: 21, 2: 0, 3: 3, 4: 1, 5: 13, 6: 15, 7: 18}
Trying to solve brute-force congestion at gate [21, 13] with {0: 12, 1: 21, 2: 0, 3: 3, 4: 1, 5: 13, 6: 15, 7: 18}
Trying to moving ion 13... to 12
Ion assignment after moving ion 13: {0: 13, 1: 21, 2: 0, 3: 3, 4: 1, 5: 12, 6: 15, 7: 18}
Gate position gate updated to [12 21]--------------c
Trying to moving ion 21... to 13
Ion assignment after moving ion 21: {0: 14, 1: 13, 2: 0, 3: 3, 4: 1, 5: 12, 6: 15, 7: 18}
Trying to solve brute-force congestion at gate [14, 15] with {0: 14, 1: 13, 2: 0, 3: 3, 4: 1, 5: 12, 6: 15, 7: 18}
Trying to moving ion 15... to 15
Ion assignment after moving ion 15: {0: 14, 1: 13, 2: 0, 3: 3, 4: 1, 5: 12, 6: 15, 7: 18}
Gate position gate updated to [15 14]--------------c
Trying to moving ion 14... to 16
Ion assignment after moving ion 14: {0: 16, 1: 13, 2: 0, 3: 3, 4: 1, 5: 12, 6: 15, 7: 18}
Trying to solve brute-force congestion at gate [15] with {0: 16, 1: 13, 2: 0, 3: 3, 4: 1, 5: 12, 6: 15, 7: 18}
Trying to moving ion 15... to 15
Ion assignment after moving ion 15: {0: 16, 1: 13, 2: 0, 3: 3, 4: 1, 5: 12, 6: 15, 7: 18}
Trying to solve brute-force congestion at gate [16, 15] with {0: 16, 1: 13, 2: 0, 3: 3, 4: 1, 5: 12, 6: 15, 7: 18}
Trying to moving ion 16... to 15
Ion assignment after moving ion 16: {0: 15, 1: 13, 2: 0, 3: 3, 4: 1, 5: 12, 6: 16, 7: 18}
Gate position gate updated to [15 16]--------------c
Trying to moving ion 16... to 16
Ion assignment after moving ion 16: {0: 15, 1: 13, 2: 0, 3: 3, 4: 1, 5: 12, 6: 16, 7: 18}
Trying to solve brute-force congestion at gate [13, 16] with {0: 15, 1: 13, 2: 0, 3: 3, 4: 1, 5: 12, 6: 16, 7: 18}
Trying to moving ion 13... to 12
Ion assignment after moving ion 13: {0: 15, 1: 12, 2: 0, 3: 3, 4: 1, 5: 13, 6: 16, 7: 18}
Gate position gate updated to [12 16]--------------c
Trying to moving ion 16... to 13
Ion assignment after moving ion 16: {0: 15, 1: 12, 2: 0, 3: 3, 4: 1, 5: 14, 6: 13, 7: 18}
Trying to solve brute-force congestion at gate [15, 18] with {0: 15, 1: 12, 2: 0, 3: 3, 4: 1, 5: 14, 6: 13, 7: 18}
Trying to moving ion 15... to 15
Ion assignment after moving ion 15: {0: 15, 1: 12, 2: 0, 3: 3, 4: 1, 5: 14, 6: 13, 7: 18}
Gate position gate updated to [15 18]--------------c
Trying to moving ion 18... to 16
Ion assignment after moving ion 18: {0: 15, 1: 12, 2: 0, 3: 3, 4: 1, 5: 14, 6: 13, 7: 16}
Trying to solve brute-force congestion at gate [12, 13] with {0: 15, 1: 12, 2: 0, 3: 3, 4: 1, 5: 14, 6: 13, 7: 16}
Trying to moving ion 12... to 12
Ion assignment after moving ion 12: {0: 15, 1: 12, 2: 0, 3: 3, 4: 1, 5: 14, 6: 13, 7: 16}
Clearing endpoint 14.........
Gate position gate updated to [12 13]--------------c
Trying to moving ion 13... to 13
Ion assignment after moving ion 13: {0: 15, 1: 12, 2: 0, 3: 3, 4: 1, 5: 21, 6: 13, 7: 16}
Trying to solve brute-force congestion at gate [12] with {0: 15, 1: 12, 2: 0, 3: 3, 4: 1, 5: 21, 6: 13, 7: 16}
Trying to moving ion 12... to 12
Ion assignment after moving ion 12: {0: 15, 1: 12, 2: 0, 3: 3, 4: 1, 5: 21, 6: 13, 7: 16}
Trying to solve brute-force congestion at gate [3, 1] with {0: 15, 1: 12, 2: 0, 3: 3, 4: 1, 5: 21, 6: 13, 7: 16}
Trying to moving ion 3... to 3
Ion assignment after moving ion 3: {0: 15, 1: 12, 2: 0, 3: 3, 4: 1, 5: 21, 6: 13, 7: 16}
Gate position gate updated to [3 1]--------------c
Trying to moving ion 1... to 4
Ion assignment after moving ion 1: {0: 15, 1: 12, 2: 0, 3: 3, 4: 4, 5: 21, 6: 13, 7: 16}
Trying to solve brute-force congestion at gate [12, 16] with {0: 15, 1: 12, 2: 0, 3: 3, 4: 4, 5: 21, 6: 13, 7: 16}
Trying to moving ion 12... to 12
Ion assignment after moving ion 12: {0: 15, 1: 12, 2: 0, 3: 3, 4: 4, 5: 21, 6: 13, 7: 16}
Gate position gate updated to [12 16]--------------c
Trying to moving ion 16... to 13
Ion assignment after moving ion 16: {0: 15, 1: 12, 2: 0, 3: 3, 4: 4, 5: 25, 6: 14, 7: 13}
Trying to solve brute-force congestion at gate [3, 4] with {0: 15, 1: 12, 2: 0, 3: 3, 4: 4, 5: 25, 6: 14, 7: 13}
Trying to moving ion 3... to 3
Ion assignment after moving ion 3: {0: 15, 1: 12, 2: 0, 3: 3, 4: 4, 5: 25, 6: 14, 7: 13}
Gate position gate updated to [3 4]--------------c
Trying to moving ion 4... to 4
Ion assignment after moving ion 4: {0: 15, 1: 12, 2: 0, 3: 3, 4: 4, 5: 25, 6: 14, 7: 13}
Trying to solve brute-force congestion at gate [4] with {0: 15, 1: 12, 2: 0, 3: 3, 4: 4, 5: 25, 6: 14, 7: 13}
Trying to moving ion 4... to 3
Ion assignment after moving ion 4: {0: 15, 1: 12, 2: 0, 3: 4, 4: 3, 5: 25, 6: 14, 7: 13}
Trying to solve brute-force congestion at gate [13] with {0: 15, 1: 12, 2: 0, 3: 4, 4: 3, 5: 25, 6: 14, 7: 13}
Trying to moving ion 13... to 12
Ion assignment after moving ion 13: {0: 15, 1: 13, 2: 0, 3: 4, 4: 3, 5: 25, 6: 14, 7: 12}
Trying to solve brute-force congestion at gate [0, 25] with {0: 15, 1: 13, 2: 0, 3: 4, 4: 3, 5: 25, 6: 14, 7: 12}
Trying to moving ion 0... to 0
Ion assignment after moving ion 0: {0: 15, 1: 13, 2: 0, 3: 4, 4: 3, 5: 25, 6: 14, 7: 12}
Gate position gate updated to [ 0 25]--------------c
Trying to moving ion 25... to 1
Ion assignment after moving ion 25: {0: 15, 1: 13, 2: 0, 3: 4, 4: 3, 5: 1, 6: 14, 7: 12}
Trying to solve brute-force congestion at gate [1] with {0: 15, 1: 13, 2: 0, 3: 4, 4: 3, 5: 1, 6: 14, 7: 12}
Trying to moving ion 1... to 0
Ion assignment after moving ion 1: {0: 15, 1: 13, 2: 1, 3: 4, 4: 3, 5: 0, 6: 14, 7: 12}
Trying to solve brute-force congestion at gate [1, 0] with {0: 15, 1: 13, 2: 1, 3: 4, 4: 3, 5: 0, 6: 14, 7: 12}
Trying to moving ion 1... to 0
Ion assignment after moving ion 1: {0: 15, 1: 13, 2: 0, 3: 4, 4: 3, 5: 1, 6: 14, 7: 12}
Gate position gate updated to [0 1]--------------c
Trying to moving ion 1... to 1
Ion assignment after moving ion 1: {0: 15, 1: 13, 2: 0, 3: 4, 4: 3, 5: 1, 6: 14, 7: 12}
Trying to solve brute-force congestion at gate [0, 14] with {0: 15, 1: 13, 2: 0, 3: 4, 4: 3, 5: 1, 6: 14, 7: 12}
Trying to moving ion 0... to 0
Ion assignment after moving ion 0: {0: 15, 1: 13, 2: 0, 3: 4, 4: 3, 5: 1, 6: 14, 7: 12}
Gate position gate updated to [ 0 14]--------------c
Trying to moving ion 14... to 1
Ion assignment after moving ion 14: {0: 15, 1: 13, 2: 0, 3: 4, 4: 3, 5: 2, 6: 1, 7: 12}
Trying to solve brute-force congestion at gate [4, 2] with {0: 15, 1: 13, 2: 0, 3: 4, 4: 3, 5: 2, 6: 1, 7: 12}
Trying to moving ion 4... to 3
Ion assignment after moving ion 4: {0: 15, 1: 13, 2: 0, 3: 3, 4: 4, 5: 2, 6: 1, 7: 12}
Gate position gate updated to [3 2]--------------c
Trying to moving ion 2... to 4
Ion assignment after moving ion 2: {0: 15, 1: 13, 2: 0, 3: 3, 4: 5, 5: 4, 6: 1, 7: 12}
Trying to solve brute-force congestion at gate [0, 1] with {0: 15, 1: 13, 2: 0, 3: 3, 4: 5, 5: 4, 6: 1, 7: 12}
Trying to moving ion 0... to 0
Ion assignment after moving ion 0: {0: 15, 1: 13, 2: 0, 3: 3, 4: 5, 5: 4, 6: 1, 7: 12}
Gate position gate updated to [0 1]--------------c
Trying to moving ion 1... to 1
Ion assignment after moving ion 1: {0: 15, 1: 13, 2: 0, 3: 3, 4: 5, 5: 4, 6: 1, 7: 12}
Trying to solve brute-force congestion at gate [3, 4] with {0: 15, 1: 13, 2: 0, 3: 3, 4: 5, 5: 4, 6: 1, 7: 12}
Trying to moving ion 3... to 3
Ion assignment after moving ion 3: {0: 15, 1: 13, 2: 0, 3: 3, 4: 5, 5: 4, 6: 1, 7: 12}
Clearing endpoint 5.........
Gate position gate updated to [3 4]--------------c
Trying to moving ion 4... to 4
Ion assignment after moving ion 4: {0: 15, 1: 13, 2: 0, 3: 3, 4: 20, 5: 4, 6: 1, 7: 12}
Trying to solve brute-force congestion at gate [3] with {0: 15, 1: 13, 2: 0, 3: 3, 4: 20, 5: 4, 6: 1, 7: 12}
Trying to moving ion 3... to 3
Ion assignment after moving ion 3: {0: 15, 1: 13, 2: 0, 3: 3, 4: 20, 5: 4, 6: 1, 7: 12}
Trying to solve brute-force congestion at gate [20, 4] with {0: 15, 1: 13, 2: 0, 3: 3, 4: 20, 5: 4, 6: 1, 7: 12}
Trying to moving ion 4... to 3
Ion assignment after moving ion 4: {0: 15, 1: 13, 2: 0, 3: 4, 4: 20, 5: 3, 6: 1, 7: 12}
Gate position gate updated to [ 3 20]--------------c
Trying to moving ion 20... to 4
Ion assignment after moving ion 20: {0: 15, 1: 13, 2: 0, 3: 5, 4: 4, 5: 3, 6: 1, 7: 12}
Trying to solve brute-force congestion at gate [3] with {0: 15, 1: 13, 2: 0, 3: 5, 4: 4, 5: 3, 6: 1, 7: 12}
Trying to moving ion 3... to 3
Ion assignment after moving ion 3: {0: 15, 1: 13, 2: 0, 3: 5, 4: 4, 5: 3, 6: 1, 7: 12}
Trying to solve brute-force congestion at gate [4, 3] with {0: 15, 1: 13, 2: 0, 3: 5, 4: 4, 5: 3, 6: 1, 7: 12}
Trying to moving ion 4... to 3
Ion assignment after moving ion 4: {0: 15, 1: 13, 2: 0, 3: 5, 4: 3, 5: 4, 6: 1, 7: 12}
Clearing endpoint 5.........
Gate position gate updated to [3 4]--------------c
Trying to moving ion 4... to 4
Ion assignment after moving ion 4: {0: 15, 1: 13, 2: 0, 3: 20, 4: 3, 5: 4, 6: 1, 7: 12}
Trying to solve brute-force congestion at gate [3] with {0: 15, 1: 13, 2: 0, 3: 20, 4: 3, 5: 4, 6: 1, 7: 12}
Trying to moving ion 3... to 3
Ion assignment after moving ion 3: {0: 15, 1: 13, 2: 0, 3: 20, 4: 3, 5: 4, 6: 1, 7: 12}
Trying to solve brute-force congestion at gate [0, 12] with {0: 15, 1: 13, 2: 0, 3: 20, 4: 3, 5: 4, 6: 1, 7: 12}
Trying to moving ion 0... to 0
Ion assignment after moving ion 0: {0: 15, 1: 13, 2: 0, 3: 20, 4: 3, 5: 4, 6: 1, 7: 12}
Gate position gate updated to [ 0 12]--------------c
Trying to moving ion 12... to 1
Ion assignment after moving ion 12: {0: 15, 1: 12, 2: 0, 3: 20, 4: 3, 5: 4, 6: 2, 7: 1}
Trying to solve brute-force congestion at gate [0] with {0: 15, 1: 12, 2: 0, 3: 20, 4: 3, 5: 4, 6: 2, 7: 1}
Trying to moving ion 0... to 0
Ion assignment after moving ion 0: {0: 15, 1: 12, 2: 0, 3: 20, 4: 3, 5: 4, 6: 2, 7: 1}
Trying to solve brute-force congestion at gate [0, 1] with {0: 15, 1: 12, 2: 0, 3: 20, 4: 3, 5: 4, 6: 2, 7: 1}
Trying to moving ion 0... to 0
Ion assignment after moving ion 0: {0: 15, 1: 12, 2: 0, 3: 20, 4: 3, 5: 4, 6: 2, 7: 1}
Clearing endpoint 2.........
Gate position gate updated to [0 1]--------------c
Trying to moving ion 1... to 1
Ion assignment after moving ion 1: {0: 15, 1: 12, 2: 0, 3: 20, 4: 3, 5: 4, 6: 18, 7: 1}
Trying to solve brute-force congestion at gate [0] with {0: 15, 1: 12, 2: 0, 3: 20, 4: 3, 5: 4, 6: 18, 7: 1}
Trying to moving ion 0... to 0
Ion assignment after moving ion 0: {0: 15, 1: 12, 2: 0, 3: 20, 4: 3, 5: 4, 6: 18, 7: 1}
Trying to solve brute-force congestion at gate [20, 18] with {0: 15, 1: 12, 2: 0, 3: 20, 4: 3, 5: 4, 6: 18, 7: 1}
Trying to moving ion 20... to 12
Ion assignment after moving ion 20: {0: 15, 1: 13, 2: 0, 3: 12, 4: 3, 5: 4, 6: 18, 7: 1}
Gate position gate updated to [12 18]--------------c
Trying to moving ion 18... to 13
Ion assignment after moving ion 18: {0: 15, 1: 14, 2: 0, 3: 12, 4: 3, 5: 4, 6: 13, 7: 1}
Trying to solve brute-force congestion at gate [13] with {0: 15, 1: 14, 2: 0, 3: 12, 4: 3, 5: 4, 6: 13, 7: 1}
Trying to moving ion 13... to 12
Ion assignment after moving ion 13: {0: 15, 1: 14, 2: 0, 3: 13, 4: 3, 5: 4, 6: 12, 7: 1}
Trying to solve brute-force congestion at gate [13, 12] with {0: 15, 1: 14, 2: 0, 3: 13, 4: 3, 5: 4, 6: 12, 7: 1}
Trying to moving ion 13... to 12
Ion assignment after moving ion 13: {0: 15, 1: 14, 2: 0, 3: 12, 4: 3, 5: 4, 6: 13, 7: 1}
Clearing endpoint 14.........
Gate position gate updated to [12 13]--------------c
Trying to moving ion 13... to 13
Ion assignment after moving ion 13: {0: 15, 1: 21, 2: 0, 3: 12, 4: 3, 5: 4, 6: 13, 7: 1}
Trying to solve brute-force congestion at gate [3, 13] with {0: 15, 1: 21, 2: 0, 3: 12, 4: 3, 5: 4, 6: 13, 7: 1}
Trying to moving ion 3... to 3
Ion assignment after moving ion 3: {0: 15, 1: 21, 2: 0, 3: 12, 4: 3, 5: 4, 6: 13, 7: 1}
Gate position gate updated to [ 3 13]--------------c
Trying to moving ion 13... to 4
Ion assignment after moving ion 13: {0: 15, 1: 24, 2: 0, 3: 12, 4: 3, 5: 5, 6: 4, 7: 1}
Trying to solve brute-force congestion at gate [12, 1] with {0: 15, 1: 24, 2: 0, 3: 12, 4: 3, 5: 5, 6: 4, 7: 1}
Trying to moving ion 12... to 12
Ion assignment after moving ion 12: {0: 15, 1: 24, 2: 0, 3: 12, 4: 3, 5: 5, 6: 4, 7: 1}
Gate position gate updated to [12  1]--------------c
Trying to moving ion 1... to 13
Ion assignment after moving ion 1: {0: 15, 1: 25, 2: 0, 3: 12, 4: 3, 5: 5, 6: 4, 7: 13}
Trying to solve brute-force congestion at gate [3, 4] with {0: 15, 1: 25, 2: 0, 3: 12, 4: 3, 5: 5, 6: 4, 7: 13}
Trying to moving ion 3... to 3
Ion assignment after moving ion 3: {0: 15, 1: 25, 2: 0, 3: 12, 4: 3, 5: 5, 6: 4, 7: 13}
Clearing endpoint 5.........
Gate position gate updated to [3 4]--------------c
Trying to moving ion 4... to 4
Ion assignment after moving ion 4: {0: 15, 1: 25, 2: 0, 3: 12, 4: 3, 5: 20, 6: 4, 7: 13}
Trying to solve brute-force congestion at gate [3] with {0: 15, 1: 25, 2: 0, 3: 12, 4: 3, 5: 20, 6: 4, 7: 13}
Trying to moving ion 3... to 3
Ion assignment after moving ion 3: {0: 15, 1: 25, 2: 0, 3: 12, 4: 3, 5: 20, 6: 4, 7: 13}
Trying to solve brute-force congestion at gate [13] with {0: 15, 1: 25, 2: 0, 3: 12, 4: 3, 5: 20, 6: 4, 7: 13}
Trying to moving ion 13... to 12
Ion assignment after moving ion 13: {0: 15, 1: 25, 2: 0, 3: 13, 4: 3, 5: 20, 6: 4, 7: 12}
Trying to solve brute-force congestion at gate [3, 12] with {0: 15, 1: 25, 2: 0, 3: 13, 4: 3, 5: 20, 6: 4, 7: 12}
Trying to moving ion 3... to 3
Ion assignment after moving ion 3: {0: 15, 1: 25, 2: 0, 3: 13, 4: 3, 5: 20, 6: 4, 7: 12}
Gate position gate updated to [ 3 12]--------------c
Trying to moving ion 12... to 4
Ion assignment after moving ion 12: {0: 15, 1: 25, 2: 0, 3: 12, 4: 3, 5: 24, 6: 5, 7: 4}
Trying to solve brute-force congestion at gate [24, 5] with {0: 15, 1: 25, 2: 0, 3: 12, 4: 3, 5: 24, 6: 5, 7: 4}
Trying to moving ion 5... to 3
Ion assignment after moving ion 5: {0: 15, 1: 25, 2: 0, 3: 12, 4: 4, 5: 24, 6: 3, 7: 5}
Clearing endpoint 5.........
Gate position gate updated to [ 3 24]--------------c
Trying to moving ion 24... to 4
Ion assignment after moving ion 24: {0: 15, 1: 25, 2: 0, 3: 12, 4: 5, 5: 4, 6: 3, 7: 21}
Trying to solve brute-force congestion at gate [4] with {0: 15, 1: 25, 2: 0, 3: 12, 4: 5, 5: 4, 6: 3, 7: 21}
Trying to moving ion 4... to 3
Ion assignment after moving ion 4: {0: 15, 1: 25, 2: 0, 3: 12, 4: 5, 5: 3, 6: 4, 7: 21}
Trying to solve brute-force congestion at gate [5, 21] with {0: 15, 1: 25, 2: 0, 3: 12, 4: 5, 5: 3, 6: 4, 7: 21}
Trying to moving ion 5... to 3
Ion assignment after moving ion 5: {0: 15, 1: 25, 2: 0, 3: 12, 4: 3, 5: 4, 6: 5, 7: 21}
Clearing endpoint 5.........
Gate position gate updated to [ 3 21]--------------c
Trying to moving ion 21... to 4
Ion assignment after moving ion 21: {0: 15, 1: 25, 2: 0, 3: 12, 4: 3, 5: 5, 6: 24, 7: 4}
Trying to solve brute-force congestion at gate [3] with {0: 15, 1: 25, 2: 0, 3: 12, 4: 3, 5: 5, 6: 24, 7: 4}
Trying to moving ion 3... to 3
Ion assignment after moving ion 3: {0: 15, 1: 25, 2: 0, 3: 12, 4: 3, 5: 5, 6: 24, 7: 4}
Trying to solve brute-force congestion at gate [5, 24] with {0: 15, 1: 25, 2: 0, 3: 12, 4: 3, 5: 5, 6: 24, 7: 4}
Trying to moving ion 5... to 3
Ion assignment after moving ion 5: {0: 15, 1: 25, 2: 0, 3: 12, 4: 4, 5: 3, 6: 24, 7: 5}
Clearing endpoint 5.........
Gate position gate updated to [ 3 24]--------------c
Trying to moving ion 24... to 4
Ion assignment after moving ion 24: {0: 15, 1: 25, 2: 0, 3: 12, 4: 5, 5: 3, 6: 4, 7: 21}
Trying to solve brute-force congestion at gate [3] with {0: 15, 1: 25, 2: 0, 3: 12, 4: 5, 5: 3, 6: 4, 7: 21}
Trying to moving ion 3... to 3
Ion assignment after moving ion 3: {0: 15, 1: 25, 2: 0, 3: 12, 4: 5, 5: 3, 6: 4, 7: 21}
Trying to solve brute-force congestion at gate [3, 21] with {0: 15, 1: 25, 2: 0, 3: 12, 4: 5, 5: 3, 6: 4, 7: 21}
Trying to moving ion 3... to 3
Ion assignment after moving ion 3: {0: 15, 1: 25, 2: 0, 3: 12, 4: 5, 5: 3, 6: 4, 7: 21}
Clearing endpoint 5.........
Gate position gate updated to [ 3 21]--------------c
Trying to moving ion 21... to 4
Ion assignment after moving ion 21: {0: 15, 1: 25, 2: 0, 3: 12, 4: 24, 5: 3, 6: 5, 7: 4}
Trying to solve brute-force congestion at gate [4] with {0: 15, 1: 25, 2: 0, 3: 12, 4: 24, 5: 3, 6: 5, 7: 4}
Trying to moving ion 4... to 3
Ion assignment after moving ion 4: {0: 15, 1: 25, 2: 0, 3: 12, 4: 24, 5: 4, 6: 5, 7: 3}
Trying to solve brute-force congestion at gate [4, 3] with {0: 15, 1: 25, 2: 0, 3: 12, 4: 24, 5: 4, 6: 5, 7: 3}
Trying to moving ion 4... to 3
Ion assignment after moving ion 4: {0: 15, 1: 25, 2: 0, 3: 12, 4: 24, 5: 3, 6: 5, 7: 4}
Clearing endpoint 5.........
Gate position gate updated to [3 4]--------------c
Trying to moving ion 4... to 4
Ion assignment after moving ion 4: {0: 15, 1: 25, 2: 0, 3: 12, 4: 24, 5: 3, 6: 20, 7: 4}
Trying to solve brute-force congestion at gate [20, 4] with {0: 15, 1: 25, 2: 0, 3: 12, 4: 24, 5: 3, 6: 20, 7: 4}
Trying to moving ion 4... to 3
Ion assignment after moving ion 4: {0: 15, 1: 25, 2: 0, 3: 12, 4: 24, 5: 4, 6: 20, 7: 3}
Gate position gate updated to [ 3 20]--------------c
Trying to moving ion 20... to 4
Ion assignment after moving ion 20: {0: 15, 1: 25, 2: 0, 3: 12, 4: 24, 5: 5, 6: 4, 7: 3}
Trying to solve brute-force congestion at gate [3] with {0: 15, 1: 25, 2: 0, 3: 12, 4: 24, 5: 5, 6: 4, 7: 3}
Trying to moving ion 3... to 3
Ion assignment after moving ion 3: {0: 15, 1: 25, 2: 0, 3: 12, 4: 24, 5: 5, 6: 4, 7: 3}
Trying to solve brute-force congestion at gate [4, 3] with {0: 15, 1: 25, 2: 0, 3: 12, 4: 24, 5: 5, 6: 4, 7: 3}
Trying to moving ion 4... to 3
Ion assignment after moving ion 4: {0: 15, 1: 25, 2: 0, 3: 12, 4: 24, 5: 5, 6: 3, 7: 4}
Clearing endpoint 5.........
Gate position gate updated to [3 4]--------------c
Trying to moving ion 4... to 4
Ion assignment after moving ion 4: {0: 15, 1: 25, 2: 0, 3: 12, 4: 24, 5: 20, 6: 3, 7: 4}
Trying to solve brute-force congestion at gate [4] with {0: 15, 1: 25, 2: 0, 3: 12, 4: 24, 5: 20, 6: 3, 7: 4}
Trying to moving ion 4... to 3
Ion assignment after moving ion 4: {0: 15, 1: 25, 2: 0, 3: 12, 4: 24, 5: 20, 6: 4, 7: 3}
Executing gate at point (0, 7).
Executing gate at point (0, 2).
Executing gate at point (1, 6).
Executing gate at point (2, 7).
Executing gate at point (3, 6).
Executing gate at point (4, 6).
Best move: (21, 24)
Best move: (3, 4)
Best move: (14, 21)
Executing gate at point (0, 4).
Best move: (5, 20)
Executing gate at point (4, 5).
Executing gate at point (5, 7).
Executing gate at point (6, 5).
Executing gate at point (7, 5).
Executing gate at point (7, 7).
Executing gate at point (8, 5).
Executing gate at point (9, 5).
Executing gate at point (10, 5).
Executing gate at point (11, 6).
Best move: (4, 5)
Best move: (5, 20)
Best move: (20, 21)
Best move: (13, 14)
Best move: (14, 21)
Executing gate at point (8, 4).
Executing gate at point (9, 4).
Executing gate at point (10, 4).
Executing gate at point (11, 7).
Executing gate at point (11, 4).
Executing gate at point (12, 3).
Executing gate at point (13, 7).
Executing gate at point (14, 3).
Executing gate at point (15, 7).
Executing gate at point (15, 3).
Best move: (14, 21)
Best move: (13, 14)
Best move: (3, 4)
Best move: (3, 4)
Best move: (3, 4)
Try bruteforce due to repeated pattern...
Trying to solve brute-force congestion at gate [14, 4] with {0: 15, 1: 25, 2: 0, 3: 12, 4: 14, 5: 3, 6: 4, 7: 21}
Trying to moving ion 4... to 3
Ion assignment after moving ion 4: {0: 15, 1: 25, 2: 0, 3: 12, 4: 14, 5: 4, 6: 3, 7: 21}
Gate position gate updated to [ 3 14]--------------c
Trying to moving ion 14... to 4
Ion assignment after moving ion 14: {0: 15, 1: 25, 2: 0, 3: 12, 4: 4, 5: 5, 6: 3, 7: 24}
Executing gate at point (12, 4).
Executing gate at point (13, 6).
Executing gate at point (14, 4).
Executing gate at point (15, 4).
Executing gate at point (16, 4).
Executing gate at point (17, 5).
Executing gate at point (18, 4).
Executing gate at point (19, 4).
Executing gate at point (19, 5).
Best move: (18, 24)
Best move: (2, 18)
Executing gate at point (16, 2).
Executing gate at point (17, 2).
Executing gate at point (18, 2).
Executing gate at point (19, 7).
Executing gate at point (19, 2).
Best move: (24, 25)
Best move: (18, 24)
Best move: (3, 4)
Best move: (4, 5)
Best move: (5, 20)
Best move: (20, 21)
Best move: (14, 21)
Executing gate at point (16, 3).
Executing gate at point (17, 6).
Executing gate at point (18, 3).
Executing gate at point (19, 6).
Executing gate at point (19, 3).
Best move: (14, 21)
Best move: (4, 5)
Best move: (5, 20)
Best move: (12, 13)
Best move: (20, 24)
Best move: (20, 24)
Best move: (20, 24)
Try bruteforce due to repeated pattern...
Trying to solve brute-force congestion at gate [13, 24] with {0: 15, 1: 18, 2: 0, 3: 13, 4: 3, 5: 24, 6: 21, 7: 2}
Trying to moving ion 13... to 12
Ion assignment after moving ion 13: {0: 15, 1: 18, 2: 0, 3: 12, 4: 3, 5: 24, 6: 21, 7: 2}
Gate position gate updated to [12 24]--------------c
Trying to moving ion 24... to 13
Ion assignment after moving ion 24: {0: 15, 1: 18, 2: 0, 3: 12, 4: 3, 5: 13, 6: 25, 7: 2}
Executing gate at point (20, 3).
Executing gate at point (21, 5).
Executing gate at point (22, 3).
Executing gate at point (23, 3).
Best move: (24, 25)
Best move: (1, 2)
Best move: (12, 13)
Best move: (13, 14)
Best move: (14, 21)
Best move: (20, 21)
Best move: (5, 20)
Executing gate at point (24, 3).
Executing gate at point (25, 3).
Executing gate at point (26, 3).
Executing gate at point (27, 3).
Best move: (19, 24)
Best move: (19, 24)
Best move: (2, 18)
Executing gate at point (20, 1).
Executing gate at point (21, 7).
Executing gate at point (22, 1).
Executing gate at point (23, 1).
Best move: (1, 2)
Best move: (2, 18)
Best move: (18, 19)
Best move: (18, 24)
Best move: (17, 19)
Executing gate at point (23, 0).
Executing gate at point (24, 7).
Executing gate at point (25, 0).
Executing gate at point (26, 0).
Executing gate at point (26, 7).
Best move: (2, 18)
Executing gate at point (20, 2).
Executing gate at point (21, 6).
Executing gate at point (22, 2).
Executing gate at point (24, 1).
Executing gate at point (25, 6).
Executing gate at point (26, 1).
Executing gate at point (27, 1).
Best move: (2, 18)
Best move: (18, 19)
Best move: (15, 16)
Best move: (15, 16)
Best move: (15, 16)
Try bruteforce due to repeated pattern...
Trying to solve brute-force congestion at gate [16, 19] with {0: 16, 1: 1, 2: 0, 3: 5, 4: 3, 5: 12, 6: 19, 7: 17}
Trying to moving ion 16... to 15
Ion assignment after moving ion 16: {0: 15, 1: 1, 2: 0, 3: 5, 4: 3, 5: 12, 6: 19, 7: 17}
Clearing endpoint 17.........
Gate position gate updated to [15 19]--------------c
Trying to moving ion 19... to 16
Ion assignment after moving ion 19: {0: 15, 1: 1, 2: 0, 3: 5, 4: 3, 5: 12, 6: 16, 7: 17}
Executing gate at point (27, 0).
Executing gate at point (28, 6).
Executing gate at point (29, 0).
Executing gate at point (30, 0).
Executing gate at point (30, 6).
Best move: (12, 13)
Best move: (13, 14)
Best move: (14, 21)
Best move: (21, 24)
Best move: (18, 24)
Best move: (2, 18)
Executing gate at point (23, 2).
Executing gate at point (24, 5).
Executing gate at point (25, 2).
Executing gate at point (28, 1).
Executing gate at point (26, 2).
Executing gate at point (29, 5).
Executing gate at point (30, 1).
Executing gate at point (31, 5).
Best move: (2, 18)
Best move: (3, 4)
Best move: (4, 5)
Best move: (5, 20)
Best move: (20, 24)
Best move: (0, 1)
Best move: (19, 24)
Best move: (19, 24)
Try bruteforce due to multiple steps (8) to solve one gate
Trying to solve brute-force congestion at gate [1, 24] with {0: 15, 1: 0, 2: 1, 3: 4, 4: 24, 5: 18, 6: 16, 7: 17}
Trying to moving ion 1... to 0
Ion assignment after moving ion 1: {0: 15, 1: 1, 2: 0, 3: 4, 4: 24, 5: 18, 6: 16, 7: 17}
Gate position gate updated to [ 0 24]--------------c
Trying to moving ion 24... to 1
Ion assignment after moving ion 24: {0: 15, 1: 2, 2: 0, 3: 4, 4: 1, 5: 19, 6: 16, 7: 17}
Executing gate at point (27, 2).
Executing gate at point (28, 2).
Executing gate at point (29, 2).
Executing gate at point (30, 4).
Executing gate at point (31, 1).
Executing gate at point (32, 4).
Executing gate at point (33, 1).
Executing gate at point (34, 1).
Best move: (0, 1)
Best move: (1, 2)
Best move: (2, 18)
Best move: (18, 24)
Best move: (20, 24)
Best move: (5, 20)
Executing gate at point (30, 2).
Executing gate at point (31, 2).
Executing gate at point (32, 2).
Executing gate at point (33, 3).
Best move: (15, 16)
Best move: (16, 17)
Best move: (4, 5)
Best move: (5, 20)
Best move: (20, 24)
Best move: (18, 24)
Best move: (2, 18)
Executing gate at point (35, 1).
Executing gate at point (36, 3).
Executing gate at point (37, 1).
Best move: (1, 2)
Best move: (2, 18)
Best move: (18, 24)
Best move: (20, 24)
Best move: (5, 20)
Executing gate at point (38, 1).
Executing gate at point (39, 2).
Executing gate at point (40, 1).
Executing gate at point (41, 1).
Executing gate at point (41, 2).
Best move: (19, 24)
Best move: (17, 19)
Best move: (21, 24)
Best move: (19, 24)
Best move: (14, 21)
Best move: (21, 24)
Best move: (13, 14)
Best move: (14, 21)
Try bruteforce due to multiple steps (8) to solve one gate
Trying to solve brute-force congestion at gate [14, 13] with {0: 14, 1: 5, 2: 4, 3: 1, 4: 0, 5: 13, 6: 15, 7: 16}
Trying to moving ion 14... to 12
Ion assignment after moving ion 14: {0: 12, 1: 5, 2: 4, 3: 1, 4: 0, 5: 14, 6: 15, 7: 16}
Gate position gate updated to [12 14]--------------c
Trying to moving ion 14... to 13
Ion assignment after moving ion 14: {0: 12, 1: 5, 2: 4, 3: 1, 4: 0, 5: 13, 6: 15, 7: 16}
Executing gate at point (32, 0).
Executing gate at point (33, 0).
Executing gate at point (34, 0).
Executing gate at point (35, 5).
Executing gate at point (35, 0).
Best move: (12, 13)
Best move: (13, 14)
Best move: (14, 21)
Best move: (21, 24)
Best move: (18, 24)
Best move: (2, 18)
Executing gate at point (36, 0).
Executing gate at point (37, 4).
Executing gate at point (38, 0).
Executing gate at point (39, 0).
Executing gate at point (39, 4).
Executing gate at point (40, 3).
Executing gate at point (41, 0).
Executing gate at point (42, 0).
Executing gate at point (42, 3).
Executing gate at point (43, 3).
Executing gate at point (44, 4).
Executing gate at point (44, 3).
Executing gate at point (45, 3).
Executing gate at point (46, 3).
Executing gate at point (46, 4).
Executing gate at point (47, 3).
Best move: (2, 18)
Best move: (18, 24)
Best move: (20, 24)
Best move: (3, 4)
Best move: (3, 4)
Try bruteforce due to repeated pattern...
Trying to solve brute-force congestion at gate [20, 4] with {0: 20, 1: 5, 2: 4, 3: 1, 4: 0, 5: 12, 6: 15, 7: 16}
Trying to moving ion 4... to 3
Ion assignment after moving ion 4: {0: 20, 1: 5, 2: 3, 3: 1, 4: 0, 5: 12, 6: 15, 7: 16}
Clearing endpoint 5.........
Gate position gate updated to [ 3 20]--------------c
Trying to moving ion 20... to 4
Ion assignment after moving ion 20: {0: 4, 1: 5, 2: 3, 3: 1, 4: 0, 5: 12, 6: 15, 7: 16}
Executing gate at point (43, 0).
Executing gate at point (44, 2).
Executing gate at point (45, 0).
Executing gate at point (46, 0).
Executing gate at point (47, 0).
Executing gate at point (48, 0).
Executing gate at point (49, 0).
Executing gate at point (50, 1).
Best move: (5, 20)
Best move: (20, 24)
Best move: (19, 24)
Best move: (12, 13)
Best move: (13, 14)
Best move: (14, 21)
Best move: (20, 21)
Best move: (15, 16)
Try bruteforce due to multiple steps (8) to solve one gate
Trying to solve brute-force congestion at gate [3, 20] with {0: 4, 1: 19, 2: 3, 3: 1, 4: 0, 5: 20, 6: 16, 7: 15}
Trying to moving ion 3... to 3
Ion assignment after moving ion 3: {0: 4, 1: 19, 2: 3, 3: 1, 4: 0, 5: 20, 6: 16, 7: 15}
Gate position gate updated to [ 3 20]--------------c
Trying to moving ion 20... to 4
Ion assignment after moving ion 20: {0: 5, 1: 19, 2: 3, 3: 1, 4: 0, 5: 4, 6: 16, 7: 15}
Executing gate at point (46, 2).
Executing gate at point (47, 2).
Executing gate at point (47, 5).
Executing gate at point (48, 2).
Executing gate at point (49, 5).
Executing gate at point (49, 2).
Executing gate at point (50, 2).
Executing gate at point (51, 2).
Best move: (5, 20)
Best move: (20, 24)
Best move: (18, 24)
Best move: (15, 16)
Best move: (15, 16)
Best move: (15, 16)
Best move: (18, 24)
Best move: (18, 24)
Try bruteforce due to multiple steps (8) to solve one gate
Trying to solve brute-force congestion at gate [18, 16] with {0: 18, 1: 19, 2: 3, 3: 1, 4: 0, 5: 4, 6: 15, 7: 16}
Trying to moving ion 16... to 15
Ion assignment after moving ion 16: {0: 18, 1: 19, 2: 3, 3: 1, 4: 0, 5: 4, 6: 16, 7: 15}
Gate position gate updated to [15 18]--------------c
Trying to moving ion 18... to 16
Ion assignment after moving ion 18: {0: 16, 1: 24, 2: 3, 3: 1, 4: 0, 5: 4, 6: 17, 7: 15}
Executing gate at point (50, 0).
Executing gate at point (51, 7).
Executing gate at point (51, 0).
Executing gate at point (52, 0).
Executing gate at point (53, 0).
Executing gate at point (53, 7).
Executing gate at point (54, 0).
Executing gate at point (55, 0).
Best move: (17, 19)
Best move: (18, 19)
Best move: (18, 19)
Try bruteforce due to repeated pattern...
Trying to solve brute-force congestion at gate [24, 19] with {0: 16, 1: 24, 2: 3, 3: 1, 4: 0, 5: 4, 6: 19, 7: 15}
Trying to moving ion 19... to 15
Ion assignment after moving ion 19: {0: 17, 1: 24, 2: 3, 3: 1, 4: 0, 5: 4, 6: 15, 7: 16}
Clearing endpoint 17.........
Gate position gate updated to [15 24]--------------c
Trying to moving ion 24... to 16
Ion assignment after moving ion 24: {0: 18, 1: 16, 2: 3, 3: 1, 4: 0, 5: 4, 6: 15, 7: 17}
Executing gate at point (51, 1).
Executing gate at point (52, 6).
Executing gate at point (52, 1).
Executing gate at point (53, 1).
Executing gate at point (54, 6).
Executing gate at point (54, 1).
Executing gate at point (55, 1).
Executing gate at point (56, 1).
Executing gate at point (56, 6).
Trying to solve brute-force congestion at gate [18] with {0: 18, 1: 16, 2: 3, 3: 1, 4: 0, 5: 4, 6: 15, 7: 17}
Trying to moving ion 18... to 0
Ion assignment after moving ion 18: {0: 0, 1: 16, 2: 3, 3: 2, 4: 1, 5: 4, 6: 15, 7: 17}
Trying to solve brute-force congestion at gate [18, 19] with {0: 18, 1: 16, 2: 3, 3: 1, 4: 0, 5: 4, 6: 15, 7: 19}
Trying to moving ion 18... to 0
Ion assignment after moving ion 18: {0: 0, 1: 16, 2: 3, 3: 2, 4: 1, 5: 4, 6: 15, 7: 19}
Clearing endpoint 2.........
Gate position gate updated to [ 0 19]--------------c
Trying to moving ion 19... to 1
Ion assignment after moving ion 19: {0: 0, 1: 16, 2: 3, 3: 24, 4: 2, 5: 4, 6: 15, 7: 1}
Trying to solve brute-force congestion at gate [0] with {0: 0, 1: 16, 2: 3, 3: 24, 4: 2, 5: 4, 6: 15, 7: 1}
Trying to moving ion 0... to 0
Ion assignment after moving ion 0: {0: 0, 1: 16, 2: 3, 3: 24, 4: 2, 5: 4, 6: 15, 7: 1}
Trying to solve brute-force congestion at gate [0, 1] with {0: 0, 1: 16, 2: 3, 3: 24, 4: 2, 5: 4, 6: 15, 7: 1}
Trying to moving ion 0... to 0
Ion assignment after moving ion 0: {0: 0, 1: 16, 2: 3, 3: 24, 4: 2, 5: 4, 6: 15, 7: 1}
Clearing endpoint 2.........
Gate position gate updated to [0 1]--------------c
Trying to moving ion 1... to 1
Ion assignment after moving ion 1: {0: 0, 1: 16, 2: 3, 3: 24, 4: 18, 5: 4, 6: 15, 7: 1}
Trying to solve brute-force congestion at gate [0] with {0: 0, 1: 16, 2: 3, 3: 24, 4: 18, 5: 4, 6: 15, 7: 1}
Trying to moving ion 0... to 0
Ion assignment after moving ion 0: {0: 0, 1: 16, 2: 3, 3: 24, 4: 18, 5: 4, 6: 15, 7: 1}
Trying to solve brute-force congestion at gate [0, 1] with {0: 0, 1: 16, 2: 3, 3: 24, 4: 18, 5: 4, 6: 15, 7: 1}
Trying to moving ion 0... to 0
Ion assignment after moving ion 0: {0: 0, 1: 16, 2: 3, 3: 24, 4: 18, 5: 4, 6: 15, 7: 1}
Gate position gate updated to [0 1]--------------c
Trying to moving ion 1... to 1
Ion assignment after moving ion 1: {0: 0, 1: 16, 2: 3, 3: 24, 4: 18, 5: 4, 6: 15, 7: 1}
Trying to solve brute-force congestion at gate [1] with {0: 0, 1: 16, 2: 3, 3: 24, 4: 18, 5: 4, 6: 15, 7: 1}
Trying to moving ion 1... to 0
Ion assignment after moving ion 1: {0: 1, 1: 16, 2: 3, 3: 24, 4: 18, 5: 4, 6: 15, 7: 0}
Trying to solve brute-force congestion at gate [1, 16] with {0: 1, 1: 16, 2: 3, 3: 24, 4: 18, 5: 4, 6: 15, 7: 0}
Trying to moving ion 1... to 0
Ion assignment after moving ion 1: {0: 0, 1: 16, 2: 3, 3: 24, 4: 18, 5: 4, 6: 15, 7: 1}
Gate position gate updated to [ 0 16]--------------c
Trying to moving ion 16... to 1
Ion assignment after moving ion 16: {0: 0, 1: 1, 2: 3, 3: 25, 4: 24, 5: 4, 6: 15, 7: 2}
Trying to solve brute-force congestion at gate [0] with {0: 0, 1: 1, 2: 3, 3: 25, 4: 24, 5: 4, 6: 15, 7: 2}
Trying to moving ion 0... to 0
Ion assignment after moving ion 0: {0: 0, 1: 1, 2: 3, 3: 25, 4: 24, 5: 4, 6: 15, 7: 2}
Trying to solve brute-force congestion at gate [0, 1] with {0: 0, 1: 1, 2: 3, 3: 25, 4: 24, 5: 4, 6: 15, 7: 2}
Trying to moving ion 0... to 0
Ion assignment after moving ion 0: {0: 0, 1: 1, 2: 3, 3: 25, 4: 24, 5: 4, 6: 15, 7: 2}
Clearing endpoint 2.........
Gate position gate updated to [0 1]--------------c
Trying to moving ion 1... to 1
Ion assignment after moving ion 1: {0: 0, 1: 1, 2: 3, 3: 25, 4: 24, 5: 4, 6: 15, 7: 18}
Trying to solve brute-force congestion at gate [1] with {0: 0, 1: 1, 2: 3, 3: 25, 4: 24, 5: 4, 6: 15, 7: 18}
Trying to moving ion 1... to 0
Ion assignment after moving ion 1: {0: 1, 1: 0, 2: 3, 3: 25, 4: 24, 5: 4, 6: 15, 7: 18}
Trying to solve brute-force congestion at gate [1, 3] with {0: 1, 1: 0, 2: 3, 3: 25, 4: 24, 5: 4, 6: 15, 7: 18}
Trying to moving ion 3... to 3
Ion assignment after moving ion 3: {0: 1, 1: 0, 2: 3, 3: 25, 4: 24, 5: 4, 6: 15, 7: 18}
Gate position gate updated to [3 1]--------------c
Trying to moving ion 1... to 4
Ion assignment after moving ion 1: {0: 4, 1: 0, 2: 3, 3: 25, 4: 21, 5: 5, 6: 15, 7: 19}
Trying to solve brute-force congestion at gate [3] with {0: 4, 1: 0, 2: 3, 3: 25, 4: 21, 5: 5, 6: 15, 7: 19}
Trying to moving ion 3... to 3
Ion assignment after moving ion 3: {0: 4, 1: 0, 2: 3, 3: 25, 4: 21, 5: 5, 6: 15, 7: 19}
Trying to solve brute-force congestion at gate [4, 3] with {0: 4, 1: 0, 2: 3, 3: 25, 4: 21, 5: 5, 6: 15, 7: 19}
Trying to moving ion 4... to 3
Ion assignment after moving ion 4: {0: 3, 1: 0, 2: 4, 3: 25, 4: 21, 5: 5, 6: 15, 7: 19}
Clearing endpoint 5.........
Gate position gate updated to [3 4]--------------c
Trying to moving ion 4... to 4
Ion assignment after moving ion 4: {0: 3, 1: 0, 2: 4, 3: 25, 4: 21, 5: 20, 6: 15, 7: 19}
Trying to solve brute-force congestion at gate [4] with {0: 3, 1: 0, 2: 4, 3: 25, 4: 21, 5: 20, 6: 15, 7: 19}
Trying to moving ion 4... to 3
Ion assignment after moving ion 4: {0: 4, 1: 0, 2: 3, 3: 25, 4: 21, 5: 20, 6: 15, 7: 19}
Trying to solve brute-force congestion at gate [0, 3] with {0: 4, 1: 0, 2: 3, 3: 25, 4: 21, 5: 20, 6: 15, 7: 19}
Trying to moving ion 3... to 3
Ion assignment after moving ion 3: {0: 4, 1: 0, 2: 3, 3: 25, 4: 21, 5: 20, 6: 15, 7: 19}
Gate position gate updated to [3 0]--------------c
Trying to moving ion 0... to 4
Ion assignment after moving ion 0: {0: 5, 1: 4, 2: 3, 3: 22, 4: 21, 5: 25, 6: 15, 7: 19}
Trying to solve brute-force congestion at gate [3] with {0: 5, 1: 4, 2: 3, 3: 22, 4: 21, 5: 25, 6: 15, 7: 19}
Trying to moving ion 3... to 3
Ion assignment after moving ion 3: {0: 5, 1: 4, 2: 3, 3: 22, 4: 21, 5: 25, 6: 15, 7: 19}
Trying to solve brute-force congestion at gate [4, 3] with {0: 5, 1: 4, 2: 3, 3: 22, 4: 21, 5: 25, 6: 15, 7: 19}
Trying to moving ion 4... to 3
Ion assignment after moving ion 4: {0: 5, 1: 3, 2: 4, 3: 22, 4: 21, 5: 25, 6: 15, 7: 19}
Clearing endpoint 5.........
Gate position gate updated to [3 4]--------------c
Trying to moving ion 4... to 4
Ion assignment after moving ion 4: {0: 20, 1: 3, 2: 4, 3: 22, 4: 21, 5: 25, 6: 15, 7: 19}
Trying to solve brute-force congestion at gate [20, 22] with {0: 20, 1: 3, 2: 4, 3: 22, 4: 21, 5: 25, 6: 15, 7: 19}
Trying to moving ion 22... to 6
Ion assignment after moving ion 22: {0: 20, 1: 3, 2: 4, 3: 6, 4: 21, 5: 25, 6: 15, 7: 19}
Gate position gate updated to [ 6 20]--------------c
Trying to moving ion 20... to 7
Ion assignment after moving ion 20: {0: 7, 1: 3, 2: 4, 3: 6, 4: 21, 5: 23, 6: 15, 7: 19}
Trying to solve brute-force congestion at gate [6] with {0: 7, 1: 3, 2: 4, 3: 6, 4: 21, 5: 23, 6: 15, 7: 19}
Trying to moving ion 6... to 6
Ion assignment after moving ion 6: {0: 7, 1: 3, 2: 4, 3: 6, 4: 21, 5: 23, 6: 15, 7: 19}
Trying to solve brute-force congestion at gate [7, 6] with {0: 7, 1: 3, 2: 4, 3: 6, 4: 21, 5: 23, 6: 15, 7: 19}
Trying to moving ion 7... to 6
Ion assignment after moving ion 7: {0: 6, 1: 3, 2: 4, 3: 7, 4: 21, 5: 23, 6: 15, 7: 19}
Gate position gate updated to [6 7]--------------c
Trying to moving ion 7... to 7
Ion assignment after moving ion 7: {0: 6, 1: 3, 2: 4, 3: 7, 4: 21, 5: 23, 6: 15, 7: 19}
Trying to solve brute-force congestion at gate [3, 7] with {0: 6, 1: 3, 2: 4, 3: 7, 4: 21, 5: 23, 6: 15, 7: 19}
Trying to moving ion 3... to 3
Ion assignment after moving ion 3: {0: 6, 1: 3, 2: 4, 3: 7, 4: 21, 5: 23, 6: 15, 7: 19}
Gate position gate updated to [3 7]--------------c
Trying to moving ion 7... to 4
Ion assignment after moving ion 7: {0: 6, 1: 3, 2: 5, 3: 4, 4: 21, 5: 23, 6: 15, 7: 19}
Trying to solve brute-force congestion at gate [4] with {0: 6, 1: 3, 2: 5, 3: 4, 4: 21, 5: 23, 6: 15, 7: 19}
Trying to moving ion 4... to 3
Ion assignment after moving ion 4: {0: 6, 1: 4, 2: 5, 3: 3, 4: 21, 5: 23, 6: 15, 7: 19}
Trying to solve brute-force congestion at gate [4, 3] with {0: 6, 1: 4, 2: 5, 3: 3, 4: 21, 5: 23, 6: 15, 7: 19}
Trying to moving ion 4... to 3
Ion assignment after moving ion 4: {0: 6, 1: 3, 2: 5, 3: 4, 4: 21, 5: 23, 6: 15, 7: 19}
Clearing endpoint 5.........
Gate position gate updated to [3 4]--------------c
Trying to moving ion 4... to 4
Ion assignment after moving ion 4: {0: 6, 1: 3, 2: 20, 3: 4, 4: 21, 5: 23, 6: 15, 7: 19}
Trying to solve brute-force congestion at gate [4] with {0: 6, 1: 3, 2: 20, 3: 4, 4: 21, 5: 23, 6: 15, 7: 19}
Trying to moving ion 4... to 3
Ion assignment after moving ion 4: {0: 6, 1: 4, 2: 20, 3: 3, 4: 21, 5: 23, 6: 15, 7: 19}
Trying to solve brute-force congestion at gate [20, 3] with {0: 6, 1: 4, 2: 20, 3: 3, 4: 21, 5: 23, 6: 15, 7: 19}
Trying to moving ion 3... to 3
Ion assignment after moving ion 3: {0: 6, 1: 4, 2: 20, 3: 3, 4: 21, 5: 23, 6: 15, 7: 19}
Gate position gate updated to [ 3 20]--------------c
Trying to moving ion 20... to 4
Ion assignment after moving ion 20: {0: 6, 1: 5, 2: 4, 3: 3, 4: 21, 5: 23, 6: 15, 7: 19}
Trying to solve brute-force congestion at gate [4] with {0: 6, 1: 5, 2: 4, 3: 3, 4: 21, 5: 23, 6: 15, 7: 19}
Trying to moving ion 4... to 3
Ion assignment after moving ion 4: {0: 6, 1: 5, 2: 3, 3: 4, 4: 21, 5: 23, 6: 15, 7: 19}
Trying to solve brute-force congestion at gate [3, 4] with {0: 6, 1: 5, 2: 3, 3: 4, 4: 21, 5: 23, 6: 15, 7: 19}
Trying to moving ion 3... to 3
Ion assignment after moving ion 3: {0: 6, 1: 5, 2: 3, 3: 4, 4: 21, 5: 23, 6: 15, 7: 19}
Clearing endpoint 5.........
Gate position gate updated to [3 4]--------------c
Trying to moving ion 4... to 4
Ion assignment after moving ion 4: {0: 6, 1: 20, 2: 3, 3: 4, 4: 21, 5: 23, 6: 15, 7: 19}
Trying to solve brute-force congestion at gate [4] with {0: 6, 1: 20, 2: 3, 3: 4, 4: 21, 5: 23, 6: 15, 7: 19}
Trying to moving ion 4... to 3
Ion assignment after moving ion 4: {0: 6, 1: 20, 2: 4, 3: 3, 4: 21, 5: 23, 6: 15, 7: 19}
Trying to solve brute-force congestion at gate [6, 21] with {0: 6, 1: 20, 2: 4, 3: 3, 4: 21, 5: 23, 6: 15, 7: 19}
Trying to moving ion 6... to 6
Ion assignment after moving ion 6: {0: 6, 1: 20, 2: 4, 3: 3, 4: 21, 5: 23, 6: 15, 7: 19}
Gate position gate updated to [ 6 21]--------------c
Trying to moving ion 21... to 7
Ion assignment after moving ion 21: {0: 6, 1: 20, 2: 4, 3: 3, 4: 7, 5: 23, 6: 15, 7: 19}
Trying to solve brute-force congestion at gate [7] with {0: 6, 1: 20, 2: 4, 3: 3, 4: 7, 5: 23, 6: 15, 7: 19}
Trying to moving ion 7... to 6
Ion assignment after moving ion 7: {0: 7, 1: 20, 2: 4, 3: 3, 4: 6, 5: 23, 6: 15, 7: 19}
Trying to solve brute-force congestion at gate [7, 6] with {0: 7, 1: 20, 2: 4, 3: 3, 4: 6, 5: 23, 6: 15, 7: 19}
Trying to moving ion 7... to 6
Ion assignment after moving ion 7: {0: 6, 1: 20, 2: 4, 3: 3, 4: 7, 5: 23, 6: 15, 7: 19}
Gate position gate updated to [6 7]--------------c
Trying to moving ion 7... to 7
Ion assignment after moving ion 7: {0: 6, 1: 20, 2: 4, 3: 3, 4: 7, 5: 23, 6: 15, 7: 19}
Trying to solve brute-force congestion at gate [20, 7] with {0: 6, 1: 20, 2: 4, 3: 3, 4: 7, 5: 23, 6: 15, 7: 19}
Trying to moving ion 7... to 6
Ion assignment after moving ion 7: {0: 7, 1: 20, 2: 4, 3: 3, 4: 6, 5: 23, 6: 15, 7: 19}
Gate position gate updated to [ 6 20]--------------c
Trying to moving ion 20... to 7
Ion assignment after moving ion 20: {0: 8, 1: 7, 2: 4, 3: 3, 4: 6, 5: 23, 6: 15, 7: 19}
Trying to solve brute-force congestion at gate [6] with {0: 8, 1: 7, 2: 4, 3: 3, 4: 6, 5: 23, 6: 15, 7: 19}
Trying to moving ion 6... to 6
Ion assignment after moving ion 6: {0: 8, 1: 7, 2: 4, 3: 3, 4: 6, 5: 23, 6: 15, 7: 19}
Trying to solve brute-force congestion at gate [7, 6] with {0: 8, 1: 7, 2: 4, 3: 3, 4: 6, 5: 23, 6: 15, 7: 19}
Trying to moving ion 7... to 6
Ion assignment after moving ion 7: {0: 8, 1: 6, 2: 4, 3: 3, 4: 7, 5: 23, 6: 15, 7: 19}
Clearing endpoint 8.........
Gate position gate updated to [6 7]--------------c
Trying to moving ion 7... to 7
Ion assignment after moving ion 7: {0: 22, 1: 6, 2: 4, 3: 3, 4: 7, 5: 23, 6: 15, 7: 19}
Trying to solve brute-force congestion at gate [22, 23] with {0: 22, 1: 6, 2: 4, 3: 3, 4: 7, 5: 23, 6: 15, 7: 19}
Trying to moving ion 23... to 9
Ion assignment after moving ion 23: {0: 22, 1: 6, 2: 4, 3: 3, 4: 7, 5: 9, 6: 15, 7: 19}
Gate position gate updated to [ 9 22]--------------c
Trying to moving ion 22... to 10
Ion assignment after moving ion 22: {0: 10, 1: 6, 2: 4, 3: 3, 4: 7, 5: 9, 6: 15, 7: 19}
Trying to solve brute-force congestion at gate [10] with {0: 10, 1: 6, 2: 4, 3: 3, 4: 7, 5: 9, 6: 15, 7: 19}
Trying to moving ion 10... to 9
Ion assignment after moving ion 10: {0: 9, 1: 6, 2: 4, 3: 3, 4: 7, 5: 10, 6: 15, 7: 19}
Trying to solve brute-force congestion at gate [9, 10] with {0: 9, 1: 6, 2: 4, 3: 3, 4: 7, 5: 10, 6: 15, 7: 19}
Trying to moving ion 9... to 9
Ion assignment after moving ion 9: {0: 9, 1: 6, 2: 4, 3: 3, 4: 7, 5: 10, 6: 15, 7: 19}
Gate position gate updated to [ 9 10]--------------c
Trying to moving ion 10... to 10
Ion assignment after moving ion 10: {0: 9, 1: 6, 2: 4, 3: 3, 4: 7, 5: 10, 6: 15, 7: 19}
Trying to solve brute-force congestion at gate [10] with {0: 9, 1: 6, 2: 4, 3: 3, 4: 7, 5: 10, 6: 15, 7: 19}
Trying to moving ion 10... to 9
Ion assignment after moving ion 10: {0: 10, 1: 6, 2: 4, 3: 3, 4: 7, 5: 9, 6: 15, 7: 19}
Trying to solve brute-force congestion at gate [4, 7] with {0: 10, 1: 6, 2: 4, 3: 3, 4: 7, 5: 9, 6: 15, 7: 19}
Trying to moving ion 4... to 3
Ion assignment after moving ion 4: {0: 10, 1: 6, 2: 3, 3: 4, 4: 7, 5: 9, 6: 15, 7: 19}
Gate position gate updated to [3 7]--------------c
Trying to moving ion 7... to 4
Ion assignment after moving ion 7: {0: 10, 1: 6, 2: 3, 3: 5, 4: 4, 5: 9, 6: 15, 7: 19}
Trying to solve brute-force congestion at gate [3] with {0: 10, 1: 6, 2: 3, 3: 5, 4: 4, 5: 9, 6: 15, 7: 19}
Trying to moving ion 3... to 3
Ion assignment after moving ion 3: {0: 10, 1: 6, 2: 3, 3: 5, 4: 4, 5: 9, 6: 15, 7: 19}
Trying to solve brute-force congestion at gate [3, 4] with {0: 10, 1: 6, 2: 3, 3: 5, 4: 4, 5: 9, 6: 15, 7: 19}
Trying to moving ion 3... to 3
Ion assignment after moving ion 3: {0: 10, 1: 6, 2: 3, 3: 5, 4: 4, 5: 9, 6: 15, 7: 19}
Clearing endpoint 5.........
Gate position gate updated to [3 4]--------------c
Trying to moving ion 4... to 4
Ion assignment after moving ion 4: {0: 10, 1: 6, 2: 3, 3: 20, 4: 4, 5: 9, 6: 15, 7: 19}
Trying to solve brute-force congestion at gate [6, 9] with {0: 10, 1: 6, 2: 3, 3: 20, 4: 4, 5: 9, 6: 15, 7: 19}
Trying to moving ion 9... to 9
Ion assignment after moving ion 9: {0: 10, 1: 6, 2: 3, 3: 20, 4: 4, 5: 9, 6: 15, 7: 19}
Gate position gate updated to [9 6]--------------c
Trying to moving ion 6... to 10
Ion assignment after moving ion 6: {0: 11, 1: 10, 2: 3, 3: 20, 4: 4, 5: 9, 6: 15, 7: 19}
Trying to solve brute-force congestion at gate [11, 15] with {0: 11, 1: 10, 2: 3, 3: 20, 4: 4, 5: 9, 6: 15, 7: 19}
Trying to moving ion 15... to 15
Ion assignment after moving ion 15: {0: 11, 1: 10, 2: 3, 3: 20, 4: 4, 5: 9, 6: 15, 7: 19}
Gate position gate updated to [15 11]--------------c
Trying to moving ion 11... to 16
Ion assignment after moving ion 11: {0: 16, 1: 10, 2: 3, 3: 20, 4: 4, 5: 9, 6: 15, 7: 18}
Trying to solve brute-force congestion at gate [15] with {0: 16, 1: 10, 2: 3, 3: 20, 4: 4, 5: 9, 6: 15, 7: 18}
Trying to moving ion 15... to 15
Ion assignment after moving ion 15: {0: 16, 1: 10, 2: 3, 3: 20, 4: 4, 5: 9, 6: 15, 7: 18}
Trying to solve brute-force congestion at gate [16, 15] with {0: 16, 1: 10, 2: 3, 3: 20, 4: 4, 5: 9, 6: 15, 7: 18}
Trying to moving ion 16... to 15
Ion assignment after moving ion 16: {0: 15, 1: 10, 2: 3, 3: 20, 4: 4, 5: 9, 6: 16, 7: 18}
Gate position gate updated to [15 16]--------------c
Trying to moving ion 16... to 16
Ion assignment after moving ion 16: {0: 15, 1: 10, 2: 3, 3: 20, 4: 4, 5: 9, 6: 16, 7: 18}
Trying to solve brute-force congestion at gate [10, 16] with {0: 15, 1: 10, 2: 3, 3: 20, 4: 4, 5: 9, 6: 16, 7: 18}
Trying to moving ion 10... to 9
Ion assignment after moving ion 10: {0: 15, 1: 9, 2: 3, 3: 20, 4: 4, 5: 10, 6: 16, 7: 18}
Gate position gate updated to [ 9 16]--------------c
Trying to moving ion 16... to 10
Ion assignment after moving ion 16: {0: 15, 1: 9, 2: 3, 3: 20, 4: 4, 5: 11, 6: 10, 7: 18}
Trying to solve brute-force congestion at gate [15, 18] with {0: 15, 1: 9, 2: 3, 3: 20, 4: 4, 5: 11, 6: 10, 7: 18}
Trying to moving ion 15... to 15
Ion assignment after moving ion 15: {0: 15, 1: 9, 2: 3, 3: 20, 4: 4, 5: 11, 6: 10, 7: 18}
Gate position gate updated to [15 18]--------------c
Trying to moving ion 18... to 16
Ion assignment after moving ion 18: {0: 15, 1: 9, 2: 3, 3: 20, 4: 4, 5: 11, 6: 10, 7: 16}
Trying to solve brute-force congestion at gate [9, 10] with {0: 15, 1: 9, 2: 3, 3: 20, 4: 4, 5: 11, 6: 10, 7: 16}
Trying to moving ion 9... to 9
Ion assignment after moving ion 9: {0: 15, 1: 9, 2: 3, 3: 20, 4: 4, 5: 11, 6: 10, 7: 16}
Clearing endpoint 11.........
Gate position gate updated to [ 9 10]--------------c
Trying to moving ion 10... to 10
Ion assignment after moving ion 10: {0: 15, 1: 9, 2: 3, 3: 20, 4: 4, 5: 23, 6: 10, 7: 16}
Trying to solve brute-force congestion at gate [9] with {0: 15, 1: 9, 2: 3, 3: 20, 4: 4, 5: 23, 6: 10, 7: 16}
Trying to moving ion 9... to 9
Ion assignment after moving ion 9: {0: 15, 1: 9, 2: 3, 3: 20, 4: 4, 5: 23, 6: 10, 7: 16}
Trying to solve brute-force congestion at gate [20, 4] with {0: 15, 1: 9, 2: 3, 3: 20, 4: 4, 5: 23, 6: 10, 7: 16}
Trying to moving ion 4... to 3
Ion assignment after moving ion 4: {0: 15, 1: 9, 2: 4, 3: 20, 4: 3, 5: 23, 6: 10, 7: 16}
Gate position gate updated to [ 3 20]--------------c
Trying to moving ion 20... to 4
Ion assignment after moving ion 20: {0: 15, 1: 9, 2: 5, 3: 4, 4: 3, 5: 23, 6: 10, 7: 16}
Trying to solve brute-force congestion at gate [9, 16] with {0: 15, 1: 9, 2: 5, 3: 4, 4: 3, 5: 23, 6: 10, 7: 16}
Trying to moving ion 9... to 9
Ion assignment after moving ion 9: {0: 15, 1: 9, 2: 5, 3: 4, 4: 3, 5: 23, 6: 10, 7: 16}
Gate position gate updated to [ 9 16]--------------c
Trying to moving ion 16... to 10
Ion assignment after moving ion 16: {0: 15, 1: 9, 2: 5, 3: 4, 4: 3, 5: 22, 6: 11, 7: 10}
Trying to solve brute-force congestion at gate [4, 3] with {0: 15, 1: 9, 2: 5, 3: 4, 4: 3, 5: 22, 6: 11, 7: 10}
Trying to moving ion 4... to 3
Ion assignment after moving ion 4: {0: 15, 1: 9, 2: 5, 3: 3, 4: 4, 5: 22, 6: 11, 7: 10}
Clearing endpoint 5.........
Gate position gate updated to [3 4]--------------c
Trying to moving ion 4... to 4
Ion assignment after moving ion 4: {0: 15, 1: 9, 2: 20, 3: 3, 4: 4, 5: 22, 6: 11, 7: 10}
Trying to solve brute-force congestion at gate [4] with {0: 15, 1: 9, 2: 20, 3: 3, 4: 4, 5: 22, 6: 11, 7: 10}
Trying to moving ion 4... to 3
Ion assignment after moving ion 4: {0: 15, 1: 9, 2: 20, 3: 4, 4: 3, 5: 22, 6: 11, 7: 10}
Trying to solve brute-force congestion at gate [10] with {0: 15, 1: 9, 2: 20, 3: 4, 4: 3, 5: 22, 6: 11, 7: 10}
Trying to moving ion 10... to 9
Ion assignment after moving ion 10: {0: 15, 1: 10, 2: 20, 3: 4, 4: 3, 5: 22, 6: 11, 7: 9}
Trying to solve brute-force congestion at gate [20, 22] with {0: 15, 1: 10, 2: 20, 3: 4, 4: 3, 5: 22, 6: 11, 7: 9}
Trying to moving ion 22... to 6
Ion assignment after moving ion 22: {0: 15, 1: 10, 2: 20, 3: 4, 4: 3, 5: 6, 6: 11, 7: 9}
Gate position gate updated to [ 6 20]--------------c
Trying to moving ion 20... to 7
Ion assignment after moving ion 20: {0: 15, 1: 10, 2: 7, 3: 4, 4: 3, 5: 6, 6: 11, 7: 9}
Trying to solve brute-force congestion at gate [6] with {0: 15, 1: 10, 2: 7, 3: 4, 4: 3, 5: 6, 6: 11, 7: 9}
Trying to moving ion 6... to 6
Ion assignment after moving ion 6: {0: 15, 1: 10, 2: 7, 3: 4, 4: 3, 5: 6, 6: 11, 7: 9}
Trying to solve brute-force congestion at gate [7, 6] with {0: 15, 1: 10, 2: 7, 3: 4, 4: 3, 5: 6, 6: 11, 7: 9}
Trying to moving ion 7... to 6
Ion assignment after moving ion 7: {0: 15, 1: 10, 2: 6, 3: 4, 4: 3, 5: 7, 6: 11, 7: 9}
Gate position gate updated to [6 7]--------------c
Trying to moving ion 7... to 7
Ion assignment after moving ion 7: {0: 15, 1: 10, 2: 6, 3: 4, 4: 3, 5: 7, 6: 11, 7: 9}
Trying to solve brute-force congestion at gate [6, 11] with {0: 15, 1: 10, 2: 6, 3: 4, 4: 3, 5: 7, 6: 11, 7: 9}
Trying to moving ion 6... to 6
Ion assignment after moving ion 6: {0: 15, 1: 10, 2: 6, 3: 4, 4: 3, 5: 7, 6: 11, 7: 9}
Gate position gate updated to [ 6 11]--------------c
Trying to moving ion 11... to 7
Ion assignment after moving ion 11: {0: 15, 1: 10, 2: 6, 3: 4, 4: 3, 5: 8, 6: 7, 7: 9}
Trying to solve brute-force congestion at gate [4, 8] with {0: 15, 1: 10, 2: 6, 3: 4, 4: 3, 5: 8, 6: 7, 7: 9}
Trying to moving ion 4... to 3
Ion assignment after moving ion 4: {0: 15, 1: 10, 2: 6, 3: 3, 4: 4, 5: 8, 6: 7, 7: 9}
Gate position gate updated to [3 8]--------------c
Trying to moving ion 8... to 4
Ion assignment after moving ion 8: {0: 15, 1: 10, 2: 6, 3: 3, 4: 5, 5: 4, 6: 7, 7: 9}
Trying to solve brute-force congestion at gate [6, 7] with {0: 15, 1: 10, 2: 6, 3: 3, 4: 5, 5: 4, 6: 7, 7: 9}
Trying to moving ion 6... to 6
Ion assignment after moving ion 6: {0: 15, 1: 10, 2: 6, 3: 3, 4: 5, 5: 4, 6: 7, 7: 9}
Gate position gate updated to [6 7]--------------c
Trying to moving ion 7... to 7
Ion assignment after moving ion 7: {0: 15, 1: 10, 2: 6, 3: 3, 4: 5, 5: 4, 6: 7, 7: 9}
Trying to solve brute-force congestion at gate [3, 4] with {0: 15, 1: 10, 2: 6, 3: 3, 4: 5, 5: 4, 6: 7, 7: 9}
Trying to moving ion 3... to 3
Ion assignment after moving ion 3: {0: 15, 1: 10, 2: 6, 3: 3, 4: 5, 5: 4, 6: 7, 7: 9}
Clearing endpoint 5.........
Gate position gate updated to [3 4]--------------c
Trying to moving ion 4... to 4
Ion assignment after moving ion 4: {0: 15, 1: 10, 2: 6, 3: 3, 4: 20, 5: 4, 6: 7, 7: 9}
Trying to solve brute-force congestion at gate [3] with {0: 15, 1: 10, 2: 6, 3: 3, 4: 20, 5: 4, 6: 7, 7: 9}
Trying to moving ion 3... to 3
Ion assignment after moving ion 3: {0: 15, 1: 10, 2: 6, 3: 3, 4: 20, 5: 4, 6: 7, 7: 9}
Trying to solve brute-force congestion at gate [20, 4] with {0: 15, 1: 10, 2: 6, 3: 3, 4: 20, 5: 4, 6: 7, 7: 9}
Trying to moving ion 4... to 3
Ion assignment after moving ion 4: {0: 15, 1: 10, 2: 6, 3: 4, 4: 20, 5: 3, 6: 7, 7: 9}
Gate position gate updated to [ 3 20]--------------c
Trying to moving ion 20... to 4
Ion assignment after moving ion 20: {0: 15, 1: 10, 2: 6, 3: 5, 4: 4, 5: 3, 6: 7, 7: 9}
Trying to solve brute-force congestion at gate [3] with {0: 15, 1: 10, 2: 6, 3: 5, 4: 4, 5: 3, 6: 7, 7: 9}
Trying to moving ion 3... to 3
Ion assignment after moving ion 3: {0: 15, 1: 10, 2: 6, 3: 5, 4: 4, 5: 3, 6: 7, 7: 9}
Trying to solve brute-force congestion at gate [4, 3] with {0: 15, 1: 10, 2: 6, 3: 5, 4: 4, 5: 3, 6: 7, 7: 9}
Trying to moving ion 4... to 3
Ion assignment after moving ion 4: {0: 15, 1: 10, 2: 6, 3: 5, 4: 3, 5: 4, 6: 7, 7: 9}
Clearing endpoint 5.........
Gate position gate updated to [3 4]--------------c
Trying to moving ion 4... to 4
Ion assignment after moving ion 4: {0: 15, 1: 10, 2: 6, 3: 20, 4: 3, 5: 4, 6: 7, 7: 9}
Trying to solve brute-force congestion at gate [3] with {0: 15, 1: 10, 2: 6, 3: 20, 4: 3, 5: 4, 6: 7, 7: 9}
Trying to moving ion 3... to 3
Ion assignment after moving ion 3: {0: 15, 1: 10, 2: 6, 3: 20, 4: 3, 5: 4, 6: 7, 7: 9}
Trying to solve brute-force congestion at gate [6, 9] with {0: 15, 1: 10, 2: 6, 3: 20, 4: 3, 5: 4, 6: 7, 7: 9}
Trying to moving ion 6... to 6
Ion assignment after moving ion 6: {0: 15, 1: 10, 2: 6, 3: 20, 4: 3, 5: 4, 6: 7, 7: 9}
Gate position gate updated to [6 9]--------------c
Trying to moving ion 9... to 7
Ion assignment after moving ion 9: {0: 15, 1: 9, 2: 6, 3: 20, 4: 3, 5: 4, 6: 8, 7: 7}
Trying to solve brute-force congestion at gate [6] with {0: 15, 1: 9, 2: 6, 3: 20, 4: 3, 5: 4, 6: 8, 7: 7}
Trying to moving ion 6... to 6
Ion assignment after moving ion 6: {0: 15, 1: 9, 2: 6, 3: 20, 4: 3, 5: 4, 6: 8, 7: 7}
Trying to solve brute-force congestion at gate [6, 7] with {0: 15, 1: 9, 2: 6, 3: 20, 4: 3, 5: 4, 6: 8, 7: 7}
Trying to moving ion 6... to 6
Ion assignment after moving ion 6: {0: 15, 1: 9, 2: 6, 3: 20, 4: 3, 5: 4, 6: 8, 7: 7}
Clearing endpoint 8.........
Gate position gate updated to [6 7]--------------c
Trying to moving ion 7... to 7
Ion assignment after moving ion 7: {0: 15, 1: 9, 2: 6, 3: 20, 4: 3, 5: 4, 6: 22, 7: 7}
Trying to solve brute-force congestion at gate [6] with {0: 15, 1: 9, 2: 6, 3: 20, 4: 3, 5: 4, 6: 22, 7: 7}
Trying to moving ion 6... to 6
Ion assignment after moving ion 6: {0: 15, 1: 9, 2: 6, 3: 20, 4: 3, 5: 4, 6: 22, 7: 7}
Trying to solve brute-force congestion at gate [20, 22] with {0: 15, 1: 9, 2: 6, 3: 20, 4: 3, 5: 4, 6: 22, 7: 7}
Trying to moving ion 20... to 12
Ion assignment after moving ion 20: {0: 15, 1: 9, 2: 6, 3: 12, 4: 3, 5: 4, 6: 22, 7: 7}
Gate position gate updated to [12 22]--------------c
Trying to moving ion 22... to 13
Ion assignment after moving ion 22: {0: 15, 1: 9, 2: 6, 3: 12, 4: 3, 5: 4, 6: 13, 7: 7}
Trying to solve brute-force congestion at gate [13] with {0: 15, 1: 9, 2: 6, 3: 12, 4: 3, 5: 4, 6: 13, 7: 7}
Trying to moving ion 13... to 12
Ion assignment after moving ion 13: {0: 15, 1: 9, 2: 6, 3: 13, 4: 3, 5: 4, 6: 12, 7: 7}
Trying to solve brute-force congestion at gate [13, 12] with {0: 15, 1: 9, 2: 6, 3: 13, 4: 3, 5: 4, 6: 12, 7: 7}
Trying to moving ion 13... to 12
Ion assignment after moving ion 13: {0: 15, 1: 9, 2: 6, 3: 12, 4: 3, 5: 4, 6: 13, 7: 7}
Gate position gate updated to [12 13]--------------c
Trying to moving ion 13... to 13
Ion assignment after moving ion 13: {0: 15, 1: 9, 2: 6, 3: 12, 4: 3, 5: 4, 6: 13, 7: 7}
Trying to solve brute-force congestion at gate [3, 13] with {0: 15, 1: 9, 2: 6, 3: 12, 4: 3, 5: 4, 6: 13, 7: 7}
Trying to moving ion 3... to 3
Ion assignment after moving ion 3: {0: 15, 1: 9, 2: 6, 3: 12, 4: 3, 5: 4, 6: 13, 7: 7}
Gate position gate updated to [ 3 13]--------------c
Trying to moving ion 13... to 4
Ion assignment after moving ion 13: {0: 15, 1: 9, 2: 6, 3: 12, 4: 3, 5: 5, 6: 4, 7: 7}
Trying to solve brute-force congestion at gate [12, 7] with {0: 15, 1: 9, 2: 6, 3: 12, 4: 3, 5: 5, 6: 4, 7: 7}
Trying to moving ion 12... to 12
Ion assignment after moving ion 12: {0: 15, 1: 9, 2: 6, 3: 12, 4: 3, 5: 5, 6: 4, 7: 7}
Gate position gate updated to [12  7]--------------c
Trying to moving ion 7... to 13
Ion assignment after moving ion 7: {0: 15, 1: 9, 2: 6, 3: 12, 4: 3, 5: 5, 6: 4, 7: 13}
Trying to solve brute-force congestion at gate [3, 4] with {0: 15, 1: 9, 2: 6, 3: 12, 4: 3, 5: 5, 6: 4, 7: 13}
Trying to moving ion 3... to 3
Ion assignment after moving ion 3: {0: 15, 1: 9, 2: 6, 3: 12, 4: 3, 5: 5, 6: 4, 7: 13}
Clearing endpoint 5.........
Gate position gate updated to [3 4]--------------c
Trying to moving ion 4... to 4
Ion assignment after moving ion 4: {0: 15, 1: 9, 2: 6, 3: 12, 4: 3, 5: 20, 6: 4, 7: 13}
Trying to solve brute-force congestion at gate [3] with {0: 15, 1: 9, 2: 6, 3: 12, 4: 3, 5: 20, 6: 4, 7: 13}
Trying to moving ion 3... to 3
Ion assignment after moving ion 3: {0: 15, 1: 9, 2: 6, 3: 12, 4: 3, 5: 20, 6: 4, 7: 13}
Trying to solve brute-force congestion at gate [13] with {0: 15, 1: 9, 2: 6, 3: 12, 4: 3, 5: 20, 6: 4, 7: 13}
Trying to moving ion 13... to 12
Ion assignment after moving ion 13: {0: 15, 1: 9, 2: 6, 3: 13, 4: 3, 5: 20, 6: 4, 7: 12}
Trying to solve brute-force congestion at gate [3, 12] with {0: 15, 1: 9, 2: 6, 3: 13, 4: 3, 5: 20, 6: 4, 7: 12}
Trying to moving ion 3... to 3
Ion assignment after moving ion 3: {0: 15, 1: 9, 2: 6, 3: 13, 4: 3, 5: 20, 6: 4, 7: 12}
Gate position gate updated to [ 3 12]--------------c
Trying to moving ion 12... to 4
Ion assignment after moving ion 12: {0: 15, 1: 9, 2: 6, 3: 12, 4: 3, 5: 24, 6: 5, 7: 4}
Trying to solve brute-force congestion at gate [24, 5] with {0: 15, 1: 9, 2: 6, 3: 12, 4: 3, 5: 24, 6: 5, 7: 4}
Trying to moving ion 5... to 3
Ion assignment after moving ion 5: {0: 15, 1: 9, 2: 6, 3: 12, 4: 4, 5: 24, 6: 3, 7: 5}
Clearing endpoint 5.........
Gate position gate updated to [ 3 24]--------------c
Trying to moving ion 24... to 4
Ion assignment after moving ion 24: {0: 15, 1: 9, 2: 6, 3: 12, 4: 5, 5: 4, 6: 3, 7: 25}
Trying to solve brute-force congestion at gate [4] with {0: 15, 1: 9, 2: 6, 3: 12, 4: 5, 5: 4, 6: 3, 7: 25}
Trying to moving ion 4... to 3
Ion assignment after moving ion 4: {0: 15, 1: 9, 2: 6, 3: 12, 4: 5, 5: 3, 6: 4, 7: 25}
Trying to solve brute-force congestion at gate [5, 25] with {0: 15, 1: 9, 2: 6, 3: 12, 4: 5, 5: 3, 6: 4, 7: 25}
Trying to moving ion 5... to 3
Ion assignment after moving ion 5: {0: 15, 1: 9, 2: 6, 3: 12, 4: 3, 5: 4, 6: 5, 7: 25}
Clearing endpoint 5.........
Gate position gate updated to [ 3 25]--------------c
Trying to moving ion 25... to 4
Ion assignment after moving ion 25: {0: 15, 1: 9, 2: 6, 3: 12, 4: 3, 5: 5, 6: 24, 7: 4}
Trying to solve brute-force congestion at gate [3] with {0: 15, 1: 9, 2: 6, 3: 12, 4: 3, 5: 5, 6: 24, 7: 4}
Trying to moving ion 3... to 3
Ion assignment after moving ion 3: {0: 15, 1: 9, 2: 6, 3: 12, 4: 3, 5: 5, 6: 24, 7: 4}
Trying to solve brute-force congestion at gate [5, 24] with {0: 15, 1: 9, 2: 6, 3: 12, 4: 3, 5: 5, 6: 24, 7: 4}
Trying to moving ion 5... to 3
Ion assignment after moving ion 5: {0: 15, 1: 9, 2: 6, 3: 12, 4: 4, 5: 3, 6: 24, 7: 5}
Clearing endpoint 5.........
Gate position gate updated to [ 3 24]--------------c
Trying to moving ion 24... to 4
Ion assignment after moving ion 24: {0: 15, 1: 9, 2: 6, 3: 12, 4: 5, 5: 3, 6: 4, 7: 25}
Trying to solve brute-force congestion at gate [3] with {0: 15, 1: 9, 2: 6, 3: 12, 4: 5, 5: 3, 6: 4, 7: 25}
Trying to moving ion 3... to 3
Ion assignment after moving ion 3: {0: 15, 1: 9, 2: 6, 3: 12, 4: 5, 5: 3, 6: 4, 7: 25}
Trying to solve brute-force congestion at gate [3, 25] with {0: 15, 1: 9, 2: 6, 3: 12, 4: 5, 5: 3, 6: 4, 7: 25}
Trying to moving ion 3... to 3
Ion assignment after moving ion 3: {0: 15, 1: 9, 2: 6, 3: 12, 4: 5, 5: 3, 6: 4, 7: 25}
Clearing endpoint 5.........
Gate position gate updated to [ 3 25]--------------c
Trying to moving ion 25... to 4
Ion assignment after moving ion 25: {0: 15, 1: 9, 2: 6, 3: 12, 4: 24, 5: 3, 6: 5, 7: 4}
Trying to solve brute-force congestion at gate [4] with {0: 15, 1: 9, 2: 6, 3: 12, 4: 24, 5: 3, 6: 5, 7: 4}
Trying to moving ion 4... to 3
Ion assignment after moving ion 4: {0: 15, 1: 9, 2: 6, 3: 12, 4: 24, 5: 4, 6: 5, 7: 3}
Trying to solve brute-force congestion at gate [4, 3] with {0: 15, 1: 9, 2: 6, 3: 12, 4: 24, 5: 4, 6: 5, 7: 3}
Trying to moving ion 4... to 3
Ion assignment after moving ion 4: {0: 15, 1: 9, 2: 6, 3: 12, 4: 24, 5: 3, 6: 5, 7: 4}
Clearing endpoint 5.........
Gate position gate updated to [3 4]--------------c
Trying to moving ion 4... to 4
Ion assignment after moving ion 4: {0: 15, 1: 9, 2: 6, 3: 12, 4: 24, 5: 3, 6: 20, 7: 4}
Trying to solve brute-force congestion at gate [20, 4] with {0: 15, 1: 9, 2: 6, 3: 12, 4: 24, 5: 3, 6: 20, 7: 4}
Trying to moving ion 4... to 3
Ion assignment after moving ion 4: {0: 15, 1: 9, 2: 6, 3: 12, 4: 24, 5: 4, 6: 20, 7: 3}
Gate position gate updated to [ 3 20]--------------c
Trying to moving ion 20... to 4
Ion assignment after moving ion 20: {0: 15, 1: 9, 2: 6, 3: 12, 4: 24, 5: 5, 6: 4, 7: 3}
Trying to solve brute-force congestion at gate [3] with {0: 15, 1: 9, 2: 6, 3: 12, 4: 24, 5: 5, 6: 4, 7: 3}
Trying to moving ion 3... to 3
Ion assignment after moving ion 3: {0: 15, 1: 9, 2: 6, 3: 12, 4: 24, 5: 5, 6: 4, 7: 3}
Trying to solve brute-force congestion at gate [4, 3] with {0: 15, 1: 9, 2: 6, 3: 12, 4: 24, 5: 5, 6: 4, 7: 3}
Trying to moving ion 4... to 3
Ion assignment after moving ion 4: {0: 15, 1: 9, 2: 6, 3: 12, 4: 24, 5: 5, 6: 3, 7: 4}
Clearing endpoint 5.........
Gate position gate updated to [3 4]--------------c
Trying to moving ion 4... to 4
Ion assignment after moving ion 4: {0: 15, 1: 9, 2: 6, 3: 12, 4: 24, 5: 20, 6: 3, 7: 4}
Trying to solve brute-force congestion at gate [4] with {0: 15, 1: 9, 2: 6, 3: 12, 4: 24, 5: 20, 6: 3, 7: 4}
Trying to moving ion 4... to 3
Ion assignment after moving ion 4: {0: 15, 1: 9, 2: 6, 3: 12, 4: 24, 5: 20, 6: 4, 7: 3}
Executing gate at point (0, 7).
Executing gate at point (0, 2).
Executing gate at point (1, 6).
Executing gate at point (2, 7).
Executing gate at point (3, 6).
Executing gate at point (4, 6).
Best move: (21, 24)
Best move: (3, 4)
Best move: (14, 21)
Executing gate at point (0, 4).
Best move: (5, 20)
Executing gate at point (4, 5).
Executing gate at point (5, 7).
Executing gate at point (6, 5).
Executing gate at point (7, 5).
Executing gate at point (7, 7).
Executing gate at point (8, 5).
Executing gate at point (9, 5).
Executing gate at point (10, 5).
Executing gate at point (11, 6).
Best move: (4, 5)
Best move: (5, 20)
Best move: (20, 21)
Best move: (13, 14)
Best move: (14, 21)
Executing gate at point (8, 4).
Executing gate at point (9, 4).
Executing gate at point (10, 4).
Executing gate at point (11, 7).
Executing gate at point (11, 4).
Executing gate at point (12, 3).
Executing gate at point (13, 7).
Executing gate at point (14, 3).
Executing gate at point (15, 7).
Executing gate at point (15, 3).
Best move: (14, 21)
Best move: (13, 14)
Best move: (3, 4)
Best move: (3, 4)
Best move: (3, 4)
Try bruteforce due to repeated pattern...
Trying to solve brute-force congestion at gate [14, 4] with {0: 15, 1: 9, 2: 6, 3: 12, 4: 14, 5: 3, 6: 4, 7: 21}
Trying to moving ion 4... to 3
Ion assignment after moving ion 4: {0: 15, 1: 9, 2: 6, 3: 12, 4: 14, 5: 4, 6: 3, 7: 21}
Gate position gate updated to [ 3 14]--------------c
Trying to moving ion 14... to 4
Ion assignment after moving ion 14: {0: 15, 1: 9, 2: 6, 3: 12, 4: 4, 5: 5, 6: 3, 7: 24}
Executing gate at point (12, 4).
Executing gate at point (13, 6).
Executing gate at point (14, 4).
Executing gate at point (15, 4).
Executing gate at point (16, 4).
Executing gate at point (17, 5).
Executing gate at point (18, 4).
Executing gate at point (19, 4).
Executing gate at point (19, 5).
Best move: (24, 25)
Best move: (22, 25)
Best move: (8, 22)
Executing gate at point (16, 2).
Executing gate at point (17, 2).
Executing gate at point (18, 2).
Executing gate at point (19, 7).
Executing gate at point (19, 2).
Best move: (3, 4)
Best move: (8, 22)
Best move: (22, 23)
Best move: (11, 23)
Executing gate at point (20, 1).
Executing gate at point (21, 7).
Executing gate at point (22, 1).
Executing gate at point (23, 1).
Best move: (11, 23)
Best move: (23, 25)
Best move: (24, 25)
Best move: (19, 24)
Best move: (17, 19)
Executing gate at point (23, 0).
Executing gate at point (24, 7).
Executing gate at point (25, 0).
Executing gate at point (26, 7).
Executing gate at point (26, 0).
Best move: (4, 5)
Best move: (5, 20)
Best move: (20, 21)
Best move: (14, 21)
Executing gate at point (16, 3).
Executing gate at point (17, 6).
Executing gate at point (18, 3).
Executing gate at point (19, 3).
Executing gate at point (19, 6).
Best move: (14, 21)
Best move: (21, 25)
Best move: (22, 25)
Best move: (8, 22)
Executing gate at point (20, 2).
Executing gate at point (21, 6).
Executing gate at point (22, 2).
Best move: (8, 22)
Best move: (4, 5)
Best move: (5, 20)
Best move: (20, 21)
Best move: (14, 21)
Executing gate at point (20, 3).
Executing gate at point (21, 5).
Executing gate at point (22, 3).
Executing gate at point (23, 3).
Best move: (22, 23)
Best move: (11, 23)
Executing gate at point (24, 1).
Executing gate at point (25, 6).
Executing gate at point (26, 1).
Executing gate at point (27, 1).
Best move: (11, 23)
Best move: (12, 13)
Best move: (13, 14)
Best move: (14, 21)
Best move: (20, 21)
Best move: (5, 20)
Executing gate at point (24, 3).
Executing gate at point (25, 3).
Executing gate at point (26, 3).
Executing gate at point (27, 3).
Best move: (23, 25)
Best move: (24, 25)
Best move: (19, 24)
Best move: (13, 14)
Best move: (14, 21)
Best move: (21, 25)
Best move: (22, 25)
Best move: (8, 22)
Try bruteforce due to multiple steps (8) to solve one gate
Trying to solve brute-force congestion at gate [6, 8] with {0: 15, 1: 9, 2: 6, 3: 5, 4: 3, 5: 8, 6: 19, 7: 17}
Trying to moving ion 6... to 6
Ion assignment after moving ion 6: {0: 15, 1: 9, 2: 6, 3: 5, 4: 3, 5: 8, 6: 19, 7: 17}
Gate position gate updated to [6 8]--------------c
Trying to moving ion 8... to 7
Ion assignment after moving ion 8: {0: 15, 1: 9, 2: 6, 3: 5, 4: 3, 5: 7, 6: 19, 7: 17}
Executing gate at point (23, 2).
Executing gate at point (24, 5).
Executing gate at point (25, 2).
Executing gate at point (26, 2).
Best move: (3, 4)
Best move: (4, 5)
Best move: (5, 20)
Best move: (20, 25)
Best move: (22, 25)
Best move: (8, 22)
Executing gate at point (27, 2).
Executing gate at point (28, 2).
Executing gate at point (29, 2).
Executing gate at point (30, 4).
Best move: (7, 8)
Best move: (8, 22)
Best move: (22, 23)
Best move: (11, 23)
Executing gate at point (28, 1).
Executing gate at point (29, 5).
Executing gate at point (30, 1).
Executing gate at point (31, 5).
Best move: (9, 10)
Best move: (10, 11)
Best move: (11, 23)
Best move: (22, 23)
Best move: (4, 5)
Best move: (5, 20)
Best move: (20, 25)
Best move: (23, 25)
Try bruteforce due to multiple steps (8) to solve one gate
Trying to solve brute-force congestion at gate [6, 23] with {0: 15, 1: 22, 2: 6, 3: 23, 4: 7, 5: 10, 6: 19, 7: 17}
Trying to moving ion 6... to 6
Ion assignment after moving ion 6: {0: 15, 1: 22, 2: 6, 3: 23, 4: 7, 5: 10, 6: 19, 7: 17}
Gate position gate updated to [ 6 23]--------------c
Trying to moving ion 23... to 7
Ion assignment after moving ion 23: {0: 15, 1: 25, 2: 6, 3: 7, 4: 8, 5: 10, 6: 19, 7: 17}
Executing gate at point (30, 2).
Executing gate at point (31, 2).
Executing gate at point (32, 2).
Executing gate at point (33, 3).
Best move: (8, 22)
Best move: (23, 25)
Best move: (11, 23)
Best move: (22, 23)
Best move: (10, 11)
Best move: (9, 10)
Best move: (9, 10)
Best move: (9, 10)
Try bruteforce due to multiple steps (8) to solve one gate
Trying to solve brute-force congestion at gate [9, 23] with {0: 15, 1: 9, 2: 6, 3: 7, 4: 23, 5: 11, 6: 19, 7: 17}
Trying to moving ion 9... to 9
Ion assignment after moving ion 9: {0: 15, 1: 9, 2: 6, 3: 7, 4: 23, 5: 11, 6: 19, 7: 17}
Clearing endpoint 11.........
Gate position gate updated to [ 9 23]--------------c
Trying to moving ion 23... to 10Input filename:  QFT_8_compiled
Algorithm:  SHAW
Trap type:  G2x3
Trap capacity:  3
Num layout passes:  2
Gate type:  FM
Run index:  4
Creating a QCCD machine ...
QCCD physical machine:
### Traps ### 
Trap(id='trap_0', max_num_ions=3, initial_num_ions=0, executable=True, measureable=True)
Trap(id='trap_1', max_num_ions=3, initial_num_ions=0, executable=True, measureable=True)
Trap(id='trap_2', max_num_ions=3, initial_num_ions=0, executable=True, measureable=True)
Trap(id='trap_3', max_num_ions=3, initial_num_ions=0, executable=True, measureable=True)
Trap(id='trap_4', max_num_ions=3, initial_num_ions=0, executable=True, measureable=True)
Trap(id='trap_5', max_num_ions=3, initial_num_ions=0, executable=True, measureable=True)
### Junctions ### 
Junction(id='junction_0')
Junction(id='junction_1')
Junction(id='junction_2')
### Segments ### 
Segment(id='segment_0', left=Trap(id='trap_0', max_num_ions=3, initial_num_ions=0, executable=True, measureable=True), right=Junction(id='junction_0'))
Segment(id='segment_1', left=Trap(id='trap_5', max_num_ions=3, initial_num_ions=0, executable=True, measureable=True), right=Junction(id='junction_0'))
Segment(id='segment_2', left=Trap(id='trap_1', max_num_ions=3, initial_num_ions=0, executable=True, measureable=True), right=Junction(id='junction_1'))
Segment(id='segment_3', left=Trap(id='trap_4', max_num_ions=3, initial_num_ions=0, executable=True, measureable=True), right=Junction(id='junction_1'))
Segment(id='segment_4', left=Trap(id='trap_2', max_num_ions=3, initial_num_ions=0, executable=True, measureable=True), right=Junction(id='junction_2'))
Segment(id='segment_5', left=Trap(id='trap_3', max_num_ions=3, initial_num_ions=0, executable=True, measureable=True), right=Junction(id='junction_2'))
Segment(id='segment_6', left=Junction(id='junction_0'), right=Junction(id='junction_1'))
Segment(id='segment_7', left=Junction(id='junction_1'), right=Junction(id='junction_2'))
Finished creating the QCCD physical machine.
Position graph:  CouplingGraph({(3, 4), (12, 13), (22, 23), (21, 25), (23, 25), (11, 23), (13, 14), (19, 24), (18, 19), (4, 5), (20, 25), (21, 24), (22, 25), (14, 21), (0, 1), (9, 10), (1, 2), (10, 11), (6, 7), (15, 16), (24, 25), (18, 24), (20, 21), (20, 24), (17, 19), (5, 20), (8, 22), (2, 18), (7, 8), (16, 17)})
Initial ion assignment:  {0: 1, 1: 4, 2: 14, 3: 7, 4: 6, 5: 17, 6: 0, 7: 15}
Congestion rate:  1.0
Scheduling QCCD: 2600008120.000001 us, costing 50.89027009997517 s to compile
2600.008120000001
50.89027009997517
{0: 15, 1: 9, 2: 6, 3: 12, 4: 24, 5: 20, 6: 4, 7: 3}
[0, 1, 2, 3, 4, 5, 6, 7]
