Best move: (11, 23)
Best move: (23, 25)
Best move: (24, 25)
Best move: (19, 24)
Best move: (14, 21)
Best move: (21, 25)
Best move: (22, 25)
Best move: (8, 22)
Try bruteforce due to multiple steps (8) to solve one gate
Trying to solve brute-force congestion at gate [19, 17] with {0: 5, 1: 2, 2: 0, 3: 19, 4: 17, 5: 10, 6: 6, 7: 8}
Trying to moving ion 17... to 15
Ion assignment after moving ion 17: {0: 5, 1: 2, 2: 0, 3: 19, 4: 15, 5: 10, 6: 6, 7: 8}
Gate position gate updated to [15 19]--------------c
Trying to moving ion 19... to 16
Ion assignment after moving ion 19: {0: 5, 1: 2, 2: 0, 3: 16, 4: 15, 5: 10, 6: 6, 7: 8}
Executing gate at point (0, 3).
Executing gate at point (0, 6).
Best move: (10, 11)
Best move: (11, 23)
Best move: (22, 23)
Best move: (0, 1)
Best move: (1, 2)
Best move: (2, 18)
Best move: (18, 19)
Best move: (17, 19)
Try bruteforce due to multiple steps (8) to solve one gate
Trying to solve brute-force congestion at gate [17, 16] with {0: 5, 1: 1, 2: 17, 3: 16, 4: 15, 5: 22, 6: 6, 7: 8}
Trying to moving ion 17... to 15
Ion assignment after moving ion 17: {0: 5, 1: 1, 2: 15, 3: 17, 4: 16, 5: 22, 6: 6, 7: 8}
Gate position gate updated to [15 17]--------------c
Trying to moving ion 17... to 16
Ion assignment after moving ion 17: {0: 5, 1: 1, 2: 15, 3: 16, 4: 17, 5: 22, 6: 6, 7: 8}
Executing gate at point (1, 2).
Best move: (15, 16)
Best move: (16, 17)
Best move: (17, 19)
Best move: (18, 19)
Best move: (2, 18)
Executing gate at point (2, 1).
Best move: (5, 20)
Best move: (20, 24)
Best move: (18, 24)
Best move: (0, 1)
Best move: (0, 1)
Best move: (0, 1)
Best move: (0, 1)
Try bruteforce due to repeated pattern...
Trying to solve brute-force congestion at gate [18, 1] with {0: 18, 1: 1, 2: 2, 3: 15, 4: 16, 5: 22, 6: 6, 7: 8}
Trying to moving ion 1... to 0
Ion assignment after moving ion 1: {0: 18, 1: 0, 2: 2, 3: 15, 4: 16, 5: 22, 6: 6, 7: 8}
Clearing endpoint 2.........
Gate position gate updated to [ 0 18]--------------c
Trying to moving ion 18... to 1
Ion assignment after moving ion 18: {0: 1, 1: 0, 2: 2, 3: 15, 4: 16, 5: 22, 6: 6, 7: 8}
Executing gate at point (3, 0).
Best move: (6, 7)
Best move: (6, 7)
Best move: (6, 7)
Try bruteforce due to repeated pattern...
Trying to solve brute-force congestion at gate [22, 7] with {0: 1, 1: 0, 2: 2, 3: 15, 4: 16, 5: 22, 6: 7, 7: 8}
Trying to moving ion 7... to 6
Ion assignment after moving ion 7: {0: 1, 1: 0, 2: 2, 3: 15, 4: 16, 5: 22, 6: 6, 7: 8}
Clearing endpoint 8.........
Gate position gate updated to [ 6 22]--------------c
Trying to moving ion 22... to 7
Ion assignment after moving ion 22: {0: 1, 1: 0, 2: 2, 3: 15, 4: 16, 5: 7, 6: 6, 7: 8}
Executing gate at point (1, 5).
Best move: (7, 8)
Best move: (8, 22)
Best move: (22, 25)
Best move: (24, 25)
Best move: (19, 24)
Best move: (17, 19)
Executing gate at point (2, 4).
Executing gate at point (3, 3).
Best move: (17, 19)
Best move: (2, 18)
Best move: (15, 16)
Best move: (15, 16)
Best move: (15, 16)
Try bruteforce due to repeated pattern...
Trying to solve brute-force congestion at gate [18, 16] with {0: 1, 1: 0, 2: 18, 3: 16, 4: 15, 5: 19, 6: 6, 7: 7}
Trying to moving ion 16... to 15
Ion assignment after moving ion 16: {0: 1, 1: 0, 2: 18, 3: 15, 4: 16, 5: 19, 6: 6, 7: 7}
Gate position gate updated to [15 18]--------------c
Trying to moving ion 18... to 16
Ion assignment after moving ion 18: {0: 1, 1: 0, 2: 16, 3: 15, 4: 17, 5: 24, 6: 6, 7: 7}
Executing gate at point (4, 2).
Best move: (24, 25)
Best move: (22, 25)
Best move: (8, 22)
Executing gate at point (3, 5).
Executing gate at point (4, 6).
Best move: (8, 22)
Best move: (22, 25)
Best move: (17, 19)
Best move: (19, 24)
Best move: (20, 24)
Best move: (20, 24)
Best move: (20, 24)
Try bruteforce due to repeated pattern...
Trying to solve brute-force congestion at gate [20, 25] with {0: 1, 1: 0, 2: 16, 3: 15, 4: 20, 5: 25, 6: 6, 7: 7}
Trying to moving ion 20... to 3
Ion assignment after moving ion 20: {0: 1, 1: 0, 2: 16, 3: 15, 4: 3, 5: 25, 6: 6, 7: 7}
Gate position gate updated to [ 3 25]--------------c
Trying to moving ion 25... to 4
Ion assignment after moving ion 25: {0: 1, 1: 0, 2: 16, 3: 15, 4: 3, 5: 4, 6: 6, 7: 7}
Executing gate at point (4, 4).
Best move: (16, 17)
Best move: (17, 19)
Best move: (18, 19)
Best move: (2, 18)
Executing gate at point (5, 1).
Best move: (15, 16)
Best move: (16, 17)
Best move: (17, 19)
Best move: (19, 24)
Best move: (20, 24)
Best move: (5, 20)
Executing gate at point (5, 3).
Best move: (4, 5)
Best move: (5, 20)
Best move: (20, 25)
Best move: (22, 25)
Best move: (8, 22)
Executing gate at point (5, 5).
Trying to solve brute-force congestion at gate [4, 25] with {0: 1, 1: 0, 2: 20, 3: 3, 4: 4, 5: 25, 6: 6, 7: 7}
Trying to moving ion 4... to 3
Ion assignment after moving ion 4: {0: 1, 1: 0, 2: 20, 3: 4, 4: 3, 5: 25, 6: 6, 7: 7}
Gate position gate updated to [ 3 25]--------------c
Trying to moving ion 25... to 4
Ion assignment after moving ion 25: {0: 1, 1: 0, 2: 24, 3: 5, 4: 3, 5: 4, 6: 6, 7: 7}
Trying to solve brute-force congestion at gate [4, 6] with {0: 1, 1: 0, 2: 24, 3: 5, 4: 3, 5: 4, 6: 6, 7: 7}
Trying to moving ion 6... to 6
Ion assignment after moving ion 6: {0: 1, 1: 0, 2: 24, 3: 5, 4: 3, 5: 4, 6: 6, 7: 7}
Gate position gate updated to [6 4]--------------c
Trying to moving ion 4... to 7
Ion assignment after moving ion 4: {0: 1, 1: 0, 2: 24, 3: 4, 4: 3, 5: 7, 6: 6, 7: 8}
Trying to solve brute-force congestion at gate [24, 4] with {0: 1, 1: 0, 2: 24, 3: 4, 4: 3, 5: 7, 6: 6, 7: 8}
Trying to moving ion 4... to 3
Ion assignment after moving ion 4: {0: 1, 1: 0, 2: 24, 3: 3, 4: 4, 5: 7, 6: 6, 7: 8}
Gate position gate updated to [ 3 24]--------------c
Trying to moving ion 24... to 4
Ion assignment after moving ion 24: {0: 1, 1: 0, 2: 4, 3: 3, 4: 5, 5: 7, 6: 6, 7: 8}
Trying to solve brute-force congestion at gate [3, 5] with {0: 1, 1: 0, 2: 4, 3: 3, 4: 5, 5: 7, 6: 6, 7: 8}
Trying to moving ion 3... to 3
Ion assignment after moving ion 3: {0: 1, 1: 0, 2: 4, 3: 3, 4: 5, 5: 7, 6: 6, 7: 8}
Gate position gate updated to [3 5]--------------c
Trying to moving ion 5... to 4
Ion assignment after moving ion 5: {0: 1, 1: 0, 2: 5, 3: 3, 4: 4, 5: 7, 6: 6, 7: 8}
Trying to solve brute-force congestion at gate [4, 7] with {0: 1, 1: 0, 2: 5, 3: 3, 4: 4, 5: 7, 6: 6, 7: 8}
Trying to moving ion 4... to 3
Ion assignment after moving ion 4: {0: 1, 1: 0, 2: 5, 3: 4, 4: 3, 5: 7, 6: 6, 7: 8}
Clearing endpoint 5.........
Gate position gate updated to [3 7]--------------c
Trying to moving ion 7... to 4
Ion assignment after moving ion 7: {0: 1, 1: 0, 2: 24, 3: 5, 4: 3, 5: 4, 6: 6, 7: 7}
Trying to solve brute-force congestion at gate [0, 24] with {0: 1, 1: 0, 2: 24, 3: 5, 4: 3, 5: 4, 6: 6, 7: 7}
Trying to moving ion 0... to 0
Ion assignment after moving ion 0: {0: 1, 1: 0, 2: 24, 3: 5, 4: 3, 5: 4, 6: 6, 7: 7}
Gate position gate updated to [ 0 24]--------------c
Trying to moving ion 24... to 1
Ion assignment after moving ion 24: {0: 2, 1: 0, 2: 1, 3: 5, 4: 3, 5: 4, 6: 6, 7: 7}
Trying to solve brute-force congestion at gate [1, 5] with {0: 2, 1: 0, 2: 1, 3: 5, 4: 3, 5: 4, 6: 6, 7: 7}
Trying to moving ion 1... to 0
Ion assignment after moving ion 1: {0: 2, 1: 1, 2: 0, 3: 5, 4: 3, 5: 4, 6: 6, 7: 7}
Clearing endpoint 2.........
Gate position gate updated to [0 5]--------------c
Trying to moving ion 5... to 1
Ion assignment after moving ion 5: {0: 19, 1: 2, 2: 0, 3: 1, 4: 3, 5: 4, 6: 6, 7: 7}
Trying to solve brute-force congestion at gate [1, 3] with {0: 19, 1: 2, 2: 0, 3: 1, 4: 3, 5: 4, 6: 6, 7: 7}
Trying to moving ion 3... to 3
Ion assignment after moving ion 3: {0: 19, 1: 2, 2: 0, 3: 1, 4: 3, 5: 4, 6: 6, 7: 7}
Gate position gate updated to [3 1]--------------c
Trying to moving ion 1... to 4
Ion assignment after moving ion 1: {0: 19, 1: 1, 2: 0, 3: 4, 4: 3, 5: 5, 6: 6, 7: 7}
Trying to solve brute-force congestion at gate [5, 6] with {0: 19, 1: 1, 2: 0, 3: 4, 4: 3, 5: 5, 6: 6, 7: 7}
Trying to moving ion 6... to 6
Ion assignment after moving ion 6: {0: 19, 1: 1, 2: 0, 3: 4, 4: 3, 5: 5, 6: 6, 7: 7}
Gate position gate updated to [6 5]--------------c
Trying to moving ion 5... to 7
Ion assignment after moving ion 5: {0: 19, 1: 1, 2: 0, 3: 4, 4: 3, 5: 7, 6: 6, 7: 8}
Trying to solve brute-force congestion at gate [6, 8] with {0: 19, 1: 1, 2: 0, 3: 4, 4: 3, 5: 7, 6: 6, 7: 8}
Trying to moving ion 6... to 6
Ion assignment after moving ion 6: {0: 19, 1: 1, 2: 0, 3: 4, 4: 3, 5: 7, 6: 6, 7: 8}
Gate position gate updated to [6 8]--------------c
Trying to moving ion 8... to 7
Ion assignment after moving ion 8: {0: 19, 1: 1, 2: 0, 3: 4, 4: 3, 5: 8, 6: 6, 7: 7}
Executing gate at point (0, 3).
Executing gate at point (0, 6).
Executing gate at point (1, 5).
Best move: (8, 22)
Best move: (22, 25)
Best move: (20, 25)
Best move: (5, 20)
Executing gate at point (2, 4).
Best move: (5, 20)
Best move: (4, 5)
Best move: (0, 1)
Best move: (0, 1)
Best move: (0, 1)
Try bruteforce due to repeated pattern...
Trying to solve brute-force congestion at gate [1, 5] with {0: 19, 1: 0, 2: 1, 3: 5, 4: 3, 5: 20, 6: 6, 7: 7}
Trying to moving ion 1... to 0
Ion assignment after moving ion 1: {0: 19, 1: 1, 2: 0, 3: 5, 4: 3, 5: 20, 6: 6, 7: 7}
Gate position gate updated to [0 5]--------------c
Trying to moving ion 5... to 1
Ion assignment after moving ion 5: {0: 19, 1: 2, 2: 0, 3: 1, 4: 3, 5: 25, 6: 6, 7: 7}
Executing gate at point (1, 2).
Executing gate at point (2, 1).
Best move: (22, 25)
Best move: (8, 22)
Executing gate at point (3, 5).
Executing gate at point (4, 6).
Best move: (2, 18)
Best move: (1, 2)
Best move: (3, 4)
Best move: (17, 19)
Best move: (18, 19)
Best move: (2, 18)
Best move: (18, 24)
Best move: (20, 24)
Try bruteforce due to multiple steps (8) to solve one gate
Trying to solve brute-force congestion at gate [20, 4] with {0: 17, 1: 19, 2: 0, 3: 20, 4: 4, 5: 8, 6: 6, 7: 7}
Trying to moving ion 4... to 3
Ion assignment after moving ion 4: {0: 17, 1: 19, 2: 0, 3: 20, 4: 3, 5: 8, 6: 6, 7: 7}
Gate position gate updated to [ 3 20]--------------c
Trying to moving ion 20... to 4
Ion assignment after moving ion 20: {0: 17, 1: 19, 2: 0, 3: 4, 4: 3, 5: 8, 6: 6, 7: 7}
Executing gate at point (3, 3).
Best move: (8, 22)
Best move: (22, 25)
Best move: (16, 17)
Best move: (17, 19)
Executing gate at point (3, 0).
Best move: (20, 25)
Best move: (5, 20)
Executing gate at point (4, 4).
Best move: (5, 20)
Best move: (20, 25)
Best move: (22, 25)
Best move: (8, 22)
Executing gate at point (5, 5).
Best move: (4, 5)
Best move: (5, 20)
Best move: (20, 24)
Best move: (18, 24)
Best move: (2, 18)
Executing gate at point (4, 2).
Best move: (17, 19)
Best move: (2, 18)
Best move: (18, 24)
Best move: (18, 19)
Best move: (20, 24)
Best move: (2, 18)
Executing gate at point (5, 1).
Best move: (5, 20)
Executing gate at point (5, 3).
Trying to solve brute-force congestion at gate [3, 8] with {0: 16, 1: 19, 2: 0, 3: 2, 4: 3, 5: 8, 6: 6, 7: 7}
Trying to moving ion 3... to 3
Ion assignment after moving ion 3: {0: 16, 1: 19, 2: 0, 3: 2, 4: 3, 5: 8, 6: 6, 7: 7}
Gate position gate updated to [3 8]--------------c
Trying to moving ion 8... to 4
Ion assignment after moving ion 8: {0: 16, 1: 19, 2: 0, 3: 2, 4: 3, 5: 4, 6: 6, 7: 7}
Trying to solve brute-force congestion at gate [2, 3] with {0: 16, 1: 19, 2: 0, 3: 2, 4: 3, 5: 4, 6: 6, 7: 7}
Trying to moving ion 3... to 3
Ion assignment after moving ion 3: {0: 16, 1: 19, 2: 0, 3: 2, 4: 3, 5: 4, 6: 6, 7: 7}
Gate position gate updated to [3 2]--------------c
Trying to moving ion 2... to 4
Ion assignment after moving ion 2: {0: 16, 1: 19, 2: 0, 3: 4, 4: 3, 5: 5, 6: 6, 7: 7}
Trying to solve brute-force congestion at gate [19, 0] with {0: 16, 1: 19, 2: 0, 3: 4, 4: 3, 5: 5, 6: 6, 7: 7}
Trying to moving ion 0... to 0
Ion assignment after moving ion 0: {0: 16, 1: 19, 2: 0, 3: 4, 4: 3, 5: 5, 6: 6, 7: 7}
Gate position gate updated to [ 0 19]--------------c
Trying to moving ion 19... to 1
Ion assignment after moving ion 19: {0: 16, 1: 1, 2: 0, 3: 4, 4: 3, 5: 5, 6: 6, 7: 7}
Trying to solve brute-force congestion at gate [0, 4] with {0: 16, 1: 1, 2: 0, 3: 4, 4: 3, 5: 5, 6: 6, 7: 7}
Trying to moving ion 0... to 0
Ion assignment after moving ion 0: {0: 16, 1: 1, 2: 0, 3: 4, 4: 3, 5: 5, 6: 6, 7: 7}
Gate position gate updated to [0 4]--------------c
Trying to moving ion 4... to 1
Ion assignment after moving ion 4: {0: 16, 1: 2, 2: 0, 3: 1, 4: 3, 5: 4, 6: 6, 7: 7}
Trying to solve brute-force congestion at gate [4, 6] with {0: 16, 1: 2, 2: 0, 3: 1, 4: 3, 5: 4, 6: 6, 7: 7}
Trying to moving ion 6... to 6
Ion assignment after moving ion 6: {0: 16, 1: 2, 2: 0, 3: 1, 4: 3, 5: 4, 6: 6, 7: 7}
Gate position gate updated to [6 4]--------------c
Trying to moving ion 4... to 7
Ion assignment after moving ion 4: {0: 16, 1: 2, 2: 0, 3: 1, 4: 3, 5: 7, 6: 6, 7: 8}
Trying to solve brute-force congestion at gate [3, 7] with {0: 16, 1: 2, 2: 0, 3: 1, 4: 3, 5: 7, 6: 6, 7: 8}
Trying to moving ion 3... to 3
Ion assignment after moving ion 3: {0: 16, 1: 2, 2: 0, 3: 1, 4: 3, 5: 7, 6: 6, 7: 8}
Gate position gate updated to [3 7]--------------c
Trying to moving ion 7... to 4
Ion assignment after moving ion 7: {0: 16, 1: 2, 2: 0, 3: 1, 4: 3, 5: 4, 6: 6, 7: 7}
Trying to solve brute-force congestion at gate [1, 3] with {0: 16, 1: 2, 2: 0, 3: 1, 4: 3, 5: 4, 6: 6, 7: 7}
Trying to moving ion 3... to 3
Ion assignment after moving ion 3: {0: 16, 1: 2, 2: 0, 3: 1, 4: 3, 5: 4, 6: 6, 7: 7}
Gate position gate updated to [3 1]--------------c
Trying to moving ion 1... to 4
Ion assignment after moving ion 1: {0: 16, 1: 1, 2: 0, 3: 4, 4: 3, 5: 5, 6: 6, 7: 7}
Trying to solve brute-force congestion at gate [5, 6] with {0: 16, 1: 1, 2: 0, 3: 4, 4: 3, 5: 5, 6: 6, 7: 7}
Trying to moving ion 6... to 6
Ion assignment after moving ion 6: {0: 16, 1: 1, 2: 0, 3: 4, 4: 3, 5: 5, 6: 6, 7: 7}
Gate position gate updated to [6 5]--------------c
Trying to moving ion 5... to 7
Ion assignment after moving ion 5: {0: 16, 1: 1, 2: 0, 3: 4, 4: 3, 5: 7, 6: 6, 7: 8}
Trying to solve brute-force congestion at gate [6, 8] with {0: 16, 1: 1, 2: 0, 3: 4, 4: 3, 5: 7, 6: 6, 7: 8}
Trying to moving ion 6... to 6
Ion assignment after moving ion 6: {0: 16, 1: 1, 2: 0, 3: 4, 4: 3, 5: 7, 6: 6, 7: 8}
Gate position gate updated to [6 8]--------------c
Trying to moving ion 8... to 7
Ion assignment after moving ion 8: {0: 16, 1: 1, 2: 0, 3: 4, 4: 3, 5: 8, 6: 6, 7: 7}
Executing gate at point (0, 3).
Executing gate at point (0, 6).
Executing gate at point (1, 5).
Best move: (8, 22)
Best move: (22, 25)
Best move: (20, 25)
Best move: (5, 20)
Executing gate at point (2, 4).
Best move: (5, 20)
Best move: (4, 5)
Best move: (0, 1)
Best move: (0, 1)
Best move: (0, 1)
Try bruteforce due to repeated pattern...
Trying to solve brute-force congestion at gate [1, 5] with {0: 16, 1: 0, 2: 1, 3: 5, 4: 3, 5: 20, 6: 6, 7: 7}
Trying to moving ion 1... to 0
Ion assignment after moving ion 1: {0: 16, 1: 1, 2: 0, 3: 5, 4: 3, 5: 20, 6: 6, 7: 7}
Gate position gate updated to [0 5]--------------c
Trying to moving ion 5... to 1
Ion assignment after moving ion 5: {0: 16, 1: 2, 2: 0, 3: 1, 4: 3, 5: 25, 6: 6, 7: 7}
Executing gate at point (1, 2).
Executing gate at point (2, 1).
Best move: (22, 25)
Best move: (8, 22)
Executing gate at point (3, 5).
Executing gate at point (4, 6).
Best move: (2, 18)
Best move: (18, 19)
Best move: (17, 19)
Executing gate at point (3, 0).
Best move: (1, 2)
Best move: (2, 18)
Best move: (18, 24)
Best move: (20, 24)
Best move: (5, 20)
Executing gate at point (3, 3).
Best move: (5, 20)
Best move: (8, 22)
Best move: (22, 25)
Best move: (3, 4)
Best move: (3, 4)
Best move: (3, 4)
Try bruteforce due to repeated pattern...
Trying to solve brute-force congestion at gate [4, 25] with {0: 16, 1: 17, 2: 0, 3: 20, 4: 4, 5: 25, 6: 6, 7: 7}
Trying to moving ion 4... to 3
Ion assignment after moving ion 4: {0: 16, 1: 17, 2: 0, 3: 20, 4: 3, 5: 25, 6: 6, 7: 7}
Gate position gate updated to [ 3 25]--------------c
Trying to moving ion 25... to 4
Ion assignment after moving ion 25: {0: 16, 1: 17, 2: 0, 3: 21, 4: 3, 5: 4, 6: 6, 7: 7}
Executing gate at point (4, 4).
Best move: (21, 24)
Best move: (18, 24)
Best move: (2, 18)
Executing gate at point (4, 2).Input filename:  TFIM_wsq_n8_s100_compiled
Algorithm:  SHAPER
Trap type:  G2x3
Trap capacity:  3
Num layout passes:  2
Gate type:  FM
Run index:  4
Creating a QCCD machine ...
QCCD physical machine:
### Traps ### 
Trap(id='trap_0', max_num_ions=3, initial_num_ions=0, executable=True, measureable=True)
Trap(id='trap_1', max_num_ions=3, initial_num_ions=0, executable=True, measureable=True)
Trap(id='trap_2', max_num_ions=3, initial_num_ions=0, executable=True, measureable=True)
Trap(id='trap_3', max_num_ions=3, initial_num_ions=0, executable=True, measureable=True)
Trap(id='trap_4', max_num_ions=3, initial_num_ions=0, executable=True, measureable=True)
Trap(id='trap_5', max_num_ions=3, initial_num_ions=0, executable=True, measureable=True)
### Junctions ### 
Junction(id='junction_0')
Junction(id='junction_1')
Junction(id='junction_2')
### Segments ### 
Segment(id='segment_0', left=Trap(id='trap_0', max_num_ions=3, initial_num_ions=0, executable=True, measureable=True), right=Junction(id='junction_0'))
Segment(id='segment_1', left=Trap(id='trap_5', max_num_ions=3, initial_num_ions=0, executable=True, measureable=True), right=Junction(id='junction_0'))
Segment(id='segment_2', left=Trap(id='trap_1', max_num_ions=3, initial_num_ions=0, executable=True, measureable=True), right=Junction(id='junction_1'))
Segment(id='segment_3', left=Trap(id='trap_4', max_num_ions=3, initial_num_ions=0, executable=True, measureable=True), right=Junction(id='junction_1'))
Segment(id='segment_4', left=Trap(id='trap_2', max_num_ions=3, initial_num_ions=0, executable=True, measureable=True), right=Junction(id='junction_2'))
Segment(id='segment_5', left=Trap(id='trap_3', max_num_ions=3, initial_num_ions=0, executable=True, measureable=True), right=Junction(id='junction_2'))
Segment(id='segment_6', left=Junction(id='junction_0'), right=Junction(id='junction_1'))
Segment(id='segment_7', left=Junction(id='junction_1'), right=Junction(id='junction_2'))
Finished creating the QCCD physical machine.
Position graph:  CouplingGraph({(3, 4), (12, 13), (22, 23), (21, 25), (23, 25), (11, 23), (13, 14), (19, 24), (18, 19), (4, 5), (20, 25), (21, 24), (22, 25), (14, 21), (0, 1), (9, 10), (1, 2), (10, 11), (6, 7), (15, 16), (24, 25), (18, 24), (20, 21), (20, 24), (17, 19), (5, 20), (8, 22), (2, 18), (7, 8), (16, 17)})
Initial ion assignment:  {0: 5, 1: 2, 2: 0, 3: 11, 4: 17, 5: 10, 6: 6, 7: 14}
Congestion rate:  1.0
Scheduling QCCD: 4320.0 us, costing 23.630737599916756 s to compile
0.00432
23.630737599916756
{0: 16, 1: 1, 2: 0, 3: 4, 4: 3, 5: 8, 6: 6, 7: 7}
[0, 1, 2, 3, 4, 5, 6, 7]
