Best move: (35, 37)
Best move: (20, 21)
Best move: (21, 22)
Best move: (22, 23)
Best move: (23, 41)
Best move: (41, 43)
Best move: (42, 43)
Best move: (36, 42)
Best move: (30, 31)
Best move: (31, 32)
Best move: (31, 32)
Best move: (35, 37)
Try bruteforce due to multiple steps (12) to solve one gate
Trying to solve brute-force congestion at gate [35, 36, 31] with {0: 6, 1: 26, 2: 15, 3: 4, 4: 5, 5: 9, 6: 1, 7: 14, 8: 0, 9: 24, 10: 30, 11: 8, 12: 7, 13: 25, 14: 2, 15: 12, 16: 17, 17: 22, 18: 3, 19: 29, 20: 20, 21: 34, 22: 13, 23: 18, 24: 27, 25: 21, 26: 16, 27: 10, 28: 11, 29: 35, 30: 36, 31: 31}
Trying to moving ion 35... to 30
Ion assignment after moving ion 35: {0: 6, 1: 26, 2: 15, 3: 4, 4: 5, 5: 9, 6: 1, 7: 14, 8: 0, 9: 24, 10: 31, 11: 8, 12: 7, 13: 25, 14: 2, 15: 12, 16: 17, 17: 22, 18: 3, 19: 29, 20: 20, 21: 35, 22: 13, 23: 18, 24: 27, 25: 21, 26: 16, 27: 10, 28: 11, 29: 30, 30: 36, 31: 32}
Clearing endpoint 35.........
Gate position gate updated to [30 32 36]--------------c
Trying to moving ion 32... to 31
Ion assignment after moving ion 32: {0: 6, 1: 26, 2: 15, 3: 4, 4: 5, 5: 9, 6: 1, 7: 14, 8: 0, 9: 24, 10: 32, 11: 8, 12: 7, 13: 25, 14: 2, 15: 12, 16: 17, 17: 22, 18: 3, 19: 29, 20: 20, 21: 34, 22: 13, 23: 18, 24: 27, 25: 21, 26: 16, 27: 10, 28: 11, 29: 30, 30: 36, 31: 31}
Gate position gate updated to [30 31 36]--------------c
Trying to moving ion 36... to 32
Ion assignment after moving ion 36: {0: 6, 1: 26, 2: 15, 3: 4, 4: 5, 5: 9, 6: 1, 7: 14, 8: 0, 9: 24, 10: 33, 11: 8, 12: 7, 13: 25, 14: 2, 15: 12, 16: 17, 17: 22, 18: 3, 19: 29, 20: 20, 21: 35, 22: 13, 23: 18, 24: 27, 25: 21, 26: 16, 27: 10, 28: 11, 29: 30, 30: 32, 31: 31}
Executing gate at point (0, 29).
Trying to solve brute-force congestion at gate [10, 11, 31] with {0: 6, 1: 26, 2: 15, 3: 4, 4: 5, 5: 9, 6: 1, 7: 14, 8: 0, 9: 24, 10: 33, 11: 8, 12: 7, 13: 25, 14: 2, 15: 12, 16: 17, 17: 22, 18: 3, 19: 29, 20: 20, 21: 35, 22: 13, 23: 18, 24: 27, 25: 21, 26: 16, 27: 10, 28: 11, 29: 30, 30: 32, 31: 31}
Trying to moving ion 31... to 30
Ion assignment after moving ion 31: {0: 6, 1: 26, 2: 15, 3: 4, 4: 5, 5: 9, 6: 1, 7: 14, 8: 0, 9: 24, 10: 33, 11: 8, 12: 7, 13: 25, 14: 2, 15: 12, 16: 17, 17: 22, 18: 3, 19: 29, 20: 20, 21: 35, 22: 13, 23: 18, 24: 27, 25: 21, 26: 16, 27: 10, 28: 11, 29: 31, 30: 32, 31: 30}
Clearing endpoint 35.........
Gate position gate updated to [30 11 10]--------------c
Trying to moving ion 11... to 31
Ion assignment after moving ion 11: {0: 6, 1: 26, 2: 15, 3: 4, 4: 5, 5: 9, 6: 1, 7: 14, 8: 0, 9: 24, 10: 34, 11: 8, 12: 7, 13: 25, 14: 2, 15: 12, 16: 17, 17: 22, 18: 3, 19: 29, 20: 20, 21: 35, 22: 13, 23: 18, 24: 27, 25: 21, 26: 16, 27: 10, 28: 31, 29: 32, 30: 33, 31: 30}
Clearing endpoint 35.........
Gate position gate updated to [30 31 10]--------------c
Trying to moving ion 10... to 32
Ion assignment after moving ion 10: {0: 6, 1: 26, 2: 15, 3: 4, 4: 5, 5: 9, 6: 1, 7: 14, 8: 0, 9: 24, 10: 35, 11: 8, 12: 7, 13: 25, 14: 2, 15: 12, 16: 17, 17: 22, 18: 3, 19: 29, 20: 20, 21: 36, 22: 13, 23: 18, 24: 27, 25: 21, 26: 16, 27: 32, 28: 31, 29: 33, 30: 34, 31: 30}
Executing gate at point (1, 27).
Executing gate at point (2, 28).
Trying to solve brute-force congestion at gate [21, 16, 30] with {0: 6, 1: 26, 2: 15, 3: 4, 4: 5, 5: 9, 6: 1, 7: 14, 8: 0, 9: 24, 10: 35, 11: 8, 12: 7, 13: 25, 14: 2, 15: 12, 16: 17, 17: 22, 18: 3, 19: 29, 20: 20, 21: 36, 22: 13, 23: 18, 24: 27, 25: 21, 26: 16, 27: 32, 28: 31, 29: 33, 30: 34, 31: 30}
Trying to moving ion 30... to 30
Ion assignment after moving ion 30: {0: 6, 1: 26, 2: 15, 3: 4, 4: 5, 5: 9, 6: 1, 7: 14, 8: 0, 9: 24, 10: 35, 11: 8, 12: 7, 13: 25, 14: 2, 15: 12, 16: 17, 17: 22, 18: 3, 19: 29, 20: 20, 21: 36, 22: 13, 23: 18, 24: 27, 25: 21, 26: 16, 27: 32, 28: 31, 29: 33, 30: 34, 31: 30}
Clearing endpoint 35.........
Gate position gate updated to [30 16 21]--------------c
Trying to moving ion 16... to 31
Ion assignment after moving ion 16: {0: 6, 1: 26, 2: 15, 3: 4, 4: 5, 5: 9, 6: 1, 7: 14, 8: 0, 9: 24, 10: 36, 11: 8, 12: 7, 13: 25, 14: 2, 15: 12, 16: 16, 17: 22, 18: 3, 19: 29, 20: 20, 21: 42, 22: 13, 23: 18, 24: 27, 25: 21, 26: 31, 27: 33, 28: 32, 29: 34, 30: 35, 31: 30}
Clearing endpoint 35.........
Gate position gate updated to [30 31 21]--------------c
Trying to moving ion 21... to 32
Ion assignment after moving ion 21: {0: 6, 1: 26, 2: 15, 3: 4, 4: 5, 5: 9, 6: 1, 7: 14, 8: 0, 9: 24, 10: 42, 11: 8, 12: 7, 13: 25, 14: 2, 15: 12, 16: 16, 17: 21, 18: 3, 19: 29, 20: 20, 21: 38, 22: 13, 23: 18, 24: 27, 25: 32, 26: 31, 27: 34, 28: 33, 29: 35, 30: 36, 31: 30}
Executing gate at point (2, 25).
Best move: (31, 32)
Best move: (30, 31)
Best move: (32, 33)
Best move: (31, 32)
Best move: (34, 35)
Best move: (33, 34)
Best move: (32, 33)
Best move: (27, 28)
Best move: (28, 29)
Best move: (29, 39)
Best move: (33, 34)
Best move: (34, 35)
Try bruteforce due to multiple steps (12) to solve one gate
Trying to solve brute-force congestion at gate [18, 39, 35] with {0: 6, 1: 26, 2: 15, 3: 4, 4: 5, 5: 9, 6: 1, 7: 14, 8: 0, 9: 24, 10: 42, 11: 8, 12: 7, 13: 25, 14: 2, 15: 12, 16: 16, 17: 21, 18: 3, 19: 28, 20: 20, 21: 38, 22: 13, 23: 18, 24: 39, 25: 30, 26: 33, 27: 34, 28: 31, 29: 32, 30: 36, 31: 35}
Trying to moving ion 18... to 18
Ion assignment after moving ion 18: {0: 6, 1: 26, 2: 15, 3: 4, 4: 5, 5: 9, 6: 1, 7: 14, 8: 0, 9: 24, 10: 42, 11: 8, 12: 7, 13: 25, 14: 2, 15: 12, 16: 16, 17: 21, 18: 3, 19: 28, 20: 20, 21: 38, 22: 13, 23: 18, 24: 39, 25: 30, 26: 33, 27: 34, 28: 31, 29: 32, 30: 36, 31: 35}
Gate position gate updated to [18 39 35]--------------c
Trying to moving ion 39... to 19
Ion assignment after moving ion 39: {0: 6, 1: 26, 2: 15, 3: 4, 4: 5, 5: 9, 6: 1, 7: 14, 8: 0, 9: 24, 10: 42, 11: 8, 12: 7, 13: 25, 14: 2, 15: 12, 16: 16, 17: 22, 18: 3, 19: 28, 20: 21, 21: 38, 22: 13, 23: 18, 24: 19, 25: 30, 26: 33, 27: 34, 28: 31, 29: 32, 30: 36, 31: 35}
Gate position gate updated to [18 19 35]--------------c
Trying to moving ion 35... to 20
Ion assignment after moving ion 35: {0: 6, 1: 26, 2: 15, 3: 4, 4: 5, 5: 9, 6: 1, 7: 14, 8: 0, 9: 24, 10: 40, 11: 8, 12: 7, 13: 25, 14: 2, 15: 12, 16: 16, 17: 23, 18: 3, 19: 28, 20: 22, 21: 38, 22: 13, 23: 18, 24: 19, 25: 30, 26: 33, 27: 34, 28: 31, 29: 32, 30: 36, 31: 20}
Executing gate at point (3, 23).
Trying to solve brute-force congestion at gate [38, 13, 20] with {0: 6, 1: 26, 2: 15, 3: 4, 4: 5, 5: 9, 6: 1, 7: 14, 8: 0, 9: 24, 10: 40, 11: 8, 12: 7, 13: 25, 14: 2, 15: 12, 16: 16, 17: 23, 18: 3, 19: 28, 20: 22, 21: 38, 22: 13, 23: 18, 24: 19, 25: 30, 26: 33, 27: 34, 28: 31, 29: 32, 30: 36, 31: 20}
Trying to moving ion 13... to 12
Ion assignment after moving ion 13: {0: 6, 1: 26, 2: 15, 3: 4, 4: 5, 5: 9, 6: 1, 7: 14, 8: 0, 9: 24, 10: 40, 11: 8, 12: 7, 13: 25, 14: 2, 15: 13, 16: 16, 17: 23, 18: 3, 19: 28, 20: 22, 21: 38, 22: 12, 23: 18, 24: 19, 25: 30, 26: 33, 27: 34, 28: 31, 29: 32, 30: 36, 31: 20}
Gate position gate updated to [12 38 20]--------------c
Trying to moving ion 38... to 13
Ion assignment after moving ion 38: {0: 6, 1: 26, 2: 16, 3: 4, 4: 5, 5: 9, 6: 1, 7: 15, 8: 0, 9: 24, 10: 41, 11: 8, 12: 7, 13: 25, 14: 2, 15: 14, 16: 17, 17: 23, 18: 3, 19: 28, 20: 22, 21: 13, 22: 12, 23: 18, 24: 19, 25: 30, 26: 33, 27: 34, 28: 31, 29: 32, 30: 36, 31: 20}
Clearing endpoint 17.........
Gate position gate updated to [12 13 20]--------------c
Trying to moving ion 20... to 14
Ion assignment after moving ion 20: {0: 6, 1: 26, 2: 17, 3: 4, 4: 5, 5: 9, 6: 1, 7: 16, 8: 0, 9: 24, 10: 38, 11: 8, 12: 7, 13: 25, 14: 2, 15: 15, 16: 43, 17: 22, 18: 3, 19: 28, 20: 21, 21: 13, 22: 12, 23: 18, 24: 19, 25: 30, 26: 33, 27: 34, 28: 31, 29: 32, 30: 36, 31: 14}
Executing gate at point (4, 21).
Best move: (36, 37)
Best move: (14, 15)
Best move: (20, 21)
Best move: (15, 16)
Best move: (35, 37)
Executing gate at point (3, 26).
Executing gate at point (4, 27).
Executing gate at point (5, 26).
Executing gate at point (6, 26).
Best move: (30, 31)
Best move: (31, 32)
Best move: (32, 33)
Best move: (35, 37)
Best move: (37, 42)
Best move: (33, 34)
Best move: (16, 17)
Best move: (17, 40)
Best move: (28, 29)
Best move: (29, 39)
Best move: (34, 35)
Input filename:  QFT_wsq_32_compiled
Algorithm:  SHAPER
Trap type:  G2x3
Trap capacity:  6
Num layout passes:  2
Gate type:  FM
Run index:  2
Creating a QCCD machine ...
QCCD physical machine:
### Traps ### 
Trap(id='trap_0', max_num_ions=6, initial_num_ions=0, executable=True, measureable=True)
Trap(id='trap_1', max_num_ions=6, initial_num_ions=0, executable=True, measureable=True)
Trap(id='trap_2', max_num_ions=6, initial_num_ions=0, executable=True, measureable=True)
Trap(id='trap_3', max_num_ions=6, initial_num_ions=0, executable=True, measureable=True)
Trap(id='trap_4', max_num_ions=6, initial_num_ions=0, executable=True, measureable=True)
Trap(id='trap_5', max_num_ions=6, initial_num_ions=0, executable=True, measureable=True)
### Junctions ### 
Junction(id='junction_0')
Junction(id='junction_1')
Junction(id='junction_2')
### Segments ### 
Segment(id='segment_0', left=Trap(id='trap_0', max_num_ions=6, initial_num_ions=0, executable=True, measureable=True), right=Junction(id='junction_0'))
Segment(id='segment_1', left=Trap(id='trap_5', max_num_ions=6, initial_num_ions=0, executable=True, measureable=True), right=Junction(id='junction_0'))
Segment(id='segment_2', left=Trap(id='trap_1', max_num_ions=6, initial_num_ions=0, executable=True, measureable=True), right=Junction(id='junction_1'))
Segment(id='segment_3', left=Trap(id='trap_4', max_num_ions=6, initial_num_ions=0, executable=True, measureable=True), right=Junction(id='junction_1'))
Segment(id='segment_4', left=Trap(id='trap_2', max_num_ions=6, initial_num_ions=0, executable=True, measureable=True), right=Junction(id='junction_2'))
Segment(id='segment_5', left=Trap(id='trap_3', max_num_ions=6, initial_num_ions=0, executable=True, measureable=True), right=Junction(id='junction_2'))
Segment(id='segment_6', left=Junction(id='junction_0'), right=Junction(id='junction_1'))
Segment(id='segment_7', left=Junction(id='junction_1'), right=Junction(id='junction_2'))
Finished creating the QCCD physical machine.
Position graph:  CouplingGraph({(41, 43), (3, 4), (26, 27), (12, 13), (21, 22), (17, 40), (22, 23), (31, 32), (8, 9), (39, 42), (40, 41), (27, 28), (25, 26), (36, 37), (37, 42), (13, 14), (32, 33), (11, 38), (18, 19), (4, 5), (14, 15), (38, 43), (0, 1), (9, 10), (40, 43), (1, 2), (10, 11), (19, 20), (28, 29), (36, 42), (5, 36), (6, 7), (15, 16), (24, 25), (33, 34), (42, 43), (35, 37), (20, 21), (38, 42), (38, 39), (29, 39), (34, 35), (39, 43), (2, 3), (23, 41), (7, 8), (30, 31), (16, 17)})
Initial ion assignment:  {0: 6, 1: 26, 2: 15, 3: 4, 4: 5, 5: 9, 6: 1, 7: 14, 8: 0, 9: 24, 10: 31, 11: 8, 12: 7, 13: 25, 14: 2, 15: 12, 16: 17, 17: 23, 18: 3, 19: 29, 20: 21, 21: 34, 22: 13, 23: 18, 24: 27, 25: 22, 26: 16, 27: 10, 28: 11, 29: 35, 30: 20, 31: 30}
Congestion rate:  1.0
Traceback (most recent call last):
  File "C:\Users\PC\Documents\GitHub\bqskit-shuttling\venv\Lib\site-packages\bqskit\compiler\compiler.py", line 439, in _send_recv
    return self._recv_handle_log_error()
           ^^^^^^^^^^^^^^^^^^^^^^^^^^^^^
  File "C:\Users\PC\Documents\GitHub\bqskit-shuttling\venv\Lib\site-packages\bqskit\compiler\compiler.py", line 467, in _recv_handle_log_error
    raise RuntimeError(payload)
RuntimeError: Traceback (most recent call last):
  File "C:\Users\PC\Documents\GitHub\bqskit-shuttling\venv\Lib\site-packages\bqskit\runtime\worker.py", line 462, in _try_step_next_ready_task
    future = task.step(self._get_desired_result(task))
             ^^^^^^^^^^^^^^^^^^^^^^^^^^^^^^^^^^^^^^^^^
  File "C:\Users\PC\Documents\GitHub\bqskit-shuttling\venv\Lib\site-packages\bqskit\runtime\task.py", line 115, in step
    to_return = self.coro.send(send_val)
                ^^^^^^^^^^^^^^^^^^^^^^^^
  File "C:\Users\PC\Documents\GitHub\bqskit-shuttling\venv\Lib\site-packages\bqskit\runtime\task.py", line 149, in run
    return await self.fnargs[0](*self.fnargs[1], **self.fnargs[2])
           ^^^^^^^^^^^^^^^^^^^^^^^^^^^^^^^^^^^^^^^^^^^^^^^^^^^^^^^
  File "C:\Users\PC\Documents\GitHub\bqskit-shuttling\venv\Lib\site-packages\bqskit\compiler\task.py", line 54, in run
    await self.workflow.run(self.circuit, self.data)
  File "C:\Users\PC\Documents\GitHub\bqskit-shuttling\venv\Lib\site-packages\bqskit\compiler\workflow.py", line 75, in run
    await pass_obj.run(circuit, data)
  File "C:\Users\PC\Documents\GitHub\bqskit-shuttling\bqskit\shuttling\qccd\mapping\layout\naive.py", line 78, in run
    self.forward_pass(circuit, pi, ion_assignment, False)
  File "C:\Users\PC\Documents\GitHub\bqskit-shuttling\bqskit\shuttling\qccd\QCCD_mapping.py", line 184, in forward_pass
    brute_force_moves = self._brute_force_congestion(circuit[list(F)[0]], D, pi, ion_assignment)
                        ^^^^^^^^^^^^^^^^^^^^^^^^^^^^^^^^^^^^^^^^^^^^^^^^^^^^^^^^^^^^^^^^^^^^^^^^
  File "C:\Users\PC\Documents\GitHub\bqskit-shuttling\bqskit\shuttling\qccd\QCCD_mapping.py", line 367, in _brute_force_congestion
    leading_moves += self._brute_force_move(
                     ^^^^^^^^^^^^^^^^^^^^^^^
  File "C:\Users\PC\Documents\GitHub\bqskit-shuttling\bqskit\shuttling\qccd\QCCD_mapping.py", line 480, in _brute_force_move
    leading_moves += self._resolve_congestion(ion_pos, path, blockage, ion_assignment, ion_pos, blockage)
                     ^^^^^^^^^^^^^^^^^^^^^^^^^^^^^^^^^^^^^^^^^^^^^^^^^^^^^^^^^^^^^^^^^^^^^^^^^^^^^^^^^^^^
  File "C:\Users\PC\Documents\GitHub\bqskit-shuttling\bqskit\shuttling\qccd\QCCD_mapping.py", line 620, in _resolve_congestion
    leading_moves += self._resolve_congestion(blockage, path, potential_blockage[choosen_idx],
                     ^^^^^^^^^^^^^^^^^^^^^^^^^^^^^^^^^^^^^^^^^^^^^^^^^^^^^^^^^^^^^^^^^^^^^^^^^
  File "C:\Users\PC\Documents\GitHub\bqskit-shuttling\bqskit\shuttling\qccd\QCCD_mapping.py", line 597, in _resolve_congestion
    leading_moves += self._resolve_congestion(blockage, [], target, ion_assignment,
                     ^^^^^^^^^^^^^^^^^^^^^^^^^^^^^^^^^^^^^^^^^^^^^^^^^^^^^^^^^^^^^^
  File "C:\Users\PC\Documents\GitHub\bqskit-shuttling\bqskit\shuttling\qccd\QCCD_mapping.py", line 597, in _resolve_congestion
    leading_moves += self._resolve_congestion(blockage, [], target, ion_assignment,
                     ^^^^^^^^^^^^^^^^^^^^^^^^^^^^^^^^^^^^^^^^^^^^^^^^^^^^^^^^^^^^^^
  File "C:\Users\PC\Documents\GitHub\bqskit-shuttling\bqskit\shuttling\qccd\QCCD_mapping.py", line 597, in _resolve_congestion
    leading_moves += self._resolve_congestion(blockage, [], target, ion_assignment,
                     ^^^^^^^^^^^^^^^^^^^^^^^^^^^^^^^^^^^^^^^^^^^^^^^^^^^^^^^^^^^^^^
  [Previous line repeated 97 more times]
  File "C:\Users\PC\Documents\GitHub\bqskit-shuttling\bqskit\shuttling\qccd\QCCD_mapping.py", line 506, in _resolve_congestion
    raise ValueError("Too many repetitive call...")
ValueError: Too many repetitive call...


The above exception was the direct cause of the following exception:

Traceback (most recent call last):
  File "C:\Users\PC\Documents\GitHub\bqskit-shuttling\bqskit\shuttling\qccd\run.py", line 137, in <module>
    output_circuit, data = compiler.compile(target_unitary, workflow, request_data=True)
                           ^^^^^^^^^^^^^^^^^^^^^^^^^^^^^^^^^^^^^^^^^^^^^^^^^^^^^^^^^^^^^
  File "C:\Users\PC\Documents\GitHub\bqskit-shuttling\venv\Lib\site-packages\bqskit\compiler\compiler.py", line 397, in compile
    result = self.result(task_id)
             ^^^^^^^^^^^^^^^^^^^^
  File "C:\Users\PC\Documents\GitHub\bqskit-shuttling\venv\Lib\site-packages\bqskit\compiler\compiler.py", line 332, in result
    msg, payload = self._send_recv(RuntimeMessage.REQUEST, task_id)
                   ^^^^^^^^^^^^^^^^^^^^^^^^^^^^^^^^^^^^^^^^^^^^^^^^
  File "C:\Users\PC\Documents\GitHub\bqskit-shuttling\venv\Lib\site-packages\bqskit\compiler\compiler.py", line 444, in _send_recv
    raise RuntimeError('Server connection unexpectedly closed.') from e
RuntimeError: Server connection unexpectedly closed.
