Best move: (2, 18)
Best move: (18, 19)
Best move: (8, 22)
Best move: (17, 19)
Executing gate at point (0, 3).
Executing gate at point (1, 3).
Best move: (14, 21)
Best move: (21, 24)
Best move: (19, 24)
Best move: (22, 25)
Best move: (24, 25)
Best move: (18, 24)
Best move: (2, 18)
Executing gate at point (0, 0).
Executing gate at point (1, 0).
Best move: (15, 16)
Best move: (13, 14)
Best move: (14, 21)
Best move: (21, 25)
Best move: (23, 25)
Best move: (11, 23)
Executing gate at point (0, 1).
Executing gate at point (1, 1).
Executing gate at point (2, 2).
Executing gate at point (3, 2).
Best move: (10, 11)
Best move: (11, 23)
Best move: (23, 25)
Best move: (24, 25)
Best move: (18, 24)
Best move: (15, 16)
Best move: (15, 16)
Best move: (15, 16)
Try bruteforce due to multiple steps (8) to solve one gate
Trying to solve brute-force congestion at gate [19, 16] with {0: 2, 1: 18, 2: 9, 3: 17, 4: 19, 5: 10, 6: 16, 7: 0}
Trying to moving ion 16... to 15
Ion assignment after moving ion 16: {0: 2, 1: 18, 2: 9, 3: 17, 4: 19, 5: 10, 6: 15, 7: 0}
Clearing endpoint 17.........
Gate position gate updated to [15 19]--------------c
Trying to moving ion 19... to 16
Ion assignment after moving ion 19: {0: 2, 1: 18, 2: 9, 3: 17, 4: 16, 5: 10, 6: 15, 7: 0}
Executing gate at point (2, 4).
Executing gate at point (3, 4).
Best move: (0, 1)
Best move: (0, 1)
Best move: (0, 1)
Try bruteforce due to repeated pattern...
Trying to solve brute-force congestion at gate [18, 1] with {0: 2, 1: 18, 2: 9, 3: 17, 4: 16, 5: 10, 6: 15, 7: 1}
Trying to moving ion 1... to 0
Ion assignment after moving ion 1: {0: 2, 1: 18, 2: 9, 3: 17, 4: 16, 5: 10, 6: 15, 7: 0}
Clearing endpoint 2.........
Gate position gate updated to [ 0 18]--------------c
Trying to moving ion 18... to 1
Ion assignment after moving ion 18: {0: 2, 1: 1, 2: 9, 3: 17, 4: 16, 5: 10, 6: 15, 7: 0}
Executing gate at point (2, 1).
Executing gate at point (3, 1).
Best move: (17, 19)
Best move: (0, 1)
Best move: (1, 2)
Best move: (2, 18)
Best move: (18, 24)
Best move: (18, 19)
Best move: (18, 19)
Best move: (20, 24)
Try bruteforce due to multiple steps (8) to solve one gate
Trying to solve brute-force congestion at gate [19, 20] with {0: 1, 1: 0, 2: 9, 3: 19, 4: 16, 5: 10, 6: 15, 7: 20}
Trying to moving ion 20... to 3
Ion assignment after moving ion 20: {0: 1, 1: 0, 2: 9, 3: 19, 4: 16, 5: 10, 6: 15, 7: 3}
Gate position gate updated to [ 3 19]--------------c
Trying to moving ion 19... to 4
Ion assignment after moving ion 19: {0: 1, 1: 0, 2: 9, 3: 4, 4: 16, 5: 10, 6: 15, 7: 3}
Executing gate at point (4, 3).
Executing gate at point (5, 3).
Best move: (16, 17)
Best move: (17, 19)
Best move: (19, 24)
Best move: (20, 24)
Best move: (5, 20)
Executing gate at point (6, 4).
Executing gate at point (7, 4).
Best move: (3, 4)
Best move: (4, 5)
Best move: (5, 20)
Best move: (20, 25)
Best move: (23, 25)
Best move: (11, 23)
Executing gate at point (8, 5).
Executing gate at point (9, 5).
Trying to solve brute-force congestion at gate [0, 2] with {0: 1, 1: 0, 2: 9, 3: 3, 4: 4, 5: 10, 6: 15, 7: 2}
Trying to moving ion 0... to 0
Ion assignment after moving ion 0: {0: 1, 1: 0, 2: 9, 3: 3, 4: 4, 5: 10, 6: 15, 7: 2}
Gate position gate updated to [0 2]--------------c
Trying to moving ion 2... to 1
Ion assignment after moving ion 2: {0: 2, 1: 0, 2: 9, 3: 3, 4: 4, 5: 10, 6: 15, 7: 1}
Trying to solve brute-force congestion at gate [0, 1] with {0: 2, 1: 0, 2: 9, 3: 3, 4: 4, 5: 10, 6: 15, 7: 1}
Trying to moving ion 0... to 0
Ion assignment after moving ion 0: {0: 2, 1: 0, 2: 9, 3: 3, 4: 4, 5: 10, 6: 15, 7: 1}
Clearing endpoint 2.........
Gate position gate updated to [0 1]--------------c
Trying to moving ion 1... to 1
Ion assignment after moving ion 1: {0: 18, 1: 0, 2: 9, 3: 3, 4: 4, 5: 10, 6: 15, 7: 1}
Trying to solve brute-force congestion at gate [18, 1] with {0: 18, 1: 0, 2: 9, 3: 3, 4: 4, 5: 10, 6: 15, 7: 1}
Trying to moving ion 1... to 0
Ion assignment after moving ion 1: {0: 18, 1: 1, 2: 9, 3: 3, 4: 4, 5: 10, 6: 15, 7: 0}
Gate position gate updated to [ 0 18]--------------c
Trying to moving ion 18... to 1
Ion assignment after moving ion 18: {0: 1, 1: 2, 2: 9, 3: 3, 4: 4, 5: 10, 6: 15, 7: 0}
Trying to solve brute-force congestion at gate [2, 10] with {0: 1, 1: 2, 2: 9, 3: 3, 4: 4, 5: 10, 6: 15, 7: 0}
Trying to moving ion 10... to 9
Ion assignment after moving ion 10: {0: 1, 1: 2, 2: 10, 3: 3, 4: 4, 5: 9, 6: 15, 7: 0}
Gate position gate updated to [9 2]--------------c
Trying to moving ion 2... to 10
Ion assignment after moving ion 2: {0: 1, 1: 10, 2: 11, 3: 3, 4: 4, 5: 9, 6: 15, 7: 0}
Trying to solve brute-force congestion at gate [10, 9] with {0: 1, 1: 10, 2: 11, 3: 3, 4: 4, 5: 9, 6: 15, 7: 0}
Trying to moving ion 10... to 9
Ion assignment after moving ion 10: {0: 1, 1: 9, 2: 11, 3: 3, 4: 4, 5: 10, 6: 15, 7: 0}
Clearing endpoint 11.........
Gate position gate updated to [ 9 10]--------------c
Trying to moving ion 10... to 10
Ion assignment after moving ion 10: {0: 1, 1: 9, 2: 23, 3: 3, 4: 4, 5: 10, 6: 15, 7: 0}
Trying to solve brute-force congestion at gate [4, 15] with {0: 1, 1: 9, 2: 23, 3: 3, 4: 4, 5: 10, 6: 15, 7: 0}
Trying to moving ion 15... to 15
Ion assignment after moving ion 15: {0: 1, 1: 9, 2: 23, 3: 3, 4: 4, 5: 10, 6: 15, 7: 0}
Gate position gate updated to [15  4]--------------c
Trying to moving ion 4... to 16
Ion assignment after moving ion 4: {0: 1, 1: 9, 2: 23, 3: 3, 4: 16, 5: 10, 6: 15, 7: 0}
Trying to solve brute-force congestion at gate [16, 15] with {0: 1, 1: 9, 2: 23, 3: 3, 4: 16, 5: 10, 6: 15, 7: 0}
Trying to moving ion 16... to 15
Ion assignment after moving ion 16: {0: 1, 1: 9, 2: 23, 3: 3, 4: 15, 5: 10, 6: 16, 7: 0}
Gate position gate updated to [15 16]--------------c
Trying to moving ion 16... to 16
Ion assignment after moving ion 16: {0: 1, 1: 9, 2: 23, 3: 3, 4: 15, 5: 10, 6: 16, 7: 0}
Trying to solve brute-force congestion at gate [3, 16] with {0: 1, 1: 9, 2: 23, 3: 3, 4: 15, 5: 10, 6: 16, 7: 0}
Trying to moving ion 3... to 3
Ion assignment after moving ion 3: {0: 1, 1: 9, 2: 23, 3: 3, 4: 15, 5: 10, 6: 16, 7: 0}
Gate position gate updated to [ 3 16]--------------c
Trying to moving ion 16... to 4
Ion assignment after moving ion 16: {0: 1, 1: 9, 2: 23, 3: 3, 4: 15, 5: 10, 6: 4, 7: 0}
Trying to solve brute-force congestion at gate [3, 4] with {0: 1, 1: 9, 2: 23, 3: 3, 4: 15, 5: 10, 6: 4, 7: 0}
Trying to moving ion 3... to 3
Ion assignment after moving ion 3: {0: 1, 1: 9, 2: 23, 3: 3, 4: 15, 5: 10, 6: 4, 7: 0}
Gate position gate updated to [3 4]--------------c
Trying to moving ion 4... to 4
Ion assignment after moving ion 4: {0: 1, 1: 9, 2: 23, 3: 3, 4: 15, 5: 10, 6: 4, 7: 0}
Executing gate at point (0, 1).
Executing gate at point (0, 3).
Executing gate at point (0, 0).
Executing gate at point (1, 0).
Executing gate at point (1, 1).
Executing gate at point (1, 3).
Best move: (11, 23)
Executing gate at point (2, 2).
Executing gate at point (3, 2).
Best move: (9, 10)
Best move: (10, 11)
Best move: (11, 23)
Best move: (23, 25)
Best move: (24, 25)
Best move: (18, 24)
Best move: (2, 18)
Executing gate at point (2, 1).
Executing gate at point (3, 1).
Best move: (0, 1)
Best move: (1, 2)
Best move: (2, 18)
Best move: (18, 24)
Best move: (20, 24)
Best move: (5, 20)
Executing gate at point (4, 3).
Executing gate at point (5, 3).
Best move: (4, 5)
Best move: (5, 20)
Best move: (20, 24)
Best move: (19, 24)
Best move: (17, 19)
Executing gate at point (2, 4).
Executing gate at point (3, 4).
Best move: (4, 5)
Best move: (5, 20)
Best move: (20, 24)
Best move: (19, 24)
Best move: (15, 16)
Best move: (15, 16)
Best move: (15, 16)
Try bruteforce due to repeated pattern...
Trying to solve brute-force congestion at gate [16, 19] with {0: 0, 1: 1, 2: 10, 3: 3, 4: 16, 5: 9, 6: 17, 7: 19}
Trying to moving ion 16... to 15
Ion assignment after moving ion 16: {0: 0, 1: 1, 2: 10, 3: 3, 4: 15, 5: 9, 6: 17, 7: 19}
Clearing endpoint 17.........
Gate position gate updated to [15 19]--------------c
Trying to moving ion 19... to 16
Ion assignment after moving ion 19: {0: 0, 1: 1, 2: 10, 3: 3, 4: 15, 5: 9, 6: 17, 7: 16}Input filename:  QAOA_wsq_8_compiled
Algorithm:  SHAW
Trap type:  G2x3
Trap capacity:  3
Num layout passes:  2
Gate type:  FM
Run index:  4
Creating a QCCD machine ...
QCCD physical machine:
### Traps ### 
Trap(id='trap_0', max_num_ions=3, initial_num_ions=0, executable=True, measureable=True)
Trap(id='trap_1', max_num_ions=3, initial_num_ions=0, executable=True, measureable=True)
Trap(id='trap_2', max_num_ions=3, initial_num_ions=0, executable=True, measureable=True)
Trap(id='trap_3', max_num_ions=3, initial_num_ions=0, executable=True, measureable=True)
Trap(id='trap_4', max_num_ions=3, initial_num_ions=0, executable=True, measureable=True)
Trap(id='trap_5', max_num_ions=3, initial_num_ions=0, executable=True, measureable=True)
### Junctions ### 
Junction(id='junction_0')
Junction(id='junction_1')
Junction(id='junction_2')
### Segments ### 
Segment(id='segment_0', left=Trap(id='trap_0', max_num_ions=3, initial_num_ions=0, executable=True, measureable=True), right=Junction(id='junction_0'))
Segment(id='segment_1', left=Trap(id='trap_5', max_num_ions=3, initial_num_ions=0, executable=True, measureable=True), right=Junction(id='junction_0'))
Segment(id='segment_2', left=Trap(id='trap_1', max_num_ions=3, initial_num_ions=0, executable=True, measureable=True), right=Junction(id='junction_1'))
Segment(id='segment_3', left=Trap(id='trap_4', max_num_ions=3, initial_num_ions=0, executable=True, measureable=True), right=Junction(id='junction_1'))
Segment(id='segment_4', left=Trap(id='trap_2', max_num_ions=3, initial_num_ions=0, executable=True, measureable=True), right=Junction(id='junction_2'))
Segment(id='segment_5', left=Trap(id='trap_3', max_num_ions=3, initial_num_ions=0, executable=True, measureable=True), right=Junction(id='junction_2'))
Segment(id='segment_6', left=Junction(id='junction_0'), right=Junction(id='junction_1'))
Segment(id='segment_7', left=Junction(id='junction_1'), right=Junction(id='junction_2'))
Finished creating the QCCD physical machine.
Position graph:  CouplingGraph({(3, 4), (12, 13), (22, 23), (21, 25), (23, 25), (11, 23), (13, 14), (19, 24), (18, 19), (4, 5), (20, 25), (21, 24), (22, 25), (14, 21), (0, 1), (9, 10), (1, 2), (10, 11), (6, 7), (15, 16), (24, 25), (18, 24), (20, 21), (20, 24), (17, 19), (5, 20), (8, 22), (2, 18), (7, 8), (16, 17)})
Initial ion assignment:  {0: 8, 1: 10, 2: 9, 3: 2, 4: 14, 5: 13, 6: 16, 7: 0}
Congestion rate:  1.0
Scheduling QCCD: 3400.0000000000005 us, costing 20.506468800012954 s to compile
0.0034000000000000002
20.506468800012954
{0: 0, 1: 9, 2: 23, 3: 3, 4: 15, 5: 10, 6: 4, 7: 1}
[0, 1, 2, 3, 4, 5, 6, 7]
