Executing gate at point (0, 2).
Best move: (14, 21)
Best move: (21, 25)
Best move: (23, 25)
Best move: (8, 22)
Best move: (22, 25)
Best move: (11, 23)
Executing gate at point (0, 6).
Best move: (20, 25)
Best move: (17, 19)
Best move: (19, 24)
Best move: (21, 24)
Best move: (5, 20)
Executing gate at point (0, 4).
Best move: (14, 21)
Executing gate at point (0, 0).
Best move: (14, 21)
Best move: (21, 24)
Best move: (19, 24)
Best move: (17, 19)
Executing gate at point (1, 1).
Best move: (17, 19)
Best move: (19, 24)
Best move: (21, 24)
Best move: (14, 21)
Executing gate at point (2, 0).
Best move: (10, 11)
Best move: (11, 23)
Best move: (23, 25)
Best move: (20, 25)
Best move: (4, 5)
Best move: (5, 20)
Executing gate at point (1, 5).
Best move: (3, 4)
Best move: (5, 20)
Best move: (20, 25)
Best move: (23, 25)
Best move: (11, 23)
Executing gate at point (2, 6).
Best move: (4, 5)
Best move: (5, 20)
Best move: (20, 24)
Best move: (19, 24)
Best move: (17, 19)
Executing gate at point (1, 3).
Executing gate at point (2, 2).
Best move: (17, 19)
Best move: (14, 21)
Best move: (21, 24)
Best move: (15, 16)
Best move: (15, 16)
Best move: (18, 24)
Best move: (18, 24)
Try bruteforce due to repeated pattern...
Trying to solve brute-force congestion at gate [24, 16] with {0: 13, 1: 24, 2: 16, 3: 15, 4: 19, 5: 3, 6: 11, 7: 10}
Trying to moving ion 16... to 15
Ion assignment after moving ion 16: {0: 13, 1: 24, 2: 15, 3: 16, 4: 19, 5: 3, 6: 11, 7: 10}
Gate position gate updated to [15 24]--------------c
Trying to moving ion 24... to 16
Ion assignment after moving ion 24: {0: 13, 1: 16, 2: 15, 3: 17, 4: 18, 5: 3, 6: 11, 7: 10}
Executing gate at point (3, 1).
Best move: (18, 24)
Best move: (20, 24)
Best move: (5, 20)
Executing gate at point (2, 4).
Best move: (4, 5)
Best move: (11, 23)
Best move: (23, 25)
Best move: (17, 19)
Best move: (19, 24)
Best move: (20, 24)
Best move: (13, 14)
Best move: (14, 21)
Try bruteforce due to multiple steps (8) to solve one gate
Trying to solve brute-force congestion at gate [21, 16] with {0: 21, 1: 16, 2: 15, 3: 20, 4: 4, 5: 3, 6: 25, 7: 10}
Trying to moving ion 16... to 15
Ion assignment after moving ion 16: {0: 21, 1: 15, 2: 16, 3: 20, 4: 4, 5: 3, 6: 25, 7: 10}
Gate position gate updated to [15 21]--------------c
Trying to moving ion 21... to 16
Ion assignment after moving ion 21: {0: 16, 1: 15, 2: 17, 3: 20, 4: 4, 5: 3, 6: 25, 7: 10}
Executing gate at point (4, 0).
Best move: (3, 4)
Best move: (3, 4)
Best move: (5, 20)
Executing gate at point (3, 3).
Best move: (5, 20)
Best move: (20, 24)
Best move: (17, 19)
Best move: (18, 19)
Best move: (2, 18)
Best move: (18, 24)
Best move: (1, 2)
Best move: (2, 18)
Try bruteforce due to multiple steps (8) to solve one gate
Trying to solve brute-force congestion at gate [1, 2] with {0: 16, 1: 15, 2: 1, 3: 2, 4: 4, 5: 3, 6: 25, 7: 10}
Trying to moving ion 1... to 0
Ion assignment after moving ion 1: {0: 16, 1: 15, 2: 0, 3: 2, 4: 4, 5: 3, 6: 25, 7: 10}
Gate position gate updated to [0 2]--------------c
Trying to moving ion 2... to 1
Ion assignment after moving ion 2: {0: 16, 1: 15, 2: 0, 3: 1, 4: 4, 5: 3, 6: 25, 7: 10}
Executing gate at point (4, 2).
Best move: (20, 25)
Best move: (15, 16)
Best move: (5, 20)
Executing gate at point (3, 5).
Executing gate at point (4, 4).
Best move: (5, 20)
Best move: (4, 5)
Best move: (0, 1)
Best move: (0, 1)
Best move: (0, 1)
Try bruteforce due to repeated pattern...
Trying to solve brute-force congestion at gate [0, 5] with {0: 15, 1: 16, 2: 1, 3: 0, 4: 5, 5: 3, 6: 20, 7: 10}
Trying to moving ion 0... to 0
Ion assignment after moving ion 0: {0: 15, 1: 16, 2: 1, 3: 0, 4: 5, 5: 3, 6: 20, 7: 10}
Gate position gate updated to [0 5]--------------c
Trying to moving ion 5... to 1
Ion assignment after moving ion 5: {0: 15, 1: 16, 2: 2, 3: 0, 4: 1, 5: 3, 6: 25, 7: 10}
Executing gate at point (5, 3).
Best move: (23, 25)
Best move: (2, 18)
Best move: (18, 19)
Best move: (17, 19)
Executing gate at point (5, 1).
Executing gate at point (6, 0).
Best move: (11, 23)
Executing gate at point (4, 6).
Best move: (11, 23)
Best move: (17, 19)
Best move: (18, 19)
Best move: (2, 18)
Executing gate at point (6, 2).
Best move: (23, 25)
Best move: (20, 25)
Best move: (5, 20)
Executing gate at point (5, 5).
Best move: (2, 18)
Best move: (18, 19)
Best move: (17, 19)
Executing gate at point (7, 1).
Best move: (5, 20)
Best move: (20, 25)
Best move: (23, 25)
Best move: (11, 23)
Executing gate at point (6, 6).
Best move: (1, 2)
Best move: (2, 18)
Best move: (18, 24)
Best move: (20, 24)
Best move: (5, 20)
Executing gate at point (6, 4).
Best move: (5, 20)
Best move: (11, 23)
Best move: (23, 25)
Best move: (3, 4)
Best move: (21, 25)
Best move: (21, 25)
Best move: (21, 25)
Try bruteforce due to repeated pattern...
Trying to solve brute-force congestion at gate [4, 21] with {0: 15, 1: 16, 2: 17, 3: 0, 4: 20, 5: 4, 6: 21, 7: 10}
Trying to moving ion 4... to 3
Ion assignment after moving ion 4: {0: 15, 1: 16, 2: 17, 3: 0, 4: 20, 5: 3, 6: 21, 7: 10}
Gate position gate updated to [ 3 21]--------------c
Trying to moving ion 21... to 4
Ion assignment after moving ion 21: {0: 15, 1: 16, 2: 17, 3: 0, 4: 25, 5: 3, 6: 4, 7: 10}
Executing gate at point (7, 5).
Best move: (24, 25)
Best move: (18, 24)
Best move: (2, 18)
Executing gate at point (7, 3).
Trying to solve brute-force congestion at gate [4, 23] with {0: 15, 1: 16, 2: 18, 3: 0, 4: 24, 5: 3, 6: 4, 7: 23}
Trying to moving ion 4... to 3
Ion assignment after moving ion 4: {0: 15, 1: 16, 2: 18, 3: 0, 4: 24, 5: 4, 6: 3, 7: 23}
Gate position gate updated to [ 3 23]--------------c
Trying to moving ion 23... to 4
Ion assignment after moving ion 23: {0: 15, 1: 16, 2: 18, 3: 0, 4: 24, 5: 5, 6: 3, 7: 4}
Trying to solve brute-force congestion at gate [24, 5] with {0: 15, 1: 16, 2: 18, 3: 0, 4: 24, 5: 5, 6: 3, 7: 4}
Trying to moving ion 5... to 3
Ion assignment after moving ion 5: {0: 15, 1: 16, 2: 18, 3: 0, 4: 24, 5: 3, 6: 4, 7: 5}
Clearing endpoint 5.........
Gate position gate updated to [ 3 24]--------------c
Trying to moving ion 24... to 4
Ion assignment after moving ion 24: {0: 15, 1: 16, 2: 18, 3: 0, 4: 4, 5: 3, 6: 5, 7: 25}
Trying to solve brute-force congestion at gate [0, 4] with {0: 15, 1: 16, 2: 18, 3: 0, 4: 4, 5: 3, 6: 5, 7: 25}
Trying to moving ion 0... to 0
Ion assignment after moving ion 0: {0: 15, 1: 16, 2: 18, 3: 0, 4: 4, 5: 3, 6: 5, 7: 25}
Gate position gate updated to [0 4]--------------c
Trying to moving ion 4... to 1
Ion assignment after moving ion 4: {0: 15, 1: 16, 2: 19, 3: 0, 4: 1, 5: 3, 6: 4, 7: 25}
Trying to solve brute-force congestion at gate [1, 3] with {0: 15, 1: 16, 2: 19, 3: 0, 4: 1, 5: 3, 6: 4, 7: 25}
Trying to moving ion 3... to 3
Ion assignment after moving ion 3: {0: 15, 1: 16, 2: 19, 3: 0, 4: 1, 5: 3, 6: 4, 7: 25}
Gate position gate updated to [3 1]--------------c
Trying to moving ion 1... to 4
Ion assignment after moving ion 1: {0: 15, 1: 16, 2: 19, 3: 0, 4: 4, 5: 3, 6: 5, 7: 25}
Trying to solve brute-force congestion at gate [5, 25] with {0: 15, 1: 16, 2: 19, 3: 0, 4: 4, 5: 3, 6: 5, 7: 25}
Trying to moving ion 5... to 3
Ion assignment after moving ion 5: {0: 15, 1: 16, 2: 19, 3: 0, 4: 5, 5: 4, 6: 3, 7: 25}
Clearing endpoint 5.........
Gate position gate updated to [ 3 25]--------------c
Trying to moving ion 25... to 4
Ion assignment after moving ion 25: {0: 15, 1: 16, 2: 19, 3: 0, 4: 24, 5: 5, 6: 3, 7: 4}
Trying to solve brute-force congestion at gate [16, 19] with {0: 15, 1: 16, 2: 19, 3: 0, 4: 24, 5: 5, 6: 3, 7: 4}
Trying to moving ion 16... to 15
Ion assignment after moving ion 16: {0: 16, 1: 15, 2: 19, 3: 0, 4: 24, 5: 5, 6: 3, 7: 4}
Gate position gate updated to [15 19]--------------c
Trying to moving ion 19... to 16
Ion assignment after moving ion 19: {0: 17, 1: 15, 2: 16, 3: 0, 4: 24, 5: 5, 6: 3, 7: 4}
Trying to solve brute-force congestion at gate [17, 15] with {0: 17, 1: 15, 2: 16, 3: 0, 4: 24, 5: 5, 6: 3, 7: 4}
Trying to moving ion 17... to 15
Ion assignment after moving ion 17: {0: 15, 1: 16, 2: 17, 3: 0, 4: 24, 5: 5, 6: 3, 7: 4}
Clearing endpoint 17.........
Gate position gate updated to [15 16]--------------c
Trying to moving ion 16... to 16
Ion assignment after moving ion 16: {0: 15, 1: 16, 2: 19, 3: 0, 4: 24, 5: 5, 6: 3, 7: 4}
Trying to solve brute-force congestion at gate [19, 0] with {0: 15, 1: 16, 2: 19, 3: 0, 4: 24, 5: 5, 6: 3, 7: 4}
Trying to moving ion 0... to 0
Ion assignment after moving ion 0: {0: 15, 1: 16, 2: 19, 3: 0, 4: 24, 5: 5, 6: 3, 7: 4}
Gate position gate updated to [ 0 19]--------------c
Trying to moving ion 19... to 1
Ion assignment after moving ion 19: {0: 15, 1: 16, 2: 1, 3: 0, 4: 24, 5: 5, 6: 3, 7: 4}
Trying to solve brute-force congestion at gate [16, 1] with {0: 15, 1: 16, 2: 1, 3: 0, 4: 24, 5: 5, 6: 3, 7: 4}
Trying to moving ion 1... to 0
Ion assignment after moving ion 1: {0: 15, 1: 16, 2: 0, 3: 1, 4: 24, 5: 5, 6: 3, 7: 4}
Gate position gate updated to [ 0 16]--------------c
Trying to moving ion 16... to 1
Ion assignment after moving ion 16: {0: 15, 1: 1, 2: 0, 3: 2, 4: 24, 5: 5, 6: 3, 7: 4}
Trying to solve brute-force congestion at gate [2, 24] with {0: 15, 1: 1, 2: 0, 3: 2, 4: 24, 5: 5, 6: 3, 7: 4}
Trying to moving ion 2... to 0
Ion assignment after moving ion 2: {0: 15, 1: 2, 2: 1, 3: 0, 4: 24, 5: 5, 6: 3, 7: 4}
Clearing endpoint 2.........
Gate position gate updated to [ 0 24]--------------c
Trying to moving ion 24... to 1
Ion assignment after moving ion 24: {0: 15, 1: 19, 2: 2, 3: 0, 4: 1, 5: 5, 6: 3, 7: 4}
Trying to solve brute-force congestion at gate [1, 5] with {0: 15, 1: 19, 2: 2, 3: 0, 4: 1, 5: 5, 6: 3, 7: 4}
Trying to moving ion 1... to 0
Ion assignment after moving ion 1: {0: 15, 1: 19, 2: 2, 3: 1, 4: 0, 5: 5, 6: 3, 7: 4}
Clearing endpoint 2.........
Gate position gate updated to [0 5]--------------c
Trying to moving ion 5... to 1
Ion assignment after moving ion 5: {0: 15, 1: 17, 2: 19, 3: 2, 4: 0, 5: 1, 6: 3, 7: 4}
Trying to solve brute-force congestion at gate [1, 3] with {0: 15, 1: 17, 2: 19, 3: 2, 4: 0, 5: 1, 6: 3, 7: 4}
Trying to moving ion 3... to 3
Ion assignment after moving ion 3: {0: 15, 1: 17, 2: 19, 3: 2, 4: 0, 5: 1, 6: 3, 7: 4}
Gate position gate updated to [3 1]--------------c
Trying to moving ion 1... to 4
Ion assignment after moving ion 1: {0: 15, 1: 17, 2: 19, 3: 1, 4: 0, 5: 4, 6: 3, 7: 5}
Trying to solve brute-force congestion at gate [19, 1] with {0: 15, 1: 17, 2: 19, 3: 1, 4: 0, 5: 4, 6: 3, 7: 5}
Trying to moving ion 1... to 0
Ion assignment after moving ion 1: {0: 15, 1: 17, 2: 19, 3: 0, 4: 1, 5: 4, 6: 3, 7: 5}
Gate position gate updated to [ 0 19]--------------c
Trying to moving ion 19... to 1
Ion assignment after moving ion 19: {0: 15, 1: 17, 2: 1, 3: 0, 4: 2, 5: 4, 6: 3, 7: 5}
Trying to solve brute-force congestion at gate [17, 1] with {0: 15, 1: 17, 2: 1, 3: 0, 4: 2, 5: 4, 6: 3, 7: 5}
Trying to moving ion 1... to 0
Ion assignment after moving ion 1: {0: 15, 1: 17, 2: 0, 3: 1, 4: 2, 5: 4, 6: 3, 7: 5}
Clearing endpoint 2.........
Gate position gate updated to [ 0 17]--------------c
Trying to moving ion 17... to 1
Ion assignment after moving ion 17: {0: 15, 1: 1, 2: 0, 3: 2, 4: 24, 5: 4, 6: 3, 7: 5}
Trying to solve brute-force congestion at gate [2, 24] with {0: 15, 1: 1, 2: 0, 3: 2, 4: 24, 5: 4, 6: 3, 7: 5}
Trying to moving ion 2... to 0
Ion assignment after moving ion 2: {0: 15, 1: 2, 2: 1, 3: 0, 4: 24, 5: 4, 6: 3, 7: 5}
Clearing endpoint 2.........
Gate position gate updated to [ 0 24]--------------c
Trying to moving ion 24... to 1
Ion assignment after moving ion 24: {0: 15, 1: 19, 2: 2, 3: 0, 4: 1, 5: 4, 6: 3, 7: 5}
Trying to solve brute-force congestion at gate [2, 0] with {0: 15, 1: 19, 2: 2, 3: 0, 4: 1, 5: 4, 6: 3, 7: 5}
Trying to moving ion 2... to 0
Ion assignment after moving ion 2: {0: 15, 1: 19, 2: 0, 3: 1, 4: 2, 5: 4, 6: 3, 7: 5}
Clearing endpoint 2.........
Gate position gate updated to [0 1]--------------c
Trying to moving ion 1... to 1
Ion assignment after moving ion 1: {0: 15, 1: 19, 2: 0, 3: 1, 4: 18, 5: 4, 6: 3, 7: 5}
Trying to solve brute-force congestion at gate [18, 4] with {0: 15, 1: 19, 2: 0, 3: 1, 4: 18, 5: 4, 6: 3, 7: 5}
Trying to moving ion 4... to 3
Ion assignment after moving ion 4: {0: 15, 1: 19, 2: 0, 3: 1, 4: 18, 5: 3, 6: 4, 7: 5}
Clearing endpoint 5.........
Gate position gate updated to [ 3 18]--------------c
Trying to moving ion 18... to 4
Ion assignment after moving ion 18: {0: 15, 1: 19, 2: 0, 3: 1, 4: 4, 5: 3, 6: 5, 7: 25}
Trying to solve brute-force congestion at gate [15, 19] with {0: 15, 1: 19, 2: 0, 3: 1, 4: 4, 5: 3, 6: 5, 7: 25}
Trying to moving ion 15... to 15
Ion assignment after moving ion 15: {0: 15, 1: 19, 2: 0, 3: 1, 4: 4, 5: 3, 6: 5, 7: 25}
Gate position gate updated to [15 19]--------------c
Trying to moving ion 19... to 16
Ion assignment after moving ion 19: {0: 15, 1: 16, 2: 0, 3: 1, 4: 4, 5: 3, 6: 5, 7: 25}
Executing gate at point (0, 2).
Executing gate at point (0, 4).
Executing gate at point (0, 0).
Best move: (5, 20)
Best move: (20, 21)
Best move: (16, 17)
Best move: (17, 19)
Best move: (18, 19)
Best move: (2, 18)
Executing gate at point (1, 1).
Best move: (2, 18)
Best move: (18, 19)
Best move: (17, 19)
Executing gate at point (2, 0).
Best move: (1, 2)
Best move: (2, 18)
Best move: (18, 24)
Best move: (20, 24)
Best move: (5, 20)
Executing gate at point (1, 3).
Best move: (5, 20)
Best move: (20, 24)
Best move: (18, 24)
Best move: (2, 18)
Executing gate at point (2, 2).
Best move: (17, 19)
Best move: (18, 19)
Best move: (14, 21)
Best move: (21, 25)
Best move: (13, 14)
Best move: (14, 21)
Executing gate at point (0, 6).
Best move: (13, 14)
Best move: (14, 21)
Best move: (20, 21)
Best move: (5, 20)
Executing gate at point (1, 5).
Executing gate at point (2, 4).
Best move: (5, 20)
Best move: (0, 1)
Best move: (0, 1)
Best move: (0, 1)
Try bruteforce due to repeated pattern...
Trying to solve brute-force congestion at gate [18, 1] with {0: 15, 1: 18, 2: 1, 3: 2, 4: 4, 5: 3, 6: 20, 7: 13}
Trying to moving ion 1... to 0
Ion assignment after moving ion 1: {0: 15, 1: 18, 2: 0, 3: 2, 4: 4, 5: 3, 6: 20, 7: 13}
Clearing endpoint 2.........
Gate position gate updated to [ 0 18]--------------c
Trying to moving ion 18... to 1
Ion assignment after moving ion 18: {0: 15, 1: 1, 2: 0, 3: 2, 4: 4, 5: 3, 6: 20, 7: 13}
Executing gate at point (3, 1).
Best move: (20, 21)
Best move: (14, 21)
Executing gate at point (2, 6).
Best move: (14, 21)
Best move: (1, 2)
Best move: (2, 18)
Best move: (18, 19)
Best move: (17, 19)
Executing gate at point (4, 0).
Best move: (20, 21)
Best move: (5, 20)
Executing gate at point (3, 5).
Best move: (5, 20)
Best move: (20, 21)
Best move: (14, 21)
Executing gate at point (4, 6).
Best move: (4, 5)
Best move: (5, 20)
Best move: (20, 24)
Best move: (18, 24)
Best move: (2, 18)
Executing gate at point (3, 3).
Executing gate at point (4, 2).
Best move: (2, 18)
Best move: (18, 24)
Best move: (20, 24)
Best move: (5, 20)
Executing gate at point (4, 4).
Best move: (17, 19)
Best move: (5, 20)
Best move: (20, 24)
Best move: (14, 21)
Best move: (20, 21)
Best move: (5, 20)
Executing gate at point (5, 5).
Best move: (5, 20)
Best move: (18, 24)
Best move: (2, 18)
Executing gate at point (5, 3).
Best move: (2, 18)
Best move: (18, 24)
Best move: (3, 4)
Best move: (3, 4)
Best move: (3, 4)
Try bruteforce due to repeated pattern...
Trying to solve brute-force congestion at gate [24, 4] with {0: 15, 1: 19, 2: 0, 3: 1, 4: 24, 5: 4, 6: 20, 7: 13}
Trying to moving ion 4... to 3
Ion assignment after moving ion 4: {0: 15, 1: 19, 2: 0, 3: 1, 4: 24, 5: 3, 6: 20, 7: 13}
Gate position gate updated to [ 3 24]--------------c
Trying to moving ion 24... to 4
Ion assignment after moving ion 24: {0: 15, 1: 19, 2: 0, 3: 1, 4: 4, 5: 3, 6: 25, 7: 13}
Executing gate at point (6, 4).
Best move: (21, 25)
Best move: (18, 19)
Best move: (2, 18)
Executing gate at point (5, 1).
Executing gate at point (6, 2).
Best move: (14, 21)
Executing gate at point (6, 6).
Best move: (14, 21)
Best move: (20, 21)
Best move: (5, 20)
Executing gate at point (7, 5).
Best move: (2, 18)
Best move: (4, 5)
Best move: (5, 20)Input filename:  TFXY_wsq_n8_s100_compiled
Algorithm:  SHAPER
Trap type:  G2x3
Trap capacity:  3
Num layout passes:  2
Gate type:  FM
Run index:  3
Creating a QCCD machine ...
QCCD physical machine:
### Traps ### 
Trap(id='trap_0', max_num_ions=3, initial_num_ions=0, executable=True, measureable=True)
Trap(id='trap_1', max_num_ions=3, initial_num_ions=0, executable=True, measureable=True)
Trap(id='trap_2', max_num_ions=3, initial_num_ions=0, executable=True, measureable=True)
Trap(id='trap_3', max_num_ions=3, initial_num_ions=0, executable=True, measureable=True)
Trap(id='trap_4', max_num_ions=3, initial_num_ions=0, executable=True, measureable=True)
Trap(id='trap_5', max_num_ions=3, initial_num_ions=0, executable=True, measureable=True)
### Junctions ### 
Junction(id='junction_0')
Junction(id='junction_1')
Junction(id='junction_2')
### Segments ### 
Segment(id='segment_0', left=Trap(id='trap_0', max_num_ions=3, initial_num_ions=0, executable=True, measureable=True), right=Junction(id='junction_0'))
Segment(id='segment_1', left=Trap(id='trap_5', max_num_ions=3, initial_num_ions=0, executable=True, measureable=True), right=Junction(id='junction_0'))
Segment(id='segment_2', left=Trap(id='trap_1', max_num_ions=3, initial_num_ions=0, executable=True, measureable=True), right=Junction(id='junction_1'))
Segment(id='segment_3', left=Trap(id='trap_4', max_num_ions=3, initial_num_ions=0, executable=True, measureable=True), right=Junction(id='junction_1'))
Segment(id='segment_4', left=Trap(id='trap_2', max_num_ions=3, initial_num_ions=0, executable=True, measureable=True), right=Junction(id='junction_2'))
Segment(id='segment_5', left=Trap(id='trap_3', max_num_ions=3, initial_num_ions=0, executable=True, measureable=True), right=Junction(id='junction_2'))
Segment(id='segment_6', left=Junction(id='junction_0'), right=Junction(id='junction_1'))
Segment(id='segment_7', left=Junction(id='junction_1'), right=Junction(id='junction_2'))
Finished creating the QCCD physical machine.
Position graph:  CouplingGraph({(3, 4), (12, 13), (22, 23), (21, 25), (23, 25), (11, 23), (13, 14), (19, 24), (18, 19), (4, 5), (20, 25), (21, 24), (22, 25), (14, 21), (0, 1), (9, 10), (1, 2), (10, 11), (6, 7), (15, 16), (24, 25), (18, 24), (20, 21), (20, 24), (17, 19), (5, 20), (8, 22), (2, 18), (7, 8), (16, 17)})
Initial ion assignment:  {0: 13, 1: 17, 2: 16, 3: 15, 4: 3, 5: 8, 6: 10, 7: 14}
Congestion rate:  1.0
Scheduling QCCD: 7680.000000000003 us, costing 57.797746399999596 s to compile
0.007680000000000002
57.797746399999596
{0: 16, 1: 15, 2: 1, 3: 0, 4: 4, 5: 3, 6: 5, 7: 25}
[0, 1, 2, 3, 4, 5, 6, 7]
