Best move: (11, 13)
Best move: (7, 17)
Best move: (13, 18)
Best move: (16, 17)
Best move: (14, 18)
Best move: (4, 5)
Try bruteforce due to multiple steps (6) to solve one gate
Trying to solve brute-force congestion at gate [8, 6] with {0: 3, 1: 8, 2: 0, 3: 4, 4: 1, 5: 6, 6: 16, 7: 14}
Trying to moving ion 6... to 6
Ion assignment after moving ion 6: {0: 3, 1: 8, 2: 0, 3: 4, 4: 1, 5: 6, 6: 16, 7: 14}
Gate position gate updated to [6 8]--------------c
Trying to moving ion 8... to 7
Ion assignment after moving ion 8: {0: 3, 1: 7, 2: 0, 3: 4, 4: 1, 5: 6, 6: 16, 7: 14}
Executing gate at point (0, 1).
Best move: (6, 7)
Best move: (7, 17)
Best move: (17, 19)
Best move: (18, 19)
Best move: (2, 3)
Best move: (0, 1)
Try bruteforce due to multiple steps (6) to solve one gate
Trying to solve brute-force congestion at gate [1, 18] with {0: 2, 1: 6, 2: 1, 3: 4, 4: 0, 5: 18, 6: 16, 7: 14}
Trying to moving ion 1... to 0
Ion assignment after moving ion 1: {0: 2, 1: 6, 2: 0, 3: 4, 4: 1, 5: 18, 6: 16, 7: 14}
Clearing endpoint 1.........
Gate position gate updated to [ 0 18]--------------c
Trying to moving ion 18... to 1
Ion assignment after moving ion 18: {0: 2, 1: 6, 2: 0, 3: 4, 4: 13, 5: 1, 6: 16, 7: 14}
Executing gate at point (1, 2).
Best move: (5, 16)
Executing gate at point (0, 3).
Best move: (5, 16)
Best move: (16, 19)
Best move: (13, 18)
Best move: (15, 18)
Best move: (9, 15)
Best move: (15, 19)
Try bruteforce due to multiple steps (6) to solve one gate
Trying to solve brute-force congestion at gate [9, 15] with {0: 2, 1: 6, 2: 0, 3: 4, 4: 9, 5: 1, 6: 15, 7: 14}
Trying to moving ion 9... to 8
Ion assignment after moving ion 9: {0: 2, 1: 6, 2: 0, 3: 4, 4: 8, 5: 1, 6: 15, 7: 14}
Gate position gate updated to [ 8 15]--------------c
Trying to moving ion 15... to 9
Ion assignment after moving ion 15: {0: 2, 1: 6, 2: 0, 3: 4, 4: 8, 5: 1, 6: 9, 7: 14}
Executing gate at point (1, 4).
Best move: (3, 14)
Executing gate at point (0, 0).
Best move: (3, 14)
Best move: (14, 19)
Best move: (17, 19)
Best move: (7, 17)
Executing gate at point (1, 1).
Best move: (7, 17)
Best move: (16, 17)
Best move: (5, 16)
Executing gate at point (2, 3).
Best move: (5, 16)
Best move: (16, 19)
Best move: (8, 9)
Best move: (9, 15)
Best move: (18, 19)
Best move: (15, 19)
Try bruteforce due to multiple steps (6) to solve one gate
Trying to solve brute-force congestion at gate [19, 18] with {0: 2, 1: 6, 2: 0, 3: 4, 4: 19, 5: 1, 6: 8, 7: 18}
Trying to moving ion 19... to 2
Ion assignment after moving ion 19: {0: 3, 1: 6, 2: 0, 3: 4, 4: 2, 5: 1, 6: 8, 7: 18}
Clearing endpoint 3.........
Gate position gate updated to [ 2 18]--------------c
Trying to moving ion 18... to 3
Ion assignment after moving ion 18: {0: 19, 1: 6, 2: 0, 3: 4, 4: 2, 5: 1, 6: 8, 7: 3}
Executing gate at point (3, 4).
Best move: (1, 12)
Best move: (3, 14)
Best move: (14, 18)
Best move: (12, 13)
Best move: (11, 13)
Best move: (13, 18)
Try bruteforce due to multiple steps (6) to solve one gate
Trying to solve brute-force congestion at gate [11, 13] with {0: 19, 1: 6, 2: 0, 3: 4, 4: 2, 5: 11, 6: 8, 7: 13}
Trying to moving ion 11... to 10
Ion assignment after moving ion 11: {0: 19, 1: 6, 2: 0, 3: 4, 4: 2, 5: 10, 6: 8, 7: 13}
Gate position gate updated to [10 13]--------------c
Trying to moving ion 13... to 11
Ion assignment after moving ion 13: {0: 19, 1: 6, 2: 0, 3: 4, 4: 2, 5: 10, 6: 8, 7: 11}
Executing gate at point (4, 5).
Trying to solve brute-force congestion at gate [0, 1] with {0: 19, 1: 6, 2: 0, 3: 4, 4: 2, 5: 1, 6: 8, 7: 10}
Trying to moving ion 0... to 0
Ion assignment after moving ion 0: {0: 19, 1: 6, 2: 0, 3: 4, 4: 2, 5: 1, 6: 8, 7: 10}
Gate position gate updated to [0 1]--------------c
Trying to moving ion 1... to 1
Ion assignment after moving ion 1: {0: 19, 1: 6, 2: 0, 3: 4, 4: 2, 5: 1, 6: 8, 7: 10}
Trying to solve brute-force congestion at gate [2, 10] with {0: 19, 1: 6, 2: 0, 3: 4, 4: 2, 5: 1, 6: 8, 7: 10}
Trying to moving ion 2... to 2
Ion assignment after moving ion 2: {0: 19, 1: 6, 2: 0, 3: 4, 4: 2, 5: 1, 6: 8, 7: 10}
Gate position gate updated to [ 2 10]--------------c
Trying to moving ion 10... to 3
Ion assignment after moving ion 10: {0: 19, 1: 6, 2: 0, 3: 4, 4: 2, 5: 1, 6: 8, 7: 3}
Trying to solve brute-force congestion at gate [4, 3] with {0: 19, 1: 6, 2: 0, 3: 4, 4: 2, 5: 1, 6: 8, 7: 3}
Trying to moving ion 4... to 4
Ion assignment after moving ion 4: {0: 19, 1: 6, 2: 0, 3: 4, 4: 2, 5: 1, 6: 8, 7: 3}
Gate position gate updated to [4 3]--------------c
Trying to moving ion 3... to 5
Ion assignment after moving ion 3: {0: 15, 1: 6, 2: 0, 3: 4, 4: 2, 5: 1, 6: 8, 7: 5}
Trying to solve brute-force congestion at gate [6, 5] with {0: 15, 1: 6, 2: 0, 3: 4, 4: 2, 5: 1, 6: 8, 7: 5}
Trying to moving ion 6... to 6
Ion assignment after moving ion 6: {0: 15, 1: 6, 2: 0, 3: 4, 4: 2, 5: 1, 6: 8, 7: 5}
Gate position gate updated to [6 5]--------------c
Trying to moving ion 5... to 7
Ion assignment after moving ion 5: {0: 15, 1: 6, 2: 0, 3: 4, 4: 2, 5: 1, 6: 8, 7: 7}
Trying to solve brute-force congestion at gate [6, 1] with {0: 15, 1: 6, 2: 0, 3: 4, 4: 2, 5: 1, 6: 8, 7: 7}
Trying to moving ion 6... to 6
Ion assignment after moving ion 6: {0: 15, 1: 6, 2: 0, 3: 4, 4: 2, 5: 1, 6: 8, 7: 7}
Clearing endpoint 7.........
Gate position gate updated to [6 1]--------------c
Trying to moving ion 1... to 7
Ion assignment after moving ion 1: {0: 15, 1: 6, 2: 0, 3: 4, 4: 2, 5: 7, 6: 8, 7: 16}
Trying to solve brute-force congestion at gate [2, 8] with {0: 15, 1: 6, 2: 0, 3: 4, 4: 2, 5: 7, 6: 8, 7: 16}
Trying to moving ion 2... to 2
Ion assignment after moving ion 2: {0: 15, 1: 6, 2: 0, 3: 4, 4: 2, 5: 7, 6: 8, 7: 16}
Gate position gate updated to [2 8]--------------c
Trying to moving ion 8... to 3
Ion assignment after moving ion 8: {0: 18, 1: 6, 2: 0, 3: 4, 4: 2, 5: 7, 6: 3, 7: 16}
Trying to solve brute-force congestion at gate [4, 3] with {0: 18, 1: 6, 2: 0, 3: 4, 4: 2, 5: 7, 6: 3, 7: 16}
Trying to moving ion 4... to 4
Ion assignment after moving ion 4: {0: 18, 1: 6, 2: 0, 3: 4, 4: 2, 5: 7, 6: 3, 7: 16}
Gate position gate updated to [4 3]--------------c
Trying to moving ion 3... to 5
Ion assignment after moving ion 3: {0: 18, 1: 6, 2: 0, 3: 4, 4: 2, 5: 7, 6: 5, 7: 17}
Trying to solve brute-force congestion at gate [18, 17] with {0: 18, 1: 6, 2: 0, 3: 4, 4: 2, 5: 7, 6: 5, 7: 17}
Trying to moving ion 18... to 8
Ion assignment after moving ion 18: {0: 8, 1: 6, 2: 0, 3: 4, 4: 2, 5: 7, 6: 5, 7: 17}
Gate position gate updated to [ 8 17]--------------c
Trying to moving ion 17... to 9
Ion assignment after moving ion 17: {0: 8, 1: 6, 2: 0, 3: 4, 4: 2, 5: 7, 6: 5, 7: 9}
Executing gate at point (0, 1).
Executing gate at point (0, 3).
Executing gate at point (0, 0).
Best move: (7, 17)
Best move: (5, 16)
Best move: (9, 15)
Best move: (17, 19)
Best move: (18, 19)
Best move: (15, 19)
Try bruteforce due to multiple steps (6) to solve one gate
Trying to solve brute-force congestion at gate [0, 18] with {0: 8, 1: 6, 2: 0, 3: 4, 4: 2, 5: 18, 6: 16, 7: 19}
Trying to moving ion 0... to 0
Ion assignment after moving ion 0: {0: 8, 1: 6, 2: 0, 3: 4, 4: 2, 5: 18, 6: 16, 7: 19}
Gate position gate updated to [ 0 18]--------------c
Trying to moving ion 18... to 1
Ion assignment after moving ion 18: {0: 8, 1: 6, 2: 0, 3: 4, 4: 2, 5: 1, 6: 16, 7: 19}
Executing gate at point (1, 2).
Best move: (17, 19)
Best move: (16, 19)
Best move: (14, 19)
Best move: (7, 17)
Executing gate at point (1, 1).
Best move: (7, 17)
Best move: (16, 17)
Best move: (5, 16)
Executing gate at point (2, 3).
Best move: (3, 14)
Executing gate at point (1, 4).
Best move: (5, 16)
Best move: (16, 19)
Best move: (18, 19)
Best move: (2, 3)
Best move: (3, 14)
Best move: (13, 18)
Try bruteforce due to multiple steps (6) to solve one gate
Trying to solve brute-force congestion at gate [14, 13] with {0: 8, 1: 6, 2: 0, 3: 4, 4: 14, 5: 1, 6: 2, 7: 13}
Trying to moving ion 13... to 10
Ion assignment after moving ion 13: {0: 8, 1: 6, 2: 0, 3: 4, 4: 14, 5: 1, 6: 2, 7: 10}
Gate position gate updated to [10 14]--------------c
Trying to moving ion 14... to 11Input filename:  QAOA_8_compiled
Algorithm:  SHAPER
Trap type:  G2x3
Trap capacity:  2
Num layout passes:  2
Gate type:  FM
Run index:  4
Creating a QCCD machine ...
QCCD physical machine:
### Traps ### 
Trap(id='trap_0', max_num_ions=2, initial_num_ions=0, executable=True, measureable=True)
Trap(id='trap_1', max_num_ions=2, initial_num_ions=0, executable=True, measureable=True)
Trap(id='trap_2', max_num_ions=2, initial_num_ions=0, executable=True, measureable=True)
Trap(id='trap_3', max_num_ions=2, initial_num_ions=0, executable=True, measureable=True)
Trap(id='trap_4', max_num_ions=2, initial_num_ions=0, executable=True, measureable=True)
Trap(id='trap_5', max_num_ions=2, initial_num_ions=0, executable=True, measureable=True)
### Junctions ### 
Junction(id='junction_0')
Junction(id='junction_1')
Junction(id='junction_2')
### Segments ### 
Segment(id='segment_0', left=Trap(id='trap_0', max_num_ions=2, initial_num_ions=0, executable=True, measureable=True), right=Junction(id='junction_0'))
Segment(id='segment_1', left=Trap(id='trap_5', max_num_ions=2, initial_num_ions=0, executable=True, measureable=True), right=Junction(id='junction_0'))
Segment(id='segment_2', left=Trap(id='trap_1', max_num_ions=2, initial_num_ions=0, executable=True, measureable=True), right=Junction(id='junction_1'))
Segment(id='segment_3', left=Trap(id='trap_4', max_num_ions=2, initial_num_ions=0, executable=True, measureable=True), right=Junction(id='junction_1'))
Segment(id='segment_4', left=Trap(id='trap_2', max_num_ions=2, initial_num_ions=0, executable=True, measureable=True), right=Junction(id='junction_2'))
Segment(id='segment_5', left=Trap(id='trap_3', max_num_ions=2, initial_num_ions=0, executable=True, measureable=True), right=Junction(id='junction_2'))
Segment(id='segment_6', left=Junction(id='junction_0'), right=Junction(id='junction_1'))
Segment(id='segment_7', left=Junction(id='junction_1'), right=Junction(id='junction_2'))
Finished creating the QCCD physical machine.
Position graph:  CouplingGraph({(7, 17), (12, 13), (14, 19), (8, 9), (5, 16), (1, 12), (16, 19), (18, 19), (4, 5), (14, 18), (12, 18), (14, 15), (0, 1), (10, 11), (11, 13), (6, 7), (15, 19), (3, 14), (17, 19), (9, 15), (2, 3), (13, 18), (15, 18), (16, 17)})
Initial ion assignment:  {0: 3, 1: 8, 2: 0, 3: 5, 4: 1, 5: 6, 6: 7, 7: 11}
Congestion rate:  1.0
Scheduling QCCD: 480001720.0 us, costing 7.097709399997257 s to compile
480.00172
7.097709399997257
{0: 8, 1: 6, 2: 0, 3: 4, 4: 2, 5: 7, 6: 5, 7: 9}
[0, 1, 2, 3, 4, 5, 6, 7]
