Executing gate at point (0, 2).
Best move: (11, 28)
Best move: (28, 31)
Best move: (27, 31)
Best move: (6, 7)
Best move: (14, 15)
Best move: (15, 29)
Best move: (23, 25)
Best move: (25, 30)
Best move: (30, 31)
Try bruteforce due to multiple steps (9) to solve one gate
Trying to solve brute-force congestion at gate [12, 20] with {0: 27, 1: 12, 2: 2, 3: 29, 4: 21, 5: 0, 6: 31, 7: 20, 8: 8, 9: 6, 10: 9, 11: 10, 12: 18, 13: 5, 14: 1, 15: 4}
Trying to moving ion 20... to 20
Ion assignment after moving ion 20: {0: 27, 1: 12, 2: 2, 3: 29, 4: 21, 5: 0, 6: 31, 7: 20, 8: 8, 9: 6, 10: 9, 11: 10, 12: 18, 13: 5, 14: 1, 15: 4}
Gate position gate updated to [20 12]--------------c
Trying to moving ion 12... to 21
Ion assignment after moving ion 12: {0: 27, 1: 21, 2: 2, 3: 28, 4: 22, 5: 0, 6: 24, 7: 20, 8: 8, 9: 6, 10: 9, 11: 10, 12: 18, 13: 5, 14: 1, 15: 4}
Executing gate at point (0, 1).
Best move: (28, 31)
Best move: (26, 31)
Best move: (24, 30)
Best move: (30, 31)
Best move: (29, 31)
Best move: (0, 1)
Best move: (1, 2)
Best move: (2, 3)
Best move: (3, 24)
Try bruteforce due to multiple steps (9) to solve one gate
Trying to solve brute-force congestion at gate [18, 5] with {0: 27, 1: 21, 2: 1, 3: 26, 4: 22, 5: 24, 6: 29, 7: 20, 8: 8, 9: 6, 10: 9, 11: 10, 12: 18, 13: 5, 14: 0, 15: 4}
Trying to moving ion 18... to 16
Ion assignment after moving ion 18: {0: 27, 1: 21, 2: 1, 3: 26, 4: 22, 5: 24, 6: 29, 7: 20, 8: 8, 9: 6, 10: 9, 11: 10, 12: 16, 13: 5, 14: 0, 15: 4}
Gate position gate updated to [16  5]--------------c
Trying to moving ion 5... to 17
Ion assignment after moving ion 5: {0: 31, 1: 21, 2: 1, 3: 30, 4: 22, 5: 24, 6: 29, 7: 20, 8: 8, 9: 5, 10: 9, 11: 10, 12: 16, 13: 17, 14: 0, 15: 4}
Executing gate at point (0, 12).
Best move: (26, 31)
Best move: (27, 30)
Best move: (24, 30)
Best move: (30, 31)
Best move: (7, 26)
Executing gate at point (0, 0).
Best move: (7, 26)
Best move: (22, 23)
Best move: (23, 25)
Best move: (25, 30)
Best move: (9, 10)
Best move: (9, 10)
Best move: (9, 10)
Try bruteforce due to repeated pattern...
Trying to solve brute-force congestion at gate [30, 10] with {0: 26, 1: 21, 2: 1, 3: 27, 4: 30, 5: 31, 6: 29, 7: 20, 8: 8, 9: 5, 10: 10, 11: 9, 12: 16, 13: 17, 14: 0, 15: 4}
Trying to moving ion 10... to 8
Ion assignment after moving ion 10: {0: 26, 1: 21, 2: 1, 3: 27, 4: 30, 5: 31, 6: 29, 7: 20, 8: 9, 9: 5, 10: 8, 11: 10, 12: 16, 13: 17, 14: 0, 15: 4}
Gate position gate updated to [ 8 30]--------------c
Trying to moving ion 30... to 9
Ion assignment after moving ion 30: {0: 26, 1: 21, 2: 1, 3: 27, 4: 9, 5: 29, 6: 15, 7: 20, 8: 10, 9: 5, 10: 8, 11: 11, 12: 16, 13: 17, 14: 0, 15: 4}
Executing gate at point (0, 4).
Best move: (11, 28)
Best move: (26, 30)
Best move: (24, 30)
Best move: (28, 31)
Best move: (26, 27)
Best move: (27, 31)
Best move: (29, 31)
Best move: (30, 31)
Best move: (15, 29)
Try bruteforce due to multiple steps (9) to solve one gate
Trying to solve brute-force congestion at gate [26, 4] with {0: 24, 1: 21, 2: 1, 3: 26, 4: 9, 5: 30, 6: 29, 7: 20, 8: 10, 9: 5, 10: 8, 11: 27, 12: 16, 13: 17, 14: 0, 15: 4}
Trying to moving ion 4... to 4
Ion assignment after moving ion 4: {0: 24, 1: 21, 2: 1, 3: 26, 4: 9, 5: 30, 6: 29, 7: 20, 8: 10, 9: 5, 10: 8, 11: 27, 12: 16, 13: 17, 14: 0, 15: 4}
Gate position gate updated to [ 4 26]--------------c
Trying to moving ion 26... to 5
Ion assignment after moving ion 26: {0: 24, 1: 21, 2: 1, 3: 5, 4: 9, 5: 30, 6: 29, 7: 20, 8: 10, 9: 6, 10: 8, 11: 27, 12: 16, 13: 17, 14: 0, 15: 4}
Executing gate at point (0, 3).
Best move: (3, 24)
Executing gate at point (1, 0).
Best move: (3, 24)
Best move: (19, 27)
Best move: (27, 30)
Best move: (18, 19)
Best move: (19, 27)
Executing gate at point (0, 5).
Best move: (19, 27)
Best move: (27, 30)
Best move: (25, 30)
Best move: (23, 25)
Executing gate at point (1, 5).
Best move: (23, 25)
Best move: (18, 19)
Best move: (19, 27)
Best move: (26, 27)
Best move: (7, 26)
Executing gate at point (1, 11).
Best move: (24, 30)
Best move: (27, 30)
Best move: (19, 27)
Executing gate at point (2, 0).
Best move: (25, 30)
Best move: (27, 30)
Best move: (28, 29)
Best move: (6, 7)
Best move: (5, 6)
Best move: (7, 26)
Best move: (26, 31)
Best move: (29, 31)
Best move: (6, 7)
Try bruteforce due to multiple steps (9) to solve one gate
Trying to solve brute-force congestion at gate [7, 9] with {0: 19, 1: 21, 2: 1, 3: 7, 4: 9, 5: 27, 6: 28, 7: 20, 8: 10, 9: 29, 10: 8, 11: 5, 12: 16, 13: 17, 14: 0, 15: 4}
Trying to moving ion 9... to 8
Ion assignment after moving ion 9: {0: 19, 1: 21, 2: 1, 3: 7, 4: 8, 5: 27, 6: 28, 7: 20, 8: 10, 9: 29, 10: 9, 11: 5, 12: 16, 13: 17, 14: 0, 15: 4}
Gate position gate updated to [8 7]--------------c
Trying to moving ion 7... to 9
Ion assignment after moving ion 7: {0: 19, 1: 21, 2: 1, 3: 9, 4: 8, 5: 27, 6: 29, 7: 20, 8: 11, 9: 15, 10: 10, 11: 5, 12: 16, 13: 17, 14: 0, 15: 4}
Executing gate at point (1, 3).
Best move: (11, 28)
Best move: (28, 31)
Best move: (30, 31)
Best move: (29, 31)
Best move: (15, 29)
Best move: (28, 29)
Best move: (8, 9)
Best move: (9, 10)
Best move: (11, 28)
Try bruteforce due to multiple steps (9) to solve one gate
Trying to solve brute-force congestion at gate [10, 5] with {0: 19, 1: 21, 2: 1, 3: 8, 4: 10, 5: 27, 6: 31, 7: 20, 8: 30, 9: 11, 10: 9, 11: 5, 12: 16, 13: 17, 14: 0, 15: 4}
Trying to moving ion 5... to 4
Ion assignment after moving ion 5: {0: 19, 1: 21, 2: 1, 3: 8, 4: 10, 5: 27, 6: 31, 7: 20, 8: 30, 9: 11, 10: 9, 11: 4, 12: 16, 13: 17, 14: 0, 15: 5}
Gate position gate updated to [ 4 10]--------------c
Trying to moving ion 10... to 5
Ion assignment after moving ion 10: {0: 19, 1: 21, 2: 1, 3: 8, 4: 5, 5: 27, 6: 29, 7: 20, 8: 30, 9: 10, 10: 9, 11: 4, 12: 16, 13: 17, 14: 0, 15: 6}
Executing gate at point (2, 4).
Executing gate at point (1, 9).
Best move: (6, 7)
Best move: (7, 26)
Best move: (26, 31)
Best move: (28, 31)
Best move: (29, 31)
Best move: (11, 28)
Executing gate at point (2, 9).
Best move: (26, 31)
Best move: (7, 26)
Best move: (26, 30)
Best move: (6, 7)
Best move: (7, 26)
Executing gate at point (0, 6).
Best move: (7, 26)
Best move: (6, 7)
Best move: (1, 2)
Best move: (1, 2)
Best move: (1, 2)
Try bruteforce due to repeated pattern...
Trying to solve brute-force congestion at gate [2, 7] with {0: 19, 1: 21, 2: 2, 3: 8, 4: 5, 5: 27, 6: 7, 7: 20, 8: 26, 9: 10, 10: 9, 11: 4, 12: 16, 13: 17, 14: 0, 15: 11}
Trying to moving ion 2... to 0
Ion assignment after moving ion 2: {0: 19, 1: 21, 2: 0, 3: 8, 4: 5, 5: 27, 6: 7, 7: 20, 8: 26, 9: 10, 10: 9, 11: 4, 12: 16, 13: 17, 14: 1, 15: 11}
Gate position gate updated to [0 7]--------------c
Trying to moving ion 7... to 1
Ion assignment after moving ion 7: {0: 19, 1: 21, 2: 0, 3: 8, 4: 5, 5: 27, 6: 1, 7: 20, 8: 25, 9: 10, 10: 9, 11: 4, 12: 16, 13: 17, 14: 2, 15: 11}
Executing gate at point (1, 2).
Best move: (9, 10)
Best move: (8, 9)
Best move: (10, 11)
Best move: (9, 10)
Best move: (11, 28)
Best move: (28, 31)
Best move: (30, 31)
Best move: (24, 30)
Best move: (10, 11)
Try bruteforce due to multiple steps (9) to solve one gate
Trying to solve brute-force congestion at gate [21, 25] with {0: 19, 1: 21, 2: 0, 3: 11, 4: 5, 5: 27, 6: 1, 7: 20, 8: 25, 9: 8, 10: 24, 11: 4, 12: 16, 13: 17, 14: 2, 15: 9}
Trying to moving ion 21... to 20
Ion assignment after moving ion 21: {0: 19, 1: 20, 2: 0, 3: 11, 4: 5, 5: 27, 6: 1, 7: 21, 8: 25, 9: 8, 10: 24, 11: 4, 12: 16, 13: 17, 14: 2, 15: 9}
Gate position gate updated to [20 25]--------------c
Trying to moving ion 25... to 21
Ion assignment after moving ion 25: {0: 19, 1: 20, 2: 0, 3: 11, 4: 5, 5: 27, 6: 1, 7: 22, 8: 21, 9: 8, 10: 24, 11: 4, 12: 16, 13: 17, 14: 2, 15: 9}
Executing gate at point (1, 1).
Executing gate at point (2, 1).
Best move: (11, 28)
Best move: (28, 31)
Best move: (30, 31)
Best move: (21, 22)
Best move: (22, 23)
Best move: (23, 25)
Best move: (1, 2)
Best move: (0, 1)
Best move: (0, 1)
Try bruteforce due to multiple steps (9) to solve one gate
Trying to solve brute-force congestion at gate [2, 24] with {0: 19, 1: 20, 2: 0, 3: 30, 4: 5, 5: 27, 6: 2, 7: 21, 8: 25, 9: 8, 10: 24, 11: 4, 12: 16, 13: 17, 14: 1, 15: 9}
Trying to moving ion 2... to 0
Ion assignment after moving ion 2: {0: 19, 1: 20, 2: 1, 3: 30, 4: 5, 5: 27, 6: 0, 7: 21, 8: 25, 9: 8, 10: 24, 11: 4, 12: 16, 13: 17, 14: 2, 15: 9}
Gate position gate updated to [ 0 24]--------------c
Trying to moving ion 24... to 1
Ion assignment after moving ion 24: {0: 19, 1: 20, 2: 2, 3: 30, 4: 5, 5: 27, 6: 0, 7: 21, 8: 25, 9: 8, 10: 1, 11: 4, 12: 16, 13: 17, 14: 3, 15: 9}
Executing gate at point (2, 6).
Best move: (3, 24)
Best move: (23, 25)
Best move: (24, 25)
Best move: (22, 23)
Best move: (23, 25)
Executing gate at point (2, 8).
Best move: (24, 30)
Best move: (3, 24)
Executing gate at point (2, 2).
Best move: (16, 17)
Best move: (16, 17)
Best move: (16, 17)
Try bruteforce due to repeated pattern...
Trying to solve brute-force congestion at gate [27, 16] with {0: 19, 1: 20, 2: 2, 3: 3, 4: 5, 5: 27, 6: 0, 7: 21, 8: 22, 9: 8, 10: 1, 11: 4, 12: 17, 13: 16, 14: 23, 15: 9}
Trying to moving ion 16... to 16
Ion assignment after moving ion 16: {0: 19, 1: 20, 2: 2, 3: 3, 4: 5, 5: 27, 6: 0, 7: 21, 8: 22, 9: 8, 10: 1, 11: 4, 12: 17, 13: 16, 14: 23, 15: 9}
Clearing endpoint 19.........
Gate position gate updated to [16 27]--------------c
Trying to moving ion 27... to 17
Ion assignment after moving ion 27: {0: 19, 1: 20, 2: 2, 3: 3, 4: 5, 5: 17, 6: 0, 7: 21, 8: 22, 9: 8, 10: 1, 11: 4, 12: 18, 13: 16, 14: 23, 15: 9}
Executing gate at point (2, 5).
Trying to solve brute-force congestion at gate [27, 30] with {0: 27, 1: 20, 2: 1, 3: 7, 4: 5, 5: 18, 6: 0, 7: 21, 8: 22, 9: 8, 10: 2, 11: 4, 12: 17, 13: 16, 14: 30, 15: 9}
Trying to moving ion 27... to 16
Ion assignment after moving ion 27: {0: 16, 1: 20, 2: 1, 3: 7, 4: 5, 5: 19, 6: 0, 7: 21, 8: 22, 9: 8, 10: 2, 11: 4, 12: 18, 13: 17, 14: 30, 15: 9}
Clearing endpoint 19.........
Gate position gate updated to [16 30]--------------c
Trying to moving ion 30... to 17
Ion assignment after moving ion 30: {0: 16, 1: 20, 2: 1, 3: 7, 4: 5, 5: 31, 6: 0, 7: 21, 8: 22, 9: 8, 10: 2, 11: 4, 12: 19, 13: 18, 14: 17, 15: 9}
Trying to solve brute-force congestion at gate [1, 17] with {0: 16, 1: 20, 2: 1, 3: 7, 4: 5, 5: 31, 6: 0, 7: 21, 8: 22, 9: 8, 10: 2, 11: 4, 12: 19, 13: 18, 14: 17, 15: 9}
Trying to moving ion 1... to 0
Ion assignment after moving ion 1: {0: 16, 1: 20, 2: 0, 3: 7, 4: 5, 5: 31, 6: 1, 7: 21, 8: 22, 9: 8, 10: 2, 11: 4, 12: 19, 13: 18, 14: 17, 15: 9}
Gate position gate updated to [ 0 17]--------------c
Trying to moving ion 17... to 1
Ion assignment after moving ion 17: {0: 16, 1: 20, 2: 0, 3: 7, 4: 5, 5: 31, 6: 2, 7: 21, 8: 22, 9: 8, 10: 3, 11: 4, 12: 18, 13: 17, 14: 1, 15: 9}
Trying to solve brute-force congestion at gate [31, 21] with {0: 16, 1: 20, 2: 0, 3: 7, 4: 5, 5: 31, 6: 2, 7: 21, 8: 22, 9: 8, 10: 3, 11: 4, 12: 18, 13: 17, 14: 1, 15: 9}
Trying to moving ion 21... to 20
Ion assignment after moving ion 21: {0: 16, 1: 21, 2: 0, 3: 7, 4: 5, 5: 31, 6: 2, 7: 20, 8: 22, 9: 8, 10: 3, 11: 4, 12: 18, 13: 17, 14: 1, 15: 9}
Gate position gate updated to [20 31]--------------c
Trying to moving ion 31... to 21
Ion assignment after moving ion 31: {0: 16, 1: 22, 2: 0, 3: 7, 4: 5, 5: 21, 6: 2, 7: 20, 8: 23, 9: 8, 10: 3, 11: 4, 12: 18, 13: 17, 14: 1, 15: 9}
Trying to solve brute-force congestion at gate [4, 9] with {0: 16, 1: 22, 2: 0, 3: 7, 4: 5, 5: 21, 6: 2, 7: 20, 8: 23, 9: 8, 10: 3, 11: 4, 12: 18, 13: 17, 14: 1, 15: 9}
Trying to moving ion 4... to 4
Ion assignment after moving ion 4: {0: 16, 1: 22, 2: 0, 3: 7, 4: 5, 5: 21, 6: 2, 7: 20, 8: 23, 9: 8, 10: 3, 11: 4, 12: 18, 13: 17, 14: 1, 15: 9}
Clearing endpoint 7.........
Gate position gate updated to [4 9]--------------c
Trying to moving ion 9... to 5
Ion assignment after moving ion 9: {0: 16, 1: 22, 2: 0, 3: 27, 4: 6, 5: 21, 6: 2, 7: 20, 8: 23, 9: 8, 10: 3, 11: 4, 12: 18, 13: 17, 14: 1, 15: 5}
Trying to solve brute-force congestion at gate [27, 5] with {0: 16, 1: 22, 2: 0, 3: 27, 4: 6, 5: 21, 6: 2, 7: 20, 8: 23, 9: 8, 10: 3, 11: 4, 12: 18, 13: 17, 14: 1, 15: 5}
Trying to moving ion 5... to 4
Ion assignment after moving ion 5: {0: 16, 1: 22, 2: 0, 3: 27, 4: 6, 5: 21, 6: 2, 7: 20, 8: 23, 9: 8, 10: 3, 11: 5, 12: 18, 13: 17, 14: 1, 15: 4}
Gate position gate updated to [ 4 27]--------------c
Trying to moving ion 27... to 5
Ion assignment after moving ion 27: {0: 16, 1: 22, 2: 0, 3: 5, 4: 7, 5: 21, 6: 2, 7: 20, 8: 23, 9: 8, 10: 3, 11: 6, 12: 18, 13: 17, 14: 1, 15: 4}
Trying to solve brute-force congestion at gate [8, 3] with {0: 16, 1: 22, 2: 0, 3: 5, 4: 7, 5: 21, 6: 2, 7: 20, 8: 23, 9: 8, 10: 3, 11: 6, 12: 18, 13: 17, 14: 1, 15: 4}
Trying to moving ion 8... to 8
Ion assignment after moving ion 8: {0: 16, 1: 22, 2: 0, 3: 5, 4: 7, 5: 21, 6: 2, 7: 20, 8: 23, 9: 8, 10: 3, 11: 6, 12: 18, 13: 17, 14: 1, 15: 4}
Gate position gate updated to [8 3]--------------c
Trying to moving ion 3... to 9
Ion assignment after moving ion 3: {0: 16, 1: 22, 2: 0, 3: 5, 4: 7, 5: 21, 6: 2, 7: 20, 8: 23, 9: 8, 10: 9, 11: 6, 12: 18, 13: 17, 14: 1, 15: 4}
Trying to solve brute-force congestion at gate [7, 9] with {0: 16, 1: 22, 2: 0, 3: 5, 4: 7, 5: 21, 6: 2, 7: 20, 8: 23, 9: 8, 10: 9, 11: 6, 12: 18, 13: 17, 14: 1, 15: 4}
Trying to moving ion 9... to 8
Ion assignment after moving ion 9: {0: 16, 1: 22, 2: 0, 3: 5, 4: 7, 5: 21, 6: 2, 7: 20, 8: 23, 9: 9, 10: 8, 11: 6, 12: 18, 13: 17, 14: 1, 15: 4}
Gate position gate updated to [8 7]--------------c
Trying to moving ion 7... to 9
Ion assignment after moving ion 7: {0: 16, 1: 22, 2: 0, 3: 5, 4: 9, 5: 21, 6: 2, 7: 20, 8: 23, 9: 10, 10: 8, 11: 6, 12: 18, 13: 17, 14: 1, 15: 4}
Trying to solve brute-force congestion at gate [2, 23] with {0: 16, 1: 22, 2: 0, 3: 5, 4: 9, 5: 21, 6: 2, 7: 20, 8: 23, 9: 10, 10: 8, 11: 6, 12: 18, 13: 17, 14: 1, 15: 4}
Trying to moving ion 2... to 0
Ion assignment after moving ion 2: {0: 16, 1: 22, 2: 1, 3: 5, 4: 9, 5: 21, 6: 0, 7: 20, 8: 23, 9: 10, 10: 8, 11: 6, 12: 18, 13: 17, 14: 2, 15: 4}
Gate position gate updated to [ 0 23]--------------c
Trying to moving ion 23... to 1
Ion assignment after moving ion 23: {0: 16, 1: 22, 2: 2, 3: 5, 4: 9, 5: 21, 6: 0, 7: 20, 8: 1, 9: 10, 10: 8, 11: 6, 12: 18, 13: 17, 14: 3, 15: 4}
Trying to solve brute-force congestion at gate [16, 10] with {0: 16, 1: 22, 2: 2, 3: 5, 4: 9, 5: 21, 6: 0, 7: 20, 8: 1, 9: 10, 10: 8, 11: 6, 12: 18, 13: 17, 14: 3, 15: 4}
Trying to moving ion 16... to 16
Ion assignment after moving ion 16: {0: 16, 1: 22, 2: 2, 3: 5, 4: 9, 5: 21, 6: 0, 7: 20, 8: 1, 9: 10, 10: 8, 11: 6, 12: 18, 13: 17, 14: 3, 15: 4}
Gate position gate updated to [16 10]--------------c
Trying to moving ion 10... to 17
Ion assignment after moving ion 10: {0: 16, 1: 22, 2: 2, 3: 5, 4: 9, 5: 21, 6: 0, 7: 20, 8: 1, 9: 17, 10: 8, 11: 6, 12: 19, 13: 18, 14: 3, 15: 4}
Trying to solve brute-force congestion at gate [21, 6] with {0: 16, 1: 22, 2: 2, 3: 5, 4: 9, 5: 21, 6: 0, 7: 20, 8: 1, 9: 17, 10: 8, 11: 6, 12: 19, 13: 18, 14: 3, 15: 4}
Trying to moving ion 21... to 20
Ion assignment after moving ion 21: {0: 16, 1: 22, 2: 2, 3: 5, 4: 9, 5: 20, 6: 0, 7: 21, 8: 1, 9: 17, 10: 8, 11: 6, 12: 19, 13: 18, 14: 3, 15: 4}
Gate position gate updated to [20  6]--------------c
Trying to moving ion 6... to 21
Ion assignment after moving ion 6: {0: 16, 1: 23, 2: 2, 3: 5, 4: 9, 5: 20, 6: 0, 7: 22, 8: 1, 9: 17, 10: 8, 11: 21, 12: 19, 13: 18, 14: 3, 15: 4}
Executing gate at point (0, 1).
Executing gate at point (0, 4).
Executing gate at point (0, 0).
Executing gate at point (0, 3).
Executing gate at point (0, 6).
Executing gate at point (0, 12).
Executing gate at point (0, 2).
Executing gate at point (0, 5).
Executing gate at point (1, 2).
Executing gate at point (1, 5).
Best move: (3, 24)
Best move: (23, 25)
Best move: (21, 22)
Best move: (18, 19)
Best move: (19, 27)
Best move: (17, 18)
Best move: (27, 30)
Best move: (9, 10)
Best move: (1, 2)
Try bruteforce due to multiple steps (9) to solve one gate
Trying to solve brute-force congestion at gate [16, 24] with {0: 16, 1: 25, 2: 1, 3: 5, 4: 10, 5: 20, 6: 0, 7: 21, 8: 2, 9: 18, 10: 8, 11: 22, 12: 17, 13: 30, 14: 24, 15: 4}
Trying to moving ion 16... to 16
Ion assignment after moving ion 16: {0: 16, 1: 25, 2: 1, 3: 5, 4: 10, 5: 20, 6: 0, 7: 21, 8: 2, 9: 18, 10: 8, 11: 22, 12: 17, 13: 30, 14: 24, 15: 4}
Gate position gate updated to [16 24]--------------c
Trying to moving ion 24... to 17
Ion assignment after moving ion 24: {0: 16, 1: 25, 2: 1, 3: 5, 4: 10, 5: 20, 6: 0, 7: 21, 8: 2, 9: 19, 10: 8, 11: 22, 12: 18, 13: 31, 14: 17, 15: 4}
Executing gate at point (1, 0).
Executing gate at point (2, 0).
Best move: (19, 27)
Best move: (24, 25)
Best move: (30, 31)
Best move: (25, 30)
Best move: (27, 31)
Best move: (28, 31)
Best move: (11, 28)
Executing gate at point (1, 9).
Best move: (10, 11)
Best move: (11, 28)
Best move: (28, 31)
Best move: (26, 31)
Best move: (7, 26)
Executing gate at point (1, 3).
Best move: (8, 9)
Best move: (9, 10)
Best move: (10, 11)
Best move: (11, 28)
Best move: (28, 31)
Best move: (20, 21)
Best move: (30, 31)
Best move: (0, 1)
Best move: (0, 1)
Try bruteforce due to multiple steps (9) to solve one gate
Trying to solve brute-force congestion at gate [0, 30] with {0: 16, 1: 24, 2: 1, 3: 5, 4: 7, 5: 21, 6: 0, 7: 20, 8: 2, 9: 9, 10: 30, 11: 22, 12: 18, 13: 25, 14: 17, 15: 4}
Trying to moving ion 0... to 0
Ion assignment after moving ion 0: {0: 16, 1: 24, 2: 1, 3: 5, 4: 7, 5: 21, 6: 0, 7: 20, 8: 2, 9: 9, 10: 30, 11: 22, 12: 18, 13: 25, 14: 17, 15: 4}
Gate position gate updated to [ 0 30]--------------c
Trying to moving ion 30... to 1
Ion assignment after moving ion 30: {0: 16, 1: 25, 2: 2, 3: 5, 4: 7, 5: 21, 6: 0, 7: 20, 8: 3, 9: 9, 10: 1, 11: 22, 12: 18, 13: 23, 14: 17, 15: 4}
Executing gate at point (2, 6).
Executing gate at point (2, 5).
Best move: (2, 3)
Best move: (3, 24)
Best move: (24, 30)
Best move: (26, 30)
Best move: (4, 5)
Best move: (4, 5)
Best move: (4, 5)
Try bruteforce due to repeated pattern...
Trying to solve brute-force congestion at gate [26, 4] with {0: 16, 1: 25, 2: 26, 3: 4, 4: 7, 5: 21, 6: 0, 7: 20, 8: 2, 9: 9, 10: 1, 11: 22, 12: 18, 13: 23, 14: 17, 15: 5}
Trying to moving ion 4... to 4
Ion assignment after moving ion 4: {0: 16, 1: 25, 2: 26, 3: 4, 4: 7, 5: 21, 6: 0, 7: 20, 8: 2, 9: 9, 10: 1, 11: 22, 12: 18, 13: 23, 14: 17, 15: 5}
Clearing endpoint 7.........
Gate position gate updated to [ 4 26]--------------c
Trying to moving ion 26... to 5
Ion assignment after moving ion 26: {0: 16, 1: 25, 2: 5, 3: 4, 4: 7, 5: 21, 6: 0, 7: 20, 8: 2, 9: 9, 10: 1, 11: 22, 12: 18, 13: 23, 14: 17, 15: 6}
Executing gate at point (2, 2).
Best move: (24, 25)
Best move: (22, 23)
Best move: (23, 25)
Best move: (25, 30)
Best move: (3, 24)
Executing gate at point (1, 1).
Best move: (3, 24)
Best move: (6, 7)
Best move: (7, 26)
Best move: (26, 31)
Best move: (28, 31)
Best move: (30, 31)
Best move: (11, 28)
Best move: (28, 31)
Best move: (10, 11)
Try bruteforce due to multiple steps (9) to solve one gate
Trying to solve brute-force congestion at gate [28, 10] with {0: 16, 1: 24, 2: 5, 3: 4, 4: 6, 5: 21, 6: 0, 7: 20, 8: 2, 9: 9, 10: 1, 11: 28, 12: 18, 13: 22, 14: 17, 15: 10}
Trying to moving ion 10... to 8
Ion assignment after moving ion 10: {0: 16, 1: 24, 2: 5, 3: 4, 4: 6, 5: 21, 6: 0, 7: 20, 8: 2, 9: 10, 10: 1, 11: 28, 12: 18, 13: 22, 14: 17, 15: 8}
Gate position gate updated to [ 8 28]--------------c
Trying to moving ion 28... to 9
Ion assignment after moving ion 28: {0: 16, 1: 24, 2: 5, 3: 4, 4: 6, 5: 21, 6: 0, 7: 20, 8: 2, 9: 11, 10: 1, 11: 9, 12: 18, 13: 22, 14: 17, 15: 8}
Executing gate at point (1, 11).
Executing gate at point (2, 9).
Best move: (24, 25)
Best move: (23, 25)
Executing gate at point (2, 1).
Best move: (9, 10)
Best move: (10, 11)
Best move: (11, 28)
Best move: (28, 31)
Best move: (26, 31)
Best move: (7, 26)
Executing gate at point (2, 4).
Best move: (2, 3)
Best move: (3, 24)
Best move: (24, 30)
Best move: (27, 30)
Best move: (19, 27)
Executing gate at point (2, 8).
Trying to solve brute-force congestion at gate [18, 22] with {0: 16, 1: 25, 2: 6, 3: 5, 4: 4, 5: 21, 6: 0, 7: 20, 8: 27, 9: 10, 10: 1, 11: 11, 12: 18, 13: 22, 14: 17, 15: 9}
Trying to moving ion 18... to 16
Ion assignment after moving ion 18: {0: 17, 1: 25, 2: 6, 3: 5, 4: 4, 5: 21, 6: 0, 7: 20, 8: 27, 9: 10, 10: 1, 11: 11, 12: 16, 13: 22, 14: 18, 15: 9}
Gate position gate updated to [16 22]--------------c
Trying to moving ion 22... to 17
Ion assignment after moving ion 22: {0: 18, 1: 24, 2: 6, 3: 5, 4: 4, 5: 21, 6: 0, 7: 20, 8: 31, 9: 10, 10: 1, 11: 11, 12: 16, 13: 17, 14: 19, 15: 9}
Trying to solve brute-force congestion at gate [6, 0] with {0: 18, 1: 24, 2: 6, 3: 5, 4: 4, 5: 21, 6: 0, 7: 20, 8: 31, 9: 10, 10: 1, 11: 11, 12: 16, 13: 17, 14: 19, 15: 9}
Trying to moving ion 0... to 0
Ion assignment after moving ion 0: {0: 18, 1: 24, 2: 6, 3: 5, 4: 4, 5: 21, 6: 0, 7: 20, 8: 31, 9: 10, 10: 1, 11: 11, 12: 16, 13: 17, 14: 19, 15: 9}
Gate position gate updated to [0 6]--------------c
Trying to moving ion 6... to 1
Ion assignment after moving ion 6: {0: 18, 1: 25, 2: 1, 3: 5, 4: 4, 5: 21, 6: 0, 7: 20, 8: 31, 9: 10, 10: 2, 11: 11, 12: 16, 13: 17, 14: 19, 15: 9}
Trying to solve brute-force congestion at gate [1, 19] with {0: 18, 1: 25, 2: 1, 3: 5, 4: 4, 5: 21, 6: 0, 7: 20, 8: 31, 9: 10, 10: 2, 11: 11, 12: 16, 13: 17, 14: 19, 15: 9}
Trying to moving ion 1... to 0
Ion assignment after moving ion 1: {0: 18, 1: 25, 2: 0, 3: 5, 4: 4, 5: 21, 6: 1, 7: 20, 8: 31, 9: 10, 10: 2, 11: 11, 12: 16, 13: 17, 14: 19, 15: 9}
Gate position gate updated to [ 0 19]--------------c
Trying to moving ion 19... to 1
Ion assignment after moving ion 19: {0: 18, 1: 25, 2: 0, 3: 5, 4: 4, 5: 21, 6: 2, 7: 20, 8: 31, 9: 10, 10: 3, 11: 11, 12: 16, 13: 17, 14: 1, 15: 9}
Trying to solve brute-force congestion at gate [21, 11] with {0: 18, 1: 25, 2: 0, 3: 5, 4: 4, 5: 21, 6: 2, 7: 20, 8: 31, 9: 10, 10: 3, 11: 11, 12: 16, 13: 17, 14: 1, 15: 9}
Trying to moving ion 21... to 20
Ion assignment after moving ion 21: {0: 18, 1: 25, 2: 0, 3: 5, 4: 4, 5: 20, 6: 2, 7: 21, 8: 31, 9: 10, 10: 3, 11: 11, 12: 16, 13: 17, 14: 1, 15: 9}
Gate position gate updated to [20 11]--------------c
Trying to moving ion 11... to 21
Ion assignment after moving ion 11: {0: 18, 1: 24, 2: 0, 3: 5, 4: 4, 5: 20, 6: 2, 7: 22, 8: 26, 9: 10, 10: 3, 11: 21, 12: 16, 13: 17, 14: 1, 15: 9}
Trying to solve brute-force congestion at gate [24, 26] with {0: 18, 1: 24, 2: 0, 3: 5, 4: 4, 5: 20, 6: 2, 7: 22, 8: 26, 9: 10, 10: 3, 11: 21, 12: 16, 13: 17, 14: 1, 15: 9}
Trying to moving ion 26... to 4
Ion assignment after moving ion 26: {0: 18, 1: 24, 2: 0, 3: 6, 4: 5, 5: 20, 6: 2, 7: 22, 8: 4, 9: 10, 10: 3, 11: 21, 12: 16, 13: 17, 14: 1, 15: 9}
Gate position gate updated to [ 4 24]--------------c
Trying to moving ion 24... to 5
Ion assignment after moving ion 24: {0: 18, 1: 5, 2: 0, 3: 7, 4: 6, 5: 20, 6: 2, 7: 22, 8: 4, 9: 10, 10: 3, 11: 21, 12: 16, 13: 17, 14: 1, 15: 9}
Trying to solve brute-force congestion at gate [5, 22] with {0: 18, 1: 5, 2: 0, 3: 7, 4: 6, 5: 20, 6: 2, 7: 22, 8: 4, 9: 10, 10: 3, 11: 21, 12: 16, 13: 17, 14: 1, 15: 9}
Trying to moving ion 5... to 4
Ion assignment after moving ion 5: {0: 18, 1: 4, 2: 0, 3: 7, 4: 6, 5: 20, 6: 2, 7: 22, 8: 5, 9: 10, 10: 3, 11: 21, 12: 16, 13: 17, 14: 1, 15: 9}
Clearing endpoint 7.........
Gate position gate updated to [ 4 22]--------------c
Trying to moving ion 22... to 5
Ion assignment after moving ion 22: {0: 18, 1: 4, 2: 0, 3: 31, 4: 7, 5: 20, 6: 2, 7: 5, 8: 6, 9: 10, 10: 3, 11: 21, 12: 16, 13: 17, 14: 1, 15: 9}
Trying to solve brute-force congestion at gate [31, 9] with {0: 18, 1: 4, 2: 0, 3: 31, 4: 7, 5: 20, 6: 2, 7: 5, 8: 6, 9: 10, 10: 3, 11: 21, 12: 16, 13: 17, 14: 1, 15: 9}
Trying to moving ion 9... to 8
Ion assignment after moving ion 9: {0: 18, 1: 4, 2: 0, 3: 31, 4: 7, 5: 20, 6: 2, 7: 5, 8: 6, 9: 10, 10: 3, 11: 21, 12: 16, 13: 17, 14: 1, 15: 8}
Gate position gate updated to [ 8 31]--------------c
Trying to moving ion 31... to 9
Ion assignment after moving ion 31: {0: 18, 1: 4, 2: 0, 3: 9, 4: 7, 5: 20, 6: 2, 7: 5, 8: 6, 9: 11, 10: 3, 11: 21, 12: 16, 13: 17, 14: 1, 15: 8}
Trying to solve brute-force congestion at gate [11, 3] with {0: 18, 1: 4, 2: 0, 3: 9, 4: 7, 5: 20, 6: 2, 7: 5, 8: 6, 9: 11, 10: 3, 11: 21, 12: 16, 13: 17, 14: 1, 15: 8}
Trying to moving ion 11... to 8
Ion assignment after moving ion 11: {0: 18, 1: 4, 2: 0, 3: 10, 4: 7, 5: 20, 6: 2, 7: 5, 8: 6, 9: 8, 10: 3, 11: 21, 12: 16, 13: 17, 14: 1, 15: 9}Input filename:  QuantumVolume_wsq_16
Algorithm:  SHAPER
Trap type:  G2x3
Trap capacity:  4
Num layout passes:  2
Gate type:  FM
Run index:  2
Creating a QCCD machine ...
QCCD physical machine:
### Traps ### 
Trap(id='trap_0', max_num_ions=4, initial_num_ions=0, executable=True, measureable=True)
Trap(id='trap_1', max_num_ions=4, initial_num_ions=0, executable=True, measureable=True)
Trap(id='trap_2', max_num_ions=4, initial_num_ions=0, executable=True, measureable=True)
Trap(id='trap_3', max_num_ions=4, initial_num_ions=0, executable=True, measureable=True)
Trap(id='trap_4', max_num_ions=4, initial_num_ions=0, executable=True, measureable=True)
Trap(id='trap_5', max_num_ions=4, initial_num_ions=0, executable=True, measureable=True)
### Junctions ### 
Junction(id='junction_0')
Junction(id='junction_1')
Junction(id='junction_2')
### Segments ### 
Segment(id='segment_0', left=Trap(id='trap_0', max_num_ions=4, initial_num_ions=0, executable=True, measureable=True), right=Junction(id='junction_0'))
Segment(id='segment_1', left=Trap(id='trap_5', max_num_ions=4, initial_num_ions=0, executable=True, measureable=True), right=Junction(id='junction_0'))
Segment(id='segment_2', left=Trap(id='trap_1', max_num_ions=4, initial_num_ions=0, executable=True, measureable=True), right=Junction(id='junction_1'))
Segment(id='segment_3', left=Trap(id='trap_4', max_num_ions=4, initial_num_ions=0, executable=True, measureable=True), right=Junction(id='junction_1'))
Segment(id='segment_4', left=Trap(id='trap_2', max_num_ions=4, initial_num_ions=0, executable=True, measureable=True), right=Junction(id='junction_2'))
Segment(id='segment_5', left=Trap(id='trap_3', max_num_ions=4, initial_num_ions=0, executable=True, measureable=True), right=Junction(id='junction_2'))
Segment(id='segment_6', left=Junction(id='junction_0'), right=Junction(id='junction_1'))
Segment(id='segment_7', left=Junction(id='junction_1'), right=Junction(id='junction_2'))
Finished creating the QCCD physical machine.
Position graph:  CouplingGraph({(24, 30), (26, 30), (7, 26), (26, 27), (12, 13), (21, 22), (22, 23), (8, 9), (23, 25), (17, 18), (13, 14), (27, 31), (19, 27), (18, 19), (4, 5), (15, 29), (5, 6), (29, 31), (14, 15), (0, 1), (9, 10), (3, 24), (1, 2), (10, 11), (27, 30), (28, 29), (11, 28), (6, 7), (24, 25), (25, 30), (26, 31), (20, 21), (2, 3), (28, 31), (30, 31), (16, 17)})
Initial ion assignment:  {0: 11, 1: 12, 2: 2, 3: 14, 4: 21, 5: 0, 6: 23, 7: 20, 8: 8, 9: 7, 10: 9, 11: 10, 12: 18, 13: 5, 14: 1, 15: 4}
Congestion rate:  1.0
Scheduling QCCD: 7800.000000000002 us, costing 147.4068019000115 s to compile
0.007800000000000001
147.4068019000115
{0: 11, 1: 4, 2: 2, 3: 15, 4: 9, 5: 20, 6: 0, 7: 5, 8: 1, 9: 10, 10: 8, 11: 21, 12: 16, 13: 17, 14: 3, 15: 29}
[0, 1, 2, 3, 4, 5, 6, 7, 8, 9, 10, 11, 12, 13, 14, 15]
