Best move: (3, 4)
Best move: (4, 5)
Best move: (5, 20)
Best move: (20, 25)
Best move: (23, 25)
Best move: (11, 23)
Executing gate at point (0, 6).
Executing gate at point (1, 6).
Best move: (11, 23)
Best move: (16, 17)
Best move: (17, 19)
Best move: (18, 19)
Best move: (2, 18)
Executing gate at point (0, 3).
Executing gate at point (1, 3).
Best move: (1, 2)
Best move: (2, 18)
Best move: (18, 24)
Best move: (24, 25)
Best move: (8, 22)
Best move: (11, 23)
Best move: (23, 25)
Best move: (22, 25)
Try bruteforce due to multiple steps (8) to solve one gate
Trying to solve brute-force congestion at gate [23, 11] with {0: 15, 1: 12, 2: 25, 3: 0, 4: 1, 5: 23, 6: 11, 7: 9}
Trying to moving ion 11... to 9
Ion assignment after moving ion 11: {0: 15, 1: 12, 2: 25, 3: 0, 4: 1, 5: 23, 6: 9, 7: 10}
Gate position gate updated to [ 9 23]--------------c
Trying to moving ion 23... to 10
Ion assignment after moving ion 23: {0: 15, 1: 12, 2: 25, 3: 0, 4: 1, 5: 10, 6: 9, 7: 11}
Executing gate at point (2, 5).
Executing gate at point (3, 5).
Best move: (24, 25)
Best move: (18, 24)
Best move: (10, 11)
Best move: (11, 23)
Best move: (23, 25)
Best move: (24, 25)
Best move: (0, 1)
Best move: (0, 1)
Try bruteforce due to multiple steps (8) to solve one gate
Trying to solve brute-force congestion at gate [1, 24] with {0: 15, 1: 12, 2: 18, 3: 0, 4: 1, 5: 24, 6: 9, 7: 10}
Trying to moving ion 1... to 0
Ion assignment after moving ion 1: {0: 15, 1: 12, 2: 18, 3: 1, 4: 0, 5: 24, 6: 9, 7: 10}
Gate position gate updated to [ 0 24]--------------c
Trying to moving ion 24... to 1
Ion assignment after moving ion 24: {0: 15, 1: 12, 2: 19, 3: 2, 4: 0, 5: 1, 6: 9, 7: 10}
Executing gate at point (4, 4).
Executing gate at point (5, 4).
Best move: (1, 2)
Best move: (2, 18)
Best move: (18, 24)
Best move: (24, 25)
Best move: (23, 25)
Best move: (11, 23)
Executing gate at point (6, 5).
Executing gate at point (7, 5).
Executing gate at point (8, 6).
Executing gate at point (9, 6).
Best move: (18, 19)
Best move: (2, 18)
Executing gate at point (2, 2).
Executing gate at point (3, 2).
Executing gate at point (6, 3).
Executing gate at point (7, 3).
Best move: (2, 18)
Best move: (11, 23)
Best move: (23, 25)
Best move: (24, 25)
Best move: (0, 1)
Best move: (0, 1)
Best move: (0, 1)
Try bruteforce due to repeated pattern...
Trying to solve brute-force congestion at gate [1, 24] with {0: 15, 1: 12, 2: 18, 3: 0, 4: 1, 5: 24, 6: 9, 7: 10}
Trying to moving ion 1... to 0
Ion assignment after moving ion 1: {0: 15, 1: 12, 2: 18, 3: 1, 4: 0, 5: 24, 6: 9, 7: 10}
Gate position gate updated to [ 0 24]--------------c
Trying to moving ion 24... to 1
Ion assignment after moving ion 24: {0: 15, 1: 12, 2: 19, 3: 2, 4: 0, 5: 1, 6: 9, 7: 10}
Executing gate at point (8, 4).
Executing gate at point (9, 4).
Best move: (19, 24)
Best move: (21, 24)
Best move: (14, 21)
Executing gate at point (4, 1).
Executing gate at point (5, 1).
Best move: (13, 14)
Best move: (2, 18)
Best move: (18, 24)
Best move: (21, 24)
Best move: (14, 21)
Executing gate at point (8, 2).
Executing gate at point (9, 2).
Best move: (14, 21)
Best move: (1, 2)
Best move: (2, 18)
Best move: (18, 24)
Best move: (24, 25)
Best move: (23, 25)
Best move: (11, 23)
Executing gate at point (10, 5).
Executing gate at point (11, 5).
Best move: (21, 24)
Best move: (18, 24)
Best move: (2, 18)
Executing gate at point (10, 3).
Executing gate at point (11, 3).
Best move: (15, 16)
Best move: (16, 17)
Best move: (17, 19)
Best move: (19, 24)
Best move: (21, 24)
Best move: (14, 21)
Executing gate at point (6, 0).
Executing gate at point (7, 0).
Executing gate at point (10, 1).
Executing gate at point (11, 1).
Trying to solve brute-force congestion at gate [0, 18] with {0: 13, 1: 12, 2: 24, 3: 1, 4: 0, 5: 18, 6: 9, 7: 10}
Trying to moving ion 0... to 0
Ion assignment after moving ion 0: {0: 13, 1: 12, 2: 24, 3: 1, 4: 0, 5: 18, 6: 9, 7: 10}
Gate position gate updated to [ 0 18]--------------c
Trying to moving ion 18... to 1
Ion assignment after moving ion 18: {0: 13, 1: 12, 2: 24, 3: 2, 4: 0, 5: 1, 6: 9, 7: 10}
Trying to solve brute-force congestion at gate [0, 1] with {0: 13, 1: 12, 2: 24, 3: 2, 4: 0, 5: 1, 6: 9, 7: 10}
Trying to moving ion 0... to 0
Ion assignment after moving ion 0: {0: 13, 1: 12, 2: 24, 3: 2, 4: 0, 5: 1, 6: 9, 7: 10}
Clearing endpoint 2.........
Gate position gate updated to [0 1]--------------c
Trying to moving ion 1... to 1
Ion assignment after moving ion 1: {0: 13, 1: 12, 2: 24, 3: 18, 4: 0, 5: 1, 6: 9, 7: 10}
Trying to solve brute-force congestion at gate [1, 9] with {0: 13, 1: 12, 2: 24, 3: 18, 4: 0, 5: 1, 6: 9, 7: 10}
Trying to moving ion 9... to 9
Ion assignment after moving ion 9: {0: 13, 1: 12, 2: 24, 3: 18, 4: 0, 5: 1, 6: 9, 7: 10}
Gate position gate updated to [9 1]--------------c
Trying to moving ion 1... to 10
Ion assignment after moving ion 1: {0: 13, 1: 12, 2: 20, 3: 19, 4: 0, 5: 10, 6: 9, 7: 11}
Trying to solve brute-force congestion at gate [20, 19] with {0: 13, 1: 12, 2: 20, 3: 19, 4: 0, 5: 10, 6: 9, 7: 11}
Trying to moving ion 20... to 3
Ion assignment after moving ion 20: {0: 13, 1: 12, 2: 3, 3: 19, 4: 0, 5: 10, 6: 9, 7: 11}
Gate position gate updated to [ 3 19]--------------c
Trying to moving ion 19... to 4
Ion assignment after moving ion 19: {0: 13, 1: 12, 2: 3, 3: 4, 4: 0, 5: 10, 6: 9, 7: 11}
Trying to solve brute-force congestion at gate [3, 4] with {0: 13, 1: 12, 2: 3, 3: 4, 4: 0, 5: 10, 6: 9, 7: 11}
Trying to moving ion 3... to 3
Ion assignment after moving ion 3: {0: 13, 1: 12, 2: 3, 3: 4, 4: 0, 5: 10, 6: 9, 7: 11}
Gate position gate updated to [3 4]--------------c
Trying to moving ion 4... to 4
Ion assignment after moving ion 4: {0: 13, 1: 12, 2: 3, 3: 4, 4: 0, 5: 10, 6: 9, 7: 11}
Trying to solve brute-force congestion at gate [12, 3] with {0: 13, 1: 12, 2: 3, 3: 4, 4: 0, 5: 10, 6: 9, 7: 11}
Trying to moving ion 3... to 3
Ion assignment after moving ion 3: {0: 13, 1: 12, 2: 3, 3: 4, 4: 0, 5: 10, 6: 9, 7: 11}
Gate position gate updated to [ 3 12]--------------c
Trying to moving ion 12... to 4
Ion assignment after moving ion 12: {0: 12, 1: 4, 2: 3, 3: 5, 4: 0, 5: 10, 6: 9, 7: 11}
Trying to solve brute-force congestion at gate [4, 3] with {0: 12, 1: 4, 2: 3, 3: 5, 4: 0, 5: 10, 6: 9, 7: 11}
Trying to moving ion 4... to 3
Ion assignment after moving ion 4: {0: 12, 1: 3, 2: 4, 3: 5, 4: 0, 5: 10, 6: 9, 7: 11}
Clearing endpoint 5.........
Gate position gate updated to [3 4]--------------c
Trying to moving ion 4... to 4
Ion assignment after moving ion 4: {0: 12, 1: 3, 2: 4, 3: 20, 4: 0, 5: 10, 6: 9, 7: 11}
Trying to solve brute-force congestion at gate [20, 0] with {0: 12, 1: 3, 2: 4, 3: 20, 4: 0, 5: 10, 6: 9, 7: 11}
Trying to moving ion 0... to 0
Ion assignment after moving ion 0: {0: 12, 1: 3, 2: 4, 3: 20, 4: 0, 5: 10, 6: 9, 7: 11}
Gate position gate updated to [ 0 20]--------------c
Trying to moving ion 20... to 1
Ion assignment after moving ion 20: {0: 12, 1: 3, 2: 4, 3: 1, 4: 0, 5: 10, 6: 9, 7: 11}
Trying to solve brute-force congestion at gate [1, 0] with {0: 12, 1: 3, 2: 4, 3: 1, 4: 0, 5: 10, 6: 9, 7: 11}
Trying to moving ion 1... to 0
Ion assignment after moving ion 1: {0: 12, 1: 3, 2: 4, 3: 0, 4: 1, 5: 10, 6: 9, 7: 11}
Gate position gate updated to [0 1]--------------c
Trying to moving ion 1... to 1
Ion assignment after moving ion 1: {0: 12, 1: 3, 2: 4, 3: 0, 4: 1, 5: 10, 6: 9, 7: 11}
Trying to solve brute-force congestion at gate [4, 0] with {0: 12, 1: 3, 2: 4, 3: 0, 4: 1, 5: 10, 6: 9, 7: 11}
Trying to moving ion 0... to 0
Ion assignment after moving ion 0: {0: 12, 1: 3, 2: 4, 3: 0, 4: 1, 5: 10, 6: 9, 7: 11}
Gate position gate updated to [0 4]--------------c
Trying to moving ion 4... to 1
Ion assignment after moving ion 4: {0: 12, 1: 3, 2: 1, 3: 0, 4: 2, 5: 10, 6: 9, 7: 11}
Trying to solve brute-force congestion at gate [2, 10] with {0: 12, 1: 3, 2: 1, 3: 0, 4: 2, 5: 10, 6: 9, 7: 11}
Trying to moving ion 10... to 9
Ion assignment after moving ion 10: {0: 12, 1: 3, 2: 1, 3: 0, 4: 2, 5: 9, 6: 10, 7: 11}
Clearing endpoint 11.........
Gate position gate updated to [9 2]--------------c
Trying to moving ion 2... to 10
Ion assignment after moving ion 2: {0: 12, 1: 3, 2: 1, 3: 0, 4: 10, 5: 9, 6: 11, 7: 22}
Trying to solve brute-force congestion at gate [10, 9] with {0: 12, 1: 3, 2: 1, 3: 0, 4: 10, 5: 9, 6: 11, 7: 22}
Trying to moving ion 10... to 9
Ion assignment after moving ion 10: {0: 12, 1: 3, 2: 1, 3: 0, 4: 9, 5: 10, 6: 11, 7: 22}
Clearing endpoint 11.........
Gate position gate updated to [ 9 10]--------------c
Trying to moving ion 10... to 10
Ion assignment after moving ion 10: {0: 12, 1: 3, 2: 1, 3: 0, 4: 9, 5: 10, 6: 23, 7: 22}
Trying to solve brute-force congestion at gate [0, 9] with {0: 12, 1: 3, 2: 1, 3: 0, 4: 9, 5: 10, 6: 23, 7: 22}
Trying to moving ion 0... to 0
Ion assignment after moving ion 0: {0: 12, 1: 3, 2: 1, 3: 0, 4: 9, 5: 10, 6: 23, 7: 22}
Gate position gate updated to [0 9]--------------c
Trying to moving ion 9... to 1
Ion assignment after moving ion 9: {0: 12, 1: 3, 2: 2, 3: 0, 4: 1, 5: 9, 6: 20, 7: 22}
Trying to solve brute-force congestion at gate [0, 1] with {0: 12, 1: 3, 2: 2, 3: 0, 4: 1, 5: 9, 6: 20, 7: 22}
Trying to moving ion 0... to 0
Ion assignment after moving ion 0: {0: 12, 1: 3, 2: 2, 3: 0, 4: 1, 5: 9, 6: 20, 7: 22}
Clearing endpoint 2.........
Gate position gate updated to [0 1]--------------c
Trying to moving ion 1... to 1
Ion assignment after moving ion 1: {0: 12, 1: 3, 2: 18, 3: 0, 4: 1, 5: 9, 6: 20, 7: 22}
Trying to solve brute-force congestion at gate [9, 20] with {0: 12, 1: 3, 2: 18, 3: 0, 4: 1, 5: 9, 6: 20, 7: 22}
Trying to moving ion 9... to 9
Ion assignment after moving ion 9: {0: 12, 1: 3, 2: 18, 3: 0, 4: 1, 5: 9, 6: 20, 7: 22}
Gate position gate updated to [ 9 20]--------------c
Trying to moving ion 20... to 10
Ion assignment after moving ion 20: {0: 12, 1: 3, 2: 18, 3: 0, 4: 1, 5: 9, 6: 10, 7: 22}
Trying to solve brute-force congestion at gate [9, 10] with {0: 12, 1: 3, 2: 18, 3: 0, 4: 1, 5: 9, 6: 10, 7: 22}
Trying to moving ion 9... to 9
Ion assignment after moving ion 9: {0: 12, 1: 3, 2: 18, 3: 0, 4: 1, 5: 9, 6: 10, 7: 22}
Gate position gate updated to [ 9 10]--------------c
Trying to moving ion 10... to 10
Ion assignment after moving ion 10: {0: 12, 1: 3, 2: 18, 3: 0, 4: 1, 5: 9, 6: 10, 7: 22}
Trying to solve brute-force congestion at gate [10, 22] with {0: 12, 1: 3, 2: 18, 3: 0, 4: 1, 5: 9, 6: 10, 7: 22}
Trying to moving ion 10... to 9
Ion assignment after moving ion 10: {0: 12, 1: 3, 2: 18, 3: 0, 4: 1, 5: 10, 6: 9, 7: 22}
Gate position gate updated to [ 9 22]--------------c
Trying to moving ion 22... to 10
Ion assignment after moving ion 22: {0: 12, 1: 3, 2: 18, 3: 0, 4: 1, 5: 11, 6: 9, 7: 10}
Trying to solve brute-force congestion at gate [9, 10] with {0: 12, 1: 3, 2: 18, 3: 0, 4: 1, 5: 11, 6: 9, 7: 10}
Trying to moving ion 9... to 9
Ion assignment after moving ion 9: {0: 12, 1: 3, 2: 18, 3: 0, 4: 1, 5: 11, 6: 9, 7: 10}
Clearing endpoint 11.........
Gate position gate updated to [ 9 10]--------------c
Trying to moving ion 10... to 10
Ion assignment after moving ion 10: {0: 12, 1: 3, 2: 18, 3: 0, 4: 1, 5: 23, 6: 9, 7: 10}
Executing gate at point (0, 3).
Executing gate at point (0, 6).
Executing gate at point (1, 6).
Executing gate at point (1, 3).
Best move: (11, 23)
Executing gate at point (2, 5).
Executing gate at point (3, 5).
Best move: (11, 23)
Best move: (23, 25)
Best move: (24, 25)
Best move: (0, 1)
Best move: (0, 1)
Best move: (0, 1)
Best move: (0, 1)
Try bruteforce due to repeated pattern...
Trying to solve brute-force congestion at gate [1, 24] with {0: 12, 1: 3, 2: 18, 3: 0, 4: 1, 5: 24, 6: 9, 7: 10}
Trying to moving ion 1... to 0
Ion assignment after moving ion 1: {0: 12, 1: 3, 2: 18, 3: 1, 4: 0, 5: 24, 6: 9, 7: 10}
Gate position gate updated to [ 0 24]--------------c
Trying to moving ion 24... to 1
Ion assignment after moving ion 24: {0: 12, 1: 3, 2: 19, 3: 2, 4: 0, 5: 1, 6: 9, 7: 10}
Executing gate at point (4, 4).
Executing gate at point (5, 4).
Best move: (2, 18)
Best move: (1, 2)
Best move: (9, 10)
Best move: (17, 19)
Best move: (18, 19)
Best move: (2, 18)
Best move: (18, 24)
Best move: (24, 25)
Try bruteforce due to multiple steps (8) to solve one gate
Trying to solve brute-force congestion at gate [25, 10] with {0: 12, 1: 3, 2: 17, 3: 19, 4: 0, 5: 25, 6: 10, 7: 9}
Trying to moving ion 10... to 9
Ion assignment after moving ion 10: {0: 12, 1: 3, 2: 17, 3: 19, 4: 0, 5: 25, 6: 9, 7: 10}
Gate position gate updated to [ 9 25]--------------c
Trying to moving ion 25... to 10
Ion assignment after moving ion 25: {0: 12, 1: 3, 2: 17, 3: 19, 4: 0, 5: 10, 6: 9, 7: 11}
Executing gate at point (6, 5).
Executing gate at point (7, 5).
Executing gate at point (8, 6).
Executing gate at point (9, 6).
Best move: (16, 17)
Best move: (17, 19)
Executing gate at point (2, 2).
Executing gate at point (3, 2).
Best move: (17, 19)
Best move: (18, 19)
Best move: (2, 18)
Executing gate at point (6, 3).
Executing gate at point (7, 3).
Best move: (10, 11)
Best move: (11, 23)
Best move: (23, 25)
Best move: (24, 25)
Best move: (18, 24)
Best move: (16, 17)
Best move: (17, 19)
Best move: (19, 24)
Try bruteforce due to multiple steps (8) to solve one gate
Trying to solve brute-force congestion at gate [0, 18] with {0: 12, 1: 3, 2: 24, 3: 2, 4: 0, 5: 18, 6: 9, 7: 10}
Trying to moving ion 0... to 0
Ion assignment after moving ion 0: {0: 12, 1: 3, 2: 24, 3: 2, 4: 0, 5: 18, 6: 9, 7: 10}
Clearing endpoint 2.........
Gate position gate updated to [ 0 18]--------------c
Trying to moving ion 18... to 1
Ion assignment after moving ion 18: {0: 12, 1: 3, 2: 24, 3: 2, 4: 0, 5: 1, 6: 9, 7: 10}
Executing gate at point (8, 4).
Executing gate at point (9, 4).
Best move: (20, 24)
Best move: (5, 20)
Executing gate at point (4, 1).
Executing gate at point (5, 1).
Best move: (4, 5)
Best move: (2, 18)
Best move: (18, 24)
Best move: (20, 24)
Best move: (5, 20)
Executing gate at point (8, 2).
Executing gate at point (9, 2).
Best move: (5, 20)
Best move: (1, 2)
Best move: (2, 18)
Best move: (18, 24)
Best move: (24, 25)
Best move: (23, 25)
Best move: (11, 23)
Executing gate at point (10, 5).
Executing gate at point (11, 5).
Best move: (20, 24)
Best move: (18, 24)
Best move: (2, 18)
Executing gate at point (10, 3).
Executing gate at point (11, 3).
Best move: (12, 13)
Best move: (13, 14)
Best move: (14, 21)
Best move: (20, 21)
Best move: (5, 20)
Executing gate at point (6, 0).
Executing gate at point (7, 0).
Executing gate at point (10, 1).
Executing gate at point (11, 1).
Trying to solve brute-force congestion at gate [0, 18] with {0: 4, 1: 3, 2: 24, 3: 1, 4: 0, 5: 18, 6: 9, 7: 10}
Trying to moving ion 0... to 0
Ion assignment after moving ion 0: {0: 4, 1: 3, 2: 24, 3: 1, 4: 0, 5: 18, 6: 9, 7: 10}
Gate position gate updated to [ 0 18]--------------c
Trying to moving ion 18... to 1
Ion assignment after moving ion 18: {0: 4, 1: 3, 2: 24, 3: 2, 4: 0, 5: 1, 6: 9, 7: 10}
Trying to solve brute-force congestion at gate [0, 1] with {0: 4, 1: 3, 2: 24, 3: 2, 4: 0, 5: 1, 6: 9, 7: 10}
Trying to moving ion 0... to 0
Ion assignment after moving ion 0: {0: 4, 1: 3, 2: 24, 3: 2, 4: 0, 5: 1, 6: 9, 7: 10}
Clearing endpoint 2.........
Gate position gate updated to [0 1]--------------c
Trying to moving ion 1... to 1
Ion assignment after moving ion 1: {0: 4, 1: 3, 2: 24, 3: 18, 4: 0, 5: 1, 6: 9, 7: 10}
Trying to solve brute-force congestion at gate [1, 9] with {0: 4, 1: 3, 2: 24, 3: 18, 4: 0, 5: 1, 6: 9, 7: 10}
Trying to moving ion 9... to 9
Ion assignment after moving ion 9: {0: 4, 1: 3, 2: 24, 3: 18, 4: 0, 5: 1, 6: 9, 7: 10}
Gate position gate updated to [9 1]--------------c
Trying to moving ion 1... to 10
Ion assignment after moving ion 1: {0: 4, 1: 3, 2: 20, 3: 19, 4: 0, 5: 10, 6: 9, 7: 11}
Trying to solve brute-force congestion at gate [20, 19] with {0: 4, 1: 3, 2: 20, 3: 19, 4: 0, 5: 10, 6: 9, 7: 11}
Trying to moving ion 19... to 15
Ion assignment after moving ion 19: {0: 4, 1: 3, 2: 20, 3: 15, 4: 0, 5: 10, 6: 9, 7: 11}
Gate position gate updated to [15 20]--------------c
Trying to moving ion 20... to 16
Ion assignment after moving ion 20: {0: 4, 1: 3, 2: 16, 3: 15, 4: 0, 5: 10, 6: 9, 7: 11}
Trying to solve brute-force congestion at gate [16, 15] with {0: 4, 1: 3, 2: 16, 3: 15, 4: 0, 5: 10, 6: 9, 7: 11}
Trying to moving ion 16... to 15
Ion assignment after moving ion 16: {0: 4, 1: 3, 2: 15, 3: 16, 4: 0, 5: 10, 6: 9, 7: 11}
Gate position gate updated to [15 16]--------------c
Trying to moving ion 16... to 16
Ion assignment after moving ion 16: {0: 4, 1: 3, 2: 15, 3: 16, 4: 0, 5: 10, 6: 9, 7: 11}
Trying to solve brute-force congestion at gate [3, 15] with {0: 4, 1: 3, 2: 15, 3: 16, 4: 0, 5: 10, 6: 9, 7: 11}
Trying to moving ion 3... to 3
Ion assignment after moving ion 3: {0: 4, 1: 3, 2: 15, 3: 16, 4: 0, 5: 10, 6: 9, 7: 11}
Gate position gate updated to [ 3 15]--------------c
Trying to moving ion 15... to 4
Ion assignment after moving ion 15: {0: 5, 1: 3, 2: 4, 3: 15, 4: 0, 5: 10, 6: 9, 7: 11}
Trying to solve brute-force congestion at gate [3, 4] with {0: 5, 1: 3, 2: 4, 3: 15, 4: 0, 5: 10, 6: 9, 7: 11}
Trying to moving ion 3... to 3
Ion assignment after moving ion 3: {0: 5, 1: 3, 2: 4, 3: 15, 4: 0, 5: 10, 6: 9, 7: 11}
Clearing endpoint 5.........
Gate position gate updated to [3 4]--------------c
Trying to moving ion 4... to 4
Ion assignment after moving ion 4: {0: 20, 1: 3, 2: 4, 3: 15, 4: 0, 5: 10, 6: 9, 7: 11}
Trying to solve brute-force congestion at gate [15, 0] with {0: 20, 1: 3, 2: 4, 3: 15, 4: 0, 5: 10, 6: 9, 7: 11}
Trying to moving ion 0... to 0
Ion assignment after moving ion 0: {0: 20, 1: 3, 2: 4, 3: 15, 4: 0, 5: 10, 6: 9, 7: 11}
Gate position gate updated to [ 0 15]--------------c
Trying to moving ion 15... to 1
Ion assignment after moving ion 15: {0: 20, 1: 3, 2: 4, 3: 1, 4: 0, 5: 10, 6: 9, 7: 11}
Trying to solve brute-force congestion at gate [1, 0] with {0: 20, 1: 3, 2: 4, 3: 1, 4: 0, 5: 10, 6: 9, 7: 11}
Trying to moving ion 1... to 0
Ion assignment after moving ion 1: {0: 20, 1: 3, 2: 4, 3: 0, 4: 1, 5: 10, 6: 9, 7: 11}
Gate position gate updated to [0 1]--------------c
Trying to moving ion 1... to 1
Ion assignment after moving ion 1: {0: 20, 1: 3, 2: 4, 3: 0, 4: 1, 5: 10, 6: 9, 7: 11}
Trying to solve brute-force congestion at gate [4, 0] with {0: 20, 1: 3, 2: 4, 3: 0, 4: 1, 5: 10, 6: 9, 7: 11}
Trying to moving ion 0... to 0
Ion assignment after moving ion 0: {0: 20, 1: 3, 2: 4, 3: 0, 4: 1, 5: 10, 6: 9, 7: 11}
Gate position gate updated to [0 4]--------------c
Trying to moving ion 4... to 1
Ion assignment after moving ion 4: {0: 19, 1: 3, 2: 1, 3: 0, 4: 2, 5: 10, 6: 9, 7: 11}
Trying to solve brute-force congestion at gate [2, 10] with {0: 19, 1: 3, 2: 1, 3: 0, 4: 2, 5: 10, 6: 9, 7: 11}
Trying to moving ion 10... to 9
Ion assignment after moving ion 10: {0: 19, 1: 3, 2: 1, 3: 0, 4: 2, 5: 9, 6: 10, 7: 11}
Clearing endpoint 11.........
Gate position gate updated to [9 2]--------------c
Trying to moving ion 2... to 10
Ion assignment after moving ion 2: {0: 19, 1: 3, 2: 1, 3: 0, 4: 10, 5: 9, 6: 11, 7: 22}
Trying to solve brute-force congestion at gate [10, 9] with {0: 19, 1: 3, 2: 1, 3: 0, 4: 10, 5: 9, 6: 11, 7: 22}
Trying to moving ion 10... to 9
Ion assignment after moving ion 10: {0: 19, 1: 3, 2: 1, 3: 0, 4: 9, 5: 10, 6: 11, 7: 22}
Clearing endpoint 11.........
Gate position gate updated to [ 9 10]--------------c
Trying to moving ion 10... to 10
Ion assignment after moving ion 10: {0: 19, 1: 3, 2: 1, 3: 0, 4: 9, 5: 10, 6: 23, 7: 22}
Trying to solve brute-force congestion at gate [0, 9] with {0: 19, 1: 3, 2: 1, 3: 0, 4: 9, 5: 10, 6: 23, 7: 22}
Trying to moving ion 0... to 0
Ion assignment after moving ion 0: {0: 19, 1: 3, 2: 1, 3: 0, 4: 9, 5: 10, 6: 23, 7: 22}
Gate position gate updated to [0 9]--------------c
Trying to moving ion 9... to 1
Ion assignment after moving ion 9: {0: 19, 1: 3, 2: 2, 3: 0, 4: 1, 5: 9, 6: 20, 7: 22}
Trying to solve brute-force congestion at gate [0, 1] with {0: 19, 1: 3, 2: 2, 3: 0, 4: 1, 5: 9, 6: 20, 7: 22}
Trying to moving ion 0... to 0
Ion assignment after moving ion 0: {0: 19, 1: 3, 2: 2, 3: 0, 4: 1, 5: 9, 6: 20, 7: 22}
Clearing endpoint 2.........
Gate position gate updated to [0 1]--------------c
Trying to moving ion 1... to 1
Ion assignment after moving ion 1: {0: 19, 1: 3, 2: 18, 3: 0, 4: 1, 5: 9, 6: 20, 7: 22}
Trying to solve brute-force congestion at gate [9, 20] with {0: 19, 1: 3, 2: 18, 3: 0, 4: 1, 5: 9, 6: 20, 7: 22}
Trying to moving ion 9... to 9
Ion assignment after moving ion 9: {0: 19, 1: 3, 2: 18, 3: 0, 4: 1, 5: 9, 6: 20, 7: 22}
Gate position gate updated to [ 9 20]--------------c
Trying to moving ion 20... to 10
Ion assignment after moving ion 20: {0: 19, 1: 3, 2: 18, 3: 0, 4: 1, 5: 9, 6: 10, 7: 22}
Trying to solve brute-force congestion at gate [9, 10] with {0: 19, 1: 3, 2: 18, 3: 0, 4: 1, 5: 9, 6: 10, 7: 22}
Trying to moving ion 9... to 9
Ion assignment after moving ion 9: {0: 19, 1: 3, 2: 18, 3: 0, 4: 1, 5: 9, 6: 10, 7: 22}
Gate position gate updated to [ 9 10]--------------c
Trying to moving ion 10... to 10
Ion assignment after moving ion 10: {0: 19, 1: 3, 2: 18, 3: 0, 4: 1, 5: 9, 6: 10, 7: 22}
Trying to solve brute-force congestion at gate [10, 22] with {0: 19, 1: 3, 2: 18, 3: 0, 4: 1, 5: 9, 6: 10, 7: 22}
Trying to moving ion 10... to 9
Ion assignment after moving ion 10: {0: 19, 1: 3, 2: 18, 3: 0, 4: 1, 5: 10, 6: 9, 7: 22}
Gate position gate updated to [ 9 22]--------------c
Trying to moving ion 22... to 10
Ion assignment after moving ion 22: {0: 19, 1: 3, 2: 18, 3: 0, 4: 1, 5: 11, 6: 9, 7: 10}
Trying to solve brute-force congestion at gate [9, 10] with {0: 19, 1: 3, 2: 18, 3: 0, 4: 1, 5: 11, 6: 9, 7: 10}
Trying to moving ion 9... to 9
Ion assignment after moving ion 9: {0: 19, 1: 3, 2: 18, 3: 0, 4: 1, 5: 11, 6: 9, 7: 10}
Clearing endpoint 11.........
Gate position gate updated to [ 9 10]--------------c
Trying to moving ion 10... to 10
Ion assignment after moving ion 10: {0: 19, 1: 3, 2: 18, 3: 0, 4: 1, 5: 23, 6: 9, 7: 10}
Executing gate at point (0, 3).
Executing gate at point (0, 6).
Executing gate at point (1, 6).
Executing gate at point (1, 3).
Best move: (11, 23)
Executing gate at point (2, 5).
Executing gate at point (3, 5).
Best move: (11, 23)
Best move: (23, 25)
Best move: (24, 25)
Best move: (0, 1)
Best move: (0, 1)
Best move: (0, 1)
Best move: (0, 1)
Try bruteforce due to repeated pattern...
Trying to solve brute-force congestion at gate [1, 24] with {0: 19, 1: 3, 2: 18, 3: 0, 4: 1, 5: 24, 6: 9, 7: 10}
Trying to moving ion 1... to 0
Ion assignment after moving ion 1: {0: 19, 1: 3, 2: 18, 3: 1, 4: 0, 5: 24, 6: 9, 7: 10}
Gate position gate updated to [ 0 24]--------------c
Trying to moving ion 24... to 1
Ion assignment after moving ion 24: {0: 17, 1: 3, 2: 19, 3: 2, 4: 0, 5: 1, 6: 9, 7: 10}
Executing gate at point (4, 4).
Executing gate at point (5, 4).
Best move: (2, 18)
Best move: (1, 2)
Best move: (9, 10)
Best move: (9, 10)
Best move: (9, 10)
Best move: (9, 10)
Try bruteforce due to repeated pattern...
Trying to solve brute-force congestion at gate [2, 9] with {0: 17, 1: 3, 2: 19, 3: 18, 4: 0, 5: 2, 6: 9, 7: 10}
Trying to moving ion 9... to 9
Ion assignment after moving ion 9: {0: 17, 1: 3, 2: 19, 3: 18, 4: 0, 5: 2, 6: 9, 7: 10}
Gate position gate updated to [9 2]--------------c
Trying to moving ion 2... to 10
Ion assignment after moving ion 2: {0: 17, 1: 3, 2: 19, 3: 20, 4: 0, 5: 10, 6: 9, 7: 11}
Executing gate at point (6, 5).
Executing gate at point (7, 5).
Executing gate at point (8, 6).
Executing gate at point (9, 6).
Best move: (19, 24)
Best move: (24, 25)
Best move: (20, 24)
Best move: (20, 25)
Best move: (5, 20)
Best move: (20, 24)
Best move: (4, 5)
Best move: (5, 20)
Try bruteforce due to multiple steps (8) to solve one gate
Trying to solve brute-force congestion at gate [4, 5] with {0: 17, 1: 3, 2: 4, 3: 5, 4: 0, 5: 10, 6: 9, 7: 11}
Trying to moving ion 4... to 3
Ion assignment after moving ion 4: {0: 17, 1: 4, 2: 3, 3: 5, 4: 0, 5: 10, 6: 9, 7: 11}
Gate position gate updated to [3 5]--------------c
Trying to moving ion 5... to 4
Ion assignment after moving ion 5: {0: 17, 1: 5, 2: 3, 3: 4, 4: 0, 5: 10, 6: 9, 7: 11}
Executing gate at point (2, 2).
Executing gate at point (3, 2).
Executing gate at point (4, 1).Input filename:  TFIM_wsq_n8_s100_compiled
Algorithm:  SHAW
Trap type:  G2x3
Trap capacity:  3
Num layout passes:  2
Gate type:  FM
Run index:  3
Creating a QCCD machine ...
QCCD physical machine:
### Traps ### 
Trap(id='trap_0', max_num_ions=3, initial_num_ions=0, executable=True, measureable=True)
Trap(id='trap_1', max_num_ions=3, initial_num_ions=0, executable=True, measureable=True)
Trap(id='trap_2', max_num_ions=3, initial_num_ions=0, executable=True, measureable=True)
Trap(id='trap_3', max_num_ions=3, initial_num_ions=0, executable=True, measureable=True)
Trap(id='trap_4', max_num_ions=3, initial_num_ions=0, executable=True, measureable=True)
Trap(id='trap_5', max_num_ions=3, initial_num_ions=0, executable=True, measureable=True)
### Junctions ### 
Junction(id='junction_0')
Junction(id='junction_1')
Junction(id='junction_2')
### Segments ### 
Segment(id='segment_0', left=Trap(id='trap_0', max_num_ions=3, initial_num_ions=0, executable=True, measureable=True), right=Junction(id='junction_0'))
Segment(id='segment_1', left=Trap(id='trap_5', max_num_ions=3, initial_num_ions=0, executable=True, measureable=True), right=Junction(id='junction_0'))
Segment(id='segment_2', left=Trap(id='trap_1', max_num_ions=3, initial_num_ions=0, executable=True, measureable=True), right=Junction(id='junction_1'))
Segment(id='segment_3', left=Trap(id='trap_4', max_num_ions=3, initial_num_ions=0, executable=True, measureable=True), right=Junction(id='junction_1'))
Segment(id='segment_4', left=Trap(id='trap_2', max_num_ions=3, initial_num_ions=0, executable=True, measureable=True), right=Junction(id='junction_2'))
Segment(id='segment_5', left=Trap(id='trap_3', max_num_ions=3, initial_num_ions=0, executable=True, measureable=True), right=Junction(id='junction_2'))
Segment(id='segment_6', left=Junction(id='junction_0'), right=Junction(id='junction_1'))
Segment(id='segment_7', left=Junction(id='junction_1'), right=Junction(id='junction_2'))
Finished creating the QCCD physical machine.
Position graph:  CouplingGraph({(3, 4), (12, 13), (22, 23), (21, 25), (23, 25), (11, 23), (13, 14), (19, 24), (18, 19), (4, 5), (20, 25), (21, 24), (22, 25), (14, 21), (0, 1), (9, 10), (1, 2), (10, 11), (6, 7), (15, 16), (24, 25), (18, 24), (20, 21), (20, 24), (17, 19), (5, 20), (8, 22), (2, 18), (7, 8), (16, 17)})
Initial ion assignment:  {0: 15, 1: 12, 2: 8, 3: 0, 4: 16, 5: 1, 6: 3, 7: 9}
Congestion rate:  1.0
Scheduling QCCD: 6040.000000000002 us, costing 29.558062199968845 s to compile
0.006040000000000001
29.558062199968845
{0: 19, 1: 3, 2: 18, 3: 0, 4: 1, 5: 23, 6: 9, 7: 10}
[0, 1, 2, 3, 4, 5, 6, 7]
