Best move: (11, 28)
Best move: (3, 24)
Best move: (28, 31)
Best move: (27, 31)
Best move: (7, 26)
Best move: (26, 31)
Best move: (29, 31)
Best move: (24, 25)
Best move: (12, 13)
Try bruteforce due to multiple steps (9) to solve one gate
Trying to solve brute-force congestion at gate [18, 27] with {0: 12, 1: 18, 2: 0, 3: 1, 4: 25, 5: 2, 6: 19, 7: 27, 8: 4, 9: 29, 10: 8, 11: 9, 12: 10, 13: 14, 14: 15, 15: 5}
Trying to moving ion 18... to 16
Ion assignment after moving ion 18: {0: 12, 1: 16, 2: 0, 3: 1, 4: 25, 5: 2, 6: 19, 7: 27, 8: 4, 9: 29, 10: 8, 11: 9, 12: 10, 13: 14, 14: 15, 15: 5}
Clearing endpoint 19.........
Gate position gate updated to [16 27]--------------c
Trying to moving ion 27... to 17
Ion assignment after moving ion 27: {0: 12, 1: 16, 2: 0, 3: 1, 4: 25, 5: 2, 6: 19, 7: 17, 8: 4, 9: 29, 10: 8, 11: 9, 12: 10, 13: 14, 14: 15, 15: 5}
Executing gate at point (0, 1).
Best move: (19, 27)
Best move: (26, 27)
Best move: (7, 26)
Executing gate at point (0, 6).
Best move: (16, 17)
Best move: (13, 14)
Best move: (14, 15)
Best move: (17, 18)
Best move: (18, 19)
Best move: (19, 27)
Best move: (26, 27)
Best move: (8, 9)
Best move: (12, 13)
Try bruteforce due to multiple steps (9) to solve one gate
Trying to solve brute-force congestion at gate [10, 12] with {0: 13, 1: 26, 2: 0, 3: 1, 4: 25, 5: 2, 6: 7, 7: 16, 8: 4, 9: 29, 10: 9, 11: 8, 12: 10, 13: 12, 14: 14, 15: 5}
Trying to moving ion 12... to 12
Ion assignment after moving ion 12: {0: 13, 1: 26, 2: 0, 3: 1, 4: 25, 5: 2, 6: 7, 7: 16, 8: 4, 9: 29, 10: 9, 11: 8, 12: 10, 13: 12, 14: 14, 15: 5}
Gate position gate updated to [12 10]--------------c
Trying to moving ion 10... to 13
Ion assignment after moving ion 10: {0: 14, 1: 26, 2: 0, 3: 1, 4: 25, 5: 2, 6: 7, 7: 16, 8: 4, 9: 31, 10: 9, 11: 8, 12: 13, 13: 12, 14: 15, 15: 5}
Executing gate at point (0, 12).
Best move: (15, 29)
Best move: (28, 31)
Best move: (9, 10)
Best move: (8, 9)
Best move: (0, 1)
Best move: (0, 1)
Best move: (29, 31)
Best move: (30, 31)
Best move: (24, 30)
Try bruteforce due to multiple steps (9) to solve one gate
Trying to solve brute-force congestion at gate [0, 24] with {0: 14, 1: 26, 2: 0, 3: 1, 4: 25, 5: 2, 6: 7, 7: 16, 8: 4, 9: 28, 10: 10, 11: 9, 12: 13, 13: 12, 14: 24, 15: 5}
Trying to moving ion 0... to 0
Ion assignment after moving ion 0: {0: 14, 1: 26, 2: 0, 3: 1, 4: 25, 5: 2, 6: 7, 7: 16, 8: 4, 9: 28, 10: 10, 11: 9, 12: 13, 13: 12, 14: 24, 15: 5}
Gate position gate updated to [ 0 24]--------------c
Trying to moving ion 24... to 1
Ion assignment after moving ion 24: {0: 14, 1: 26, 2: 0, 3: 2, 4: 25, 5: 3, 6: 7, 7: 16, 8: 4, 9: 28, 10: 10, 11: 9, 12: 13, 13: 12, 14: 1, 15: 5}
Executing gate at point (0, 2).
Best move: (3, 24)
Best move: (28, 29)
Best move: (24, 30)
Best move: (27, 30)
Best move: (15, 29)
Executing gate at point (0, 0).
Best move: (6, 7)
Best move: (7, 26)
Executing gate at point (1, 1).
Best move: (6, 7)
Best move: (7, 26)
Best move: (26, 30)
Best move: (24, 30)
Best move: (5, 6)
Best move: (6, 7)
Best move: (7, 26)
Best move: (14, 15)
Best move: (15, 29)
Try bruteforce due to multiple steps (9) to solve one gate
Trying to solve brute-force congestion at gate [0, 24] with {0: 29, 1: 5, 2: 0, 3: 2, 4: 25, 5: 27, 6: 24, 7: 16, 8: 4, 9: 14, 10: 10, 11: 9, 12: 13, 13: 12, 14: 1, 15: 26}
Trying to moving ion 0... to 0
Ion assignment after moving ion 0: {0: 29, 1: 5, 2: 0, 3: 2, 4: 25, 5: 27, 6: 24, 7: 16, 8: 4, 9: 14, 10: 10, 11: 9, 12: 13, 13: 12, 14: 1, 15: 26}
Gate position gate updated to [ 0 24]--------------c
Trying to moving ion 24... to 1
Ion assignment after moving ion 24: {0: 29, 1: 5, 2: 0, 3: 3, 4: 25, 5: 27, 6: 1, 7: 16, 8: 4, 9: 14, 10: 10, 11: 9, 12: 13, 13: 12, 14: 2, 15: 26}
Executing gate at point (1, 2).
Best move: (3, 24)
Best move: (24, 30)
Best move: (27, 31)
Best move: (28, 31)
Best move: (27, 30)
Best move: (25, 30)
Best move: (30, 31)
Best move: (19, 27)
Best move: (26, 27)
Try bruteforce due to multiple steps (9) to solve one gate
Trying to solve brute-force congestion at gate [31, 10] with {0: 29, 1: 5, 2: 0, 3: 19, 4: 31, 5: 28, 6: 1, 7: 16, 8: 4, 9: 14, 10: 10, 11: 9, 12: 13, 13: 12, 14: 2, 15: 27}
Trying to moving ion 10... to 8
Ion assignment after moving ion 10: {0: 29, 1: 5, 2: 0, 3: 19, 4: 31, 5: 28, 6: 1, 7: 16, 8: 4, 9: 14, 10: 8, 11: 10, 12: 13, 13: 12, 14: 2, 15: 27}
Gate position gate updated to [ 8 31]--------------c
Trying to moving ion 31... to 9
Ion assignment after moving ion 31: {0: 15, 1: 5, 2: 0, 3: 19, 4: 9, 5: 29, 6: 1, 7: 16, 8: 4, 9: 14, 10: 8, 11: 11, 12: 13, 13: 12, 14: 2, 15: 27}
Executing gate at point (0, 4).
Best move: (28, 29)
Best move: (10, 11)
Best move: (15, 29)
Best move: (29, 31)
Best move: (30, 31)
Best move: (24, 30)
Best move: (3, 24)
Executing gate at point (1, 0).
Best move: (3, 24)
Best move: (18, 19)
Best move: (19, 27)
Executing gate at point (0, 3).
Best move: (24, 30)
Best move: (30, 31)
Best move: (29, 31)
Best move: (15, 29)
Executing gate at point (2, 0).
Best move: (14, 15)
Best move: (15, 29)
Best move: (18, 19)
Best move: (19, 27)
Best move: (27, 31)
Best move: (2, 3)
Best move: (3, 24)
Best move: (24, 30)
Best move: (26, 30)
Try bruteforce due to multiple steps (9) to solve one gate
Trying to solve brute-force congestion at gate [31, 9] with {0: 14, 1: 5, 2: 0, 3: 31, 4: 9, 5: 28, 6: 1, 7: 16, 8: 4, 9: 29, 10: 8, 11: 10, 12: 13, 13: 12, 14: 26, 15: 18}
Trying to moving ion 9... to 8
Ion assignment after moving ion 9: {0: 14, 1: 5, 2: 0, 3: 31, 4: 8, 5: 28, 6: 1, 7: 16, 8: 4, 9: 29, 10: 9, 11: 10, 12: 13, 13: 12, 14: 26, 15: 18}
Gate position gate updated to [ 8 31]--------------c
Trying to moving ion 31... to 9
Ion assignment after moving ion 31: {0: 14, 1: 5, 2: 0, 3: 9, 4: 8, 5: 29, 6: 1, 7: 16, 8: 4, 9: 15, 10: 10, 11: 11, 12: 13, 13: 12, 14: 26, 15: 18}
Executing gate at point (1, 3).
Best move: (11, 28)
Best move: (7, 26)
Executing gate at point (2, 8).
Best move: (0, 1)
Best move: (28, 31)
Best move: (27, 31)
Best move: (29, 31)
Best move: (15, 29)
Best move: (26, 31)
Best move: (28, 29)
Best move: (1, 2)
Best move: (2, 3)
Try bruteforce due to multiple steps (9) to solve one gate
Trying to solve brute-force congestion at gate [3, 9] with {0: 14, 1: 5, 2: 3, 3: 9, 4: 8, 5: 26, 6: 0, 7: 16, 8: 4, 9: 28, 10: 10, 11: 27, 12: 13, 13: 12, 14: 7, 15: 18}
Trying to moving ion 9... to 8
Ion assignment after moving ion 9: {0: 14, 1: 5, 2: 3, 3: 8, 4: 9, 5: 26, 6: 0, 7: 16, 8: 4, 9: 28, 10: 10, 11: 27, 12: 13, 13: 12, 14: 7, 15: 18}
Gate position gate updated to [8 3]--------------c
Trying to moving ion 3... to 9
Ion assignment after moving ion 3: {0: 14, 1: 5, 2: 9, 3: 8, 4: 10, 5: 26, 6: 0, 7: 16, 8: 4, 9: 29, 10: 11, 11: 27, 12: 13, 13: 12, 14: 7, 15: 18}
Executing gate at point (2, 2).
Best move: (11, 28)
Best move: (28, 31)
Best move: (30, 31)
Best move: (29, 31)
Best move: (24, 30)
Best move: (30, 31)
Best move: (3, 24)
Best move: (24, 30)
Best move: (2, 3)
Try bruteforce due to multiple steps (9) to solve one gate
Trying to solve brute-force congestion at gate [24, 2] with {0: 14, 1: 5, 2: 9, 3: 8, 4: 10, 5: 26, 6: 0, 7: 16, 8: 4, 9: 24, 10: 2, 11: 27, 12: 13, 13: 12, 14: 7, 15: 18}
Trying to moving ion 2... to 0
Ion assignment after moving ion 2: {0: 14, 1: 5, 2: 9, 3: 8, 4: 10, 5: 26, 6: 1, 7: 16, 8: 4, 9: 24, 10: 0, 11: 27, 12: 13, 13: 12, 14: 7, 15: 18}
Gate position gate updated to [ 0 24]--------------c
Trying to moving ion 24... to 1
Ion assignment after moving ion 24: {0: 14, 1: 5, 2: 9, 3: 8, 4: 10, 5: 26, 6: 2, 7: 16, 8: 4, 9: 1, 10: 0, 11: 27, 12: 13, 13: 12, 14: 7, 15: 18}
Executing gate at point (1, 9).
Executing gate at point (2, 6).
Best move: (26, 31)
Best move: (19, 27)
Best move: (27, 31)
Best move: (18, 19)
Best move: (17, 18)
Best move: (16, 17)
Best move: (16, 17)
Best move: (16, 17)
Try bruteforce due to repeated pattern...
Trying to solve brute-force congestion at gate [27, 16] with {0: 14, 1: 5, 2: 9, 3: 8, 4: 10, 5: 27, 6: 2, 7: 17, 8: 4, 9: 1, 10: 0, 11: 16, 12: 13, 13: 12, 14: 7, 15: 19}
Trying to moving ion 16... to 16
Ion assignment after moving ion 16: {0: 14, 1: 5, 2: 9, 3: 8, 4: 10, 5: 27, 6: 2, 7: 17, 8: 4, 9: 1, 10: 0, 11: 16, 12: 13, 13: 12, 14: 7, 15: 19}
Clearing endpoint 19.........
Gate position gate updated to [16 27]--------------c
Trying to moving ion 27... to 17
Ion assignment after moving ion 27: {0: 14, 1: 5, 2: 9, 3: 8, 4: 10, 5: 17, 6: 2, 7: 18, 8: 4, 9: 1, 10: 0, 11: 16, 12: 13, 13: 12, 14: 7, 15: 19}
Executing gate at point (0, 5).
Executing gate at point (1, 11).
Executing gate at point (1, 5).
Best move: (19, 27)
Best move: (27, 30)
Best move: (24, 30)
Best move: (3, 24)
Executing gate at point (2, 9).
Best move: (17, 18)
Best move: (5, 6)
Best move: (6, 7)
Best move: (7, 26)
Best move: (26, 27)
Best move: (10, 11)
Best move: (11, 28)
Best move: (28, 31)
Best move: (30, 31)
Try bruteforce due to multiple steps (9) to solve one gate
Trying to solve brute-force congestion at gate [30, 16] with {0: 14, 1: 27, 2: 9, 3: 8, 4: 30, 5: 18, 6: 2, 7: 17, 8: 4, 9: 1, 10: 0, 11: 16, 12: 13, 13: 12, 14: 6, 15: 3}
Trying to moving ion 16... to 16
Ion assignment after moving ion 16: {0: 14, 1: 27, 2: 9, 3: 8, 4: 30, 5: 18, 6: 2, 7: 17, 8: 4, 9: 1, 10: 0, 11: 16, 12: 13, 13: 12, 14: 6, 15: 3}
Gate position gate updated to [16 30]--------------c
Trying to moving ion 30... to 17
Ion assignment after moving ion 30: {0: 14, 1: 26, 2: 9, 3: 8, 4: 17, 5: 19, 6: 2, 7: 18, 8: 4, 9: 1, 10: 0, 11: 16, 12: 13, 13: 12, 14: 6, 15: 3}
Executing gate at point (2, 4).
Best move: (19, 27)
Best move: (27, 31)
Best move: (26, 27)
Best move: (29, 31)
Best move: (19, 27)
Executing gate at point (2, 1).
Best move: (15, 29)
Executing gate at point (2, 5).
Trying to solve brute-force congestion at gate [14, 7] with {0: 14, 1: 6, 2: 9, 3: 8, 4: 18, 5: 29, 6: 2, 7: 17, 8: 4, 9: 1, 10: 0, 11: 16, 12: 13, 13: 12, 14: 7, 15: 27}
Trying to moving ion 14... to 12
Ion assignment after moving ion 14: {0: 12, 1: 6, 2: 9, 3: 8, 4: 18, 5: 29, 6: 2, 7: 17, 8: 4, 9: 1, 10: 0, 11: 16, 12: 14, 13: 13, 14: 7, 15: 27}
Gate position gate updated to [12  7]--------------c
Trying to moving ion 7... to 13
Ion assignment after moving ion 7: {0: 12, 1: 6, 2: 9, 3: 8, 4: 18, 5: 28, 6: 2, 7: 17, 8: 4, 9: 1, 10: 0, 11: 16, 12: 15, 13: 14, 14: 13, 15: 27}
Trying to solve brute-force congestion at gate [12, 1] with {0: 12, 1: 6, 2: 9, 3: 8, 4: 18, 5: 28, 6: 2, 7: 17, 8: 4, 9: 1, 10: 0, 11: 16, 12: 15, 13: 14, 14: 13, 15: 27}
Trying to moving ion 12... to 12
Ion assignment after moving ion 12: {0: 12, 1: 6, 2: 9, 3: 8, 4: 18, 5: 28, 6: 2, 7: 17, 8: 4, 9: 1, 10: 0, 11: 16, 12: 15, 13: 14, 14: 13, 15: 27}
Clearing endpoint 15.........
Gate position gate updated to [12  1]--------------c
Trying to moving ion 1... to 13
Ion assignment after moving ion 1: {0: 12, 1: 6, 2: 9, 3: 8, 4: 18, 5: 11, 6: 1, 7: 17, 8: 4, 9: 13, 10: 0, 11: 16, 12: 28, 13: 15, 14: 14, 15: 27}
Trying to solve brute-force congestion at gate [9, 1] with {0: 12, 1: 6, 2: 9, 3: 8, 4: 18, 5: 11, 6: 1, 7: 17, 8: 4, 9: 13, 10: 0, 11: 16, 12: 28, 13: 15, 14: 14, 15: 27}
Trying to moving ion 1... to 0
Ion assignment after moving ion 1: {0: 12, 1: 6, 2: 9, 3: 8, 4: 18, 5: 11, 6: 0, 7: 17, 8: 4, 9: 13, 10: 1, 11: 16, 12: 28, 13: 15, 14: 14, 15: 27}
Gate position gate updated to [0 9]--------------c
Trying to moving ion 9... to 1
Ion assignment after moving ion 9: {0: 12, 1: 6, 2: 1, 3: 8, 4: 18, 5: 10, 6: 0, 7: 17, 8: 4, 9: 13, 10: 2, 11: 16, 12: 25, 13: 15, 14: 14, 15: 27}
Trying to solve brute-force congestion at gate [10, 17] with {0: 12, 1: 6, 2: 1, 3: 8, 4: 18, 5: 10, 6: 0, 7: 17, 8: 4, 9: 13, 10: 2, 11: 16, 12: 25, 13: 15, 14: 14, 15: 27}
Trying to moving ion 17... to 16
Ion assignment after moving ion 17: {0: 12, 1: 6, 2: 1, 3: 8, 4: 18, 5: 10, 6: 0, 7: 16, 8: 4, 9: 13, 10: 2, 11: 17, 12: 25, 13: 15, 14: 14, 15: 27}
Gate position gate updated to [16 10]--------------c
Trying to moving ion 10... to 17
Ion assignment after moving ion 10: {0: 12, 1: 6, 2: 1, 3: 8, 4: 19, 5: 17, 6: 0, 7: 16, 8: 4, 9: 13, 10: 2, 11: 18, 12: 25, 13: 15, 14: 14, 15: 26}
Trying to solve brute-force congestion at gate [6, 16] with {0: 12, 1: 6, 2: 1, 3: 8, 4: 19, 5: 17, 6: 0, 7: 16, 8: 4, 9: 13, 10: 2, 11: 18, 12: 25, 13: 15, 14: 14, 15: 26}
Trying to moving ion 16... to 16
Ion assignment after moving ion 16: {0: 12, 1: 6, 2: 1, 3: 8, 4: 19, 5: 17, 6: 0, 7: 16, 8: 4, 9: 13, 10: 2, 11: 18, 12: 25, 13: 15, 14: 14, 15: 26}
Clearing endpoint 19.........
Gate position gate updated to [16  6]--------------c
Trying to moving ion 6... to 17
Ion assignment after moving ion 6: {0: 12, 1: 17, 2: 1, 3: 8, 4: 31, 5: 18, 6: 0, 7: 16, 8: 4, 9: 13, 10: 2, 11: 19, 12: 25, 13: 15, 14: 14, 15: 30}
Trying to solve brute-force congestion at gate [1, 14] with {0: 12, 1: 17, 2: 1, 3: 8, 4: 31, 5: 18, 6: 0, 7: 16, 8: 4, 9: 13, 10: 2, 11: 19, 12: 25, 13: 15, 14: 14, 15: 30}
Trying to moving ion 1... to 0
Ion assignment after moving ion 1: {0: 12, 1: 17, 2: 0, 3: 8, 4: 31, 5: 18, 6: 1, 7: 16, 8: 4, 9: 13, 10: 2, 11: 19, 12: 25, 13: 15, 14: 14, 15: 30}
Gate position gate updated to [ 0 14]--------------c
Trying to moving ion 14... to 1
Ion assignment after moving ion 14: {0: 12, 1: 17, 2: 0, 3: 8, 4: 28, 5: 18, 6: 2, 7: 16, 8: 4, 9: 13, 10: 3, 11: 19, 12: 25, 13: 14, 14: 1, 15: 26}
Trying to solve brute-force congestion at gate [19, 26] with {0: 12, 1: 17, 2: 0, 3: 8, 4: 28, 5: 18, 6: 2, 7: 16, 8: 4, 9: 13, 10: 3, 11: 19, 12: 25, 13: 14, 14: 1, 15: 26}
Trying to moving ion 19... to 16
Ion assignment after moving ion 19: {0: 12, 1: 18, 2: 0, 3: 8, 4: 28, 5: 19, 6: 2, 7: 17, 8: 4, 9: 13, 10: 3, 11: 16, 12: 25, 13: 14, 14: 1, 15: 26}
Clearing endpoint 19.........
Gate position gate updated to [16 26]--------------c
Trying to moving ion 26... to 17
Ion assignment after moving ion 26: {0: 12, 1: 19, 2: 0, 3: 8, 4: 28, 5: 31, 6: 2, 7: 18, 8: 4, 9: 13, 10: 3, 11: 16, 12: 25, 13: 14, 14: 1, 15: 17}
Trying to solve brute-force congestion at gate [8, 28] with {0: 12, 1: 19, 2: 0, 3: 8, 4: 28, 5: 31, 6: 2, 7: 18, 8: 4, 9: 13, 10: 3, 11: 16, 12: 25, 13: 14, 14: 1, 15: 17}
Trying to moving ion 8... to 8
Ion assignment after moving ion 8: {0: 12, 1: 19, 2: 0, 3: 8, 4: 28, 5: 31, 6: 2, 7: 18, 8: 4, 9: 13, 10: 3, 11: 16, 12: 25, 13: 14, 14: 1, 15: 17}
Gate position gate updated to [ 8 28]--------------c
Trying to moving ion 28... to 9
Ion assignment after moving ion 28: {0: 12, 1: 19, 2: 0, 3: 8, 4: 9, 5: 31, 6: 2, 7: 18, 8: 4, 9: 13, 10: 3, 11: 16, 12: 25, 13: 14, 14: 1, 15: 17}
Trying to solve brute-force congestion at gate [8, 17] with {0: 12, 1: 19, 2: 0, 3: 8, 4: 9, 5: 31, 6: 2, 7: 18, 8: 4, 9: 13, 10: 3, 11: 16, 12: 25, 13: 14, 14: 1, 15: 17}
Trying to moving ion 8... to 8
Ion assignment after moving ion 8: {0: 12, 1: 19, 2: 0, 3: 8, 4: 9, 5: 31, 6: 2, 7: 18, 8: 4, 9: 13, 10: 3, 11: 16, 12: 25, 13: 14, 14: 1, 15: 17}
Gate position gate updated to [ 8 17]--------------c
Trying to moving ion 17... to 9
Ion assignment after moving ion 17: {0: 12, 1: 18, 2: 0, 3: 8, 4: 10, 5: 26, 6: 2, 7: 17, 8: 4, 9: 13, 10: 3, 11: 16, 12: 25, 13: 14, 14: 1, 15: 9}
Trying to solve brute-force congestion at gate [10, 3] with {0: 12, 1: 18, 2: 0, 3: 8, 4: 10, 5: 26, 6: 2, 7: 17, 8: 4, 9: 13, 10: 3, 11: 16, 12: 25, 13: 14, 14: 1, 15: 9}
Trying to moving ion 10... to 8
Ion assignment after moving ion 10: {0: 12, 1: 18, 2: 0, 3: 9, 4: 8, 5: 26, 6: 2, 7: 17, 8: 4, 9: 13, 10: 3, 11: 16, 12: 25, 13: 14, 14: 1, 15: 10}
Gate position gate updated to [8 3]--------------c
Trying to moving ion 3... to 9
Ion assignment after moving ion 3: {0: 12, 1: 18, 2: 0, 3: 10, 4: 8, 5: 26, 6: 2, 7: 17, 8: 4, 9: 13, 10: 9, 11: 16, 12: 25, 13: 14, 14: 1, 15: 11}
Trying to solve brute-force congestion at gate [26, 16] with {0: 12, 1: 18, 2: 0, 3: 10, 4: 8, 5: 26, 6: 2, 7: 17, 8: 4, 9: 13, 10: 9, 11: 16, 12: 25, 13: 14, 14: 1, 15: 11}
Trying to moving ion 16... to 16
Ion assignment after moving ion 16: {0: 12, 1: 18, 2: 0, 3: 10, 4: 8, 5: 26, 6: 2, 7: 17, 8: 4, 9: 13, 10: 9, 11: 16, 12: 25, 13: 14, 14: 1, 15: 11}
Gate position gate updated to [16 26]--------------c
Trying to moving ion 26... to 17
Ion assignment after moving ion 26: {0: 12, 1: 19, 2: 0, 3: 10, 4: 8, 5: 17, 6: 2, 7: 18, 8: 4, 9: 13, 10: 9, 11: 16, 12: 25, 13: 14, 14: 1, 15: 11}
Trying to solve brute-force congestion at gate [2, 4] with {0: 12, 1: 19, 2: 0, 3: 10, 4: 8, 5: 17, 6: 2, 7: 18, 8: 4, 9: 13, 10: 9, 11: 16, 12: 25, 13: 14, 14: 1, 15: 11}
Trying to moving ion 4... to 4
Ion assignment after moving ion 4: {0: 12, 1: 19, 2: 0, 3: 10, 4: 8, 5: 17, 6: 2, 7: 18, 8: 4, 9: 13, 10: 9, 11: 16, 12: 25, 13: 14, 14: 1, 15: 11}
Gate position gate updated to [4 2]--------------c
Trying to moving ion 2... to 5
Ion assignment after moving ion 2: {0: 12, 1: 19, 2: 0, 3: 10, 4: 8, 5: 17, 6: 5, 7: 18, 8: 4, 9: 13, 10: 9, 11: 16, 12: 25, 13: 14, 14: 1, 15: 11}
Executing gate at point (0, 1).
Executing gate at point (0, 4).
Executing gate at point (0, 0).
Executing gate at point (0, 3).
Executing gate at point (0, 6).
Executing gate at point (0, 2).
Executing gate at point (0, 5).
Executing gate at point (1, 5).
Executing gate at point (1, 3).
Best move: (19, 27)
Best move: (26, 27)
Best move: (7, 26)
Executing gate at point (1, 1).
Best move: (11, 28)
Best move: (7, 26)
Best move: (26, 27)
Best move: (25, 30)
Best move: (30, 31)
Best move: (29, 31)
Best move: (28, 31)
Best move: (9, 10)
Best move: (10, 11)
Try bruteforce due to multiple steps (9) to solve one gate
Trying to solve brute-force congestion at gate [29, 14] with {0: 12, 1: 27, 2: 0, 3: 9, 4: 8, 5: 17, 6: 5, 7: 18, 8: 4, 9: 13, 10: 11, 11: 16, 12: 29, 13: 14, 14: 1, 15: 31}
Trying to moving ion 14... to 12
Ion assignment after moving ion 14: {0: 13, 1: 27, 2: 0, 3: 9, 4: 8, 5: 17, 6: 5, 7: 18, 8: 4, 9: 14, 10: 11, 11: 16, 12: 29, 13: 12, 14: 1, 15: 31}
Gate position gate updated to [12 29]--------------c
Trying to moving ion 29... to 13
Ion assignment after moving ion 29: {0: 14, 1: 27, 2: 0, 3: 9, 4: 8, 5: 17, 6: 5, 7: 18, 8: 4, 9: 15, 10: 11, 11: 16, 12: 13, 13: 12, 14: 1, 15: 31}
Executing gate at point (0, 12).
Best move: (15, 29)
Best move: (28, 29)
Best move: (26, 31)
Best move: (17, 18)
Best move: (1, 2)
Best move: (0, 1)
Best move: (16, 17)
Best move: (10, 11)
Best move: (11, 28)
Try bruteforce due to multiple steps (9) to solve one gate
Trying to solve brute-force congestion at gate [1, 5] with {0: 14, 1: 27, 2: 1, 3: 9, 4: 8, 5: 18, 6: 5, 7: 16, 8: 4, 9: 11, 10: 10, 11: 17, 12: 13, 13: 12, 14: 2, 15: 26}
Trying to moving ion 1... to 0
Ion assignment after moving ion 1: {0: 14, 1: 27, 2: 0, 3: 9, 4: 8, 5: 18, 6: 5, 7: 16, 8: 4, 9: 11, 10: 10, 11: 17, 12: 13, 13: 12, 14: 2, 15: 26}
Gate position gate updated to [0 5]--------------c
Trying to moving ion 5... to 1
Ion assignment after moving ion 5: {0: 14, 1: 27, 2: 0, 3: 9, 4: 8, 5: 18, 6: 1, 7: 16, 8: 4, 9: 11, 10: 10, 11: 17, 12: 13, 13: 12, 14: 3, 15: 25}
Executing gate at point (1, 2).
Executing gate at point (1, 9).
Best move: (3, 24)
Best move: (24, 30)
Best move: (26, 30)
Best move: (25, 30)
Best move: (10, 11)
Best move: (11, 28)
Best move: (9, 10)
Best move: (28, 31)
Best move: (1, 2)
Try bruteforce due to multiple steps (9) to solve one gate
Trying to solve brute-force congestion at gate [14, 26] with {0: 14, 1: 27, 2: 0, 3: 10, 4: 8, 5: 18, 6: 2, 7: 16, 8: 4, 9: 9, 10: 31, 11: 17, 12: 13, 13: 12, 14: 26, 15: 30}
Trying to moving ion 14... to 12
Ion assignment after moving ion 14: {0: 12, 1: 27, 2: 0, 3: 10, 4: 8, 5: 18, 6: 2, 7: 16, 8: 4, 9: 9, 10: 31, 11: 17, 12: 14, 13: 13, 14: 26, 15: 30}
Gate position gate updated to [12 26]--------------c
Trying to moving ion 26... to 13
Ion assignment after moving ion 26: {0: 12, 1: 27, 2: 0, 3: 10, 4: 8, 5: 18, 6: 2, 7: 16, 8: 4, 9: 9, 10: 28, 11: 17, 12: 15, 13: 14, 14: 13, 15: 30}
Executing gate at point (1, 0).
Executing gate at point (2, 0).
Best move: (17, 18)
Best move: (28, 29)
Best move: (14, 15)
Best move: (13, 14)
Best move: (26, 30)
Best move: (4, 5)
Best move: (5, 6)
Best move: (0, 1)
Best move: (14, 15)
Try bruteforce due to multiple steps (9) to solve one gate
Trying to solve brute-force congestion at gate [2, 29] with {0: 12, 1: 27, 2: 1, 3: 10, 4: 8, 5: 17, 6: 2, 7: 16, 8: 6, 9: 9, 10: 29, 11: 18, 12: 13, 13: 14, 14: 15, 15: 26}
Trying to moving ion 2... to 0
Ion assignment after moving ion 2: {0: 12, 1: 27, 2: 2, 3: 10, 4: 8, 5: 17, 6: 0, 7: 16, 8: 6, 9: 9, 10: 29, 11: 18, 12: 13, 13: 14, 14: 15, 15: 26}
Gate position gate updated to [ 0 29]--------------c
Trying to moving ion 29... to 1
Ion assignment after moving ion 29: {0: 12, 1: 27, 2: 3, 3: 10, 4: 8, 5: 17, 6: 0, 7: 16, 8: 6, 9: 9, 10: 1, 11: 18, 12: 13, 13: 14, 14: 15, 15: 26}
Executing gate at point (2, 6).
Best move: (3, 24)
Best move: (24, 30)
Best move: (15, 29)
Best move: (14, 15)
Best move: (26, 31)
Best move: (28, 31)
Best move: (9, 10)
Best move: (8, 9)
Best move: (16, 17)
Try bruteforce due to multiple steps (9) to solve one gate
Trying to solve brute-force congestion at gate [27, 17] with {0: 12, 1: 27, 2: 30, 3: 8, 4: 9, 5: 16, 6: 0, 7: 17, 8: 6, 9: 10, 10: 1, 11: 18, 12: 13, 13: 15, 14: 29, 15: 28}
Trying to moving ion 17... to 16
Ion assignment after moving ion 17: {0: 12, 1: 27, 2: 30, 3: 8, 4: 9, 5: 17, 6: 0, 7: 16, 8: 6, 9: 10, 10: 1, 11: 18, 12: 13, 13: 15, 14: 29, 15: 28}
Gate position gate updated to [16 27]--------------c
Trying to moving ion 27... to 17
Ion assignment after moving ion 27: {0: 12, 1: 17, 2: 30, 3: 8, 4: 9, 5: 18, 6: 0, 7: 16, 8: 6, 9: 10, 10: 1, 11: 19, 12: 13, 13: 15, 14: 29, 15: 28}
Executing gate at point (2, 1).
Best move: (19, 27)
Best move: (5, 6)
Best move: (27, 31)
Best move: (8, 9)
Best move: (9, 10)
Best move: (9, 10)
Best move: (9, 10)
Best move: (26, 30)
Best move: (26, 30)
Try bruteforce due to multiple steps (9) to solve one gate
Trying to solve brute-force congestion at gate [30, 10] with {0: 12, 1: 17, 2: 30, 3: 10, 4: 8, 5: 18, 6: 0, 7: 16, 8: 5, 9: 9, 10: 1, 11: 31, 12: 13, 13: 15, 14: 29, 15: 28}
Trying to moving ion 10... to 8
Ion assignment after moving ion 10: {0: 12, 1: 17, 2: 30, 3: 8, 4: 9, 5: 18, 6: 0, 7: 16, 8: 5, 9: 10, 10: 1, 11: 31, 12: 13, 13: 15, 14: 29, 15: 28}
Gate position gate updated to [ 8 30]--------------c
Trying to moving ion 30... to 9
Ion assignment after moving ion 30: {0: 12, 1: 17, 2: 9, 3: 8, 4: 10, 5: 18, 6: 0, 7: 16, 8: 5, 9: 11, 10: 1, 11: 26, 12: 13, 13: 14, 14: 15, 15: 29}
Executing gate at point (2, 2).
Best move: (29, 31)
Best move: (7, 26)
Best move: (26, 31)
Best move: (6, 7)
Best move: (7, 26)
Executing gate at point (1, 11).
Best move: (7, 26)
Best move: (10, 11)
Best move: (11, 28)
Best move: (28, 31)
Best move: (27, 31)
Best move: (27, 31)
Best move: (27, 31)
Try bruteforce due to repeated pattern...
Trying to solve brute-force congestion at gate [27, 6] with {0: 12, 1: 17, 2: 9, 3: 8, 4: 27, 5: 18, 6: 0, 7: 16, 8: 5, 9: 10, 10: 1, 11: 6, 12: 13, 13: 14, 14: 15, 15: 26}
Trying to moving ion 6... to 4
Ion assignment after moving ion 6: {0: 12, 1: 17, 2: 9, 3: 8, 4: 27, 5: 18, 6: 0, 7: 16, 8: 6, 9: 10, 10: 1, 11: 4, 12: 13, 13: 14, 14: 15, 15: 26}
Gate position gate updated to [ 4 27]--------------c
Trying to moving ion 27... to 5
Ion assignment after moving ion 27: {0: 12, 1: 17, 2: 9, 3: 8, 4: 5, 5: 18, 6: 0, 7: 16, 8: 7, 9: 10, 10: 1, 11: 4, 12: 13, 13: 14, 14: 15, 15: 30}
Executing gate at point (2, 4).
Best move: (15, 29)
Best move: (29, 31)
Best move: (26, 31)
Best move: (30, 31)
Best move: (28, 31)
Best move: (11, 28)
Executing gate at point (2, 9).
Best move: (18, 19)
Best move: (19, 27)
Best move: (27, 31)
Best move: (29, 31)
Best move: (15, 29)
Executing gate at point (2, 5).
Best move: (6, 7)
Best move: (7, 26)
Executing gate at point (2, 8).
Trying to solve brute-force congestion at gate [9, 1] with {0: 12, 1: 18, 2: 9, 3: 8, 4: 6, 5: 29, 6: 1, 7: 17, 8: 5, 9: 10, 10: 0, 11: 4, 12: 13, 13: 14, 14: 26, 15: 27}
Trying to moving ion 9... to 8
Ion assignment after moving ion 9: {0: 12, 1: 18, 2: 8, 3: 9, 4: 6, 5: 29, 6: 1, 7: 17, 8: 5, 9: 10, 10: 0, 11: 4, 12: 13, 13: 14, 14: 26, 15: 27}
Gate position gate updated to [8 1]--------------c
Trying to moving ion 1... to 9
Ion assignment after moving ion 1: {0: 12, 1: 18, 2: 8, 3: 10, 4: 6, 5: 29, 6: 9, 7: 17, 8: 5, 9: 11, 10: 0, 11: 4, 12: 13, 13: 14, 14: 26, 15: 27}
Trying to solve brute-force congestion at gate [12, 26] with {0: 12, 1: 18, 2: 8, 3: 10, 4: 6, 5: 29, 6: 9, 7: 17, 8: 5, 9: 11, 10: 0, 11: 4, 12: 13, 13: 14, 14: 26, 15: 27}
Trying to moving ion 12... to 12
Ion assignment after moving ion 12: {0: 12, 1: 18, 2: 8, 3: 10, 4: 6, 5: 29, 6: 9, 7: 17, 8: 5, 9: 11, 10: 0, 11: 4, 12: 13, 13: 14, 14: 26, 15: 27}
Gate position gate updated to [12 26]--------------c
Trying to moving ion 26... to 13
Ion assignment after moving ion 26: {0: 12, 1: 18, 2: 8, 3: 10, 4: 6, 5: 28, 6: 9, 7: 17, 8: 5, 9: 11, 10: 0, 11: 4, 12: 14, 13: 15, 14: 13, 15: 27}
Trying to solve brute-force congestion at gate [8, 13] with {0: 12, 1: 18, 2: 8, 3: 10, 4: 6, 5: 28, 6: 9, 7: 17, 8: 5, 9: 11, 10: 0, 11: 4, 12: 14, 13: 15, 14: 13, 15: 27}
Trying to moving ion 8... to 8
Ion assignment after moving ion 8: {0: 12, 1: 18, 2: 8, 3: 10, 4: 6, 5: 28, 6: 9, 7: 17, 8: 5, 9: 11, 10: 0, 11: 4, 12: 14, 13: 15, 14: 13, 15: 27}
Clearing endpoint 11.........
Gate position gate updated to [ 8 13]--------------c
Trying to moving ion 13... to 9
Ion assignment after moving ion 13: {0: 12, 1: 18, 2: 8, 3: 11, 4: 6, 5: 30, 6: 10, 7: 17, 8: 5, 9: 31, 10: 0, 11: 4, 12: 13, 13: 14, 14: 9, 15: 27}
Trying to solve brute-force congestion at gate [30, 17] with {0: 12, 1: 18, 2: 8, 3: 11, 4: 6, 5: 30, 6: 10, 7: 17, 8: 5, 9: 31, 10: 0, 11: 4, 12: 13, 13: 14, 14: 9, 15: 27}
Trying to moving ion 17... to 16
Ion assignment after moving ion 17: {0: 12, 1: 18, 2: 8, 3: 11, 4: 6, 5: 30, 6: 10, 7: 16, 8: 5, 9: 31, 10: 0, 11: 4, 12: 13, 13: 14, 14: 9, 15: 27}
Gate position gate updated to [16 30]--------------c
Trying to moving ion 30... to 17
Ion assignment after moving ion 30: {0: 12, 1: 19, 2: 8, 3: 11, 4: 6, 5: 17, 6: 10, 7: 16, 8: 5, 9: 31, 10: 0, 11: 4, 12: 13, 13: 14, 14: 9, 15: 26}
Trying to solve brute-force congestion at gate [4, 26] with {0: 12, 1: 19, 2: 8, 3: 11, 4: 6, 5: 17, 6: 10, 7: 16, 8: 5, 9: 31, 10: 0, 11: 4, 12: 13, 13: 14, 14: 9, 15: 26}
Trying to moving ion 4... to 4
Ion assignment after moving ion 4: {0: 12, 1: 19, 2: 8, 3: 11, 4: 6, 5: 17, 6: 10, 7: 16, 8: 5, 9: 31, 10: 0, 11: 4, 12: 13, 13: 14, 14: 9, 15: 26}
Gate position gate updated to [ 4 26]--------------c
Trying to moving ion 26... to 5
Ion assignment after moving ion 26: {0: 12, 1: 19, 2: 8, 3: 11, 4: 7, 5: 17, 6: 10, 7: 16, 8: 6, 9: 31, 10: 0, 11: 4, 12: 13, 13: 14, 14: 9, 15: 5}
Trying to solve brute-force congestion at gate [19, 6] with {0: 12, 1: 19, 2: 8, 3: 11, 4: 7, 5: 17, 6: 10, 7: 16, 8: 6, 9: 31, 10: 0, 11: 4, 12: 13, 13: 14, 14: 9, 15: 5}
Trying to moving ion 6... to 4
Ion assignment after moving ion 6: {0: 12, 1: 19, 2: 8, 3: 11, 4: 7, 5: 17, 6: 10, 7: 16, 8: 4, 9: 31, 10: 0, 11: 5, 12: 13, 13: 14, 14: 9, 15: 6}
Clearing endpoint 7.........
Gate position gate updated to [ 4 19]--------------c
Trying to moving ion 19... to 5
Ion assignment after moving ion 19: {0: 12, 1: 5, 2: 8, 3: 11, 4: 30, 5: 17, 6: 10, 7: 16, 8: 4, 9: 31, 10: 0, 11: 6, 12: 13, 13: 14, 14: 9, 15: 7}
Trying to solve brute-force congestion at gate [5, 16] with {0: 12, 1: 5, 2: 8, 3: 11, 4: 30, 5: 17, 6: 10, 7: 16, 8: 4, 9: 31, 10: 0, 11: 6, 12: 13, 13: 14, 14: 9, 15: 7}
Trying to moving ion 16... to 16
Ion assignment after moving ion 16: {0: 12, 1: 5, 2: 8, 3: 11, 4: 30, 5: 17, 6: 10, 7: 16, 8: 4, 9: 31, 10: 0, 11: 6, 12: 13, 13: 14, 14: 9, 15: 7}
Gate position gate updated to [16  5]--------------c
Trying to moving ion 5... to 17
Ion assignment after moving ion 5: {0: 12, 1: 17, 2: 8, 3: 11, 4: 30, 5: 18, 6: 10, 7: 16, 8: 4, 9: 31, 10: 0, 11: 5, 12: 13, 13: 14, 14: 9, 15: 6}
Trying to solve brute-force congestion at gate [18, 5] with {0: 12, 1: 17, 2: 8, 3: 11, 4: 30, 5: 18, 6: 10, 7: 16, 8: 4, 9: 31, 10: 0, 11: 5, 12: 13, 13: 14, 14: 9, 15: 6}
Trying to moving ion 5... to 4
Ion assignment after moving ion 5: {0: 12, 1: 17, 2: 8, 3: 11, 4: 30, 5: 18, 6: 10, 7: 16, 8: 5, 9: 31, 10: 0, 11: 4, 12: 13, 13: 14, 14: 9, 15: 6}
Gate position gate updated to [ 4 18]--------------c
Trying to moving ion 18... to 5
Ion assignment after moving ion 18: {0: 12, 1: 17, 2: 8, 3: 11, 4: 30, 5: 5, 6: 10, 7: 16, 8: 6, 9: 31, 10: 0, 11: 4, 12: 13, 13: 14, 14: 9, 15: 7}
Trying to solve brute-force congestion at gate [11, 30] with {0: 12, 1: 17, 2: 8, 3: 11, 4: 30, 5: 5, 6: 10, 7: 16, 8: 6, 9: 31, 10: 0, 11: 4, 12: 13, 13: 14, 14: 9, 15: 7}
Trying to moving ion 11... to 8
Ion assignment after moving ion 11: {0: 12, 1: 17, 2: 9, 3: 8, 4: 30, 5: 5, 6: 11, 7: 16, 8: 6, 9: 31, 10: 0, 11: 4, 12: 13, 13: 14, 14: 10, 15: 7}
Clearing endpoint 11.........
Gate position gate updated to [ 8 30]--------------c
Trying to moving ion 30... to 9
Ion assignment after moving ion 30: {0: 12, 1: 17, 2: 10, 3: 8, 4: 9, 5: 5, 6: 29, 7: 16, 8: 6, 9: 27, 10: 0, 11: 4, 12: 13, 13: 14, 14: 11, 15: 7}
Trying to solve brute-force congestion at gate [8, 7] with {0: 12, 1: 17, 2: 10, 3: 8, 4: 9, 5: 5, 6: 29, 7: 16, 8: 6, 9: 27, 10: 0, 11: 4, 12: 13, 13: 14, 14: 11, 15: 7}
Trying to moving ion 8... to 8
Ion assignment after moving ion 8: {0: 12, 1: 17, 2: 10, 3: 8, 4: 9, 5: 5, 6: 29, 7: 16, 8: 6, 9: 27, 10: 0, 11: 4, 12: 13, 13: 14, 14: 11, 15: 7}
Clearing endpoint 11.........
Gate position gate updated to [8 7]--------------c
Trying to moving ion 7... to 9
Ion assignment after moving ion 7: {0: 12, 1: 17, 2: 11, 3: 8, 4: 10, 5: 5, 6: 15, 7: 16, 8: 6, 9: 27, 10: 0, 11: 4, 12: 13, 13: 14, 14: 29, 15: 9}
Trying to solve brute-force congestion at gate [27, 0] with {0: 12, 1: 17, 2: 11, 3: 8, 4: 10, 5: 5, 6: 15, 7: 16, 8: 6, 9: 27, 10: 0, 11: 4, 12: 13, 13: 14, 14: 29, 15: 9}
Trying to moving ion 0... to 0
Ion assignment after moving ion 0: {0: 12, 1: 17, 2: 11, 3: 8, 4: 10, 5: 5, 6: 15, 7: 16, 8: 6, 9: 27, 10: 0, 11: 4, 12: 13, 13: 14, 14: 29, 15: 9}
Gate position gate updated to [ 0 27]--------------c
Trying to moving ion 27... to 1
Ion assignment after moving ion 27: {0: 12, 1: 17, 2: 11, 3: 8, 4: 10, 5: 5, 6: 15, 7: 16, 8: 6, 9: 1, 10: 0, 11: 4, 12: 13, 13: 14, 14: 29, 15: 9}
Trying to solve brute-force congestion at gate [12, 1] with {0: 12, 1: 17, 2: 11, 3: 8, 4: 10, 5: 5, 6: 15, 7: 16, 8: 6, 9: 1, 10: 0, 11: 4, 12: 13, 13: 14, 14: 29, 15: 9}
Trying to moving ion 12... to 12
Ion assignment after moving ion 12: {0: 12, 1: 17, 2: 11, 3: 8, 4: 10, 5: 5, 6: 15, 7: 16, 8: 6, 9: 1, 10: 0, 11: 4, 12: 13, 13: 14, 14: 29, 15: 9}
Clearing endpoint 15.........
Gate position gate updated to [12  1]--------------c
Trying to moving ion 1... to 13
Ion assignment after moving ion 1: {0: 12, 1: 17, 2: 11, 3: 8, 4: 10, 5: 5, 6: 28, 7: 16, 8: 6, 9: 13, 10: 0, 11: 4, 12: 14, 13: 15, 14: 27, 15: 9}
Trying to solve brute-force congestion at gate [10, 0] with {0: 12, 1: 17, 2: 11, 3: 8, 4: 10, 5: 5, 6: 28, 7: 16, 8: 6, 9: 13, 10: 0, 11: 4, 12: 14, 13: 15, 14: 27, 15: 9}
Trying to moving ion 0... to 0
Ion assignment after moving ion 0: {0: 12, 1: 17, 2: 11, 3: 8, 4: 10, 5: 5, 6: 28, 7: 16, 8: 6, 9: 13, 10: 0, 11: 4, 12: 14, 13: 15, 14: 27, 15: 9}
Gate position gate updated to [ 0 10]--------------c
Trying to moving ion 10... to 1
Ion assignment after moving ion 10: {0: 12, 1: 17, 2: 10, 3: 8, 4: 1, 5: 5, 6: 25, 7: 16, 8: 6, 9: 13, 10: 0, 11: 4, 12: 14, 13: 15, 14: 27, 15: 9}
Trying to solve brute-force congestion at gate [25, 6] with {0: 12, 1: 17, 2: 10, 3: 8, 4: 1, 5: 5, 6: 25, 7: 16, 8: 6, 9: 13, 10: 0, 11: 4, 12: 14, 13: 15, 14: 27, 15: 9}
Trying to moving ion 6... to 4
Ion assignment after moving ion 6: {0: 12, 1: 17, 2: 10, 3: 8, 4: 1, 5: 6, 6: 25, 7: 16, 8: 4, 9: 13, 10: 0, 11: 5, 12: 14, 13: 15, 14: 27, 15: 9}
Gate position gate updated to [ 4 25]--------------c
Trying to moving ion 25... to 5
Ion assignment after moving ion 25: {0: 12, 1: 17, 2: 10, 3: 8, 4: 1, 5: 7, 6: 5, 7: 16, 8: 4, 9: 13, 10: 0, 11: 6, 12: 14, 13: 15, 14: 27, 15: 9}
Executing gate at point (0, 1).
Executing gate at point (0, 4).
Executing gate at point (0, 0).
Executing gate at point (0, 3).
Executing gate at point (0, 6).
Executing gate at point (0, 12).
Executing gate at point (0, 5).
Best move: (7, 26)
Best move: (13, 14)
Best move: (27, 31)
Best move: (26, 27)
Best move: (28, 31)
Best move: (19, 27)
Executing gate at point (1, 5).
Best move: (15, 29)
Best move: (1, 2)
Best move: (29, 31)
Best move: (27, 31)
Best move: (14, 15)
Best move: (15, 29)
Best move: (18, 19)Input filename:  QuantumVolume_wsq_16
Algorithm:  SHAPER
Trap type:  G2x3
Trap capacity:  4
Num layout passes:  2
Gate type:  FM
Run index:  4
Creating a QCCD machine ...
QCCD physical machine:
### Traps ### 
Trap(id='trap_0', max_num_ions=4, initial_num_ions=0, executable=True, measureable=True)
Trap(id='trap_1', max_num_ions=4, initial_num_ions=0, executable=True, measureable=True)
Trap(id='trap_2', max_num_ions=4, initial_num_ions=0, executable=True, measureable=True)
Trap(id='trap_3', max_num_ions=4, initial_num_ions=0, executable=True, measureable=True)
Trap(id='trap_4', max_num_ions=4, initial_num_ions=0, executable=True, measureable=True)
Trap(id='trap_5', max_num_ions=4, initial_num_ions=0, executable=True, measureable=True)
### Junctions ### 
Junction(id='junction_0')
Junction(id='junction_1')
Junction(id='junction_2')
### Segments ### 
Segment(id='segment_0', left=Trap(id='trap_0', max_num_ions=4, initial_num_ions=0, executable=True, measureable=True), right=Junction(id='junction_0'))
Segment(id='segment_1', left=Trap(id='trap_5', max_num_ions=4, initial_num_ions=0, executable=True, measureable=True), right=Junction(id='junction_0'))
Segment(id='segment_2', left=Trap(id='trap_1', max_num_ions=4, initial_num_ions=0, executable=True, measureable=True), right=Junction(id='junction_1'))
Segment(id='segment_3', left=Trap(id='trap_4', max_num_ions=4, initial_num_ions=0, executable=True, measureable=True), right=Junction(id='junction_1'))
Segment(id='segment_4', left=Trap(id='trap_2', max_num_ions=4, initial_num_ions=0, executable=True, measureable=True), right=Junction(id='junction_2'))
Segment(id='segment_5', left=Trap(id='trap_3', max_num_ions=4, initial_num_ions=0, executable=True, measureable=True), right=Junction(id='junction_2'))
Segment(id='segment_6', left=Junction(id='junction_0'), right=Junction(id='junction_1'))
Segment(id='segment_7', left=Junction(id='junction_1'), right=Junction(id='junction_2'))
Finished creating the QCCD physical machine.
Position graph:  CouplingGraph({(24, 30), (26, 30), (7, 26), (26, 27), (12, 13), (21, 22), (22, 23), (8, 9), (23, 25), (17, 18), (13, 14), (27, 31), (19, 27), (18, 19), (4, 5), (15, 29), (5, 6), (29, 31), (14, 15), (0, 1), (9, 10), (3, 24), (1, 2), (10, 11), (27, 30), (28, 29), (11, 28), (6, 7), (24, 25), (25, 30), (26, 31), (20, 21), (2, 3), (28, 31), (30, 31), (16, 17)})
Initial ion assignment:  {0: 13, 1: 18, 2: 0, 3: 1, 4: 3, 5: 2, 6: 19, 7: 11, 8: 4, 9: 7, 10: 8, 11: 9, 12: 10, 13: 14, 14: 15, 15: 5}
Congestion rate:  1.0
Scheduling QCCD: 6760.000000000002 us, costing 241.50485830008984 s to compile
0.006760000000000001
241.50485830008984
{0: 12, 1: 17, 2: 10, 3: 8, 4: 1, 5: 7, 6: 5, 7: 16, 8: 4, 9: 13, 10: 0, 11: 6, 12: 14, 13: 15, 14: 27, 15: 9}
[0, 1, 2, 3, 4, 5, 6, 7, 8, 9, 10, 11, 12, 13, 14, 15]
