Executing gate at point (0, 0).
Best move: (5, 16)
Best move: (16, 17)
Best move: (0, 1)
Best move: (1, 12)
Best move: (12, 18)
Best move: (14, 18)
Try bruteforce due to multiple steps (6) to solve one gate
Trying to solve brute-force congestion at gate [7, 17] with {0: 8, 1: 7, 2: 10, 3: 14, 4: 0, 5: 17, 6: 2, 7: 9}
Trying to moving ion 7... to 6
Ion assignment after moving ion 7: {0: 8, 1: 6, 2: 10, 3: 14, 4: 0, 5: 17, 6: 2, 7: 9}
Gate position gate updated to [ 6 17]--------------c
Trying to moving ion 17... to 7
Ion assignment after moving ion 17: {0: 8, 1: 6, 2: 10, 3: 14, 4: 0, 5: 7, 6: 2, 7: 9}
Executing gate at point (0, 1).
Best move: (7, 17)
Best move: (17, 19)
Best move: (18, 19)
Best move: (13, 18)
Best move: (11, 13)
Executing gate at point (1, 2).
Best move: (9, 15)
Best move: (15, 19)
Best move: (17, 19)
Best move: (3, 14)
Executing gate at point (0, 3).
Best move: (2, 3)
Best move: (3, 14)
Best move: (14, 18)
Best move: (12, 18)
Best move: (1, 12)
Executing gate at point (1, 4).
Best move: (7, 17)
Executing gate at point (1, 1).
Best move: (7, 17)
Best move: (17, 19)
Best move: (14, 19)
Best move: (3, 14)
Executing gate at point (2, 3).
Best move: (3, 14)
Best move: (0, 1)
Best move: (1, 12)
Best move: (12, 18)
Best move: (18, 19)
Best move: (16, 19)
Try bruteforce due to multiple steps (6) to solve one gate
Trying to solve brute-force congestion at gate [16, 14] with {0: 8, 1: 6, 2: 10, 3: 2, 4: 16, 5: 11, 6: 0, 7: 14}
Trying to moving ion 16... to 4
Ion assignment after moving ion 16: {0: 8, 1: 6, 2: 10, 3: 2, 4: 4, 5: 11, 6: 0, 7: 14}
Gate position gate updated to [ 4 14]--------------c
Trying to moving ion 14... to 5
Ion assignment after moving ion 14: {0: 8, 1: 6, 2: 10, 3: 2, 4: 4, 5: 11, 6: 0, 7: 5}
Executing gate at point (3, 4).
Trying to solve brute-force congestion at gate [11, 5] with {0: 8, 1: 6, 2: 10, 3: 2, 4: 4, 5: 11, 6: 0, 7: 5}
Trying to moving ion 5... to 4
Ion assignment after moving ion 5: {0: 8, 1: 6, 2: 10, 3: 2, 4: 5, 5: 11, 6: 0, 7: 4}
Clearing endpoint 5.........
Gate position gate updated to [ 4 11]--------------c
Trying to moving ion 11... to 5
Ion assignment after moving ion 11: {0: 8, 1: 6, 2: 10, 3: 2, 4: 17, 5: 5, 6: 0, 7: 4}
Executing gate at point (4, 5).
Trying to solve brute-force congestion at gate [10, 18] with {0: 8, 1: 6, 2: 10, 3: 2, 4: 16, 5: 18, 6: 0, 7: 4}
Trying to moving ion 10... to 10
Ion assignment after moving ion 10: {0: 8, 1: 6, 2: 10, 3: 2, 4: 16, 5: 18, 6: 0, 7: 4}
Gate position gate updated to [10 18]--------------c
Trying to moving ion 18... to 11
Ion assignment after moving ion 18: {0: 8, 1: 6, 2: 10, 3: 2, 4: 16, 5: 11, 6: 0, 7: 4}
Trying to solve brute-force congestion at gate [16, 4] with {0: 8, 1: 6, 2: 10, 3: 2, 4: 16, 5: 11, 6: 0, 7: 4}
Trying to moving ion 4... to 4
Ion assignment after moving ion 4: {0: 8, 1: 6, 2: 10, 3: 2, 4: 16, 5: 11, 6: 0, 7: 4}
Gate position gate updated to [ 4 16]--------------c
Trying to moving ion 16... to 5
Ion assignment after moving ion 16: {0: 8, 1: 6, 2: 10, 3: 2, 4: 5, 5: 11, 6: 0, 7: 4}
Trying to solve brute-force congestion at gate [2, 4] with {0: 8, 1: 6, 2: 10, 3: 2, 4: 5, 5: 11, 6: 0, 7: 4}
Trying to moving ion 2... to 2
Ion assignment after moving ion 2: {0: 8, 1: 6, 2: 10, 3: 2, 4: 5, 5: 11, 6: 0, 7: 4}
Gate position gate updated to [2 4]--------------c
Trying to moving ion 4... to 3
Ion assignment after moving ion 4: {0: 8, 1: 6, 2: 10, 3: 2, 4: 4, 5: 11, 6: 0, 7: 3}
Trying to solve brute-force congestion at gate [6, 3] with {0: 8, 1: 6, 2: 10, 3: 2, 4: 4, 5: 11, 6: 0, 7: 3}
Trying to moving ion 6... to 6
Ion assignment after moving ion 6: {0: 8, 1: 6, 2: 10, 3: 2, 4: 4, 5: 11, 6: 0, 7: 3}
Gate position gate updated to [6 3]--------------c
Trying to moving ion 3... to 7
Ion assignment after moving ion 3: {0: 8, 1: 6, 2: 10, 3: 2, 4: 4, 5: 11, 6: 0, 7: 7}
Trying to solve brute-force congestion at gate [6, 11] with {0: 8, 1: 6, 2: 10, 3: 2, 4: 4, 5: 11, 6: 0, 7: 7}
Trying to moving ion 6... to 6
Ion assignment after moving ion 6: {0: 8, 1: 6, 2: 10, 3: 2, 4: 4, 5: 11, 6: 0, 7: 7}
Clearing endpoint 7.........
Gate position gate updated to [ 6 11]--------------c
Trying to moving ion 11... to 7
Ion assignment after moving ion 11: {0: 8, 1: 6, 2: 10, 3: 2, 4: 4, 5: 7, 6: 0, 7: 16}
Trying to solve brute-force congestion at gate [4, 0] with {0: 8, 1: 6, 2: 10, 3: 2, 4: 4, 5: 7, 6: 0, 7: 16}
Trying to moving ion 0... to 0
Ion assignment after moving ion 0: {0: 8, 1: 6, 2: 10, 3: 2, 4: 4, 5: 7, 6: 0, 7: 16}
Gate position gate updated to [0 4]--------------c
Trying to moving ion 4... to 1
Ion assignment after moving ion 4: {0: 8, 1: 6, 2: 10, 3: 2, 4: 1, 5: 7, 6: 0, 7: 14}
Trying to solve brute-force congestion at gate [2, 0] with {0: 8, 1: 6, 2: 10, 3: 2, 4: 1, 5: 7, 6: 0, 7: 14}
Trying to moving ion 2... to 2
Ion assignment after moving ion 2: {0: 8, 1: 6, 2: 10, 3: 2, 4: 1, 5: 7, 6: 0, 7: 14}
Gate position gate updated to [2 0]--------------c
Trying to moving ion 0... to 3
Ion assignment after moving ion 0: {0: 8, 1: 6, 2: 10, 3: 2, 4: 0, 5: 7, 6: 3, 7: 19}
Trying to solve brute-force congestion at gate [8, 19] with {0: 8, 1: 6, 2: 10, 3: 2, 4: 0, 5: 7, 6: 3, 7: 19}
Trying to moving ion 8... to 8
Ion assignment after moving ion 8: {0: 8, 1: 6, 2: 10, 3: 2, 4: 0, 5: 7, 6: 3, 7: 19}
Gate position gate updated to [ 8 19]--------------c
Trying to moving ion 19... to 9
Ion assignment after moving ion 19: {0: 8, 1: 6, 2: 10, 3: 2, 4: 0, 5: 7, 6: 3, 7: 9}
Executing gate at point (0, 1).
Executing gate at point (0, 3).
Executing gate at point (0, 0).
Best move: (7, 17)
Best move: (3, 14)
Best move: (9, 15)
Best move: (15, 19)
Best move: (14, 18)
Best move: (12, 18)
Try bruteforce due to multiple steps (6) to solve one gate
Trying to solve brute-force congestion at gate [10, 17] with {0: 8, 1: 6, 2: 10, 3: 2, 4: 0, 5: 17, 6: 12, 7: 19}
Trying to moving ion 10... to 10
Ion assignment after moving ion 10: {0: 8, 1: 6, 2: 10, 3: 2, 4: 0, 5: 17, 6: 12, 7: 19}
Gate position gate updated to [10 17]--------------c
Trying to moving ion 17... to 11
Ion assignment after moving ion 17: {0: 8, 1: 6, 2: 10, 3: 2, 4: 0, 5: 11, 6: 12, 7: 14}
Executing gate at point (1, 2).
Best move: (14, 19)
Best move: (17, 19)
Best move: (1, 12)
Executing gate at point (1, 4).
Best move: (7, 17)
Executing gate at point (1, 1).
Best move: (7, 17)
Best move: (17, 19)
Best move: (14, 19)
Best move: (3, 14)
Executing gate at point (2, 3).
Best move: (3, 14)
Best move: (0, 1)
Best move: (1, 12)
Best move: (12, 18)
Best move: (18, 19)
Best move: (16, 19)
Try bruteforce due to multiple steps (6) to solve one gate
Trying to solve brute-force congestion at gate [16, 14] with {0: 8, 1: 6, 2: 10, 3: 2, 4: 16, 5: 11, 6: 0, 7: 14}
Trying to moving ion 16... to 4
Ion assignment after moving ion 16: {0: 8, 1: 6, 2: 10, 3: 2, 4: 4, 5: 11, 6: 0, 7: 14}
Gate position gate updated to [ 4 14]--------------c
Trying to moving ion 14... to 5
Ion assignment after moving ion 14: {0: 8, 1: 6, 2: 10, 3: 2, 4: 4, 5: 11, 6: 0, 7: 5}
Executing gate at point (3, 4).
Trying to solve brute-force congestion at gate [11, 5] with {0: 8, 1: 6, 2: 10, 3: 2, 4: 4, 5: 11, 6: 0, 7: 5}
Trying to moving ion 5... to 4
Ion assignment after moving ion 5: {0: 8, 1: 6, 2: 10, 3: 2, 4: 5, 5: 11, 6: 0, 7: 4}
Clearing endpoint 5.........
Gate position gate updated to [ 4 11]--------------c
Trying to moving ion 11... to 5
Ion assignment after moving ion 11: {0: 8, 1: 6, 2: 10, 3: 2, 4: 17, 5: 5, 6: 0, 7: 4}
Executing gate at point (4, 5).
Trying to solve brute-force congestion at gate [10, 18] with {0: 8, 1: 6, 2: 10, 3: 2, 4: 16, 5: 18, 6: 0, 7: 4}
Trying to moving ion 10... to 10
Ion assignment after moving ion 10: {0: 8, 1: 6, 2: 10, 3: 2, 4: 16, 5: 18, 6: 0, 7: 4}
Gate position gate updated to [10 18]--------------c
Trying to moving ion 18... to 11
Ion assignment after moving ion 18: {0: 8, 1: 6, 2: 10, 3: 2, 4: 16, 5: 11, 6: 0, 7: 4}
Trying to solve brute-force congestion at gate [16, 4] with {0: 8, 1: 6, 2: 10, 3: 2, 4: 16, 5: 11, 6: 0, 7: 4}
Trying to moving ion 4... to 4Input filename:  QAOA_wsq_8_compiled
Algorithm:  SHAPER
Trap type:  G2x3
Trap capacity:  2
Num layout passes:  2
Gate type:  FM
Run index:  2
Creating a QCCD machine ...
QCCD physical machine:
### Traps ### 
Trap(id='trap_0', max_num_ions=2, initial_num_ions=0, executable=True, measureable=True)
Trap(id='trap_1', max_num_ions=2, initial_num_ions=0, executable=True, measureable=True)
Trap(id='trap_2', max_num_ions=2, initial_num_ions=0, executable=True, measureable=True)
Trap(id='trap_3', max_num_ions=2, initial_num_ions=0, executable=True, measureable=True)
Trap(id='trap_4', max_num_ions=2, initial_num_ions=0, executable=True, measureable=True)
Trap(id='trap_5', max_num_ions=2, initial_num_ions=0, executable=True, measureable=True)
### Junctions ### 
Junction(id='junction_0')
Junction(id='junction_1')
Junction(id='junction_2')
### Segments ### 
Segment(id='segment_0', left=Trap(id='trap_0', max_num_ions=2, initial_num_ions=0, executable=True, measureable=True), right=Junction(id='junction_0'))
Segment(id='segment_1', left=Trap(id='trap_5', max_num_ions=2, initial_num_ions=0, executable=True, measureable=True), right=Junction(id='junction_0'))
Segment(id='segment_2', left=Trap(id='trap_1', max_num_ions=2, initial_num_ions=0, executable=True, measureable=True), right=Junction(id='junction_1'))
Segment(id='segment_3', left=Trap(id='trap_4', max_num_ions=2, initial_num_ions=0, executable=True, measureable=True), right=Junction(id='junction_1'))
Segment(id='segment_4', left=Trap(id='trap_2', max_num_ions=2, initial_num_ions=0, executable=True, measureable=True), right=Junction(id='junction_2'))
Segment(id='segment_5', left=Trap(id='trap_3', max_num_ions=2, initial_num_ions=0, executable=True, measureable=True), right=Junction(id='junction_2'))
Segment(id='segment_6', left=Junction(id='junction_0'), right=Junction(id='junction_1'))
Segment(id='segment_7', left=Junction(id='junction_1'), right=Junction(id='junction_2'))
Finished creating the QCCD physical machine.
Position graph:  CouplingGraph({(7, 17), (12, 13), (14, 19), (8, 9), (5, 16), (1, 12), (16, 19), (18, 19), (4, 5), (14, 18), (12, 18), (14, 15), (0, 1), (10, 11), (11, 13), (6, 7), (15, 19), (3, 14), (17, 19), (9, 15), (2, 3), (13, 18), (15, 18), (16, 17)})
Initial ion assignment:  {0: 8, 1: 7, 2: 10, 3: 0, 4: 1, 5: 5, 6: 2, 7: 9}
Congestion rate:  1.0
Scheduling QCCD: 2560.0000000000005 us, costing 5.598155400017276 s to compile
0.00256
5.598155400017276
{0: 8, 1: 6, 2: 10, 3: 2, 4: 0, 5: 7, 6: 3, 7: 9}
[0, 1, 2, 3, 4, 5, 6, 7]
