Best move: (2, 18)
Best move: (18, 24)
Best move: (24, 25)
Best move: (22, 25)
Best move: (5, 20)
Best move: (20, 25)
Best move: (7, 8)
Best move: (4, 5)
Try bruteforce due to multiple steps (8) to solve one gate
Trying to solve brute-force congestion at gate [1, 5] with {0: 22, 1: 1, 2: 16, 3: 25, 4: 9, 5: 5, 6: 6, 7: 7}
Trying to moving ion 1... to 0
Ion assignment after moving ion 1: {0: 22, 1: 0, 2: 16, 3: 25, 4: 9, 5: 5, 6: 6, 7: 7}
Gate position gate updated to [0 5]--------------c
Trying to moving ion 5... to 1
Ion assignment after moving ion 5: {0: 22, 1: 0, 2: 16, 3: 25, 4: 9, 5: 1, 6: 6, 7: 7}
Executing gate at point (0, 1).
Executing gate at point (1, 1).
Best move: (16, 17)
Best move: (17, 19)
Best move: (18, 19)
Best move: (2, 18)
Executing gate at point (2, 2).
Executing gate at point (3, 2).
Best move: (6, 7)
Best move: (6, 7)
Best move: (6, 7)
Best move: (23, 25)
Best move: (23, 25)
Try bruteforce due to repeated pattern...
Trying to solve brute-force congestion at gate [25, 7] with {0: 22, 1: 0, 2: 2, 3: 25, 4: 9, 5: 1, 6: 7, 7: 6}
Trying to moving ion 7... to 6
Ion assignment after moving ion 7: {0: 22, 1: 0, 2: 2, 3: 25, 4: 9, 5: 1, 6: 6, 7: 7}
Gate position gate updated to [ 6 25]--------------c
Trying to moving ion 25... to 7
Ion assignment after moving ion 25: {0: 23, 1: 0, 2: 2, 3: 7, 4: 9, 5: 1, 6: 6, 7: 8}
Executing gate at point (0, 3).
Executing gate at point (1, 3).
Best move: (8, 22)
Best move: (22, 25)
Best move: (11, 23)
Best move: (23, 25)
Best move: (10, 11)
Best move: (11, 23)
Executing gate at point (0, 0).
Executing gate at point (1, 0).
Best move: (9, 10)
Best move: (0, 1)
Best move: (1, 2)
Best move: (2, 18)
Best move: (18, 24)
Best move: (11, 23)
Best move: (23, 25)
Best move: (10, 11)
Try bruteforce due to multiple steps (8) to solve one gate
Trying to solve brute-force congestion at gate [11, 6] with {0: 9, 1: 24, 2: 1, 3: 7, 4: 11, 5: 0, 6: 6, 7: 25}
Trying to moving ion 6... to 6
Ion assignment after moving ion 6: {0: 9, 1: 24, 2: 1, 3: 7, 4: 11, 5: 0, 6: 6, 7: 25}
Gate position gate updated to [ 6 11]--------------c
Trying to moving ion 11... to 7
Ion assignment after moving ion 11: {0: 9, 1: 24, 2: 1, 3: 8, 4: 7, 5: 0, 6: 6, 7: 25}
Executing gate at point (2, 4).
Executing gate at point (3, 4).
Best move: (20, 24)
Best move: (5, 20)
Best move: (20, 25)
Best move: (4, 5)
Best move: (5, 20)
Executing gate at point (2, 1).
Executing gate at point (3, 1).
Best move: (8, 22)
Best move: (22, 25)
Best move: (20, 25)
Best move: (4, 5)
Best move: (4, 5)
Best move: (4, 5)
Try bruteforce due to repeated pattern...
Trying to solve brute-force congestion at gate [20, 4] with {0: 9, 1: 5, 2: 1, 3: 20, 4: 7, 5: 0, 6: 6, 7: 4}
Trying to moving ion 4... to 3
Ion assignment after moving ion 4: {0: 9, 1: 5, 2: 1, 3: 20, 4: 7, 5: 0, 6: 6, 7: 3}
Clearing endpoint 5.........
Gate position gate updated to [ 3 20]--------------c
Trying to moving ion 20... to 4
Ion assignment after moving ion 20: {0: 9, 1: 5, 2: 1, 3: 4, 4: 7, 5: 0, 6: 6, 7: 3}
Executing gate at point (4, 3).
Executing gate at point (5, 3).
Best move: (3, 4)
Best move: (4, 5)
Best move: (5, 20)
Best move: (20, 25)
Best move: (22, 25)
Best move: (8, 22)
Executing gate at point (6, 4).
Executing gate at point (7, 4).
Best move: (8, 22)
Best move: (22, 25)
Best move: (24, 25)
Best move: (18, 24)
Best move: (2, 18)
Executing gate at point (8, 5).
Executing gate at point (9, 5).
Trying to solve brute-force congestion at gate [3, 20] with {0: 9, 1: 4, 2: 1, 3: 3, 4: 7, 5: 0, 6: 6, 7: 20}
Trying to moving ion 3... to 3
Ion assignment after moving ion 3: {0: 9, 1: 4, 2: 1, 3: 3, 4: 7, 5: 0, 6: 6, 7: 20}
Gate position gate updated to [ 3 20]--------------c
Trying to moving ion 20... to 4
Ion assignment after moving ion 20: {0: 9, 1: 5, 2: 1, 3: 3, 4: 7, 5: 0, 6: 6, 7: 4}
Trying to solve brute-force congestion at gate [3, 4] with {0: 9, 1: 5, 2: 1, 3: 3, 4: 7, 5: 0, 6: 6, 7: 4}
Trying to moving ion 3... to 3
Ion assignment after moving ion 3: {0: 9, 1: 5, 2: 1, 3: 3, 4: 7, 5: 0, 6: 6, 7: 4}
Clearing endpoint 5.........
Gate position gate updated to [3 4]--------------c
Trying to moving ion 4... to 4
Ion assignment after moving ion 4: {0: 9, 1: 20, 2: 1, 3: 3, 4: 7, 5: 0, 6: 6, 7: 4}
Trying to solve brute-force congestion at gate [20, 4] with {0: 9, 1: 20, 2: 1, 3: 3, 4: 7, 5: 0, 6: 6, 7: 4}
Trying to moving ion 4... to 3
Ion assignment after moving ion 4: {0: 9, 1: 20, 2: 1, 3: 4, 4: 7, 5: 0, 6: 6, 7: 3}
Gate position gate updated to [ 3 20]--------------c
Trying to moving ion 20... to 4
Ion assignment after moving ion 20: {0: 9, 1: 4, 2: 1, 3: 5, 4: 7, 5: 0, 6: 6, 7: 3}
Trying to solve brute-force congestion at gate [5, 6] with {0: 9, 1: 4, 2: 1, 3: 5, 4: 7, 5: 0, 6: 6, 7: 3}
Trying to moving ion 6... to 6
Ion assignment after moving ion 6: {0: 9, 1: 4, 2: 1, 3: 5, 4: 7, 5: 0, 6: 6, 7: 3}
Gate position gate updated to [6 5]--------------c
Trying to moving ion 5... to 7
Ion assignment after moving ion 5: {0: 9, 1: 4, 2: 1, 3: 7, 4: 8, 5: 0, 6: 6, 7: 3}
Trying to solve brute-force congestion at gate [9, 3] with {0: 9, 1: 4, 2: 1, 3: 7, 4: 8, 5: 0, 6: 6, 7: 3}
Trying to moving ion 3... to 3
Ion assignment after moving ion 3: {0: 9, 1: 4, 2: 1, 3: 7, 4: 8, 5: 0, 6: 6, 7: 3}
Gate position gate updated to [3 9]--------------c
Trying to moving ion 9... to 4
Ion assignment after moving ion 9: {0: 4, 1: 5, 2: 1, 3: 7, 4: 8, 5: 0, 6: 6, 7: 3}
Trying to solve brute-force congestion at gate [5, 0] with {0: 4, 1: 5, 2: 1, 3: 7, 4: 8, 5: 0, 6: 6, 7: 3}
Trying to moving ion 0... to 0
Ion assignment after moving ion 0: {0: 4, 1: 5, 2: 1, 3: 7, 4: 8, 5: 0, 6: 6, 7: 3}
Gate position gate updated to [0 5]--------------c
Trying to moving ion 5... to 1
Ion assignment after moving ion 5: {0: 4, 1: 1, 2: 2, 3: 7, 4: 8, 5: 0, 6: 6, 7: 3}
Trying to solve brute-force congestion at gate [1, 0] with {0: 4, 1: 1, 2: 2, 3: 7, 4: 8, 5: 0, 6: 6, 7: 3}
Trying to moving ion 1... to 0
Ion assignment after moving ion 1: {0: 4, 1: 0, 2: 2, 3: 7, 4: 8, 5: 1, 6: 6, 7: 3}
Clearing endpoint 2.........
Gate position gate updated to [0 1]--------------c
Trying to moving ion 1... to 1
Ion assignment after moving ion 1: {0: 4, 1: 0, 2: 18, 3: 7, 4: 8, 5: 1, 6: 6, 7: 3}
Executing gate at point (0, 1).
Executing gate at point (0, 3).
Executing gate at point (0, 0).
Executing gate at point (1, 0).
Executing gate at point (1, 1).
Executing gate at point (1, 3).
Executing gate at point (2, 4).
Executing gate at point (3, 4).
Best move: (2, 18)
Executing gate at point (2, 2).
Executing gate at point (3, 2).
Best move: (0, 1)
Best move: (1, 2)
Best move: (2, 18)
Best move: (18, 24)
Best move: (20, 24)
Best move: (3, 4)
Best move: (5, 20)
Executing gate at point (2, 1).
Executing gate at point (3, 1).
Best move: (4, 5)
Best move: (5, 20)
Best move: (20, 25)
Best move: (7, 8)
Best move: (8, 22)
Best move: (22, 23)
Best move: (11, 23)
Best move: (23, 25)
Try bruteforce due to multiple steps (8) to solve one gate
Trying to solve brute-force congestion at gate [11, 23] with {0: 3, 1: 4, 2: 1, 3: 11, 4: 7, 5: 0, 6: 6, 7: 23}
Trying to moving ion 11... to 9
Ion assignment after moving ion 11: {0: 3, 1: 4, 2: 1, 3: 9, 4: 7, 5: 0, 6: 6, 7: 23}
Gate position gate updated to [ 9 23]--------------c
Trying to moving ion 23... to 10
Ion assignment after moving ion 23: {0: 3, 1: 4, 2: 1, 3: 9, 4: 7, 5: 0, 6: 6, 7: 10}
Executing gate at point (4, 3).
Executing gate at point (5, 3).
Best move: (10, 11)
Best move: (11, 23)
Best move: (22, 23)
Best move: (8, 22)
Executing gate at point (6, 4).
Executing gate at point (7, 4).
Best move: (8, 22)
Best move: (22, 25)
Best move: (24, 25)
Best move: (18, 24)
Best move: (2, 18)
Executing gate at point (8, 5).
Executing gate at point (9, 5).
Trying to solve brute-force congestion at gate [9, 11] with {0: 3, 1: 4, 2: 1, 3: 9, 4: 7, 5: 0, 6: 6, 7: 11}
Trying to moving ion 9... to 9
Ion assignment after moving ion 9: {0: 3, 1: 4, 2: 1, 3: 9, 4: 7, 5: 0, 6: 6, 7: 11}
Gate position gate updated to [ 9 11]--------------cInput filename:  QAOA_wsq_8_compiled
Algorithm:  SHAW
Trap type:  G2x3
Trap capacity:  3
Num layout passes:  2
Gate type:  FM
Run index:  9
Creating a QCCD machine ...
QCCD physical machine:
### Traps ### 
Trap(id='trap_0', max_num_ions=3, initial_num_ions=0, executable=True, measureable=True)
Trap(id='trap_1', max_num_ions=3, initial_num_ions=0, executable=True, measureable=True)
Trap(id='trap_2', max_num_ions=3, initial_num_ions=0, executable=True, measureable=True)
Trap(id='trap_3', max_num_ions=3, initial_num_ions=0, executable=True, measureable=True)
Trap(id='trap_4', max_num_ions=3, initial_num_ions=0, executable=True, measureable=True)
Trap(id='trap_5', max_num_ions=3, initial_num_ions=0, executable=True, measureable=True)
### Junctions ### 
Junction(id='junction_0')
Junction(id='junction_1')
Junction(id='junction_2')
### Segments ### 
Segment(id='segment_0', left=Trap(id='trap_0', max_num_ions=3, initial_num_ions=0, executable=True, measureable=True), right=Junction(id='junction_0'))
Segment(id='segment_1', left=Trap(id='trap_5', max_num_ions=3, initial_num_ions=0, executable=True, measureable=True), right=Junction(id='junction_0'))
Segment(id='segment_2', left=Trap(id='trap_1', max_num_ions=3, initial_num_ions=0, executable=True, measureable=True), right=Junction(id='junction_1'))
Segment(id='segment_3', left=Trap(id='trap_4', max_num_ions=3, initial_num_ions=0, executable=True, measureable=True), right=Junction(id='junction_1'))
Segment(id='segment_4', left=Trap(id='trap_2', max_num_ions=3, initial_num_ions=0, executable=True, measureable=True), right=Junction(id='junction_2'))
Segment(id='segment_5', left=Trap(id='trap_3', max_num_ions=3, initial_num_ions=0, executable=True, measureable=True), right=Junction(id='junction_2'))
Segment(id='segment_6', left=Junction(id='junction_0'), right=Junction(id='junction_1'))
Segment(id='segment_7', left=Junction(id='junction_1'), right=Junction(id='junction_2'))
Finished creating the QCCD physical machine.
Position graph:  CouplingGraph({(3, 4), (12, 13), (22, 23), (21, 25), (23, 25), (11, 23), (13, 14), (19, 24), (18, 19), (4, 5), (20, 25), (21, 24), (22, 25), (14, 21), (0, 1), (9, 10), (1, 2), (10, 11), (6, 7), (15, 16), (24, 25), (18, 24), (20, 21), (20, 24), (17, 19), (5, 20), (8, 22), (2, 18), (7, 8), (16, 17)})
Initial ion assignment:  {0: 2, 1: 1, 2: 16, 3: 5, 4: 9, 5: 4, 6: 6, 7: 8}
Congestion rate:  1.0
Scheduling QCCD: 2680.0 us, costing 19.793245100066997 s to compile
0.00268
19.793245100066997
{0: 3, 1: 0, 2: 18, 3: 7, 4: 8, 5: 1, 6: 6, 7: 4}
[0, 1, 2, 3, 4, 5, 6, 7]
