Best move: (10, 11)
Best move: (11, 23)
Best move: (22, 23)
Best move: (8, 22)
Executing gate at point (0, 6).
Best move: (7, 8)
Best move: (8, 22)
Best move: (22, 23)
Best move: (11, 23)
Executing gate at point (1, 5).
Executing gate at point (2, 4).
Best move: (11, 23)
Best move: (7, 8)
Best move: (8, 22)
Best move: (22, 25)
Best move: (22, 25)
Best move: (22, 25)
Try bruteforce due to repeated pattern...
Trying to solve brute-force congestion at gate [10, 25] with {0: 6, 1: 3, 2: 17, 3: 5, 4: 9, 5: 10, 6: 25, 7: 23}
Trying to moving ion 10... to 9
Ion assignment after moving ion 10: {0: 6, 1: 3, 2: 17, 3: 5, 4: 10, 5: 9, 6: 25, 7: 23}
Gate position gate updated to [ 9 25]--------------c
Trying to moving ion 25... to 10
Ion assignment after moving ion 25: {0: 6, 1: 3, 2: 17, 3: 5, 4: 11, 5: 9, 6: 10, 7: 22}
Executing gate at point (2, 5).
Executing gate at point (3, 4).
Executing gate at point (4, 4).
Best move: (22, 25)
Best move: (20, 25)
Best move: (4, 5)
Best move: (5, 20)
Executing gate at point (3, 3).
Best move: (5, 20)
Best move: (20, 24)
Best move: (19, 24)
Best move: (16, 17)
Best move: (17, 19)
Executing gate at point (4, 2).
Best move: (17, 19)
Best move: (19, 24)
Best move: (20, 24)
Best move: (5, 20)
Executing gate at point (5, 1).
Best move: (5, 20)
Best move: (20, 25)
Best move: (22, 25)
Best move: (8, 22)
Executing gate at point (6, 0).
Best move: (10, 11)
Best move: (11, 23)
Best move: (23, 25)
Best move: (20, 25)
Best move: (5, 20)
Executing gate at point (4, 3).
Best move: (5, 20)
Best move: (4, 5)
Best move: (9, 10)
Best move: (9, 10)
Best move: (9, 10)
Try bruteforce due to repeated pattern...
Trying to solve brute-force congestion at gate [5, 10] with {0: 6, 1: 3, 2: 16, 3: 5, 4: 9, 5: 10, 6: 20, 7: 8}
Trying to moving ion 10... to 9
Ion assignment after moving ion 10: {0: 6, 1: 3, 2: 16, 3: 5, 4: 10, 5: 9, 6: 20, 7: 8}
Gate position gate updated to [9 5]--------------c
Trying to moving ion 5... to 10
Ion assignment after moving ion 5: {0: 6, 1: 3, 2: 16, 3: 10, 4: 11, 5: 9, 6: 24, 7: 8}
Executing gate at point (5, 3).
Executing gate at point (6, 3).
Best move: (19, 24)
Best move: (17, 19)
Executing gate at point (5, 2).
Best move: (17, 19)
Best move: (19, 24)
Best move: (20, 24)
Best move: (5, 20)
Executing gate at point (6, 1).
Best move: (9, 10)
Best move: (5, 20)
Best move: (10, 11)
Best move: (11, 23)
Best move: (23, 25)
Best move: (24, 25)
Best move: (20, 25)
Best move: (22, 25)
Try bruteforce due to multiple steps (8) to solve one gate
Trying to solve brute-force congestion at gate [16, 24] with {0: 6, 1: 3, 2: 16, 3: 9, 4: 10, 5: 24, 6: 22, 7: 8}
Trying to moving ion 16... to 15
Ion assignment after moving ion 16: {0: 6, 1: 3, 2: 15, 3: 9, 4: 10, 5: 24, 6: 22, 7: 8}
Gate position gate updated to [15 24]--------------c
Trying to moving ion 24... to 16
Ion assignment after moving ion 24: {0: 6, 1: 3, 2: 15, 3: 9, 4: 10, 5: 16, 6: 22, 7: 8}
Executing gate at point (6, 2).
Best move: (10, 11)
Best move: (11, 23)
Best move: (23, 25)
Best move: (24, 25)
Best move: (19, 24)
Best move: (17, 19)
Executing gate at point (7, 2).
Best move: (16, 17)
Best move: (17, 19)
Best move: (19, 24)
Best move: (20, 24)
Best move: (5, 20)
Executing gate at point (7, 1).
Best move: (3, 4)
Best move: (4, 5)
Best move: (5, 20)
Best move: (20, 24)
Best move: (19, 24)
Best move: (17, 19)
Executing gate at point (8, 1).
Best move: (15, 16)
Best move: (16, 17)
Best move: (17, 19)
Best move: (19, 24)
Best move: (24, 25)
Best move: (23, 25)
Best move: (11, 23)
Executing gate at point (8, 2).
Best move: (9, 10)
Best move: (10, 11)
Best move: (11, 23)
Best move: (23, 25)
Best move: (24, 25)
Best move: (19, 24)
Best move: (17, 19)
Executing gate at point (9, 1).
Best move: (16, 17)
Best move: (17, 19)
Best move: (19, 24)
Best move: (24, 25)
Best move: (23, 25)
Best move: (11, 23)
Executing gate at point (10, 1).
Best move: (6, 7)
Best move: (6, 7)
Best move: (6, 7)
Try bruteforce due to repeated pattern...
Trying to solve brute-force congestion at gate [7, 22] with {0: 7, 1: 11, 2: 10, 3: 16, 4: 15, 5: 4, 6: 22, 7: 8}
Trying to moving ion 7... to 6
Ion assignment after moving ion 7: {0: 6, 1: 11, 2: 10, 3: 16, 4: 15, 5: 4, 6: 22, 7: 8}
Clearing endpoint 8.........
Gate position gate updated to [ 6 22]--------------c
Trying to moving ion 22... to 7
Ion assignment after moving ion 22: {0: 6, 1: 11, 2: 10, 3: 16, 4: 15, 5: 4, 6: 7, 7: 8}
Executing gate at point (7, 0).
Best move: (6, 7)
Best move: (7, 8)
Best move: (8, 22)
Best move: (22, 25)
Best move: (20, 25)
Best move: (5, 20)
Executing gate at point (8, 0).
Best move: (5, 20)
Best move: (20, 24)
Best move: (19, 24)
Best move: (17, 19)
Executing gate at point (9, 0).
Executing gate at point (10, 0).
Executing gate at point (11, 3).
Best move: (17, 19)
Best move: (19, 24)
Best move: (24, 25)
Best move: (23, 25)
Best move: (9, 10)
Best move: (9, 10)
Try bruteforce due to repeated pattern...
Trying to solve brute-force congestion at gate [23, 10] with {0: 23, 1: 11, 2: 10, 3: 16, 4: 15, 5: 4, 6: 6, 7: 7}
Trying to moving ion 10... to 9
Ion assignment after moving ion 10: {0: 23, 1: 11, 2: 9, 3: 16, 4: 15, 5: 4, 6: 6, 7: 7}
Clearing endpoint 11.........
Gate position gate updated to [ 9 23]--------------c
Trying to moving ion 23... to 10
Ion assignment after moving ion 23: {0: 10, 1: 11, 2: 9, 3: 16, 4: 15, 5: 4, 6: 6, 7: 7}
Executing gate at point (11, 0).
Executing gate at point (12, 0).
Best move: (11, 23)
Best move: (22, 23)
Best move: (8, 22)
Executing gate at point (13, 1).
Best move: (7, 8)
Best move: (8, 22)
Best move: (22, 23)
Best move: (11, 23)
Executing gate at point (13, 0).
Best move: (9, 10)
Best move: (10, 11)
Best move: (11, 23)
Best move: (23, 25)
Best move: (20, 25)
Best move: (5, 20)
Executing gate at point (12, 2).
Trying to solve brute-force congestion at gate [25, 5] with {0: 25, 1: 10, 2: 5, 3: 16, 4: 15, 5: 4, 6: 6, 7: 9}
Trying to moving ion 5... to 3
Ion assignment after moving ion 5: {0: 25, 1: 10, 2: 3, 3: 16, 4: 15, 5: 5, 6: 6, 7: 9}
Clearing endpoint 5.........
Gate position gate updated to [ 3 25]--------------c
Trying to moving ion 25... to 4
Ion assignment after moving ion 25: {0: 4, 1: 10, 2: 3, 3: 16, 4: 15, 5: 5, 6: 6, 7: 9}
Trying to solve brute-force congestion at gate [4, 16] with {0: 4, 1: 10, 2: 3, 3: 16, 4: 15, 5: 5, 6: 6, 7: 9}
Trying to moving ion 16... to 15
Ion assignment after moving ion 16: {0: 4, 1: 10, 2: 3, 3: 15, 4: 16, 5: 5, 6: 6, 7: 9}
Gate position gate updated to [15  4]--------------c
Trying to moving ion 4... to 16
Ion assignment after moving ion 4: {0: 16, 1: 10, 2: 3, 3: 15, 4: 17, 5: 4, 6: 6, 7: 9}
Trying to solve brute-force congestion at gate [16, 17] with {0: 16, 1: 10, 2: 3, 3: 15, 4: 17, 5: 4, 6: 6, 7: 9}
Trying to moving ion 16... to 15
Ion assignment after moving ion 16: {0: 15, 1: 10, 2: 3, 3: 16, 4: 17, 5: 4, 6: 6, 7: 9}
Gate position gate updated to [15 17]--------------c
Trying to moving ion 17... to 16
Ion assignment after moving ion 17: {0: 15, 1: 10, 2: 3, 3: 17, 4: 16, 5: 4, 6: 6, 7: 9}
Trying to solve brute-force congestion at gate [10, 3] with {0: 15, 1: 10, 2: 3, 3: 17, 4: 16, 5: 4, 6: 6, 7: 9}
Trying to moving ion 3... to 3
Ion assignment after moving ion 3: {0: 15, 1: 10, 2: 3, 3: 17, 4: 16, 5: 4, 6: 6, 7: 9}
Gate position gate updated to [ 3 10]--------------c
Trying to moving ion 10... to 4
Ion assignment after moving ion 10: {0: 15, 1: 4, 2: 3, 3: 17, 4: 16, 5: 5, 6: 6, 7: 9}
Trying to solve brute-force congestion at gate [4, 17] with {0: 15, 1: 4, 2: 3, 3: 17, 4: 16, 5: 5, 6: 6, 7: 9}
Trying to moving ion 4... to 3
Ion assignment after moving ion 4: {0: 15, 1: 3, 2: 4, 3: 17, 4: 16, 5: 5, 6: 6, 7: 9}
Clearing endpoint 5.........
Gate position gate updated to [ 3 17]--------------c
Trying to moving ion 17... to 4
Ion assignment after moving ion 17: {0: 15, 1: 3, 2: 5, 3: 4, 4: 16, 5: 25, 6: 6, 7: 9}
Trying to solve brute-force congestion at gate [5, 4] with {0: 15, 1: 3, 2: 5, 3: 4, 4: 16, 5: 25, 6: 6, 7: 9}
Trying to moving ion 5... to 3
Ion assignment after moving ion 5: {0: 15, 1: 4, 2: 3, 3: 5, 4: 16, 5: 25, 6: 6, 7: 9}
Gate position gate updated to [3 5]--------------c
Trying to moving ion 5... to 4
Ion assignment after moving ion 5: {0: 15, 1: 5, 2: 3, 3: 4, 4: 16, 5: 25, 6: 6, 7: 9}
Trying to solve brute-force congestion at gate [15, 25] with {0: 15, 1: 5, 2: 3, 3: 4, 4: 16, 5: 25, 6: 6, 7: 9}
Trying to moving ion 15... to 15
Ion assignment after moving ion 15: {0: 15, 1: 5, 2: 3, 3: 4, 4: 16, 5: 25, 6: 6, 7: 9}
Gate position gate updated to [15 25]--------------c
Trying to moving ion 25... to 16
Ion assignment after moving ion 25: {0: 15, 1: 5, 2: 3, 3: 4, 4: 17, 5: 16, 6: 6, 7: 9}
Trying to solve brute-force congestion at gate [15, 6] with {0: 15, 1: 5, 2: 3, 3: 4, 4: 17, 5: 16, 6: 6, 7: 9}
Trying to moving ion 15... to 15
Ion assignment after moving ion 15: {0: 15, 1: 5, 2: 3, 3: 4, 4: 17, 5: 16, 6: 6, 7: 9}
Clearing endpoint 17.........
Gate position gate updated to [15  6]--------------c
Trying to moving ion 6... to 16
Ion assignment after moving ion 6: {0: 15, 1: 5, 2: 3, 3: 4, 4: 18, 5: 17, 6: 16, 7: 9}
Trying to solve brute-force congestion at gate [15, 9] with {0: 15, 1: 5, 2: 3, 3: 4, 4: 18, 5: 17, 6: 16, 7: 9}
Trying to moving ion 15... to 15
Ion assignment after moving ion 15: {0: 15, 1: 5, 2: 3, 3: 4, 4: 18, 5: 17, 6: 16, 7: 9}
Clearing endpoint 17.........
Gate position gate updated to [15  9]--------------c
Trying to moving ion 9... to 16
Ion assignment after moving ion 9: {0: 15, 1: 5, 2: 3, 3: 4, 4: 2, 5: 18, 6: 17, 7: 16}
Trying to solve brute-force congestion at gate [5, 2] with {0: 15, 1: 5, 2: 3, 3: 4, 4: 2, 5: 18, 6: 17, 7: 16}
Trying to moving ion 2... to 0
Ion assignment after moving ion 2: {0: 15, 1: 5, 2: 3, 3: 4, 4: 0, 5: 18, 6: 17, 7: 16}
Gate position gate updated to [0 5]--------------c
Trying to moving ion 5... to 1
Ion assignment after moving ion 5: {0: 15, 1: 1, 2: 3, 3: 4, 4: 0, 5: 19, 6: 17, 7: 16}
Trying to solve brute-force congestion at gate [1, 19] with {0: 15, 1: 1, 2: 3, 3: 4, 4: 0, 5: 19, 6: 17, 7: 16}
Trying to moving ion 1... to 0
Ion assignment after moving ion 1: {0: 15, 1: 0, 2: 3, 3: 4, 4: 1, 5: 19, 6: 17, 7: 16}
Gate position gate updated to [ 0 19]--------------c
Trying to moving ion 19... to 1
Ion assignment after moving ion 19: {0: 15, 1: 0, 2: 3, 3: 4, 4: 2, 5: 1, 6: 17, 7: 16}
Trying to solve brute-force congestion at gate [0, 17] with {0: 15, 1: 0, 2: 3, 3: 4, 4: 2, 5: 1, 6: 17, 7: 16}
Trying to moving ion 0... to 0
Ion assignment after moving ion 0: {0: 15, 1: 0, 2: 3, 3: 4, 4: 2, 5: 1, 6: 17, 7: 16}
Clearing endpoint 2.........
Gate position gate updated to [ 0 17]--------------c
Trying to moving ion 17... to 1
Ion assignment after moving ion 17: {0: 15, 1: 0, 2: 3, 3: 4, 4: 24, 5: 2, 6: 1, 7: 16}
Trying to solve brute-force congestion at gate [0, 16] with {0: 15, 1: 0, 2: 3, 3: 4, 4: 24, 5: 2, 6: 1, 7: 16}
Trying to moving ion 0... to 0
Ion assignment after moving ion 0: {0: 15, 1: 0, 2: 3, 3: 4, 4: 24, 5: 2, 6: 1, 7: 16}
Clearing endpoint 2.........
Gate position gate updated to [ 0 16]--------------c
Trying to moving ion 16... to 1
Ion assignment after moving ion 16: {0: 15, 1: 0, 2: 3, 3: 4, 4: 25, 5: 24, 6: 2, 7: 1}
Trying to solve brute-force congestion at gate [3, 25] with {0: 15, 1: 0, 2: 3, 3: 4, 4: 25, 5: 24, 6: 2, 7: 1}
Trying to moving ion 3... to 3
Ion assignment after moving ion 3: {0: 15, 1: 0, 2: 3, 3: 4, 4: 25, 5: 24, 6: 2, 7: 1}
Gate position gate updated to [ 3 25]--------------c
Trying to moving ion 25... to 4
Ion assignment after moving ion 25: {0: 15, 1: 0, 2: 3, 3: 5, 4: 4, 5: 24, 6: 2, 7: 1}
Trying to solve brute-force congestion at gate [3, 24] with {0: 15, 1: 0, 2: 3, 3: 5, 4: 4, 5: 24, 6: 2, 7: 1}
Trying to moving ion 3... to 3
Ion assignment after moving ion 3: {0: 15, 1: 0, 2: 3, 3: 5, 4: 4, 5: 24, 6: 2, 7: 1}
Clearing endpoint 5.........
Gate position gate updated to [ 3 24]--------------c
Trying to moving ion 24... to 4
Ion assignment after moving ion 24: {0: 15, 1: 0, 2: 3, 3: 25, 4: 5, 5: 4, 6: 2, 7: 1}
Trying to solve brute-force congestion at gate [25, 5] with {0: 15, 1: 0, 2: 3, 3: 25, 4: 5, 5: 4, 6: 2, 7: 1}
Trying to moving ion 5... to 3
Ion assignment after moving ion 5: {0: 15, 1: 0, 2: 4, 3: 25, 4: 3, 5: 5, 6: 2, 7: 1}
Clearing endpoint 5.........
Gate position gate updated to [ 3 25]--------------c
Trying to moving ion 25... to 4
Ion assignment after moving ion 25: {0: 15, 1: 0, 2: 5, 3: 4, 4: 3, 5: 21, 6: 2, 7: 1}
Trying to solve brute-force congestion at gate [4, 21] with {0: 15, 1: 0, 2: 5, 3: 4, 4: 3, 5: 21, 6: 2, 7: 1}
Trying to moving ion 4... to 3
Ion assignment after moving ion 4: {0: 15, 1: 0, 2: 5, 3: 3, 4: 4, 5: 21, 6: 2, 7: 1}
Clearing endpoint 5.........
Gate position gate updated to [ 3 21]--------------c
Trying to moving ion 21... to 4
Ion assignment after moving ion 21: {0: 15, 1: 0, 2: 25, 3: 3, 4: 5, 5: 4, 6: 2, 7: 1}
Trying to solve brute-force congestion at gate [5, 4] with {0: 15, 1: 0, 2: 25, 3: 3, 4: 5, 5: 4, 6: 2, 7: 1}
Trying to moving ion 5... to 3
Ion assignment after moving ion 5: {0: 15, 1: 0, 2: 25, 3: 4, 4: 3, 5: 5, 6: 2, 7: 1}
Gate position gate updated to [3 5]--------------c
Trying to moving ion 5... to 4
Ion assignment after moving ion 5: {0: 15, 1: 0, 2: 25, 3: 5, 4: 3, 5: 4, 6: 2, 7: 1}
Trying to solve brute-force congestion at gate [25, 2] with {0: 15, 1: 0, 2: 25, 3: 5, 4: 3, 5: 4, 6: 2, 7: 1}
Trying to moving ion 2... to 0
Ion assignment after moving ion 2: {0: 15, 1: 1, 2: 25, 3: 5, 4: 3, 5: 4, 6: 0, 7: 2}
Clearing endpoint 2.........
Gate position gate updated to [ 0 25]--------------c
Trying to moving ion 25... to 1
Ion assignment after moving ion 25: {0: 15, 1: 2, 2: 1, 3: 5, 4: 3, 5: 4, 6: 0, 7: 19}
Trying to solve brute-force congestion at gate [1, 19] with {0: 15, 1: 2, 2: 1, 3: 5, 4: 3, 5: 4, 6: 0, 7: 19}
Trying to moving ion 1... to 0
Ion assignment after moving ion 1: {0: 15, 1: 2, 2: 0, 3: 5, 4: 3, 5: 4, 6: 1, 7: 19}
Clearing endpoint 2.........
Gate position gate updated to [ 0 19]--------------c
Trying to moving ion 19... to 1
Ion assignment after moving ion 19: {0: 15, 1: 24, 2: 0, 3: 5, 4: 3, 5: 4, 6: 2, 7: 1}
Trying to solve brute-force congestion at gate [5, 2] with {0: 15, 1: 24, 2: 0, 3: 5, 4: 3, 5: 4, 6: 2, 7: 1}
Trying to moving ion 2... to 0
Ion assignment after moving ion 2: {0: 15, 1: 24, 2: 1, 3: 5, 4: 3, 5: 4, 6: 0, 7: 2}
Clearing endpoint 2.........
Gate position gate updated to [0 5]--------------c
Trying to moving ion 5... to 1
Ion assignment after moving ion 5: {0: 15, 1: 25, 2: 2, 3: 1, 4: 3, 5: 4, 6: 0, 7: 19}
Trying to solve brute-force congestion at gate [1, 19] with {0: 15, 1: 25, 2: 2, 3: 1, 4: 3, 5: 4, 6: 0, 7: 19}
Trying to moving ion 1... to 0
Ion assignment after moving ion 1: {0: 15, 1: 25, 2: 2, 3: 0, 4: 3, 5: 4, 6: 1, 7: 19}
Clearing endpoint 2.........
Gate position gate updated to [ 0 19]--------------c
Trying to moving ion 19... to 1
Ion assignment after moving ion 19: {0: 15, 1: 25, 2: 24, 3: 0, 4: 3, 5: 4, 6: 2, 7: 1}
Trying to solve brute-force congestion at gate [3, 2] with {0: 15, 1: 25, 2: 24, 3: 0, 4: 3, 5: 4, 6: 2, 7: 1}
Trying to moving ion 3... to 3
Ion assignment after moving ion 3: {0: 15, 1: 25, 2: 24, 3: 0, 4: 3, 5: 4, 6: 2, 7: 1}
Gate position gate updated to [3 2]--------------c
Trying to moving ion 2... to 4
Ion assignment after moving ion 2: {0: 15, 1: 25, 2: 21, 3: 0, 4: 3, 5: 5, 6: 4, 7: 1}
Trying to solve brute-force congestion at gate [3, 1] with {0: 15, 1: 25, 2: 21, 3: 0, 4: 3, 5: 5, 6: 4, 7: 1}
Trying to moving ion 3... to 3
Ion assignment after moving ion 3: {0: 15, 1: 25, 2: 21, 3: 0, 4: 3, 5: 5, 6: 4, 7: 1}
Clearing endpoint 5.........
Gate position gate updated to [3 1]--------------c
Trying to moving ion 1... to 4
Ion assignment after moving ion 1: {0: 15, 1: 22, 2: 21, 3: 0, 4: 3, 5: 25, 6: 5, 7: 4}
Trying to solve brute-force congestion at gate [25, 5] with {0: 15, 1: 22, 2: 21, 3: 0, 4: 3, 5: 25, 6: 5, 7: 4}
Trying to moving ion 5... to 3
Ion assignment after moving ion 5: {0: 15, 1: 22, 2: 21, 3: 0, 4: 4, 5: 25, 6: 3, 7: 5}
Clearing endpoint 5.........
Gate position gate updated to [ 3 25]--------------c
Trying to moving ion 25... to 4
Ion assignment after moving ion 25: {0: 15, 1: 22, 2: 21, 3: 0, 4: 5, 5: 4, 6: 3, 7: 24}
Trying to solve brute-force congestion at gate [4, 24] with {0: 15, 1: 22, 2: 21, 3: 0, 4: 5, 5: 4, 6: 3, 7: 24}
Trying to moving ion 4... to 3
Ion assignment after moving ion 4: {0: 15, 1: 22, 2: 21, 3: 0, 4: 5, 5: 3, 6: 4, 7: 24}
Clearing endpoint 5.........
Gate position gate updated to [ 3 24]--------------c
Trying to moving ion 24... to 4
Ion assignment after moving ion 24: {0: 15, 1: 22, 2: 21, 3: 0, 4: 25, 5: 3, 6: 5, 7: 4}
Trying to solve brute-force congestion at gate [5, 4] with {0: 15, 1: 22, 2: 21, 3: 0, 4: 25, 5: 3, 6: 5, 7: 4}
Trying to moving ion 5... to 3
Ion assignment after moving ion 5: {0: 15, 1: 22, 2: 21, 3: 0, 4: 25, 5: 4, 6: 3, 7: 5}
Gate position gate updated to [3 5]--------------c
Trying to moving ion 5... to 4
Ion assignment after moving ion 5: {0: 15, 1: 22, 2: 21, 3: 0, 4: 25, 5: 5, 6: 3, 7: 4}
Executing gate at point (0, 6).
Executing gate at point (1, 5).
Executing gate at point (2, 5).
Best move: (4, 5)
Best move: (5, 20)
Best move: (20, 24)
Best move: (20, 25)
Best move: (24, 25)
Best move: (24, 25)
Best move: (24, 25)
Try bruteforce due to repeated pattern...
Trying to solve brute-force congestion at gate [20, 25] with {0: 15, 1: 22, 2: 21, 3: 0, 4: 20, 5: 4, 6: 3, 7: 25}
Trying to moving ion 20... to 3
Ion assignment after moving ion 20: {0: 15, 1: 22, 2: 21, 3: 0, 4: 3, 5: 5, 6: 4, 7: 25}
Clearing endpoint 5.........
Gate position gate updated to [ 3 25]--------------c
Trying to moving ion 25... to 4
Ion assignment after moving ion 25: {0: 15, 1: 22, 2: 21, 3: 0, 4: 3, 5: 24, 6: 5, 7: 4}
Executing gate at point (2, 4).
Executing gate at point (3, 4).
Best move: (4, 5)
Best move: (3, 4)
Best move: (4, 5)
Best move: (5, 20)
Best move: (20, 25)
Best move: (20, 25)
Best move: (24, 25)
Best move: (24, 25)
Try bruteforce due to multiple steps (8) to solve one gate
Trying to solve brute-force congestion at gate [20, 24] with {0: 15, 1: 22, 2: 21, 3: 0, 4: 20, 5: 24, 6: 3, 7: 4}
Trying to moving ion 20... to 3
Ion assignment after moving ion 20: {0: 15, 1: 22, 2: 21, 3: 0, 4: 3, 5: 24, 6: 4, 7: 5}
Clearing endpoint 5.........
Gate position gate updated to [ 3 24]--------------c
Trying to moving ion 24... to 4
Ion assignment after moving ion 24: {0: 15, 1: 22, 2: 21, 3: 0, 4: 3, 5: 4, 6: 5, 7: 25}
Executing gate at point (4, 4).
Best move: (24, 25)
Best move: (18, 24)
Best move: (2, 18)
Executing gate at point (3, 3).
Best move: (5, 20)
Best move: (1, 2)
Best move: (20, 24)
Best move: (18, 24)
Best move: (21, 24)
Best move: (19, 24)
Best move: (0, 1)
Best move: (0, 1)
Try bruteforce due to multiple steps (8) to solve one gate
Trying to solve brute-force congestion at gate [19, 1] with {0: 15, 1: 22, 2: 19, 3: 0, 4: 3, 5: 4, 6: 18, 7: 1}
Trying to moving ion 1... to 0
Ion assignment after moving ion 1: {0: 15, 1: 22, 2: 19, 3: 1, 4: 3, 5: 4, 6: 18, 7: 0}
Gate position gate updated to [ 0 19]--------------c
Trying to moving ion 19... to 1
Ion assignment after moving ion 19: {0: 15, 1: 22, 2: 1, 3: 2, 4: 3, 5: 4, 6: 24, 7: 0}
Executing gate at point (4, 2).
Best move: (22, 25)
Best move: (0, 1)
Best move: (1, 2)
Best move: (2, 18)
Best move: (18, 19)
Best move: (17, 19)
Best move: (16, 17)
Best move: (20, 25)
Try bruteforce due to multiple steps (8) to solve one gate
Trying to solve brute-force congestion at gate [20, 16] with {0: 15, 1: 20, 2: 0, 3: 1, 4: 3, 5: 4, 6: 24, 7: 16}
Trying to moving ion 16... to 15
Ion assignment after moving ion 16: {0: 16, 1: 20, 2: 0, 3: 1, 4: 3, 5: 4, 6: 24, 7: 15}
Gate position gate updated to [15 20]--------------c
Trying to moving ion 20... to 16
Ion assignment after moving ion 20: {0: 17, 1: 16, 2: 0, 3: 1, 4: 3, 5: 4, 6: 25, 7: 15}
Executing gate at point (5, 1).
Executing gate at point (6, 0).
Best move: (24, 25)
Best move: (18, 24)
Best move: (2, 18)
Executing gate at point (4, 3).
Executing gate at point (5, 2).
Best move: (2, 18)
Best move: (1, 2)
Best move: (3, 4)
Best move: (3, 4)
Best move: (3, 4)
Try bruteforce due to repeated pattern...
Trying to solve brute-force congestion at gate [2, 3] with {0: 17, 1: 16, 2: 0, 3: 2, 4: 4, 5: 3, 6: 18, 7: 15}
Trying to moving ion 3... to 3
Ion assignment after moving ion 3: {0: 17, 1: 16, 2: 0, 3: 2, 4: 4, 5: 3, 6: 18, 7: 15}
Gate position gate updated to [3 2]--------------c
Trying to moving ion 2... to 4
Ion assignment after moving ion 2: {0: 17, 1: 16, 2: 0, 3: 4, 4: 5, 5: 3, 6: 19, 7: 15}
Executing gate at point (5, 3).
Executing gate at point (6, 3).
Best move: (3, 4)
Best move: (4, 5)
Best move: (5, 20)
Best move: (20, 24)
Best move: (16, 17)
Best move: (18, 24)
Best move: (2, 18)
Executing gate at point (6, 2).
Best move: (4, 5)
Best move: (5, 20)
Best move: (20, 21)
Best move: (21, 25)
Best move: (21, 25)
Best move: (19, 24)
Best move: (17, 19)
Best move: (18, 19)
Try bruteforce due to multiple steps (8) to solve one gate
Trying to solve brute-force congestion at gate [18, 24] with {0: 16, 1: 18, 2: 0, 3: 3, 4: 21, 5: 2, 6: 24, 7: 15}
Trying to moving ion 18... to 15
Ion assignment after moving ion 18: {0: 17, 1: 15, 2: 0, 3: 3, 4: 21, 5: 2, 6: 24, 7: 16}
Clearing endpoint 17.........
Gate position gate updated to [15 24]--------------c
Trying to moving ion 24... to 16
Ion assignment after moving ion 24: {0: 18, 1: 15, 2: 0, 3: 3, 4: 21, 5: 2, 6: 16, 7: 17}
Executing gate at point (6, 1).
Best move: (1, 2)
Best move: (16, 17)
Best move: (17, 19)
Best move: (21, 24)
Best move: (15, 16)
Best move: (16, 17)
Best move: (0, 1)
Best move: (0, 1)
Try bruteforce due to multiple steps (8) to solve one gate
Trying to solve brute-force congestion at gate [18, 19] with {0: 18, 1: 17, 2: 0, 3: 3, 4: 24, 5: 1, 6: 19, 7: 15}
Trying to moving ion 18... to 0
Ion assignment after moving ion 18: {0: 0, 1: 17, 2: 1, 3: 3, 4: 24, 5: 2, 6: 19, 7: 15}
Clearing endpoint 2.........
Gate position gate updated to [ 0 19]--------------c
Trying to moving ion 19... to 1
Ion assignment after moving ion 19: {0: 0, 1: 17, 2: 2, 3: 3, 4: 20, 5: 24, 6: 1, 7: 15}
Executing gate at point (7, 0).
Best move: (19, 24)
Best move: (16, 17)
Best move: (17, 19)
Executing gate at point (7, 1).
Best move: (2, 18)
Best move: (17, 19)
Best move: (18, 24)
Best move: (18, 19)
Best move: (2, 18)
Executing gate at point (8, 0).
Best move: (20, 21)
Best move: (20, 24)
Best move: (5, 20)
Best move: (20, 21)
Best move: (4, 5)
Best move: (5, 20)
Executing gate at point (7, 2).
Executing gate at point (8, 2).
Best move: (5, 20)
Best move: (20, 24)
Best move: (19, 24)
Best move: (17, 19)
Executing gate at point (8, 1).
Best move: (17, 19)
Best move: (0, 1)
Best move: (1, 2)
Best move: (2, 18)
Best move: (18, 24)
Best move: (18, 19)
Best move: (18, 19)
Best move: (18, 19)
Try bruteforce due to multiple steps (8) to solve one gate
Trying to solve brute-force congestion at gate [24, 18] with {0: 24, 1: 16, 2: 4, 3: 3, 4: 18, 5: 1, 6: 0, 7: 15}
Trying to moving ion 18... to 0
Ion assignment after moving ion 18: {0: 24, 1: 16, 2: 4, 3: 3, 4: 0, 5: 2, 6: 1, 7: 15}
Clearing endpoint 2.........
Gate position gate updated to [ 0 24]--------------c
Trying to moving ion 24... to 1
Ion assignment after moving ion 24: {0: 1, 1: 16, 2: 4, 3: 3, 4: 0, 5: 19, 6: 2, 7: 15}
Executing gate at point (9, 0).
Best move: (16, 17)
Best move: (3, 4)
Best move: (3, 4)
Try bruteforce due to repeated pattern...
Trying to solve brute-force congestion at gate [17, 3] with {0: 1, 1: 17, 2: 4, 3: 3, 4: 0, 5: 19, 6: 2, 7: 15}
Trying to moving ion 3... to 3
Ion assignment after moving ion 3: {0: 1, 1: 17, 2: 4, 3: 3, 4: 0, 5: 19, 6: 2, 7: 15}
Gate position gate updated to [ 3 17]--------------c
Trying to moving ion 17... to 4
Ion assignment after moving ion 17: {0: 1, 1: 4, 2: 5, 3: 3, 4: 0, 5: 18, 6: 2, 7: 15}
Executing gate at point (9, 1).
Executing gate at point (10, 1).
Best move: (1, 2)
Best move: (3, 4)
Best move: (4, 5)
Best move: (5, 20)
Best move: (20, 24)
Best move: (19, 24)
Best move: (17, 19)
Best move: (16, 17)
Try bruteforce due to multiple steps (8) to solve one gate
Trying to solve brute-force congestion at gate [2, 16] with {0: 2, 1: 3, 2: 4, 3: 16, 4: 0, 5: 18, 6: 1, 7: 15}
Trying to moving ion 16... to 15
Ion assignment after moving ion 16: {0: 2, 1: 3, 2: 4, 3: 15, 4: 0, 5: 18, 6: 1, 7: 16}
Gate position gate updated to [15  2]--------------c
Trying to moving ion 2... to 16
Ion assignment after moving ion 2: {0: 16, 1: 3, 2: 4, 3: 15, 4: 0, 5: 24, 6: 1, 7: 17}
Executing gate at point (10, 0).
Best move: (16, 17)
Best move: (15, 16)
Best move: (16, 17)
Best move: (17, 19)
Best move: (18, 19)
Best move: (2, 18)
Executing gate at point (11, 3).
Best move: (16, 17)
Best move: (17, 19)
Best move: (3, 4)
Best move: (3, 4)
Best move: (18, 19)
Best move: (18, 19)
Try bruteforce due to repeated pattern...
Trying to solve brute-force congestion at gate [19, 4] with {0: 19, 1: 3, 2: 4, 3: 2, 4: 0, 5: 24, 6: 1, 7: 15}
Trying to moving ion 4... to 3
Ion assignment after moving ion 4: {0: 19, 1: 4, 2: 3, 3: 2, 4: 0, 5: 24, 6: 1, 7: 15}
Gate position gate updated to [ 3 19]--------------c
Trying to moving ion 19... to 4
Ion assignment after moving ion 19: {0: 4, 1: 5, 2: 3, 3: 2, 4: 0, 5: 18, 6: 1, 7: 15}
Executing gate at point (11, 0).
Executing gate at point (12, 0).
Best move: (5, 20)
Best move: (20, 24)
Best move: (19, 24)
Best move: (18, 24)
Best move: (20, 24)
Best move: (5, 20)
Executing gate at point (12, 2).
Best move: (1, 2)
Best move: (2, 18)
Best move: (4, 5)
Best move: (5, 20)
Best move: (20, 24)
Best move: (17, 19)
Best move: (18, 19)
Best move: (16, 17)
Try bruteforce due to multiple steps (8) to solve one gate
Trying to solve brute-force congestion at gate [24, 15] with {0: 24, 1: 16, 2: 3, 3: 1, 4: 0, 5: 4, 6: 19, 7: 15}
Trying to moving ion 15... to 15
Ion assignment after moving ion 15: {0: 24, 1: 16, 2: 3, 3: 1, 4: 0, 5: 4, 6: 19, 7: 15}
Gate position gate updated to [15 24]--------------c
Trying to moving ion 24... to 16
Ion assignment after moving ion 24: {0: 16, 1: 17, 2: 3, 3: 1, 4: 0, 5: 4, 6: 18, 7: 15}
Executing gate at point (13, 0).
Best move: (17, 19)
Best move: (19, 24)
Best move: (18, 19)
Best move: (18, 19)
Best move: (18, 19)
Try bruteforce due to repeated pattern...
Trying to solve brute-force congestion at gate [24, 19] with {0: 16, 1: 24, 2: 3, 3: 1, 4: 0, 5: 4, 6: 19, 7: 15}
Trying to moving ion 19... to 15
Ion assignment after moving ion 19: {0: 17, 1: 24, 2: 3, 3: 1, 4: 0, 5: 4, 6: 15, 7: 16}
Clearing endpoint 17.........
Gate position gate updated to [15 24]--------------c
Trying to moving ion 24... to 16
Ion assignment after moving ion 24: {0: 18, 1: 16, 2: 3, 3: 1, 4: 0, 5: 4, 6: 15, 7: 17}
Executing gate at point (13, 1).
Trying to solve brute-force congestion at gate [19, 24] with {0: 19, 1: 16, 2: 3, 3: 1, 4: 0, 5: 4, 6: 15, 7: 24}
Trying to moving ion 19... to 15
Ion assignment after moving ion 19: {0: 15, 1: 17, 2: 3, 3: 1, 4: 0, 5: 4, 6: 16, 7: 24}
Clearing endpoint 17.........
Gate position gate updated to [15 24]--------------c
Trying to moving ion 24... to 16
Ion assignment after moving ion 24: {0: 15, 1: 18, 2: 3, 3: 1, 4: 0, 5: 4, 6: 17, 7: 16}
Trying to solve brute-force congestion at gate [19, 18] with {0: 19, 1: 18, 2: 3, 3: 1, 4: 0, 5: 4, 6: 16, 7: 15}
Trying to moving ion 18... to 0
Ion assignment after moving ion 18: {0: 19, 1: 0, 2: 3, 3: 2, 4: 1, 5: 4, 6: 16, 7: 15}
Clearing endpoint 2.........
Gate position gate updated to [ 0 19]--------------c
Trying to moving ion 19... to 1
Ion assignment after moving ion 19: {0: 1, 1: 0, 2: 3, 3: 24, 4: 2, 5: 4, 6: 16, 7: 15}
Trying to solve brute-force congestion at gate [1, 3] with {0: 1, 1: 0, 2: 3, 3: 24, 4: 2, 5: 4, 6: 16, 7: 15}
Trying to moving ion 3... to 3
Ion assignment after moving ion 3: {0: 1, 1: 0, 2: 3, 3: 24, 4: 2, 5: 4, 6: 16, 7: 15}
Gate position gate updated to [3 1]--------------c
Trying to moving ion 1... to 4
Ion assignment after moving ion 1: {0: 4, 1: 0, 2: 3, 3: 19, 4: 1, 5: 5, 6: 16, 7: 15}
Trying to solve brute-force congestion at gate [4, 19] with {0: 4, 1: 0, 2: 3, 3: 19, 4: 1, 5: 5, 6: 16, 7: 15}
Trying to moving ion 4... to 3
Ion assignment after moving ion 4: {0: 3, 1: 0, 2: 4, 3: 19, 4: 1, 5: 5, 6: 16, 7: 15}
Clearing endpoint 5.........
Gate position gate updated to [ 3 19]--------------c
Trying to moving ion 19... to 4
Ion assignment after moving ion 19: {0: 3, 1: 0, 2: 5, 3: 4, 4: 1, 5: 25, 6: 16, 7: 15}
Trying to solve brute-force congestion at gate [3, 1] with {0: 3, 1: 0, 2: 5, 3: 4, 4: 1, 5: 25, 6: 16, 7: 15}
Trying to moving ion 3... to 3
Ion assignment after moving ion 3: {0: 3, 1: 0, 2: 5, 3: 4, 4: 1, 5: 25, 6: 16, 7: 15}
Clearing endpoint 5.........
Gate position gate updated to [3 1]--------------c
Trying to moving ion 1... to 4
Ion assignment after moving ion 1: {0: 3, 1: 0, 2: 21, 3: 5, 4: 4, 5: 25, 6: 16, 7: 15}
Trying to solve brute-force congestion at gate [0, 21] with {0: 3, 1: 0, 2: 21, 3: 5, 4: 4, 5: 25, 6: 16, 7: 15}
Trying to moving ion 0... to 0
Ion assignment after moving ion 0: {0: 3, 1: 0, 2: 21, 3: 5, 4: 4, 5: 25, 6: 16, 7: 15}
Gate position gate updated to [ 0 21]--------------c
Trying to moving ion 21... to 1
Ion assignment after moving ion 21: {0: 3, 1: 0, 2: 1, 3: 5, 4: 4, 5: 25, 6: 16, 7: 15}
Trying to solve brute-force congestion at gate [0, 5] with {0: 3, 1: 0, 2: 1, 3: 5, 4: 4, 5: 25, 6: 16, 7: 15}
Trying to moving ion 0... to 0
Ion assignment after moving ion 0: {0: 3, 1: 0, 2: 1, 3: 5, 4: 4, 5: 25, 6: 16, 7: 15}
Gate position gate updated to [0 5]--------------c
Trying to moving ion 5... to 1
Ion assignment after moving ion 5: {0: 3, 1: 0, 2: 2, 3: 1, 4: 4, 5: 25, 6: 16, 7: 15}
Trying to solve brute-force congestion at gate [2, 1] with {0: 3, 1: 0, 2: 2, 3: 1, 4: 4, 5: 25, 6: 16, 7: 15}
Trying to moving ion 2... to 0
Ion assignment after moving ion 2: {0: 3, 1: 1, 2: 0, 3: 2, 4: 4, 5: 25, 6: 16, 7: 15}
Gate position gate updated to [0 2]--------------c
Trying to moving ion 2... to 1
Ion assignment after moving ion 2: {0: 3, 1: 2, 2: 0, 3: 1, 4: 4, 5: 25, 6: 16, 7: 15}
Trying to solve brute-force congestion at gate [3, 25] with {0: 3, 1: 2, 2: 0, 3: 1, 4: 4, 5: 25, 6: 16, 7: 15}
Trying to moving ion 3... to 3
Ion assignment after moving ion 3: {0: 3, 1: 2, 2: 0, 3: 1, 4: 4, 5: 25, 6: 16, 7: 15}
Gate position gate updated to [ 3 25]--------------c
Trying to moving ion 25... to 4
Ion assignment after moving ion 25: {0: 3, 1: 2, 2: 0, 3: 1, 4: 5, 5: 4, 6: 16, 7: 15}
Trying to solve brute-force congestion at gate [3, 16] with {0: 3, 1: 2, 2: 0, 3: 1, 4: 5, 5: 4, 6: 16, 7: 15}
Trying to moving ion 3... to 3
Ion assignment after moving ion 3: {0: 3, 1: 2, 2: 0, 3: 1, 4: 5, 5: 4, 6: 16, 7: 15}
Clearing endpoint 5.........
Gate position gate updated to [ 3 16]--------------c
Trying to moving ion 16... to 4
Ion assignment after moving ion 16: {0: 3, 1: 2, 2: 0, 3: 1, 4: 25, 5: 5, 6: 4, 7: 15}
Trying to solve brute-force congestion at gate [3, 15] with {0: 3, 1: 2, 2: 0, 3: 1, 4: 25, 5: 5, 6: 4, 7: 15}
Trying to moving ion 3... to 3
Ion assignment after moving ion 3: {0: 3, 1: 2, 2: 0, 3: 1, 4: 25, 5: 5, 6: 4, 7: 15}
Clearing endpoint 5.........
Gate position gate updated to [ 3 15]--------------c
Trying to moving ion 15... to 4
Ion assignment after moving ion 15: {0: 3, 1: 2, 2: 0, 3: 1, 4: 25, 5: 21, 6: 5, 7: 4}
Trying to solve brute-force congestion at gate [2, 25] with {0: 3, 1: 2, 2: 0, 3: 1, 4: 25, 5: 21, 6: 5, 7: 4}
Trying to moving ion 2... to 0
Ion assignment after moving ion 2: {0: 3, 1: 0, 2: 1, 3: 2, 4: 25, 5: 21, 6: 5, 7: 4}
Clearing endpoint 2.........
Gate position gate updated to [ 0 25]--------------c
Trying to moving ion 25... to 1
Ion assignment after moving ion 25: {0: 3, 1: 0, 2: 2, 3: 19, 4: 1, 5: 21, 6: 5, 7: 4}
Trying to solve brute-force congestion at gate [0, 21] with {0: 3, 1: 0, 2: 2, 3: 19, 4: 1, 5: 21, 6: 5, 7: 4}
Trying to moving ion 0... to 0
Ion assignment after moving ion 0: {0: 3, 1: 0, 2: 2, 3: 19, 4: 1, 5: 21, 6: 5, 7: 4}
Clearing endpoint 2.........
Gate position gate updated to [ 0 21]--------------c
Trying to moving ion 21... to 1
Ion assignment after moving ion 21: {0: 3, 1: 0, 2: 19, 3: 17, 4: 2, 5: 1, 6: 5, 7: 4}
Trying to solve brute-force congestion at gate [0, 5] with {0: 3, 1: 0, 2: 19, 3: 17, 4: 2, 5: 1, 6: 5, 7: 4}
Trying to moving ion 0... to 0
Ion assignment after moving ion 0: {0: 3, 1: 0, 2: 19, 3: 17, 4: 2, 5: 1, 6: 5, 7: 4}
Clearing endpoint 2.........
Gate position gate updated to [0 5]--------------c
Trying to moving ion 5... to 1
Ion assignment after moving ion 5: {0: 3, 1: 0, 2: 17, 3: 16, 4: 19, 5: 2, 6: 1, 7: 4}
Trying to solve brute-force congestion at gate [0, 4] with {0: 3, 1: 0, 2: 17, 3: 16, 4: 19, 5: 2, 6: 1, 7: 4}
Trying to moving ion 0... to 0
Ion assignment after moving ion 0: {0: 3, 1: 0, 2: 17, 3: 16, 4: 19, 5: 2, 6: 1, 7: 4}
Clearing endpoint 2.........
Gate position gate updated to [0 4]--------------c
Trying to moving ion 4... to 1
Ion assignment after moving ion 4: {0: 3, 1: 0, 2: 16, 3: 15, 4: 17, 5: 19, 6: 2, 7: 1}
Trying to solve brute-force congestion at gate [16, 19] with {0: 3, 1: 0, 2: 16, 3: 15, 4: 17, 5: 19, 6: 2, 7: 1}
Trying to moving ion 16... to 15
Ion assignment after moving ion 16: {0: 3, 1: 0, 2: 15, 3: 16, 4: 17, 5: 19, 6: 2, 7: 1}
Clearing endpoint 17.........
Gate position gate updated to [15 24]--------------c
Trying to moving ion 24... to 16
Ion assignment after moving ion 24: {0: 3, 1: 0, 2: 15, 3: 17, 4: 18, 5: 16, 6: 2, 7: 1}
Trying to solve brute-force congestion at gate [17, 18] with {0: 3, 1: 0, 2: 15, 3: 17, 4: 18, 5: 16, 6: 2, 7: 1}
Trying to moving ion 17... to 15
Ion assignment after moving ion 17: {0: 3, 1: 0, 2: 16, 3: 15, 4: 18, 5: 17, 6: 2, 7: 1}
Clearing endpoint 17.........
Gate position gate updated to [15 18]--------------c
Trying to moving ion 18... to 16
Ion assignment after moving ion 18: {0: 3, 1: 0, 2: 17, 3: 15, 4: 16, 5: 24, 6: 2, 7: 1}
Trying to solve brute-force congestion at gate [15, 24] with {0: 3, 1: 0, 2: 17, 3: 15, 4: 16, 5: 24, 6: 2, 7: 1}
Trying to moving ion 15... to 15
Ion assignment after moving ion 15: {0: 3, 1: 0, 2: 17, 3: 15, 4: 16, 5: 24, 6: 2, 7: 1}
Clearing endpoint 17.........
Gate position gate updated to [15 24]--------------c
Trying to moving ion 24... to 16
Ion assignment after moving ion 24: {0: 3, 1: 0, 2: 18, 3: 15, 4: 17, 5: 16, 6: 2, 7: 1}
Trying to solve brute-force congestion at gate [17, 16] with {0: 3, 1: 0, 2: 18, 3: 15, 4: 17, 5: 16, 6: 2, 7: 1}
Trying to moving ion 17... to 15
Ion assignment after moving ion 17: {0: 3, 1: 0, 2: 18, 3: 16, 4: 15, 5: 17, 6: 2, 7: 1}
Gate position gate updated to [15 17]--------------c
Trying to moving ion 17... to 16
Ion assignment after moving ion 17: {0: 3, 1: 0, 2: 18, 3: 17, 4: 15, 5: 16, 6: 2, 7: 1}
Trying to solve brute-force congestion at gate [18, 2] with {0: 3, 1: 0, 2: 18, 3: 17, 4: 15, 5: 16, 6: 2, 7: 1}
Trying to moving ion 2... to 0
Ion assignment after moving ion 2: {0: 3, 1: 1, 2: 18, 3: 17, 4: 15, 5: 16, 6: 0, 7: 2}
Clearing endpoint 2.........
Gate position gate updated to [ 0 24]--------------c
Trying to moving ion 24... to 1
Ion assignment after moving ion 24: {0: 3, 1: 2, 2: 1, 3: 17, 4: 15, 5: 16, 6: 0, 7: 19}
Trying to solve brute-force congestion at gate [1, 19] with {0: 3, 1: 2, 2: 1, 3: 17, 4: 15, 5: 16, 6: 0, 7: 19}
Trying to moving ion 1... to 0
Ion assignment after moving ion 1: {0: 3, 1: 2, 2: 0, 3: 17, 4: 15, 5: 16, 6: 1, 7: 19}
Clearing endpoint 2.........
Gate position gate updated to [ 0 19]--------------c
Trying to moving ion 19... to 1
Ion assignment after moving ion 19: {0: 3, 1: 24, 2: 0, 3: 17, 4: 15, 5: 16, 6: 2, 7: 1}
Trying to solve brute-force congestion at gate [17, 2] with {0: 3, 1: 24, 2: 0, 3: 17, 4: 15, 5: 16, 6: 2, 7: 1}
Trying to moving ion 2... to 0
Ion assignment after moving ion 2: {0: 3, 1: 24, 2: 1, 3: 17, 4: 15, 5: 16, 6: 0, 7: 2}
Clearing endpoint 2.........
Gate position gate updated to [ 0 17]--------------c
Trying to moving ion 17... to 1
Ion assignment after moving ion 17: {0: 3, 1: 20, 2: 2, 3: 1, 4: 15, 5: 16, 6: 0, 7: 24}
Trying to solve brute-force congestion at gate [1, 24] with {0: 3, 1: 20, 2: 2, 3: 1, 4: 15, 5: 16, 6: 0, 7: 24}
Trying to moving ion 1... to 0
Ion assignment after moving ion 1: {0: 3, 1: 20, 2: 2, 3: 0, 4: 15, 5: 16, 6: 1, 7: 24}
Clearing endpoint 2.........
Gate position gate updated to [ 0 24]--------------c
Trying to moving ion 24... to 1
Ion assignment after moving ion 24: {0: 3, 1: 20, 2: 19, 3: 0, 4: 15, 5: 16, 6: 2, 7: 1}
Trying to solve brute-force congestion at gate [15, 2] with {0: 3, 1: 20, 2: 19, 3: 0, 4: 15, 5: 16, 6: 2, 7: 1}
Trying to moving ion 15... to 15
Ion assignment after moving ion 15: {0: 3, 1: 20, 2: 19, 3: 0, 4: 15, 5: 16, 6: 2, 7: 1}
Gate position gate updated to [15  2]--------------c
Trying to moving ion 2... to 16
Ion assignment after moving ion 2: {0: 3, 1: 20, 2: 24, 3: 0, 4: 15, 5: 17, 6: 16, 7: 1}
Trying to solve brute-force congestion at gate [15, 1] with {0: 3, 1: 20, 2: 24, 3: 0, 4: 15, 5: 17, 6: 16, 7: 1}
Trying to moving ion 15... to 15
Ion assignment after moving ion 15: {0: 3, 1: 20, 2: 24, 3: 0, 4: 15, 5: 17, 6: 16, 7: 1}
Clearing endpoint 17.........
Gate position gate updated to [15  1]--------------c
Trying to moving ion 1... to 16
Ion assignment after moving ion 1: {0: 3, 1: 20, 2: 25, 3: 0, 4: 15, 5: 24, 6: 17, 7: 16}
Trying to solve brute-force congestion at gate [24, 17] with {0: 3, 1: 20, 2: 25, 3: 0, 4: 15, 5: 24, 6: 17, 7: 16}
Trying to moving ion 17... to 15
Ion assignment after moving ion 17: {0: 3, 1: 20, 2: 25, 3: 0, 4: 16, 5: 24, 6: 15, 7: 17}
Clearing endpoint 17.........
Gate position gate updated to [15 24]--------------c
Trying to moving ion 24... to 16
Ion assignment after moving ion 24: {0: 3, 1: 20, 2: 25, 3: 0, 4: 17, 5: 16, 6: 15, 7: 18}
Trying to solve brute-force congestion at gate [16, 18] with {0: 3, 1: 20, 2: 25, 3: 0, 4: 17, 5: 16, 6: 15, 7: 18}
Trying to moving ion 16... to 15
Ion assignment after moving ion 16: {0: 3, 1: 20, 2: 25, 3: 0, 4: 17, 5: 15, 6: 16, 7: 18}
Clearing endpoint 17.........
Gate position gate updated to [15 18]--------------c
Trying to moving ion 18... to 16
Ion assignment after moving ion 18: {0: 3, 1: 20, 2: 25, 3: 0, 4: 24, 5: 15, 6: 17, 7: 16}
Trying to solve brute-force congestion at gate [17, 16] with {0: 3, 1: 20, 2: 25, 3: 0, 4: 24, 5: 15, 6: 17, 7: 16}
Trying to moving ion 17... to 15
Ion assignment after moving ion 17: {0: 3, 1: 20, 2: 25, 3: 0, 4: 24, 5: 16, 6: 15, 7: 17}
Gate position gate updated to [15 17]--------------c
Trying to moving ion 17... to 16
Ion assignment after moving ion 17: {0: 3, 1: 20, 2: 25, 3: 0, 4: 24, 5: 17, 6: 15, 7: 16}
Executing gate at point (0, 6).
Executing gate at point (1, 5).
Executing gate at point (2, 5).
Best move: (16, 17)
Best move: (17, 19)
Best move: (18, 19)
Best move: (2, 18)
Best move: (18, 24)
Best move: (1, 2)
Best move: (2, 18)
Executing gate at point (2, 4).
Executing gate at point (3, 3).
Best move: (2, 18)
Best move: (18, 19)
Best move: (17, 19)
Executing gate at point (3, 4).
Executing gate at point (4, 4).
Best move: (24, 25)
Best move: (15, 16)
Best move: (16, 17)
Best move: (17, 19)
Best move: (18, 24)
Best move: (19, 24)
Best move: (0, 1)
Best move: (0, 1)
Try bruteforce due to multiple steps (8) to solve one gate
Trying to solve brute-force congestion at gate [18, 1] with {0: 3, 1: 20, 2: 18, 3: 0, 4: 16, 5: 15, 6: 24, 7: 1}
Trying to moving ion 1... to 0
Ion assignment after moving ion 1: {0: 3, 1: 20, 2: 18, 3: 1, 4: 16, 5: 15, 6: 24, 7: 0}
Gate position gate updated to [ 0 18]--------------c
Trying to moving ion 18... to 1
Ion assignment after moving ion 18: {0: 3, 1: 20, 2: 1, 3: 2, 4: 16, 5: 15, 6: 24, 7: 0}
Executing gate at point (4, 2).
Best move: (0, 1)
Best move: (1, 2)
Best move: (2, 18)
Best move: (20, 21)
Best move: (14, 21)
Best move: (13, 14)
Best move: (18, 19)
Best move: (18, 19)
Try bruteforce due to multiple steps (8) to solve one gate
Trying to solve brute-force congestion at gate [13, 18] with {0: 3, 1: 13, 2: 0, 3: 1, 4: 16, 5: 15, 6: 24, 7: 18}Input filename:  QFT_8_compiled
Algorithm:  SHAPER
Trap type:  G2x3
Trap capacity:  3
Num layout passes:  2
Gate type:  FM
Run index:  5
Creating a QCCD machine ...
QCCD physical machine:
### Traps ### 
Trap(id='trap_0', max_num_ions=3, initial_num_ions=0, executable=True, measureable=True)
Trap(id='trap_1', max_num_ions=3, initial_num_ions=0, executable=True, measureable=True)
Trap(id='trap_2', max_num_ions=3, initial_num_ions=0, executable=True, measureable=True)
Trap(id='trap_3', max_num_ions=3, initial_num_ions=0, executable=True, measureable=True)
Trap(id='trap_4', max_num_ions=3, initial_num_ions=0, executable=True, measureable=True)
Trap(id='trap_5', max_num_ions=3, initial_num_ions=0, executable=True, measureable=True)
### Junctions ### 
Junction(id='junction_0')
Junction(id='junction_1')
Junction(id='junction_2')
### Segments ### 
Segment(id='segment_0', left=Trap(id='trap_0', max_num_ions=3, initial_num_ions=0, executable=True, measureable=True), right=Junction(id='junction_0'))
Segment(id='segment_1', left=Trap(id='trap_5', max_num_ions=3, initial_num_ions=0, executable=True, measureable=True), right=Junction(id='junction_0'))
Segment(id='segment_2', left=Trap(id='trap_1', max_num_ions=3, initial_num_ions=0, executable=True, measureable=True), right=Junction(id='junction_1'))
Segment(id='segment_3', left=Trap(id='trap_4', max_num_ions=3, initial_num_ions=0, executable=True, measureable=True), right=Junction(id='junction_1'))
Segment(id='segment_4', left=Trap(id='trap_2', max_num_ions=3, initial_num_ions=0, executable=True, measureable=True), right=Junction(id='junction_2'))
Segment(id='segment_5', left=Trap(id='trap_3', max_num_ions=3, initial_num_ions=0, executable=True, measureable=True), right=Junction(id='junction_2'))
Segment(id='segment_6', left=Junction(id='junction_0'), right=Junction(id='junction_1'))
Segment(id='segment_7', left=Junction(id='junction_1'), right=Junction(id='junction_2'))
Finished creating the QCCD physical machine.
Position graph:  CouplingGraph({(3, 4), (12, 13), (22, 23), (21, 25), (23, 25), (11, 23), (13, 14), (19, 24), (18, 19), (4, 5), (20, 25), (21, 24), (22, 25), (14, 21), (0, 1), (9, 10), (1, 2), (10, 11), (6, 7), (15, 16), (24, 25), (18, 24), (20, 21), (20, 24), (17, 19), (5, 20), (8, 22), (2, 18), (7, 8), (16, 17)})
Initial ion assignment:  {0: 6, 1: 3, 2: 17, 3: 5, 4: 9, 5: 11, 6: 10, 7: 7}
Congestion rate:  1.0
Scheduling QCCD: 2600007920.000001 us, costing 64.62536279996857 s to compile
2600.007920000001
64.62536279996857
{0: 3, 1: 20, 2: 25, 3: 0, 4: 24, 5: 17, 6: 15, 7: 16}
[0, 1, 2, 3, 4, 5, 6, 7]
