Best move: (10, 11)
Best move: (11, 23)
Best move: (23, 25)
Best move: (21, 25)
Best move: (14, 21)
Executing gate at point (0, 6).
Best move: (13, 14)
Best move: (14, 21)
Best move: (21, 25)
Best move: (22, 25)
Best move: (8, 22)
Executing gate at point (1, 5).
Best move: (8, 22)
Best move: (22, 23)
Best move: (11, 23)
Executing gate at point (2, 4).
Best move: (11, 23)
Best move: (13, 14)
Best move: (14, 21)
Best move: (21, 25)
Best move: (22, 25)
Best move: (8, 22)
Executing gate at point (2, 5).
Best move: (8, 22)
Best move: (23, 25)
Best move: (6, 7)
Best move: (6, 7)
Best move: (6, 7)
Try bruteforce due to repeated pattern...
Trying to solve brute-force congestion at gate [7, 25] with {0: 9, 1: 17, 2: 16, 3: 7, 4: 10, 5: 6, 6: 22, 7: 25}
Trying to moving ion 7... to 6
Ion assignment after moving ion 7: {0: 9, 1: 17, 2: 16, 3: 6, 4: 10, 5: 7, 6: 22, 7: 25}
Gate position gate updated to [ 6 25]--------------c
Trying to moving ion 25... to 7
Ion assignment after moving ion 25: {0: 9, 1: 17, 2: 16, 3: 6, 4: 10, 5: 8, 6: 23, 7: 7}
Executing gate at point (3, 3).
Best move: (15, 16)
Best move: (7, 8)
Best move: (8, 22)
Best move: (22, 25)
Best move: (24, 25)
Best move: (19, 24)
Best move: (11, 23)
Executing gate at point (3, 4).
Best move: (11, 23)
Best move: (10, 11)
Best move: (6, 7)
Best move: (6, 7)
Best move: (6, 7)
Try bruteforce due to repeated pattern...
Trying to solve brute-force congestion at gate [11, 6] with {0: 9, 1: 17, 2: 15, 3: 7, 4: 11, 5: 6, 6: 23, 7: 19}
Trying to moving ion 6... to 6
Ion assignment after moving ion 6: {0: 9, 1: 17, 2: 15, 3: 7, 4: 11, 5: 6, 6: 23, 7: 19}
Gate position gate updated to [ 6 11]--------------c
Trying to moving ion 11... to 7
Ion assignment after moving ion 11: {0: 9, 1: 17, 2: 15, 3: 8, 4: 7, 5: 6, 6: 25, 7: 19}
Executing gate at point (4, 4).
Best move: (8, 22)
Best move: (22, 23)
Best move: (22, 23)
Best move: (15, 16)
Best move: (15, 16)
Best move: (15, 16)
Try bruteforce due to repeated pattern...
Trying to solve brute-force congestion at gate [16, 19] with {0: 9, 1: 17, 2: 16, 3: 22, 4: 7, 5: 6, 6: 25, 7: 19}
Trying to moving ion 16... to 15
Ion assignment after moving ion 16: {0: 9, 1: 17, 2: 15, 3: 22, 4: 7, 5: 6, 6: 25, 7: 19}
Clearing endpoint 17.........
Gate position gate updated to [15 19]--------------c
Trying to moving ion 19... to 16
Ion assignment after moving ion 19: {0: 9, 1: 17, 2: 15, 3: 22, 4: 7, 5: 6, 6: 25, 7: 16}
Executing gate at point (4, 2).
Executing gate at point (5, 1).
Best move: (16, 17)
Best move: (17, 19)
Best move: (19, 24)
Best move: (9, 10)
Best move: (20, 24)
Best move: (20, 21)
Best move: (20, 21)
Best move: (20, 24)
Try bruteforce due to multiple steps (8) to solve one gate
Trying to solve brute-force congestion at gate [10, 24] with {0: 10, 1: 16, 2: 15, 3: 22, 4: 7, 5: 6, 6: 25, 7: 24}
Trying to moving ion 10... to 9
Ion assignment after moving ion 10: {0: 9, 1: 16, 2: 15, 3: 22, 4: 7, 5: 6, 6: 25, 7: 24}
Gate position gate updated to [ 9 24]--------------c
Trying to moving ion 24... to 10
Ion assignment after moving ion 24: {0: 9, 1: 16, 2: 15, 3: 22, 4: 7, 5: 6, 6: 20, 7: 10}
Executing gate at point (6, 0).
Best move: (22, 25)
Best move: (20, 24)
Best move: (21, 25)
Best move: (21, 25)
Best move: (20, 24)
Best move: (5, 20)
Best move: (20, 25)
Best move: (4, 5)
Try bruteforce due to multiple steps (8) to solve one gate
Trying to solve brute-force congestion at gate [20, 4] with {0: 9, 1: 16, 2: 15, 3: 20, 4: 7, 5: 6, 6: 4, 7: 10}
Trying to moving ion 4... to 3
Ion assignment after moving ion 4: {0: 9, 1: 16, 2: 15, 3: 20, 4: 7, 5: 6, 6: 3, 7: 10}
Gate position gate updated to [ 3 20]--------------c
Trying to moving ion 20... to 4
Ion assignment after moving ion 20: {0: 9, 1: 16, 2: 15, 3: 4, 4: 7, 5: 6, 6: 3, 7: 10}
Executing gate at point (4, 3).
Best move: (15, 16)
Best move: (16, 17)
Best move: (17, 19)
Best move: (19, 24)
Best move: (20, 24)
Best move: (5, 20)
Executing gate at point (5, 2).
Best move: (4, 5)
Best move: (5, 20)
Best move: (20, 25)
Best move: (22, 25)
Best move: (8, 22)
Executing gate at point (5, 3).
Executing gate at point (6, 3).
Best move: (6, 7)
Best move: (7, 8)
Best move: (8, 22)
Best move: (22, 25)
Best move: (20, 25)
Best move: (15, 16)
Best move: (16, 17)
Best move: (17, 19)
Try bruteforce due to multiple steps (8) to solve one gate
Trying to solve brute-force congestion at gate [19, 3] with {0: 9, 1: 19, 2: 4, 3: 7, 4: 6, 5: 20, 6: 3, 7: 10}
Trying to moving ion 3... to 3
Ion assignment after moving ion 3: {0: 9, 1: 19, 2: 4, 3: 7, 4: 6, 5: 20, 6: 3, 7: 10}
Gate position gate updated to [ 3 19]--------------c
Trying to moving ion 19... to 4
Ion assignment after moving ion 19: {0: 9, 1: 4, 2: 5, 3: 7, 4: 6, 5: 25, 6: 3, 7: 10}
Executing gate at point (6, 1).
Best move: (5, 20)
Best move: (9, 10)
Best move: (20, 21)
Best move: (24, 25)
Best move: (10, 11)
Best move: (11, 23)
Best move: (23, 25)
Best move: (20, 25)
Try bruteforce due to multiple steps (8) to solve one gate
Trying to solve brute-force congestion at gate [21, 24] with {0: 20, 1: 4, 2: 21, 3: 7, 4: 6, 5: 24, 6: 3, 7: 9}
Trying to moving ion 21... to 12
Ion assignment after moving ion 21: {0: 20, 1: 4, 2: 12, 3: 7, 4: 6, 5: 24, 6: 3, 7: 9}
Gate position gate updated to [12 24]--------------c
Trying to moving ion 24... to 13
Ion assignment after moving ion 24: {0: 20, 1: 4, 2: 12, 3: 7, 4: 6, 5: 13, 6: 3, 7: 9}
Executing gate at point (6, 2).
Best move: (6, 7)
Best move: (5, 20)
Executing gate at point (7, 0).
Best move: (4, 5)
Best move: (5, 20)
Best move: (20, 21)
Best move: (14, 21)
Executing gate at point (7, 1).
Best move: (13, 14)
Best move: (14, 21)
Best move: (20, 21)
Best move: (5, 20)
Executing gate at point (8, 0).
Best move: (7, 8)
Best move: (8, 22)
Best move: (22, 25)
Best move: (21, 25)
Best move: (14, 21)
Executing gate at point (7, 2).
Executing gate at point (8, 1).
Best move: (14, 21)
Best move: (6, 7)
Best move: (7, 8)
Best move: (8, 22)
Best move: (22, 25)
Best move: (12, 13)
Best move: (24, 25)
Best move: (24, 25)
Try bruteforce due to multiple steps (8) to solve one gate
Trying to solve brute-force congestion at gate [13, 25] with {0: 4, 1: 12, 2: 13, 3: 25, 4: 21, 5: 5, 6: 3, 7: 9}
Trying to moving ion 13... to 12
Ion assignment after moving ion 13: {0: 4, 1: 13, 2: 12, 3: 25, 4: 21, 5: 5, 6: 3, 7: 9}
Gate position gate updated to [12 25]--------------c
Trying to moving ion 25... to 13
Ion assignment after moving ion 25: {0: 4, 1: 14, 2: 12, 3: 13, 4: 24, 5: 5, 6: 3, 7: 9}
Executing gate at point (8, 2).
Executing gate at point (9, 1).
Executing gate at point (10, 1).
Best move: (4, 5)
Best move: (5, 20)
Best move: (19, 24)
Best move: (20, 24)
Best move: (17, 19)
Best move: (19, 24)
Best move: (16, 17)
Best move: (17, 19)
Try bruteforce due to multiple steps (8) to solve one gate
Trying to solve brute-force congestion at gate [17, 16] with {0: 17, 1: 14, 2: 12, 3: 13, 4: 16, 5: 4, 6: 3, 7: 9}
Trying to moving ion 17... to 15
Ion assignment after moving ion 17: {0: 15, 1: 14, 2: 12, 3: 13, 4: 17, 5: 4, 6: 3, 7: 9}
Gate position gate updated to [15 17]--------------c
Trying to moving ion 17... to 16
Ion assignment after moving ion 17: {0: 15, 1: 14, 2: 12, 3: 13, 4: 16, 5: 4, 6: 3, 7: 9}
Executing gate at point (9, 0).
Best move: (13, 14)
Best move: (14, 21)
Best move: (21, 24)
Best move: (19, 24)
Best move: (17, 19)
Executing gate at point (10, 0).
Executing gate at point (11, 3).
Best move: (15, 16)
Best move: (16, 17)
Best move: (17, 19)
Best move: (19, 24)
Best move: (21, 24)
Best move: (14, 21)
Executing gate at point (11, 0).
Executing gate at point (12, 0).
Best move: (14, 21)
Best move: (21, 25)
Best move: (23, 25)
Best move: (11, 23)
Executing gate at point (13, 0).
Best move: (13, 14)
Best move: (14, 21)
Best move: (20, 21)
Best move: (5, 20)
Executing gate at point (13, 1).
Best move: (4, 5)
Best move: (5, 20)
Best move: (20, 21)
Best move: (14, 21)
Executing gate at point (12, 2).
Trying to solve brute-force congestion at gate [21, 12] with {0: 21, 1: 4, 2: 12, 3: 16, 4: 15, 5: 14, 6: 3, 7: 9}
Trying to moving ion 12... to 12
Ion assignment after moving ion 12: {0: 21, 1: 4, 2: 12, 3: 16, 4: 15, 5: 14, 6: 3, 7: 9}
Clearing endpoint 14.........
Gate position gate updated to [12 21]--------------c
Trying to moving ion 21... to 13
Ion assignment after moving ion 21: {0: 13, 1: 4, 2: 12, 3: 16, 4: 15, 5: 14, 6: 3, 7: 9}
Trying to solve brute-force congestion at gate [13, 16] with {0: 13, 1: 4, 2: 12, 3: 16, 4: 15, 5: 14, 6: 3, 7: 9}
Trying to moving ion 16... to 15
Ion assignment after moving ion 16: {0: 13, 1: 4, 2: 12, 3: 15, 4: 16, 5: 14, 6: 3, 7: 9}
Gate position gate updated to [15 13]--------------c
Trying to moving ion 13... to 16
Ion assignment after moving ion 13: {0: 16, 1: 4, 2: 12, 3: 15, 4: 17, 5: 13, 6: 3, 7: 9}
Trying to solve brute-force congestion at gate [16, 17] with {0: 16, 1: 4, 2: 12, 3: 15, 4: 17, 5: 13, 6: 3, 7: 9}
Trying to moving ion 16... to 15
Ion assignment after moving ion 16: {0: 15, 1: 4, 2: 12, 3: 16, 4: 17, 5: 13, 6: 3, 7: 9}
Gate position gate updated to [15 17]--------------c
Trying to moving ion 17... to 16
Ion assignment after moving ion 17: {0: 15, 1: 4, 2: 12, 3: 17, 4: 16, 5: 13, 6: 3, 7: 9}
Trying to solve brute-force congestion at gate [4, 12] with {0: 15, 1: 4, 2: 12, 3: 17, 4: 16, 5: 13, 6: 3, 7: 9}
Trying to moving ion 12... to 12
Ion assignment after moving ion 12: {0: 15, 1: 4, 2: 12, 3: 17, 4: 16, 5: 13, 6: 3, 7: 9}
Gate position gate updated to [12  4]--------------c
Trying to moving ion 4... to 13
Ion assignment after moving ion 4: {0: 15, 1: 13, 2: 12, 3: 17, 4: 16, 5: 14, 6: 3, 7: 9}
Trying to solve brute-force congestion at gate [13, 17] with {0: 15, 1: 13, 2: 12, 3: 17, 4: 16, 5: 14, 6: 3, 7: 9}
Trying to moving ion 13... to 12
Ion assignment after moving ion 13: {0: 15, 1: 12, 2: 13, 3: 17, 4: 16, 5: 14, 6: 3, 7: 9}
Clearing endpoint 14.........
Gate position gate updated to [12 17]--------------c
Trying to moving ion 17... to 13
Ion assignment after moving ion 17: {0: 15, 1: 12, 2: 14, 3: 13, 4: 16, 5: 25, 6: 3, 7: 9}
Trying to solve brute-force congestion at gate [14, 13] with {0: 15, 1: 12, 2: 14, 3: 13, 4: 16, 5: 25, 6: 3, 7: 9}
Trying to moving ion 14... to 12
Ion assignment after moving ion 14: {0: 15, 1: 13, 2: 12, 3: 14, 4: 16, 5: 25, 6: 3, 7: 9}
Gate position gate updated to [12 14]--------------c
Trying to moving ion 14... to 13
Ion assignment after moving ion 14: {0: 15, 1: 14, 2: 12, 3: 13, 4: 16, 5: 25, 6: 3, 7: 9}
Trying to solve brute-force congestion at gate [15, 25] with {0: 15, 1: 14, 2: 12, 3: 13, 4: 16, 5: 25, 6: 3, 7: 9}
Trying to moving ion 15... to 15
Ion assignment after moving ion 15: {0: 15, 1: 14, 2: 12, 3: 13, 4: 16, 5: 25, 6: 3, 7: 9}
Gate position gate updated to [15 25]--------------c
Trying to moving ion 25... to 16
Ion assignment after moving ion 25: {0: 15, 1: 14, 2: 12, 3: 13, 4: 17, 5: 16, 6: 3, 7: 9}
Trying to solve brute-force congestion at gate [15, 3] with {0: 15, 1: 14, 2: 12, 3: 13, 4: 17, 5: 16, 6: 3, 7: 9}
Trying to moving ion 3... to 3
Ion assignment after moving ion 3: {0: 15, 1: 14, 2: 12, 3: 13, 4: 17, 5: 16, 6: 3, 7: 9}
Gate position gate updated to [ 3 15]--------------c
Trying to moving ion 15... to 4
Ion assignment after moving ion 15: {0: 4, 1: 14, 2: 12, 3: 13, 4: 16, 5: 15, 6: 3, 7: 9}
Trying to solve brute-force congestion at gate [4, 9] with {0: 4, 1: 14, 2: 12, 3: 13, 4: 16, 5: 15, 6: 3, 7: 9}
Trying to moving ion 9... to 9
Ion assignment after moving ion 9: {0: 4, 1: 14, 2: 12, 3: 13, 4: 16, 5: 15, 6: 3, 7: 9}
Gate position gate updated to [9 4]--------------c
Trying to moving ion 4... to 10
Ion assignment after moving ion 4: {0: 10, 1: 14, 2: 12, 3: 13, 4: 16, 5: 15, 6: 3, 7: 9}
Trying to solve brute-force congestion at gate [14, 16] with {0: 10, 1: 14, 2: 12, 3: 13, 4: 16, 5: 15, 6: 3, 7: 9}
Trying to moving ion 16... to 15
Ion assignment after moving ion 16: {0: 10, 1: 14, 2: 12, 3: 13, 4: 15, 5: 16, 6: 3, 7: 9}
Gate position gate updated to [15 14]--------------c
Trying to moving ion 14... to 16
Ion assignment after moving ion 14: {0: 10, 1: 16, 2: 12, 3: 13, 4: 15, 5: 17, 6: 3, 7: 9}
Trying to solve brute-force congestion at gate [16, 17] with {0: 10, 1: 16, 2: 12, 3: 13, 4: 15, 5: 17, 6: 3, 7: 9}
Trying to moving ion 16... to 15
Ion assignment after moving ion 16: {0: 10, 1: 15, 2: 12, 3: 13, 4: 16, 5: 17, 6: 3, 7: 9}
Gate position gate updated to [15 17]--------------c
Trying to moving ion 17... to 16
Ion assignment after moving ion 17: {0: 10, 1: 15, 2: 12, 3: 13, 4: 17, 5: 16, 6: 3, 7: 9}
Trying to solve brute-force congestion at gate [15, 3] with {0: 10, 1: 15, 2: 12, 3: 13, 4: 17, 5: 16, 6: 3, 7: 9}
Trying to moving ion 3... to 3
Ion assignment after moving ion 3: {0: 10, 1: 15, 2: 12, 3: 13, 4: 17, 5: 16, 6: 3, 7: 9}
Gate position gate updated to [ 3 15]--------------c
Trying to moving ion 15... to 4
Ion assignment after moving ion 15: {0: 10, 1: 4, 2: 12, 3: 13, 4: 16, 5: 15, 6: 3, 7: 9}
Trying to solve brute-force congestion at gate [4, 9] with {0: 10, 1: 4, 2: 12, 3: 13, 4: 16, 5: 15, 6: 3, 7: 9}
Trying to moving ion 9... to 9
Ion assignment after moving ion 9: {0: 10, 1: 4, 2: 12, 3: 13, 4: 16, 5: 15, 6: 3, 7: 9}
Gate position gate updated to [9 4]--------------c
Trying to moving ion 4... to 10
Ion assignment after moving ion 4: {0: 11, 1: 10, 2: 12, 3: 13, 4: 16, 5: 15, 6: 3, 7: 9}
Trying to solve brute-force congestion at gate [12, 16] with {0: 11, 1: 10, 2: 12, 3: 13, 4: 16, 5: 15, 6: 3, 7: 9}
Trying to moving ion 12... to 12
Ion assignment after moving ion 12: {0: 11, 1: 10, 2: 12, 3: 13, 4: 16, 5: 15, 6: 3, 7: 9}
Gate position gate updated to [12 16]--------------c
Trying to moving ion 16... to 13
Ion assignment after moving ion 16: {0: 11, 1: 10, 2: 12, 3: 14, 4: 13, 5: 15, 6: 3, 7: 9}
Trying to solve brute-force congestion at gate [12, 15] with {0: 11, 1: 10, 2: 12, 3: 14, 4: 13, 5: 15, 6: 3, 7: 9}
Trying to moving ion 12... to 12
Ion assignment after moving ion 12: {0: 11, 1: 10, 2: 12, 3: 14, 4: 13, 5: 15, 6: 3, 7: 9}
Clearing endpoint 14.........
Gate position gate updated to [12 15]--------------c
Trying to moving ion 15... to 13
Ion assignment after moving ion 15: {0: 11, 1: 10, 2: 12, 3: 20, 4: 14, 5: 13, 6: 3, 7: 9}
Trying to solve brute-force congestion at gate [20, 14] with {0: 11, 1: 10, 2: 12, 3: 20, 4: 14, 5: 13, 6: 3, 7: 9}
Trying to moving ion 14... to 12
Ion assignment after moving ion 14: {0: 11, 1: 10, 2: 13, 3: 20, 4: 12, 5: 14, 6: 3, 7: 9}
Clearing endpoint 14.........
Gate position gate updated to [12 20]--------------c
Trying to moving ion 20... to 13
Ion assignment after moving ion 20: {0: 11, 1: 10, 2: 14, 3: 13, 4: 12, 5: 24, 6: 3, 7: 9}
Trying to solve brute-force congestion at gate [13, 24] with {0: 11, 1: 10, 2: 14, 3: 13, 4: 12, 5: 24, 6: 3, 7: 9}
Trying to moving ion 13... to 12
Ion assignment after moving ion 13: {0: 11, 1: 10, 2: 14, 3: 12, 4: 13, 5: 24, 6: 3, 7: 9}
Clearing endpoint 14.........
Gate position gate updated to [12 24]--------------c
Trying to moving ion 24... to 13
Ion assignment after moving ion 24: {0: 11, 1: 10, 2: 20, 3: 12, 4: 14, 5: 13, 6: 3, 7: 9}
Trying to solve brute-force congestion at gate [14, 13] with {0: 11, 1: 10, 2: 20, 3: 12, 4: 14, 5: 13, 6: 3, 7: 9}
Trying to moving ion 14... to 12
Ion assignment after moving ion 14: {0: 11, 1: 10, 2: 20, 3: 13, 4: 12, 5: 14, 6: 3, 7: 9}
Gate position gate updated to [12 14]--------------c
Trying to moving ion 14... to 13
Ion assignment after moving ion 14: {0: 11, 1: 10, 2: 20, 3: 14, 4: 12, 5: 13, 6: 3, 7: 9}
Trying to solve brute-force congestion at gate [20, 3] with {0: 11, 1: 10, 2: 20, 3: 14, 4: 12, 5: 13, 6: 3, 7: 9}
Trying to moving ion 3... to 3
Ion assignment after moving ion 3: {0: 11, 1: 10, 2: 20, 3: 14, 4: 12, 5: 13, 6: 3, 7: 9}
Gate position gate updated to [ 3 20]--------------c
Trying to moving ion 20... to 4
Ion assignment after moving ion 20: {0: 11, 1: 10, 2: 4, 3: 14, 4: 12, 5: 13, 6: 3, 7: 9}
Trying to solve brute-force congestion at gate [4, 9] with {0: 11, 1: 10, 2: 4, 3: 14, 4: 12, 5: 13, 6: 3, 7: 9}
Trying to moving ion 9... to 9
Ion assignment after moving ion 9: {0: 11, 1: 10, 2: 4, 3: 14, 4: 12, 5: 13, 6: 3, 7: 9}
Clearing endpoint 11.........
Gate position gate updated to [9 4]--------------c
Trying to moving ion 4... to 10
Ion assignment after moving ion 4: {0: 22, 1: 11, 2: 10, 3: 14, 4: 12, 5: 13, 6: 3, 7: 9}
Trying to solve brute-force congestion at gate [14, 3] with {0: 22, 1: 11, 2: 10, 3: 14, 4: 12, 5: 13, 6: 3, 7: 9}
Trying to moving ion 3... to 3
Ion assignment after moving ion 3: {0: 22, 1: 11, 2: 10, 3: 14, 4: 12, 5: 13, 6: 3, 7: 9}
Gate position gate updated to [ 3 14]--------------c
Trying to moving ion 14... to 4
Ion assignment after moving ion 14: {0: 22, 1: 11, 2: 10, 3: 4, 4: 12, 5: 13, 6: 3, 7: 9}
Trying to solve brute-force congestion at gate [4, 9] with {0: 22, 1: 11, 2: 10, 3: 4, 4: 12, 5: 13, 6: 3, 7: 9}
Trying to moving ion 9... to 9
Ion assignment after moving ion 9: {0: 22, 1: 11, 2: 10, 3: 4, 4: 12, 5: 13, 6: 3, 7: 9}
Clearing endpoint 11.........
Gate position gate updated to [9 4]--------------c
Trying to moving ion 4... to 10
Ion assignment after moving ion 4: {0: 8, 1: 22, 2: 11, 3: 10, 4: 12, 5: 13, 6: 3, 7: 9}
Trying to solve brute-force congestion at gate [12, 3] with {0: 8, 1: 22, 2: 11, 3: 10, 4: 12, 5: 13, 6: 3, 7: 9}
Trying to moving ion 12... to 12
Ion assignment after moving ion 12: {0: 8, 1: 22, 2: 11, 3: 10, 4: 12, 5: 13, 6: 3, 7: 9}
Gate position gate updated to [12  3]--------------c
Trying to moving ion 3... to 13
Ion assignment after moving ion 3: {0: 8, 1: 22, 2: 11, 3: 10, 4: 12, 5: 14, 6: 13, 7: 9}
Trying to solve brute-force congestion at gate [12, 9] with {0: 8, 1: 22, 2: 11, 3: 10, 4: 12, 5: 14, 6: 13, 7: 9}
Trying to moving ion 9... to 9
Ion assignment after moving ion 9: {0: 8, 1: 22, 2: 11, 3: 10, 4: 12, 5: 14, 6: 13, 7: 9}
Clearing endpoint 11.........
Gate position gate updated to [ 9 12]--------------c
Trying to moving ion 12... to 10
Ion assignment after moving ion 12: {0: 7, 1: 8, 2: 22, 3: 11, 4: 10, 5: 13, 6: 12, 7: 9}
Trying to solve brute-force congestion at gate [13, 9] with {0: 7, 1: 8, 2: 22, 3: 11, 4: 10, 5: 13, 6: 12, 7: 9}
Trying to moving ion 9... to 9
Ion assignment after moving ion 9: {0: 7, 1: 8, 2: 22, 3: 11, 4: 10, 5: 13, 6: 12, 7: 9}
Clearing endpoint 11.........
Gate position gate updated to [ 9 13]--------------c
Trying to moving ion 13... to 10
Ion assignment after moving ion 13: {0: 6, 1: 7, 2: 8, 3: 22, 4: 11, 5: 10, 6: 12, 7: 9}
Trying to solve brute-force congestion at gate [12, 9] with {0: 6, 1: 7, 2: 8, 3: 22, 4: 11, 5: 10, 6: 12, 7: 9}
Trying to moving ion 9... to 9
Ion assignment after moving ion 9: {0: 6, 1: 7, 2: 8, 3: 22, 4: 11, 5: 10, 6: 12, 7: 9}
Clearing endpoint 11.........
Gate position gate updated to [ 9 12]--------------c
Trying to moving ion 12... to 10
Ion assignment after moving ion 12: {0: 6, 1: 7, 2: 8, 3: 25, 4: 22, 5: 11, 6: 10, 7: 9}
Executing gate at point (0, 6).
Executing gate at point (1, 5).
Executing gate at point (2, 5).
Best move: (9, 10)
Best move: (10, 11)
Best move: (11, 23)
Best move: (11, 23)
Best move: (11, 23)
Try bruteforce due to repeated pattern...
Trying to solve brute-force congestion at gate [22, 23] with {0: 6, 1: 7, 2: 8, 3: 25, 4: 22, 5: 10, 6: 9, 7: 23}
Trying to moving ion 23... to 9
Ion assignment after moving ion 23: {0: 6, 1: 7, 2: 8, 3: 25, 4: 22, 5: 11, 6: 10, 7: 9}
Clearing endpoint 11.........
Gate position gate updated to [ 9 22]--------------c
Trying to moving ion 22... to 10
Ion assignment after moving ion 22: {0: 6, 1: 7, 2: 8, 3: 20, 4: 10, 5: 25, 6: 11, 7: 9}
Executing gate at point (2, 4).
Executing gate at point (3, 4).
Best move: (21, 25)
Best move: (10, 11)
Best move: (11, 23)
Best move: (23, 25)
Best move: (24, 25)
Best move: (20, 25)
Best move: (23, 25)
Best move: (14, 21)
Try bruteforce due to multiple steps (8) to solve one gate
Trying to solve brute-force congestion at gate [24, 14] with {0: 6, 1: 7, 2: 8, 3: 23, 4: 24, 5: 14, 6: 10, 7: 9}
Trying to moving ion 14... to 12
Ion assignment after moving ion 14: {0: 6, 1: 7, 2: 8, 3: 23, 4: 24, 5: 12, 6: 10, 7: 9}
Gate position gate updated to [12 24]--------------c
Trying to moving ion 24... to 13
Ion assignment after moving ion 24: {0: 6, 1: 7, 2: 8, 3: 23, 4: 13, 5: 12, 6: 10, 7: 9}
Executing gate at point (4, 4).
Best move: (9, 10)
Best move: (11, 23)
Executing gate at point (3, 3).
Executing gate at point (4, 3).
Best move: (11, 23)
Best move: (23, 25)
Best move: (21, 25)
Best move: (14, 21)
Executing gate at point (5, 3).
Executing gate at point (6, 3).
Best move: (8, 22)
Best move: (22, 23)
Best move: (11, 23)
Executing gate at point (4, 2).
Executing gate at point (5, 2).
Best move: (11, 23)
Best move: (23, 25)
Best move: (12, 13)
Best move: (13, 14)
Best move: (14, 21)
Best move: (20, 25)
Best move: (21, 25)
Best move: (20, 21)
Try bruteforce due to multiple steps (8) to solve one gate
Trying to solve brute-force congestion at gate [21, 25] with {0: 6, 1: 7, 2: 21, 3: 13, 4: 12, 5: 25, 6: 9, 7: 10}
Trying to moving ion 21... to 3
Ion assignment after moving ion 21: {0: 6, 1: 7, 2: 3, 3: 13, 4: 12, 5: 25, 6: 9, 7: 10}
Gate position gate updated to [ 3 25]--------------c
Trying to moving ion 25... to 4
Ion assignment after moving ion 25: {0: 6, 1: 7, 2: 3, 3: 13, 4: 12, 5: 4, 6: 9, 7: 10}
Executing gate at point (6, 2).
Best move: (3, 4)
Best move: (7, 8)
Best move: (8, 22)
Best move: (22, 23)
Best move: (11, 23)
Executing gate at point (5, 1).
Executing gate at point (6, 1).
Best move: (11, 23)
Best move: (23, 25)
Best move: (20, 25)
Best move: (5, 20)
Executing gate at point (7, 1).
Best move: (4, 5)
Best move: (5, 20)
Best move: (20, 21)
Best move: (14, 21)
Executing gate at point (7, 2).
Executing gate at point (8, 2).
Best move: (12, 13)
Best move: (13, 14)
Best move: (14, 21)
Best move: (20, 21)
Best move: (5, 20)
Executing gate at point (8, 1).
Best move: (4, 5)
Best move: (5, 20)
Best move: (20, 21)
Best move: (14, 21)
Executing gate at point (9, 1).
Executing gate at point (10, 1).
Best move: (10, 11)
Best move: (11, 23)
Best move: (22, 23)
Best move: (8, 22)
Executing gate at point (6, 0).
Best move: (6, 7)
Best move: (7, 8)
Best move: (8, 22)
Best move: (22, 23)
Best move: (11, 23)
Executing gate at point (7, 0).
Best move: (11, 23)
Best move: (23, 25)
Best move: (20, 25)
Best move: (5, 20)
Executing gate at point (8, 0).
Executing gate at point (9, 0).
Best move: (5, 20)
Best move: (12, 13)
Best move: (13, 14)
Best move: (14, 21)
Best move: (20, 24)
Best move: (19, 24)
Best move: (21, 24)
Best move: (17, 19)
Try bruteforce due to multiple steps (8) to solve one gate
Trying to solve brute-force congestion at gate [17, 24] with {0: 17, 1: 13, 2: 12, 3: 24, 4: 4, 5: 3, 6: 9, 7: 7}
Trying to moving ion 17... to 15
Ion assignment after moving ion 17: {0: 15, 1: 13, 2: 12, 3: 24, 4: 4, 5: 3, 6: 9, 7: 7}
Gate position gate updated to [15 24]--------------c
Trying to moving ion 24... to 16
Ion assignment after moving ion 24: {0: 15, 1: 13, 2: 12, 3: 16, 4: 4, 5: 3, 6: 9, 7: 7}
Executing gate at point (10, 0).
Best move: (15, 16)
Best move: (4, 5)
Best move: (5, 20)
Best move: (20, 24)
Best move: (19, 24)
Best move: (17, 19)
Executing gate at point (11, 3).
Best move: (16, 17)
Best move: (17, 19)
Best move: (19, 24)
Best move: (21, 24)
Best move: (14, 21)
Executing gate at point (11, 0).
Executing gate at point (12, 0).
Best move: (14, 21)
Best move: (21, 25)
Best move: (22, 25)
Best move: (8, 22)
Executing gate at point (13, 0).
Best move: (3, 4)
Best move: (4, 5)
Best move: (5, 20)
Best move: (20, 21)
Best move: (14, 21)
Executing gate at point (12, 2).
Best move: (13, 14)
Best move: (14, 21)
Best move: (21, 25)
Best move: (23, 25)
Best move: (11, 23)
Executing gate at point (13, 1).
Trying to solve brute-force congestion at gate [14, 12] with {0: 14, 1: 10, 2: 12, 3: 15, 4: 16, 5: 13, 6: 9, 7: 7}
Trying to moving ion 14... to 12
Ion assignment after moving ion 14: {0: 12, 1: 10, 2: 13, 3: 15, 4: 16, 5: 14, 6: 9, 7: 7}
Clearing endpoint 14.........
Gate position gate updated to [12 13]--------------c
Trying to moving ion 13... to 13
Ion assignment after moving ion 13: {0: 12, 1: 10, 2: 13, 3: 15, 4: 16, 5: 21, 6: 9, 7: 7}
Trying to solve brute-force congestion at gate [12, 15] with {0: 12, 1: 10, 2: 13, 3: 15, 4: 16, 5: 21, 6: 9, 7: 7}
Trying to moving ion 12... to 12
Ion assignment after moving ion 12: {0: 12, 1: 10, 2: 13, 3: 15, 4: 16, 5: 21, 6: 9, 7: 7}
Gate position gate updated to [12 15]--------------c
Trying to moving ion 15... to 13
Ion assignment after moving ion 15: {0: 12, 1: 10, 2: 14, 3: 13, 4: 15, 5: 25, 6: 9, 7: 7}
Trying to solve brute-force congestion at gate [12, 15] with {0: 12, 1: 10, 2: 14, 3: 13, 4: 15, 5: 25, 6: 9, 7: 7}
Trying to moving ion 12... to 12
Ion assignment after moving ion 12: {0: 12, 1: 10, 2: 14, 3: 13, 4: 15, 5: 25, 6: 9, 7: 7}
Clearing endpoint 14.........
Gate position gate updated to [12 15]--------------c
Trying to moving ion 15... to 13
Ion assignment after moving ion 15: {0: 12, 1: 10, 2: 20, 3: 14, 4: 13, 5: 25, 6: 9, 7: 7}
Trying to solve brute-force congestion at gate [10, 20] with {0: 12, 1: 10, 2: 20, 3: 14, 4: 13, 5: 25, 6: 9, 7: 7}
Trying to moving ion 10... to 9
Ion assignment after moving ion 10: {0: 12, 1: 9, 2: 20, 3: 14, 4: 13, 5: 25, 6: 10, 7: 7}
Gate position gate updated to [ 9 20]--------------c
Trying to moving ion 20... to 10
Ion assignment after moving ion 20: {0: 12, 1: 9, 2: 10, 3: 14, 4: 13, 5: 21, 6: 11, 7: 7}
Trying to solve brute-force congestion at gate [9, 14] with {0: 12, 1: 9, 2: 10, 3: 14, 4: 13, 5: 21, 6: 11, 7: 7}
Trying to moving ion 9... to 9
Ion assignment after moving ion 9: {0: 12, 1: 9, 2: 10, 3: 14, 4: 13, 5: 21, 6: 11, 7: 7}
Clearing endpoint 11.........
Gate position gate updated to [ 9 14]--------------c
Trying to moving ion 14... to 10
Ion assignment after moving ion 14: {0: 12, 1: 9, 2: 11, 3: 10, 4: 13, 5: 24, 6: 22, 7: 7}
Trying to solve brute-force congestion at gate [11, 10] with {0: 12, 1: 9, 2: 11, 3: 10, 4: 13, 5: 24, 6: 22, 7: 7}
Trying to moving ion 11... to 9
Ion assignment after moving ion 11: {0: 12, 1: 10, 2: 9, 3: 11, 4: 13, 5: 24, 6: 22, 7: 7}
Gate position gate updated to [ 9 11]--------------c
Trying to moving ion 11... to 10
Ion assignment after moving ion 11: {0: 12, 1: 11, 2: 9, 3: 10, 4: 13, 5: 24, 6: 22, 7: 7}
Trying to solve brute-force congestion at gate [12, 24] with {0: 12, 1: 11, 2: 9, 3: 10, 4: 13, 5: 24, 6: 22, 7: 7}
Trying to moving ion 12... to 12
Ion assignment after moving ion 12: {0: 12, 1: 11, 2: 9, 3: 10, 4: 13, 5: 24, 6: 22, 7: 7}
Gate position gate updated to [12 24]--------------c
Trying to moving ion 24... to 13
Ion assignment after moving ion 24: {0: 12, 1: 11, 2: 9, 3: 10, 4: 14, 5: 13, 6: 22, 7: 7}
Trying to solve brute-force congestion at gate [12, 22] with {0: 12, 1: 11, 2: 9, 3: 10, 4: 14, 5: 13, 6: 22, 7: 7}
Trying to moving ion 12... to 12
Ion assignment after moving ion 12: {0: 12, 1: 11, 2: 9, 3: 10, 4: 14, 5: 13, 6: 22, 7: 7}
Clearing endpoint 14.........
Gate position gate updated to [12 22]--------------c
Trying to moving ion 22... to 13
Ion assignment after moving ion 22: {0: 12, 1: 11, 2: 9, 3: 10, 4: 24, 5: 14, 6: 13, 7: 7}
Trying to solve brute-force congestion at gate [12, 7] with {0: 12, 1: 11, 2: 9, 3: 10, 4: 24, 5: 14, 6: 13, 7: 7}
Trying to moving ion 12... to 12
Ion assignment after moving ion 12: {0: 12, 1: 11, 2: 9, 3: 10, 4: 24, 5: 14, 6: 13, 7: 7}
Clearing endpoint 14.........
Gate position gate updated to [12  7]--------------c
Trying to moving ion 7... to 13
Ion assignment after moving ion 7: {0: 12, 1: 11, 2: 9, 3: 10, 4: 24, 5: 20, 6: 14, 7: 13}
Trying to solve brute-force congestion at gate [11, 24] with {0: 12, 1: 11, 2: 9, 3: 10, 4: 24, 5: 20, 6: 14, 7: 13}
Trying to moving ion 11... to 9
Ion assignment after moving ion 11: {0: 12, 1: 9, 2: 10, 3: 11, 4: 24, 5: 20, 6: 14, 7: 13}
Clearing endpoint 11.........
Gate position gate updated to [ 9 24]--------------c
Trying to moving ion 24... to 10
Ion assignment after moving ion 24: {0: 12, 1: 9, 2: 11, 3: 22, 4: 10, 5: 20, 6: 14, 7: 13}
Trying to solve brute-force congestion at gate [9, 20] with {0: 12, 1: 9, 2: 11, 3: 22, 4: 10, 5: 20, 6: 14, 7: 13}
Trying to moving ion 9... to 9
Ion assignment after moving ion 9: {0: 12, 1: 9, 2: 11, 3: 22, 4: 10, 5: 20, 6: 14, 7: 13}
Clearing endpoint 11.........
Gate position gate updated to [ 9 20]--------------c
Trying to moving ion 20... to 10
Ion assignment after moving ion 20: {0: 12, 1: 9, 2: 22, 3: 8, 4: 11, 5: 10, 6: 14, 7: 13}
Trying to solve brute-force congestion at gate [9, 14] with {0: 12, 1: 9, 2: 22, 3: 8, 4: 11, 5: 10, 6: 14, 7: 13}
Trying to moving ion 9... to 9
Ion assignment after moving ion 9: {0: 12, 1: 9, 2: 22, 3: 8, 4: 11, 5: 10, 6: 14, 7: 13}
Clearing endpoint 11.........
Gate position gate updated to [ 9 14]--------------c
Trying to moving ion 14... to 10
Ion assignment after moving ion 14: {0: 12, 1: 9, 2: 8, 3: 7, 4: 22, 5: 11, 6: 10, 7: 13}
Trying to solve brute-force congestion at gate [9, 13] with {0: 12, 1: 9, 2: 8, 3: 7, 4: 22, 5: 11, 6: 10, 7: 13}
Trying to moving ion 9... to 9
Ion assignment after moving ion 9: {0: 12, 1: 9, 2: 8, 3: 7, 4: 22, 5: 11, 6: 10, 7: 13}
Clearing endpoint 11.........
Gate position gate updated to [ 9 13]--------------c
Trying to moving ion 13... to 10
Ion assignment after moving ion 13: {0: 12, 1: 9, 2: 7, 3: 6, 4: 8, 5: 22, 6: 11, 7: 10}
Trying to solve brute-force congestion at gate [7, 22] with {0: 12, 1: 9, 2: 7, 3: 6, 4: 8, 5: 22, 6: 11, 7: 10}
Trying to moving ion 7... to 6
Ion assignment after moving ion 7: {0: 12, 1: 9, 2: 6, 3: 7, 4: 8, 5: 22, 6: 11, 7: 10}
Clearing endpoint 8.........
Gate position gate updated to [ 6 25]--------------c
Trying to moving ion 25... to 7
Ion assignment after moving ion 25: {0: 12, 1: 9, 2: 6, 3: 8, 4: 23, 5: 7, 6: 11, 7: 10}
Trying to solve brute-force congestion at gate [8, 23] with {0: 12, 1: 9, 2: 6, 3: 8, 4: 23, 5: 7, 6: 11, 7: 10}
Trying to moving ion 8... to 6
Ion assignment after moving ion 8: {0: 12, 1: 9, 2: 7, 3: 6, 4: 23, 5: 8, 6: 11, 7: 10}
Clearing endpoint 8.........
Gate position gate updated to [ 6 23]--------------c
Trying to moving ion 23... to 7
Ion assignment after moving ion 23: {0: 12, 1: 9, 2: 8, 3: 6, 4: 7, 5: 25, 6: 11, 7: 10}
Trying to solve brute-force congestion at gate [6, 25] with {0: 12, 1: 9, 2: 8, 3: 6, 4: 7, 5: 25, 6: 11, 7: 10}
Trying to moving ion 6... to 6
Ion assignment after moving ion 6: {0: 12, 1: 9, 2: 8, 3: 6, 4: 7, 5: 25, 6: 11, 7: 10}
Clearing endpoint 8.........
Gate position gate updated to [ 6 25]--------------c
Trying to moving ion 25... to 7
Ion assignment after moving ion 25: {0: 12, 1: 9, 2: 23, 3: 6, 4: 8, 5: 7, 6: 11, 7: 10}
Trying to solve brute-force congestion at gate [8, 7] with {0: 12, 1: 9, 2: 23, 3: 6, 4: 8, 5: 7, 6: 11, 7: 10}
Trying to moving ion 8... to 6
Ion assignment after moving ion 8: {0: 12, 1: 9, 2: 23, 3: 7, 4: 6, 5: 8, 6: 11, 7: 10}
Gate position gate updated to [6 8]--------------c
Trying to moving ion 8... to 7
Ion assignment after moving ion 8: {0: 12, 1: 9, 2: 23, 3: 8, 4: 6, 5: 7, 6: 11, 7: 10}
Trying to solve brute-force congestion at gate [23, 11] with {0: 12, 1: 9, 2: 23, 3: 8, 4: 6, 5: 7, 6: 11, 7: 10}
Trying to moving ion 11... to 9
Ion assignment after moving ion 11: {0: 12, 1: 10, 2: 23, 3: 8, 4: 6, 5: 7, 6: 9, 7: 11}
Clearing endpoint 11.........
Gate position gate updated to [ 9 25]--------------c
Trying to moving ion 25... to 10
Ion assignment after moving ion 25: {0: 12, 1: 11, 2: 10, 3: 8, 4: 6, 5: 7, 6: 9, 7: 22}
Trying to solve brute-force congestion at gate [10, 22] with {0: 12, 1: 11, 2: 10, 3: 8, 4: 6, 5: 7, 6: 9, 7: 22}
Trying to moving ion 10... to 9
Ion assignment after moving ion 10: {0: 12, 1: 11, 2: 9, 3: 8, 4: 6, 5: 7, 6: 10, 7: 22}
Clearing endpoint 11.........
Gate position gate updated to [ 9 22]--------------c
Trying to moving ion 22... to 10
Ion assignment after moving ion 22: {0: 12, 1: 25, 2: 9, 3: 8, 4: 6, 5: 7, 6: 11, 7: 10}
Trying to solve brute-force congestion at gate [8, 11] with {0: 12, 1: 25, 2: 9, 3: 8, 4: 6, 5: 7, 6: 11, 7: 10}
Trying to moving ion 8... to 6
Ion assignment after moving ion 8: {0: 12, 1: 25, 2: 9, 3: 6, 4: 7, 5: 8, 6: 11, 7: 10}
Clearing endpoint 8.........
Gate position gate updated to [ 6 11]--------------c
Trying to moving ion 11... to 7
Ion assignment after moving ion 11: {0: 12, 1: 20, 2: 9, 3: 6, 4: 8, 5: 25, 6: 7, 7: 10}
Trying to solve brute-force congestion at gate [6, 10] with {0: 12, 1: 20, 2: 9, 3: 6, 4: 8, 5: 25, 6: 7, 7: 10}
Trying to moving ion 6... to 6
Ion assignment after moving ion 6: {0: 12, 1: 20, 2: 9, 3: 6, 4: 8, 5: 25, 6: 7, 7: 10}
Clearing endpoint 8.........
Gate position gate updated to [ 6 10]--------------c
Trying to moving ion 10... to 7
Ion assignment after moving ion 10: {0: 12, 1: 20, 2: 9, 3: 6, 4: 25, 5: 24, 6: 8, 7: 7}
Trying to solve brute-force congestion at gate [25, 8] with {0: 12, 1: 20, 2: 9, 3: 6, 4: 25, 5: 24, 6: 8, 7: 7}
Trying to moving ion 8... to 6
Ion assignment after moving ion 8: {0: 12, 1: 20, 2: 9, 3: 7, 4: 25, 5: 24, 6: 6, 7: 8}
Clearing endpoint 8.........
Gate position gate updated to [ 6 25]--------------c
Trying to moving ion 25... to 7
Ion assignment after moving ion 25: {0: 12, 1: 20, 2: 9, 3: 8, 4: 7, 5: 24, 6: 6, 7: 23}
Trying to solve brute-force congestion at gate [7, 23] with {0: 12, 1: 20, 2: 9, 3: 8, 4: 7, 5: 24, 6: 6, 7: 23}
Trying to moving ion 7... to 6
Ion assignment after moving ion 7: {0: 12, 1: 20, 2: 9, 3: 8, 4: 6, 5: 24, 6: 7, 7: 23}
Clearing endpoint 8.........
Gate position gate updated to [ 6 23]--------------c
Trying to moving ion 23... to 7
Ion assignment after moving ion 23: {0: 12, 1: 20, 2: 9, 3: 25, 4: 6, 5: 24, 6: 8, 7: 7}
Trying to solve brute-force congestion at gate [24, 8] with {0: 12, 1: 20, 2: 9, 3: 25, 4: 6, 5: 24, 6: 8, 7: 7}
Trying to moving ion 8... to 6
Ion assignment after moving ion 8: {0: 12, 1: 20, 2: 9, 3: 25, 4: 7, 5: 24, 6: 6, 7: 8}
Clearing endpoint 8.........
Gate position gate updated to [ 6 24]--------------c
Trying to moving ion 24... to 7
Ion assignment after moving ion 24: {0: 12, 1: 20, 2: 9, 3: 11, 4: 8, 5: 7, 6: 6, 7: 23}
Trying to solve brute-force congestion at gate [7, 23] with {0: 12, 1: 20, 2: 9, 3: 11, 4: 8, 5: 7, 6: 6, 7: 23}
Trying to moving ion 7... to 6
Ion assignment after moving ion 7: {0: 12, 1: 20, 2: 9, 3: 11, 4: 8, 5: 6, 6: 7, 7: 23}
Clearing endpoint 8.........
Gate position gate updated to [ 6 23]--------------c
Trying to moving ion 23... to 7
Ion assignment after moving ion 23: {0: 12, 1: 20, 2: 9, 3: 11, 4: 25, 5: 6, 6: 8, 7: 7}
Trying to solve brute-force congestion at gate [8, 7] with {0: 12, 1: 20, 2: 9, 3: 11, 4: 25, 5: 6, 6: 8, 7: 7}
Trying to moving ion 8... to 6
Ion assignment after moving ion 8: {0: 12, 1: 20, 2: 9, 3: 11, 4: 25, 5: 7, 6: 6, 7: 8}
Gate position gate updated to [6 8]--------------c
Trying to moving ion 8... to 7
Ion assignment after moving ion 8: {0: 12, 1: 20, 2: 9, 3: 11, 4: 25, 5: 8, 6: 6, 7: 7}
Executing gate at point (0, 6).
Executing gate at point (1, 5).
Executing gate at point (2, 5).
Best move: (7, 8)
Best move: (8, 22)
Best move: (22, 23)
Best move: (22, 25)
Best move: (22, 25)
Best move: (21, 25)
Best move: (23, 25)
Best move: (14, 21)
Try bruteforce due to multiple steps (8) to solve one gate
Trying to solve brute-force congestion at gate [14, 25] with {0: 12, 1: 20, 2: 9, 3: 11, 4: 14, 5: 7, 6: 6, 7: 25}
Trying to moving ion 14... to 12
Ion assignment after moving ion 14: {0: 13, 1: 20, 2: 9, 3: 11, 4: 12, 5: 7, 6: 6, 7: 25}
Gate position gate updated to [12 25]--------------c
Trying to moving ion 25... to 13
Ion assignment after moving ion 25: {0: 14, 1: 20, 2: 9, 3: 11, 4: 12, 5: 7, 6: 6, 7: 13}
Executing gate at point (2, 4).
Best move: (13, 14)
Best move: (14, 21)
Best move: (21, 25)
Best move: (23, 25)
Best move: (10, 11)
Best move: (11, 23)
Executing gate at point (3, 3).
Executing gate at point (4, 2).
Best move: (11, 23)
Best move: (23, 25)
Best move: (21, 25)
Best move: (20, 25)
Best move: (20, 25)
Best move: (5, 20)
Best move: (20, 21)
Best move: (4, 5)
Try bruteforce due to multiple steps (8) to solve one gate
Trying to solve brute-force congestion at gate [4, 20] with {0: 13, 1: 4, 2: 9, 3: 10, 4: 12, 5: 7, 6: 6, 7: 20}
Trying to moving ion 4... to 3
Ion assignment after moving ion 4: {0: 13, 1: 3, 2: 9, 3: 10, 4: 12, 5: 7, 6: 6, 7: 20}
Gate position gate updated to [ 3 20]--------------c
Trying to moving ion 20... to 4
Ion assignment after moving ion 20: {0: 13, 1: 3, 2: 9, 3: 10, 4: 12, 5: 7, 6: 6, 7: 4}
Executing gate at point (5, 1).
Best move: (6, 7)
Best move: (7, 8)
Best move: (8, 22)
Best move: (22, 25)
Best move: (21, 25)
Best move: (14, 21)
Executing gate at point (3, 4).
Best move: (14, 21)
Best move: (12, 13)
Best move: (13, 14)
Best move: (6, 7)
Best move: (6, 7)
Best move: (6, 7)
Try bruteforce due to repeated pattern...
Trying to solve brute-force congestion at gate [14, 7] with {0: 12, 1: 3, 2: 9, 3: 10, 4: 14, 5: 7, 6: 21, 7: 4}
Trying to moving ion 7... to 6
Ion assignment after moving ion 7: {0: 12, 1: 3, 2: 9, 3: 10, 4: 14, 5: 6, 6: 21, 7: 4}
Gate position gate updated to [ 6 14]--------------c
Trying to moving ion 14... to 7
Ion assignment after moving ion 14: {0: 12, 1: 3, 2: 9, 3: 10, 4: 7, 5: 6, 6: 24, 7: 4}
Executing gate at point (4, 4).
Best move: (24, 25)
Best move: (23, 25)
Best move: (11, 23)
Executing gate at point (4, 3).
Executing gate at point (5, 2).
Best move: (11, 23)
Best move: (10, 11)
Best move: (6, 7)
Best move: (6, 7)
Best move: (6, 7)
Try bruteforce due to repeated pattern...
Trying to solve brute-force congestion at gate [11, 7] with {0: 12, 1: 3, 2: 9, 3: 11, 4: 6, 5: 7, 6: 23, 7: 4}
Trying to moving ion 7... to 6
Ion assignment after moving ion 7: {0: 12, 1: 3, 2: 9, 3: 11, 4: 7, 5: 6, 6: 23, 7: 4}
Gate position gate updated to [ 6 11]--------------c
Trying to moving ion 11... to 7
Ion assignment after moving ion 11: {0: 12, 1: 3, 2: 9, 3: 7, 4: 8, 5: 6, 6: 25, 7: 4}
Executing gate at point (5, 3).
Executing gate at point (6, 3).
Best move: (6, 7)
Best move: (20, 25)
Best move: (7, 8)
Best move: (8, 22)
Best move: (22, 23)
Best move: (5, 20)
Executing gate at point (6, 1).
Best move: (11, 23)
Executing gate at point (6, 2).
Best move: (10, 11)
Best move: (4, 5)
Best move: (5, 20)
Best move: (20, 21)
Best move: (14, 21)
Executing gate at point (6, 0).
Best move: (7, 8)
Best move: (8, 22)
Best move: (22, 23)
Best move: (11, 23)
Executing gate at point (7, 2).
Best move: (10, 11)
Best move: (11, 23)
Best move: (23, 25)
Best move: (20, 25)
Best move: (5, 20)
Executing gate at point (7, 1).
Best move: (3, 4)
Best move: (4, 5)
Best move: (5, 20)
Best move: (20, 25)
Best move: (23, 25)
Best move: (12, 13)
Best move: (13, 14)
Best move: (14, 21)
Try bruteforce due to multiple steps (8) to solve one gate
Trying to solve brute-force congestion at gate [9, 6] with {0: 21, 1: 23, 2: 9, 3: 6, 4: 10, 5: 4, 6: 3, 7: 13}
Trying to moving ion 9... to 9
Ion assignment after moving ion 9: {0: 21, 1: 23, 2: 9, 3: 6, 4: 10, 5: 4, 6: 3, 7: 13}
Gate position gate updated to [9 6]--------------c
Trying to moving ion 6... to 10
Ion assignment after moving ion 6: {0: 21, 1: 25, 2: 9, 3: 10, 4: 11, 5: 4, 6: 3, 7: 13}
Executing gate at point (8, 2).
Best move: (11, 23)
Best move: (20, 21)
Best move: (22, 23)
Best move: (5, 20)
Executing gate at point (7, 0).
Executing gate at point (8, 0).
Best move: (23, 25)
Best move: (8, 22)
Best move: (22, 23)
Best move: (7, 8)
Best move: (8, 22)
Executing gate at point (8, 1).
Best move: (8, 22)
Best move: (5, 20)
Best move: (20, 25)
Best move: (23, 25)
Best move: (6, 7)
Best move: (6, 7)
Best move: (23, 25)
Best move: (23, 25)
Try bruteforce due to multiple steps (8) to solve one gate
Trying to solve brute-force congestion at gate [23, 7] with {0: 23, 1: 22, 2: 9, 3: 10, 4: 7, 5: 4, 6: 3, 7: 13}
Trying to moving ion 7... to 6
Ion assignment after moving ion 7: {0: 23, 1: 22, 2: 9, 3: 10, 4: 6, 5: 4, 6: 3, 7: 13}
Gate position gate updated to [ 6 23]--------------c
Trying to moving ion 23... to 7
Ion assignment after moving ion 23: {0: 7, 1: 25, 2: 9, 3: 10, 4: 6, 5: 4, 6: 3, 7: 13}
Executing gate at point (9, 0).
Best move: (23, 25)Input filename:  QFT_8_compiled
Algorithm:  SHAPER
Trap type:  G2x3
Trap capacity:  3
Num layout passes:  2
Gate type:  FM
Run index:  3
Creating a QCCD machine ...
QCCD physical machine:
### Traps ### 
Trap(id='trap_0', max_num_ions=3, initial_num_ions=0, executable=True, measureable=True)
Trap(id='trap_1', max_num_ions=3, initial_num_ions=0, executable=True, measureable=True)
Trap(id='trap_2', max_num_ions=3, initial_num_ions=0, executable=True, measureable=True)
Trap(id='trap_3', max_num_ions=3, initial_num_ions=0, executable=True, measureable=True)
Trap(id='trap_4', max_num_ions=3, initial_num_ions=0, executable=True, measureable=True)
Trap(id='trap_5', max_num_ions=3, initial_num_ions=0, executable=True, measureable=True)
### Junctions ### 
Junction(id='junction_0')
Junction(id='junction_1')
Junction(id='junction_2')
### Segments ### 
Segment(id='segment_0', left=Trap(id='trap_0', max_num_ions=3, initial_num_ions=0, executable=True, measureable=True), right=Junction(id='junction_0'))
Segment(id='segment_1', left=Trap(id='trap_5', max_num_ions=3, initial_num_ions=0, executable=True, measureable=True), right=Junction(id='junction_0'))
Segment(id='segment_2', left=Trap(id='trap_1', max_num_ions=3, initial_num_ions=0, executable=True, measureable=True), right=Junction(id='junction_1'))
Segment(id='segment_3', left=Trap(id='trap_4', max_num_ions=3, initial_num_ions=0, executable=True, measureable=True), right=Junction(id='junction_1'))
Segment(id='segment_4', left=Trap(id='trap_2', max_num_ions=3, initial_num_ions=0, executable=True, measureable=True), right=Junction(id='junction_2'))
Segment(id='segment_5', left=Trap(id='trap_3', max_num_ions=3, initial_num_ions=0, executable=True, measureable=True), right=Junction(id='junction_2'))
Segment(id='segment_6', left=Junction(id='junction_0'), right=Junction(id='junction_1'))
Segment(id='segment_7', left=Junction(id='junction_1'), right=Junction(id='junction_2'))
Finished creating the QCCD physical machine.
Position graph:  CouplingGraph({(3, 4), (12, 13), (22, 23), (21, 25), (23, 25), (11, 23), (13, 14), (19, 24), (18, 19), (4, 5), (20, 25), (21, 24), (22, 25), (14, 21), (0, 1), (9, 10), (1, 2), (10, 11), (6, 7), (15, 16), (24, 25), (18, 24), (20, 21), (20, 24), (17, 19), (5, 20), (8, 22), (2, 18), (7, 8), (16, 17)})
Initial ion assignment:  {0: 9, 1: 17, 2: 16, 3: 6, 4: 11, 5: 7, 6: 10, 7: 13}
Congestion rate:  1.0
Scheduling QCCD: 2600007880.0000005 us, costing 60.132538500009105 s to compile
2600.0078800000006
60.132538500009105
{0: 12, 1: 20, 2: 9, 3: 11, 4: 25, 5: 8, 6: 6, 7: 7}
[0, 1, 2, 3, 4, 5, 6, 7]
