Best move: (5, 16)
Best move: (9, 15)
Best move: (15, 19)
Best move: (17, 19)
Best move: (16, 19)
Best move: (7, 17)
Try bruteforce due to multiple steps (6) to solve one gate
Trying to solve brute-force congestion at gate [0, 2] with {0: 19, 1: 0, 2: 8, 3: 6, 4: 1, 5: 2, 6: 7, 7: 10}
Trying to moving ion 2... to 2
Ion assignment after moving ion 2: {0: 19, 1: 0, 2: 8, 3: 6, 4: 1, 5: 2, 6: 7, 7: 10}
Gate position gate updated to [2 0]--------------c
Trying to moving ion 0... to 3
Ion assignment after moving ion 0: {0: 19, 1: 3, 2: 8, 3: 6, 4: 0, 5: 2, 6: 7, 7: 10}
Executing gate at point (0, 1).
Executing gate at point (0, 3).
Executing gate at point (1, 1).
Executing gate at point (1, 3).
Best move: (18, 19)
Best move: (13, 18)
Best move: (7, 17)
Best move: (17, 19)
Best move: (18, 19)
Best move: (12, 18)
Try bruteforce due to multiple steps (6) to solve one gate
Trying to solve brute-force congestion at gate [8, 2] with {0: 13, 1: 3, 2: 8, 3: 6, 4: 0, 5: 2, 6: 12, 7: 10}
Trying to moving ion 8... to 8
Ion assignment after moving ion 8: {0: 13, 1: 3, 2: 8, 3: 6, 4: 0, 5: 2, 6: 12, 7: 10}
Gate position gate updated to [8 2]--------------c
Trying to moving ion 2... to 9
Ion assignment after moving ion 2: {0: 13, 1: 2, 2: 8, 3: 6, 4: 0, 5: 9, 6: 12, 7: 10}
Executing gate at point (2, 2).
Executing gate at point (3, 2).
Best move: (11, 13)
Executing gate at point (0, 0).
Executing gate at point (1, 0).
Best move: (10, 11)
Best move: (11, 13)
Best move: (13, 18)
Best move: (14, 18)
Best move: (3, 14)
Executing gate at point (2, 1).
Executing gate at point (3, 1).
Best move: (3, 14)
Best move: (1, 12)
Executing gate at point (2, 4).
Executing gate at point (3, 4).
Best move: (14, 19)
Best move: (17, 19)
Best move: (7, 17)
Executing gate at point (4, 3).
Executing gate at point (5, 3).
Best move: (7, 17)
Best move: (0, 1)
Best move: (1, 12)
Best move: (12, 18)
Best move: (18, 19)
Best move: (16, 19)
Try bruteforce due to multiple steps (6) to solve one gate
Trying to solve brute-force congestion at gate [16, 17] with {0: 10, 1: 2, 2: 8, 3: 6, 4: 16, 5: 9, 6: 0, 7: 17}
Trying to moving ion 16... to 4
Ion assignment after moving ion 16: {0: 10, 1: 2, 2: 8, 3: 6, 4: 4, 5: 9, 6: 0, 7: 17}
Gate position gate updated to [ 4 17]--------------c
Trying to moving ion 17... to 5
Ion assignment after moving ion 17: {0: 10, 1: 2, 2: 8, 3: 6, 4: 4, 5: 9, 6: 0, 7: 5}
Executing gate at point (6, 4).
Executing gate at point (7, 4).
Trying to solve brute-force congestion at gate [9, 5] with {0: 10, 1: 2, 2: 8, 3: 6, 4: 4, 5: 9, 6: 0, 7: 5}
Trying to moving ion 5... to 4
Ion assignment after moving ion 5: {0: 10, 1: 2, 2: 8, 3: 6, 4: 5, 5: 9, 6: 0, 7: 4}
Clearing endpoint 5.........
Gate position gate updated to [4 9]--------------c
Trying to moving ion 9... to 5
Ion assignment after moving ion 9: {0: 10, 1: 2, 2: 8, 3: 6, 4: 17, 5: 5, 6: 0, 7: 4}
Executing gate at point (8, 5).
Executing gate at point (9, 5).
Trying to solve brute-force congestion at gate [16, 5] with {0: 10, 1: 2, 2: 8, 3: 6, 4: 16, 5: 9, 6: 0, 7: 5}
Trying to moving ion 5... to 4
Ion assignment after moving ion 5: {0: 10, 1: 2, 2: 8, 3: 6, 4: 16, 5: 9, 6: 0, 7: 4}
Gate position gate updated to [ 4 16]--------------c
Trying to moving ion 16... to 5
Ion assignment after moving ion 16: {0: 10, 1: 2, 2: 8, 3: 6, 4: 5, 5: 9, 6: 0, 7: 4}
Trying to solve brute-force congestion at gate [5, 4] with {0: 10, 1: 2, 2: 8, 3: 6, 4: 5, 5: 9, 6: 0, 7: 4}
Trying to moving ion 5... to 4
Ion assignment after moving ion 5: {0: 10, 1: 2, 2: 8, 3: 6, 4: 4, 5: 9, 6: 0, 7: 5}
Gate position gate updated to [4 5]--------------c
Trying to moving ion 5... to 5
Ion assignment after moving ion 5: {0: 10, 1: 2, 2: 8, 3: 6, 4: 4, 5: 9, 6: 0, 7: 5}
Trying to solve brute-force congestion at gate [6, 5] with {0: 10, 1: 2, 2: 8, 3: 6, 4: 4, 5: 9, 6: 0, 7: 5}
Trying to moving ion 6... to 6
Ion assignment after moving ion 6: {0: 10, 1: 2, 2: 8, 3: 6, 4: 4, 5: 9, 6: 0, 7: 5}
Gate position gate updated to [6 5]--------------c
Trying to moving ion 5... to 7
Ion assignment after moving ion 5: {0: 10, 1: 2, 2: 8, 3: 6, 4: 4, 5: 9, 6: 0, 7: 7}
Trying to solve brute-force congestion at gate [4, 0] with {0: 10, 1: 2, 2: 8, 3: 6, 4: 4, 5: 9, 6: 0, 7: 7}
Trying to moving ion 0... to 0
Ion assignment after moving ion 0: {0: 10, 1: 2, 2: 8, 3: 6, 4: 4, 5: 9, 6: 0, 7: 7}
Gate position gate updated to [0 4]--------------c
Trying to moving ion 4... to 1
Ion assignment after moving ion 4: {0: 10, 1: 2, 2: 8, 3: 6, 4: 1, 5: 9, 6: 0, 7: 7}
Trying to solve brute-force congestion at gate [2, 7] with {0: 10, 1: 2, 2: 8, 3: 6, 4: 1, 5: 9, 6: 0, 7: 7}
Trying to moving ion 2... to 2
Ion assignment after moving ion 2: {0: 10, 1: 2, 2: 8, 3: 6, 4: 1, 5: 9, 6: 0, 7: 7}
Gate position gate updated to [2 7]--------------c
Trying to moving ion 7... to 3
Ion assignment after moving ion 7: {0: 10, 1: 2, 2: 8, 3: 6, 4: 1, 5: 9, 6: 0, 7: 3}
Trying to solve brute-force congestion at gate [6, 0] with {0: 10, 1: 2, 2: 8, 3: 6, 4: 1, 5: 9, 6: 0, 7: 3}
Trying to moving ion 6... to 6
Ion assignment after moving ion 6: {0: 10, 1: 2, 2: 8, 3: 6, 4: 1, 5: 9, 6: 0, 7: 3}
Gate position gate updated to [6 0]--------------c
Trying to moving ion 0... to 7
Ion assignment after moving ion 0: {0: 10, 1: 2, 2: 8, 3: 6, 4: 0, 5: 9, 6: 7, 7: 3}
Trying to solve brute-force congestion at gate [10, 3] with {0: 10, 1: 2, 2: 8, 3: 6, 4: 0, 5: 9, 6: 7, 7: 3}
Trying to moving ion 10... to 10
Ion assignment after moving ion 10: {0: 10, 1: 2, 2: 8, 3: 6, 4: 0, 5: 9, 6: 7, 7: 3}
Gate position gate updated to [10  3]--------------c
Trying to moving ion 3... to 11
Ion assignment after moving ion 3: {0: 10, 1: 2, 2: 8, 3: 6, 4: 0, 5: 9, 6: 7, 7: 11}
Trying to solve brute-force congestion at gate [2, 9] with {0: 10, 1: 2, 2: 8, 3: 6, 4: 0, 5: 9, 6: 7, 7: 11}
Trying to moving ion 2... to 2
Ion assignment after moving ion 2: {0: 10, 1: 2, 2: 8, 3: 6, 4: 0, 5: 9, 6: 7, 7: 11}
Gate position gate updated to [2 9]--------------c
Trying to moving ion 9... to 3
Ion assignment after moving ion 9: {0: 10, 1: 2, 2: 8, 3: 6, 4: 0, 5: 3, 6: 7, 7: 11}
Trying to solve brute-force congestion at gate [2, 3] with {0: 10, 1: 2, 2: 8, 3: 6, 4: 0, 5: 3, 6: 7, 7: 11}
Trying to moving ion 2... to 2
Ion assignment after moving ion 2: {0: 10, 1: 2, 2: 8, 3: 6, 4: 0, 5: 3, 6: 7, 7: 11}
Gate position gate updated to [2 3]--------------c
Trying to moving ion 3... to 3
Ion assignment after moving ion 3: {0: 10, 1: 2, 2: 8, 3: 6, 4: 0, 5: 3, 6: 7, 7: 11}
Executing gate at point (0, 1).
Executing gate at point (0, 3).
Executing gate at point (0, 0).
Executing gate at point (1, 0).
Executing gate at point (1, 1).
Executing gate at point (1, 3).
Best move: (3, 14)
Best move: (14, 15)
Best move: (11, 13)
Best move: (7, 17)
Best move: (17, 19)
Best move: (13, 18)
Try bruteforce due to multiple steps (6) to solve one gate
Trying to solve brute-force congestion at gate [0, 19] with {0: 10, 1: 2, 2: 8, 3: 6, 4: 0, 5: 15, 6: 19, 7: 18}
Trying to moving ion 0... to 0
Ion assignment after moving ion 0: {0: 10, 1: 2, 2: 8, 3: 6, 4: 0, 5: 15, 6: 19, 7: 18}
Gate position gate updated to [ 0 19]--------------c
Trying to moving ion 19... to 1
Ion assignment after moving ion 19: {0: 10, 1: 2, 2: 8, 3: 6, 4: 0, 5: 15, 6: 1, 7: 13}
Executing gate at point (2, 4).
Executing gate at point (3, 4).
Best move: (13, 18)
Best move: (14, 18)
Best move: (9, 15)
Executing gate at point (2, 2).
Executing gate at point (3, 2).
Best move: (3, 14)
Executing gate at point (2, 1).
Executing gate at point (3, 1).
Best move: (3, 14)
Best move: (14, 19)
Best move: (17, 19)
Best move: (7, 17)
Executing gate at point (4, 3).
Executing gate at point (5, 3).
Best move: (7, 17)
Best move: (0, 1)
Best move: (1, 12)
Best move: (12, 18)
Best move: (18, 19)
Best move: (16, 19)
Try bruteforce due to multiple steps (6) to solve one gate
Trying to solve brute-force congestion at gate [16, 17] with {0: 10, 1: 2, 2: 8, 3: 6, 4: 16, 5: 9, 6: 0, 7: 17}
Trying to moving ion 16... to 4
Ion assignment after moving ion 16: {0: 10, 1: 2, 2: 8, 3: 6, 4: 4, 5: 9, 6: 0, 7: 17}Input filename:  QAOA_wsq_8_compiled
Algorithm:  SHAW
Trap type:  G2x3
Trap capacity:  2
Num layout passes:  2
Gate type:  FM
Run index:  8
Creating a QCCD machine ...
QCCD physical machine:
### Traps ### 
Trap(id='trap_0', max_num_ions=2, initial_num_ions=0, executable=True, measureable=True)
Trap(id='trap_1', max_num_ions=2, initial_num_ions=0, executable=True, measureable=True)
Trap(id='trap_2', max_num_ions=2, initial_num_ions=0, executable=True, measureable=True)
Trap(id='trap_3', max_num_ions=2, initial_num_ions=0, executable=True, measureable=True)
Trap(id='trap_4', max_num_ions=2, initial_num_ions=0, executable=True, measureable=True)
Trap(id='trap_5', max_num_ions=2, initial_num_ions=0, executable=True, measureable=True)
### Junctions ### 
Junction(id='junction_0')
Junction(id='junction_1')
Junction(id='junction_2')
### Segments ### 
Segment(id='segment_0', left=Trap(id='trap_0', max_num_ions=2, initial_num_ions=0, executable=True, measureable=True), right=Junction(id='junction_0'))
Segment(id='segment_1', left=Trap(id='trap_5', max_num_ions=2, initial_num_ions=0, executable=True, measureable=True), right=Junction(id='junction_0'))
Segment(id='segment_2', left=Trap(id='trap_1', max_num_ions=2, initial_num_ions=0, executable=True, measureable=True), right=Junction(id='junction_1'))
Segment(id='segment_3', left=Trap(id='trap_4', max_num_ions=2, initial_num_ions=0, executable=True, measureable=True), right=Junction(id='junction_1'))
Segment(id='segment_4', left=Trap(id='trap_2', max_num_ions=2, initial_num_ions=0, executable=True, measureable=True), right=Junction(id='junction_2'))
Segment(id='segment_5', left=Trap(id='trap_3', max_num_ions=2, initial_num_ions=0, executable=True, measureable=True), right=Junction(id='junction_2'))
Segment(id='segment_6', left=Junction(id='junction_0'), right=Junction(id='junction_1'))
Segment(id='segment_7', left=Junction(id='junction_1'), right=Junction(id='junction_2'))
Finished creating the QCCD physical machine.
Position graph:  CouplingGraph({(7, 17), (12, 13), (14, 19), (8, 9), (5, 16), (1, 12), (16, 19), (18, 19), (4, 5), (14, 18), (12, 18), (14, 15), (0, 1), (10, 11), (11, 13), (6, 7), (15, 19), (3, 14), (17, 19), (9, 15), (2, 3), (13, 18), (15, 18), (16, 17)})
Initial ion assignment:  {0: 5, 1: 0, 2: 8, 3: 6, 4: 1, 5: 2, 6: 9, 7: 10}
Congestion rate:  1.0
Scheduling QCCD: 2400.0000000000005 us, costing 3.4495352000230923 s to compile
0.0024000000000000002
3.4495352000230923
{0: 10, 1: 2, 2: 8, 3: 6, 4: 0, 5: 3, 6: 7, 7: 11}
[0, 1, 2, 3, 4, 5, 6, 7]
