Executing gate at point (0, 0).
Best move: (7, 17)
Best move: (1, 12)
Best move: (12, 18)
Best move: (18, 19)
Best move: (16, 19)
Best move: (17, 19)
Try bruteforce due to multiple steps (6) to solve one gate
Trying to solve brute-force congestion at gate [10, 0] with {0: 2, 1: 3, 2: 10, 3: 0, 4: 5, 5: 16, 6: 19, 7: 8}
Trying to moving ion 0... to 0
Ion assignment after moving ion 0: {0: 2, 1: 3, 2: 10, 3: 0, 4: 5, 5: 16, 6: 19, 7: 8}
Gate position gate updated to [ 0 10]--------------c
Trying to moving ion 10... to 1
Ion assignment after moving ion 10: {0: 2, 1: 3, 2: 1, 3: 0, 4: 5, 5: 16, 6: 19, 7: 8}
Executing gate at point (0, 2).
Best move: (15, 19)
Best move: (9, 15)
Executing gate at point (0, 6).
Best move: (1, 12)
Best move: (3, 14)
Best move: (14, 18)
Best move: (4, 5)
Best move: (5, 16)
Executing gate at point (0, 4).
Best move: (9, 15)
Best move: (5, 16)
Best move: (15, 19)
Best move: (12, 13)
Best move: (17, 19)
Best move: (4, 5)
Try bruteforce due to multiple steps (6) to solve one gate
Trying to solve brute-force congestion at gate [18, 13] with {0: 2, 1: 18, 2: 13, 3: 0, 4: 5, 5: 16, 6: 17, 7: 8}
Trying to moving ion 13... to 10
Ion assignment after moving ion 13: {0: 2, 1: 18, 2: 10, 3: 0, 4: 5, 5: 16, 6: 17, 7: 8}
Gate position gate updated to [10 18]--------------c
Trying to moving ion 18... to 11
Ion assignment after moving ion 18: {0: 2, 1: 11, 2: 10, 3: 0, 4: 5, 5: 16, 6: 17, 7: 8}
Executing gate at point (1, 1).
Best move: (11, 13)
Best move: (13, 18)
Best move: (14, 18)
Best move: (3, 14)
Executing gate at point (2, 0).
Best move: (7, 17)
Best move: (16, 17)
Best move: (5, 16)
Best move: (16, 19)
Best move: (18, 19)
Best move: (12, 18)
Try bruteforce due to multiple steps (6) to solve one gate
Trying to solve brute-force congestion at gate [0, 12] with {0: 2, 1: 3, 2: 10, 3: 0, 4: 12, 5: 17, 6: 7, 7: 8}
Trying to moving ion 0... to 0
Ion assignment after moving ion 0: {0: 2, 1: 3, 2: 10, 3: 0, 4: 12, 5: 17, 6: 7, 7: 8}
Gate position gate updated to [ 0 12]--------------c
Trying to moving ion 12... to 1
Ion assignment after moving ion 12: {0: 2, 1: 3, 2: 10, 3: 0, 4: 1, 5: 17, 6: 7, 7: 8}
Executing gate at point (1, 3).
Best move: (0, 1)
Best move: (1, 12)
Best move: (12, 13)
Best move: (11, 13)
Executing gate at point (2, 2).
Best move: (3, 14)
Best move: (10, 11)
Best move: (11, 13)
Best move: (13, 18)
Best move: (6, 7)
Best move: (7, 17)
Try bruteforce due to multiple steps (6) to solve one gate
Trying to solve brute-force congestion at gate [14, 18] with {0: 2, 1: 14, 2: 18, 3: 10, 4: 0, 5: 7, 6: 6, 7: 8}
Trying to moving ion 14... to 2
Ion assignment after moving ion 14: {0: 3, 1: 2, 2: 18, 3: 10, 4: 0, 5: 7, 6: 6, 7: 8}
Clearing endpoint 3.........
Gate position gate updated to [ 2 18]--------------c
Trying to moving ion 18... to 3
Ion assignment after moving ion 18: {0: 19, 1: 2, 2: 3, 3: 10, 4: 0, 5: 7, 6: 6, 7: 8}
Executing gate at point (3, 1).
Executing gate at point (1, 5).
Best move: (16, 19)
Best move: (2, 3)
Best move: (3, 14)
Best move: (7, 17)
Best move: (8, 9)
Best move: (9, 15)
Try bruteforce due to multiple steps (6) to solve one gate
Trying to solve brute-force congestion at gate [0, 17] with {0: 16, 1: 14, 2: 2, 3: 10, 4: 0, 5: 17, 6: 6, 7: 15}
Trying to moving ion 0... to 0
Ion assignment after moving ion 0: {0: 16, 1: 14, 2: 2, 3: 10, 4: 0, 5: 17, 6: 6, 7: 15}
Gate position gate updated to [ 0 17]--------------c
Trying to moving ion 17... to 1
Ion assignment after moving ion 17: {0: 16, 1: 14, 2: 2, 3: 10, 4: 0, 5: 1, 6: 6, 7: 15}
Executing gate at point (2, 4).
Best move: (15, 19)
Best move: (17, 19)
Best move: (16, 19)
Best move: (7, 17)
Executing gate at point (2, 6).
Best move: (15, 19)
Best move: (6, 7)
Best move: (7, 17)
Best move: (1, 12)
Best move: (12, 18)
Best move: (18, 19)
Try bruteforce due to multiple steps (6) to solve one gate
Trying to solve brute-force congestion at gate [15, 14] with {0: 15, 1: 14, 2: 2, 3: 10, 4: 0, 5: 19, 6: 17, 7: 6}
Trying to moving ion 15... to 8
Ion assignment after moving ion 15: {0: 8, 1: 14, 2: 2, 3: 10, 4: 0, 5: 19, 6: 17, 7: 6}
Gate position gate updated to [ 8 14]--------------c
Trying to moving ion 14... to 9
Ion assignment after moving ion 14: {0: 8, 1: 9, 2: 2, 3: 10, 4: 0, 5: 19, 6: 17, 7: 6}
Executing gate at point (4, 0).
Best move: (10, 11)
Best move: (11, 13)
Best move: (12, 13)
Best move: (1, 12)
Executing gate at point (3, 3).
Best move: (1, 12)
Best move: (12, 18)
Best move: (14, 18)
Best move: (3, 14)
Executing gate at point (4, 2).
Best move: (9, 15)
Best move: (2, 3)
Best move: (3, 14)
Best move: (16, 19)
Best move: (16, 19)
Best move: (14, 18)
Try bruteforce due to multiple steps (6) to solve one gate
Trying to solve brute-force congestion at gate [15, 18] with {0: 8, 1: 15, 2: 18, 3: 2, 4: 0, 5: 19, 6: 17, 7: 6}
Trying to moving ion 15... to 8
Ion assignment after moving ion 15: {0: 9, 1: 8, 2: 18, 3: 2, 4: 0, 5: 19, 6: 17, 7: 6}
Clearing endpoint 9.........
Gate position gate updated to [ 8 18]--------------c
Trying to moving ion 18... to 9
Ion assignment after moving ion 18: {0: 14, 1: 8, 2: 9, 3: 2, 4: 0, 5: 19, 6: 17, 7: 6}
Executing gate at point (5, 1).
Best move: (8, 9)
Best move: (9, 15)
Best move: (14, 18)
Best move: (13, 18)
Best move: (15, 18)
Best move: (11, 13)
Try bruteforce due to multiple steps (6) to solve one gate
Trying to solve brute-force congestion at gate [19, 17] with {0: 11, 1: 18, 2: 8, 3: 2, 4: 0, 5: 19, 6: 17, 7: 6}
Trying to moving ion 19... to 4
Ion assignment after moving ion 19: {0: 11, 1: 18, 2: 8, 3: 2, 4: 0, 5: 4, 6: 17, 7: 6}
Gate position gate updated to [ 4 17]--------------c
Trying to moving ion 17... to 5
Ion assignment after moving ion 17: {0: 11, 1: 18, 2: 8, 3: 2, 4: 0, 5: 4, 6: 5, 7: 6}
Executing gate at point (3, 5).
Best move: (13, 18)
Best move: (5, 16)
Best move: (16, 17)
Best move: (7, 17)
Executing gate at point (4, 6).
Best move: (0, 1)
Best move: (1, 12)
Best move: (12, 18)
Best move: (18, 19)
Best move: (16, 19)
Best move: (10, 11)
Try bruteforce due to multiple steps (6) to solve one gate
Trying to solve brute-force congestion at gate [16, 4] with {0: 10, 1: 13, 2: 8, 3: 2, 4: 16, 5: 4, 6: 7, 7: 6}
Trying to moving ion 4... to 4
Ion assignment after moving ion 4: {0: 10, 1: 13, 2: 8, 3: 2, 4: 16, 5: 4, 6: 7, 7: 6}
Gate position gate updated to [ 4 16]--------------c
Trying to moving ion 16... to 5
Ion assignment after moving ion 16: {0: 10, 1: 13, 2: 8, 3: 2, 4: 5, 5: 4, 6: 7, 7: 6}
Executing gate at point (4, 4).
Best move: (5, 16)
Best move: (16, 19)
Best move: (14, 19)
Best move: (3, 14)
Executing gate at point (5, 3).
Best move: (7, 17)
Best move: (16, 17)
Best move: (11, 13)
Executing gate at point (6, 0).
Best move: (2, 3)
Best move: (3, 14)
Best move: (14, 15)
Best move: (5, 16)
Executing gate at point (5, 5).
Best move: (5, 16)
Best move: (16, 17)
Best move: (7, 17)
Executing gate at point (6, 6).
Best move: (2, 3)
Best move: (3, 14)
Best move: (14, 19)
Best move: (16, 19)
Best move: (9, 15)
Executing gate at point (6, 2).
Best move: (11, 13)
Best move: (13, 18)
Best move: (8, 9)
Best move: (9, 15)
Best move: (14, 15)
Best move: (3, 14)
Try bruteforce due to multiple steps (6) to solve one gate
Trying to solve brute-force congestion at gate [18, 3] with {0: 10, 1: 18, 2: 3, 3: 8, 4: 16, 5: 4, 6: 7, 7: 6}
Trying to moving ion 3... to 2
Ion assignment after moving ion 3: {0: 10, 1: 18, 2: 2, 3: 8, 4: 16, 5: 4, 6: 7, 7: 6}
Gate position gate updated to [ 2 18]--------------c
Trying to moving ion 18... to 3
Ion assignment after moving ion 18: {0: 10, 1: 3, 2: 2, 3: 8, 4: 16, 5: 4, 6: 7, 7: 6}
Executing gate at point (7, 1).
Best move: (5, 16)
Executing gate at point (6, 4).
Best move: (5, 16)
Best move: (7, 17)
Best move: (17, 19)
Best move: (17, 19)
Best move: (17, 19)
Try bruteforce due to repeated pattern...
Trying to solve brute-force congestion at gate [4, 19] with {0: 10, 1: 3, 2: 2, 3: 8, 4: 16, 5: 4, 6: 19, 7: 6}
Trying to moving ion 4... to 4
Ion assignment after moving ion 4: {0: 10, 1: 3, 2: 2, 3: 8, 4: 16, 5: 4, 6: 19, 7: 6}
Gate position gate updated to [ 4 19]--------------c
Trying to moving ion 19... to 5
Ion assignment after moving ion 19: {0: 10, 1: 3, 2: 2, 3: 8, 4: 17, 5: 4, 6: 5, 7: 6}
Executing gate at point (7, 5).
Best move: (17, 19)
Best move: (15, 19)
Best move: (9, 15)
Executing gate at point (7, 3).
Trying to solve brute-force congestion at gate [2, 8] with {0: 10, 1: 3, 2: 2, 3: 8, 4: 16, 5: 4, 6: 7, 7: 6}
Trying to moving ion 8... to 8
Ion assignment after moving ion 8: {0: 10, 1: 3, 2: 2, 3: 8, 4: 16, 5: 4, 6: 7, 7: 6}
Gate position gate updated to [8 2]--------------c
Trying to moving ion 2... to 9
Ion assignment after moving ion 2: {0: 10, 1: 2, 2: 9, 3: 8, 4: 16, 5: 4, 6: 7, 7: 6}
Trying to solve brute-force congestion at gate [16, 4] with {0: 10, 1: 2, 2: 9, 3: 8, 4: 16, 5: 4, 6: 7, 7: 6}
Trying to moving ion 4... to 4
Ion assignment after moving ion 4: {0: 10, 1: 2, 2: 9, 3: 8, 4: 16, 5: 4, 6: 7, 7: 6}
Gate position gate updated to [ 4 16]--------------c
Trying to moving ion 16... to 5
Ion assignment after moving ion 16: {0: 10, 1: 2, 2: 9, 3: 8, 4: 5, 5: 4, 6: 7, 7: 6}
Trying to solve brute-force congestion at gate [8, 5] with {0: 10, 1: 2, 2: 9, 3: 8, 4: 5, 5: 4, 6: 7, 7: 6}
Trying to moving ion 8... to 8
Ion assignment after moving ion 8: {0: 10, 1: 2, 2: 9, 3: 8, 4: 5, 5: 4, 6: 7, 7: 6}
Clearing endpoint 9.........
Gate position gate updated to [8 5]--------------c
Trying to moving ion 5... to 9
Ion assignment after moving ion 5: {0: 10, 1: 2, 2: 18, 3: 8, 4: 9, 5: 4, 6: 7, 7: 6}
Trying to solve brute-force congestion at gate [4, 7] with {0: 10, 1: 2, 2: 18, 3: 8, 4: 9, 5: 4, 6: 7, 7: 6}
Trying to moving ion 4... to 4
Ion assignment after moving ion 4: {0: 10, 1: 2, 2: 18, 3: 8, 4: 9, 5: 4, 6: 7, 7: 6}
Gate position gate updated to [4 7]--------------c
Trying to moving ion 7... to 5
Ion assignment after moving ion 7: {0: 10, 1: 2, 2: 18, 3: 8, 4: 9, 5: 4, 6: 5, 7: 6}
Trying to solve brute-force congestion at gate [9, 4] with {0: 10, 1: 2, 2: 18, 3: 8, 4: 9, 5: 4, 6: 5, 7: 6}
Trying to moving ion 4... to 4
Ion assignment after moving ion 4: {0: 10, 1: 2, 2: 18, 3: 8, 4: 9, 5: 4, 6: 5, 7: 6}
Clearing endpoint 5.........
Gate position gate updated to [4 9]--------------c
Trying to moving ion 9... to 5
Ion assignment after moving ion 9: {0: 10, 1: 2, 2: 18, 3: 8, 4: 5, 5: 4, 6: 17, 7: 6}
Trying to solve brute-force congestion at gate [17, 6] with {0: 10, 1: 2, 2: 18, 3: 8, 4: 5, 5: 4, 6: 17, 7: 6}
Trying to moving ion 6... to 6
Ion assignment after moving ion 6: {0: 10, 1: 2, 2: 18, 3: 8, 4: 5, 5: 4, 6: 17, 7: 6}
Gate position gate updated to [ 6 17]--------------c
Trying to moving ion 17... to 7
Ion assignment after moving ion 17: {0: 10, 1: 2, 2: 18, 3: 8, 4: 5, 5: 4, 6: 7, 7: 6}
Trying to solve brute-force congestion at gate [4, 7] with {0: 10, 1: 2, 2: 18, 3: 8, 4: 5, 5: 4, 6: 7, 7: 6}
Trying to moving ion 4... to 4
Ion assignment after moving ion 4: {0: 10, 1: 2, 2: 18, 3: 8, 4: 5, 5: 4, 6: 7, 7: 6}
Clearing endpoint 5.........
Gate position gate updated to [4 7]--------------c
Trying to moving ion 7... to 5
Ion assignment after moving ion 7: {0: 10, 1: 2, 2: 18, 3: 8, 4: 19, 5: 4, 6: 5, 7: 6}
Trying to solve brute-force congestion at gate [5, 6] with {0: 10, 1: 2, 2: 18, 3: 8, 4: 19, 5: 4, 6: 5, 7: 6}
Trying to moving ion 6... to 6
Ion assignment after moving ion 6: {0: 10, 1: 2, 2: 18, 3: 8, 4: 19, 5: 4, 6: 5, 7: 6}
Gate position gate updated to [6 5]--------------c
Trying to moving ion 5... to 7
Ion assignment after moving ion 5: {0: 10, 1: 2, 2: 18, 3: 8, 4: 19, 5: 4, 6: 7, 7: 6}
Trying to solve brute-force congestion at gate [10, 2] with {0: 10, 1: 2, 2: 18, 3: 8, 4: 19, 5: 4, 6: 7, 7: 6}
Trying to moving ion 2... to 2
Ion assignment after moving ion 2: {0: 10, 1: 2, 2: 18, 3: 8, 4: 19, 5: 4, 6: 7, 7: 6}
Gate position gate updated to [ 2 10]--------------c
Trying to moving ion 10... to 3
Ion assignment after moving ion 10: {0: 3, 1: 2, 2: 12, 3: 8, 4: 19, 5: 4, 6: 7, 7: 6}
Trying to solve brute-force congestion at gate [2, 12] with {0: 3, 1: 2, 2: 12, 3: 8, 4: 19, 5: 4, 6: 7, 7: 6}
Trying to moving ion 2... to 2
Ion assignment after moving ion 2: {0: 3, 1: 2, 2: 12, 3: 8, 4: 19, 5: 4, 6: 7, 7: 6}
Clearing endpoint 3.........
Gate position gate updated to [ 2 12]--------------c
Trying to moving ion 12... to 3
Ion assignment after moving ion 12: {0: 15, 1: 2, 2: 3, 3: 8, 4: 19, 5: 4, 6: 7, 7: 6}
Trying to solve brute-force congestion at gate [15, 2] with {0: 15, 1: 2, 2: 3, 3: 8, 4: 19, 5: 4, 6: 7, 7: 6}
Trying to moving ion 2... to 2
Ion assignment after moving ion 2: {0: 15, 1: 2, 2: 3, 3: 8, 4: 19, 5: 4, 6: 7, 7: 6}
Clearing endpoint 3.........
Gate position gate updated to [ 2 15]--------------c
Trying to moving ion 15... to 3
Ion assignment after moving ion 15: {0: 3, 1: 2, 2: 18, 3: 8, 4: 19, 5: 4, 6: 7, 7: 6}
Trying to solve brute-force congestion at gate [18, 8] with {0: 3, 1: 2, 2: 18, 3: 8, 4: 19, 5: 4, 6: 7, 7: 6}
Trying to moving ion 8... to 8
Ion assignment after moving ion 8: {0: 3, 1: 2, 2: 18, 3: 8, 4: 19, 5: 4, 6: 7, 7: 6}
Gate position gate updated to [ 8 18]--------------c
Trying to moving ion 18... to 9
Ion assignment after moving ion 18: {0: 3, 1: 2, 2: 9, 3: 8, 4: 19, 5: 4, 6: 7, 7: 6}
Trying to solve brute-force congestion at gate [2, 9] with {0: 3, 1: 2, 2: 9, 3: 8, 4: 19, 5: 4, 6: 7, 7: 6}
Trying to moving ion 2... to 2
Ion assignment after moving ion 2: {0: 3, 1: 2, 2: 9, 3: 8, 4: 19, 5: 4, 6: 7, 7: 6}
Clearing endpoint 3.........
Gate position gate updated to [2 9]--------------c
Trying to moving ion 9... to 3
Ion assignment after moving ion 9: {0: 18, 1: 2, 2: 3, 3: 8, 4: 19, 5: 4, 6: 7, 7: 6}
Trying to solve brute-force congestion at gate [8, 19] with {0: 18, 1: 2, 2: 3, 3: 8, 4: 19, 5: 4, 6: 7, 7: 6}
Trying to moving ion 8... to 8
Ion assignment after moving ion 8: {0: 18, 1: 2, 2: 3, 3: 8, 4: 19, 5: 4, 6: 7, 7: 6}
Gate position gate updated to [ 8 19]--------------c
Trying to moving ion 19... to 9
Ion assignment after moving ion 19: {0: 18, 1: 2, 2: 3, 3: 8, 4: 9, 5: 4, 6: 7, 7: 6}
Trying to solve brute-force congestion at gate [9, 4] with {0: 18, 1: 2, 2: 3, 3: 8, 4: 9, 5: 4, 6: 7, 7: 6}
Trying to moving ion 4... to 4
Ion assignment after moving ion 4: {0: 18, 1: 2, 2: 3, 3: 8, 4: 9, 5: 4, 6: 7, 7: 6}
Gate position gate updated to [4 9]--------------c
Trying to moving ion 9... to 5
Ion assignment after moving ion 9: {0: 18, 1: 2, 2: 3, 3: 8, 4: 5, 5: 4, 6: 7, 7: 6}
Trying to solve brute-force congestion at gate [4, 7] with {0: 18, 1: 2, 2: 3, 3: 8, 4: 5, 5: 4, 6: 7, 7: 6}
Trying to moving ion 4... to 4
Ion assignment after moving ion 4: {0: 18, 1: 2, 2: 3, 3: 8, 4: 5, 5: 4, 6: 7, 7: 6}
Clearing endpoint 5.........
Gate position gate updated to [4 7]--------------c
Trying to moving ion 7... to 5
Ion assignment after moving ion 7: {0: 18, 1: 2, 2: 3, 3: 8, 4: 19, 5: 4, 6: 5, 7: 6}
Trying to solve brute-force congestion at gate [18, 2] with {0: 18, 1: 2, 2: 3, 3: 8, 4: 19, 5: 4, 6: 5, 7: 6}
Trying to moving ion 2... to 2
Ion assignment after moving ion 2: {0: 18, 1: 2, 2: 3, 3: 8, 4: 19, 5: 4, 6: 5, 7: 6}
Clearing endpoint 3.........
Gate position gate updated to [ 2 18]--------------c
Trying to moving ion 18... to 3
Ion assignment after moving ion 18: {0: 3, 1: 2, 2: 15, 3: 8, 4: 19, 5: 4, 6: 5, 7: 6}
Trying to solve brute-force congestion at gate [15, 8] with {0: 3, 1: 2, 2: 15, 3: 8, 4: 19, 5: 4, 6: 5, 7: 6}
Trying to moving ion 8... to 8
Ion assignment after moving ion 8: {0: 3, 1: 2, 2: 15, 3: 8, 4: 19, 5: 4, 6: 5, 7: 6}
Gate position gate updated to [ 8 15]--------------c
Trying to moving ion 15... to 9
Ion assignment after moving ion 15: {0: 3, 1: 2, 2: 9, 3: 8, 4: 19, 5: 4, 6: 5, 7: 6}
Trying to solve brute-force congestion at gate [2, 9] with {0: 3, 1: 2, 2: 9, 3: 8, 4: 19, 5: 4, 6: 5, 7: 6}
Trying to moving ion 2... to 2
Ion assignment after moving ion 2: {0: 3, 1: 2, 2: 9, 3: 8, 4: 19, 5: 4, 6: 5, 7: 6}
Clearing endpoint 3.........
Gate position gate updated to [2 9]--------------c
Trying to moving ion 9... to 3
Ion assignment after moving ion 9: {0: 18, 1: 2, 2: 3, 3: 8, 4: 19, 5: 4, 6: 5, 7: 6}
Trying to solve brute-force congestion at gate [18, 2] with {0: 18, 1: 2, 2: 3, 3: 8, 4: 19, 5: 4, 6: 5, 7: 6}
Trying to moving ion 2... to 2
Ion assignment after moving ion 2: {0: 18, 1: 2, 2: 3, 3: 8, 4: 19, 5: 4, 6: 5, 7: 6}
Clearing endpoint 3.........
Gate position gate updated to [ 2 18]--------------c
Trying to moving ion 18... to 3
Ion assignment after moving ion 18: {0: 3, 1: 2, 2: 15, 3: 8, 4: 19, 5: 4, 6: 5, 7: 6}
Trying to solve brute-force congestion at gate [8, 19] with {0: 3, 1: 2, 2: 15, 3: 8, 4: 19, 5: 4, 6: 5, 7: 6}
Trying to moving ion 8... to 8
Ion assignment after moving ion 8: {0: 3, 1: 2, 2: 15, 3: 8, 4: 19, 5: 4, 6: 5, 7: 6}
Gate position gate updated to [ 8 19]--------------c
Trying to moving ion 19... to 9
Ion assignment after moving ion 19: {0: 3, 1: 2, 2: 18, 3: 8, 4: 9, 5: 4, 6: 5, 7: 6}
Trying to solve brute-force congestion at gate [18, 8] with {0: 3, 1: 2, 2: 18, 3: 8, 4: 9, 5: 4, 6: 5, 7: 6}
Trying to moving ion 8... to 8
Ion assignment after moving ion 8: {0: 3, 1: 2, 2: 18, 3: 8, 4: 9, 5: 4, 6: 5, 7: 6}
Clearing endpoint 9.........
Gate position gate updated to [ 8 18]--------------c
Trying to moving ion 18... to 9
Ion assignment after moving ion 18: {0: 3, 1: 2, 2: 9, 3: 8, 4: 19, 5: 4, 6: 5, 7: 6}
Trying to solve brute-force congestion at gate [19, 4] with {0: 3, 1: 2, 2: 9, 3: 8, 4: 19, 5: 4, 6: 5, 7: 6}
Trying to moving ion 4... to 4
Ion assignment after moving ion 4: {0: 3, 1: 2, 2: 9, 3: 8, 4: 19, 5: 4, 6: 5, 7: 6}
Clearing endpoint 5.........
Gate position gate updated to [ 4 19]--------------c
Trying to moving ion 19... to 5
Ion assignment after moving ion 19: {0: 3, 1: 2, 2: 9, 3: 8, 4: 5, 5: 4, 6: 17, 7: 6}
Trying to solve brute-force congestion at gate [17, 6] with {0: 3, 1: 2, 2: 9, 3: 8, 4: 5, 5: 4, 6: 17, 7: 6}
Trying to moving ion 6... to 6
Ion assignment after moving ion 6: {0: 3, 1: 2, 2: 9, 3: 8, 4: 5, 5: 4, 6: 17, 7: 6}
Gate position gate updated to [ 6 17]--------------c
Trying to moving ion 17... to 7
Ion assignment after moving ion 17: {0: 3, 1: 2, 2: 9, 3: 8, 4: 5, 5: 4, 6: 7, 7: 6}
Executing gate at point (0, 2).
Executing gate at point (0, 4).
Executing gate at point (0, 6).
Executing gate at point (0, 0).
Best move: (5, 16)
Best move: (9, 15)
Best move: (16, 19)
Best move: (2, 3)
Best move: (7, 17)
Best move: (16, 17)
Try bruteforce due to multiple steps (6) to solve one gate
Trying to solve brute-force congestion at gate [3, 15] with {0: 2, 1: 3, 2: 15, 3: 8, 4: 19, 5: 4, 6: 16, 7: 6}
Trying to moving ion 3... to 2
Ion assignment after moving ion 3: {0: 3, 1: 2, 2: 15, 3: 8, 4: 19, 5: 4, 6: 16, 7: 6}
Clearing endpoint 3.........
Gate position gate updated to [ 2 15]--------------c
Trying to moving ion 15... to 3
Ion assignment after moving ion 15: {0: 18, 1: 2, 2: 3, 3: 8, 4: 19, 5: 4, 6: 16, 7: 6}
Executing gate at point (1, 1).
Best move: (15, 19)
Best move: (2, 3)
Best move: (3, 14)
Best move: (9, 15)
Executing gate at point (1, 3).
Best move: (8, 9)
Best move: (9, 15)
Best move: (5, 16)
Executing gate at point (1, 5).
Best move: (5, 16)
Best move: (4, 5)
Best move: (4, 5)
Best move: (4, 5)
Try bruteforce due to repeated pattern...
Trying to solve brute-force congestion at gate [8, 5] with {0: 18, 1: 14, 2: 2, 3: 15, 4: 8, 5: 5, 6: 16, 7: 6}
Trying to moving ion 8... to 8
Ion assignment after moving ion 8: {0: 18, 1: 14, 2: 2, 3: 15, 4: 8, 5: 5, 6: 16, 7: 6}
Gate position gate updated to [8 5]--------------c
Trying to moving ion 5... to 9
Ion assignment after moving ion 5: {0: 12, 1: 14, 2: 2, 3: 18, 4: 8, 5: 9, 6: 17, 7: 6}
Executing gate at point (2, 4).
Best move: (7, 17)
Executing gate at point (2, 6).
Best move: (9, 15)
Best move: (15, 19)
Best move: (15, 18)
Best move: (14, 18)
Best move: (14, 15)
Best move: (7, 17)
Try bruteforce due to multiple steps (6) to solve one gate
Trying to solve brute-force congestion at gate [12, 18] with {0: 12, 1: 18, 2: 2, 3: 14, 4: 8, 5: 19, 6: 17, 7: 6}
Trying to moving ion 12... to 0
Ion assignment after moving ion 12: {0: 0, 1: 18, 2: 2, 3: 14, 4: 8, 5: 19, 6: 17, 7: 6}
Gate position gate updated to [ 0 18]--------------c
Trying to moving ion 18... to 1
Ion assignment after moving ion 18: {0: 0, 1: 1, 2: 2, 3: 14, 4: 8, 5: 19, 6: 17, 7: 6}
Executing gate at point (2, 0).
Best move: (3, 14)
Executing gate at point (2, 2).
Best move: (3, 14)
Best move: (1, 12)
Best move: (12, 18)
Best move: (15, 18)
Best move: (15, 18)
Best move: (15, 18)
Try bruteforce due to multiple steps (6) to solve one gate
Trying to solve brute-force congestion at gate [15, 2] with {0: 0, 1: 15, 2: 2, 3: 14, 4: 8, 5: 19, 6: 17, 7: 6}
Trying to moving ion 2... to 2
Ion assignment after moving ion 2: {0: 0, 1: 15, 2: 2, 3: 14, 4: 8, 5: 19, 6: 17, 7: 6}
Gate position gate updated to [ 2 15]--------------c
Trying to moving ion 15... to 3
Ion assignment after moving ion 15: {0: 0, 1: 3, 2: 2, 3: 18, 4: 8, 5: 19, 6: 17, 7: 6}
Executing gate at point (3, 1).
Best move: (3, 14)
Best move: (14, 15)
Best move: (14, 15)
Try bruteforce due to repeated pattern...
Trying to solve brute-force congestion at gate [0, 14] with {0: 0, 1: 14, 2: 2, 3: 18, 4: 8, 5: 19, 6: 17, 7: 6}
Trying to moving ion 0... to 0
Ion assignment after moving ion 0: {0: 0, 1: 14, 2: 2, 3: 18, 4: 8, 5: 19, 6: 17, 7: 6}
Gate position gate updated to [ 0 14]--------------c
Trying to moving ion 14... to 1
Ion assignment after moving ion 14: {0: 0, 1: 1, 2: 2, 3: 13, 4: 8, 5: 19, 6: 17, 7: 6}
Executing gate at point (4, 0).
Best move: (13, 18)
Best move: (15, 18)
Best move: (9, 15)
Executing gate at point (3, 3).
Best move: (9, 15)
Best move: (14, 15)
Best move: (3, 14)
Executing gate at point (4, 2).
Best move: (1, 12)
Best move: (2, 3)
Best move: (3, 14)
Best move: (14, 18)
Best move: (13, 18)
Best move: (13, 18)
Try bruteforce due to multiple steps (6) to solve one gate
Trying to solve brute-force congestion at gate [12, 18] with {0: 0, 1: 12, 2: 18, 3: 2, 4: 8, 5: 19, 6: 17, 7: 6}
Trying to moving ion 12... to 10
Ion assignment after moving ion 12: {0: 0, 1: 10, 2: 18, 3: 2, 4: 8, 5: 19, 6: 17, 7: 6}
Gate position gate updated to [10 18]--------------c
Trying to moving ion 18... to 11
Ion assignment after moving ion 18: {0: 0, 1: 10, 2: 11, 3: 2, 4: 8, 5: 19, 6: 17, 7: 6}
Executing gate at point (5, 1).
Best move: (16, 19)
Best move: (5, 16)
Best move: (16, 17)
Best move: (4, 5)
Best move: (5, 16)
Executing gate at point (3, 5).
Best move: (5, 16)
Best move: (8, 9)
Best move: (9, 15)
Best move: (15, 19)
Best move: (17, 19)
Best move: (17, 19)
Try bruteforce due to multiple steps (6) to solve one gate
Trying to solve brute-force congestion at gate [19, 4] with {0: 0, 1: 10, 2: 11, 3: 2, 4: 19, 5: 4, 6: 16, 7: 6}
Trying to moving ion 4... to 4
Ion assignment after moving ion 4: {0: 0, 1: 10, 2: 11, 3: 2, 4: 19, 5: 4, 6: 16, 7: 6}
Gate position gate updated to [ 4 19]--------------c
Trying to moving ion 19... to 5
Ion assignment after moving ion 19: {0: 0, 1: 10, 2: 11, 3: 2, 4: 5, 5: 4, 6: 17, 7: 6}
Executing gate at point (4, 4).
Best move: (5, 16)
Best move: (16, 19)
Best move: (14, 19)
Best move: (3, 14)
Executing gate at point (5, 3).
Best move: (7, 17)
Executing gate at point (4, 6).
Best move: (7, 17)
Best move: (11, 13)
Best move: (13, 18)
Best move: (2, 3)
Best move: (3, 14)
Best move: (14, 15)
Try bruteforce due to multiple steps (6) to solve one gate
Trying to solve brute-force congestion at gate [18, 15] with {0: 0, 1: 10, 2: 18, 3: 15, 4: 2, 5: 4, 6: 17, 7: 6}
Trying to moving ion 15... to 8
Ion assignment after moving ion 15: {0: 0, 1: 10, 2: 18, 3: 8, 4: 2, 5: 4, 6: 17, 7: 6}
Gate position gate updated to [ 8 18]--------------c
Trying to moving ion 18... to 9
Ion assignment after moving ion 18: {0: 0, 1: 10, 2: 9, 3: 8, 4: 2, 5: 4, 6: 17, 7: 6}
Executing gate at point (6, 2).
Best move: (16, 17)
Best move: (5, 16)
Executing gate at point (5, 5).
Best move: (0, 1)
Best move: (1, 12)
Best move: (12, 13)
Best move: (5, 16)
Best move: (16, 17)
Best move: (7, 17)
Try bruteforce due to multiple steps (6) to solve one gate
Trying to solve brute-force congestion at gate [7, 6] with {0: 13, 1: 10, 2: 9, 3: 8, 4: 2, 5: 4, 6: 7, 7: 6}
Trying to moving ion 7... to 6
Ion assignment after moving ion 7: {0: 13, 1: 10, 2: 9, 3: 8, 4: 2, 5: 4, 6: 6, 7: 7}
Gate position gate updated to [6 7]--------------c
Trying to moving ion 7... to 7
Ion assignment after moving ion 7: {0: 13, 1: 10, 2: 9, 3: 8, 4: 2, 5: 4, 6: 6, 7: 7}
Executing gate at point (6, 6).
Best move: (11, 13)
Executing gate at point (6, 0).
Best move: (9, 15)
Best move: (15, 18)
Best move: (10, 11)
Best move: (11, 13)
Best move: (2, 3)
Best move: (3, 14)
Try bruteforce due to multiple steps (6) to solve one gate
Trying to solve brute-force congestion at gate [13, 18] with {0: 10, 1: 13, 2: 18, 3: 8, 4: 14, 5: 4, 6: 6, 7: 7}
Trying to moving ion 13... to 0
Ion assignment after moving ion 13: {0: 10, 1: 0, 2: 18, 3: 8, 4: 14, 5: 4, 6: 6, 7: 7}
Gate position gate updated to [ 0 18]--------------c
Trying to moving ion 18... to 1
Ion assignment after moving ion 18: {0: 10, 1: 0, 2: 1, 3: 8, 4: 14, 5: 4, 6: 6, 7: 7}
Executing gate at point (7, 1).
Best move: (14, 19)
Best move: (16, 19)
Best move: (5, 16)
Executing gate at point (6, 4).
Best move: (5, 16)
Best move: (6, 7)
Best move: (7, 17)
Best move: (17, 19)
Best move: (17, 19)
Best move: (17, 19)
Try bruteforce due to multiple steps (6) to solve one gate
Trying to solve brute-force congestion at gate [4, 19] with {0: 10, 1: 0, 2: 1, 3: 8, 4: 16, 5: 4, 6: 19, 7: 6}
Trying to moving ion 4... to 4
Ion assignment after moving ion 4: {0: 10, 1: 0, 2: 1, 3: 8, 4: 16, 5: 4, 6: 19, 7: 6}
Gate position gate updated to [ 4 19]--------------c
Trying to moving ion 19... to 5
Ion assignment after moving ion 19: {0: 10, 1: 0, 2: 1, 3: 8, 4: 17, 5: 4, 6: 5, 7: 6}
Executing gate at point (7, 5).
Best move: (17, 19)
Best move: (15, 19)
Best move: (9, 15)
Executing gate at point (7, 3).
Trying to solve brute-force congestion at gate [1, 8] with {0: 10, 1: 0, 2: 1, 3: 8, 4: 16, 5: 4, 6: 7, 7: 6}
Trying to moving ion 8... to 8
Ion assignment after moving ion 8: {0: 10, 1: 0, 2: 1, 3: 8, 4: 16, 5: 4, 6: 7, 7: 6}
Gate position gate updated to [8 1]--------------c
Trying to moving ion 1... to 9
Ion assignment after moving ion 1: {0: 10, 1: 0, 2: 9, 3: 8, 4: 16, 5: 4, 6: 7, 7: 6}
Trying to solve brute-force congestion at gate [16, 4] with {0: 10, 1: 0, 2: 9, 3: 8, 4: 16, 5: 4, 6: 7, 7: 6}
Trying to moving ion 4... to 4
Ion assignment after moving ion 4: {0: 10, 1: 0, 2: 9, 3: 8, 4: 16, 5: 4, 6: 7, 7: 6}
Gate position gate updated to [ 4 16]--------------c
Trying to moving ion 16... to 5
Ion assignment after moving ion 16: {0: 10, 1: 0, 2: 9, 3: 8, 4: 5, 5: 4, 6: 7, 7: 6}
Trying to solve brute-force congestion at gate [8, 5] with {0: 10, 1: 0, 2: 9, 3: 8, 4: 5, 5: 4, 6: 7, 7: 6}
Trying to moving ion 8... to 8
Ion assignment after moving ion 8: {0: 10, 1: 0, 2: 9, 3: 8, 4: 5, 5: 4, 6: 7, 7: 6}
Clearing endpoint 9.........
Gate position gate updated to [8 5]--------------c
Trying to moving ion 5... to 9
Ion assignment after moving ion 5: {0: 10, 1: 0, 2: 18, 3: 8, 4: 9, 5: 4, 6: 7, 7: 6}
Trying to solve brute-force congestion at gate [4, 7] with {0: 10, 1: 0, 2: 18, 3: 8, 4: 9, 5: 4, 6: 7, 7: 6}
Trying to moving ion 4... to 4
Ion assignment after moving ion 4: {0: 10, 1: 0, 2: 18, 3: 8, 4: 9, 5: 4, 6: 7, 7: 6}
Gate position gate updated to [4 7]--------------c
Trying to moving ion 7... to 5
Ion assignment after moving ion 7: {0: 10, 1: 0, 2: 18, 3: 8, 4: 9, 5: 4, 6: 5, 7: 6}
Trying to solve brute-force congestion at gate [9, 4] with {0: 10, 1: 0, 2: 18, 3: 8, 4: 9, 5: 4, 6: 5, 7: 6}
Trying to moving ion 4... to 4
Ion assignment after moving ion 4: {0: 10, 1: 0, 2: 18, 3: 8, 4: 9, 5: 4, 6: 5, 7: 6}
Clearing endpoint 5.........
Gate position gate updated to [4 9]--------------c
Trying to moving ion 9... to 5
Ion assignment after moving ion 9: {0: 10, 1: 0, 2: 18, 3: 8, 4: 5, 5: 4, 6: 17, 7: 6}
Trying to solve brute-force congestion at gate [17, 6] with {0: 10, 1: 0, 2: 18, 3: 8, 4: 5, 5: 4, 6: 17, 7: 6}
Trying to moving ion 6... to 6
Ion assignment after moving ion 6: {0: 10, 1: 0, 2: 18, 3: 8, 4: 5, 5: 4, 6: 17, 7: 6}
Gate position gate updated to [ 6 17]--------------c
Trying to moving ion 17... to 7
Ion assignment after moving ion 17: {0: 10, 1: 0, 2: 18, 3: 8, 4: 5, 5: 4, 6: 7, 7: 6}
Trying to solve brute-force congestion at gate [4, 7] with {0: 10, 1: 0, 2: 18, 3: 8, 4: 5, 5: 4, 6: 7, 7: 6}
Trying to moving ion 4... to 4
Ion assignment after moving ion 4: {0: 10, 1: 0, 2: 18, 3: 8, 4: 5, 5: 4, 6: 7, 7: 6}
Clearing endpoint 5.........
Gate position gate updated to [4 7]--------------c
Trying to moving ion 7... to 5
Ion assignment after moving ion 7: {0: 10, 1: 0, 2: 18, 3: 8, 4: 19, 5: 4, 6: 5, 7: 6}
Trying to solve brute-force congestion at gate [5, 6] with {0: 10, 1: 0, 2: 18, 3: 8, 4: 19, 5: 4, 6: 5, 7: 6}
Trying to moving ion 6... to 6
Ion assignment after moving ion 6: {0: 10, 1: 0, 2: 18, 3: 8, 4: 19, 5: 4, 6: 5, 7: 6}
Gate position gate updated to [6 5]--------------c
Trying to moving ion 5... to 7
Ion assignment after moving ion 5: {0: 10, 1: 0, 2: 18, 3: 8, 4: 19, 5: 4, 6: 7, 7: 6}
Trying to solve brute-force congestion at gate [10, 0] with {0: 10, 1: 0, 2: 18, 3: 8, 4: 19, 5: 4, 6: 7, 7: 6}
Trying to moving ion 0... to 0
Ion assignment after moving ion 0: {0: 10, 1: 0, 2: 18, 3: 8, 4: 19, 5: 4, 6: 7, 7: 6}
Gate position gate updated to [ 0 10]--------------c
Trying to moving ion 10... to 1
Ion assignment after moving ion 10: {0: 1, 1: 0, 2: 18, 3: 8, 4: 19, 5: 4, 6: 7, 7: 6}
Trying to solve brute-force congestion at gate [0, 18] with {0: 1, 1: 0, 2: 18, 3: 8, 4: 19, 5: 4, 6: 7, 7: 6}
Trying to moving ion 0... to 0
Ion assignment after moving ion 0: {0: 1, 1: 0, 2: 18, 3: 8, 4: 19, 5: 4, 6: 7, 7: 6}
Clearing endpoint 1.........
Gate position gate updated to [ 0 18]--------------c
Trying to moving ion 18... to 1
Ion assignment after moving ion 18: {0: 13, 1: 0, 2: 1, 3: 8, 4: 19, 5: 4, 6: 7, 7: 6}
Trying to solve brute-force congestion at gate [13, 0] with {0: 13, 1: 0, 2: 1, 3: 8, 4: 19, 5: 4, 6: 7, 7: 6}
Trying to moving ion 0... to 0
Ion assignment after moving ion 0: {0: 13, 1: 0, 2: 1, 3: 8, 4: 19, 5: 4, 6: 7, 7: 6}
Clearing endpoint 1.........
Gate position gate updated to [ 0 13]--------------c
Trying to moving ion 13... to 1
Ion assignment after moving ion 13: {0: 1, 1: 0, 2: 18, 3: 8, 4: 19, 5: 4, 6: 7, 7: 6}
Trying to solve brute-force congestion at gate [18, 8] with {0: 1, 1: 0, 2: 18, 3: 8, 4: 19, 5: 4, 6: 7, 7: 6}
Trying to moving ion 8... to 8
Ion assignment after moving ion 8: {0: 1, 1: 0, 2: 18, 3: 8, 4: 19, 5: 4, 6: 7, 7: 6}
Gate position gate updated to [ 8 18]--------------c
Trying to moving ion 18... to 9
Ion assignment after moving ion 18: {0: 1, 1: 0, 2: 9, 3: 8, 4: 19, 5: 4, 6: 7, 7: 6}
Trying to solve brute-force congestion at gate [0, 9] with {0: 1, 1: 0, 2: 9, 3: 8, 4: 19, 5: 4, 6: 7, 7: 6}
Trying to moving ion 0... to 0
Ion assignment after moving ion 0: {0: 1, 1: 0, 2: 9, 3: 8, 4: 19, 5: 4, 6: 7, 7: 6}
Clearing endpoint 1.........
Gate position gate updated to [0 9]--------------c
Trying to moving ion 9... to 1
Ion assignment after moving ion 9: {0: 13, 1: 0, 2: 1, 3: 8, 4: 19, 5: 4, 6: 7, 7: 6}
Trying to solve brute-force congestion at gate [8, 19] with {0: 13, 1: 0, 2: 1, 3: 8, 4: 19, 5: 4, 6: 7, 7: 6}
Trying to moving ion 8... to 8
Ion assignment after moving ion 8: {0: 13, 1: 0, 2: 1, 3: 8, 4: 19, 5: 4, 6: 7, 7: 6}
Gate position gate updated to [ 8 19]--------------c
Trying to moving ion 19... to 9
Ion assignment after moving ion 19: {0: 13, 1: 0, 2: 1, 3: 8, 4: 9, 5: 4, 6: 7, 7: 6}
Trying to solve brute-force congestion at gate [9, 4] with {0: 13, 1: 0, 2: 1, 3: 8, 4: 9, 5: 4, 6: 7, 7: 6}
Trying to moving ion 4... to 4
Ion assignment after moving ion 4: {0: 13, 1: 0, 2: 1, 3: 8, 4: 9, 5: 4, 6: 7, 7: 6}
Gate position gate updated to [4 9]--------------c
Trying to moving ion 9... to 5
Ion assignment after moving ion 9: {0: 13, 1: 0, 2: 1, 3: 8, 4: 5, 5: 4, 6: 7, 7: 6}
Trying to solve brute-force congestion at gate [4, 7] with {0: 13, 1: 0, 2: 1, 3: 8, 4: 5, 5: 4, 6: 7, 7: 6}
Trying to moving ion 4... to 4
Ion assignment after moving ion 4: {0: 13, 1: 0, 2: 1, 3: 8, 4: 5, 5: 4, 6: 7, 7: 6}
Clearing endpoint 5.........
Gate position gate updated to [4 7]--------------c
Trying to moving ion 7... to 5
Ion assignment after moving ion 7: {0: 13, 1: 0, 2: 1, 3: 8, 4: 19, 5: 4, 6: 5, 7: 6}
Trying to solve brute-force congestion at gate [13, 0] with {0: 13, 1: 0, 2: 1, 3: 8, 4: 19, 5: 4, 6: 5, 7: 6}
Trying to moving ion 0... to 0
Ion assignment after moving ion 0: {0: 13, 1: 0, 2: 1, 3: 8, 4: 19, 5: 4, 6: 5, 7: 6}
Clearing endpoint 1.........
Gate position gate updated to [ 0 13]--------------c
Trying to moving ion 13... to 1
Ion assignment after moving ion 13: {0: 1, 1: 0, 2: 18, 3: 8, 4: 19, 5: 4, 6: 5, 7: 6}
Trying to solve brute-force congestion at gate [18, 8] with {0: 1, 1: 0, 2: 18, 3: 8, 4: 19, 5: 4, 6: 5, 7: 6}
Trying to moving ion 8... to 8
Ion assignment after moving ion 8: {0: 1, 1: 0, 2: 18, 3: 8, 4: 19, 5: 4, 6: 5, 7: 6}
Gate position gate updated to [ 8 18]--------------c
Trying to moving ion 18... to 9
Ion assignment after moving ion 18: {0: 1, 1: 0, 2: 9, 3: 8, 4: 19, 5: 4, 6: 5, 7: 6}
Trying to solve brute-force congestion at gate [0, 9] with {0: 1, 1: 0, 2: 9, 3: 8, 4: 19, 5: 4, 6: 5, 7: 6}
Trying to moving ion 0... to 0
Ion assignment after moving ion 0: {0: 1, 1: 0, 2: 9, 3: 8, 4: 19, 5: 4, 6: 5, 7: 6}
Clearing endpoint 1.........
Gate position gate updated to [0 9]--------------c
Trying to moving ion 9... to 1
Ion assignment after moving ion 9: {0: 13, 1: 0, 2: 1, 3: 8, 4: 19, 5: 4, 6: 5, 7: 6}
Trying to solve brute-force congestion at gate [13, 0] with {0: 13, 1: 0, 2: 1, 3: 8, 4: 19, 5: 4, 6: 5, 7: 6}
Trying to moving ion 0... to 0
Ion assignment after moving ion 0: {0: 13, 1: 0, 2: 1, 3: 8, 4: 19, 5: 4, 6: 5, 7: 6}
Clearing endpoint 1.........
Gate position gate updated to [ 0 13]--------------c
Trying to moving ion 13... to 1
Ion assignment after moving ion 13: {0: 1, 1: 0, 2: 18, 3: 8, 4: 19, 5: 4, 6: 5, 7: 6}
Trying to solve brute-force congestion at gate [8, 19] with {0: 1, 1: 0, 2: 18, 3: 8, 4: 19, 5: 4, 6: 5, 7: 6}
Trying to moving ion 8... to 8
Ion assignment after moving ion 8: {0: 1, 1: 0, 2: 18, 3: 8, 4: 19, 5: 4, 6: 5, 7: 6}
Gate position gate updated to [ 8 19]--------------c
Trying to moving ion 19... to 9
Ion assignment after moving ion 19: {0: 1, 1: 0, 2: 18, 3: 8, 4: 9, 5: 4, 6: 5, 7: 6}
Trying to solve brute-force congestion at gate [18, 8] with {0: 1, 1: 0, 2: 18, 3: 8, 4: 9, 5: 4, 6: 5, 7: 6}
Trying to moving ion 8... to 8
Ion assignment after moving ion 8: {0: 1, 1: 0, 2: 18, 3: 8, 4: 9, 5: 4, 6: 5, 7: 6}
Clearing endpoint 9.........
Gate position gate updated to [ 8 18]--------------c
Trying to moving ion 18... to 9
Ion assignment after moving ion 18: {0: 1, 1: 0, 2: 9, 3: 8, 4: 19, 5: 4, 6: 5, 7: 6}
Trying to solve brute-force congestion at gate [19, 4] with {0: 1, 1: 0, 2: 9, 3: 8, 4: 19, 5: 4, 6: 5, 7: 6}
Trying to moving ion 4... to 4
Ion assignment after moving ion 4: {0: 1, 1: 0, 2: 9, 3: 8, 4: 19, 5: 4, 6: 5, 7: 6}
Clearing endpoint 5.........
Gate position gate updated to [ 4 19]--------------c
Trying to moving ion 19... to 5
Ion assignment after moving ion 19: {0: 1, 1: 0, 2: 9, 3: 8, 4: 5, 5: 4, 6: 17, 7: 6}
Trying to solve brute-force congestion at gate [17, 6] with {0: 1, 1: 0, 2: 9, 3: 8, 4: 5, 5: 4, 6: 17, 7: 6}
Trying to moving ion 6... to 6
Ion assignment after moving ion 6: {0: 1, 1: 0, 2: 9, 3: 8, 4: 5, 5: 4, 6: 17, 7: 6}
Gate position gate updated to [ 6 17]--------------c
Trying to moving ion 17... to 7
Ion assignment after moving ion 17: {0: 1, 1: 0, 2: 9, 3: 8, 4: 5, 5: 4, 6: 7, 7: 6}
Executing gate at point (0, 2).
Executing gate at point (0, 4).
Executing gate at point (0, 6).
Executing gate at point (0, 0).
Best move: (5, 16)
Best move: (9, 15)
Best move: (15, 18)
Best move: (16, 19)
Best move: (15, 19)
Best move: (0, 1)
Try bruteforce due to multiple steps (6) to solve one gate
Trying to solve brute-force congestion at gate [1, 18] with {0: 0, 1: 1, 2: 18, 3: 8, 4: 15, 5: 4, 6: 7, 7: 6}
Trying to moving ion 1... to 0
Ion assignment after moving ion 1: {0: 1, 1: 0, 2: 18, 3: 8, 4: 15, 5: 4, 6: 7, 7: 6}
Clearing endpoint 1.........
Gate position gate updated to [ 0 18]--------------c
Trying to moving ion 18... to 1
Ion assignment after moving ion 18: {0: 13, 1: 0, 2: 1, 3: 8, 4: 15, 5: 4, 6: 7, 7: 6}
Executing gate at point (1, 1).
Best move: (7, 17)
Best move: (16, 17)
Best move: (0, 1)
Best move: (1, 12)
Best move: (9, 15)
Executing gate at point (1, 3).
Best move: (8, 9)
Best move: (9, 15)
Best move: (15, 18)
Best move: (5, 16)
Executing gate at point (1, 5).
Best move: (5, 16)
Best move: (8, 9)
Best move: (9, 15)
Best move: (15, 19)
Best move: (17, 19)
Best move: (17, 19)
Try bruteforce due to multiple steps (6) to solve one gate
Trying to solve brute-force congestion at gate [19, 4] with {0: 13, 1: 12, 2: 0, 3: 18, 4: 19, 5: 4, 6: 16, 7: 6}
Trying to moving ion 4... to 4
Ion assignment after moving ion 4: {0: 13, 1: 12, 2: 0, 3: 18, 4: 19, 5: 4, 6: 16, 7: 6}
Gate position gate updated to [ 4 19]--------------c
Trying to moving ion 19... to 5
Ion assignment after moving ion 19: {0: 13, 1: 12, 2: 0, 3: 18, 4: 5, 5: 4, 6: 17, 7: 6}
Executing gate at point (2, 4).
Best move: (11, 13)
Best move: (12, 13)
Best move: (10, 11)
Best move: (11, 13)
Executing gate at point (2, 0).
Best move: (12, 18)
Best move: (7, 17)
Executing gate at point (2, 6).
Best move: (7, 17)
Best move: (4, 5)
Best move: (5, 16)
Best move: (16, 19)
Best move: (16, 19)
Best move: (16, 19)
Try bruteforce due to multiple steps (6) to solve one gate
Trying to solve brute-force congestion at gate [19, 17] with {0: 10, 1: 11, 2: 0, 3: 12, 4: 4, 5: 19, 6: 17, 7: 6}
Trying to moving ion 17... to 6
Ion assignment after moving ion 17: {0: 10, 1: 11, 2: 0, 3: 12, 4: 4, 5: 19, 6: 6, 7: 7}
Clearing endpoint 7.........
Gate position gate updated to [ 6 19]--------------c
Trying to moving ion 19... to 7
Ion assignment after moving ion 19: {0: 10, 1: 11, 2: 0, 3: 12, 4: 4, 5: 7, 6: 6, 7: 16}
Executing gate at point (3, 5).
Best move: (6, 7)
Best move: (7, 17)
Best move: (16, 19)
Best move: (14, 19)
Best move: (17, 19)
Best move: (3, 14)
Try bruteforce due to multiple steps (6) to solve one gate
Trying to solve brute-force congestion at gate [19, 3] with {0: 10, 1: 11, 2: 0, 3: 12, 4: 4, 5: 6, 6: 19, 7: 3}
Trying to moving ion 3... to 2
Ion assignment after moving ion 3: {0: 10, 1: 11, 2: 0, 3: 12, 4: 4, 5: 6, 6: 19, 7: 2}
Gate position gate updated to [ 2 19]--------------c
Trying to moving ion 19... to 3
Ion assignment after moving ion 19: {0: 10, 1: 11, 2: 0, 3: 12, 4: 4, 5: 6, 6: 3, 7: 2}
Executing gate at point (4, 6).
Best move: (1, 12)
Executing gate at point (2, 2).
Best move: (1, 12)
Best move: (11, 13)
Best move: (13, 18)
Best move: (13, 18)
Best move: (13, 18)
Try bruteforce due to repeated pattern...
Trying to solve brute-force congestion at gate [18, 0] with {0: 10, 1: 18, 2: 0, 3: 12, 4: 4, 5: 6, 6: 3, 7: 2}
Trying to moving ion 0... to 0
Ion assignment after moving ion 0: {0: 10, 1: 18, 2: 0, 3: 12, 4: 4, 5: 6, 6: 3, 7: 2}
Gate position gate updated to [ 0 18]--------------c
Trying to moving ion 18... to 1
Ion assignment after moving ion 18: {0: 10, 1: 1, 2: 0, 3: 13, 4: 4, 5: 6, 6: 3, 7: 2}
Executing gate at point (3, 1).
Best move: (1, 12)
Best move: (12, 18)
Best move: (12, 18)
Best move: (12, 18)
Try bruteforce due to repeated pattern...
Trying to solve brute-force congestion at gate [10, 18] with {0: 10, 1: 18, 2: 0, 3: 13, 4: 4, 5: 6, 6: 3, 7: 2}
Trying to moving ion 10... to 10
Ion assignment after moving ion 10: {0: 10, 1: 18, 2: 0, 3: 13, 4: 4, 5: 6, 6: 3, 7: 2}
Gate position gate updated to [10 18]--------------c
Trying to moving ion 18... to 11
Ion assignment after moving ion 18: {0: 10, 1: 11, 2: 0, 3: 12, 4: 4, 5: 6, 6: 3, 7: 2}
Executing gate at point (4, 0).
Best move: (12, 18)
Best move: (18, 19)
Best move: (16, 19)
Best move: (5, 16)
Executing gate at point (3, 3).
Best move: (5, 16)
Best move: (6, 7)Input filename:  TFXY_wsq_n8_s100_compiled
Algorithm:  SHAPER
Trap type:  G2x3
Trap capacity:  2
Num layout passes:  2
Gate type:  FM
Run index:  6
Creating a QCCD machine ...
QCCD physical machine:
### Traps ### 
Trap(id='trap_0', max_num_ions=2, initial_num_ions=0, executable=True, measureable=True)
Trap(id='trap_1', max_num_ions=2, initial_num_ions=0, executable=True, measureable=True)
Trap(id='trap_2', max_num_ions=2, initial_num_ions=0, executable=True, measureable=True)
Trap(id='trap_3', max_num_ions=2, initial_num_ions=0, executable=True, measureable=True)
Trap(id='trap_4', max_num_ions=2, initial_num_ions=0, executable=True, measureable=True)
Trap(id='trap_5', max_num_ions=2, initial_num_ions=0, executable=True, measureable=True)
### Junctions ### 
Junction(id='junction_0')
Junction(id='junction_1')
Junction(id='junction_2')
### Segments ### 
Segment(id='segment_0', left=Trap(id='trap_0', max_num_ions=2, initial_num_ions=0, executable=True, measureable=True), right=Junction(id='junction_0'))
Segment(id='segment_1', left=Trap(id='trap_5', max_num_ions=2, initial_num_ions=0, executable=True, measureable=True), right=Junction(id='junction_0'))
Segment(id='segment_2', left=Trap(id='trap_1', max_num_ions=2, initial_num_ions=0, executable=True, measureable=True), right=Junction(id='junction_1'))
Segment(id='segment_3', left=Trap(id='trap_4', max_num_ions=2, initial_num_ions=0, executable=True, measureable=True), right=Junction(id='junction_1'))
Segment(id='segment_4', left=Trap(id='trap_2', max_num_ions=2, initial_num_ions=0, executable=True, measureable=True), right=Junction(id='junction_2'))
Segment(id='segment_5', left=Trap(id='trap_3', max_num_ions=2, initial_num_ions=0, executable=True, measureable=True), right=Junction(id='junction_2'))
Segment(id='segment_6', left=Junction(id='junction_0'), right=Junction(id='junction_1'))
Segment(id='segment_7', left=Junction(id='junction_1'), right=Junction(id='junction_2'))
Finished creating the QCCD physical machine.
Position graph:  CouplingGraph({(7, 17), (12, 13), (14, 19), (8, 9), (5, 16), (1, 12), (16, 19), (18, 19), (4, 5), (14, 18), (12, 18), (14, 15), (0, 1), (10, 11), (11, 13), (6, 7), (15, 19), (3, 14), (17, 19), (9, 15), (2, 3), (13, 18), (15, 18), (16, 17)})
Initial ion assignment:  {0: 2, 1: 3, 2: 10, 3: 0, 4: 5, 5: 1, 6: 7, 7: 8}
Congestion rate:  1.0
Scheduling QCCD: 12520.0 us, costing 16.91536330000963 s to compile
0.01252
16.91536330000963
{0: 1, 1: 0, 2: 9, 3: 8, 4: 5, 5: 4, 6: 7, 7: 6}
[0, 1, 2, 3, 4, 5, 6, 7]
