Best move: (8, 22)
Best move: (22, 23)
Best move: (10, 11)
Best move: (9, 10)
Best move: (12, 13)
Best move: (13, 14)
Best move: (14, 21)
Best move: (21, 25)
Try bruteforce due to multiple steps (8) to solve one gate
Trying to solve brute-force congestion at gate [11, 4] with {0: 6, 1: 25, 2: 11, 3: 4, 4: 7, 5: 15, 6: 23, 7: 9}
Trying to moving ion 4... to 3
Ion assignment after moving ion 4: {0: 6, 1: 25, 2: 11, 3: 3, 4: 7, 5: 15, 6: 23, 7: 9}
Gate position gate updated to [ 3 11]--------------c
Trying to moving ion 11... to 4
Ion assignment after moving ion 11: {0: 6, 1: 24, 2: 4, 3: 3, 4: 7, 5: 15, 6: 22, 7: 9}
Executing gate at point (0, 2).
Best move: (22, 23)
Best move: (24, 25)
Best move: (22, 25)
Best move: (8, 22)
Executing gate at point (0, 0).
Best move: (11, 23)
Executing gate at point (0, 6).
Best move: (8, 22)
Best move: (22, 25)
Best move: (20, 25)
Best move: (5, 20)
Executing gate at point (1, 1).
Best move: (5, 20)
Best move: (20, 25)
Best move: (22, 25)
Best move: (8, 22)
Executing gate at point (2, 0).
Best move: (7, 8)
Best move: (8, 22)
Best move: (22, 25)
Best move: (24, 25)
Best move: (19, 24)
Best move: (17, 19)
Executing gate at point (0, 4).
Best move: (11, 23)
Best move: (23, 25)
Best move: (17, 19)
Best move: (19, 24)
Best move: (20, 24)
Best move: (24, 25)
Best move: (19, 24)
Best move: (17, 19)
Try bruteforce due to multiple steps (8) to solve one gate
Trying to solve brute-force congestion at gate [3, 20] with {0: 6, 1: 7, 2: 4, 3: 3, 4: 20, 5: 15, 6: 17, 7: 9}
Trying to moving ion 3... to 3
Ion assignment after moving ion 3: {0: 6, 1: 7, 2: 4, 3: 3, 4: 20, 5: 15, 6: 17, 7: 9}
Gate position gate updated to [ 3 20]--------------c
Trying to moving ion 20... to 4
Ion assignment after moving ion 20: {0: 6, 1: 7, 2: 5, 3: 3, 4: 4, 5: 15, 6: 17, 7: 9}
Executing gate at point (1, 3).
Executing gate at point (1, 5).
Executing gate at point (2, 2).
Best move: (17, 19)
Best move: (19, 24)
Best move: (24, 25)
Best move: (23, 25)
Best move: (11, 23)
Executing gate at point (2, 6).
Best move: (5, 20)
Best move: (20, 25)
Best move: (22, 25)
Best move: (8, 22)
Executing gate at point (3, 1).
Executing gate at point (4, 0).
Best move: (4, 5)
Best move: (5, 20)
Best move: (20, 24)
Best move: (19, 24)
Best move: (17, 19)
Executing gate at point (2, 4).
Best move: (11, 23)
Best move: (23, 25)
Best move: (17, 19)
Best move: (19, 24)
Best move: (20, 24)
Best move: (24, 25)
Best move: (19, 24)
Best move: (17, 19)
Try bruteforce due to multiple steps (8) to solve one gate
Trying to solve brute-force congestion at gate [3, 20] with {0: 6, 1: 7, 2: 8, 3: 3, 4: 20, 5: 15, 6: 17, 7: 9}
Trying to moving ion 3... to 3
Ion assignment after moving ion 3: {0: 6, 1: 7, 2: 8, 3: 3, 4: 20, 5: 15, 6: 17, 7: 9}
Gate position gate updated to [ 3 20]--------------c
Trying to moving ion 20... to 4
Ion assignment after moving ion 20: {0: 6, 1: 7, 2: 8, 3: 3, 4: 4, 5: 15, 6: 17, 7: 9}
Executing gate at point (3, 3).
Executing gate at point (3, 5).
Best move: (17, 19)
Best move: (19, 24)
Best move: (24, 25)
Best move: (23, 25)
Best move: (11, 23)
Executing gate at point (4, 6).
Best move: (8, 22)
Best move: (22, 25)
Best move: (20, 25)
Best move: (5, 20)
Executing gate at point (4, 2).
Best move: (5, 20)
Best move: (4, 5)
Best move: (15, 16)
Best move: (15, 16)
Best move: (15, 16)
Try bruteforce due to repeated pattern...
Trying to solve brute-force congestion at gate [5, 16] with {0: 6, 1: 7, 2: 20, 3: 3, 4: 5, 5: 16, 6: 11, 7: 9}
Trying to moving ion 16... to 15
Ion assignment after moving ion 16: {0: 6, 1: 7, 2: 20, 3: 3, 4: 5, 5: 15, 6: 11, 7: 9}
Gate position gate updated to [15  5]--------------c
Trying to moving ion 5... to 16
Ion assignment after moving ion 5: {0: 6, 1: 7, 2: 18, 3: 3, 4: 16, 5: 15, 6: 11, 7: 9}
Executing gate at point (4, 4).
Best move: (18, 24)
Best move: (24, 25)
Best move: (22, 25)
Best move: (8, 22)
Executing gate at point (5, 1).
Executing gate at point (6, 0).
Best move: (11, 23)
Best move: (23, 25)
Best move: (24, 25)
Best move: (19, 24)
Best move: (17, 19)
Executing gate at point (5, 5).
Best move: (17, 19)
Best move: (16, 17)
Best move: (3, 4)
Best move: (3, 4)
Best move: (3, 4)
Try bruteforce due to repeated pattern...
Trying to solve brute-force congestion at gate [4, 17] with {0: 6, 1: 7, 2: 8, 3: 4, 4: 17, 5: 15, 6: 19, 7: 9}
Trying to moving ion 4... to 3
Ion assignment after moving ion 4: {0: 6, 1: 7, 2: 8, 3: 3, 4: 17, 5: 15, 6: 19, 7: 9}
Gate position gate updated to [ 3 17]--------------c
Trying to moving ion 17... to 4
Ion assignment after moving ion 17: {0: 6, 1: 7, 2: 8, 3: 3, 4: 4, 5: 15, 6: 18, 7: 9}
Executing gate at point (5, 3).
Best move: (18, 24)
Best move: (24, 25)
Best move: (23, 25)
Best move: (11, 23)
Executing gate at point (6, 6).
Best move: (8, 22)
Best move: (22, 25)
Best move: (20, 25)
Best move: (5, 20)
Executing gate at point (6, 2).
Best move: (5, 20)
Best move: (20, 25)
Best move: (22, 25)
Best move: (8, 22)
Executing gate at point (7, 1).
Best move: (4, 5)
Best move: (5, 20)
Best move: (20, 24)
Best move: (19, 24)
Best move: (17, 19)
Executing gate at point (6, 4).
Best move: (11, 23)
Best move: (23, 25)
Best move: (17, 19)
Best move: (19, 24)
Best move: (20, 24)
Best move: (24, 25)
Best move: (19, 24)
Best move: (5, 20)
Try bruteforce due to multiple steps (8) to solve one gate
Trying to solve brute-force congestion at gate [15, 19] with {0: 6, 1: 7, 2: 8, 3: 3, 4: 5, 5: 15, 6: 19, 7: 9}
Trying to moving ion 15... to 15
Ion assignment after moving ion 15: {0: 6, 1: 7, 2: 8, 3: 3, 4: 5, 5: 15, 6: 19, 7: 9}
Gate position gate updated to [15 19]--------------c
Trying to moving ion 19... to 16
Ion assignment after moving ion 19: {0: 6, 1: 7, 2: 8, 3: 3, 4: 5, 5: 15, 6: 16, 7: 9}
Executing gate at point (7, 5).
Executing gate at point (7, 3).
Trying to solve brute-force congestion at gate [16, 9] with {0: 6, 1: 7, 2: 5, 3: 3, 4: 17, 5: 15, 6: 16, 7: 9}
Trying to moving ion 9... to 9
Ion assignment after moving ion 9: {0: 6, 1: 7, 2: 5, 3: 3, 4: 17, 5: 15, 6: 16, 7: 9}
Gate position gate updated to [ 9 16]--------------c
Trying to moving ion 16... to 10
Ion assignment after moving ion 16: {0: 6, 1: 7, 2: 5, 3: 3, 4: 16, 5: 15, 6: 10, 7: 9}
Trying to solve brute-force congestion at gate [3, 16] with {0: 6, 1: 7, 2: 5, 3: 3, 4: 16, 5: 15, 6: 10, 7: 9}
Trying to moving ion 3... to 3
Ion assignment after moving ion 3: {0: 6, 1: 7, 2: 5, 3: 3, 4: 16, 5: 15, 6: 10, 7: 9}
Clearing endpoint 5.........
Gate position gate updated to [ 3 16]--------------c
Trying to moving ion 16... to 4
Ion assignment after moving ion 16: {0: 6, 1: 7, 2: 5, 3: 3, 4: 4, 5: 15, 6: 10, 7: 9}
Trying to solve brute-force congestion at gate [15, 10] with {0: 6, 1: 7, 2: 5, 3: 3, 4: 4, 5: 15, 6: 10, 7: 9}
Trying to moving ion 15... to 15
Ion assignment after moving ion 15: {0: 6, 1: 7, 2: 5, 3: 3, 4: 4, 5: 15, 6: 10, 7: 9}
Gate position gate updated to [15 10]--------------c
Trying to moving ion 10... to 16
Ion assignment after moving ion 10: {0: 6, 1: 7, 2: 5, 3: 3, 4: 4, 5: 15, 6: 16, 7: 9}
Trying to solve brute-force congestion at gate [4, 15] with {0: 6, 1: 7, 2: 5, 3: 3, 4: 4, 5: 15, 6: 16, 7: 9}
Trying to moving ion 15... to 15
Ion assignment after moving ion 15: {0: 6, 1: 7, 2: 5, 3: 3, 4: 4, 5: 15, 6: 16, 7: 9}
Gate position gate updated to [15  4]--------------c
Trying to moving ion 4... to 16
Ion assignment after moving ion 4: {0: 6, 1: 7, 2: 4, 3: 3, 4: 16, 5: 15, 6: 17, 7: 9}
Trying to solve brute-force congestion at gate [17, 9] with {0: 6, 1: 7, 2: 4, 3: 3, 4: 16, 5: 15, 6: 17, 7: 9}
Trying to moving ion 9... to 9
Ion assignment after moving ion 9: {0: 6, 1: 7, 2: 4, 3: 3, 4: 16, 5: 15, 6: 17, 7: 9}
Gate position gate updated to [ 9 17]--------------c
Trying to moving ion 17... to 10
Ion assignment after moving ion 17: {0: 6, 1: 7, 2: 4, 3: 3, 4: 16, 5: 15, 6: 10, 7: 9}
Trying to solve brute-force congestion at gate [7, 4] with {0: 6, 1: 7, 2: 4, 3: 3, 4: 16, 5: 15, 6: 10, 7: 9}
Trying to moving ion 4... to 3
Ion assignment after moving ion 4: {0: 6, 1: 7, 2: 3, 3: 4, 4: 16, 5: 15, 6: 10, 7: 9}
Gate position gate updated to [3 7]--------------c
Trying to moving ion 7... to 4
Ion assignment after moving ion 7: {0: 6, 1: 4, 2: 3, 3: 5, 4: 16, 5: 15, 6: 10, 7: 9}
Trying to solve brute-force congestion at gate [3, 5] with {0: 6, 1: 4, 2: 3, 3: 5, 4: 16, 5: 15, 6: 10, 7: 9}
Trying to moving ion 3... to 3
Ion assignment after moving ion 3: {0: 6, 1: 4, 2: 3, 3: 5, 4: 16, 5: 15, 6: 10, 7: 9}
Gate position gate updated to [3 5]--------------c
Trying to moving ion 5... to 4
Ion assignment after moving ion 5: {0: 6, 1: 5, 2: 3, 3: 4, 4: 16, 5: 15, 6: 10, 7: 9}
Trying to solve brute-force congestion at gate [4, 16] with {0: 6, 1: 5, 2: 3, 3: 4, 4: 16, 5: 15, 6: 10, 7: 9}
Trying to moving ion 16... to 15
Ion assignment after moving ion 16: {0: 6, 1: 5, 2: 3, 3: 4, 4: 15, 5: 16, 6: 10, 7: 9}
Gate position gate updated to [15  4]--------------c
Trying to moving ion 4... to 16
Ion assignment after moving ion 4: {0: 6, 1: 4, 2: 3, 3: 16, 4: 15, 5: 17, 6: 10, 7: 9}
Trying to solve brute-force congestion at gate [6, 4] with {0: 6, 1: 4, 2: 3, 3: 16, 4: 15, 5: 17, 6: 10, 7: 9}
Trying to moving ion 6... to 6
Ion assignment after moving ion 6: {0: 6, 1: 4, 2: 3, 3: 16, 4: 15, 5: 17, 6: 10, 7: 9}
Gate position gate updated to [6 4]--------------c
Trying to moving ion 4... to 7
Ion assignment after moving ion 4: {0: 6, 1: 7, 2: 3, 3: 16, 4: 15, 5: 17, 6: 10, 7: 9}
Trying to solve brute-force congestion at gate [7, 3] with {0: 6, 1: 7, 2: 3, 3: 16, 4: 15, 5: 17, 6: 10, 7: 9}
Trying to moving ion 3... to 3
Ion assignment after moving ion 3: {0: 6, 1: 7, 2: 3, 3: 16, 4: 15, 5: 17, 6: 10, 7: 9}
Gate position gate updated to [3 7]--------------c
Trying to moving ion 7... to 4
Ion assignment after moving ion 7: {0: 6, 1: 4, 2: 3, 3: 16, 4: 15, 5: 17, 6: 10, 7: 9}
Trying to solve brute-force congestion at gate [6, 4] with {0: 6, 1: 4, 2: 3, 3: 16, 4: 15, 5: 17, 6: 10, 7: 9}
Trying to moving ion 6... to 6
Ion assignment after moving ion 6: {0: 6, 1: 4, 2: 3, 3: 16, 4: 15, 5: 17, 6: 10, 7: 9}
Gate position gate updated to [6 4]--------------c
Trying to moving ion 4... to 7
Ion assignment after moving ion 4: {0: 6, 1: 7, 2: 3, 3: 16, 4: 15, 5: 17, 6: 10, 7: 9}
Trying to solve brute-force congestion at gate [17, 10] with {0: 6, 1: 7, 2: 3, 3: 16, 4: 15, 5: 17, 6: 10, 7: 9}
Trying to moving ion 10... to 9
Ion assignment after moving ion 10: {0: 6, 1: 7, 2: 3, 3: 16, 4: 15, 5: 17, 6: 9, 7: 10}
Gate position gate updated to [ 9 17]--------------c
Trying to moving ion 17... to 10
Ion assignment after moving ion 17: {0: 6, 1: 7, 2: 3, 3: 16, 4: 15, 5: 10, 6: 9, 7: 11}
Trying to solve brute-force congestion at gate [15, 10] with {0: 6, 1: 7, 2: 3, 3: 16, 4: 15, 5: 10, 6: 9, 7: 11}
Trying to moving ion 15... to 15
Ion assignment after moving ion 15: {0: 6, 1: 7, 2: 3, 3: 16, 4: 15, 5: 10, 6: 9, 7: 11}
Gate position gate updated to [15 10]--------------c
Trying to moving ion 10... to 16
Ion assignment after moving ion 10: {0: 6, 1: 7, 2: 3, 3: 17, 4: 15, 5: 16, 6: 9, 7: 10}
Trying to solve brute-force congestion at gate [16, 9] with {0: 6, 1: 7, 2: 3, 3: 17, 4: 15, 5: 16, 6: 9, 7: 10}
Trying to moving ion 9... to 9
Ion assignment after moving ion 9: {0: 6, 1: 7, 2: 3, 3: 17, 4: 15, 5: 16, 6: 9, 7: 10}
Gate position gate updated to [ 9 16]--------------c
Trying to moving ion 16... to 10
Ion assignment after moving ion 16: {0: 6, 1: 7, 2: 3, 3: 16, 4: 15, 5: 10, 6: 9, 7: 11}
Trying to solve brute-force congestion at gate [3, 16] with {0: 6, 1: 7, 2: 3, 3: 16, 4: 15, 5: 10, 6: 9, 7: 11}
Trying to moving ion 3... to 3
Ion assignment after moving ion 3: {0: 6, 1: 7, 2: 3, 3: 16, 4: 15, 5: 10, 6: 9, 7: 11}
Gate position gate updated to [ 3 16]--------------c
Trying to moving ion 16... to 4
Ion assignment after moving ion 16: {0: 6, 1: 7, 2: 3, 3: 4, 4: 15, 5: 10, 6: 9, 7: 11}
Trying to solve brute-force congestion at gate [7, 3] with {0: 6, 1: 7, 2: 3, 3: 4, 4: 15, 5: 10, 6: 9, 7: 11}
Trying to moving ion 3... to 3
Ion assignment after moving ion 3: {0: 6, 1: 7, 2: 3, 3: 4, 4: 15, 5: 10, 6: 9, 7: 11}
Gate position gate updated to [3 7]--------------c
Trying to moving ion 7... to 4
Ion assignment after moving ion 7: {0: 6, 1: 4, 2: 3, 3: 5, 4: 15, 5: 10, 6: 9, 7: 11}
Trying to solve brute-force congestion at gate [5, 15] with {0: 6, 1: 4, 2: 3, 3: 5, 4: 15, 5: 10, 6: 9, 7: 11}
Trying to moving ion 15... to 15
Ion assignment after moving ion 15: {0: 6, 1: 4, 2: 3, 3: 5, 4: 15, 5: 10, 6: 9, 7: 11}
Gate position gate updated to [15  5]--------------c
Trying to moving ion 5... to 16
Ion assignment after moving ion 5: {0: 6, 1: 4, 2: 3, 3: 16, 4: 15, 5: 10, 6: 9, 7: 11}
Trying to solve brute-force congestion at gate [3, 16] with {0: 6, 1: 4, 2: 3, 3: 16, 4: 15, 5: 10, 6: 9, 7: 11}
Trying to moving ion 3... to 3
Ion assignment after moving ion 3: {0: 6, 1: 4, 2: 3, 3: 16, 4: 15, 5: 10, 6: 9, 7: 11}
Gate position gate updated to [ 3 16]--------------c
Trying to moving ion 16... to 4
Ion assignment after moving ion 16: {0: 6, 1: 5, 2: 3, 3: 4, 4: 15, 5: 10, 6: 9, 7: 11}
Trying to solve brute-force congestion at gate [15, 10] with {0: 6, 1: 5, 2: 3, 3: 4, 4: 15, 5: 10, 6: 9, 7: 11}
Trying to moving ion 15... to 15
Ion assignment after moving ion 15: {0: 6, 1: 5, 2: 3, 3: 4, 4: 15, 5: 10, 6: 9, 7: 11}
Gate position gate updated to [15 10]--------------c
Trying to moving ion 10... to 16
Ion assignment after moving ion 10: {0: 6, 1: 5, 2: 3, 3: 4, 4: 15, 5: 16, 6: 9, 7: 10}
Trying to solve brute-force congestion at gate [6, 5] with {0: 6, 1: 5, 2: 3, 3: 4, 4: 15, 5: 16, 6: 9, 7: 10}
Trying to moving ion 6... to 6
Ion assignment after moving ion 6: {0: 6, 1: 5, 2: 3, 3: 4, 4: 15, 5: 16, 6: 9, 7: 10}
Gate position gate updated to [6 5]--------------c
Trying to moving ion 5... to 7
Ion assignment after moving ion 5: {0: 6, 1: 7, 2: 3, 3: 4, 4: 15, 5: 16, 6: 9, 7: 10}
Executing gate at point (0, 2).
Executing gate at point (0, 4).
Executing gate at point (0, 6).
Executing gate at point (0, 0).
Best move: (7, 8)
Best move: (8, 22)
Best move: (22, 25)
Best move: (20, 25)
Best move: (5, 20)
Executing gate at point (1, 1).
Best move: (5, 20)
Best move: (20, 25)
Best move: (22, 25)
Best move: (8, 22)
Executing gate at point (2, 0).
Best move: (4, 5)
Best move: (5, 20)
Best move: (20, 24)
Best move: (19, 24)
Best move: (17, 19)
Executing gate at point (1, 3).
Best move: (17, 19)
Best move: (19, 24)
Best move: (20, 24)
Best move: (5, 20)
Executing gate at point (2, 2).
Best move: (8, 22)
Best move: (22, 25)
Best move: (20, 25)
Best move: (16, 17)
Best move: (17, 19)
Best move: (19, 24)
Best move: (24, 25)
Best move: (23, 25)
Try bruteforce due to multiple steps (8) to solve one gate
Trying to solve brute-force congestion at gate [20, 3] with {0: 6, 1: 20, 2: 3, 3: 5, 4: 15, 5: 23, 6: 9, 7: 10}
Trying to moving ion 3... to 3
Ion assignment after moving ion 3: {0: 6, 1: 20, 2: 3, 3: 5, 4: 15, 5: 23, 6: 9, 7: 10}
Clearing endpoint 5.........
Gate position gate updated to [ 3 20]--------------c
Trying to moving ion 20... to 4
Ion assignment after moving ion 20: {0: 6, 1: 4, 2: 3, 3: 5, 4: 15, 5: 23, 6: 9, 7: 10}
Executing gate at point (3, 1).
Best move: (11, 23)
Executing gate at point (1, 5).
Executing gate at point (2, 6).
Best move: (11, 23)
Best move: (23, 25)
Best move: (24, 25)
Best move: (19, 24)
Best move: (17, 19)
Executing gate at point (2, 4).
Best move: (17, 19)
Best move: (4, 5)
Best move: (5, 20)
Best move: (20, 25)
Best move: (22, 25)
Best move: (8, 22)
Executing gate at point (4, 0).
Best move: (19, 24)
Best move: (24, 25)
Best move: (23, 25)
Best move: (11, 23)
Executing gate at point (3, 5).
Executing gate at point (4, 6).
Best move: (4, 5)
Best move: (5, 20)
Best move: (20, 24)
Best move: (19, 24)
Best move: (17, 19)
Executing gate at point (3, 3).
Best move: (11, 23)
Best move: (23, 25)
Best move: (17, 19)
Best move: (19, 24)
Best move: (20, 24)
Best move: (24, 25)
Best move: (19, 24)
Best move: (5, 20)
Try bruteforce due to multiple steps (8) to solve one gate
Trying to solve brute-force congestion at gate [15, 19] with {0: 6, 1: 8, 2: 3, 3: 5, 4: 15, 5: 19, 6: 9, 7: 10}
Trying to moving ion 15... to 15
Ion assignment after moving ion 15: {0: 6, 1: 8, 2: 3, 3: 5, 4: 15, 5: 19, 6: 9, 7: 10}
Gate position gate updated to [15 19]--------------c
Trying to moving ion 19... to 16
Ion assignment after moving ion 19: {0: 6, 1: 8, 2: 3, 3: 5, 4: 15, 5: 16, 6: 9, 7: 10}
Executing gate at point (4, 4).
Executing gate at point (4, 2).
Best move: (8, 22)
Best move: (5, 20)
Best move: (20, 24)
Best move: (19, 24)
Best move: (17, 19)
Executing gate at point (5, 3).
Best move: (16, 17)
Best move: (17, 19)
Best move: (19, 24)
Best move: (24, 25)
Best move: (23, 25)
Best move: (11, 23)
Executing gate at point (5, 5).
Executing gate at point (6, 6).
Best move: (22, 25)
Best move: (20, 25)
Best move: (5, 20)
Executing gate at point (5, 1).
Best move: (11, 23)
Best move: (5, 20)
Best move: (20, 25)
Best move: (22, 25)
Best move: (8, 22)
Executing gate at point (6, 0).
Best move: (23, 25)
Best move: (24, 25)
Best move: (19, 24)
Best move: (17, 19)
Executing gate at point (6, 4).
Best move: (17, 19)
Best move: (16, 17)
Best move: (3, 4)
Best move: (3, 4)
Best move: (3, 4)
Try bruteforce due to repeated pattern...
Trying to solve brute-force congestion at gate [4, 17] with {0: 6, 1: 8, 2: 4, 3: 17, 4: 15, 5: 19, 6: 9, 7: 10}
Trying to moving ion 4... to 3
Ion assignment after moving ion 4: {0: 6, 1: 8, 2: 3, 3: 17, 4: 15, 5: 19, 6: 9, 7: 10}
Gate position gate updated to [ 3 17]--------------c
Trying to moving ion 17... to 4
Ion assignment after moving ion 17: {0: 6, 1: 8, 2: 3, 3: 4, 4: 15, 5: 18, 6: 9, 7: 10}
Executing gate at point (6, 2).
Best move: (8, 22)
Best move: (22, 25)
Best move: (20, 25)
Best move: (5, 20)
Executing gate at point (7, 1).
Best move: (18, 24)
Best move: (24, 25)
Best move: (23, 25)
Best move: (11, 23)
Executing gate at point (7, 5).
Best move: (4, 5)
Best move: (5, 20)
Best move: (20, 24)
Best move: (19, 24)
Best move: (17, 19)
Executing gate at point (7, 3).
Trying to solve brute-force congestion at gate [15, 23] with {0: 6, 1: 25, 2: 3, 3: 4, 4: 15, 5: 23, 6: 9, 7: 10}
Trying to moving ion 15... to 15
Ion assignment after moving ion 15: {0: 6, 1: 25, 2: 3, 3: 4, 4: 15, 5: 23, 6: 9, 7: 10}
Gate position gate updated to [15 23]--------------c
Trying to moving ion 23... to 16
Ion assignment after moving ion 23: {0: 6, 1: 20, 2: 3, 3: 4, 4: 15, 5: 16, 6: 9, 7: 10}
Trying to solve brute-force congestion at gate [4, 15] with {0: 6, 1: 20, 2: 3, 3: 4, 4: 15, 5: 16, 6: 9, 7: 10}
Trying to moving ion 15... to 15
Ion assignment after moving ion 15: {0: 6, 1: 20, 2: 3, 3: 4, 4: 15, 5: 16, 6: 9, 7: 10}
Gate position gate updated to [15  4]--------------c
Trying to moving ion 4... to 16
Ion assignment after moving ion 4: {0: 6, 1: 18, 2: 3, 3: 16, 4: 15, 5: 17, 6: 9, 7: 10}
Trying to solve brute-force congestion at gate [17, 9] with {0: 6, 1: 18, 2: 3, 3: 16, 4: 15, 5: 17, 6: 9, 7: 10}
Trying to moving ion 9... to 9
Ion assignment after moving ion 9: {0: 6, 1: 18, 2: 3, 3: 16, 4: 15, 5: 17, 6: 9, 7: 10}
Gate position gate updated to [ 9 17]--------------c
Trying to moving ion 17... to 10
Ion assignment after moving ion 17: {0: 6, 1: 18, 2: 3, 3: 16, 4: 15, 5: 10, 6: 9, 7: 11}
Trying to solve brute-force congestion at gate [15, 10] with {0: 6, 1: 18, 2: 3, 3: 16, 4: 15, 5: 10, 6: 9, 7: 11}
Trying to moving ion 15... to 15
Ion assignment after moving ion 15: {0: 6, 1: 18, 2: 3, 3: 16, 4: 15, 5: 10, 6: 9, 7: 11}
Gate position gate updated to [15 10]--------------c
Trying to moving ion 10... to 16
Ion assignment after moving ion 10: {0: 6, 1: 18, 2: 3, 3: 17, 4: 15, 5: 16, 6: 9, 7: 10}
Trying to solve brute-force congestion at gate [16, 9] with {0: 6, 1: 18, 2: 3, 3: 17, 4: 15, 5: 16, 6: 9, 7: 10}
Trying to moving ion 9... to 9
Ion assignment after moving ion 9: {0: 6, 1: 18, 2: 3, 3: 17, 4: 15, 5: 16, 6: 9, 7: 10}
Gate position gate updated to [ 9 16]--------------c
Trying to moving ion 16... to 10
Ion assignment after moving ion 16: {0: 6, 1: 18, 2: 3, 3: 16, 4: 15, 5: 10, 6: 9, 7: 11}
Trying to solve brute-force congestion at gate [9, 11] with {0: 6, 1: 18, 2: 3, 3: 16, 4: 15, 5: 10, 6: 9, 7: 11}
Trying to moving ion 9... to 9
Ion assignment after moving ion 9: {0: 6, 1: 18, 2: 3, 3: 16, 4: 15, 5: 10, 6: 9, 7: 11}
Gate position gate updated to [ 9 11]--------------c
Trying to moving ion 11... to 10
Ion assignment after moving ion 11: {0: 6, 1: 18, 2: 3, 3: 16, 4: 15, 5: 11, 6: 9, 7: 10}
Trying to solve brute-force congestion at gate [6, 18] with {0: 6, 1: 18, 2: 3, 3: 16, 4: 15, 5: 11, 6: 9, 7: 10}
Trying to moving ion 6... to 6
Ion assignment after moving ion 6: {0: 6, 1: 18, 2: 3, 3: 16, 4: 15, 5: 11, 6: 9, 7: 10}
Gate position gate updated to [ 6 18]--------------c
Trying to moving ion 18... to 7
Ion assignment after moving ion 18: {0: 6, 1: 7, 2: 3, 3: 16, 4: 15, 5: 11, 6: 9, 7: 10}
Trying to solve brute-force congestion at gate [7, 3] with {0: 6, 1: 7, 2: 3, 3: 16, 4: 15, 5: 11, 6: 9, 7: 10}
Trying to moving ion 3... to 3
Ion assignment after moving ion 3: {0: 6, 1: 7, 2: 3, 3: 16, 4: 15, 5: 11, 6: 9, 7: 10}
Gate position gate updated to [3 7]--------------c
Trying to moving ion 7... to 4
Ion assignment after moving ion 7: {0: 6, 1: 4, 2: 3, 3: 16, 4: 15, 5: 11, 6: 9, 7: 10}
Trying to solve brute-force congestion at gate [6, 4] with {0: 6, 1: 4, 2: 3, 3: 16, 4: 15, 5: 11, 6: 9, 7: 10}
Trying to moving ion 6... to 6
Ion assignment after moving ion 6: {0: 6, 1: 4, 2: 3, 3: 16, 4: 15, 5: 11, 6: 9, 7: 10}
Gate position gate updated to [6 4]--------------c
Trying to moving ion 4... to 7
Ion assignment after moving ion 4: {0: 6, 1: 7, 2: 3, 3: 16, 4: 15, 5: 11, 6: 9, 7: 10}
Trying to solve brute-force congestion at gate [3, 16] with {0: 6, 1: 7, 2: 3, 3: 16, 4: 15, 5: 11, 6: 9, 7: 10}
Trying to moving ion 3... to 3
Ion assignment after moving ion 3: {0: 6, 1: 7, 2: 3, 3: 16, 4: 15, 5: 11, 6: 9, 7: 10}
Gate position gate updated to [ 3 16]--------------c
Trying to moving ion 16... to 4
Ion assignment after moving ion 16: {0: 6, 1: 7, 2: 3, 3: 4, 4: 15, 5: 11, 6: 9, 7: 10}
Trying to solve brute-force congestion at gate [7, 3] with {0: 6, 1: 7, 2: 3, 3: 4, 4: 15, 5: 11, 6: 9, 7: 10}
Trying to moving ion 3... to 3
Ion assignment after moving ion 3: {0: 6, 1: 7, 2: 3, 3: 4, 4: 15, 5: 11, 6: 9, 7: 10}
Gate position gate updated to [3 7]--------------c
Trying to moving ion 7... to 4
Ion assignment after moving ion 7: {0: 6, 1: 4, 2: 3, 3: 5, 4: 15, 5: 11, 6: 9, 7: 10}
Trying to solve brute-force congestion at gate [5, 15] with {0: 6, 1: 4, 2: 3, 3: 5, 4: 15, 5: 11, 6: 9, 7: 10}
Trying to moving ion 15... to 15
Ion assignment after moving ion 15: {0: 6, 1: 4, 2: 3, 3: 5, 4: 15, 5: 11, 6: 9, 7: 10}
Gate position gate updated to [15  5]--------------c
Trying to moving ion 5... to 16
Ion assignment after moving ion 5: {0: 6, 1: 4, 2: 3, 3: 16, 4: 15, 5: 11, 6: 9, 7: 10}
Trying to solve brute-force congestion at gate [15, 11] with {0: 6, 1: 4, 2: 3, 3: 16, 4: 15, 5: 11, 6: 9, 7: 10}
Trying to moving ion 15... to 15
Ion assignment after moving ion 15: {0: 6, 1: 4, 2: 3, 3: 16, 4: 15, 5: 11, 6: 9, 7: 10}
Gate position gate updated to [15 11]--------------c
Trying to moving ion 11... to 16
Ion assignment after moving ion 11: {0: 6, 1: 4, 2: 3, 3: 17, 4: 15, 5: 16, 6: 9, 7: 10}
Trying to solve brute-force congestion at gate [16, 9] with {0: 6, 1: 4, 2: 3, 3: 17, 4: 15, 5: 16, 6: 9, 7: 10}
Trying to moving ion 9... to 9
Ion assignment after moving ion 9: {0: 6, 1: 4, 2: 3, 3: 17, 4: 15, 5: 16, 6: 9, 7: 10}
Gate position gate updated to [ 9 16]--------------c
Trying to moving ion 16... to 10
Ion assignment after moving ion 16: {0: 6, 1: 4, 2: 3, 3: 16, 4: 15, 5: 10, 6: 9, 7: 11}
Trying to solve brute-force congestion at gate [6, 4] with {0: 6, 1: 4, 2: 3, 3: 16, 4: 15, 5: 10, 6: 9, 7: 11}
Trying to moving ion 6... to 6
Ion assignment after moving ion 6: {0: 6, 1: 4, 2: 3, 3: 16, 4: 15, 5: 10, 6: 9, 7: 11}
Gate position gate updated to [6 4]--------------c
Trying to moving ion 4... to 7Input filename:  TFXY_n8_s100_compiled
Algorithm:  SHAPER
Trap type:  G2x3
Trap capacity:  3
Num layout passes:  2
Gate type:  FM
Run index:  8
Creating a QCCD machine ...
QCCD physical machine:
### Traps ### 
Trap(id='trap_0', max_num_ions=3, initial_num_ions=0, executable=True, measureable=True)
Trap(id='trap_1', max_num_ions=3, initial_num_ions=0, executable=True, measureable=True)
Trap(id='trap_2', max_num_ions=3, initial_num_ions=0, executable=True, measureable=True)
Trap(id='trap_3', max_num_ions=3, initial_num_ions=0, executable=True, measureable=True)
Trap(id='trap_4', max_num_ions=3, initial_num_ions=0, executable=True, measureable=True)
Trap(id='trap_5', max_num_ions=3, initial_num_ions=0, executable=True, measureable=True)
### Junctions ### 
Junction(id='junction_0')
Junction(id='junction_1')
Junction(id='junction_2')
### Segments ### 
Segment(id='segment_0', left=Trap(id='trap_0', max_num_ions=3, initial_num_ions=0, executable=True, measureable=True), right=Junction(id='junction_0'))
Segment(id='segment_1', left=Trap(id='trap_5', max_num_ions=3, initial_num_ions=0, executable=True, measureable=True), right=Junction(id='junction_0'))
Segment(id='segment_2', left=Trap(id='trap_1', max_num_ions=3, initial_num_ions=0, executable=True, measureable=True), right=Junction(id='junction_1'))
Segment(id='segment_3', left=Trap(id='trap_4', max_num_ions=3, initial_num_ions=0, executable=True, measureable=True), right=Junction(id='junction_1'))
Segment(id='segment_4', left=Trap(id='trap_2', max_num_ions=3, initial_num_ions=0, executable=True, measureable=True), right=Junction(id='junction_2'))
Segment(id='segment_5', left=Trap(id='trap_3', max_num_ions=3, initial_num_ions=0, executable=True, measureable=True), right=Junction(id='junction_2'))
Segment(id='segment_6', left=Junction(id='junction_0'), right=Junction(id='junction_1'))
Segment(id='segment_7', left=Junction(id='junction_1'), right=Junction(id='junction_2'))
Finished creating the QCCD physical machine.
Position graph:  CouplingGraph({(3, 4), (12, 13), (22, 23), (21, 25), (23, 25), (11, 23), (13, 14), (19, 24), (18, 19), (4, 5), (20, 25), (21, 24), (22, 25), (14, 21), (0, 1), (9, 10), (1, 2), (10, 11), (6, 7), (15, 16), (24, 25), (18, 24), (20, 21), (20, 24), (17, 19), (5, 20), (8, 22), (2, 18), (7, 8), (16, 17)})
Initial ion assignment:  {0: 6, 1: 12, 2: 10, 3: 4, 4: 7, 5: 15, 6: 8, 7: 11}
Congestion rate:  1.0
Scheduling QCCD: 1840005720.0000005 us, costing 47.29465420008637 s to compile
1840.0057200000003
47.29465420008637
{0: 6, 1: 7, 2: 3, 3: 4, 4: 15, 5: 16, 6: 9, 7: 10}
[0, 1, 2, 3, 4, 5, 6, 7]
