Executing gate at point (0, 20).
Executing gate at point (0, 12).
Best move: (23, 41)
Best move: (35, 37)
Best move: (17, 40)
Best move: (5, 36)
Best move: (29, 39)
Best move: (3, 4)
Best move: (11, 38)
Best move: (31, 32)
Best move: (32, 33)
Best move: (26, 27)
Best move: (27, 28)
Best move: (25, 26)
Try bruteforce due to multiple steps (12) to solve one gate
Trying to solve brute-force congestion at gate [7, 30] with {0: 21, 1: 7, 2: 12, 3: 31, 4: 26, 5: 13, 6: 39, 7: 28, 8: 16, 9: 34, 10: 36, 11: 32, 12: 22, 13: 27, 14: 19, 15: 40, 16: 24, 17: 30, 18: 4, 19: 38, 20: 0, 21: 6, 22: 3, 23: 20, 24: 10, 25: 33, 26: 37, 27: 14, 28: 1, 29: 9, 30: 41, 31: 18}
Trying to moving ion 30... to 30
Ion assignment after moving ion 30: {0: 21, 1: 7, 2: 12, 3: 31, 4: 26, 5: 13, 6: 39, 7: 28, 8: 16, 9: 34, 10: 36, 11: 32, 12: 22, 13: 27, 14: 19, 15: 40, 16: 24, 17: 30, 18: 4, 19: 38, 20: 0, 21: 6, 22: 3, 23: 20, 24: 10, 25: 33, 26: 37, 27: 14, 28: 1, 29: 9, 30: 41, 31: 18}
Gate position gate updated to [30  7]--------------c
Trying to moving ion 7... to 31
Ion assignment after moving ion 7: {0: 21, 1: 31, 2: 12, 3: 32, 4: 26, 5: 13, 6: 39, 7: 28, 8: 16, 9: 35, 10: 5, 11: 33, 12: 22, 13: 27, 14: 19, 15: 40, 16: 24, 17: 30, 18: 4, 19: 43, 20: 0, 21: 6, 22: 3, 23: 20, 24: 9, 25: 34, 26: 36, 27: 14, 28: 1, 29: 8, 30: 41, 31: 18}
Executing gate at point (0, 1).
Best move: (35, 37)
Best move: (38, 43)
Best move: (26, 27)
Best move: (9, 10)
Best move: (8, 9)
Best move: (6, 7)
Best move: (14, 15)
Best move: (13, 14)
Best move: (7, 8)
Best move: (12, 13)
Best move: (21, 22)
Best move: (24, 25)
Try bruteforce due to multiple steps (12) to solve one gate
Trying to solve brute-force congestion at gate [20, 36] with {0: 22, 1: 31, 2: 13, 3: 32, 4: 27, 5: 14, 6: 39, 7: 28, 8: 16, 9: 37, 10: 5, 11: 33, 12: 21, 13: 26, 14: 19, 15: 40, 16: 25, 17: 30, 18: 4, 19: 38, 20: 0, 21: 8, 22: 3, 23: 20, 24: 10, 25: 34, 26: 36, 27: 15, 28: 1, 29: 9, 30: 41, 31: 18}
Trying to moving ion 20... to 18
Ion assignment after moving ion 20: {0: 22, 1: 31, 2: 13, 3: 32, 4: 27, 5: 14, 6: 39, 7: 28, 8: 16, 9: 37, 10: 5, 11: 33, 12: 21, 13: 26, 14: 20, 15: 40, 16: 25, 17: 30, 18: 4, 19: 38, 20: 0, 21: 8, 22: 3, 23: 18, 24: 10, 25: 34, 26: 36, 27: 15, 28: 1, 29: 9, 30: 41, 31: 19}
Gate position gate updated to [18 36]--------------c
Trying to moving ion 36... to 19
Ion assignment after moving ion 36: {0: 23, 1: 31, 2: 13, 3: 32, 4: 27, 5: 14, 6: 39, 7: 28, 8: 16, 9: 37, 10: 5, 11: 33, 12: 22, 13: 26, 14: 21, 15: 17, 16: 25, 17: 30, 18: 4, 19: 38, 20: 0, 21: 8, 22: 3, 23: 18, 24: 10, 25: 34, 26: 19, 27: 15, 28: 1, 29: 9, 30: 40, 31: 20}
Executing gate at point (0, 23).
Best move: (5, 36)
Best move: (12, 13)
Best move: (13, 14)
Best move: (14, 15)
Best move: (15, 16)
Best move: (16, 17)
Best move: (23, 41)
Best move: (39, 42)
Best move: (38, 39)
Best move: (38, 42)
Best move: (1, 2)
Best move: (2, 3)
Try bruteforce due to multiple steps (12) to solve one gate
Trying to solve brute-force congestion at gate [27, 20] with {0: 41, 1: 31, 2: 12, 3: 32, 4: 27, 5: 13, 6: 38, 7: 28, 8: 15, 9: 37, 10: 36, 11: 33, 12: 22, 13: 26, 14: 21, 15: 16, 16: 25, 17: 30, 18: 4, 19: 39, 20: 0, 21: 8, 22: 2, 23: 18, 24: 10, 25: 34, 26: 19, 27: 14, 28: 3, 29: 9, 30: 40, 31: 20}
Trying to moving ion 20... to 18
Ion assignment after moving ion 20: {0: 41, 1: 31, 2: 12, 3: 32, 4: 27, 5: 13, 6: 38, 7: 28, 8: 15, 9: 37, 10: 36, 11: 33, 12: 22, 13: 26, 14: 21, 15: 16, 16: 25, 17: 30, 18: 4, 19: 39, 20: 0, 21: 8, 22: 2, 23: 19, 24: 10, 25: 34, 26: 20, 27: 14, 28: 3, 29: 9, 30: 40, 31: 18}
Gate position gate updated to [18 27]--------------c
Trying to moving ion 27... to 19
Ion assignment after moving ion 27: {0: 40, 1: 31, 2: 12, 3: 32, 4: 19, 5: 13, 6: 38, 7: 27, 8: 15, 9: 37, 10: 36, 11: 33, 12: 23, 13: 26, 14: 22, 15: 16, 16: 25, 17: 30, 18: 4, 19: 42, 20: 0, 21: 8, 22: 2, 23: 20, 24: 10, 25: 34, 26: 21, 27: 14, 28: 3, 29: 9, 30: 17, 31: 18}
Executing gate at point (0, 4).
Executing gate at point (0, 8).
Best move: (39, 42)
Best move: (40, 41)
Best move: (14, 15)
Best move: (13, 14)
Best move: (12, 13)
Best move: (9, 10)
Best move: (16, 17)
Best move: (17, 40)
Best move: (15, 16)
Best move: (14, 15)
Best move: (13, 14)
Best move: (40, 43)
Try bruteforce due to multiple steps (12) to solve one gate
Trying to solve brute-force congestion at gate [36, 25] with {0: 41, 1: 31, 2: 14, 3: 32, 4: 19, 5: 15, 6: 38, 7: 27, 8: 12, 9: 37, 10: 36, 11: 33, 12: 23, 13: 26, 14: 22, 15: 43, 16: 25, 17: 30, 18: 4, 19: 39, 20: 0, 21: 8, 22: 2, 23: 20, 24: 9, 25: 34, 26: 21, 27: 16, 28: 3, 29: 10, 30: 13, 31: 18}
Trying to moving ion 25... to 24
Ion assignment after moving ion 25: {0: 41, 1: 31, 2: 14, 3: 32, 4: 19, 5: 15, 6: 38, 7: 27, 8: 12, 9: 37, 10: 36, 11: 33, 12: 23, 13: 26, 14: 22, 15: 43, 16: 24, 17: 30, 18: 4, 19: 39, 20: 0, 21: 8, 22: 2, 23: 20, 24: 9, 25: 34, 26: 21, 27: 16, 28: 3, 29: 10, 30: 13, 31: 18}
Gate position gate updated to [24 36]--------------c
Trying to moving ion 36... to 25
Ion assignment after moving ion 36: {0: 41, 1: 31, 2: 14, 3: 32, 4: 19, 5: 15, 6: 11, 7: 28, 8: 12, 9: 37, 10: 25, 11: 33, 12: 23, 13: 27, 14: 22, 15: 43, 16: 24, 17: 30, 18: 4, 19: 38, 20: 0, 21: 8, 22: 2, 23: 20, 24: 9, 25: 34, 26: 21, 27: 16, 28: 3, 29: 10, 30: 13, 31: 18}
Executing gate at point (0, 10).
Best move: (38, 39)
Best move: (11, 38)
Best move: (26, 27)
Best move: (36, 37)
Best move: (27, 28)
Best move: (38, 42)
Best move: (37, 42)
Best move: (36, 42)
Best move: (36, 37)
Best move: (5, 36)
Executing gate at point (0, 6).
Best move: (4, 5)
Best move: (5, 36)
Best move: (38, 42)
Best move: (32, 33)
Best move: (10, 11)
Best move: (10, 11)
Best move: (40, 41)
Best move: (40, 41)
Best move: (40, 41)
Try bruteforce due to repeated pattern...
Trying to solve brute-force congestion at gate [40, 43] with {0: 40, 1: 31, 2: 14, 3: 33, 4: 19, 5: 15, 6: 4, 7: 27, 8: 12, 9: 38, 10: 25, 11: 32, 12: 23, 13: 26, 14: 22, 15: 43, 16: 24, 17: 30, 18: 36, 19: 39, 20: 0, 21: 8, 22: 2, 23: 20, 24: 9, 25: 34, 26: 21, 27: 16, 28: 3, 29: 10, 30: 13, 31: 18}
Trying to moving ion 40... to 12
Ion assignment after moving ion 40: {0: 12, 1: 31, 2: 15, 3: 33, 4: 19, 5: 16, 6: 4, 7: 27, 8: 13, 9: 38, 10: 25, 11: 32, 12: 23, 13: 26, 14: 22, 15: 43, 16: 24, 17: 30, 18: 36, 19: 39, 20: 0, 21: 8, 22: 2, 23: 20, 24: 9, 25: 34, 26: 21, 27: 17, 28: 3, 29: 10, 30: 14, 31: 18}
Clearing endpoint 17.........
Gate position gate updated to [12 43]--------------c
Trying to moving ion 43... to 13
Ion assignment after moving ion 43: {0: 12, 1: 31, 2: 16, 3: 33, 4: 19, 5: 17, 6: 4, 7: 27, 8: 14, 9: 38, 10: 25, 11: 32, 12: 23, 13: 26, 14: 22, 15: 13, 16: 24, 17: 30, 18: 36, 19: 39, 20: 0, 21: 8, 22: 2, 23: 20, 24: 9, 25: 34, 26: 21, 27: 41, 28: 3, 29: 10, 30: 15, 31: 18}
Executing gate at point (0, 0).
Best move: (17, 40)
Best move: (40, 43)
Best move: (16, 17)
Best move: (17, 40)
Best move: (32, 33)
Best move: (8, 9)
Best move: (8, 9)
Best move: (29, 39)
Executing gate at point (0, 13).
Best move: (38, 39)
Best move: (7, 8)
Best move: (8, 9)
Best move: (9, 10)
Best move: (27, 28)
Best move: (28, 29)
Best move: (32, 33)
Best move: (32, 33)
Best move: (32, 33)
Best move: (33, 34)
Best move: (33, 34)
Try bruteforce due to repeated pattern...
Trying to solve brute-force congestion at gate [33, 29] with {0: 12, 1: 31, 2: 40, 3: 33, 4: 19, 5: 43, 6: 4, 7: 29, 8: 14, 9: 39, 10: 25, 11: 32, 12: 23, 13: 26, 14: 22, 15: 13, 16: 24, 17: 30, 18: 36, 19: 28, 20: 0, 21: 7, 22: 2, 23: 20, 24: 8, 25: 34, 26: 21, 27: 41, 28: 3, 29: 9, 30: 15, 31: 18}
Trying to moving ion 33... to 30
Ion assignment after moving ion 33: {0: 12, 1: 32, 2: 40, 3: 30, 4: 19, 5: 43, 6: 4, 7: 29, 8: 14, 9: 39, 10: 25, 11: 33, 12: 23, 13: 26, 14: 22, 15: 13, 16: 24, 17: 31, 18: 36, 19: 28, 20: 0, 21: 7, 22: 2, 23: 20, 24: 8, 25: 34, 26: 21, 27: 41, 28: 3, 29: 9, 30: 15, 31: 18}
Gate position gate updated to [30 29]--------------c
Trying to moving ion 29... to 31
Ion assignment after moving ion 29: {0: 12, 1: 33, 2: 40, 3: 30, 4: 19, 5: 43, 6: 4, 7: 31, 8: 14, 9: 38, 10: 25, 11: 34, 12: 23, 13: 26, 14: 22, 15: 13, 16: 24, 17: 32, 18: 36, 19: 28, 20: 0, 21: 7, 22: 2, 23: 20, 24: 8, 25: 35, 26: 21, 27: 41, 28: 3, 29: 9, 30: 15, 31: 18}Input filename:  QuantumVolume_wsq_32
Algorithm:  SHAPER
Trap type:  G2x3
Trap capacity:  6
Num layout passes:  2
Gate type:  FM
Run index:  1
Creating a QCCD machine ...
QCCD physical machine:
### Traps ### 
Trap(id='trap_0', max_num_ions=6, initial_num_ions=0, executable=True, measureable=True)
Trap(id='trap_1', max_num_ions=6, initial_num_ions=0, executable=True, measureable=True)
Trap(id='trap_2', max_num_ions=6, initial_num_ions=0, executable=True, measureable=True)
Trap(id='trap_3', max_num_ions=6, initial_num_ions=0, executable=True, measureable=True)
Trap(id='trap_4', max_num_ions=6, initial_num_ions=0, executable=True, measureable=True)
Trap(id='trap_5', max_num_ions=6, initial_num_ions=0, executable=True, measureable=True)
### Junctions ### 
Junction(id='junction_0')
Junction(id='junction_1')
Junction(id='junction_2')
### Segments ### 
Segment(id='segment_0', left=Trap(id='trap_0', max_num_ions=6, initial_num_ions=0, executable=True, measureable=True), right=Junction(id='junction_0'))
Segment(id='segment_1', left=Trap(id='trap_5', max_num_ions=6, initial_num_ions=0, executable=True, measureable=True), right=Junction(id='junction_0'))
Segment(id='segment_2', left=Trap(id='trap_1', max_num_ions=6, initial_num_ions=0, executable=True, measureable=True), right=Junction(id='junction_1'))
Segment(id='segment_3', left=Trap(id='trap_4', max_num_ions=6, initial_num_ions=0, executable=True, measureable=True), right=Junction(id='junction_1'))
Segment(id='segment_4', left=Trap(id='trap_2', max_num_ions=6, initial_num_ions=0, executable=True, measureable=True), right=Junction(id='junction_2'))
Segment(id='segment_5', left=Trap(id='trap_3', max_num_ions=6, initial_num_ions=0, executable=True, measureable=True), right=Junction(id='junction_2'))
Segment(id='segment_6', left=Junction(id='junction_0'), right=Junction(id='junction_1'))
Segment(id='segment_7', left=Junction(id='junction_1'), right=Junction(id='junction_2'))
Finished creating the QCCD physical machine.
Position graph:  CouplingGraph({(41, 43), (3, 4), (26, 27), (12, 13), (21, 22), (17, 40), (22, 23), (31, 32), (8, 9), (39, 42), (40, 41), (27, 28), (25, 26), (36, 37), (37, 42), (13, 14), (32, 33), (11, 38), (18, 19), (4, 5), (14, 15), (38, 43), (0, 1), (9, 10), (40, 43), (1, 2), (10, 11), (19, 20), (28, 29), (36, 42), (5, 36), (6, 7), (15, 16), (24, 25), (33, 34), (42, 43), (35, 37), (20, 21), (38, 42), (38, 39), (29, 39), (34, 35), (39, 43), (2, 3), (23, 41), (7, 8), (30, 31), (16, 17)})
Initial ion assignment:  {0: 21, 1: 7, 2: 12, 3: 32, 4: 25, 5: 13, 6: 29, 7: 26, 8: 16, 9: 34, 10: 5, 11: 33, 12: 22, 13: 28, 14: 19, 15: 17, 16: 24, 17: 30, 18: 3, 19: 11, 20: 0, 21: 6, 22: 4, 23: 20, 24: 10, 25: 31, 26: 35, 27: 14, 28: 1, 29: 9, 30: 23, 31: 18}
Congestion rate:  1.0
Traceback (most recent call last):
  File "C:\Users\PC\Documents\GitHub\bqskit-shuttling\bqskit\shuttling\qccd\run.py", line 150, in <module>
    runtime, sp = schedule_QCCD(data["instruction_list"],
                  ^^^^^^^^^^^^^^^^^^^^^^^^^^^^^^^^^^^^^^^
  File "C:\Users\PC\Documents\GitHub\bqskit-shuttling\bqskit\shuttling\qccd\QCCD_schedule.py", line 206, in schedule_QCCD
    return runtime, shuttling_time/(shuttling_time+execution_time)
                    ~~~~~~~~~~~~~~^^~~~~~~~~~~~~~~~~~~~~~~~~~~~~~~
ZeroDivisionError: float division by zero
