Best move: (2, 18)
Best move: (18, 19)
Best move: (8, 22)
Best move: (14, 21)
Best move: (22, 25)
Best move: (24, 25)
Best move: (18, 24)
Best move: (21, 25)
Try bruteforce due to multiple steps (8) to solve one gate
Trying to solve brute-force congestion at gate [17, 19] with {0: 25, 1: 17, 2: 15, 3: 1, 4: 4, 5: 19, 6: 18, 7: 10}
Trying to moving ion 17... to 15
Ion assignment after moving ion 17: {0: 25, 1: 15, 2: 16, 3: 1, 4: 4, 5: 19, 6: 18, 7: 10}
Gate position gate updated to [15 19]--------------c
Trying to moving ion 19... to 16
Ion assignment after moving ion 19: {0: 25, 1: 15, 2: 17, 3: 1, 4: 4, 5: 16, 6: 18, 7: 10}
Executing gate at point (0, 1).
Executing gate at point (1, 2).
Best move: (23, 25)
Best move: (2, 18)
Executing gate at point (0, 3).
Best move: (2, 18)
Best move: (18, 24)
Best move: (20, 24)
Best move: (5, 20)
Executing gate at point (1, 4).
Best move: (11, 23)
Executing gate at point (0, 0).
Best move: (15, 16)
Best move: (16, 17)
Best move: (17, 19)
Best move: (19, 24)
Best move: (24, 25)
Best move: (23, 25)
Best move: (10, 11)
Best move: (10, 11)
Try bruteforce due to multiple steps (8) to solve one gate
Trying to solve brute-force congestion at gate [23, 10] with {0: 11, 1: 23, 2: 16, 3: 1, 4: 4, 5: 15, 6: 5, 7: 10}
Trying to moving ion 10... to 9
Ion assignment after moving ion 10: {0: 11, 1: 23, 2: 16, 3: 1, 4: 4, 5: 15, 6: 5, 7: 9}
Clearing endpoint 11.........
Gate position gate updated to [ 9 23]--------------c
Trying to moving ion 23... to 10
Ion assignment after moving ion 23: {0: 11, 1: 10, 2: 16, 3: 1, 4: 4, 5: 15, 6: 5, 7: 9}
Executing gate at point (1, 1).
Best move: (9, 10)
Best move: (10, 11)
Best move: (11, 23)
Best move: (23, 25)
Best move: (24, 25)
Best move: (18, 24)
Best move: (2, 18)
Executing gate at point (2, 3).
Best move: (2, 18)
Best move: (18, 24)
Best move: (20, 24)
Best move: (3, 4)
Best move: (3, 4)
Try bruteforce due to repeated pattern...
Trying to solve brute-force congestion at gate [4, 20] with {0: 10, 1: 9, 2: 16, 3: 1, 4: 4, 5: 15, 6: 5, 7: 20}
Trying to moving ion 4... to 3
Ion assignment after moving ion 4: {0: 10, 1: 9, 2: 16, 3: 1, 4: 3, 5: 15, 6: 5, 7: 20}
Clearing endpoint 5.........
Gate position gate updated to [ 3 20]--------------c
Trying to moving ion 20... to 4
Ion assignment after moving ion 20: {0: 10, 1: 9, 2: 16, 3: 1, 4: 3, 5: 15, 6: 5, 7: 4}
Executing gate at point (3, 4).
Best move: (4, 5)
Best move: (5, 20)
Best move: (20, 24)
Best move: (19, 24)
Best move: (17, 19)
Executing gate at point (4, 5).
Trying to solve brute-force congestion at gate [1, 2] with {0: 10, 1: 9, 2: 16, 3: 1, 4: 3, 5: 15, 6: 4, 7: 2}
Trying to moving ion 1... to 0
Ion assignment after moving ion 1: {0: 10, 1: 9, 2: 16, 3: 0, 4: 3, 5: 15, 6: 4, 7: 2}
Gate position gate updated to [0 2]--------------c
Trying to moving ion 2... to 1
Ion assignment after moving ion 2: {0: 10, 1: 9, 2: 16, 3: 0, 4: 3, 5: 15, 6: 4, 7: 1}
Trying to solve brute-force congestion at gate [9, 1] with {0: 10, 1: 9, 2: 16, 3: 0, 4: 3, 5: 15, 6: 4, 7: 1}
Trying to moving ion 9... to 9
Ion assignment after moving ion 9: {0: 10, 1: 9, 2: 16, 3: 0, 4: 3, 5: 15, 6: 4, 7: 1}
Gate position gate updated to [9 1]--------------c
Trying to moving ion 1... to 10
Ion assignment after moving ion 1: {0: 11, 1: 9, 2: 16, 3: 0, 4: 3, 5: 15, 6: 4, 7: 10}
Trying to solve brute-force congestion at gate [9, 15] with {0: 11, 1: 9, 2: 16, 3: 0, 4: 3, 5: 15, 6: 4, 7: 10}
Trying to moving ion 15... to 15
Ion assignment after moving ion 15: {0: 11, 1: 9, 2: 16, 3: 0, 4: 3, 5: 15, 6: 4, 7: 10}
Gate position gate updated to [15  9]--------------c
Trying to moving ion 9... to 16
Ion assignment after moving ion 9: {0: 10, 1: 16, 2: 17, 3: 0, 4: 3, 5: 15, 6: 4, 7: 9}
Trying to solve brute-force congestion at gate [0, 4] with {0: 10, 1: 16, 2: 17, 3: 0, 4: 3, 5: 15, 6: 4, 7: 9}
Trying to moving ion 0... to 0
Ion assignment after moving ion 0: {0: 10, 1: 16, 2: 17, 3: 0, 4: 3, 5: 15, 6: 4, 7: 9}
Gate position gate updated to [0 4]--------------c
Trying to moving ion 4... to 1
Ion assignment after moving ion 4: {0: 10, 1: 16, 2: 17, 3: 0, 4: 3, 5: 15, 6: 1, 7: 9}
Executing gate at point (0, 1).
Executing gate at point (0, 3).
Executing gate at point (0, 0).
Executing gate at point (1, 2).
Best move: (16, 17)
Best move: (17, 19)
Best move: (9, 10)
Best move: (19, 24)
Best move: (24, 25)
Best move: (23, 25)
Best move: (11, 23)
Executing gate at point (1, 1).
Best move: (10, 11)
Best move: (11, 23)
Best move: (23, 25)
Best move: (24, 25)
Best move: (18, 24)
Best move: (3, 4)
Best move: (4, 5)
Best move: (5, 20)
Try bruteforce due to multiple steps (8) to solve one gate
Trying to solve brute-force congestion at gate [0, 18] with {0: 9, 1: 10, 2: 16, 3: 0, 4: 20, 5: 15, 6: 1, 7: 18}
Trying to moving ion 0... to 0
Ion assignment after moving ion 0: {0: 9, 1: 10, 2: 16, 3: 0, 4: 20, 5: 15, 6: 1, 7: 18}
Gate position gate updated to [ 0 18]--------------c
Trying to moving ion 18... to 1
Ion assignment after moving ion 18: {0: 9, 1: 10, 2: 16, 3: 0, 4: 20, 5: 15, 6: 2, 7: 1}
Executing gate at point (2, 3).
Best move: (2, 18)
Best move: (18, 24)
Best move: (24, 25)
Best move: (20, 24)
Best move: (21, 25)
Best move: (14, 21)
Best move: (21, 24)
Best move: (13, 14)
Try bruteforce due to multiple steps (8) to solve one gate
Trying to solve brute-force congestion at gate [21, 13] with {0: 9, 1: 10, 2: 16, 3: 0, 4: 21, 5: 15, 6: 13, 7: 1}
Trying to moving ion 13... to 12
Ion assignment after moving ion 13: {0: 9, 1: 10, 2: 16, 3: 0, 4: 21, 5: 15, 6: 12, 7: 1}
Gate position gate updated to [12 21]--------------c
Trying to moving ion 21... to 13
Ion assignment after moving ion 21: {0: 9, 1: 10, 2: 16, 3: 0, 4: 13, 5: 15, 6: 12, 7: 1}
Executing gate at point (1, 4).
Best move: (1, 2)
Best move: (2, 18)
Best move: (18, 24)
Best move: (21, 24)
Best move: (14, 21)
Executing gate at point (3, 4).
Best move: (14, 21)
Best move: (21, 24)
Best move: (19, 24)
Best move: (17, 19)
Executing gate at point (4, 5).
Trying to solve brute-force congestion at gate [0, 2] with {0: 9, 1: 10, 2: 16, 3: 0, 4: 13, 5: 15, 6: 12, 7: 2}
Trying to moving ion 0... to 0
Ion assignment after moving ion 0: {0: 9, 1: 10, 2: 16, 3: 0, 4: 13, 5: 15, 6: 12, 7: 2}
Gate position gate updated to [0 2]--------------c
Trying to moving ion 2... to 1
Ion assignment after moving ion 2: {0: 9, 1: 10, 2: 16, 3: 0, 4: 13, 5: 15, 6: 12, 7: 1}
Trying to solve brute-force congestion at gate [10, 1] with {0: 9, 1: 10, 2: 16, 3: 0, 4: 13, 5: 15, 6: 12, 7: 1}
Trying to moving ion 1... to 0
Ion assignment after moving ion 1: {0: 9, 1: 10, 2: 16, 3: 1, 4: 13, 5: 15, 6: 12, 7: 0}
Gate position gate updated to [ 0 10]--------------c
Trying to moving ion 10... to 1
Ion assignment after moving ion 10: {0: 9, 1: 1, 2: 16, 3: 2, 4: 13, 5: 15, 6: 12, 7: 0}
Trying to solve brute-force congestion at gate [1, 15] with {0: 9, 1: 1, 2: 16, 3: 2, 4: 13, 5: 15, 6: 12, 7: 0}
Trying to moving ion 15... to 15
Ion assignment after moving ion 15: {0: 9, 1: 1, 2: 16, 3: 2, 4: 13, 5: 15, 6: 12, 7: 0}
Gate position gate updated to [15  1]--------------c
Trying to moving ion 1... to 16
Ion assignment after moving ion 1: {0: 9, 1: 16, 2: 17, 3: 1, 4: 13, 5: 15, 6: 12, 7: 0}
Trying to solve brute-force congestion at gate [1, 12] with {0: 9, 1: 16, 2: 17, 3: 1, 4: 13, 5: 15, 6: 12, 7: 0}
Trying to moving ion 12... to 12
Ion assignment after moving ion 12: {0: 9, 1: 16, 2: 17, 3: 1, 4: 13, 5: 15, 6: 12, 7: 0}
Gate position gate updated to [12  1]--------------c
Trying to moving ion 1... to 13
Ion assignment after moving ion 1: {0: 9, 1: 16, 2: 17, 3: 13, 4: 14, 5: 15, 6: 12, 7: 0}
Trying to solve brute-force congestion at gate [9, 0] with {0: 9, 1: 16, 2: 17, 3: 13, 4: 14, 5: 15, 6: 12, 7: 0}
Trying to moving ion 0... to 0
Ion assignment after moving ion 0: {0: 9, 1: 16, 2: 17, 3: 13, 4: 14, 5: 15, 6: 12, 7: 0}
Gate position gate updated to [0 9]--------------c
Trying to moving ion 9... to 1
Ion assignment after moving ion 9: {0: 1, 1: 16, 2: 17, 3: 13, 4: 14, 5: 15, 6: 12, 7: 0}Input filename:  QAOA_8_compiled
Algorithm:  SHAPER
Trap type:  G2x3
Trap capacity:  3
Num layout passes:  2
Gate type:  FM
Run index:  5
Creating a QCCD machine ...
QCCD physical machine:
### Traps ### 
Trap(id='trap_0', max_num_ions=3, initial_num_ions=0, executable=True, measureable=True)
Trap(id='trap_1', max_num_ions=3, initial_num_ions=0, executable=True, measureable=True)
Trap(id='trap_2', max_num_ions=3, initial_num_ions=0, executable=True, measureable=True)
Trap(id='trap_3', max_num_ions=3, initial_num_ions=0, executable=True, measureable=True)
Trap(id='trap_4', max_num_ions=3, initial_num_ions=0, executable=True, measureable=True)
Trap(id='trap_5', max_num_ions=3, initial_num_ions=0, executable=True, measureable=True)
### Junctions ### 
Junction(id='junction_0')
Junction(id='junction_1')
Junction(id='junction_2')
### Segments ### 
Segment(id='segment_0', left=Trap(id='trap_0', max_num_ions=3, initial_num_ions=0, executable=True, measureable=True), right=Junction(id='junction_0'))
Segment(id='segment_1', left=Trap(id='trap_5', max_num_ions=3, initial_num_ions=0, executable=True, measureable=True), right=Junction(id='junction_0'))
Segment(id='segment_2', left=Trap(id='trap_1', max_num_ions=3, initial_num_ions=0, executable=True, measureable=True), right=Junction(id='junction_1'))
Segment(id='segment_3', left=Trap(id='trap_4', max_num_ions=3, initial_num_ions=0, executable=True, measureable=True), right=Junction(id='junction_1'))
Segment(id='segment_4', left=Trap(id='trap_2', max_num_ions=3, initial_num_ions=0, executable=True, measureable=True), right=Junction(id='junction_2'))
Segment(id='segment_5', left=Trap(id='trap_3', max_num_ions=3, initial_num_ions=0, executable=True, measureable=True), right=Junction(id='junction_2'))
Segment(id='segment_6', left=Junction(id='junction_0'), right=Junction(id='junction_1'))
Segment(id='segment_7', left=Junction(id='junction_1'), right=Junction(id='junction_2'))
Finished creating the QCCD physical machine.
Position graph:  CouplingGraph({(3, 4), (12, 13), (22, 23), (21, 25), (23, 25), (11, 23), (13, 14), (19, 24), (18, 19), (4, 5), (20, 25), (21, 24), (22, 25), (14, 21), (0, 1), (9, 10), (1, 2), (10, 11), (6, 7), (15, 16), (24, 25), (18, 24), (20, 21), (20, 24), (17, 19), (5, 20), (8, 22), (2, 18), (7, 8), (16, 17)})
Initial ion assignment:  {0: 14, 1: 17, 2: 15, 3: 1, 4: 4, 5: 2, 6: 8, 7: 10}
Congestion rate:  1.0
Scheduling QCCD: 400001920.0 us, costing 15.193695500027388 s to compile
400.00192
15.193695500027388
{0: 1, 1: 16, 2: 17, 3: 13, 4: 14, 5: 15, 6: 12, 7: 0}
[0, 1, 2, 3, 4, 5, 6, 7]
