Executing gate at point (0, 3).
Best move: (6, 7)
Best move: (7, 17)
Best move: (17, 19)
Best move: (2, 3)
Best move: (3, 14)
Best move: (15, 19)
Try bruteforce due to multiple steps (6) to solve one gate
Trying to solve brute-force congestion at gate [15, 8] with {0: 6, 1: 2, 2: 15, 3: 8, 4: 9, 5: 0, 6: 14, 7: 4}
Trying to moving ion 8... to 8
Ion assignment after moving ion 8: {0: 6, 1: 2, 2: 15, 3: 8, 4: 9, 5: 0, 6: 14, 7: 4}
Clearing endpoint 9.........
Gate position gate updated to [ 8 18]--------------c
Trying to moving ion 18... to 9
Ion assignment after moving ion 18: {0: 6, 1: 2, 2: 9, 3: 8, 4: 19, 5: 0, 6: 14, 7: 4}
Executing gate at point (1, 2).
Best move: (9, 15)
Best move: (15, 18)
Best move: (15, 18)
Best move: (15, 18)
Try bruteforce due to repeated pattern...
Trying to solve brute-force congestion at gate [2, 18] with {0: 6, 1: 2, 2: 18, 3: 8, 4: 19, 5: 0, 6: 14, 7: 4}
Trying to moving ion 2... to 2
Ion assignment after moving ion 2: {0: 6, 1: 2, 2: 18, 3: 8, 4: 19, 5: 0, 6: 14, 7: 4}
Gate position gate updated to [ 2 18]--------------c
Trying to moving ion 18... to 3
Ion assignment after moving ion 18: {0: 6, 1: 2, 2: 3, 3: 8, 4: 19, 5: 0, 6: 15, 7: 4}
Executing gate at point (2, 1).
Best move: (2, 3)
Best move: (3, 14)
Best move: (15, 18)
Best move: (14, 15)
Best move: (14, 15)
Best move: (6, 7)
Try bruteforce due to multiple steps (6) to solve one gate
Trying to solve brute-force congestion at gate [7, 14] with {0: 7, 1: 14, 2: 2, 3: 8, 4: 19, 5: 0, 6: 18, 7: 4}
Trying to moving ion 7... to 6
Ion assignment after moving ion 7: {0: 6, 1: 14, 2: 2, 3: 8, 4: 19, 5: 0, 6: 18, 7: 4}
Gate position gate updated to [ 6 14]--------------c
Trying to moving ion 14... to 7
Ion assignment after moving ion 14: {0: 6, 1: 7, 2: 2, 3: 8, 4: 15, 5: 0, 6: 18, 7: 4}
Executing gate at point (3, 0).
Best move: (18, 19)
Best move: (16, 19)
Best move: (5, 16)
Executing gate at point (0, 6).
Best move: (5, 16)
Best move: (16, 19)
Best move: (18, 19)
Best move: (12, 18)
Best move: (1, 12)
Executing gate at point (1, 5).
Best move: (15, 18)
Best move: (0, 1)
Best move: (1, 12)
Best move: (12, 13)
Best move: (11, 13)
Best move: (13, 18)
Try bruteforce due to multiple steps (6) to solve one gate
Trying to solve brute-force congestion at gate [13, 11] with {0: 6, 1: 7, 2: 2, 3: 8, 4: 13, 5: 11, 6: 0, 7: 4}
Trying to moving ion 11... to 10
Ion assignment after moving ion 11: {0: 6, 1: 7, 2: 2, 3: 8, 4: 13, 5: 10, 6: 0, 7: 4}
Gate position gate updated to [10 13]--------------c
Trying to moving ion 13... to 11
Ion assignment after moving ion 13: {0: 6, 1: 7, 2: 2, 3: 8, 4: 11, 5: 10, 6: 0, 7: 4}
Executing gate at point (2, 4).
Best move: (11, 13)
Best move: (13, 18)
Best move: (15, 18)
Best move: (9, 15)
Executing gate at point (3, 3).
Best move: (8, 9)
Best move: (9, 15)
Best move: (14, 15)
Best move: (0, 1)
Best move: (1, 12)
Best move: (12, 13)
Try bruteforce due to multiple steps (6) to solve one gate
Trying to solve brute-force congestion at gate [2, 14] with {0: 6, 1: 7, 2: 2, 3: 14, 4: 8, 5: 10, 6: 13, 7: 4}
Trying to moving ion 2... to 2
Ion assignment after moving ion 2: {0: 6, 1: 7, 2: 2, 3: 14, 4: 8, 5: 10, 6: 13, 7: 4}
Gate position gate updated to [ 2 14]--------------c
Trying to moving ion 14... to 3
Ion assignment after moving ion 14: {0: 6, 1: 7, 2: 2, 3: 3, 4: 8, 5: 10, 6: 13, 7: 4}
Executing gate at point (4, 2).
Best move: (11, 13)
Executing gate at point (3, 5).
Best move: (7, 17)
Best move: (17, 19)
Best move: (14, 19)
Best move: (2, 3)
Best move: (11, 13)
Best move: (8, 9)
Try bruteforce due to multiple steps (6) to solve one gate
Trying to solve brute-force congestion at gate [9, 10] with {0: 6, 1: 14, 2: 3, 3: 2, 4: 9, 5: 10, 6: 13, 7: 4}
Trying to moving ion 10... to 10
Ion assignment after moving ion 10: {0: 6, 1: 14, 2: 3, 3: 2, 4: 9, 5: 10, 6: 13, 7: 4}
Gate position gate updated to [10  9]--------------c
Trying to moving ion 9... to 11
Ion assignment after moving ion 9: {0: 6, 1: 14, 2: 3, 3: 2, 4: 11, 5: 10, 6: 12, 7: 4}
Executing gate at point (4, 4).
Best move: (11, 13)
Best move: (13, 18)
Best move: (2, 3)
Best move: (15, 18)
Best move: (9, 15)
Best move: (8, 9)
Try bruteforce due to multiple steps (6) to solve one gate
Trying to solve brute-force congestion at gate [3, 8] with {0: 6, 1: 14, 2: 2, 3: 3, 4: 8, 5: 10, 6: 12, 7: 4}
Trying to moving ion 8... to 8
Ion assignment after moving ion 8: {0: 6, 1: 14, 2: 2, 3: 3, 4: 8, 5: 10, 6: 12, 7: 4}
Gate position gate updated to [8 3]--------------c
Trying to moving ion 3... to 9
Ion assignment after moving ion 3: {0: 6, 1: 19, 2: 2, 3: 9, 4: 8, 5: 10, 6: 12, 7: 4}
Executing gate at point (5, 3).
Best move: (14, 19)
Best move: (12, 18)
Best move: (3, 14)
Executing gate at point (5, 1).
Best move: (18, 19)
Best move: (16, 19)
Best move: (5, 16)
Executing gate at point (4, 6).
Best move: (5, 16)
Best move: (16, 19)
Best move: (18, 19)
Best move: (13, 18)
Best move: (11, 13)
Executing gate at point (5, 5).
Trying to solve brute-force congestion at gate [8, 10] with {0: 6, 1: 19, 2: 2, 3: 9, 4: 8, 5: 10, 6: 16, 7: 4}
Trying to moving ion 10... to 10
Ion assignment after moving ion 10: {0: 6, 1: 19, 2: 2, 3: 9, 4: 8, 5: 10, 6: 16, 7: 4}
Gate position gate updated to [10  8]--------------c
Trying to moving ion 8... to 11
Ion assignment after moving ion 8: {0: 6, 1: 19, 2: 2, 3: 8, 4: 11, 5: 10, 6: 16, 7: 4}
Trying to solve brute-force congestion at gate [16, 4] with {0: 6, 1: 19, 2: 2, 3: 8, 4: 11, 5: 10, 6: 16, 7: 4}
Trying to moving ion 4... to 4
Ion assignment after moving ion 4: {0: 6, 1: 19, 2: 2, 3: 8, 4: 11, 5: 10, 6: 16, 7: 4}
Gate position gate updated to [ 4 16]--------------c
Trying to moving ion 16... to 5
Ion assignment after moving ion 16: {0: 6, 1: 19, 2: 2, 3: 8, 4: 11, 5: 10, 6: 5, 7: 4}
Trying to solve brute-force congestion at gate [10, 5] with {0: 6, 1: 19, 2: 2, 3: 8, 4: 11, 5: 10, 6: 5, 7: 4}
Trying to moving ion 10... to 10
Ion assignment after moving ion 10: {0: 6, 1: 19, 2: 2, 3: 8, 4: 11, 5: 10, 6: 5, 7: 4}
Clearing endpoint 11.........
Gate position gate updated to [10  5]--------------c
Trying to moving ion 5... to 11
Ion assignment after moving ion 5: {0: 6, 1: 14, 2: 2, 3: 8, 4: 12, 5: 10, 6: 11, 7: 4}
Trying to solve brute-force congestion at gate [2, 8] with {0: 6, 1: 14, 2: 2, 3: 8, 4: 12, 5: 10, 6: 11, 7: 4}
Trying to moving ion 2... to 2
Ion assignment after moving ion 2: {0: 6, 1: 14, 2: 2, 3: 8, 4: 12, 5: 10, 6: 11, 7: 4}
Gate position gate updated to [2 8]--------------c
Trying to moving ion 8... to 3
Ion assignment after moving ion 8: {0: 6, 1: 19, 2: 2, 3: 3, 4: 12, 5: 10, 6: 11, 7: 4}
Trying to solve brute-force congestion at gate [3, 12] with {0: 6, 1: 19, 2: 2, 3: 3, 4: 12, 5: 10, 6: 11, 7: 4}
Trying to moving ion 3... to 2
Ion assignment after moving ion 3: {0: 6, 1: 19, 2: 3, 3: 2, 4: 12, 5: 10, 6: 11, 7: 4}
Clearing endpoint 3.........
Gate position gate updated to [ 2 12]--------------c
Trying to moving ion 12... to 3
Ion assignment after moving ion 12: {0: 6, 1: 19, 2: 15, 3: 2, 4: 3, 5: 10, 6: 11, 7: 4}
Trying to solve brute-force congestion at gate [3, 10] with {0: 6, 1: 19, 2: 15, 3: 2, 4: 3, 5: 10, 6: 11, 7: 4}
Trying to moving ion 10... to 10
Ion assignment after moving ion 10: {0: 6, 1: 19, 2: 15, 3: 2, 4: 3, 5: 10, 6: 11, 7: 4}
Clearing endpoint 11.........
Gate position gate updated to [10  3]--------------c
Trying to moving ion 3... to 11
Ion assignment after moving ion 3: {0: 6, 1: 19, 2: 15, 3: 2, 4: 11, 5: 10, 6: 12, 7: 4}
Trying to solve brute-force congestion at gate [10, 12] with {0: 6, 1: 19, 2: 15, 3: 2, 4: 11, 5: 10, 6: 12, 7: 4}
Trying to moving ion 10... to 10
Ion assignment after moving ion 10: {0: 6, 1: 19, 2: 15, 3: 2, 4: 11, 5: 10, 6: 12, 7: 4}
Clearing endpoint 11.........
Gate position gate updated to [10 12]--------------c
Trying to moving ion 12... to 11
Ion assignment after moving ion 12: {0: 6, 1: 19, 2: 15, 3: 2, 4: 18, 5: 10, 6: 11, 7: 4}
Trying to solve brute-force congestion at gate [11, 4] with {0: 6, 1: 19, 2: 15, 3: 2, 4: 18, 5: 10, 6: 11, 7: 4}
Trying to moving ion 4... to 4
Ion assignment after moving ion 4: {0: 6, 1: 19, 2: 15, 3: 2, 4: 18, 5: 10, 6: 11, 7: 4}
Gate position gate updated to [ 4 11]--------------c
Trying to moving ion 11... to 5
Ion assignment after moving ion 11: {0: 6, 1: 14, 2: 15, 3: 2, 4: 12, 5: 10, 6: 5, 7: 4}
Trying to solve brute-force congestion at gate [6, 14] with {0: 6, 1: 14, 2: 15, 3: 2, 4: 12, 5: 10, 6: 5, 7: 4}
Trying to moving ion 6... to 6
Ion assignment after moving ion 6: {0: 6, 1: 14, 2: 15, 3: 2, 4: 12, 5: 10, 6: 5, 7: 4}
Gate position gate updated to [ 6 14]--------------c
Trying to moving ion 14... to 7
Ion assignment after moving ion 14: {0: 6, 1: 7, 2: 15, 3: 2, 4: 12, 5: 10, 6: 5, 7: 4}
Trying to solve brute-force congestion at gate [7, 15] with {0: 6, 1: 7, 2: 15, 3: 2, 4: 12, 5: 10, 6: 5, 7: 4}
Trying to moving ion 7... to 6
Ion assignment after moving ion 7: {0: 7, 1: 6, 2: 15, 3: 2, 4: 12, 5: 10, 6: 5, 7: 4}
Clearing endpoint 7.........
Gate position gate updated to [ 6 15]--------------c
Trying to moving ion 15... to 7
Ion assignment after moving ion 15: {0: 16, 1: 6, 2: 7, 3: 2, 4: 12, 5: 10, 6: 5, 7: 4}
Trying to solve brute-force congestion at gate [7, 2] with {0: 16, 1: 6, 2: 7, 3: 2, 4: 12, 5: 10, 6: 5, 7: 4}
Trying to moving ion 2... to 2
Ion assignment after moving ion 2: {0: 16, 1: 6, 2: 7, 3: 2, 4: 12, 5: 10, 6: 5, 7: 4}
Gate position gate updated to [2 7]--------------c
Trying to moving ion 7... to 3
Ion assignment after moving ion 7: {0: 16, 1: 6, 2: 3, 3: 2, 4: 12, 5: 10, 6: 5, 7: 4}
Trying to solve brute-force congestion at gate [2, 12] with {0: 16, 1: 6, 2: 3, 3: 2, 4: 12, 5: 10, 6: 5, 7: 4}
Trying to moving ion 2... to 2
Ion assignment after moving ion 2: {0: 16, 1: 6, 2: 3, 3: 2, 4: 12, 5: 10, 6: 5, 7: 4}
Clearing endpoint 3.........
Gate position gate updated to [ 2 12]--------------c
Trying to moving ion 12... to 3
Ion assignment after moving ion 12: {0: 16, 1: 6, 2: 15, 3: 2, 4: 3, 5: 10, 6: 5, 7: 4}
Executing gate at point (0, 3).
Executing gate at point (0, 6).
Best move: (2, 3)
Best move: (3, 14)
Best move: (9, 15)
Best move: (14, 15)
Best move: (8, 9)
Best move: (9, 15)
Try bruteforce due to multiple steps (6) to solve one gate
Trying to solve brute-force congestion at gate [8, 9] with {0: 16, 1: 6, 2: 8, 3: 9, 4: 2, 5: 10, 6: 5, 7: 4}
Trying to moving ion 8... to 8
Ion assignment after moving ion 8: {0: 16, 1: 6, 2: 8, 3: 9, 4: 2, 5: 10, 6: 5, 7: 4}
Gate position gate updated to [8 9]--------------c
Trying to moving ion 9... to 9
Ion assignment after moving ion 9: {0: 16, 1: 6, 2: 8, 3: 9, 4: 2, 5: 10, 6: 5, 7: 4}
Executing gate at point (1, 2).
Best move: (8, 9)
Best move: (9, 15)
Best move: (15, 19)
Best move: (17, 19)
Best move: (7, 17)
Executing gate at point (2, 1).
Best move: (16, 17)
Best move: (5, 16)
Best move: (6, 7)
Best move: (16, 19)
Best move: (18, 19)
Best move: (13, 18)
Try bruteforce due to multiple steps (6) to solve one gate
Trying to solve brute-force congestion at gate [17, 7] with {0: 17, 1: 7, 2: 6, 3: 8, 4: 2, 5: 10, 6: 13, 7: 4}
Trying to moving ion 7... to 6
Ion assignment after moving ion 7: {0: 17, 1: 6, 2: 7, 3: 8, 4: 2, 5: 10, 6: 13, 7: 4}
Clearing endpoint 7.........
Gate position gate updated to [ 6 16]--------------c
Trying to moving ion 16... to 7
Ion assignment after moving ion 16: {0: 7, 1: 6, 2: 19, 3: 8, 4: 2, 5: 10, 6: 13, 7: 4}
Executing gate at point (3, 0).
Best move: (11, 13)
Executing gate at point (1, 5).
Best move: (10, 11)
Best move: (11, 13)
Best move: (13, 18)
Best move: (14, 18)
Best move: (3, 14)
Executing gate at point (2, 4).
Best move: (3, 14)
Best move: (2, 3)
Best move: (2, 3)
Best move: (2, 3)
Try bruteforce due to repeated pattern...
Trying to solve brute-force congestion at gate [8, 3] with {0: 7, 1: 6, 2: 19, 3: 8, 4: 3, 5: 14, 6: 10, 7: 4}
Trying to moving ion 8... to 8
Ion assignment after moving ion 8: {0: 7, 1: 6, 2: 19, 3: 8, 4: 3, 5: 14, 6: 10, 7: 4}
Gate position gate updated to [8 3]--------------c
Trying to moving ion 3... to 9
Ion assignment after moving ion 3: {0: 7, 1: 6, 2: 19, 3: 8, 4: 9, 5: 18, 6: 10, 7: 4}
Executing gate at point (3, 3).
Best move: (13, 18)
Best move: (11, 13)
Executing gate at point (3, 5).
Best move: (9, 15)
Best move: (15, 18)
Best move: (15, 19)
Best move: (11, 13)
Best move: (4, 5)
Best move: (5, 16)
Try bruteforce due to multiple steps (6) to solve one gate
Trying to solve brute-force congestion at gate [18, 13] with {0: 7, 1: 6, 2: 15, 3: 8, 4: 18, 5: 13, 6: 10, 7: 16}
Trying to moving ion 18... to 0
Ion assignment after moving ion 18: {0: 7, 1: 6, 2: 15, 3: 8, 4: 0, 5: 13, 6: 10, 7: 16}
Gate position gate updated to [ 0 13]--------------c
Trying to moving ion 13... to 1
Ion assignment after moving ion 13: {0: 7, 1: 6, 2: 15, 3: 8, 4: 0, 5: 1, 6: 10, 7: 16}
Executing gate at point (4, 4).
Best move: (16, 19)
Best move: (18, 19)
Best move: (13, 18)
Best move: (9, 15)
Executing gate at point (4, 2).
Best move: (9, 15)
Best move: (0, 1)
Best move: (1, 12)
Best move: (12, 18)
Best move: (18, 19)
Best move: (18, 19)
Try bruteforce due to multiple steps (6) to solve one gate
Trying to solve brute-force congestion at gate [8, 18] with {0: 7, 1: 6, 2: 15, 3: 8, 4: 18, 5: 0, 6: 10, 7: 13}
Trying to moving ion 8... to 8
Ion assignment after moving ion 8: {0: 7, 1: 6, 2: 15, 3: 8, 4: 18, 5: 0, 6: 10, 7: 13}
Gate position gate updated to [ 8 18]--------------c
Trying to moving ion 18... to 9
Ion assignment after moving ion 18: {0: 7, 1: 6, 2: 19, 3: 8, 4: 9, 5: 0, 6: 10, 7: 13}
Executing gate at point (5, 3).
Best move: (11, 13)
Executing gate at point (4, 6).
Best move: (6, 7)
Best move: (7, 17)
Best move: (10, 11)
Best move: (11, 13)
Best move: (12, 13)
Best move: (1, 12)
Try bruteforce due to multiple steps (6) to solve one gate
Trying to solve brute-force congestion at gate [0, 1] with {0: 6, 1: 17, 2: 19, 3: 8, 4: 9, 5: 0, 6: 1, 7: 10}
Trying to moving ion 0... to 0
Ion assignment after moving ion 0: {0: 6, 1: 17, 2: 19, 3: 8, 4: 9, 5: 0, 6: 1, 7: 10}
Gate position gate updated to [0 1]--------------c
Trying to moving ion 1... to 1
Ion assignment after moving ion 1: {0: 6, 1: 17, 2: 19, 3: 8, 4: 9, 5: 0, 6: 1, 7: 10}
Executing gate at point (5, 5).
Best move: (16, 19)
Best move: (5, 16)
Best move: (16, 17)
Best move: (4, 5)
Best move: (5, 16)
Executing gate at point (5, 1).
Trying to solve brute-force congestion at gate [9, 0] with {0: 6, 1: 7, 2: 4, 3: 8, 4: 9, 5: 0, 6: 11, 7: 10}
Trying to moving ion 0... to 0
Ion assignment after moving ion 0: {0: 6, 1: 7, 2: 4, 3: 8, 4: 9, 5: 0, 6: 11, 7: 10}
Gate position gate updated to [0 9]--------------c
Trying to moving ion 9... to 1
Ion assignment after moving ion 9: {0: 6, 1: 7, 2: 4, 3: 8, 4: 1, 5: 0, 6: 11, 7: 10}
Trying to solve brute-force congestion at gate [0, 11] with {0: 6, 1: 7, 2: 4, 3: 8, 4: 1, 5: 0, 6: 11, 7: 10}
Trying to moving ion 0... to 0
Ion assignment after moving ion 0: {0: 6, 1: 7, 2: 4, 3: 8, 4: 1, 5: 0, 6: 11, 7: 10}
Clearing endpoint 1.........
Gate position gate updated to [ 0 11]--------------c
Trying to moving ion 11... to 1
Ion assignment after moving ion 11: {0: 6, 1: 7, 2: 4, 3: 8, 4: 18, 5: 0, 6: 1, 7: 10}
Trying to solve brute-force congestion at gate [4, 8] with {0: 6, 1: 7, 2: 4, 3: 8, 4: 18, 5: 0, 6: 1, 7: 10}
Trying to moving ion 4... to 4
Ion assignment after moving ion 4: {0: 6, 1: 7, 2: 4, 3: 8, 4: 18, 5: 0, 6: 1, 7: 10}
Gate position gate updated to [4 8]--------------c
Trying to moving ion 8... to 5
Ion assignment after moving ion 8: {0: 6, 1: 7, 2: 4, 3: 5, 4: 18, 5: 0, 6: 1, 7: 10}
Trying to solve brute-force congestion at gate [5, 18] with {0: 6, 1: 7, 2: 4, 3: 5, 4: 18, 5: 0, 6: 1, 7: 10}
Trying to moving ion 5... to 4
Ion assignment after moving ion 5: {0: 6, 1: 7, 2: 5, 3: 4, 4: 18, 5: 0, 6: 1, 7: 10}
Clearing endpoint 5.........
Gate position gate updated to [ 4 18]--------------c
Trying to moving ion 18... to 5
Ion assignment after moving ion 18: {0: 6, 1: 7, 2: 17, 3: 4, 4: 5, 5: 0, 6: 1, 7: 10}
Trying to solve brute-force congestion at gate [5, 0] with {0: 6, 1: 7, 2: 17, 3: 4, 4: 5, 5: 0, 6: 1, 7: 10}Input filename:  TFIM_n8_s100_compiled
Algorithm:  SHAPER
Trap type:  G2x3
Trap capacity:  2
Num layout passes:  2
Gate type:  FM
Run index:  7
Creating a QCCD machine ...
QCCD physical machine:
### Traps ### 
Trap(id='trap_0', max_num_ions=2, initial_num_ions=0, executable=True, measureable=True)
Trap(id='trap_1', max_num_ions=2, initial_num_ions=0, executable=True, measureable=True)
Trap(id='trap_2', max_num_ions=2, initial_num_ions=0, executable=True, measureable=True)
Trap(id='trap_3', max_num_ions=2, initial_num_ions=0, executable=True, measureable=True)
Trap(id='trap_4', max_num_ions=2, initial_num_ions=0, executable=True, measureable=True)
Trap(id='trap_5', max_num_ions=2, initial_num_ions=0, executable=True, measureable=True)
### Junctions ### 
Junction(id='junction_0')
Junction(id='junction_1')
Junction(id='junction_2')
### Segments ### 
Segment(id='segment_0', left=Trap(id='trap_0', max_num_ions=2, initial_num_ions=0, executable=True, measureable=True), right=Junction(id='junction_0'))
Segment(id='segment_1', left=Trap(id='trap_5', max_num_ions=2, initial_num_ions=0, executable=True, measureable=True), right=Junction(id='junction_0'))
Segment(id='segment_2', left=Trap(id='trap_1', max_num_ions=2, initial_num_ions=0, executable=True, measureable=True), right=Junction(id='junction_1'))
Segment(id='segment_3', left=Trap(id='trap_4', max_num_ions=2, initial_num_ions=0, executable=True, measureable=True), right=Junction(id='junction_1'))
Segment(id='segment_4', left=Trap(id='trap_2', max_num_ions=2, initial_num_ions=0, executable=True, measureable=True), right=Junction(id='junction_2'))
Segment(id='segment_5', left=Trap(id='trap_3', max_num_ions=2, initial_num_ions=0, executable=True, measureable=True), right=Junction(id='junction_2'))
Segment(id='segment_6', left=Junction(id='junction_0'), right=Junction(id='junction_1'))
Segment(id='segment_7', left=Junction(id='junction_1'), right=Junction(id='junction_2'))
Finished creating the QCCD physical machine.
Position graph:  CouplingGraph({(7, 17), (12, 13), (14, 19), (8, 9), (5, 16), (1, 12), (16, 19), (18, 19), (4, 5), (14, 18), (12, 18), (14, 15), (0, 1), (10, 11), (11, 13), (6, 7), (15, 19), (3, 14), (17, 19), (9, 15), (2, 3), (13, 18), (15, 18), (16, 17)})
Initial ion assignment:  {0: 7, 1: 3, 2: 6, 3: 8, 4: 9, 5: 0, 6: 2, 7: 4}
Congestion rate:  1.0
Scheduling QCCD: 960002719.9999999 us, costing 8.1978708000388 s to compile
960.0027199999998
8.1978708000388
{0: 14, 1: 6, 2: 17, 3: 4, 4: 5, 5: 0, 6: 11, 7: 10}
[0, 1, 2, 3, 4, 5, 6, 7]
