Trying to solve brute-force congestion at gate [2, 0] with {0: 9, 1: 5, 2: 11, 3: 7, 4: 10, 5: 4, 6: 2, 7: 0}
Trying to moving ion 0... to 0
Ion assignment after moving ion 0: {0: 9, 1: 5, 2: 11, 3: 7, 4: 10, 5: 4, 6: 2, 7: 0}
Gate position gate updated to [0 2]--------------c
Trying to moving ion 2... to 1
Ion assignment after moving ion 2: {0: 9, 1: 5, 2: 11, 3: 7, 4: 10, 5: 4, 6: 1, 7: 0}
Executing gate at point (0, 6).
Best move: (4, 5)
Best move: (5, 16)
Best move: (16, 19)
Best move: (0, 1)
Best move: (1, 12)
Best move: (12, 18)
Try bruteforce due to multiple steps (6) to solve one gate
Trying to solve brute-force congestion at gate [19, 18] with {0: 9, 1: 4, 2: 11, 3: 7, 4: 10, 5: 19, 6: 0, 7: 18}
Trying to moving ion 19... to 2
Ion assignment after moving ion 19: {0: 9, 1: 4, 2: 11, 3: 7, 4: 10, 5: 2, 6: 0, 7: 18}
Gate position gate updated to [ 2 18]--------------c
Trying to moving ion 18... to 3
Ion assignment after moving ion 18: {0: 9, 1: 4, 2: 11, 3: 7, 4: 10, 5: 2, 6: 0, 7: 3}
Executing gate at point (1, 5).
Trying to solve brute-force congestion at gate [10, 3] with {0: 9, 1: 4, 2: 11, 3: 7, 4: 10, 5: 2, 6: 0, 7: 3}
Trying to moving ion 10... to 10
Ion assignment after moving ion 10: {0: 9, 1: 4, 2: 11, 3: 7, 4: 10, 5: 2, 6: 0, 7: 3}
Clearing endpoint 11.........
Gate position gate updated to [10  3]--------------c
Trying to moving ion 3... to 11
Ion assignment after moving ion 3: {0: 9, 1: 4, 2: 12, 3: 7, 4: 10, 5: 2, 6: 0, 7: 11}
Executing gate at point (2, 4).
Best move: (7, 17)
Best move: (11, 13)
Best move: (13, 18)
Best move: (18, 19)
Best move: (2, 3)
Best move: (3, 14)
Try bruteforce due to multiple steps (6) to solve one gate
Trying to solve brute-force congestion at gate [14, 0] with {0: 9, 1: 4, 2: 12, 3: 17, 4: 10, 5: 14, 6: 0, 7: 19}
Trying to moving ion 0... to 0
Ion assignment after moving ion 0: {0: 9, 1: 4, 2: 12, 3: 17, 4: 10, 5: 14, 6: 0, 7: 19}
Gate position gate updated to [ 0 14]--------------c
Trying to moving ion 14... to 1
Ion assignment after moving ion 14: {0: 9, 1: 4, 2: 13, 3: 17, 4: 10, 5: 1, 6: 0, 7: 19}
Executing gate at point (2, 5).
Best move: (0, 1)
Best move: (1, 12)
Best move: (12, 18)
Best move: (7, 17)
Best move: (17, 19)
Best move: (6, 7)
Try bruteforce due to multiple steps (6) to solve one gate
Trying to solve brute-force congestion at gate [6, 17] with {0: 9, 1: 4, 2: 13, 3: 6, 4: 10, 5: 0, 6: 18, 7: 17}
Trying to moving ion 6... to 6
Ion assignment after moving ion 6: {0: 9, 1: 4, 2: 13, 3: 6, 4: 10, 5: 0, 6: 18, 7: 17}
Gate position gate updated to [ 6 17]--------------c
Trying to moving ion 17... to 7
Ion assignment after moving ion 17: {0: 9, 1: 4, 2: 13, 3: 6, 4: 10, 5: 0, 6: 18, 7: 7}
Executing gate at point (3, 3).
Best move: (7, 17)
Best move: (12, 18)
Best move: (12, 18)
Best move: (12, 18)
Try bruteforce due to repeated pattern...
Trying to solve brute-force congestion at gate [10, 12] with {0: 9, 1: 4, 2: 13, 3: 6, 4: 10, 5: 0, 6: 12, 7: 17}
Trying to moving ion 10... to 10
Ion assignment after moving ion 10: {0: 9, 1: 4, 2: 13, 3: 6, 4: 10, 5: 0, 6: 12, 7: 17}
Gate position gate updated to [10 12]--------------c
Trying to moving ion 12... to 11
Ion assignment after moving ion 12: {0: 9, 1: 4, 2: 18, 3: 6, 4: 10, 5: 0, 6: 11, 7: 17}
Executing gate at point (3, 4).
Best move: (17, 19)
Best move: (11, 13)
Best move: (14, 18)
Best move: (13, 18)
Best move: (15, 18)
Best move: (10, 11)
Try bruteforce due to multiple steps (6) to solve one gate
Trying to solve brute-force congestion at gate [11, 0] with {0: 9, 1: 4, 2: 14, 3: 6, 4: 11, 5: 0, 6: 15, 7: 19}
Trying to moving ion 0... to 0
Ion assignment after moving ion 0: {0: 9, 1: 4, 2: 14, 3: 6, 4: 11, 5: 0, 6: 15, 7: 19}
Gate position gate updated to [ 0 11]--------------c
Trying to moving ion 11... to 1
Ion assignment after moving ion 11: {0: 9, 1: 4, 2: 14, 3: 6, 4: 1, 5: 0, 6: 15, 7: 19}
Executing gate at point (4, 4).
Best move: (18, 19)
Best move: (15, 19)
Best move: (17, 19)
Best move: (15, 18)
Best move: (7, 17)
Executing gate at point (4, 3).
Best move: (0, 1)
Best move: (1, 12)
Best move: (12, 18)
Best move: (6, 7)
Best move: (7, 17)
Best move: (17, 19)
Try bruteforce due to multiple steps (6) to solve one gate
Trying to solve brute-force congestion at gate [19, 18] with {0: 9, 1: 4, 2: 14, 3: 19, 4: 0, 5: 18, 6: 6, 7: 15}
Trying to moving ion 19... to 2
Ion assignment after moving ion 19: {0: 9, 1: 4, 2: 18, 3: 2, 4: 0, 5: 13, 6: 6, 7: 15}
Gate position gate updated to [ 2 13]--------------c
Trying to moving ion 13... to 3
Ion assignment after moving ion 13: {0: 9, 1: 4, 2: 19, 3: 2, 4: 0, 5: 3, 6: 6, 7: 15}
Executing gate at point (5, 3).
Best move: (2, 3)
Best move: (3, 14)
Best move: (14, 18)
Best move: (12, 18)
Best move: (1, 12)
Executing gate at point (6, 3).
Best move: (18, 19)
Best move: (14, 18)
Best move: (14, 18)
Best move: (15, 19)
Best move: (14, 19)
Best move: (14, 15)
Try bruteforce due to multiple steps (6) to solve one gate
Trying to solve brute-force congestion at gate [18, 15] with {0: 9, 1: 4, 2: 18, 3: 1, 4: 0, 5: 2, 6: 6, 7: 15}
Trying to moving ion 18... to 2
Ion assignment after moving ion 18: {0: 9, 1: 4, 2: 2, 3: 1, 4: 0, 5: 3, 6: 6, 7: 15}
Clearing endpoint 3.........
Gate position gate updated to [ 2 15]--------------c
Trying to moving ion 15... to 3
Ion assignment after moving ion 15: {0: 9, 1: 4, 2: 2, 3: 1, 4: 0, 5: 19, 6: 6, 7: 3}
Executing gate at point (4, 2).
Best move: (3, 14)
Best move: (14, 15)
Best move: (15, 18)
Best move: (15, 18)
Best move: (15, 18)
Try bruteforce due to repeated pattern...
Trying to solve brute-force congestion at gate [4, 18] with {0: 9, 1: 4, 2: 2, 3: 1, 4: 0, 5: 19, 6: 6, 7: 18}
Trying to moving ion 4... to 4
Ion assignment after moving ion 4: {0: 9, 1: 4, 2: 2, 3: 1, 4: 0, 5: 19, 6: 6, 7: 18}
Gate position gate updated to [ 4 18]--------------c
Trying to moving ion 18... to 5
Ion assignment after moving ion 18: {0: 9, 1: 4, 2: 2, 3: 1, 4: 0, 5: 14, 6: 6, 7: 5}
Executing gate at point (5, 1).
Best move: (5, 16)
Best move: (16, 19)
Best move: (15, 19)
Best move: (8, 9)
Best move: (9, 15)
Executing gate at point (6, 0).
Best move: (6, 7)
Best move: (7, 17)
Best move: (17, 19)
Best move: (15, 19)
Best move: (15, 19)
Best move: (18, 19)
Try bruteforce due to multiple steps (6) to solve one gate
Trying to solve brute-force congestion at gate [2, 18] with {0: 8, 1: 4, 2: 2, 3: 1, 4: 0, 5: 14, 6: 18, 7: 9}
Trying to moving ion 2... to 2
Ion assignment after moving ion 2: {0: 8, 1: 4, 2: 2, 3: 1, 4: 0, 5: 14, 6: 18, 7: 9}
Gate position gate updated to [ 2 18]--------------c
Trying to moving ion 18... to 3
Ion assignment after moving ion 18: {0: 8, 1: 4, 2: 2, 3: 1, 4: 0, 5: 19, 6: 3, 7: 9}
Executing gate at point (5, 2).
Best move: (3, 14)
Best move: (14, 18)
Best move: (14, 18)
Best move: (14, 18)
Try bruteforce due to repeated pattern...
Trying to solve brute-force congestion at gate [4, 18] with {0: 8, 1: 4, 2: 2, 3: 1, 4: 0, 5: 19, 6: 18, 7: 9}
Trying to moving ion 4... to 4
Ion assignment after moving ion 4: {0: 8, 1: 4, 2: 2, 3: 1, 4: 0, 5: 19, 6: 18, 7: 9}
Gate position gate updated to [ 4 18]--------------c
Trying to moving ion 18... to 5
Ion assignment after moving ion 18: {0: 8, 1: 4, 2: 2, 3: 1, 4: 0, 5: 14, 6: 5, 7: 9}
Executing gate at point (6, 1).
Best move: (5, 16)
Best move: (3, 14)
Executing gate at point (6, 2).
Best move: (3, 14)
Best move: (8, 9)
Best move: (9, 15)
Best move: (15, 19)
Best move: (16, 17)
Best move: (7, 17)
Try bruteforce due to multiple steps (6) to solve one gate
Trying to solve brute-force congestion at gate [19, 7] with {0: 19, 1: 4, 2: 2, 3: 1, 4: 0, 5: 14, 6: 7, 7: 8}
Trying to moving ion 7... to 6
Ion assignment after moving ion 7: {0: 19, 1: 4, 2: 2, 3: 1, 4: 0, 5: 14, 6: 6, 7: 8}
Gate position gate updated to [ 6 19]--------------c
Trying to moving ion 19... to 7
Ion assignment after moving ion 19: {0: 7, 1: 4, 2: 2, 3: 1, 4: 0, 5: 14, 6: 6, 7: 8}
Executing gate at point (7, 0).
Best move: (14, 19)
Best move: (16, 19)
Best move: (0, 1)
Best move: (1, 12)
Best move: (12, 18)
Best move: (14, 18)
Try bruteforce due to multiple steps (6) to solve one gate
Trying to solve brute-force congestion at gate [4, 16] with {0: 7, 1: 4, 2: 2, 3: 0, 4: 14, 5: 16, 6: 6, 7: 8}
Trying to moving ion 4... to 4
Ion assignment after moving ion 4: {0: 7, 1: 4, 2: 2, 3: 0, 4: 14, 5: 16, 6: 6, 7: 8}
Gate position gate updated to [ 4 16]--------------c
Trying to moving ion 16... to 5
Ion assignment after moving ion 16: {0: 7, 1: 4, 2: 2, 3: 0, 4: 14, 5: 5, 6: 6, 7: 8}
Executing gate at point (7, 1).
Best move: (5, 16)
Best move: (3, 14)
Executing gate at point (7, 2).
Best move: (3, 14)
Best move: (0, 1)
Best move: (1, 12)
Best move: (12, 18)
Best move: (18, 19)
Best move: (18, 19)
Try bruteforce due to multiple steps (6) to solve one gate
Trying to solve brute-force congestion at gate [2, 18] with {0: 7, 1: 4, 2: 2, 3: 18, 4: 14, 5: 16, 6: 6, 7: 8}
Trying to moving ion 2... to 2
Ion assignment after moving ion 2: {0: 7, 1: 4, 2: 2, 3: 18, 4: 14, 5: 16, 6: 6, 7: 8}
Gate position gate updated to [ 2 18]--------------c
Trying to moving ion 18... to 3
Ion assignment after moving ion 18: {0: 7, 1: 4, 2: 2, 3: 3, 4: 15, 5: 16, 6: 6, 7: 8}
Executing gate at point (8, 2).
Best move: (7, 17)
Best move: (17, 19)
Best move: (16, 17)
Best move: (16, 17)
Best move: (18, 19)
Best move: (16, 19)
Try bruteforce due to multiple steps (6) to solve one gate
Trying to solve brute-force congestion at gate [18, 19] with {0: 18, 1: 4, 2: 2, 3: 3, 4: 15, 5: 19, 6: 6, 7: 8}
Trying to moving ion 18... to 0
Ion assignment after moving ion 18: {0: 0, 1: 4, 2: 2, 3: 3, 4: 15, 5: 19, 6: 6, 7: 8}
Gate position gate updated to [ 0 19]--------------c
Trying to moving ion 19... to 1
Ion assignment after moving ion 19: {0: 0, 1: 4, 2: 2, 3: 3, 4: 15, 5: 1, 6: 6, 7: 8}
Executing gate at point (8, 0).
Best move: (15, 19)
Best move: (16, 19)
Best move: (5, 16)
Executing gate at point (8, 1).
Best move: (5, 16)
Best move: (16, 19)
Best move: (18, 19)
Best move: (0, 1)
Best move: (1, 12)
Best move: (13, 18)
Try bruteforce due to multiple steps (6) to solve one gate
Trying to solve brute-force congestion at gate [12, 13] with {0: 12, 1: 4, 2: 2, 3: 3, 4: 13, 5: 0, 6: 6, 7: 8}
Trying to moving ion 13... to 10
Ion assignment after moving ion 13: {0: 12, 1: 4, 2: 2, 3: 3, 4: 10, 5: 0, 6: 6, 7: 8}
Gate position gate updated to [10 12]--------------c
Trying to moving ion 12... to 11
Ion assignment after moving ion 12: {0: 11, 1: 4, 2: 2, 3: 3, 4: 10, 5: 0, 6: 6, 7: 8}
Executing gate at point (9, 0).
Trying to solve brute-force congestion at gate [4, 3] with {0: 11, 1: 4, 2: 2, 3: 3, 4: 10, 5: 0, 6: 6, 7: 8}
Trying to moving ion 4... to 4
Ion assignment after moving ion 4: {0: 11, 1: 4, 2: 2, 3: 3, 4: 10, 5: 0, 6: 6, 7: 8}
Gate position gate updated to [4 3]--------------c
Trying to moving ion 3... to 5
Ion assignment after moving ion 3: {0: 11, 1: 4, 2: 2, 3: 5, 4: 10, 5: 0, 6: 6, 7: 8}
Executing gate at point (9, 1).
Trying to solve brute-force congestion at gate [11, 5] with {0: 11, 1: 4, 2: 2, 3: 5, 4: 10, 5: 0, 6: 6, 7: 8}
Trying to moving ion 5... to 4
Ion assignment after moving ion 5: {0: 11, 1: 5, 2: 2, 3: 4, 4: 10, 5: 0, 6: 6, 7: 8}
Clearing endpoint 5.........
Gate position gate updated to [ 4 11]--------------c
Trying to moving ion 11... to 5
Ion assignment after moving ion 11: {0: 5, 1: 17, 2: 2, 3: 4, 4: 10, 5: 0, 6: 6, 7: 8}
Executing gate at point (10, 0).
Trying to solve brute-force congestion at gate [4, 10] with {0: 5, 1: 17, 2: 2, 3: 4, 4: 10, 5: 0, 6: 6, 7: 8}
Trying to moving ion 10... to 10
Ion assignment after moving ion 10: {0: 5, 1: 17, 2: 2, 3: 4, 4: 10, 5: 0, 6: 6, 7: 8}
Gate position gate updated to [10  4]--------------c
Trying to moving ion 4... to 11
Ion assignment after moving ion 4: {0: 4, 1: 17, 2: 2, 3: 11, 4: 10, 5: 0, 6: 6, 7: 8}
Executing gate at point (11, 3).
Best move: (17, 19)
Best move: (14, 19)
Best move: (3, 14)
Executing gate at point (10, 1).
Best move: (2, 3)
Best move: (3, 14)
Best move: (14, 19)
Best move: (16, 19)
Best move: (5, 16)
Executing gate at point (11, 0).
Best move: (5, 16)
Best move: (2, 3)
Best move: (3, 14)
Best move: (14, 19)
Best move: (17, 19)
Best move: (4, 5)
Try bruteforce due to multiple steps (6) to solve one gate
Trying to solve brute-force congestion at gate [5, 17] with {0: 5, 1: 17, 2: 16, 3: 11, 4: 10, 5: 0, 6: 6, 7: 8}
Trying to moving ion 5... to 4
Ion assignment after moving ion 5: {0: 4, 1: 17, 2: 16, 3: 11, 4: 10, 5: 0, 6: 6, 7: 8}
Gate position gate updated to [ 4 17]--------------c
Trying to moving ion 17... to 5
Ion assignment after moving ion 17: {0: 4, 1: 5, 2: 19, 3: 11, 4: 10, 5: 0, 6: 6, 7: 8}
Executing gate at point (12, 0).
Best move: (18, 19)
Best move: (12, 18)
Best move: (1, 12)
Executing gate at point (12, 2).
Best move: (5, 16)
Best move: (16, 17)
Best move: (7, 17)
Executing gate at point (13, 1).
Best move: (4, 5)
Best move: (5, 16)
Best move: (16, 19)
Best move: (15, 19)
Best move: (9, 15)
Executing gate at point (13, 0).
Trying to solve brute-force congestion at gate [14, 19] with {0: 14, 1: 19, 2: 1, 3: 11, 4: 10, 5: 0, 6: 6, 7: 8}
Trying to moving ion 14... to 2
Ion assignment after moving ion 14: {0: 2, 1: 19, 2: 1, 3: 11, 4: 10, 5: 0, 6: 6, 7: 8}
Gate position gate updated to [ 2 19]--------------c
Trying to moving ion 19... to 3
Ion assignment after moving ion 19: {0: 2, 1: 3, 2: 1, 3: 11, 4: 10, 5: 0, 6: 6, 7: 8}
Trying to solve brute-force congestion at gate [2, 1] with {0: 2, 1: 3, 2: 1, 3: 11, 4: 10, 5: 0, 6: 6, 7: 8}
Trying to moving ion 2... to 2
Ion assignment after moving ion 2: {0: 2, 1: 3, 2: 1, 3: 11, 4: 10, 5: 0, 6: 6, 7: 8}
Clearing endpoint 3.........
Gate position gate updated to [2 1]--------------c
Trying to moving ion 1... to 3
Ion assignment after moving ion 1: {0: 2, 1: 19, 2: 3, 3: 11, 4: 10, 5: 0, 6: 6, 7: 8}
Trying to solve brute-force congestion at gate [2, 11] with {0: 2, 1: 19, 2: 3, 3: 11, 4: 10, 5: 0, 6: 6, 7: 8}
Trying to moving ion 2... to 2
Ion assignment after moving ion 2: {0: 2, 1: 19, 2: 3, 3: 11, 4: 10, 5: 0, 6: 6, 7: 8}
Clearing endpoint 3.........
Gate position gate updated to [ 2 11]--------------c
Trying to moving ion 11... to 3
Ion assignment after moving ion 11: {0: 2, 1: 19, 2: 15, 3: 3, 4: 10, 5: 0, 6: 6, 7: 8}
Trying to solve brute-force congestion at gate [2, 10] with {0: 2, 1: 19, 2: 15, 3: 3, 4: 10, 5: 0, 6: 6, 7: 8}
Trying to moving ion 10... to 10
Ion assignment after moving ion 10: {0: 2, 1: 19, 2: 15, 3: 3, 4: 10, 5: 0, 6: 6, 7: 8}
Gate position gate updated to [10  2]--------------c
Trying to moving ion 2... to 11
Ion assignment after moving ion 2: {0: 11, 1: 19, 2: 15, 3: 2, 4: 10, 5: 0, 6: 6, 7: 8}
Trying to solve brute-force congestion at gate [19, 15] with {0: 11, 1: 19, 2: 15, 3: 2, 4: 10, 5: 0, 6: 6, 7: 8}
Trying to moving ion 15... to 8
Ion assignment after moving ion 15: {0: 11, 1: 19, 2: 8, 3: 2, 4: 10, 5: 0, 6: 6, 7: 9}
Clearing endpoint 9.........
Gate position gate updated to [ 8 19]--------------c
Trying to moving ion 19... to 9
Ion assignment after moving ion 19: {0: 11, 1: 9, 2: 8, 3: 2, 4: 10, 5: 0, 6: 6, 7: 18}
Trying to solve brute-force congestion at gate [9, 2] with {0: 11, 1: 9, 2: 8, 3: 2, 4: 10, 5: 0, 6: 6, 7: 18}
Trying to moving ion 2... to 2
Ion assignment after moving ion 2: {0: 11, 1: 9, 2: 8, 3: 2, 4: 10, 5: 0, 6: 6, 7: 18}
Gate position gate updated to [2 9]--------------c
Trying to moving ion 9... to 3
Ion assignment after moving ion 9: {0: 11, 1: 3, 2: 8, 3: 2, 4: 10, 5: 0, 6: 6, 7: 18}
Trying to solve brute-force congestion at gate [8, 2] with {0: 11, 1: 3, 2: 8, 3: 2, 4: 10, 5: 0, 6: 6, 7: 18}
Trying to moving ion 8... to 8
Ion assignment after moving ion 8: {0: 11, 1: 3, 2: 8, 3: 2, 4: 10, 5: 0, 6: 6, 7: 18}
Gate position gate updated to [8 2]--------------c
Trying to moving ion 2... to 9
Ion assignment after moving ion 2: {0: 11, 1: 2, 2: 8, 3: 9, 4: 10, 5: 0, 6: 6, 7: 18}
Trying to solve brute-force congestion at gate [11, 0] with {0: 11, 1: 2, 2: 8, 3: 9, 4: 10, 5: 0, 6: 6, 7: 18}
Trying to moving ion 0... to 0
Ion assignment after moving ion 0: {0: 11, 1: 2, 2: 8, 3: 9, 4: 10, 5: 0, 6: 6, 7: 18}
Gate position gate updated to [ 0 11]--------------c
Trying to moving ion 11... to 1
Ion assignment after moving ion 11: {0: 1, 1: 2, 2: 8, 3: 9, 4: 10, 5: 0, 6: 6, 7: 18}
Trying to solve brute-force congestion at gate [1, 6] with {0: 1, 1: 2, 2: 8, 3: 9, 4: 10, 5: 0, 6: 6, 7: 18}
Trying to moving ion 6... to 6
Ion assignment after moving ion 6: {0: 1, 1: 2, 2: 8, 3: 9, 4: 10, 5: 0, 6: 6, 7: 18}
Gate position gate updated to [6 1]--------------c
Trying to moving ion 1... to 7
Ion assignment after moving ion 1: {0: 7, 1: 2, 2: 8, 3: 9, 4: 10, 5: 0, 6: 6, 7: 13}
Trying to solve brute-force congestion at gate [7, 13] with {0: 7, 1: 2, 2: 8, 3: 9, 4: 10, 5: 0, 6: 6, 7: 13}
Trying to moving ion 7... to 6
Ion assignment after moving ion 7: {0: 6, 1: 2, 2: 8, 3: 9, 4: 10, 5: 0, 6: 7, 7: 13}
Clearing endpoint 7.........
Gate position gate updated to [ 6 13]--------------c
Trying to moving ion 13... to 7
Ion assignment after moving ion 13: {0: 6, 1: 2, 2: 8, 3: 9, 4: 10, 5: 0, 6: 16, 7: 7}
Trying to solve brute-force congestion at gate [2, 10] with {0: 6, 1: 2, 2: 8, 3: 9, 4: 10, 5: 0, 6: 16, 7: 7}
Trying to moving ion 2... to 2
Ion assignment after moving ion 2: {0: 6, 1: 2, 2: 8, 3: 9, 4: 10, 5: 0, 6: 16, 7: 7}
Gate position gate updated to [ 2 10]--------------c
Trying to moving ion 10... to 3
Ion assignment after moving ion 10: {0: 6, 1: 2, 2: 8, 3: 9, 4: 3, 5: 0, 6: 16, 7: 7}
Trying to solve brute-force congestion at gate [2, 0] with {0: 6, 1: 2, 2: 8, 3: 9, 4: 3, 5: 0, 6: 16, 7: 7}
Trying to moving ion 0... to 0
Ion assignment after moving ion 0: {0: 6, 1: 2, 2: 8, 3: 9, 4: 3, 5: 0, 6: 16, 7: 7}
Gate position gate updated to [0 2]--------------c
Trying to moving ion 2... to 1
Ion assignment after moving ion 2: {0: 6, 1: 1, 2: 8, 3: 9, 4: 2, 5: 0, 6: 16, 7: 7}
Trying to solve brute-force congestion at gate [1, 16] with {0: 6, 1: 1, 2: 8, 3: 9, 4: 2, 5: 0, 6: 16, 7: 7}
Trying to moving ion 1... to 0
Ion assignment after moving ion 1: {0: 6, 1: 0, 2: 8, 3: 9, 4: 2, 5: 1, 6: 16, 7: 7}
Clearing endpoint 1.........
Gate position gate updated to [ 0 16]--------------c
Trying to moving ion 16... to 1
Ion assignment after moving ion 16: {0: 6, 1: 0, 2: 8, 3: 9, 4: 2, 5: 13, 6: 1, 7: 7}
Trying to solve brute-force congestion at gate [0, 7] with {0: 6, 1: 0, 2: 8, 3: 9, 4: 2, 5: 13, 6: 1, 7: 7}
Trying to moving ion 0... to 0
Ion assignment after moving ion 0: {0: 6, 1: 0, 2: 8, 3: 9, 4: 2, 5: 13, 6: 1, 7: 7}
Clearing endpoint 1.........
Gate position gate updated to [0 7]--------------c
Trying to moving ion 7... to 1
Ion assignment after moving ion 7: {0: 6, 1: 0, 2: 8, 3: 9, 4: 2, 5: 11, 6: 13, 7: 1}
Trying to solve brute-force congestion at gate [8, 2] with {0: 6, 1: 0, 2: 8, 3: 9, 4: 2, 5: 11, 6: 13, 7: 1}
Trying to moving ion 2... to 2
Ion assignment after moving ion 2: {0: 6, 1: 0, 2: 8, 3: 9, 4: 2, 5: 11, 6: 13, 7: 1}
Gate position gate updated to [2 8]--------------c
Trying to moving ion 8... to 3
Ion assignment after moving ion 8: {0: 6, 1: 0, 2: 3, 3: 8, 4: 2, 5: 11, 6: 13, 7: 1}
Trying to solve brute-force congestion at gate [3, 11] with {0: 6, 1: 0, 2: 3, 3: 8, 4: 2, 5: 11, 6: 13, 7: 1}
Trying to moving ion 11... to 10
Ion assignment after moving ion 11: {0: 6, 1: 0, 2: 3, 3: 8, 4: 2, 5: 10, 6: 13, 7: 1}
Gate position gate updated to [10  3]--------------c
Trying to moving ion 3... to 11
Ion assignment after moving ion 3: {0: 6, 1: 0, 2: 11, 3: 8, 4: 2, 5: 10, 6: 12, 7: 1}
Trying to solve brute-force congestion at gate [8, 2] with {0: 6, 1: 0, 2: 11, 3: 8, 4: 2, 5: 10, 6: 12, 7: 1}
Trying to moving ion 2... to 2
Ion assignment after moving ion 2: {0: 6, 1: 0, 2: 11, 3: 8, 4: 2, 5: 10, 6: 12, 7: 1}
Gate position gate updated to [2 8]--------------c
Trying to moving ion 8... to 3
Ion assignment after moving ion 8: {0: 6, 1: 0, 2: 11, 3: 3, 4: 2, 5: 10, 6: 12, 7: 1}
Trying to solve brute-force congestion at gate [3, 10] with {0: 6, 1: 0, 2: 11, 3: 3, 4: 2, 5: 10, 6: 12, 7: 1}
Trying to moving ion 10... to 10
Ion assignment after moving ion 10: {0: 6, 1: 0, 2: 11, 3: 3, 4: 2, 5: 10, 6: 12, 7: 1}
Clearing endpoint 11.........
Gate position gate updated to [10  3]--------------c
Trying to moving ion 3... to 11
Ion assignment after moving ion 3: {0: 6, 1: 0, 2: 14, 3: 11, 4: 2, 5: 10, 6: 12, 7: 1}
Trying to solve brute-force congestion at gate [2, 10] with {0: 6, 1: 0, 2: 14, 3: 11, 4: 2, 5: 10, 6: 12, 7: 1}
Trying to moving ion 2... to 2
Ion assignment after moving ion 2: {0: 6, 1: 0, 2: 14, 3: 11, 4: 2, 5: 10, 6: 12, 7: 1}
Gate position gate updated to [ 2 10]--------------c
Trying to moving ion 10... to 3
Ion assignment after moving ion 10: {0: 6, 1: 0, 2: 19, 3: 10, 4: 2, 5: 3, 6: 12, 7: 1}
Trying to solve brute-force congestion at gate [19, 12] with {0: 6, 1: 0, 2: 19, 3: 10, 4: 2, 5: 3, 6: 12, 7: 1}
Trying to moving ion 19... to 8
Ion assignment after moving ion 19: {0: 6, 1: 0, 2: 8, 3: 10, 4: 2, 5: 3, 6: 12, 7: 1}
Gate position gate updated to [ 8 12]--------------c
Trying to moving ion 12... to 9
Ion assignment after moving ion 12: {0: 6, 1: 0, 2: 8, 3: 10, 4: 2, 5: 3, 6: 9, 7: 1}
Trying to solve brute-force congestion at gate [8, 1] with {0: 6, 1: 0, 2: 8, 3: 10, 4: 2, 5: 3, 6: 9, 7: 1}
Trying to moving ion 8... to 8
Ion assignment after moving ion 8: {0: 6, 1: 0, 2: 8, 3: 10, 4: 2, 5: 3, 6: 9, 7: 1}
Clearing endpoint 9.........
Gate position gate updated to [8 1]--------------c
Trying to moving ion 1... to 9
Ion assignment after moving ion 1: {0: 6, 1: 0, 2: 8, 3: 10, 4: 2, 5: 3, 6: 19, 7: 9}
Trying to solve brute-force congestion at gate [10, 19] with {0: 6, 1: 0, 2: 8, 3: 10, 4: 2, 5: 3, 6: 19, 7: 9}
Trying to moving ion 10... to 10
Ion assignment after moving ion 10: {0: 6, 1: 0, 2: 8, 3: 10, 4: 2, 5: 3, 6: 19, 7: 9}
Gate position gate updated to [10 19]--------------c
Trying to moving ion 19... to 11
Ion assignment after moving ion 19: {0: 6, 1: 0, 2: 8, 3: 10, 4: 2, 5: 3, 6: 11, 7: 9}
Trying to solve brute-force congestion at gate [10, 9] with {0: 6, 1: 0, 2: 8, 3: 10, 4: 2, 5: 3, 6: 11, 7: 9}
Trying to moving ion 10... to 10
Ion assignment after moving ion 10: {0: 6, 1: 0, 2: 8, 3: 10, 4: 2, 5: 3, 6: 11, 7: 9}
Clearing endpoint 11.........
Gate position gate updated to [10  9]--------------c
Trying to moving ion 9... to 11
Ion assignment after moving ion 9: {0: 6, 1: 0, 2: 8, 3: 10, 4: 2, 5: 3, 6: 12, 7: 11}
Trying to solve brute-force congestion at gate [2, 12] with {0: 6, 1: 0, 2: 8, 3: 10, 4: 2, 5: 3, 6: 12, 7: 11}
Trying to moving ion 2... to 2
Ion assignment after moving ion 2: {0: 6, 1: 0, 2: 8, 3: 10, 4: 2, 5: 3, 6: 12, 7: 11}
Clearing endpoint 3.........
Gate position gate updated to [ 2 12]--------------c
Trying to moving ion 12... to 3
Ion assignment after moving ion 12: {0: 6, 1: 0, 2: 8, 3: 10, 4: 2, 5: 19, 6: 3, 7: 11}
Trying to solve brute-force congestion at gate [2, 11] with {0: 6, 1: 0, 2: 8, 3: 10, 4: 2, 5: 19, 6: 3, 7: 11}
Trying to moving ion 2... to 2
Ion assignment after moving ion 2: {0: 6, 1: 0, 2: 8, 3: 10, 4: 2, 5: 19, 6: 3, 7: 11}
Clearing endpoint 3.........
Gate position gate updated to [ 2 11]--------------c
Trying to moving ion 11... to 3
Ion assignment after moving ion 11: {0: 6, 1: 0, 2: 8, 3: 10, 4: 2, 5: 19, 6: 15, 7: 3}
Trying to solve brute-force congestion at gate [19, 15] with {0: 6, 1: 0, 2: 8, 3: 10, 4: 2, 5: 19, 6: 15, 7: 3}
Trying to moving ion 15... to 8
Ion assignment after moving ion 15: {0: 6, 1: 0, 2: 9, 3: 10, 4: 2, 5: 19, 6: 8, 7: 3}
Clearing endpoint 9.........
Gate position gate updated to [ 8 19]--------------c
Trying to moving ion 19... to 9
Ion assignment after moving ion 19: {0: 6, 1: 0, 2: 18, 3: 10, 4: 2, 5: 9, 6: 8, 7: 3}
Trying to solve brute-force congestion at gate [9, 3] with {0: 6, 1: 0, 2: 18, 3: 10, 4: 2, 5: 9, 6: 8, 7: 3}
Trying to moving ion 3... to 2
Ion assignment after moving ion 3: {0: 6, 1: 0, 2: 18, 3: 10, 4: 3, 5: 9, 6: 8, 7: 2}
Clearing endpoint 3.........
Gate position gate updated to [2 9]--------------c
Trying to moving ion 9... to 3
Ion assignment after moving ion 9: {0: 6, 1: 0, 2: 18, 3: 10, 4: 19, 5: 3, 6: 8, 7: 2}
Trying to solve brute-force congestion at gate [8, 2] with {0: 6, 1: 0, 2: 18, 3: 10, 4: 19, 5: 3, 6: 8, 7: 2}
Trying to moving ion 8... to 8
Ion assignment after moving ion 8: {0: 6, 1: 0, 2: 18, 3: 10, 4: 19, 5: 3, 6: 8, 7: 2}
Gate position gate updated to [8 2]--------------c
Trying to moving ion 2... to 9
Ion assignment after moving ion 2: {0: 6, 1: 0, 2: 18, 3: 10, 4: 19, 5: 2, 6: 8, 7: 9}
Executing gate at point (0, 6).
Best move: (9, 15)
Best move: (14, 15)
Best move: (3, 14)
Executing gate at point (1, 5).
Best move: (3, 14)
Best move: (15, 19)
Best move: (14, 19)
Best move: (14, 15)
Best move: (14, 15)
Best move: (16, 19)
Try bruteforce due to multiple steps (6) to solve one gate
Trying to solve brute-force congestion at gate [15, 16] with {0: 6, 1: 0, 2: 18, 3: 10, 4: 15, 5: 2, 6: 8, 7: 16}
Trying to moving ion 16... to 4
Ion assignment after moving ion 16: {0: 6, 1: 0, 2: 18, 3: 10, 4: 15, 5: 2, 6: 8, 7: 4}
Gate position gate updated to [ 4 15]--------------c
Trying to moving ion 15... to 5
Ion assignment after moving ion 15: {0: 6, 1: 0, 2: 18, 3: 10, 4: 5, 5: 2, 6: 8, 7: 4}
Executing gate at point (2, 4).
Trying to solve brute-force congestion at gate [2, 8] with {0: 6, 1: 0, 2: 18, 3: 10, 4: 5, 5: 2, 6: 8, 7: 4}
Trying to moving ion 2... to 2
Ion assignment after moving ion 2: {0: 6, 1: 0, 2: 18, 3: 10, 4: 5, 5: 2, 6: 8, 7: 4}
Gate position gate updated to [2 8]--------------c
Trying to moving ion 8... to 3
Ion assignment after moving ion 8: {0: 6, 1: 0, 2: 18, 3: 10, 4: 5, 5: 2, 6: 3, 7: 4}
Executing gate at point (2, 5).
Best move: (3, 14)
Best move: (4, 5)
Best move: (5, 16)
Best move: (16, 19)
Best move: (15, 19)
Best move: (15, 19)
Try bruteforce due to multiple steps (6) to solve one gate
Trying to solve brute-force congestion at gate [10, 19] with {0: 6, 1: 0, 2: 18, 3: 10, 4: 4, 5: 2, 6: 14, 7: 19}
Trying to moving ion 10... to 10
Ion assignment after moving ion 10: {0: 6, 1: 0, 2: 18, 3: 10, 4: 4, 5: 2, 6: 14, 7: 19}
Gate position gate updated to [10 19]--------------c
Trying to moving ion 19... to 11
Ion assignment after moving ion 19: {0: 6, 1: 0, 2: 12, 3: 10, 4: 4, 5: 2, 6: 14, 7: 11}
Executing gate at point (3, 3).
Best move: (14, 19)
Best move: (16, 19)
Best move: (5, 16)
Executing gate at point (3, 4).
Best move: (11, 13)
Best move: (5, 16)
Best move: (16, 19)
Best move: (18, 19)
Best move: (4, 5)
Best move: (5, 16)
Try bruteforce due to multiple steps (6) to solve one gate
Trying to solve brute-force congestion at gate [16, 2] with {0: 6, 1: 0, 2: 12, 3: 10, 4: 16, 5: 2, 6: 18, 7: 13}
Trying to moving ion 2... to 2
Ion assignment after moving ion 2: {0: 6, 1: 0, 2: 12, 3: 10, 4: 16, 5: 2, 6: 18, 7: 13}
Gate position gate updated to [ 2 16]--------------c
Trying to moving ion 16... to 3
Ion assignment after moving ion 16: {0: 6, 1: 0, 2: 12, 3: 10, 4: 3, 5: 2, 6: 18, 7: 13}
Executing gate at point (4, 4).
Best move: (10, 11)
Best move: (10, 11)
Best move: (11, 13)
Best move: (11, 13)
Best move: (11, 13)
Try bruteforce due to repeated pattern...
Trying to solve brute-force congestion at gate [12, 11] with {0: 6, 1: 0, 2: 12, 3: 10, 4: 3, 5: 2, 6: 18, 7: 11}
Trying to moving ion 11... to 10
Ion assignment after moving ion 11: {0: 6, 1: 0, 2: 12, 3: 11, 4: 3, 5: 2, 6: 18, 7: 10}
Clearing endpoint 11.........
Gate position gate updated to [10 12]--------------c
Trying to moving ion 12... to 11
Ion assignment after moving ion 12: {0: 6, 1: 0, 2: 11, 3: 18, 4: 3, 5: 2, 6: 19, 7: 10}
Executing gate at point (4, 2).
Best move: (10, 11)
Best move: (11, 13)
Best move: (12, 13)
Best move: (15, 18)
Best move: (9, 15)
Best move: (15, 19)
Try bruteforce due to multiple steps (6) to solve one gate
Trying to solve brute-force congestion at gate [0, 12] with {0: 6, 1: 0, 2: 10, 3: 9, 4: 3, 5: 2, 6: 15, 7: 12}
Trying to moving ion 0... to 0
Ion assignment after moving ion 0: {0: 6, 1: 0, 2: 10, 3: 9, 4: 3, 5: 2, 6: 15, 7: 12}
Gate position gate updated to [ 0 12]--------------c
Trying to moving ion 12... to 1
Ion assignment after moving ion 12: {0: 6, 1: 0, 2: 10, 3: 9, 4: 3, 5: 2, 6: 15, 7: 1}
Executing gate at point (5, 1).
Best move: (1, 12)
Best move: (12, 18)
Best move: (18, 19)
Best move: (17, 19)
Best move: (7, 17)
Executing gate at point (6, 0).
Best move: (8, 9)
Best move: (9, 15)
Executing gate at point (4, 3).
Best move: (9, 15)
Best move: (2, 3)
Best move: (3, 14)
Best move: (14, 18)
Best move: (18, 19)
Best move: (18, 19)
Try bruteforce due to multiple steps (6) to solve one gate
Trying to solve brute-force congestion at gate [8, 18] with {0: 6, 1: 0, 2: 10, 3: 8, 4: 2, 5: 18, 6: 15, 7: 7}
Trying to moving ion 8... to 8
Ion assignment after moving ion 8: {0: 6, 1: 0, 2: 10, 3: 8, 4: 2, 5: 18, 6: 15, 7: 7}
Gate position gate updated to [ 8 18]--------------c
Trying to moving ion 18... to 9
Ion assignment after moving ion 18: {0: 6, 1: 0, 2: 10, 3: 8, 4: 2, 5: 9, 6: 19, 7: 7}
Executing gate at point (5, 3).
Best move: (8, 9)
Best move: (9, 15)
Best move: (14, 15)
Best move: (3, 14)
Executing gate at point (6, 3).
Best move: (18, 19)
Best move: (13, 18)
Best move: (11, 13)
Executing gate at point (5, 2).
Best move: (11, 13)
Best move: (12, 13)
Best move: (1, 12)
Executing gate at point (6, 1).
Best move: (1, 12)
Best move: (8, 9)
Best move: (9, 15)
Best move: (15, 18)
Best move: (13, 18)
Best move: (11, 13)
Try bruteforce due to multiple steps (6) to solve one gate
Trying to solve brute-force congestion at gate [10, 11] with {0: 6, 1: 0, 2: 10, 3: 3, 4: 2, 5: 11, 6: 12, 7: 7}
Trying to moving ion 10... to 10
Ion assignment after moving ion 10: {0: 6, 1: 0, 2: 10, 3: 3, 4: 2, 5: 11, 6: 12, 7: 7}
Gate position gate updated to [10 11]--------------c
Trying to moving ion 11... to 11
Ion assignment after moving ion 11: {0: 6, 1: 0, 2: 10, 3: 3, 4: 2, 5: 11, 6: 12, 7: 7}
Executing gate at point (6, 2).
Best move: (11, 13)
Best move: (12, 18)
Best move: (18, 19)
Best move: (6, 7)
Best move: (7, 17)
Best move: (16, 17)
Try bruteforce due to multiple steps (6) to solve one gate
Trying to solve brute-force congestion at gate [16, 19] with {0: 16, 1: 0, 2: 10, 3: 3, 4: 2, 5: 13, 6: 19, 7: 6}
Trying to moving ion 16... to 4
Ion assignment after moving ion 16: {0: 4, 1: 0, 2: 10, 3: 3, 4: 2, 5: 13, 6: 19, 7: 6}
Gate position gate updated to [ 4 19]--------------c
Trying to moving ion 19... to 5
Ion assignment after moving ion 19: {0: 4, 1: 0, 2: 10, 3: 3, 4: 2, 5: 13, 6: 5, 7: 6}
Executing gate at point (7, 0).
Best move: (12, 13)
Best move: (2, 3)
Best move: (3, 14)
Best move: (14, 18)
Best move: (13, 18)
Best move: (11, 13)
Try bruteforce due to multiple steps (6) to solve one gate
Trying to solve brute-force congestion at gate [0, 12] with {0: 4, 1: 0, 2: 10, 3: 2, 4: 11, 5: 12, 6: 5, 7: 6}
Trying to moving ion 0... to 0
Ion assignment after moving ion 0: {0: 4, 1: 0, 2: 10, 3: 2, 4: 11, 5: 12, 6: 5, 7: 6}
Gate position gate updated to [ 0 12]--------------c
Trying to moving ion 12... to 1
Ion assignment after moving ion 12: {0: 4, 1: 0, 2: 10, 3: 2, 4: 11, 5: 1, 6: 5, 7: 6}
Executing gate at point (7, 1).
Executing gate at point (7, 2).
Best move: (1, 12)
Best move: (11, 13)
Best move: (13, 18)
Best move: (0, 1)
Best move: (0, 1)
Best move: (13, 18)
Try bruteforce due to multiple steps (6) to solve one gate
Trying to solve brute-force congestion at gate [0, 13] with {0: 4, 1: 0, 2: 10, 3: 2, 4: 13, 5: 12, 6: 5, 7: 6}
Trying to moving ion 0... to 0
Ion assignment after moving ion 0: {0: 4, 1: 0, 2: 10, 3: 2, 4: 13, 5: 12, 6: 5, 7: 6}
Gate position gate updated to [ 0 13]--------------c
Trying to moving ion 13... to 1
Ion assignment after moving ion 13: {0: 4, 1: 0, 2: 10, 3: 2, 4: 1, 5: 18, 6: 5, 7: 6}
Executing gate at point (8, 1).
Best move: (4, 5)
Best move: (5, 16)
Best move: (16, 19)
Best move: (15, 18)
Best move: (10, 11)
Best move: (11, 13)
Try bruteforce due to multiple steps (6) to solve one gate
Trying to solve brute-force congestion at gate [13, 2] with {0: 19, 1: 0, 2: 13, 3: 2, 4: 1, 5: 15, 6: 4, 7: 6}
Trying to moving ion 2... to 2
Ion assignment after moving ion 2: {0: 19, 1: 0, 2: 13, 3: 2, 4: 1, 5: 15, 6: 4, 7: 6}
Gate position gate updated to [ 2 13]--------------c
Trying to moving ion 13... to 3
Ion assignment after moving ion 13: {0: 19, 1: 0, 2: 3, 3: 2, 4: 1, 5: 15, 6: 4, 7: 6}
Executing gate at point (8, 2).
Best move: (2, 3)
Best move: (3, 14)
Best move: (14, 18)
Best move: (0, 1)
Best move: (1, 12)
Best move: (12, 13)
Try bruteforce due to multiple steps (6) to solve one gate
Trying to solve brute-force congestion at gate [13, 18] with {0: 19, 1: 13, 2: 2, 3: 18, 4: 0, 5: 15, 6: 4, 7: 6}
Trying to moving ion 13... to 10
Ion assignment after moving ion 13: {0: 19, 1: 10, 2: 2, 3: 18, 4: 0, 5: 15, 6: 4, 7: 6}
Gate position gate updated to [10 18]--------------c
Trying to moving ion 18... to 11
Ion assignment after moving ion 18: {0: 19, 1: 10, 2: 2, 3: 11, 4: 0, 5: 15, 6: 4, 7: 6}
Executing gate at point (9, 1).
Best move: (10, 11)
Best move: (11, 13)
Best move: (13, 18)
Best move: (14, 18)
Best move: (18, 19)
Best move: (18, 19)
Try bruteforce due to multiple steps (6) to solve one gate
Trying to solve brute-force congestion at gate [14, 2] with {0: 19, 1: 14, 2: 2, 3: 10, 4: 0, 5: 15, 6: 4, 7: 6}
Trying to moving ion 2... to 2
Ion assignment after moving ion 2: {0: 19, 1: 14, 2: 2, 3: 10, 4: 0, 5: 15, 6: 4, 7: 6}
Gate position gate updated to [ 2 14]--------------c
Trying to moving ion 14... to 3
Ion assignment after moving ion 14: {0: 19, 1: 3, 2: 2, 3: 10, 4: 0, 5: 15, 6: 4, 7: 6}
Executing gate at point (10, 1).
Best move: (9, 15)
Best move: (15, 19)
Best move: (8, 9)
Best move: (9, 15)
Executing gate at point (8, 0).
Trying to solve brute-force congestion at gate [9, 0] with {0: 9, 1: 3, 2: 2, 3: 10, 4: 0, 5: 8, 6: 4, 7: 6}
Trying to moving ion 0... to 0
Ion assignment after moving ion 0: {0: 9, 1: 3, 2: 2, 3: 10, 4: 0, 5: 8, 6: 4, 7: 6}
Gate position gate updated to [0 9]--------------c
Trying to moving ion 9... to 1
Ion assignment after moving ion 9: {0: 1, 1: 3, 2: 2, 3: 10, 4: 0, 5: 8, 6: 4, 7: 6}
Executing gate at point (9, 0).
Trying to solve brute-force congestion at gate [1, 10] with {0: 1, 1: 3, 2: 2, 3: 10, 4: 0, 5: 8, 6: 4, 7: 6}
Trying to moving ion 10... to 10
Ion assignment after moving ion 10: {0: 1, 1: 3, 2: 2, 3: 10, 4: 0, 5: 8, 6: 4, 7: 6}
Gate position gate updated to [10  1]--------------c
Trying to moving ion 1... to 11
Ion assignment after moving ion 1: {0: 11, 1: 3, 2: 2, 3: 10, 4: 0, 5: 8, 6: 4, 7: 6}
Executing gate at point (10, 0).
Trying to solve brute-force congestion at gate [10, 0] with {0: 11, 1: 3, 2: 2, 3: 10, 4: 0, 5: 8, 6: 4, 7: 6}
Trying to moving ion 0... to 0
Ion assignment after moving ion 0: {0: 11, 1: 3, 2: 2, 3: 10, 4: 0, 5: 8, 6: 4, 7: 6}
Gate position gate updated to [ 0 10]--------------c
Trying to moving ion 10... to 1
Ion assignment after moving ion 10: {0: 10, 1: 3, 2: 2, 3: 1, 4: 0, 5: 8, 6: 4, 7: 6}
Executing gate at point (11, 3).
Best move: (2, 3)
Best move: (3, 14)
Best move: (14, 18)
Best move: (13, 18)
Best move: (11, 13)
Executing gate at point (11, 0).
Best move: (11, 13)
Best move: (2, 3)
Best move: (3, 14)
Best move: (14, 18)
Best move: (12, 18)
Best move: (12, 18)
Try bruteforce due to multiple steps (6) to solve one gate
Trying to solve brute-force congestion at gate [10, 18] with {0: 10, 1: 18, 2: 13, 3: 1, 4: 0, 5: 8, 6: 4, 7: 6}
Trying to moving ion 10... to 10
Ion assignment after moving ion 10: {0: 10, 1: 18, 2: 13, 3: 1, 4: 0, 5: 8, 6: 4, 7: 6}
Gate position gate updated to [10 18]--------------c
Trying to moving ion 18... to 11
Ion assignment after moving ion 18: {0: 10, 1: 11, 2: 12, 3: 1, 4: 0, 5: 8, 6: 4, 7: 6}
Executing gate at point (12, 0).
Best move: (10, 11)
Best move: (11, 13)
Best move: (13, 18)
Best move: (18, 19)
Best move: (17, 19)
Best move: (7, 17)
Try bruteforce due to multiple steps (6) to solve one gate
Trying to solve brute-force congestion at gate [7, 6] with {0: 7, 1: 10, 2: 12, 3: 1, 4: 0, 5: 8, 6: 4, 7: 6}
Trying to moving ion 7... to 6
Ion assignment after moving ion 7: {0: 6, 1: 10, 2: 12, 3: 1, 4: 0, 5: 8, 6: 4, 7: 7}
Gate position gate updated to [6 7]--------------c
Trying to moving ion 7... to 7
Ion assignment after moving ion 7: {0: 6, 1: 10, 2: 12, 3: 1, 4: 0, 5: 8, 6: 4, 7: 7}
Executing gate at point (13, 0).
Best move: (12, 18)
Best move: (15, 18)
Best move: (9, 15)
Executing gate at point (12, 2).
Best move: (4, 5)
Best move: (5, 16)
Best move: (16, 19)
Best move: (18, 19)
Best move: (13, 18)
Best move: (11, 13)
Try bruteforce due to multiple steps (6) to solve one gate
Trying to solve brute-force congestion at gate [10, 11] with {0: 6, 1: 10, 2: 9, 3: 1, 4: 0, 5: 8, 6: 11, 7: 7}
Trying to moving ion 10... to 10
Ion assignment after moving ion 10: {0: 6, 1: 10, 2: 9, 3: 1, 4: 0, 5: 8, 6: 11, 7: 7}
Gate position gate updated to [10 11]--------------c
Trying to moving ion 11... to 11
Ion assignment after moving ion 11: {0: 6, 1: 10, 2: 9, 3: 1, 4: 0, 5: 8, 6: 11, 7: 7}
Executing gate at point (13, 1).
Trying to solve brute-force congestion at gate [19, 18] with {0: 19, 1: 18, 2: 9, 3: 1, 4: 0, 5: 8, 6: 10, 7: 6}
Trying to moving ion 19... to 2
Ion assignment after moving ion 19: {0: 2, 1: 18, 2: 9, 3: 1, 4: 0, 5: 8, 6: 10, 7: 6}
Gate position gate updated to [ 2 18]--------------c
Trying to moving ion 18... to 3
Ion assignment after moving ion 18: {0: 2, 1: 3, 2: 9, 3: 1, 4: 0, 5: 8, 6: 10, 7: 6}
Trying to solve brute-force congestion at gate [2, 9] with {0: 2, 1: 3, 2: 9, 3: 1, 4: 0, 5: 8, 6: 10, 7: 6}
Trying to moving ion 2... to 2
Ion assignment after moving ion 2: {0: 2, 1: 3, 2: 9, 3: 1, 4: 0, 5: 8, 6: 10, 7: 6}
Clearing endpoint 3.........
Gate position gate updated to [2 9]--------------c
Trying to moving ion 9... to 3
Ion assignment after moving ion 9: {0: 2, 1: 19, 2: 3, 3: 1, 4: 0, 5: 8, 6: 10, 7: 6}
Trying to solve brute-force congestion at gate [2, 1] with {0: 2, 1: 19, 2: 3, 3: 1, 4: 0, 5: 8, 6: 10, 7: 6}
Trying to moving ion 2... to 2
Ion assignment after moving ion 2: {0: 2, 1: 19, 2: 3, 3: 1, 4: 0, 5: 8, 6: 10, 7: 6}
Clearing endpoint 3.........
Gate position gate updated to [2 1]--------------c
Trying to moving ion 1... to 3
Ion assignment after moving ion 1: {0: 2, 1: 19, 2: 15, 3: 3, 4: 0, 5: 8, 6: 10, 7: 6}
Trying to solve brute-force congestion at gate [2, 0] with {0: 2, 1: 19, 2: 15, 3: 3, 4: 0, 5: 8, 6: 10, 7: 6}
Trying to moving ion 0... to 0
Ion assignment after moving ion 0: {0: 2, 1: 19, 2: 15, 3: 3, 4: 0, 5: 8, 6: 10, 7: 6}
Gate position gate updated to [0 2]--------------c
Trying to moving ion 2... to 1
Ion assignment after moving ion 2: {0: 1, 1: 19, 2: 15, 3: 2, 4: 0, 5: 8, 6: 10, 7: 6}
Trying to solve brute-force congestion at gate [19, 15] with {0: 1, 1: 19, 2: 15, 3: 2, 4: 0, 5: 8, 6: 10, 7: 6}
Trying to moving ion 15... to 8
Ion assignment after moving ion 15: {0: 1, 1: 19, 2: 8, 3: 2, 4: 0, 5: 9, 6: 10, 7: 6}
Clearing endpoint 9.........
Gate position gate updated to [ 8 19]--------------c
Trying to moving ion 19... to 9
Ion assignment after moving ion 19: {0: 1, 1: 9, 2: 8, 3: 2, 4: 0, 5: 18, 6: 10, 7: 6}
Trying to solve brute-force congestion at gate [9, 2] with {0: 1, 1: 9, 2: 8, 3: 2, 4: 0, 5: 18, 6: 10, 7: 6}
Trying to moving ion 2... to 2
Ion assignment after moving ion 2: {0: 1, 1: 9, 2: 8, 3: 2, 4: 0, 5: 18, 6: 10, 7: 6}
Gate position gate updated to [2 9]--------------c
Trying to moving ion 9... to 3
Ion assignment after moving ion 9: {0: 1, 1: 3, 2: 8, 3: 2, 4: 0, 5: 18, 6: 10, 7: 6}
Trying to solve brute-force congestion at gate [8, 2] with {0: 1, 1: 3, 2: 8, 3: 2, 4: 0, 5: 18, 6: 10, 7: 6}
Trying to moving ion 8... to 8
Ion assignment after moving ion 8: {0: 1, 1: 3, 2: 8, 3: 2, 4: 0, 5: 18, 6: 10, 7: 6}
Gate position gate updated to [8 2]--------------c
Trying to moving ion 2... to 9
Ion assignment after moving ion 2: {0: 1, 1: 2, 2: 8, 3: 9, 4: 0, 5: 18, 6: 10, 7: 6}
Trying to solve brute-force congestion at gate [1, 18] with {0: 1, 1: 2, 2: 8, 3: 9, 4: 0, 5: 18, 6: 10, 7: 6}
Trying to moving ion 1... to 0
Ion assignment after moving ion 1: {0: 0, 1: 2, 2: 8, 3: 9, 4: 1, 5: 18, 6: 10, 7: 6}
Clearing endpoint 1.........
Gate position gate updated to [ 0 18]--------------c
Trying to moving ion 18... to 1
Ion assignment after moving ion 18: {0: 0, 1: 2, 2: 8, 3: 9, 4: 13, 5: 1, 6: 10, 7: 6}
Trying to solve brute-force congestion at gate [0, 10] with {0: 0, 1: 2, 2: 8, 3: 9, 4: 13, 5: 1, 6: 10, 7: 6}
Trying to moving ion 10... to 10
Ion assignment after moving ion 10: {0: 0, 1: 2, 2: 8, 3: 9, 4: 13, 5: 1, 6: 10, 7: 6}
Gate position gate updated to [10  0]--------------c
Trying to moving ion 0... to 11
Ion assignment after moving ion 0: {0: 11, 1: 2, 2: 8, 3: 9, 4: 18, 5: 0, 6: 10, 7: 6}
Trying to solve brute-force congestion at gate [11, 6] with {0: 11, 1: 2, 2: 8, 3: 9, 4: 18, 5: 0, 6: 10, 7: 6}
Trying to moving ion 6... to 6
Ion assignment after moving ion 6: {0: 11, 1: 2, 2: 8, 3: 9, 4: 18, 5: 0, 6: 10, 7: 6}
Gate position gate updated to [ 6 11]--------------c
Trying to moving ion 11... to 7
Ion assignment after moving ion 11: {0: 7, 1: 2, 2: 8, 3: 9, 4: 12, 5: 0, 6: 10, 7: 6}
Trying to solve brute-force congestion at gate [2, 12] with {0: 7, 1: 2, 2: 8, 3: 9, 4: 12, 5: 0, 6: 10, 7: 6}
Trying to moving ion 2... to 2
Ion assignment after moving ion 2: {0: 7, 1: 2, 2: 8, 3: 9, 4: 12, 5: 0, 6: 10, 7: 6}
Gate position gate updated to [ 2 12]--------------c
Trying to moving ion 12... to 3
Ion assignment after moving ion 12: {0: 7, 1: 2, 2: 8, 3: 9, 4: 3, 5: 0, 6: 10, 7: 6}
Trying to solve brute-force congestion at gate [2, 0] with {0: 7, 1: 2, 2: 8, 3: 9, 4: 3, 5: 0, 6: 10, 7: 6}
Trying to moving ion 0... to 0
Ion assignment after moving ion 0: {0: 7, 1: 2, 2: 8, 3: 9, 4: 3, 5: 0, 6: 10, 7: 6}
Gate position gate updated to [0 2]--------------c
Trying to moving ion 2... to 1
Ion assignment after moving ion 2: {0: 7, 1: 1, 2: 8, 3: 9, 4: 2, 5: 0, 6: 10, 7: 6}
Trying to solve brute-force congestion at gate [1, 10] with {0: 7, 1: 1, 2: 8, 3: 9, 4: 2, 5: 0, 6: 10, 7: 6}
Trying to moving ion 10... to 10
Ion assignment after moving ion 10: {0: 7, 1: 1, 2: 8, 3: 9, 4: 2, 5: 0, 6: 10, 7: 6}
Gate position gate updated to [10  1]--------------c
Trying to moving ion 1... to 11
Ion assignment after moving ion 1: {0: 7, 1: 11, 2: 8, 3: 9, 4: 2, 5: 0, 6: 10, 7: 6}
Trying to solve brute-force congestion at gate [11, 6] with {0: 7, 1: 11, 2: 8, 3: 9, 4: 2, 5: 0, 6: 10, 7: 6}
Trying to moving ion 6... to 6
Ion assignment after moving ion 6: {0: 7, 1: 11, 2: 8, 3: 9, 4: 2, 5: 0, 6: 10, 7: 6}
Clearing endpoint 7.........
Gate position gate updated to [ 6 11]--------------c
Trying to moving ion 11... to 7
Ion assignment after moving ion 11: {0: 16, 1: 7, 2: 8, 3: 9, 4: 2, 5: 0, 6: 10, 7: 6}
Trying to solve brute-force congestion at gate [8, 2] with {0: 16, 1: 7, 2: 8, 3: 9, 4: 2, 5: 0, 6: 10, 7: 6}
Trying to moving ion 2... to 2
Ion assignment after moving ion 2: {0: 16, 1: 7, 2: 8, 3: 9, 4: 2, 5: 0, 6: 10, 7: 6}
Gate position gate updated to [2 8]--------------c
Trying to moving ion 8... to 3
Ion assignment after moving ion 8: {0: 16, 1: 7, 2: 3, 3: 8, 4: 2, 5: 0, 6: 10, 7: 6}
Trying to solve brute-force congestion at gate [3, 0] with {0: 16, 1: 7, 2: 3, 3: 8, 4: 2, 5: 0, 6: 10, 7: 6}
Trying to moving ion 0... to 0
Ion assignment after moving ion 0: {0: 16, 1: 7, 2: 3, 3: 8, 4: 2, 5: 0, 6: 10, 7: 6}
Gate position gate updated to [0 3]--------------c
Trying to moving ion 3... to 1
Ion assignment after moving ion 3: {0: 16, 1: 7, 2: 1, 3: 8, 4: 2, 5: 0, 6: 10, 7: 6}
Trying to solve brute-force congestion at gate [8, 2] with {0: 16, 1: 7, 2: 1, 3: 8, 4: 2, 5: 0, 6: 10, 7: 6}
Trying to moving ion 2... to 2
Ion assignment after moving ion 2: {0: 16, 1: 7, 2: 1, 3: 8, 4: 2, 5: 0, 6: 10, 7: 6}
Gate position gate updated to [2 8]--------------c
Trying to moving ion 8... to 3
Ion assignment after moving ion 8: {0: 16, 1: 7, 2: 1, 3: 3, 4: 2, 5: 0, 6: 10, 7: 6}
Trying to solve brute-force congestion at gate [3, 0] with {0: 16, 1: 7, 2: 1, 3: 3, 4: 2, 5: 0, 6: 10, 7: 6}
Trying to moving ion 0... to 0
Ion assignment after moving ion 0: {0: 16, 1: 7, 2: 1, 3: 3, 4: 2, 5: 0, 6: 10, 7: 6}
Clearing endpoint 1.........
Gate position gate updated to [0 3]--------------c
Trying to moving ion 3... to 1
Ion assignment after moving ion 3: {0: 16, 1: 7, 2: 13, 3: 1, 4: 2, 5: 0, 6: 10, 7: 6}
Trying to solve brute-force congestion at gate [2, 0] with {0: 16, 1: 7, 2: 13, 3: 1, 4: 2, 5: 0, 6: 10, 7: 6}
Trying to moving ion 2... to 2
Ion assignment after moving ion 2: {0: 16, 1: 7, 2: 13, 3: 1, 4: 2, 5: 0, 6: 10, 7: 6}
Gate position gate updated to [2 0]--------------c
Trying to moving ion 0... to 3
Ion assignment after moving ion 0: {0: 16, 1: 7, 2: 13, 3: 0, 4: 2, 5: 3, 6: 10, 7: 6}
Trying to solve brute-force congestion at gate [13, 10] with {0: 16, 1: 7, 2: 13, 3: 0, 4: 2, 5: 3, 6: 10, 7: 6}
Trying to moving ion 10... to 10
Ion assignment after moving ion 10: {0: 16, 1: 7, 2: 13, 3: 0, 4: 2, 5: 3, 6: 10, 7: 6}
Gate position gate updated to [10 13]--------------c
Trying to moving ion 13... to 11
Ion assignment after moving ion 13: {0: 16, 1: 7, 2: 11, 3: 0, 4: 2, 5: 3, 6: 10, 7: 6}
Trying to solve brute-force congestion at gate [11, 6] with {0: 16, 1: 7, 2: 11, 3: 0, 4: 2, 5: 3, 6: 10, 7: 6}
Trying to moving ion 6... to 6
Ion assignment after moving ion 6: {0: 16, 1: 7, 2: 11, 3: 0, 4: 2, 5: 3, 6: 10, 7: 6}
Clearing endpoint 7.........
Gate position gate updated to [ 6 11]--------------c
Trying to moving ion 11... to 7
Ion assignment after moving ion 11: {0: 5, 1: 16, 2: 7, 3: 0, 4: 2, 5: 3, 6: 10, 7: 6}
Trying to solve brute-force congestion at gate [0, 10] with {0: 5, 1: 16, 2: 7, 3: 0, 4: 2, 5: 3, 6: 10, 7: 6}
Trying to moving ion 0... to 0
Ion assignment after moving ion 0: {0: 5, 1: 16, 2: 7, 3: 0, 4: 2, 5: 3, 6: 10, 7: 6}
Gate position gate updated to [ 0 10]--------------c
Trying to moving ion 10... to 1
Ion assignment after moving ion 10: {0: 5, 1: 16, 2: 7, 3: 0, 4: 2, 5: 3, 6: 1, 7: 6}
Trying to solve brute-force congestion at gate [0, 6] with {0: 5, 1: 16, 2: 7, 3: 0, 4: 2, 5: 3, 6: 1, 7: 6}
Trying to moving ion 0... to 0
Ion assignment after moving ion 0: {0: 5, 1: 16, 2: 7, 3: 0, 4: 2, 5: 3, 6: 1, 7: 6}
Clearing endpoint 1.........
Gate position gate updated to [0 6]--------------c
Trying to moving ion 6... to 1
Ion assignment after moving ion 6: {0: 5, 1: 16, 2: 6, 3: 0, 4: 2, 5: 3, 6: 13, 7: 1}
Trying to solve brute-force congestion at gate [2, 13] with {0: 5, 1: 16, 2: 6, 3: 0, 4: 2, 5: 3, 6: 13, 7: 1}
Trying to moving ion 2... to 2
Ion assignment after moving ion 2: {0: 5, 1: 16, 2: 6, 3: 0, 4: 2, 5: 3, 6: 13, 7: 1}
Clearing endpoint 3.........
Gate position gate updated to [ 2 13]--------------c
Trying to moving ion 13... to 3
Ion assignment after moving ion 13: {0: 5, 1: 16, 2: 6, 3: 0, 4: 2, 5: 15, 6: 3, 7: 1}
Trying to solve brute-force congestion at gate [2, 1] with {0: 5, 1: 16, 2: 6, 3: 0, 4: 2, 5: 15, 6: 3, 7: 1}
Trying to moving ion 2... to 2
Ion assignment after moving ion 2: {0: 5, 1: 16, 2: 6, 3: 0, 4: 2, 5: 15, 6: 3, 7: 1}
Clearing endpoint 3.........
Gate position gate updated to [2 1]--------------c
Trying to moving ion 1... to 3
Ion assignment after moving ion 1: {0: 5, 1: 16, 2: 6, 3: 0, 4: 2, 5: 15, 6: 19, 7: 3}
Trying to solve brute-force congestion at gate [15, 19] with {0: 5, 1: 16, 2: 6, 3: 0, 4: 2, 5: 15, 6: 19, 7: 3}
Trying to moving ion 15... to 8
Ion assignment after moving ion 15: {0: 5, 1: 16, 2: 6, 3: 0, 4: 2, 5: 8, 6: 19, 7: 3}
Gate position gate updated to [ 8 19]--------------c
Trying to moving ion 19... to 9
Ion assignment after moving ion 19: {0: 5, 1: 16, 2: 6, 3: 0, 4: 2, 5: 8, 6: 9, 7: 3}
Trying to solve brute-force congestion at gate [8, 3] with {0: 5, 1: 16, 2: 6, 3: 0, 4: 2, 5: 8, 6: 9, 7: 3}
Trying to moving ion 8... to 8
Ion assignment after moving ion 8: {0: 5, 1: 16, 2: 6, 3: 0, 4: 2, 5: 8, 6: 9, 7: 3}
Clearing endpoint 9.........
Gate position gate updated to [8 3]--------------c
Trying to moving ion 3... to 9
Ion assignment after moving ion 3: {0: 5, 1: 16, 2: 6, 3: 0, 4: 2, 5: 8, 6: 18, 7: 9}
Trying to solve brute-force congestion at gate [18, 9] with {0: 5, 1: 16, 2: 6, 3: 0, 4: 2, 5: 8, 6: 18, 7: 9}
Trying to moving ion 9... to 8
Ion assignment after moving ion 9: {0: 5, 1: 16, 2: 6, 3: 0, 4: 2, 5: 9, 6: 18, 7: 8}
Clearing endpoint 9.........
Gate position gate updated to [ 8 18]--------------c
Trying to moving ion 18... to 9
Ion assignment after moving ion 18: {0: 5, 1: 16, 2: 6, 3: 0, 4: 2, 5: 14, 6: 9, 7: 8}
Executing gate at point (0, 6).
Best move: (8, 9)
Best move: (9, 15)
Best move: (15, 18)
Best move: (14, 15)
Best move: (14, 15)
Best move: (14, 15)
Try bruteforce due to multiple steps (6) to solve one gate
Trying to solve brute-force congestion at gate [15, 18] with {0: 5, 1: 16, 2: 6, 3: 0, 4: 2, 5: 15, 6: 8, 7: 18}
Trying to moving ion 15... to 8
Ion assignment after moving ion 15: {0: 5, 1: 16, 2: 6, 3: 0, 4: 2, 5: 8, 6: 9, 7: 18}
Clearing endpoint 9.........
Gate position gate updated to [ 8 18]--------------c
Trying to moving ion 18... to 9
Ion assignment after moving ion 18: {0: 5, 1: 16, 2: 6, 3: 0, 4: 2, 5: 8, 6: 14, 7: 9}
Executing gate at point (1, 5).
Best move: (9, 15)
Best move: (15, 18)
Best move: (18, 19)
Best move: (15, 19)
Best move: (15, 18)
Best move: (18, 19)
Try bruteforce due to multiple steps (6) to solve one gate
Trying to solve brute-force congestion at gate [2, 19] with {0: 5, 1: 16, 2: 6, 3: 0, 4: 2, 5: 8, 6: 14, 7: 19}
Trying to moving ion 2... to 2
Ion assignment after moving ion 2: {0: 5, 1: 16, 2: 6, 3: 0, 4: 2, 5: 8, 6: 14, 7: 19}
Gate position gate updated to [ 2 19]--------------c
Trying to moving ion 19... to 3
Ion assignment after moving ion 19: {0: 5, 1: 16, 2: 6, 3: 0, 4: 2, 5: 8, 6: 18, 7: 3}
Executing gate at point (2, 4).
Best move: (3, 14)
Best move: (15, 18)
Best move: (9, 15)
Executing gate at point (2, 5).
Best move: (14, 18)
Best move: (9, 15)
Best move: (14, 15)
Best move: (12, 18)
Best move: (3, 14)
Executing gate at point (3, 4).
Best move: (2, 3)
Best move: (3, 14)
Best move: (14, 15)
Best move: (9, 15)
Executing gate at point (4, 4).
Best move: (1, 12)
Executing gate at point (3, 3).
Best move: (1, 12)
Best move: (12, 18)
Best move: (18, 19)
Best move: (17, 19)
Best move: (7, 17)
Executing gate at point (4, 2).
Best move: (7, 17)
Best move: (16, 19)
Best move: (16, 17)
Best move: (18, 19)
Best move: (16, 19)
Best move: (14, 18)
Try bruteforce due to multiple steps (6) to solve one gate
Trying to solve brute-force congestion at gate [14, 19] with {0: 5, 1: 14, 2: 6, 3: 0, 4: 9, 5: 8, 6: 2, 7: 19}
Trying to moving ion 14... to 2
Ion assignment after moving ion 14: {0: 5, 1: 2, 2: 6, 3: 0, 4: 9, 5: 8, 6: 3, 7: 19}
Clearing endpoint 3.........
Gate position gate updated to [ 2 19]--------------c
Trying to moving ion 19... to 3
Ion assignment after moving ion 19: {0: 5, 1: 2, 2: 6, 3: 0, 4: 9, 5: 8, 6: 18, 7: 3}
Executing gate at point (5, 1).
Best move: (3, 14)
Best move: (14, 19)
Best move: (16, 19)
Best move: (4, 5)
Best move: (5, 16)
Executing gate at point (6, 0).
Best move: (12, 18)
Best move: (1, 12)
Executing gate at point (4, 3).
Best move: (1, 12)
Best move: (8, 9)
Best move: (9, 15)
Best move: (15, 18)
Best move: (13, 18)
Best move: (13, 18)
Try bruteforce due to multiple steps (6) to solve one gate
Trying to solve brute-force congestion at gate [0, 18] with {0: 4, 1: 2, 2: 6, 3: 0, 4: 8, 5: 18, 6: 12, 7: 5}
Trying to moving ion 0... to 0
Ion assignment after moving ion 0: {0: 4, 1: 2, 2: 6, 3: 0, 4: 8, 5: 18, 6: 12, 7: 5}
Gate position gate updated to [ 0 18]--------------c
Trying to moving ion 18... to 1
Ion assignment after moving ion 18: {0: 4, 1: 2, 2: 6, 3: 0, 4: 8, 5: 1, 6: 13, 7: 5}
Executing gate at point (5, 3).
Best move: (0, 1)
Best move: (1, 12)
Best move: (12, 18)
Best move: (15, 18)
Best move: (9, 15)
Executing gate at point (6, 3).
Best move: (13, 18)
Best move: (18, 19)
Best move: (17, 19)
Best move: (7, 17)
Executing gate at point (5, 2).
Best move: (7, 17)
Best move: (17, 19)
Best move: (14, 19)
Best move: (3, 14)
Executing gate at point (6, 1).
Best move: (3, 14)
Best move: (0, 1)
Best move: (1, 12)
Best move: (12, 18)
Best move: (18, 19)
Best move: (17, 19)
Try bruteforce due to multiple steps (6) to solve one gate
Trying to solve brute-force congestion at gate [6, 17] with {0: 4, 1: 2, 2: 6, 3: 9, 4: 8, 5: 17, 6: 14, 7: 5}
Trying to moving ion 6... to 6
Ion assignment after moving ion 6: {0: 4, 1: 2, 2: 6, 3: 9, 4: 8, 5: 17, 6: 14, 7: 5}
Gate position gate updated to [ 6 17]--------------c
Trying to moving ion 17... to 7
Ion assignment after moving ion 17: {0: 4, 1: 2, 2: 6, 3: 9, 4: 8, 5: 7, 6: 14, 7: 5}
Executing gate at point (6, 2).
Best move: (7, 17)
Best move: (4, 5)
Best move: (5, 16)
Best move: (16, 19)
Best move: (18, 19)
Best move: (13, 18)
Try bruteforce due to multiple steps (6) to solve one gate
Trying to solve brute-force congestion at gate [13, 14] with {0: 13, 1: 2, 2: 6, 3: 9, 4: 8, 5: 17, 6: 14, 7: 4}
Trying to moving ion 13... to 10
Ion assignment after moving ion 13: {0: 10, 1: 2, 2: 6, 3: 9, 4: 8, 5: 17, 6: 14, 7: 4}
Gate position gate updated to [10 14]--------------c
Trying to moving ion 14... to 11
Ion assignment after moving ion 14: {0: 10, 1: 2, 2: 6, 3: 9, 4: 8, 5: 17, 6: 11, 7: 4}
Executing gate at point (7, 0).
Best move: (17, 19)
Best move: (14, 19)
Best move: (8, 9)
Best move: (9, 15)
Best move: (15, 19)
Best move: (17, 19)
Try bruteforce due to multiple steps (6) to solve one gate
Trying to solve brute-force congestion at gate [2, 14] with {0: 10, 1: 2, 2: 6, 3: 8, 4: 17, 5: 14, 6: 11, 7: 4}
Trying to moving ion 2... to 2
Ion assignment after moving ion 2: {0: 10, 1: 2, 2: 6, 3: 8, 4: 17, 5: 14, 6: 11, 7: 4}
Gate position gate updated to [ 2 14]--------------c
Trying to moving ion 14... to 3
Ion assignment after moving ion 14: {0: 10, 1: 2, 2: 6, 3: 8, 4: 17, 5: 3, 6: 11, 7: 4}
Executing gate at point (7, 1).
Best move: (3, 14)
Best move: (7, 17)
Executing gate at point (7, 2).
Best move: (7, 17)
Best move: (6, 7)
Best move: (6, 7)
Best move: (6, 7)
Try bruteforce due to repeated pattern...
Trying to solve brute-force congestion at gate [7, 8] with {0: 10, 1: 2, 2: 7, 3: 8, 4: 17, 5: 14, 6: 11, 7: 4}
Trying to moving ion 8... to 8
Ion assignment after moving ion 8: {0: 10, 1: 2, 2: 7, 3: 8, 4: 17, 5: 14, 6: 11, 7: 4}
Gate position gate updated to [8 7]--------------c
Trying to moving ion 7... to 9
Ion assignment after moving ion 7: {0: 10, 1: 2, 2: 9, 3: 8, 4: 16, 5: 14, 6: 11, 7: 4}
Executing gate at point (8, 2).
Best move: (14, 18)
Best move: (16, 19)
Best move: (14, 19)
Best move: (10, 11)
Best move: (11, 13)
Best move: (12, 13)
Try bruteforce due to multiple steps (6) to solve one gate
Trying to solve brute-force congestion at gate [12, 18] with {0: 12, 1: 2, 2: 9, 3: 8, 4: 14, 5: 18, 6: 10, 7: 4}
Trying to moving ion 12... to 0
Ion assignment after moving ion 12: {0: 0, 1: 2, 2: 9, 3: 8, 4: 14, 5: 18, 6: 10, 7: 4}
Gate position gate updated to [ 0 18]--------------c
Trying to moving ion 18... to 1
Ion assignment after moving ion 18: {0: 0, 1: 2, 2: 9, 3: 8, 4: 14, 5: 1, 6: 10, 7: 4}
Executing gate at point (8, 0).
Best move: (3, 14)
Executing gate at point (8, 1).
Best move: (3, 14)
Best move: (0, 1)
Best move: (1, 12)
Best move: (12, 18)
Best move: (18, 19)
Best move: (14, 18)
Try bruteforce due to multiple steps (6) to solve one gate
Trying to solve brute-force congestion at gate [19, 18] with {0: 19, 1: 2, 2: 9, 3: 8, 4: 18, 5: 0, 6: 10, 7: 4}
Trying to moving ion 19... to 2
Ion assignment after moving ion 19: {0: 2, 1: 3, 2: 9, 3: 8, 4: 18, 5: 0, 6: 10, 7: 4}
Clearing endpoint 3.........
Gate position gate updated to [ 2 18]--------------c
Trying to moving ion 18... to 3
Ion assignment after moving ion 18: {0: 2, 1: 19, 2: 9, 3: 8, 4: 3, 5: 0, 6: 10, 7: 4}
Executing gate at point (9, 0).
Best move: (8, 9)
Best move: (9, 15)
Best move: (15, 18)
Best move: (15, 19)
Best move: (18, 19)
Best move: (17, 19)
Try bruteforce due to multiple steps (6) to solve one gate
Trying to solve brute-force congestion at gate [15, 17] with {0: 2, 1: 15, 2: 8, 3: 17, 4: 3, 5: 0, 6: 10, 7: 4}
Trying to moving ion 17... to 6Input filename:  QFT_8_compiled
Algorithm:  SHAPER
Trap type:  G2x3
Trap capacity:  2
Num layout passes:  2
Gate type:  FM
Run index:  1
Creating a QCCD machine ...
QCCD physical machine:
### Traps ### 
Trap(id='trap_0', max_num_ions=2, initial_num_ions=0, executable=True, measureable=True)
Trap(id='trap_1', max_num_ions=2, initial_num_ions=0, executable=True, measureable=True)
Trap(id='trap_2', max_num_ions=2, initial_num_ions=0, executable=True, measureable=True)
Trap(id='trap_3', max_num_ions=2, initial_num_ions=0, executable=True, measureable=True)
Trap(id='trap_4', max_num_ions=2, initial_num_ions=0, executable=True, measureable=True)
Trap(id='trap_5', max_num_ions=2, initial_num_ions=0, executable=True, measureable=True)
### Junctions ### 
Junction(id='junction_0')
Junction(id='junction_1')
Junction(id='junction_2')
### Segments ### 
Segment(id='segment_0', left=Trap(id='trap_0', max_num_ions=2, initial_num_ions=0, executable=True, measureable=True), right=Junction(id='junction_0'))
Segment(id='segment_1', left=Trap(id='trap_5', max_num_ions=2, initial_num_ions=0, executable=True, measureable=True), right=Junction(id='junction_0'))
Segment(id='segment_2', left=Trap(id='trap_1', max_num_ions=2, initial_num_ions=0, executable=True, measureable=True), right=Junction(id='junction_1'))
Segment(id='segment_3', left=Trap(id='trap_4', max_num_ions=2, initial_num_ions=0, executable=True, measureable=True), right=Junction(id='junction_1'))
Segment(id='segment_4', left=Trap(id='trap_2', max_num_ions=2, initial_num_ions=0, executable=True, measureable=True), right=Junction(id='junction_2'))
Segment(id='segment_5', left=Trap(id='trap_3', max_num_ions=2, initial_num_ions=0, executable=True, measureable=True), right=Junction(id='junction_2'))
Segment(id='segment_6', left=Junction(id='junction_0'), right=Junction(id='junction_1'))
Segment(id='segment_7', left=Junction(id='junction_1'), right=Junction(id='junction_2'))
Finished creating the QCCD physical machine.
Position graph:  CouplingGraph({(7, 17), (12, 13), (14, 19), (8, 9), (5, 16), (1, 12), (16, 19), (18, 19), (4, 5), (14, 18), (12, 18), (14, 15), (0, 1), (10, 11), (11, 13), (6, 7), (15, 19), (3, 14), (17, 19), (9, 15), (2, 3), (13, 18), (15, 18), (16, 17)})
Initial ion assignment:  {0: 9, 1: 5, 2: 11, 3: 7, 4: 10, 5: 4, 6: 2, 7: 0}
Congestion rate:  1.0
Scheduling QCCD: 2600012280.0000005 us, costing 14.980252599925734 s to compile
2600.0122800000004
14.980252599925734
{0: 5, 1: 16, 2: 6, 3: 0, 4: 2, 5: 14, 6: 9, 7: 8}
[0, 1, 2, 3, 4, 5, 6, 7]
