Best move: (5, 16)
Best move: (16, 19)
Best move: (18, 19)
Best move: (13, 18)
Best move: (8, 9)
Best move: (9, 15)
Try bruteforce due to multiple steps (6) to solve one gate
Trying to solve brute-force congestion at gate [2, 0] with {0: 13, 1: 2, 2: 8, 3: 15, 4: 6, 5: 0, 6: 4, 7: 10}
Trying to moving ion 0... to 0
Ion assignment after moving ion 0: {0: 13, 1: 2, 2: 8, 3: 15, 4: 6, 5: 0, 6: 4, 7: 10}
Gate position gate updated to [0 2]--------------c
Trying to moving ion 2... to 1
Ion assignment after moving ion 2: {0: 13, 1: 1, 2: 8, 3: 15, 4: 6, 5: 0, 6: 4, 7: 10}
Executing gate at point (0, 1).
Best move: (15, 19)
Best move: (16, 19)
Best move: (5, 16)
Executing gate at point (0, 3).
Best move: (0, 1)
Best move: (1, 12)
Best move: (12, 18)
Best move: (15, 18)
Best move: (9, 15)
Executing gate at point (1, 2).
Best move: (4, 5)
Best move: (5, 16)
Best move: (16, 17)
Best move: (7, 17)
Executing gate at point (1, 4).
Best move: (11, 13)
Executing gate at point (0, 0).
Best move: (10, 11)
Best move: (11, 13)
Best move: (12, 13)
Best move: (1, 12)
Executing gate at point (1, 1).
Best move: (1, 12)
Best move: (12, 18)
Best move: (18, 19)
Best move: (16, 19)
Best move: (5, 16)
Executing gate at point (2, 3).
Best move: (5, 16)
Best move: (6, 7)
Best move: (7, 17)
Best move: (16, 19)
Best move: (14, 19)
Best move: (17, 19)
Try bruteforce due to multiple steps (6) to solve one gate
Trying to solve brute-force congestion at gate [19, 14] with {0: 10, 1: 0, 2: 8, 3: 4, 4: 19, 5: 9, 6: 6, 7: 14}
Trying to moving ion 14... to 2
Ion assignment after moving ion 14: {0: 10, 1: 0, 2: 8, 3: 4, 4: 19, 5: 9, 6: 6, 7: 2}
Gate position gate updated to [ 2 19]--------------c
Trying to moving ion 19... to 3
Ion assignment after moving ion 19: {0: 10, 1: 0, 2: 8, 3: 4, 4: 3, 5: 9, 6: 6, 7: 2}
Executing gate at point (3, 4).
Trying to solve brute-force congestion at gate [9, 2] with {0: 10, 1: 0, 2: 8, 3: 4, 4: 3, 5: 9, 6: 6, 7: 2}
Trying to moving ion 2... to 2
Ion assignment after moving ion 2: {0: 10, 1: 0, 2: 8, 3: 4, 4: 3, 5: 9, 6: 6, 7: 2}
Clearing endpoint 3.........
Gate position gate updated to [2 9]--------------c
Trying to moving ion 9... to 3
Ion assignment after moving ion 9: {0: 10, 1: 0, 2: 8, 3: 4, 4: 19, 5: 3, 6: 6, 7: 2}
Executing gate at point (4, 5).
Trying to solve brute-force congestion at gate [14, 2] with {0: 10, 1: 0, 2: 8, 3: 4, 4: 14, 5: 9, 6: 6, 7: 2}
Trying to moving ion 2... to 2
Ion assignment after moving ion 2: {0: 10, 1: 0, 2: 8, 3: 4, 4: 14, 5: 9, 6: 6, 7: 2}
Gate position gate updated to [ 2 14]--------------c
Trying to moving ion 14... to 3
Ion assignment after moving ion 14: {0: 10, 1: 0, 2: 8, 3: 4, 4: 3, 5: 9, 6: 6, 7: 2}
Trying to solve brute-force congestion at gate [4, 2] with {0: 10, 1: 0, 2: 8, 3: 4, 4: 3, 5: 9, 6: 6, 7: 2}
Trying to moving ion 4... to 4
Ion assignment after moving ion 4: {0: 10, 1: 0, 2: 8, 3: 4, 4: 3, 5: 9, 6: 6, 7: 2}
Gate position gate updated to [4 2]--------------c
Trying to moving ion 2... to 5
Ion assignment after moving ion 2: {0: 10, 1: 0, 2: 8, 3: 4, 4: 2, 5: 9, 6: 6, 7: 5}
Trying to solve brute-force congestion at gate [0, 5] with {0: 10, 1: 0, 2: 8, 3: 4, 4: 2, 5: 9, 6: 6, 7: 5}
Trying to moving ion 0... to 0
Ion assignment after moving ion 0: {0: 10, 1: 0, 2: 8, 3: 4, 4: 2, 5: 9, 6: 6, 7: 5}
Gate position gate updated to [0 5]--------------c
Trying to moving ion 5... to 1
Ion assignment after moving ion 5: {0: 10, 1: 0, 2: 8, 3: 4, 4: 2, 5: 9, 6: 6, 7: 1}
Trying to solve brute-force congestion at gate [0, 9] with {0: 10, 1: 0, 2: 8, 3: 4, 4: 2, 5: 9, 6: 6, 7: 1}
Trying to moving ion 0... to 0
Ion assignment after moving ion 0: {0: 10, 1: 0, 2: 8, 3: 4, 4: 2, 5: 9, 6: 6, 7: 1}
Clearing endpoint 1.........
Gate position gate updated to [0 9]--------------c
Trying to moving ion 9... to 1
Ion assignment after moving ion 9: {0: 10, 1: 0, 2: 8, 3: 4, 4: 2, 5: 1, 6: 6, 7: 13}
Trying to solve brute-force congestion at gate [2, 6] with {0: 10, 1: 0, 2: 8, 3: 4, 4: 2, 5: 1, 6: 6, 7: 13}
Trying to moving ion 2... to 2
Ion assignment after moving ion 2: {0: 10, 1: 0, 2: 8, 3: 4, 4: 2, 5: 1, 6: 6, 7: 13}
Gate position gate updated to [2 6]--------------c
Trying to moving ion 6... to 3
Ion assignment after moving ion 6: {0: 10, 1: 0, 2: 8, 3: 4, 4: 2, 5: 1, 6: 3, 7: 13}
Trying to solve brute-force congestion at gate [4, 3] with {0: 10, 1: 0, 2: 8, 3: 4, 4: 2, 5: 1, 6: 3, 7: 13}
Trying to moving ion 4... to 4
Ion assignment after moving ion 4: {0: 10, 1: 0, 2: 8, 3: 4, 4: 2, 5: 1, 6: 3, 7: 13}
Gate position gate updated to [4 3]--------------c
Trying to moving ion 3... to 5
Ion assignment after moving ion 3: {0: 10, 1: 0, 2: 8, 3: 4, 4: 2, 5: 1, 6: 5, 7: 13}
Trying to solve brute-force congestion at gate [10, 13] with {0: 10, 1: 0, 2: 8, 3: 4, 4: 2, 5: 1, 6: 5, 7: 13}
Trying to moving ion 10... to 10
Ion assignment after moving ion 10: {0: 10, 1: 0, 2: 8, 3: 4, 4: 2, 5: 1, 6: 5, 7: 13}
Gate position gate updated to [10 13]--------------c
Trying to moving ion 13... to 11
Ion assignment after moving ion 13: {0: 10, 1: 0, 2: 8, 3: 4, 4: 2, 5: 1, 6: 5, 7: 11}
Executing gate at point (0, 1).
Executing gate at point (0, 3).
Executing gate at point (0, 0).
Best move: (1, 12)
Best move: (11, 13)
Best move: (5, 16)
Best move: (12, 18)
Best move: (15, 18)
Best move: (13, 18)
Try bruteforce due to multiple steps (6) to solve one gate
Trying to solve brute-force congestion at gate [8, 15] with {0: 10, 1: 0, 2: 8, 3: 4, 4: 2, 5: 15, 6: 16, 7: 18}
Trying to moving ion 8... to 8
Ion assignment after moving ion 8: {0: 10, 1: 0, 2: 8, 3: 4, 4: 2, 5: 15, 6: 16, 7: 18}
Gate position gate updated to [ 8 15]--------------c
Trying to moving ion 15... to 9
Ion assignment after moving ion 15: {0: 10, 1: 0, 2: 8, 3: 4, 4: 2, 5: 9, 6: 16, 7: 18}
Executing gate at point (1, 2).
Best move: (16, 19)
Best move: (14, 19)
Best move: (12, 18)
Best move: (1, 12)
Executing gate at point (1, 1).
Best move: (1, 12)
Best move: (12, 18)
Best move: (18, 19)
Best move: (16, 19)
Best move: (5, 16)
Executing gate at point (2, 3).
Best move: (3, 14)
Executing gate at point (1, 4).
Best move: (5, 16)
Best move: (2, 3)
Best move: (3, 14)
Best move: (14, 19)
Best move: (16, 17)
Best move: (7, 17)
Try bruteforce due to multiple steps (6) to solve one gate
Trying to solve brute-force congestion at gate [19, 7] with {0: 10, 1: 0, 2: 8, 3: 4, 4: 19, 5: 9, 6: 2, 7: 7}
Trying to moving ion 7... to 6
Ion assignment after moving ion 7: {0: 10, 1: 0, 2: 8, 3: 4, 4: 19, 5: 9, 6: 2, 7: 6}
Gate position gate updated to [ 6 19]--------------c
Trying to moving ion 19... to 7
Ion assignment after moving ion 19: {0: 10, 1: 0, 2: 8, 3: 4, 4: 7, 5: 9, 6: 2, 7: 6}
Executing gate at point (3, 4).
Trying to solve brute-force congestion at gate [9, 6] with {0: 10, 1: 0, 2: 8, 3: 4, 4: 7, 5: 9, 6: 2, 7: 6}
Trying to moving ion 6... to 6
Ion assignment after moving ion 6: {0: 10, 1: 0, 2: 8, 3: 4, 4: 7, 5: 9, 6: 2, 7: 6}
Clearing endpoint 7.........
Gate position gate updated to [6 9]--------------c
Trying to moving ion 9... to 7
Ion assignment after moving ion 9: {0: 10, 1: 0, 2: 8, 3: 4, 4: 16, 5: 7, 6: 2, 7: 6}
Executing gate at point (4, 5).
Trying to solve brute-force congestion at gate [17, 7] with {0: 10, 1: 0, 2: 8, 3: 4, 4: 17, 5: 9, 6: 2, 7: 7}
Trying to moving ion 7... to 6
Ion assignment after moving ion 7: {0: 10, 1: 0, 2: 8, 3: 4, 4: 17, 5: 9, 6: 2, 7: 6}
Gate position gate updated to [ 6 17]--------------c
Trying to moving ion 17... to 7
Ion assignment after moving ion 17: {0: 10, 1: 0, 2: 8, 3: 4, 4: 7, 5: 9, 6: 2, 7: 6}
Trying to solve brute-force congestion at gate [4, 6] with {0: 10, 1: 0, 2: 8, 3: 4, 4: 7, 5: 9, 6: 2, 7: 6}
Trying to moving ion 4... to 4
Ion assignment after moving ion 4: {0: 10, 1: 0, 2: 8, 3: 4, 4: 7, 5: 9, 6: 2, 7: 6}
Gate position gate updated to [4 6]--------------c
Trying to moving ion 6... to 5
Ion assignment after moving ion 6: {0: 10, 1: 0, 2: 8, 3: 4, 4: 6, 5: 9, 6: 2, 7: 5}
Trying to solve brute-force congestion at gate [0, 5] with {0: 10, 1: 0, 2: 8, 3: 4, 4: 6, 5: 9, 6: 2, 7: 5}Input filename:  QAOA_wsq_8_compiled
Algorithm:  SHAPER
Trap type:  G2x3
Trap capacity:  2
Num layout passes:  2
Gate type:  FM
Run index:  3
Creating a QCCD machine ...
QCCD physical machine:
### Traps ### 
Trap(id='trap_0', max_num_ions=2, initial_num_ions=0, executable=True, measureable=True)
Trap(id='trap_1', max_num_ions=2, initial_num_ions=0, executable=True, measureable=True)
Trap(id='trap_2', max_num_ions=2, initial_num_ions=0, executable=True, measureable=True)
Trap(id='trap_3', max_num_ions=2, initial_num_ions=0, executable=True, measureable=True)
Trap(id='trap_4', max_num_ions=2, initial_num_ions=0, executable=True, measureable=True)
Trap(id='trap_5', max_num_ions=2, initial_num_ions=0, executable=True, measureable=True)
### Junctions ### 
Junction(id='junction_0')
Junction(id='junction_1')
Junction(id='junction_2')
### Segments ### 
Segment(id='segment_0', left=Trap(id='trap_0', max_num_ions=2, initial_num_ions=0, executable=True, measureable=True), right=Junction(id='junction_0'))
Segment(id='segment_1', left=Trap(id='trap_5', max_num_ions=2, initial_num_ions=0, executable=True, measureable=True), right=Junction(id='junction_0'))
Segment(id='segment_2', left=Trap(id='trap_1', max_num_ions=2, initial_num_ions=0, executable=True, measureable=True), right=Junction(id='junction_1'))
Segment(id='segment_3', left=Trap(id='trap_4', max_num_ions=2, initial_num_ions=0, executable=True, measureable=True), right=Junction(id='junction_1'))
Segment(id='segment_4', left=Trap(id='trap_2', max_num_ions=2, initial_num_ions=0, executable=True, measureable=True), right=Junction(id='junction_2'))
Segment(id='segment_5', left=Trap(id='trap_3', max_num_ions=2, initial_num_ions=0, executable=True, measureable=True), right=Junction(id='junction_2'))
Segment(id='segment_6', left=Junction(id='junction_0'), right=Junction(id='junction_1'))
Segment(id='segment_7', left=Junction(id='junction_1'), right=Junction(id='junction_2'))
Finished creating the QCCD physical machine.
Position graph:  CouplingGraph({(7, 17), (12, 13), (14, 19), (8, 9), (5, 16), (1, 12), (16, 19), (18, 19), (4, 5), (14, 18), (12, 18), (14, 15), (0, 1), (10, 11), (11, 13), (6, 7), (15, 19), (3, 14), (17, 19), (9, 15), (2, 3), (13, 18), (15, 18), (16, 17)})
Initial ion assignment:  {0: 5, 1: 2, 2: 9, 3: 8, 4: 6, 5: 0, 6: 4, 7: 10}
Congestion rate:  1.0
Scheduling QCCD: 2360.0 us, costing 6.098008299944922 s to compile
0.0023599999999999997
6.098008299944922
{0: 10, 1: 0, 2: 8, 3: 4, 4: 2, 5: 1, 6: 5, 7: 11}
[0, 1, 2, 3, 4, 5, 6, 7]
