Best move: (3, 14)
Best move: (11, 13)
Best move: (1, 12)
Best move: (14, 18)
Best move: (4, 5)
Best move: (15, 18)
Try bruteforce due to multiple steps (6) to solve one gate
Trying to solve brute-force congestion at gate [15, 10] with {0: 2, 1: 15, 2: 6, 3: 13, 4: 0, 5: 10, 6: 4, 7: 12}
Trying to moving ion 10... to 10
Ion assignment after moving ion 10: {0: 2, 1: 15, 2: 6, 3: 13, 4: 0, 5: 10, 6: 4, 7: 12}
Gate position gate updated to [10 15]--------------c
Trying to moving ion 15... to 11
Ion assignment after moving ion 15: {0: 2, 1: 11, 2: 6, 3: 12, 4: 0, 5: 10, 6: 4, 7: 1}
Executing gate at point (0, 1).
Executing gate at point (1, 1).
Best move: (12, 18)
Best move: (18, 19)
Best move: (16, 19)
Best move: (1, 12)
Best move: (12, 18)
Best move: (14, 18)
Try bruteforce due to multiple steps (6) to solve one gate
Trying to solve brute-force congestion at gate [16, 4] with {0: 2, 1: 11, 2: 6, 3: 16, 4: 0, 5: 10, 6: 4, 7: 14}
Trying to moving ion 4... to 4
Ion assignment after moving ion 4: {0: 2, 1: 11, 2: 6, 3: 16, 4: 0, 5: 10, 6: 4, 7: 14}
Gate position gate updated to [ 4 16]--------------c
Trying to moving ion 16... to 5
Ion assignment after moving ion 16: {0: 2, 1: 11, 2: 6, 3: 5, 4: 0, 5: 10, 6: 4, 7: 14}
Executing gate at point (0, 3).
Executing gate at point (1, 3).
Best move: (4, 5)
Best move: (5, 16)
Best move: (16, 19)
Best move: (18, 19)
Best move: (12, 18)
Best move: (1, 12)
Try bruteforce due to multiple steps (6) to solve one gate
Trying to solve brute-force congestion at gate [6, 10] with {0: 2, 1: 11, 2: 6, 3: 4, 4: 0, 5: 10, 6: 1, 7: 14}
Trying to moving ion 6... to 6
Ion assignment after moving ion 6: {0: 2, 1: 11, 2: 6, 3: 4, 4: 0, 5: 10, 6: 1, 7: 14}
Gate position gate updated to [ 6 10]--------------c
Trying to moving ion 10... to 7
Ion assignment after moving ion 10: {0: 2, 1: 10, 2: 6, 3: 4, 4: 0, 5: 7, 6: 1, 7: 14}
Executing gate at point (2, 2).
Executing gate at point (2, 4).
Executing gate at point (3, 4).
Executing gate at point (3, 2).
Best move: (3, 14)
Executing gate at point (0, 0).
Executing gate at point (1, 0).
Best move: (3, 14)
Best move: (14, 18)
Best move: (13, 18)
Best move: (11, 13)
Executing gate at point (2, 1).
Executing gate at point (3, 1).
Best move: (11, 13)
Best move: (13, 18)
Best move: (18, 19)
Best move: (16, 19)
Best move: (5, 16)
Executing gate at point (4, 3).
Executing gate at point (5, 3).
Best move: (5, 16)
Best move: (16, 19)
Best move: (0, 1)
Best move: (1, 12)
Best move: (12, 18)
Best move: (15, 19)
Try bruteforce due to multiple steps (6) to solve one gate
Trying to solve brute-force congestion at gate [18, 15] with {0: 2, 1: 10, 2: 6, 3: 4, 4: 18, 5: 7, 6: 0, 7: 15}
Trying to moving ion 15... to 8
Ion assignment after moving ion 15: {0: 2, 1: 10, 2: 6, 3: 4, 4: 18, 5: 7, 6: 0, 7: 8}
Gate position gate updated to [ 8 18]--------------c
Trying to moving ion 18... to 9
Ion assignment after moving ion 18: {0: 2, 1: 10, 2: 6, 3: 4, 4: 9, 5: 7, 6: 0, 7: 8}
Executing gate at point (6, 4).
Executing gate at point (7, 4).
Trying to solve brute-force congestion at gate [7, 8] with {0: 2, 1: 10, 2: 6, 3: 4, 4: 9, 5: 7, 6: 0, 7: 8}
Trying to moving ion 8... to 8
Ion assignment after moving ion 8: {0: 2, 1: 10, 2: 6, 3: 4, 4: 9, 5: 7, 6: 0, 7: 8}
Clearing endpoint 9.........
Gate position gate updated to [8 7]--------------c
Trying to moving ion 7... to 9
Ion assignment after moving ion 7: {0: 2, 1: 10, 2: 6, 3: 4, 4: 18, 5: 9, 6: 0, 7: 8}
Executing gate at point (8, 5).
Executing gate at point (9, 5).
Trying to solve brute-force congestion at gate [15, 9] with {0: 2, 1: 10, 2: 6, 3: 4, 4: 15, 5: 7, 6: 0, 7: 9}
Trying to moving ion 9... to 8
Ion assignment after moving ion 9: {0: 2, 1: 10, 2: 6, 3: 4, 4: 15, 5: 7, 6: 0, 7: 8}
Gate position gate updated to [ 8 15]--------------c
Trying to moving ion 15... to 9
Ion assignment after moving ion 15: {0: 2, 1: 10, 2: 6, 3: 4, 4: 9, 5: 7, 6: 0, 7: 8}
Trying to solve brute-force congestion at gate [9, 8] with {0: 2, 1: 10, 2: 6, 3: 4, 4: 9, 5: 7, 6: 0, 7: 8}
Trying to moving ion 9... to 8
Ion assignment after moving ion 9: {0: 2, 1: 10, 2: 6, 3: 4, 4: 8, 5: 7, 6: 0, 7: 9}
Gate position gate updated to [8 9]--------------c
Trying to moving ion 9... to 9
Ion assignment after moving ion 9: {0: 2, 1: 10, 2: 6, 3: 4, 4: 8, 5: 7, 6: 0, 7: 9}
Trying to solve brute-force congestion at gate [4, 9] with {0: 2, 1: 10, 2: 6, 3: 4, 4: 8, 5: 7, 6: 0, 7: 9}
Trying to moving ion 4... to 4
Ion assignment after moving ion 4: {0: 2, 1: 10, 2: 6, 3: 4, 4: 8, 5: 7, 6: 0, 7: 9}
Gate position gate updated to [4 9]--------------c
Trying to moving ion 9... to 5
Ion assignment after moving ion 9: {0: 2, 1: 10, 2: 6, 3: 4, 4: 8, 5: 7, 6: 0, 7: 5}
Trying to solve brute-force congestion at gate [8, 0] with {0: 2, 1: 10, 2: 6, 3: 4, 4: 8, 5: 7, 6: 0, 7: 5}
Trying to moving ion 0... to 0
Ion assignment after moving ion 0: {0: 2, 1: 10, 2: 6, 3: 4, 4: 8, 5: 7, 6: 0, 7: 5}
Gate position gate updated to [0 8]--------------c
Trying to moving ion 8... to 1
Ion assignment after moving ion 8: {0: 2, 1: 10, 2: 6, 3: 4, 4: 1, 5: 7, 6: 0, 7: 5}
Trying to solve brute-force congestion at gate [10, 5] with {0: 2, 1: 10, 2: 6, 3: 4, 4: 1, 5: 7, 6: 0, 7: 5}
Trying to moving ion 10... to 10
Ion assignment after moving ion 10: {0: 2, 1: 10, 2: 6, 3: 4, 4: 1, 5: 7, 6: 0, 7: 5}
Gate position gate updated to [10  5]--------------c
Trying to moving ion 5... to 11
Ion assignment after moving ion 5: {0: 2, 1: 10, 2: 6, 3: 4, 4: 1, 5: 7, 6: 0, 7: 11}
Trying to solve brute-force congestion at gate [4, 0] with {0: 2, 1: 10, 2: 6, 3: 4, 4: 1, 5: 7, 6: 0, 7: 11}
Trying to moving ion 4... to 4
Ion assignment after moving ion 4: {0: 2, 1: 10, 2: 6, 3: 4, 4: 1, 5: 7, 6: 0, 7: 11}
Gate position gate updated to [4 0]--------------c
Trying to moving ion 0... to 5
Ion assignment after moving ion 0: {0: 2, 1: 10, 2: 6, 3: 4, 4: 0, 5: 7, 6: 5, 7: 11}
Trying to solve brute-force congestion at gate [2, 11] with {0: 2, 1: 10, 2: 6, 3: 4, 4: 0, 5: 7, 6: 5, 7: 11}
Trying to moving ion 2... to 2
Ion assignment after moving ion 2: {0: 2, 1: 10, 2: 6, 3: 4, 4: 0, 5: 7, 6: 5, 7: 11}
Gate position gate updated to [ 2 11]--------------c
Trying to moving ion 11... to 3
Ion assignment after moving ion 11: {0: 2, 1: 10, 2: 6, 3: 4, 4: 0, 5: 7, 6: 5, 7: 3}
Trying to solve brute-force congestion at gate [10, 7] with {0: 2, 1: 10, 2: 6, 3: 4, 4: 0, 5: 7, 6: 5, 7: 3}
Trying to moving ion 10... to 10
Ion assignment after moving ion 10: {0: 2, 1: 10, 2: 6, 3: 4, 4: 0, 5: 7, 6: 5, 7: 3}
Gate position gate updated to [10  7]--------------c
Trying to moving ion 7... to 11
Ion assignment after moving ion 7: {0: 2, 1: 10, 2: 6, 3: 4, 4: 0, 5: 11, 6: 5, 7: 3}
Trying to solve brute-force congestion at gate [10, 11] with {0: 2, 1: 10, 2: 6, 3: 4, 4: 0, 5: 11, 6: 5, 7: 3}
Trying to moving ion 10... to 10
Ion assignment after moving ion 10: {0: 2, 1: 10, 2: 6, 3: 4, 4: 0, 5: 11, 6: 5, 7: 3}
Gate position gate updated to [10 11]--------------c
Trying to moving ion 11... to 11
Ion assignment after moving ion 11: {0: 2, 1: 10, 2: 6, 3: 4, 4: 0, 5: 11, 6: 5, 7: 3}
Executing gate at point (0, 1).
Executing gate at point (0, 3).
Executing gate at point (0, 0).
Executing gate at point (1, 0).
Executing gate at point (1, 1).
Executing gate at point (1, 3).
Best move: (11, 13)
Best move: (3, 14)
Best move: (5, 16)
Best move: (16, 19)
Best move: (18, 19)
Best move: (12, 18)
Try bruteforce due to multiple steps (6) to solve one gate
Trying to solve brute-force congestion at gate [0, 12] with {0: 2, 1: 10, 2: 6, 3: 4, 4: 0, 5: 13, 6: 12, 7: 14}
Trying to moving ion 0... to 0
Ion assignment after moving ion 0: {0: 2, 1: 10, 2: 6, 3: 4, 4: 0, 5: 13, 6: 12, 7: 14}
Gate position gate updated to [ 0 12]--------------c
Trying to moving ion 12... to 1
Ion assignment after moving ion 12: {0: 2, 1: 10, 2: 6, 3: 4, 4: 0, 5: 13, 6: 1, 7: 14}
Executing gate at point (2, 4).
Executing gate at point (3, 4).
Best move: (13, 18)
Best move: (18, 19)
Best move: (14, 18)
Best move: (17, 19)
Best move: (7, 17)Input filename:  QAOA_wsq_8_compiled
Algorithm:  SHAW
Trap type:  G2x3
Trap capacity:  2
Num layout passes:  2
Gate type:  FM
Run index:  6
Creating a QCCD machine ...
QCCD physical machine:
### Traps ### 
Trap(id='trap_0', max_num_ions=2, initial_num_ions=0, executable=True, measureable=True)
Trap(id='trap_1', max_num_ions=2, initial_num_ions=0, executable=True, measureable=True)
Trap(id='trap_2', max_num_ions=2, initial_num_ions=0, executable=True, measureable=True)
Trap(id='trap_3', max_num_ions=2, initial_num_ions=0, executable=True, measureable=True)
Trap(id='trap_4', max_num_ions=2, initial_num_ions=0, executable=True, measureable=True)
Trap(id='trap_5', max_num_ions=2, initial_num_ions=0, executable=True, measureable=True)
### Junctions ### 
Junction(id='junction_0')
Junction(id='junction_1')
Junction(id='junction_2')
### Segments ### 
Segment(id='segment_0', left=Trap(id='trap_0', max_num_ions=2, initial_num_ions=0, executable=True, measureable=True), right=Junction(id='junction_0'))
Segment(id='segment_1', left=Trap(id='trap_5', max_num_ions=2, initial_num_ions=0, executable=True, measureable=True), right=Junction(id='junction_0'))
Segment(id='segment_2', left=Trap(id='trap_1', max_num_ions=2, initial_num_ions=0, executable=True, measureable=True), right=Junction(id='junction_1'))
Segment(id='segment_3', left=Trap(id='trap_4', max_num_ions=2, initial_num_ions=0, executable=True, measureable=True), right=Junction(id='junction_1'))
Segment(id='segment_4', left=Trap(id='trap_2', max_num_ions=2, initial_num_ions=0, executable=True, measureable=True), right=Junction(id='junction_2'))
Segment(id='segment_5', left=Trap(id='trap_3', max_num_ions=2, initial_num_ions=0, executable=True, measureable=True), right=Junction(id='junction_2'))
Segment(id='segment_6', left=Junction(id='junction_0'), right=Junction(id='junction_1'))
Segment(id='segment_7', left=Junction(id='junction_1'), right=Junction(id='junction_2'))
Finished creating the QCCD physical machine.
Position graph:  CouplingGraph({(7, 17), (12, 13), (14, 19), (8, 9), (5, 16), (1, 12), (16, 19), (18, 19), (4, 5), (14, 18), (12, 18), (14, 15), (0, 1), (10, 11), (11, 13), (6, 7), (15, 19), (3, 14), (17, 19), (9, 15), (2, 3), (13, 18), (15, 18), (16, 17)})
Initial ion assignment:  {0: 2, 1: 3, 2: 6, 3: 11, 4: 0, 5: 10, 6: 5, 7: 1}
Congestion rate:  1.0
Scheduling QCCD: 3000.0 us, costing 4.091933500021696 s to compile
0.003
4.091933500021696
{0: 2, 1: 10, 2: 6, 3: 4, 4: 0, 5: 11, 6: 5, 7: 3}
[0, 1, 2, 3, 4, 5, 6, 7]
