Executing gate at point (0, 2).
Executing gate at point (0, 4).
Executing gate at point (0, 6).
Executing gate at point (0, 0).
Executing gate at point (1, 4).
Executing gate at point (2, 4).
Executing gate at point (2, 5).
Executing gate at point (3, 4).
Executing gate at point (4, 4).
Executing gate at point (4, 5).
Best move: (5, 20)
Best move: (20, 21)
Best move: (14, 21)
Executing gate at point (1, 6).
Executing gate at point (2, 7).
Executing gate at point (2, 6).
Executing gate at point (3, 6).
Executing gate at point (4, 7).
Executing gate at point (4, 6).
Best move: (11, 23)
Best move: (17, 19)
Best move: (23, 25)
Best move: (20, 25)
Best move: (5, 20)
Executing gate at point (1, 2).
Executing gate at point (2, 3).
Executing gate at point (2, 2).
Executing gate at point (3, 2).
Executing gate at point (4, 3).
Executing gate at point (4, 2).
Best move: (5, 20)
Best move: (13, 14)
Best move: (14, 21)
Best move: (21, 24)
Best move: (18, 24)
Best move: (2, 18)
Executing gate at point (5, 5).
Executing gate at point (6, 5).
Executing gate at point (6, 6).
Executing gate at point (7, 5).
Executing gate at point (8, 5).
Executing gate at point (8, 6).
Best move: (2, 18)
Best move: (18, 24)
Best move: (21, 24)
Best move: (14, 21)
Executing gate at point (9, 6).
Executing gate at point (10, 7).
Executing gate at point (10, 6).
Executing gate at point (11, 6).
Executing gate at point (12, 6).
Best move: (19, 24)
Best move: (24, 25)
Best move: (22, 25)
Best move: (8, 22)
Executing gate at point (1, 0).
Executing gate at point (2, 0).
Executing gate at point (2, 1).
Executing gate at point (3, 0).
Executing gate at point (4, 0).
Executing gate at point (4, 1).
Best move: (20, 24)
Best move: (18, 24)
Best move: (2, 18)
Executing gate at point (5, 3).
Executing gate at point (6, 3).
Executing gate at point (6, 4).
Executing gate at point (7, 3).
Executing gate at point (8, 3).
Executing gate at point (8, 4).
Executing gate at point (9, 4).
Executing gate at point (10, 4).
Executing gate at point (10, 5).
Executing gate at point (11, 4).
Executing gate at point (12, 4).
Executing gate at point (12, 5).
Best move: (1, 2)
Best move: (2, 18)
Best move: (18, 24)
Best move: (21, 24)
Best move: (6, 7)
Best move: (7, 8)
Best move: (8, 22)
Best move: (22, 25)
Try bruteforce due to multiple steps (8) to solve one gate
Trying to solve brute-force congestion at gate [21, 14] with {0: 7, 1: 25, 2: 4, 3: 1, 4: 0, 5: 21, 6: 14, 7: 13}
Trying to moving ion 14... to 12
Ion assignment after moving ion 14: {0: 7, 1: 25, 2: 4, 3: 1, 4: 0, 5: 21, 6: 12, 7: 14}
Clearing endpoint 14.........
Gate position gate updated to [12 21]--------------c
Trying to moving ion 21... to 13
Ion assignment after moving ion 21: {0: 7, 1: 25, 2: 4, 3: 1, 4: 0, 5: 13, 6: 12, 7: 14}
Executing gate at point (13, 5).
Executing gate at point (14, 6).
Executing gate at point (14, 5).
Executing gate at point (15, 5).
Executing gate at point (16, 5).
Executing gate at point (16, 6).
Executing gate at point (17, 6).
Executing gate at point (18, 6).
Executing gate at point (18, 7).
Executing gate at point (19, 6).
Executing gate at point (20, 6).
Executing gate at point (20, 7).
Best move: (20, 25)
Best move: (5, 20)
Executing gate at point (5, 1).
Executing gate at point (6, 1).
Executing gate at point (6, 2).
Executing gate at point (7, 1).
Executing gate at point (8, 2).
Executing gate at point (8, 1).
Best move: (5, 20)
Best move: (20, 25)
Best move: (22, 25)
Best move: (8, 22)
Executing gate at point (9, 0).
Executing gate at point (10, 0).
Executing gate at point (10, 1).
Executing gate at point (11, 0).
Executing gate at point (12, 0).
Best move: (4, 5)
Best move: (5, 20)
Best move: (20, 24)
Best move: (18, 24)
Best move: (2, 18)
Executing gate at point (9, 2).
Executing gate at point (10, 2).
Executing gate at point (10, 3).
Executing gate at point (11, 2).
Executing gate at point (12, 2).
Executing gate at point (12, 3).
Executing gate at point (13, 3).
Executing gate at point (14, 3).
Executing gate at point (14, 4).
Executing gate at point (15, 3).
Executing gate at point (16, 3).
Executing gate at point (16, 4).
Best move: (2, 18)
Best move: (18, 24)
Best move: (24, 25)
Best move: (22, 25)
Best move: (7, 8)
Best move: (6, 7)
Best move: (6, 7)
Best move: (6, 7)
Try bruteforce due to multiple steps (8) to solve one gate
Trying to solve brute-force congestion at gate [6, 22] with {0: 8, 1: 6, 2: 22, 3: 1, 4: 0, 5: 13, 6: 12, 7: 14}
Trying to moving ion 6... to 6
Ion assignment after moving ion 6: {0: 8, 1: 6, 2: 22, 3: 1, 4: 0, 5: 13, 6: 12, 7: 14}
Clearing endpoint 8.........
Gate position gate updated to [ 6 22]--------------c
Trying to moving ion 22... to 7
Ion assignment after moving ion 22: {0: 8, 1: 6, 2: 7, 3: 1, 4: 0, 5: 13, 6: 12, 7: 14}
Executing gate at point (13, 1).
Executing gate at point (14, 1).
Executing gate at point (14, 2).
Executing gate at point (15, 1).
Executing gate at point (16, 1).
Executing gate at point (16, 2).
Executing gate at point (17, 0).
Executing gate at point (18, 1).
Executing gate at point (18, 0).
Executing gate at point (19, 0).
Executing gate at point (20, 1).
Executing gate at point (20, 0).
Best move: (7, 8)
Best move: (8, 22)
Best move: (22, 25)
Best move: (24, 25)
Best move: (18, 24)
Best move: (2, 18)
Executing gate at point (17, 2).
Executing gate at point (18, 3).
Executing gate at point (18, 2).
Executing gate at point (19, 2).
Executing gate at point (20, 2).
Executing gate at point (20, 3).
Best move: (2, 18)
Best move: (18, 24)
Best move: (24, 25)
Best move: (22, 25)
Best move: (8, 22)
Executing gate at point (21, 1).
Executing gate at point (22, 1).
Executing gate at point (22, 2).
Executing gate at point (23, 1).
Executing gate at point (24, 2).
Executing gate at point (24, 1).
Executing gate at point (25, 0).
Executing gate at point (26, 0).
Executing gate at point (26, 1).
Executing gate at point (27, 0).
Executing gate at point (28, 0).
Executing gate at point (28, 1).
Best move: (13, 14)
Best move: (14, 21)
Best move: (21, 24)
Best move: (18, 24)
Best move: (2, 18)
Executing gate at point (17, 4).
Executing gate at point (18, 4).
Executing gate at point (18, 5).
Executing gate at point (19, 4).
Executing gate at point (20, 5).
Executing gate at point (20, 4).
Executing gate at point (21, 3).
Executing gate at point (22, 3).
Executing gate at point (22, 4).
Executing gate at point (23, 3).
Executing gate at point (24, 3).
Executing gate at point (24, 4).
Best move: (2, 18)
Best move: (8, 22)
Best move: (22, 25)
Best move: (24, 25)
Best move: (19, 24)
Best move: (19, 24)
Best move: (19, 24)
Try bruteforce due to repeated pattern...
Trying to solve brute-force congestion at gate [19, 1] with {0: 7, 1: 6, 2: 19, 3: 1, 4: 0, 5: 18, 6: 12, 7: 13}
Trying to moving ion 1... to 0
Ion assignment after moving ion 1: {0: 7, 1: 6, 2: 19, 3: 0, 4: 1, 5: 18, 6: 12, 7: 13}
Gate position gate updated to [ 0 19]--------------c
Trying to moving ion 19... to 1
Ion assignment after moving ion 19: {0: 7, 1: 6, 2: 1, 3: 0, 4: 2, 5: 24, 6: 12, 7: 13}
Executing gate at point (25, 2).
Executing gate at point (26, 2).
Executing gate at point (26, 3).
Executing gate at point (27, 2).
Executing gate at point (28, 2).
Executing gate at point (28, 3).
Best move: (21, 24)
Best move: (1, 2)
Best move: (2, 18)
Best move: (18, 24)
Best move: (24, 25)
Best move: (22, 25)
Best move: (14, 21)
Executing gate at point (21, 5).
Executing gate at point (22, 5).
Executing gate at point (22, 6).
Executing gate at point (23, 5).
Executing gate at point (24, 5).
Executing gate at point (24, 6).
Executing gate at point (25, 6).
Executing gate at point (26, 7).
Executing gate at point (26, 6).
Executing gate at point (27, 6).
Executing gate at point (28, 7).
Executing gate at point (28, 6).
Best move: (14, 21)
Best move: (8, 22)
Executing gate at point (29, 1).
Executing gate at point (30, 2).
Executing gate at point (30, 1).
Executing gate at point (31, 1).
Executing gate at point (32, 1).
Executing gate at point (32, 2).
Best move: (21, 24)
Best move: (18, 24)
Best move: (2, 18)
Executing gate at point (25, 4).
Executing gate at point (26, 4).
Executing gate at point (26, 5).
Executing gate at point (27, 4).
Executing gate at point (28, 5).
Executing gate at point (28, 4).
Executing gate at point (29, 3).
Executing gate at point (30, 3).
Executing gate at point (30, 4).
Executing gate at point (31, 3).
Executing gate at point (32, 3).
Executing gate at point (32, 4).
Best move: (2, 18)
Best move: (18, 24)
Best move: (21, 24)
Best move: (14, 21)
Executing gate at point (29, 5).
Executing gate at point (30, 5).
Executing gate at point (30, 6).
Executing gate at point (31, 5).
Executing gate at point (32, 5).
Executing gate at point (32, 6).
Trying to solve brute-force congestion at gate [24, 0] with {0: 7, 1: 6, 2: 24, 3: 0, 4: 1, 5: 18, 6: 12, 7: 13}
Trying to moving ion 0... to 0
Ion assignment after moving ion 0: {0: 7, 1: 6, 2: 24, 3: 0, 4: 1, 5: 18, 6: 12, 7: 13}
Gate position gate updated to [ 0 24]--------------c
Trying to moving ion 24... to 1
Ion assignment after moving ion 24: {0: 7, 1: 6, 2: 1, 3: 0, 4: 2, 5: 19, 6: 12, 7: 13}
Trying to solve brute-force congestion at gate [2, 19] with {0: 7, 1: 6, 2: 1, 3: 0, 4: 2, 5: 19, 6: 12, 7: 13}
Trying to moving ion 2... to 0
Ion assignment after moving ion 2: {0: 7, 1: 6, 2: 2, 3: 1, 4: 0, 5: 19, 6: 12, 7: 13}
Clearing endpoint 2.........
Gate position gate updated to [ 0 19]--------------c
Trying to moving ion 19... to 1
Ion assignment after moving ion 19: {0: 7, 1: 6, 2: 24, 3: 2, 4: 0, 5: 1, 6: 12, 7: 13}
Trying to solve brute-force congestion at gate [1] with {0: 7, 1: 6, 2: 24, 3: 2, 4: 0, 5: 1, 6: 12, 7: 13}
Trying to moving ion 1... to 0
Ion assignment after moving ion 1: {0: 7, 1: 6, 2: 24, 3: 2, 4: 1, 5: 0, 6: 12, 7: 13}
Trying to solve brute-force congestion at gate [24] with {0: 7, 1: 6, 2: 24, 3: 2, 4: 1, 5: 0, 6: 12, 7: 13}
Trying to moving ion 24... to 3
Ion assignment after moving ion 24: {0: 7, 1: 6, 2: 3, 3: 2, 4: 1, 5: 0, 6: 12, 7: 13}
Trying to solve brute-force congestion at gate [1] with {0: 7, 1: 6, 2: 3, 3: 2, 4: 1, 5: 0, 6: 12, 7: 13}
Trying to moving ion 1... to 0
Ion assignment after moving ion 1: {0: 7, 1: 6, 2: 3, 3: 2, 4: 0, 5: 1, 6: 12, 7: 13}
Trying to solve brute-force congestion at gate [1, 12] with {0: 7, 1: 6, 2: 3, 3: 2, 4: 0, 5: 1, 6: 12, 7: 13}
Trying to moving ion 12... to 12
Ion assignment after moving ion 12: {0: 7, 1: 6, 2: 3, 3: 2, 4: 0, 5: 1, 6: 12, 7: 13}
Gate position gate updated to [12  1]--------------c
Trying to moving ion 1... to 13
Ion assignment after moving ion 1: {0: 7, 1: 6, 2: 3, 3: 1, 4: 0, 5: 13, 6: 12, 7: 14}
Trying to solve brute-force congestion at gate [3, 1] with {0: 7, 1: 6, 2: 3, 3: 1, 4: 0, 5: 13, 6: 12, 7: 14}
Trying to moving ion 3... to 3
Ion assignment after moving ion 3: {0: 7, 1: 6, 2: 3, 3: 1, 4: 0, 5: 13, 6: 12, 7: 14}
Gate position gate updated to [3 1]--------------c
Trying to moving ion 1... to 4
Ion assignment after moving ion 1: {0: 7, 1: 6, 2: 3, 3: 4, 4: 0, 5: 13, 6: 12, 7: 14}
Trying to solve brute-force congestion at gate [4] with {0: 7, 1: 6, 2: 3, 3: 4, 4: 0, 5: 13, 6: 12, 7: 14}
Trying to moving ion 4... to 3
Ion assignment after moving ion 4: {0: 7, 1: 6, 2: 4, 3: 3, 4: 0, 5: 13, 6: 12, 7: 14}
Trying to solve brute-force congestion at gate [13] with {0: 7, 1: 6, 2: 4, 3: 3, 4: 0, 5: 13, 6: 12, 7: 14}
Trying to moving ion 13... to 12
Ion assignment after moving ion 13: {0: 7, 1: 6, 2: 4, 3: 3, 4: 0, 5: 12, 6: 13, 7: 14}
Trying to solve brute-force congestion at gate [6, 4] with {0: 7, 1: 6, 2: 4, 3: 3, 4: 0, 5: 12, 6: 13, 7: 14}
Trying to moving ion 6... to 6
Ion assignment after moving ion 6: {0: 7, 1: 6, 2: 4, 3: 3, 4: 0, 5: 12, 6: 13, 7: 14}
Gate position gate updated to [6 4]--------------c
Trying to moving ion 4... to 7
Ion assignment after moving ion 4: {0: 8, 1: 6, 2: 7, 3: 3, 4: 0, 5: 12, 6: 13, 7: 14}
Trying to solve brute-force congestion at gate [7] with {0: 8, 1: 6, 2: 7, 3: 3, 4: 0, 5: 12, 6: 13, 7: 14}
Trying to moving ion 7... to 6
Ion assignment after moving ion 7: {0: 8, 1: 7, 2: 6, 3: 3, 4: 0, 5: 12, 6: 13, 7: 14}
Trying to solve brute-force congestion at gate [7, 6] with {0: 8, 1: 7, 2: 6, 3: 3, 4: 0, 5: 12, 6: 13, 7: 14}
Trying to moving ion 7... to 6
Ion assignment after moving ion 7: {0: 8, 1: 6, 2: 7, 3: 3, 4: 0, 5: 12, 6: 13, 7: 14}
Clearing endpoint 8.........
Gate position gate updated to [6 7]--------------c
Trying to moving ion 7... to 7
Ion assignment after moving ion 7: {0: 22, 1: 6, 2: 7, 3: 3, 4: 0, 5: 12, 6: 13, 7: 14}
Trying to solve brute-force congestion at gate [6] with {0: 22, 1: 6, 2: 7, 3: 3, 4: 0, 5: 12, 6: 13, 7: 14}
Trying to moving ion 6... to 6
Ion assignment after moving ion 6: {0: 22, 1: 6, 2: 7, 3: 3, 4: 0, 5: 12, 6: 13, 7: 14}
Trying to solve brute-force congestion at gate [3, 0] with {0: 22, 1: 6, 2: 7, 3: 3, 4: 0, 5: 12, 6: 13, 7: 14}
Trying to moving ion 0... to 0
Ion assignment after moving ion 0: {0: 22, 1: 6, 2: 7, 3: 3, 4: 0, 5: 12, 6: 13, 7: 14}
Gate position gate updated to [0 3]--------------c
Trying to moving ion 3... to 1
Ion assignment after moving ion 3: {0: 22, 1: 6, 2: 7, 3: 1, 4: 0, 5: 12, 6: 13, 7: 14}
Trying to solve brute-force congestion at gate [1] with {0: 22, 1: 6, 2: 7, 3: 1, 4: 0, 5: 12, 6: 13, 7: 14}
Trying to moving ion 1... to 0
Ion assignment after moving ion 1: {0: 22, 1: 6, 2: 7, 3: 0, 4: 1, 5: 12, 6: 13, 7: 14}
Trying to solve brute-force congestion at gate [0, 1] with {0: 22, 1: 6, 2: 7, 3: 0, 4: 1, 5: 12, 6: 13, 7: 14}
Trying to moving ion 0... to 0
Ion assignment after moving ion 0: {0: 22, 1: 6, 2: 7, 3: 0, 4: 1, 5: 12, 6: 13, 7: 14}
Gate position gate updated to [0 1]--------------c
Trying to moving ion 1... to 1
Ion assignment after moving ion 1: {0: 22, 1: 6, 2: 7, 3: 0, 4: 1, 5: 12, 6: 13, 7: 14}
Trying to solve brute-force congestion at gate [0] with {0: 22, 1: 6, 2: 7, 3: 0, 4: 1, 5: 12, 6: 13, 7: 14}
Trying to moving ion 0... to 0
Ion assignment after moving ion 0: {0: 22, 1: 6, 2: 7, 3: 0, 4: 1, 5: 12, 6: 13, 7: 14}
Trying to solve brute-force congestion at gate [1, 12] with {0: 22, 1: 6, 2: 7, 3: 0, 4: 1, 5: 12, 6: 13, 7: 14}
Trying to moving ion 12... to 12
Ion assignment after moving ion 12: {0: 22, 1: 6, 2: 7, 3: 0, 4: 1, 5: 12, 6: 13, 7: 14}
Clearing endpoint 14.........
Gate position gate updated to [12  1]--------------c
Trying to moving ion 1... to 13
Ion assignment after moving ion 1: {0: 22, 1: 6, 2: 7, 3: 0, 4: 13, 5: 12, 6: 14, 7: 25}
Trying to solve brute-force congestion at gate [13] with {0: 22, 1: 6, 2: 7, 3: 0, 4: 13, 5: 12, 6: 14, 7: 25}
Trying to moving ion 13... to 12
Ion assignment after moving ion 13: {0: 22, 1: 6, 2: 7, 3: 0, 4: 12, 5: 13, 6: 14, 7: 25}
Trying to solve brute-force congestion at gate [12, 13] with {0: 22, 1: 6, 2: 7, 3: 0, 4: 12, 5: 13, 6: 14, 7: 25}
Trying to moving ion 12... to 12
Ion assignment after moving ion 12: {0: 22, 1: 6, 2: 7, 3: 0, 4: 12, 5: 13, 6: 14, 7: 25}
Clearing endpoint 14.........
Gate position gate updated to [12 13]--------------c
Trying to moving ion 13... to 13
Ion assignment after moving ion 13: {0: 22, 1: 6, 2: 7, 3: 0, 4: 12, 5: 13, 6: 21, 7: 25}
Trying to solve brute-force congestion at gate [22, 6] with {0: 22, 1: 6, 2: 7, 3: 0, 4: 12, 5: 13, 6: 21, 7: 25}
Trying to moving ion 6... to 6
Ion assignment after moving ion 6: {0: 22, 1: 6, 2: 7, 3: 0, 4: 12, 5: 13, 6: 21, 7: 25}
Gate position gate updated to [ 6 22]--------------c
Trying to moving ion 22... to 7
Ion assignment after moving ion 22: {0: 7, 1: 6, 2: 8, 3: 0, 4: 12, 5: 13, 6: 21, 7: 25}
Trying to solve brute-force congestion at gate [13, 21] with {0: 7, 1: 6, 2: 8, 3: 0, 4: 12, 5: 13, 6: 21, 7: 25}
Trying to moving ion 13... to 12
Ion assignment after moving ion 13: {0: 7, 1: 6, 2: 8, 3: 0, 4: 13, 5: 12, 6: 21, 7: 25}
Gate position gate updated to [12 21]--------------c
Trying to moving ion 21... to 13
Ion assignment after moving ion 21: {0: 7, 1: 6, 2: 8, 3: 0, 4: 14, 5: 12, 6: 13, 7: 25}
Trying to solve brute-force congestion at gate [7, 6] with {0: 7, 1: 6, 2: 8, 3: 0, 4: 14, 5: 12, 6: 13, 7: 25}
Trying to moving ion 7... to 6
Ion assignment after moving ion 7: {0: 6, 1: 7, 2: 8, 3: 0, 4: 14, 5: 12, 6: 13, 7: 25}
Clearing endpoint 8.........
Gate position gate updated to [6 7]--------------c
Trying to moving ion 7... to 7
Ion assignment after moving ion 7: {0: 6, 1: 7, 2: 22, 3: 0, 4: 14, 5: 12, 6: 13, 7: 25}
Trying to solve brute-force congestion at gate [6] with {0: 6, 1: 7, 2: 22, 3: 0, 4: 14, 5: 12, 6: 13, 7: 25}
Trying to moving ion 6... to 6
Ion assignment after moving ion 6: {0: 6, 1: 7, 2: 22, 3: 0, 4: 14, 5: 12, 6: 13, 7: 25}
Trying to solve brute-force congestion at gate [13] with {0: 6, 1: 7, 2: 22, 3: 0, 4: 14, 5: 12, 6: 13, 7: 25}
Trying to moving ion 13... to 12
Ion assignment after moving ion 13: {0: 6, 1: 7, 2: 22, 3: 0, 4: 14, 5: 13, 6: 12, 7: 25}
Trying to solve brute-force congestion at gate [12, 25] with {0: 6, 1: 7, 2: 22, 3: 0, 4: 14, 5: 13, 6: 12, 7: 25}
Trying to moving ion 12... to 12
Ion assignment after moving ion 12: {0: 6, 1: 7, 2: 22, 3: 0, 4: 14, 5: 13, 6: 12, 7: 25}
Clearing endpoint 14.........
Gate position gate updated to [12 25]--------------c
Trying to moving ion 25... to 13
Ion assignment after moving ion 25: {0: 6, 1: 7, 2: 22, 3: 0, 4: 24, 5: 14, 6: 12, 7: 13}
Trying to solve brute-force congestion at gate [22, 0] with {0: 6, 1: 7, 2: 22, 3: 0, 4: 24, 5: 14, 6: 12, 7: 13}
Trying to moving ion 0... to 0
Ion assignment after moving ion 0: {0: 6, 1: 7, 2: 22, 3: 0, 4: 24, 5: 14, 6: 12, 7: 13}
Gate position gate updated to [ 0 22]--------------c
Trying to moving ion 22... to 1
Ion assignment after moving ion 22: {0: 6, 1: 7, 2: 1, 3: 0, 4: 19, 5: 14, 6: 12, 7: 13}
Trying to solve brute-force congestion at gate [12, 13] with {0: 6, 1: 7, 2: 1, 3: 0, 4: 19, 5: 14, 6: 12, 7: 13}
Trying to moving ion 12... to 12
Ion assignment after moving ion 12: {0: 6, 1: 7, 2: 1, 3: 0, 4: 19, 5: 14, 6: 12, 7: 13}
Clearing endpoint 14.........
Gate position gate updated to [12 13]--------------c
Trying to moving ion 13... to 13
Ion assignment after moving ion 13: {0: 6, 1: 7, 2: 1, 3: 0, 4: 19, 5: 21, 6: 12, 7: 13}
Trying to solve brute-force congestion at gate [1, 0] with {0: 6, 1: 7, 2: 1, 3: 0, 4: 19, 5: 21, 6: 12, 7: 13}
Trying to moving ion 1... to 0
Ion assignment after moving ion 1: {0: 6, 1: 7, 2: 0, 3: 1, 4: 19, 5: 21, 6: 12, 7: 13}
Gate position gate updated to [0 1]--------------c
Trying to moving ion 1... to 1
Ion assignment after moving ion 1: {0: 6, 1: 7, 2: 0, 3: 1, 4: 19, 5: 21, 6: 12, 7: 13}
Trying to solve brute-force congestion at gate [1] with {0: 6, 1: 7, 2: 0, 3: 1, 4: 19, 5: 21, 6: 12, 7: 13}
Trying to moving ion 1... to 0
Ion assignment after moving ion 1: {0: 6, 1: 7, 2: 1, 3: 0, 4: 19, 5: 21, 6: 12, 7: 13}
Trying to solve brute-force congestion at gate [7, 1] with {0: 6, 1: 7, 2: 1, 3: 0, 4: 19, 5: 21, 6: 12, 7: 13}
Trying to moving ion 1... to 0
Ion assignment after moving ion 1: {0: 6, 1: 7, 2: 0, 3: 1, 4: 19, 5: 21, 6: 12, 7: 13}
Gate position gate updated to [0 7]--------------c
Trying to moving ion 7... to 1
Ion assignment after moving ion 7: {0: 6, 1: 1, 2: 0, 3: 2, 4: 19, 5: 21, 6: 12, 7: 13}
Trying to solve brute-force congestion at gate [1] with {0: 6, 1: 1, 2: 0, 3: 2, 4: 19, 5: 21, 6: 12, 7: 13}
Trying to moving ion 1... to 0
Ion assignment after moving ion 1: {0: 6, 1: 0, 2: 1, 3: 2, 4: 19, 5: 21, 6: 12, 7: 13}
Trying to solve brute-force congestion at gate [0, 1] with {0: 6, 1: 0, 2: 1, 3: 2, 4: 19, 5: 21, 6: 12, 7: 13}
Trying to moving ion 0... to 0
Ion assignment after moving ion 0: {0: 6, 1: 0, 2: 1, 3: 2, 4: 19, 5: 21, 6: 12, 7: 13}
Clearing endpoint 2.........
Gate position gate updated to [0 1]--------------c
Trying to moving ion 1... to 1
Ion assignment after moving ion 1: {0: 6, 1: 0, 2: 1, 3: 18, 4: 19, 5: 21, 6: 12, 7: 13}
Trying to solve brute-force congestion at gate [18, 19] with {0: 6, 1: 0, 2: 1, 3: 18, 4: 19, 5: 21, 6: 12, 7: 13}
Trying to moving ion 19... to 15
Ion assignment after moving ion 19: {0: 6, 1: 0, 2: 1, 3: 18, 4: 15, 5: 21, 6: 12, 7: 13}
Gate position gate updated to [15 18]--------------c
Trying to moving ion 18... to 16
Ion assignment after moving ion 18: {0: 6, 1: 0, 2: 1, 3: 16, 4: 15, 5: 21, 6: 12, 7: 13}
Trying to solve brute-force congestion at gate [16] with {0: 6, 1: 0, 2: 1, 3: 16, 4: 15, 5: 21, 6: 12, 7: 13}
Trying to moving ion 16... to 15
Ion assignment after moving ion 16: {0: 6, 1: 0, 2: 1, 3: 15, 4: 16, 5: 21, 6: 12, 7: 13}
Trying to solve brute-force congestion at gate [15, 16] with {0: 6, 1: 0, 2: 1, 3: 15, 4: 16, 5: 21, 6: 12, 7: 13}
Trying to moving ion 15... to 15
Ion assignment after moving ion 15: {0: 6, 1: 0, 2: 1, 3: 15, 4: 16, 5: 21, 6: 12, 7: 13}
Gate position gate updated to [15 16]--------------c
Trying to moving ion 16... to 16
Ion assignment after moving ion 16: {0: 6, 1: 0, 2: 1, 3: 15, 4: 16, 5: 21, 6: 12, 7: 13}
Trying to solve brute-force congestion at gate [16] with {0: 6, 1: 0, 2: 1, 3: 15, 4: 16, 5: 21, 6: 12, 7: 13}
Trying to moving ion 16... to 15
Ion assignment after moving ion 16: {0: 6, 1: 0, 2: 1, 3: 16, 4: 15, 5: 21, 6: 12, 7: 13}
Trying to solve brute-force congestion at gate [1, 16] with {0: 6, 1: 0, 2: 1, 3: 16, 4: 15, 5: 21, 6: 12, 7: 13}
Trying to moving ion 1... to 0
Ion assignment after moving ion 1: {0: 6, 1: 1, 2: 0, 3: 16, 4: 15, 5: 21, 6: 12, 7: 13}
Gate position gate updated to [ 0 16]--------------c
Trying to moving ion 16... to 1
Ion assignment after moving ion 16: {0: 6, 1: 2, 2: 0, 3: 1, 4: 15, 5: 21, 6: 12, 7: 13}
Trying to solve brute-force congestion at gate [6, 2] with {0: 6, 1: 2, 2: 0, 3: 1, 4: 15, 5: 21, 6: 12, 7: 13}
Trying to moving ion 6... to 6
Ion assignment after moving ion 6: {0: 6, 1: 2, 2: 0, 3: 1, 4: 15, 5: 21, 6: 12, 7: 13}
Gate position gate updated to [6 2]--------------c
Trying to moving ion 2... to 7
Ion assignment after moving ion 2: {0: 6, 1: 7, 2: 0, 3: 1, 4: 15, 5: 21, 6: 12, 7: 13}
Trying to solve brute-force congestion at gate [7] with {0: 6, 1: 7, 2: 0, 3: 1, 4: 15, 5: 21, 6: 12, 7: 13}
Trying to moving ion 7... to 6
Ion assignment after moving ion 7: {0: 7, 1: 6, 2: 0, 3: 1, 4: 15, 5: 21, 6: 12, 7: 13}
Trying to solve brute-force congestion at gate [1] with {0: 7, 1: 6, 2: 0, 3: 1, 4: 15, 5: 21, 6: 12, 7: 13}
Trying to moving ion 1... to 0
Ion assignment after moving ion 1: {0: 7, 1: 6, 2: 1, 3: 0, 4: 15, 5: 21, 6: 12, 7: 13}
Trying to solve brute-force congestion at gate [7] with {0: 7, 1: 6, 2: 1, 3: 0, 4: 15, 5: 21, 6: 12, 7: 13}
Trying to moving ion 7... to 6
Ion assignment after moving ion 7: {0: 6, 1: 7, 2: 1, 3: 0, 4: 15, 5: 21, 6: 12, 7: 13}
Trying to solve brute-force congestion at gate [7, 1] with {0: 6, 1: 7, 2: 1, 3: 0, 4: 15, 5: 21, 6: 12, 7: 13}
Trying to moving ion 1... to 0
Ion assignment after moving ion 1: {0: 6, 1: 7, 2: 0, 3: 1, 4: 15, 5: 21, 6: 12, 7: 13}
Gate position gate updated to [0 7]--------------c
Trying to moving ion 7... to 1
Ion assignment after moving ion 7: {0: 6, 1: 1, 2: 0, 3: 2, 4: 15, 5: 21, 6: 12, 7: 13}
Trying to solve brute-force congestion at gate [1] with {0: 6, 1: 1, 2: 0, 3: 2, 4: 15, 5: 21, 6: 12, 7: 13}
Trying to moving ion 1... to 0
Ion assignment after moving ion 1: {0: 6, 1: 0, 2: 1, 3: 2, 4: 15, 5: 21, 6: 12, 7: 13}
Trying to solve brute-force congestion at gate [0, 1] with {0: 6, 1: 0, 2: 1, 3: 2, 4: 15, 5: 21, 6: 12, 7: 13}
Trying to moving ion 0... to 0
Ion assignment after moving ion 0: {0: 6, 1: 0, 2: 1, 3: 2, 4: 15, 5: 21, 6: 12, 7: 13}
Clearing endpoint 2.........
Gate position gate updated to [0 1]--------------c
Trying to moving ion 1... to 1
Ion assignment after moving ion 1: {0: 6, 1: 0, 2: 1, 3: 18, 4: 15, 5: 21, 6: 12, 7: 13}
Trying to solve brute-force congestion at gate [0] with {0: 6, 1: 0, 2: 1, 3: 18, 4: 15, 5: 21, 6: 12, 7: 13}
Trying to moving ion 0... to 0
Ion assignment after moving ion 0: {0: 6, 1: 0, 2: 1, 3: 18, 4: 15, 5: 21, 6: 12, 7: 13}
Trying to solve brute-force congestion at gate [15, 21] with {0: 6, 1: 0, 2: 1, 3: 18, 4: 15, 5: 21, 6: 12, 7: 13}
Trying to moving ion 15... to 15
Ion assignment after moving ion 15: {0: 6, 1: 0, 2: 1, 3: 18, 4: 15, 5: 21, 6: 12, 7: 13}
Gate position gate updated to [15 21]--------------c
Trying to moving ion 21... to 16
Ion assignment after moving ion 21: {0: 6, 1: 0, 2: 1, 3: 18, 4: 15, 5: 16, 6: 12, 7: 13}
Trying to solve brute-force congestion at gate [15] with {0: 6, 1: 0, 2: 1, 3: 18, 4: 15, 5: 16, 6: 12, 7: 13}
Trying to moving ion 15... to 15
Ion assignment after moving ion 15: {0: 6, 1: 0, 2: 1, 3: 18, 4: 15, 5: 16, 6: 12, 7: 13}
Trying to solve brute-force congestion at gate [15, 16] with {0: 6, 1: 0, 2: 1, 3: 18, 4: 15, 5: 16, 6: 12, 7: 13}
Trying to moving ion 15... to 15
Ion assignment after moving ion 15: {0: 6, 1: 0, 2: 1, 3: 18, 4: 15, 5: 16, 6: 12, 7: 13}
Gate position gate updated to [15 16]--------------c
Trying to moving ion 16... to 16
Ion assignment after moving ion 16: {0: 6, 1: 0, 2: 1, 3: 18, 4: 15, 5: 16, 6: 12, 7: 13}
Trying to solve brute-force congestion at gate [15] with {0: 6, 1: 0, 2: 1, 3: 18, 4: 15, 5: 16, 6: 12, 7: 13}
Trying to moving ion 15... to 15
Ion assignment after moving ion 15: {0: 6, 1: 0, 2: 1, 3: 18, 4: 15, 5: 16, 6: 12, 7: 13}
Trying to solve brute-force congestion at gate [16, 12] with {0: 6, 1: 0, 2: 1, 3: 18, 4: 15, 5: 16, 6: 12, 7: 13}
Trying to moving ion 12... to 12
Ion assignment after moving ion 12: {0: 6, 1: 0, 2: 1, 3: 18, 4: 15, 5: 16, 6: 12, 7: 13}
Gate position gate updated to [12 16]--------------c
Trying to moving ion 16... to 13
Ion assignment after moving ion 16: {0: 6, 1: 0, 2: 1, 3: 18, 4: 15, 5: 13, 6: 12, 7: 14}
Trying to solve brute-force congestion at gate [13] with {0: 6, 1: 0, 2: 1, 3: 18, 4: 15, 5: 13, 6: 12, 7: 14}
Trying to moving ion 13... to 12
Ion assignment after moving ion 13: {0: 6, 1: 0, 2: 1, 3: 18, 4: 15, 5: 12, 6: 13, 7: 14}
Trying to solve brute-force congestion at gate [12, 13] with {0: 6, 1: 0, 2: 1, 3: 18, 4: 15, 5: 12, 6: 13, 7: 14}
Trying to moving ion 12... to 12
Ion assignment after moving ion 12: {0: 6, 1: 0, 2: 1, 3: 18, 4: 15, 5: 12, 6: 13, 7: 14}
Clearing endpoint 14.........
Gate position gate updated to [12 13]--------------c
Trying to moving ion 13... to 13
Ion assignment after moving ion 13: {0: 6, 1: 0, 2: 1, 3: 18, 4: 15, 5: 12, 6: 13, 7: 21}
Trying to solve brute-force congestion at gate [12] with {0: 6, 1: 0, 2: 1, 3: 18, 4: 15, 5: 12, 6: 13, 7: 21}
Trying to moving ion 12... to 12
Ion assignment after moving ion 12: {0: 6, 1: 0, 2: 1, 3: 18, 4: 15, 5: 12, 6: 13, 7: 21}
Trying to solve brute-force congestion at gate [6, 0] with {0: 6, 1: 0, 2: 1, 3: 18, 4: 15, 5: 12, 6: 13, 7: 21}
Trying to moving ion 0... to 0
Ion assignment after moving ion 0: {0: 6, 1: 0, 2: 1, 3: 18, 4: 15, 5: 12, 6: 13, 7: 21}
Gate position gate updated to [0 6]--------------c
Trying to moving ion 6... to 1
Ion assignment after moving ion 6: {0: 1, 1: 0, 2: 2, 3: 19, 4: 15, 5: 12, 6: 13, 7: 21}
Trying to solve brute-force congestion at gate [0] with {0: 1, 1: 0, 2: 2, 3: 19, 4: 15, 5: 12, 6: 13, 7: 21}
Trying to moving ion 0... to 0
Ion assignment after moving ion 0: {0: 1, 1: 0, 2: 2, 3: 19, 4: 15, 5: 12, 6: 13, 7: 21}
Trying to solve brute-force congestion at gate [13, 21] with {0: 1, 1: 0, 2: 2, 3: 19, 4: 15, 5: 12, 6: 13, 7: 21}
Trying to moving ion 13... to 12
Ion assignment after moving ion 13: {0: 1, 1: 0, 2: 2, 3: 19, 4: 15, 5: 13, 6: 12, 7: 21}
Gate position gate updated to [12 21]--------------c
Trying to moving ion 21... to 13
Ion assignment after moving ion 21: {0: 1, 1: 0, 2: 2, 3: 19, 4: 15, 5: 14, 6: 12, 7: 13}
Trying to solve brute-force congestion at gate [13] with {0: 1, 1: 0, 2: 2, 3: 19, 4: 15, 5: 14, 6: 12, 7: 13}
Trying to moving ion 13... to 12
Ion assignment after moving ion 13: {0: 1, 1: 0, 2: 2, 3: 19, 4: 15, 5: 14, 6: 13, 7: 12}
Trying to solve brute-force congestion at gate [13, 12] with {0: 1, 1: 0, 2: 2, 3: 19, 4: 15, 5: 14, 6: 13, 7: 12}
Trying to moving ion 13... to 12
Ion assignment after moving ion 13: {0: 1, 1: 0, 2: 2, 3: 19, 4: 15, 5: 14, 6: 12, 7: 13}
Clearing endpoint 14.........
Gate position gate updated to [12 13]--------------c
Trying to moving ion 13... to 13
Ion assignment after moving ion 13: {0: 1, 1: 0, 2: 2, 3: 19, 4: 15, 5: 21, 6: 12, 7: 13}
Trying to solve brute-force congestion at gate [12] with {0: 1, 1: 0, 2: 2, 3: 19, 4: 15, 5: 21, 6: 12, 7: 13}
Trying to moving ion 12... to 12
Ion assignment after moving ion 12: {0: 1, 1: 0, 2: 2, 3: 19, 4: 15, 5: 21, 6: 12, 7: 13}
Trying to solve brute-force congestion at gate [19, 15] with {0: 1, 1: 0, 2: 2, 3: 19, 4: 15, 5: 21, 6: 12, 7: 13}
Trying to moving ion 15... to 15
Ion assignment after moving ion 15: {0: 1, 1: 0, 2: 2, 3: 19, 4: 15, 5: 21, 6: 12, 7: 13}
Gate position gate updated to [15 19]--------------c
Trying to moving ion 19... to 16
Ion assignment after moving ion 19: {0: 1, 1: 0, 2: 2, 3: 16, 4: 15, 5: 21, 6: 12, 7: 13}
Trying to solve brute-force congestion at gate [16] with {0: 1, 1: 0, 2: 2, 3: 16, 4: 15, 5: 21, 6: 12, 7: 13}
Trying to moving ion 16... to 15
Ion assignment after moving ion 16: {0: 1, 1: 0, 2: 2, 3: 15, 4: 16, 5: 21, 6: 12, 7: 13}
Trying to solve brute-force congestion at gate [15, 16] with {0: 1, 1: 0, 2: 2, 3: 15, 4: 16, 5: 21, 6: 12, 7: 13}
Trying to moving ion 15... to 15
Ion assignment after moving ion 15: {0: 1, 1: 0, 2: 2, 3: 15, 4: 16, 5: 21, 6: 12, 7: 13}
Gate position gate updated to [15 16]--------------c
Trying to moving ion 16... to 16
Ion assignment after moving ion 16: {0: 1, 1: 0, 2: 2, 3: 15, 4: 16, 5: 21, 6: 12, 7: 13}
Trying to solve brute-force congestion at gate [16] with {0: 1, 1: 0, 2: 2, 3: 15, 4: 16, 5: 21, 6: 12, 7: 13}
Trying to moving ion 16... to 15
Ion assignment after moving ion 16: {0: 1, 1: 0, 2: 2, 3: 16, 4: 15, 5: 21, 6: 12, 7: 13}
Trying to solve brute-force congestion at gate [2, 16] with {0: 1, 1: 0, 2: 2, 3: 16, 4: 15, 5: 21, 6: 12, 7: 13}
Trying to moving ion 16... to 15
Ion assignment after moving ion 16: {0: 1, 1: 0, 2: 2, 3: 15, 4: 16, 5: 21, 6: 12, 7: 13}
Gate position gate updated to [15  2]--------------c
Trying to moving ion 2... to 16
Ion assignment after moving ion 2: {0: 1, 1: 0, 2: 16, 3: 15, 4: 17, 5: 21, 6: 12, 7: 13}
Trying to solve brute-force congestion at gate [15] with {0: 1, 1: 0, 2: 16, 3: 15, 4: 17, 5: 21, 6: 12, 7: 13}
Trying to moving ion 15... to 15
Ion assignment after moving ion 15: {0: 1, 1: 0, 2: 16, 3: 15, 4: 17, 5: 21, 6: 12, 7: 13}
Trying to solve brute-force congestion at gate [16, 15] with {0: 1, 1: 0, 2: 16, 3: 15, 4: 17, 5: 21, 6: 12, 7: 13}
Trying to moving ion 16... to 15
Ion assignment after moving ion 16: {0: 1, 1: 0, 2: 15, 3: 16, 4: 17, 5: 21, 6: 12, 7: 13}
Clearing endpoint 17.........
Gate position gate updated to [15 16]--------------c
Trying to moving ion 16... to 16
Ion assignment after moving ion 16: {0: 1, 1: 0, 2: 15, 3: 16, 4: 19, 5: 21, 6: 12, 7: 13}
Trying to solve brute-force congestion at gate [15] with {0: 1, 1: 0, 2: 15, 3: 16, 4: 19, 5: 21, 6: 12, 7: 13}
Trying to moving ion 15... to 15
Ion assignment after moving ion 15: {0: 1, 1: 0, 2: 15, 3: 16, 4: 19, 5: 21, 6: 12, 7: 13}
Trying to solve brute-force congestion at gate [19, 21] with {0: 1, 1: 0, 2: 15, 3: 16, 4: 19, 5: 21, 6: 12, 7: 13}
Trying to moving ion 21... to 3
Ion assignment after moving ion 21: {0: 1, 1: 0, 2: 15, 3: 16, 4: 19, 5: 3, 6: 12, 7: 13}
Gate position gate updated to [ 3 19]--------------c
Trying to moving ion 19... to 4
Ion assignment after moving ion 19: {0: 1, 1: 0, 2: 15, 3: 16, 4: 4, 5: 3, 6: 12, 7: 13}
Trying to solve brute-force congestion at gate [4] with {0: 1, 1: 0, 2: 15, 3: 16, 4: 4, 5: 3, 6: 12, 7: 13}
Trying to moving ion 4... to 3
Ion assignment after moving ion 4: {0: 1, 1: 0, 2: 15, 3: 16, 4: 3, 5: 4, 6: 12, 7: 13}
Trying to solve brute-force congestion at gate [3, 4] with {0: 1, 1: 0, 2: 15, 3: 16, 4: 3, 5: 4, 6: 12, 7: 13}
Trying to moving ion 3... to 3
Ion assignment after moving ion 3: {0: 1, 1: 0, 2: 15, 3: 16, 4: 3, 5: 4, 6: 12, 7: 13}
Gate position gate updated to [3 4]--------------c
Trying to moving ion 4... to 4
Ion assignment after moving ion 4: {0: 1, 1: 0, 2: 15, 3: 16, 4: 3, 5: 4, 6: 12, 7: 13}
Trying to solve brute-force congestion at gate [3] with {0: 1, 1: 0, 2: 15, 3: 16, 4: 3, 5: 4, 6: 12, 7: 13}
Trying to moving ion 3... to 3
Ion assignment after moving ion 3: {0: 1, 1: 0, 2: 15, 3: 16, 4: 3, 5: 4, 6: 12, 7: 13}
Executing gate at point (0, 2).
Executing gate at point (0, 4).
Executing gate at point (0, 6).
Executing gate at point (0, 0).
Executing gate at point (1, 2).
Executing gate at point (1, 4).
Executing gate at point (1, 0).
Executing gate at point (1, 6).
Executing gate at point (2, 4).
Executing gate at point (2, 1).
Executing gate at point (2, 7).
Executing gate at point (2, 0).
Executing gate at point (2, 3).
Executing gate at point (2, 6).
Executing gate at point (2, 2).
Executing gate at point (2, 5).
Executing gate at point (3, 4).
Executing gate at point (3, 0).
Executing gate at point (3, 6).
Executing gate at point (3, 2).
Executing gate at point (4, 4).
Executing gate at point (4, 0).
Executing gate at point (4, 3).
Executing gate at point (4, 6).
Executing gate at point (4, 2).
Executing gate at point (4, 5).
Executing gate at point (4, 1).
Executing gate at point (4, 7).
Best move: (0, 1)
Best move: (1, 2)
Best move: (2, 18)
Best move: (18, 19)
Best move: (12, 13)
Best move: (13, 14)
Best move: (14, 21)
Best move: (20, 21)
Try bruteforce due to multiple steps (8) to solve one gate
Trying to solve brute-force congestion at gate [4, 20] with {0: 0, 1: 19, 2: 15, 3: 16, 4: 3, 5: 4, 6: 20, 7: 12}
Trying to moving ion 4... to 3
Ion assignment after moving ion 4: {0: 0, 1: 19, 2: 15, 3: 16, 4: 4, 5: 3, 6: 20, 7: 12}
Gate position gate updated to [ 3 20]--------------c
Trying to moving ion 20... to 4
Ion assignment after moving ion 20: {0: 0, 1: 19, 2: 15, 3: 16, 4: 5, 5: 3, 6: 4, 7: 12}
Executing gate at point (5, 5).
Executing gate at point (6, 5).
Executing gate at point (6, 6).
Executing gate at point (7, 5).
Executing gate at point (8, 6).
Executing gate at point (8, 5).
Best move: (5, 20)
Best move: (20, 24)
Best move: (4, 5)
Best move: (5, 20)
Best move: (20, 21)
Best move: (14, 21)
Executing gate at point (9, 6).
Executing gate at point (10, 7).
Executing gate at point (10, 6).
Executing gate at point (11, 6).
Executing gate at point (12, 6).
Best move: (18, 24)
Best move: (15, 16)
Best move: (15, 16)
Best move: (18, 24)
Best move: (18, 24)
Best move: (18, 24)
Try bruteforce due to repeated pattern...
Trying to solve brute-force congestion at gate [16, 24] with {0: 0, 1: 19, 2: 15, 3: 16, 4: 24, 5: 3, 6: 14, 7: 12}
Trying to moving ion 16... to 15
Ion assignment after moving ion 16: {0: 0, 1: 19, 2: 16, 3: 15, 4: 24, 5: 3, 6: 14, 7: 12}
Gate position gate updated to [15 24]--------------c
Trying to moving ion 24... to 16
Ion assignment after moving ion 24: {0: 0, 1: 18, 2: 17, 3: 15, 4: 16, 5: 3, 6: 14, 7: 12}
Executing gate at point (5, 3).
Executing gate at point (6, 3).
Executing gate at point (6, 4).
Executing gate at point (7, 3).
Executing gate at point (8, 3).
Executing gate at point (8, 4).
Best move: (17, 19)
Best move: (2, 18)
Best move: (18, 19)
Best move: (1, 2)
Best move: (2, 18)
Executing gate at point (5, 1).
Executing gate at point (6, 1).
Executing gate at point (6, 2).
Executing gate at point (7, 1).
Executing gate at point (8, 2).
Executing gate at point (8, 1).
Executing gate at point (9, 0).
Executing gate at point (10, 1).
Executing gate at point (10, 0).
Executing gate at point (11, 0).
Executing gate at point (12, 0).
Best move: (2, 18)
Best move: (18, 19)
Best move: (17, 19)
Executing gate at point (9, 2).
Executing gate at point (10, 3).
Executing gate at point (10, 2).
Executing gate at point (11, 2).
Executing gate at point (12, 2).
Executing gate at point (12, 3).
Best move: (17, 19)
Best move: (18, 19)
Best move: (2, 18)
Executing gate at point (13, 1).
Executing gate at point (14, 1).
Executing gate at point (14, 2).
Executing gate at point (15, 1).
Executing gate at point (16, 1).
Executing gate at point (16, 2).
Executing gate at point (17, 0).
Executing gate at point (18, 0).
Executing gate at point (18, 1).
Executing gate at point (19, 0).
Executing gate at point (20, 0).
Executing gate at point (20, 1).
Best move: (16, 17)
Best move: (17, 19)
Best move: (19, 24)
Best move: (20, 24)
Best move: (5, 20)
Executing gate at point (9, 4).
Executing gate at point (10, 4).
Executing gate at point (10, 5).
Executing gate at point (11, 4).
Executing gate at point (12, 4).
Executing gate at point (12, 5).
Best move: (5, 20)
Best move: (20, 24)
Best move: (19, 24)
Best move: (17, 19)
Executing gate at point (13, 3).
Executing gate at point (14, 3).
Executing gate at point (14, 4).
Executing gate at point (15, 3).
Executing gate at point (16, 4).
Executing gate at point (16, 3).
Best move: (2, 18)
Best move: (18, 19)
Best move: (14, 21)
Best move: (20, 21)
Best move: (5, 20)
Executing gate at point (13, 5).
Executing gate at point (14, 6).
Executing gate at point (14, 5).
Executing gate at point (15, 5).
Executing gate at point (16, 5).
Executing gate at point (16, 6).
Best move: (5, 20)
Best move: (20, 21)
Best move: (14, 21)
Executing gate at point (17, 6).
Executing gate at point (18, 7).
Executing gate at point (18, 6).
Executing gate at point (19, 6).
Executing gate at point (20, 7).
Executing gate at point (20, 6).
Best move: (16, 17)
Best move: (17, 19)
Executing gate at point (17, 2).
Executing gate at point (18, 3).
Executing gate at point (18, 2).
Executing gate at point (19, 2).
Executing gate at point (20, 2).
Executing gate at point (20, 3).
Best move: (17, 19)
Best move: (18, 19)
Best move: (2, 18)
Executing gate at point (21, 1).
Executing gate at point (22, 1).
Executing gate at point (22, 2).
Executing gate at point (23, 1).
Executing gate at point (24, 2).
Executing gate at point (24, 1).
Executing gate at point (25, 0).
Executing gate at point (26, 0).
Executing gate at point (26, 1).
Executing gate at point (27, 0).
Executing gate at point (28, 0).
Executing gate at point (28, 1).
Best move: (16, 17)
Best move: (17, 19)
Best move: (19, 24)
Best move: (20, 24)
Best move: (5, 20)
Executing gate at point (17, 4).
Executing gate at point (18, 4).
Executing gate at point (18, 5).
Executing gate at point (19, 4).
Executing gate at point (20, 5).
Executing gate at point (20, 4).
Best move: (5, 20)
Best move: (20, 24)
Best move: (19, 24)
Best move: (17, 19)
Executing gate at point (21, 3).
Executing gate at point (22, 3).
Executing gate at point (22, 4).
Executing gate at point (23, 3).
Executing gate at point (24, 3).
Executing gate at point (24, 4).
Best move: (2, 18)
Best move: (18, 19)
Best move: (14, 21)
Best move: (20, 21)
Best move: (5, 20)
Executing gate at point (21, 5).
Executing gate at point (22, 5).
Executing gate at point (22, 6).
Executing gate at point (23, 5).
Executing gate at point (24, 5).
Executing gate at point (24, 6).
Best move: (5, 20)
Best move: (20, 21)
Best move: (14, 21)
Executing gate at point (25, 6).
Executing gate at point (26, 7).
Executing gate at point (26, 6).
Executing gate at point (27, 6).
Executing gate at point (28, 7).
Executing gate at point (28, 6).
Best move: (16, 17)
Best move: (17, 19)
Executing gate at point (25, 2).
Executing gate at point (26, 3).
Executing gate at point (26, 2).
Executing gate at point (27, 2).
Executing gate at point (28, 2).
Executing gate at point (28, 3).
Best move: (17, 19)
Best move: (18, 19)
Best move: (2, 18)
Executing gate at point (29, 1).
Executing gate at point (30, 2).
Executing gate at point (30, 1).
Executing gate at point (31, 1).
Executing gate at point (32, 1).
Executing gate at point (32, 2).
Best move: (16, 17)
Best move: (17, 19)
Best move: (19, 24)
Best move: (20, 24)
Best move: (5, 20)
Executing gate at point (25, 4).
Executing gate at point (26, 4).
Executing gate at point (26, 5).
Executing gate at point (27, 4).
Executing gate at point (28, 5).
Executing gate at point (28, 4).
Best move: (5, 20)
Best move: (20, 24)
Best move: (19, 24)
Best move: (17, 19)
Executing gate at point (29, 3).
Executing gate at point (30, 3).
Executing gate at point (30, 4).
Executing gate at point (31, 3).
Executing gate at point (32, 3).
Executing gate at point (32, 4).
Best move: (14, 21)
Best move: (20, 21)
Best move: (5, 20)
Executing gate at point (29, 5).
Executing gate at point (30, 5).
Executing gate at point (30, 6).
Executing gate at point (31, 5).
Executing gate at point (32, 5).
Executing gate at point (32, 6).
Trying to solve brute-force congestion at gate [1, 2] with {0: 0, 1: 1, 2: 2, 3: 15, 4: 24, 5: 3, 6: 5, 7: 12}
Trying to moving ion 1... to 0
Ion assignment after moving ion 1: {0: 1, 1: 0, 2: 2, 3: 15, 4: 24, 5: 3, 6: 5, 7: 12}
Gate position gate updated to [0 2]--------------c
Trying to moving ion 2... to 1
Ion assignment after moving ion 2: {0: 2, 1: 0, 2: 1, 3: 15, 4: 24, 5: 3, 6: 5, 7: 12}
Trying to solve brute-force congestion at gate [1] with {0: 2, 1: 0, 2: 1, 3: 15, 4: 24, 5: 3, 6: 5, 7: 12}
Trying to moving ion 1... to 0
Ion assignment after moving ion 1: {0: 2, 1: 1, 2: 0, 3: 15, 4: 24, 5: 3, 6: 5, 7: 12}
Trying to solve brute-force congestion at gate [5, 12] with {0: 2, 1: 1, 2: 0, 3: 15, 4: 24, 5: 3, 6: 5, 7: 12}
Trying to moving ion 12... to 12
Ion assignment after moving ion 12: {0: 2, 1: 1, 2: 0, 3: 15, 4: 24, 5: 3, 6: 5, 7: 12}
Gate position gate updated to [12  5]--------------c
Trying to moving ion 5... to 13
Ion assignment after moving ion 5: {0: 2, 1: 1, 2: 0, 3: 15, 4: 24, 5: 3, 6: 13, 7: 12}
Trying to solve brute-force congestion at gate [1] with {0: 2, 1: 1, 2: 0, 3: 15, 4: 24, 5: 3, 6: 13, 7: 12}
Trying to moving ion 1... to 0
Ion assignment after moving ion 1: {0: 2, 1: 0, 2: 1, 3: 15, 4: 24, 5: 3, 6: 13, 7: 12}
Trying to solve brute-force congestion at gate [13, 12] with {0: 2, 1: 0, 2: 1, 3: 15, 4: 24, 5: 3, 6: 13, 7: 12}
Trying to moving ion 13... to 12
Ion assignment after moving ion 13: {0: 2, 1: 0, 2: 1, 3: 15, 4: 24, 5: 3, 6: 12, 7: 13}
Gate position gate updated to [12 13]--------------c
Trying to moving ion 13... to 13
Ion assignment after moving ion 13: {0: 2, 1: 0, 2: 1, 3: 15, 4: 24, 5: 3, 6: 12, 7: 13}
Trying to solve brute-force congestion at gate [0] with {0: 2, 1: 0, 2: 1, 3: 15, 4: 24, 5: 3, 6: 12, 7: 13}
Trying to moving ion 0... to 0
Ion assignment after moving ion 0: {0: 2, 1: 0, 2: 1, 3: 15, 4: 24, 5: 3, 6: 12, 7: 13}
Trying to solve brute-force congestion at gate [24, 3] with {0: 2, 1: 0, 2: 1, 3: 15, 4: 24, 5: 3, 6: 12, 7: 13}
Trying to moving ion 3... to 3
Ion assignment after moving ion 3: {0: 2, 1: 0, 2: 1, 3: 15, 4: 24, 5: 3, 6: 12, 7: 13}
Gate position gate updated to [ 3 24]--------------c
Trying to moving ion 24... to 4
Ion assignment after moving ion 24: {0: 2, 1: 0, 2: 1, 3: 15, 4: 4, 5: 3, 6: 12, 7: 13}
Trying to solve brute-force congestion at gate [3] with {0: 2, 1: 0, 2: 1, 3: 15, 4: 4, 5: 3, 6: 12, 7: 13}
Trying to moving ion 3... to 3
Ion assignment after moving ion 3: {0: 2, 1: 0, 2: 1, 3: 15, 4: 4, 5: 3, 6: 12, 7: 13}
Trying to solve brute-force congestion at gate [4, 3] with {0: 2, 1: 0, 2: 1, 3: 15, 4: 4, 5: 3, 6: 12, 7: 13}
Trying to moving ion 4... to 3
Ion assignment after moving ion 4: {0: 2, 1: 0, 2: 1, 3: 15, 4: 3, 5: 4, 6: 12, 7: 13}
Gate position gate updated to [3 4]--------------c
Trying to moving ion 4... to 4
Ion assignment after moving ion 4: {0: 2, 1: 0, 2: 1, 3: 15, 4: 3, 5: 4, 6: 12, 7: 13}
Trying to solve brute-force congestion at gate [3] with {0: 2, 1: 0, 2: 1, 3: 15, 4: 3, 5: 4, 6: 12, 7: 13}
Trying to moving ion 3... to 3
Ion assignment after moving ion 3: {0: 2, 1: 0, 2: 1, 3: 15, 4: 3, 5: 4, 6: 12, 7: 13}
Trying to solve brute-force congestion at gate [4, 12] with {0: 2, 1: 0, 2: 1, 3: 15, 4: 3, 5: 4, 6: 12, 7: 13}
Trying to moving ion 12... to 12
Ion assignment after moving ion 12: {0: 2, 1: 0, 2: 1, 3: 15, 4: 3, 5: 4, 6: 12, 7: 13}
Gate position gate updated to [12  4]--------------c
Trying to moving ion 4... to 13
Ion assignment after moving ion 4: {0: 2, 1: 0, 2: 1, 3: 15, 4: 3, 5: 13, 6: 12, 7: 14}
Trying to solve brute-force congestion at gate [13] with {0: 2, 1: 0, 2: 1, 3: 15, 4: 3, 5: 13, 6: 12, 7: 14}
Trying to moving ion 13... to 12
Ion assignment after moving ion 13: {0: 2, 1: 0, 2: 1, 3: 15, 4: 3, 5: 12, 6: 13, 7: 14}
Trying to solve brute-force congestion at gate [12, 13] with {0: 2, 1: 0, 2: 1, 3: 15, 4: 3, 5: 12, 6: 13, 7: 14}
Trying to moving ion 12... to 12
Ion assignment after moving ion 12: {0: 2, 1: 0, 2: 1, 3: 15, 4: 3, 5: 12, 6: 13, 7: 14}
Clearing endpoint 14.........
Gate position gate updated to [12 13]--------------c
Trying to moving ion 13... to 13
Ion assignment after moving ion 13: {0: 2, 1: 0, 2: 1, 3: 15, 4: 3, 5: 12, 6: 13, 7: 21}
Trying to solve brute-force congestion at gate [12] with {0: 2, 1: 0, 2: 1, 3: 15, 4: 3, 5: 12, 6: 13, 7: 21}
Trying to moving ion 12... to 12
Ion assignment after moving ion 12: {0: 2, 1: 0, 2: 1, 3: 15, 4: 3, 5: 12, 6: 13, 7: 21}
Trying to solve brute-force congestion at gate [15, 3] with {0: 2, 1: 0, 2: 1, 3: 15, 4: 3, 5: 12, 6: 13, 7: 21}
Trying to moving ion 3... to 3
Ion assignment after moving ion 3: {0: 2, 1: 0, 2: 1, 3: 15, 4: 3, 5: 12, 6: 13, 7: 21}
Gate position gate updated to [ 3 15]--------------c
Trying to moving ion 15... to 4
Ion assignment after moving ion 15: {0: 2, 1: 0, 2: 1, 3: 4, 4: 3, 5: 12, 6: 13, 7: 21}
Trying to solve brute-force congestion at gate [4] with {0: 2, 1: 0, 2: 1, 3: 4, 4: 3, 5: 12, 6: 13, 7: 21}
Trying to moving ion 4... to 3
Ion assignment after moving ion 4: {0: 2, 1: 0, 2: 1, 3: 3, 4: 4, 5: 12, 6: 13, 7: 21}
Trying to solve brute-force congestion at gate [3, 4] with {0: 2, 1: 0, 2: 1, 3: 3, 4: 4, 5: 12, 6: 13, 7: 21}
Trying to moving ion 3... to 3
Ion assignment after moving ion 3: {0: 2, 1: 0, 2: 1, 3: 3, 4: 4, 5: 12, 6: 13, 7: 21}
Gate position gate updated to [3 4]--------------c
Trying to moving ion 4... to 4
Ion assignment after moving ion 4: {0: 2, 1: 0, 2: 1, 3: 3, 4: 4, 5: 12, 6: 13, 7: 21}
Trying to solve brute-force congestion at gate [4] with {0: 2, 1: 0, 2: 1, 3: 3, 4: 4, 5: 12, 6: 13, 7: 21}
Trying to moving ion 4... to 3
Ion assignment after moving ion 4: {0: 2, 1: 0, 2: 1, 3: 4, 4: 3, 5: 12, 6: 13, 7: 21}
Trying to solve brute-force congestion at gate [1, 4] with {0: 2, 1: 0, 2: 1, 3: 4, 4: 3, 5: 12, 6: 13, 7: 21}
Trying to moving ion 4... to 3
Ion assignment after moving ion 4: {0: 2, 1: 0, 2: 1, 3: 3, 4: 4, 5: 12, 6: 13, 7: 21}
Gate position gate updated to [3 1]--------------c
Trying to moving ion 1... to 4
Ion assignment after moving ion 1: {0: 1, 1: 0, 2: 4, 3: 3, 4: 5, 5: 12, 6: 13, 7: 21}
Trying to solve brute-force congestion at gate [5, 12] with {0: 1, 1: 0, 2: 4, 3: 3, 4: 5, 5: 12, 6: 13, 7: 21}
Trying to moving ion 12... to 12
Ion assignment after moving ion 12: {0: 1, 1: 0, 2: 4, 3: 3, 4: 5, 5: 12, 6: 13, 7: 21}
Gate position gate updated to [12  5]--------------c
Trying to moving ion 5... to 13
Ion assignment after moving ion 5: {0: 1, 1: 0, 2: 4, 3: 3, 4: 13, 5: 12, 6: 14, 7: 24}
Trying to solve brute-force congestion at gate [13] with {0: 1, 1: 0, 2: 4, 3: 3, 4: 13, 5: 12, 6: 14, 7: 24}
Trying to moving ion 13... to 12
Ion assignment after moving ion 13: {0: 1, 1: 0, 2: 4, 3: 3, 4: 12, 5: 13, 6: 14, 7: 24}
Trying to solve brute-force congestion at gate [4] with {0: 1, 1: 0, 2: 4, 3: 3, 4: 12, 5: 13, 6: 14, 7: 24}
Trying to moving ion 4... to 3
Ion assignment after moving ion 4: {0: 1, 1: 0, 2: 3, 3: 4, 4: 12, 5: 13, 6: 14, 7: 24}
Trying to solve brute-force congestion at gate [0, 3] with {0: 1, 1: 0, 2: 3, 3: 4, 4: 12, 5: 13, 6: 14, 7: 24}
Trying to moving ion 0... to 0
Ion assignment after moving ion 0: {0: 1, 1: 0, 2: 3, 3: 4, 4: 12, 5: 13, 6: 14, 7: 24}
Gate position gate updated to [0 3]--------------c
Trying to moving ion 3... to 1
Ion assignment after moving ion 3: {0: 2, 1: 0, 2: 1, 3: 3, 4: 12, 5: 13, 6: 14, 7: 19}
Trying to solve brute-force congestion at gate [0] with {0: 2, 1: 0, 2: 1, 3: 3, 4: 12, 5: 13, 6: 14, 7: 19}
Trying to moving ion 0... to 0
Ion assignment after moving ion 0: {0: 2, 1: 0, 2: 1, 3: 3, 4: 12, 5: 13, 6: 14, 7: 19}
Trying to solve brute-force congestion at gate [0, 1] with {0: 2, 1: 0, 2: 1, 3: 3, 4: 12, 5: 13, 6: 14, 7: 19}
Trying to moving ion 0... to 0
Ion assignment after moving ion 0: {0: 2, 1: 0, 2: 1, 3: 3, 4: 12, 5: 13, 6: 14, 7: 19}
Clearing endpoint 2.........
Gate position gate updated to [0 1]--------------c
Trying to moving ion 1... to 1
Ion assignment after moving ion 1: {0: 18, 1: 0, 2: 1, 3: 3, 4: 12, 5: 13, 6: 14, 7: 19}
Trying to solve brute-force congestion at gate [18, 0] with {0: 18, 1: 0, 2: 1, 3: 3, 4: 12, 5: 13, 6: 14, 7: 19}
Trying to moving ion 0... to 0
Ion assignment after moving ion 0: {0: 18, 1: 0, 2: 1, 3: 3, 4: 12, 5: 13, 6: 14, 7: 19}
Gate position gate updated to [ 0 18]--------------c
Trying to moving ion 18... to 1
Ion assignment after moving ion 18: {0: 1, 1: 0, 2: 2, 3: 3, 4: 12, 5: 13, 6: 14, 7: 19}
Trying to solve brute-force congestion at gate [0] with {0: 1, 1: 0, 2: 2, 3: 3, 4: 12, 5: 13, 6: 14, 7: 19}
Trying to moving ion 0... to 0
Ion assignment after moving ion 0: {0: 1, 1: 0, 2: 2, 3: 3, 4: 12, 5: 13, 6: 14, 7: 19}
Trying to solve brute-force congestion at gate [1, 0] with {0: 1, 1: 0, 2: 2, 3: 3, 4: 12, 5: 13, 6: 14, 7: 19}
Trying to moving ion 1... to 0
Ion assignment after moving ion 1: {0: 0, 1: 1, 2: 2, 3: 3, 4: 12, 5: 13, 6: 14, 7: 19}
Clearing endpoint 2.........
Gate position gate updated to [0 1]--------------c
Trying to moving ion 1... to 1
Ion assignment after moving ion 1: {0: 0, 1: 1, 2: 18, 3: 3, 4: 12, 5: 13, 6: 14, 7: 19}
Trying to solve brute-force congestion at gate [1] with {0: 0, 1: 1, 2: 18, 3: 3, 4: 12, 5: 13, 6: 14, 7: 19}
Trying to moving ion 1... to 0
Ion assignment after moving ion 1: {0: 1, 1: 0, 2: 18, 3: 3, 4: 12, 5: 13, 6: 14, 7: 19}
Trying to solve brute-force congestion at gate [3, 12] with {0: 1, 1: 0, 2: 18, 3: 3, 4: 12, 5: 13, 6: 14, 7: 19}
Trying to moving ion 3... to 3
Ion assignment after moving ion 3: {0: 1, 1: 0, 2: 18, 3: 3, 4: 12, 5: 13, 6: 14, 7: 19}
Gate position gate updated to [ 3 12]--------------c
Trying to moving ion 12... to 4
Ion assignment after moving ion 12: {0: 1, 1: 0, 2: 18, 3: 3, 4: 4, 5: 12, 6: 13, 7: 19}
Trying to solve brute-force congestion at gate [3] with {0: 1, 1: 0, 2: 18, 3: 3, 4: 4, 5: 12, 6: 13, 7: 19}
Trying to moving ion 3... to 3
Ion assignment after moving ion 3: {0: 1, 1: 0, 2: 18, 3: 3, 4: 4, 5: 12, 6: 13, 7: 19}
Trying to solve brute-force congestion at gate [3, 4] with {0: 1, 1: 0, 2: 18, 3: 3, 4: 4, 5: 12, 6: 13, 7: 19}
Trying to moving ion 3... to 3
Ion assignment after moving ion 3: {0: 1, 1: 0, 2: 18, 3: 3, 4: 4, 5: 12, 6: 13, 7: 19}
Gate position gate updated to [3 4]--------------c
Trying to moving ion 4... to 4
Ion assignment after moving ion 4: {0: 1, 1: 0, 2: 18, 3: 3, 4: 4, 5: 12, 6: 13, 7: 19}
Trying to solve brute-force congestion at gate [4] with {0: 1, 1: 0, 2: 18, 3: 3, 4: 4, 5: 12, 6: 13, 7: 19}
Trying to moving ion 4... to 3
Ion assignment after moving ion 4: {0: 1, 1: 0, 2: 18, 3: 4, 4: 3, 5: 12, 6: 13, 7: 19}
Trying to solve brute-force congestion at gate [18, 4] with {0: 1, 1: 0, 2: 18, 3: 4, 4: 3, 5: 12, 6: 13, 7: 19}
Trying to moving ion 4... to 3
Ion assignment after moving ion 4: {0: 1, 1: 0, 2: 18, 3: 3, 4: 4, 5: 12, 6: 13, 7: 19}
Gate position gate updated to [ 3 18]--------------c
Trying to moving ion 18... to 4
Ion assignment after moving ion 18: {0: 1, 1: 0, 2: 4, 3: 3, 4: 5, 5: 12, 6: 13, 7: 19}
Trying to solve brute-force congestion at gate [3] with {0: 1, 1: 0, 2: 4, 3: 3, 4: 5, 5: 12, 6: 13, 7: 19}
Trying to moving ion 3... to 3
Ion assignment after moving ion 3: {0: 1, 1: 0, 2: 4, 3: 3, 4: 5, 5: 12, 6: 13, 7: 19}
Trying to solve brute-force congestion at gate [13, 19] with {0: 1, 1: 0, 2: 4, 3: 3, 4: 5, 5: 12, 6: 13, 7: 19}
Trying to moving ion 13... to 12
Ion assignment after moving ion 13: {0: 1, 1: 0, 2: 4, 3: 3, 4: 5, 5: 13, 6: 12, 7: 19}
Gate position gate updated to [12 19]--------------c
Trying to moving ion 19... to 13
Ion assignment after moving ion 19: {0: 1, 1: 0, 2: 4, 3: 3, 4: 5, 5: 14, 6: 12, 7: 13}
Trying to solve brute-force congestion at gate [13] with {0: 1, 1: 0, 2: 4, 3: 3, 4: 5, 5: 14, 6: 12, 7: 13}
Trying to moving ion 13... to 12
Ion assignment after moving ion 13: {0: 1, 1: 0, 2: 4, 3: 3, 4: 5, 5: 14, 6: 13, 7: 12}
Trying to solve brute-force congestion at gate [13, 12] with {0: 1, 1: 0, 2: 4, 3: 3, 4: 5, 5: 14, 6: 13, 7: 12}
Trying to moving ion 13... to 12
Ion assignment after moving ion 13: {0: 1, 1: 0, 2: 4, 3: 3, 4: 5, 5: 14, 6: 12, 7: 13}
Clearing endpoint 14.........
Gate position gate updated to [12 13]--------------c
Trying to moving ion 13... to 13
Ion assignment after moving ion 13: {0: 1, 1: 0, 2: 4, 3: 3, 4: 5, 5: 21, 6: 12, 7: 13}
Trying to solve brute-force congestion at gate [0, 4] with {0: 1, 1: 0, 2: 4, 3: 3, 4: 5, 5: 21, 6: 12, 7: 13}
Trying to moving ion 0... to 0
Ion assignment after moving ion 0: {0: 1, 1: 0, 2: 4, 3: 3, 4: 5, 5: 21, 6: 12, 7: 13}
Gate position gate updated to [0 4]--------------c
Trying to moving ion 4... to 1
Ion assignment after moving ion 4: {0: 2, 1: 0, 2: 1, 3: 3, 4: 4, 5: 21, 6: 12, 7: 13}
Trying to solve brute-force congestion at gate [21, 12] with {0: 2, 1: 0, 2: 1, 3: 3, 4: 4, 5: 21, 6: 12, 7: 13}
Trying to moving ion 12... to 12
Ion assignment after moving ion 12: {0: 2, 1: 0, 2: 1, 3: 3, 4: 4, 5: 21, 6: 12, 7: 13}
Gate position gate updated to [12 21]--------------c
Trying to moving ion 21... to 13
Ion assignment after moving ion 21: {0: 2, 1: 0, 2: 1, 3: 3, 4: 4, 5: 13, 6: 12, 7: 14}
Trying to solve brute-force congestion at gate [0, 1] with {0: 2, 1: 0, 2: 1, 3: 3, 4: 4, 5: 13, 6: 12, 7: 14}
Trying to moving ion 0... to 0
Ion assignment after moving ion 0: {0: 2, 1: 0, 2: 1, 3: 3, 4: 4, 5: 13, 6: 12, 7: 14}
Clearing endpoint 2.........
Gate position gate updated to [0 1]--------------c
Trying to moving ion 1... to 1
Ion assignment after moving ion 1: {0: 18, 1: 0, 2: 1, 3: 3, 4: 4, 5: 13, 6: 12, 7: 14}
Trying to solve brute-force congestion at gate [13, 12] with {0: 18, 1: 0, 2: 1, 3: 3, 4: 4, 5: 13, 6: 12, 7: 14}
Trying to moving ion 13... to 12
Ion assignment after moving ion 13: {0: 18, 1: 0, 2: 1, 3: 3, 4: 4, 5: 12, 6: 13, 7: 14}
Clearing endpoint 14.........
Gate position gate updated to [12 13]--------------c
Trying to moving ion 13... to 13
Ion assignment after moving ion 13: {0: 18, 1: 0, 2: 1, 3: 3, 4: 4, 5: 12, 6: 13, 7: 21}
Trying to solve brute-force congestion at gate [18, 0] with {0: 18, 1: 0, 2: 1, 3: 3, 4: 4, 5: 12, 6: 13, 7: 21}
Trying to moving ion 0... to 0
Ion assignment after moving ion 0: {0: 18, 1: 0, 2: 1, 3: 3, 4: 4, 5: 12, 6: 13, 7: 21}
Gate position gate updated to [ 0 18]--------------c
Trying to moving ion 18... to 1
Ion assignment after moving ion 18: {0: 1, 1: 0, 2: 2, 3: 3, 4: 4, 5: 12, 6: 13, 7: 21}
Trying to solve brute-force congestion at gate [0] with {0: 1, 1: 0, 2: 2, 3: 3, 4: 4, 5: 12, 6: 13, 7: 21}
Trying to moving ion 0... to 0
Ion assignment after moving ion 0: {0: 1, 1: 0, 2: 2, 3: 3, 4: 4, 5: 12, 6: 13, 7: 21}
Trying to solve brute-force congestion at gate [1, 0] with {0: 1, 1: 0, 2: 2, 3: 3, 4: 4, 5: 12, 6: 13, 7: 21}
Trying to moving ion 1... to 0
Ion assignment after moving ion 1: {0: 0, 1: 1, 2: 2, 3: 3, 4: 4, 5: 12, 6: 13, 7: 21}
Clearing endpoint 2.........
Gate position gate updated to [0 1]--------------c
Trying to moving ion 1... to 1
Ion assignment after moving ion 1: {0: 0, 1: 1, 2: 18, 3: 3, 4: 4, 5: 12, 6: 13, 7: 21}
Trying to solve brute-force congestion at gate [0] with {0: 0, 1: 1, 2: 18, 3: 3, 4: 4, 5: 12, 6: 13, 7: 21}
Trying to moving ion 0... to 0
Ion assignment after moving ion 0: {0: 0, 1: 1, 2: 18, 3: 3, 4: 4, 5: 12, 6: 13, 7: 21}
Trying to solve brute-force congestion at gate [4, 12] with {0: 0, 1: 1, 2: 18, 3: 3, 4: 4, 5: 12, 6: 13, 7: 21}
Trying to moving ion 12... to 12
Ion assignment after moving ion 12: {0: 0, 1: 1, 2: 18, 3: 3, 4: 4, 5: 12, 6: 13, 7: 21}
Gate position gate updated to [12  4]--------------c
Trying to moving ion 4... to 13
Ion assignment after moving ion 4: {0: 0, 1: 1, 2: 18, 3: 3, 4: 13, 5: 12, 6: 14, 7: 25}
Trying to solve brute-force congestion at gate [13] with {0: 0, 1: 1, 2: 18, 3: 3, 4: 13, 5: 12, 6: 14, 7: 25}
Trying to moving ion 13... to 12
Ion assignment after moving ion 13: {0: 0, 1: 1, 2: 18, 3: 3, 4: 12, 5: 13, 6: 14, 7: 25}
Trying to solve brute-force congestion at gate [12, 13] with {0: 0, 1: 1, 2: 18, 3: 3, 4: 12, 5: 13, 6: 14, 7: 25}
Trying to moving ion 12... to 12
Ion assignment after moving ion 12: {0: 0, 1: 1, 2: 18, 3: 3, 4: 12, 5: 13, 6: 14, 7: 25}
Clearing endpoint 14.........
Gate position gate updated to [12 13]--------------c
Trying to moving ion 13... to 13
Ion assignment after moving ion 13: {0: 0, 1: 1, 2: 18, 3: 3, 4: 12, 5: 13, 6: 21, 7: 25}
Trying to solve brute-force congestion at gate [12] with {0: 0, 1: 1, 2: 18, 3: 3, 4: 12, 5: 13, 6: 21, 7: 25}
Trying to moving ion 12... to 12
Ion assignment after moving ion 12: {0: 0, 1: 1, 2: 18, 3: 3, 4: 12, 5: 13, 6: 21, 7: 25}
Trying to solve brute-force congestion at gate [3, 12] with {0: 0, 1: 1, 2: 18, 3: 3, 4: 12, 5: 13, 6: 21, 7: 25}
Trying to moving ion 12... to 12
Ion assignment after moving ion 12: {0: 0, 1: 1, 2: 18, 3: 3, 4: 12, 5: 13, 6: 21, 7: 25}
Gate position gate updated to [12  3]--------------c
Trying to moving ion 3... to 13
Ion assignment after moving ion 3: {0: 0, 1: 1, 2: 18, 3: 13, 4: 12, 5: 14, 6: 24, 7: 25}
Trying to solve brute-force congestion at gate [13] with {0: 0, 1: 1, 2: 18, 3: 13, 4: 12, 5: 14, 6: 24, 7: 25}
Trying to moving ion 13... to 12
Ion assignment after moving ion 13: {0: 0, 1: 1, 2: 18, 3: 12, 4: 13, 5: 14, 6: 24, 7: 25}
Trying to solve brute-force congestion at gate [12, 13] with {0: 0, 1: 1, 2: 18, 3: 12, 4: 13, 5: 14, 6: 24, 7: 25}
Trying to moving ion 12... to 12
Ion assignment after moving ion 12: {0: 0, 1: 1, 2: 18, 3: 12, 4: 13, 5: 14, 6: 24, 7: 25}
Clearing endpoint 14.........
Gate position gate updated to [12 13]--------------c
Trying to moving ion 13... to 13
Ion assignment after moving ion 13: {0: 0, 1: 1, 2: 18, 3: 12, 4: 13, 5: 21, 6: 24, 7: 25}
Trying to solve brute-force congestion at gate [13] with {0: 0, 1: 1, 2: 18, 3: 12, 4: 13, 5: 21, 6: 24, 7: 25}
Trying to moving ion 13... to 12
Ion assignment after moving ion 13: {0: 0, 1: 1, 2: 18, 3: 13, 4: 12, 5: 21, 6: 24, 7: 25}
Trying to solve brute-force congestion at gate [18, 13] with {0: 0, 1: 1, 2: 18, 3: 13, 4: 12, 5: 21, 6: 24, 7: 25}
Trying to moving ion 13... to 12
Ion assignment after moving ion 13: {0: 0, 1: 1, 2: 18, 3: 12, 4: 13, 5: 21, 6: 24, 7: 25}
Gate position gate updated to [12 18]--------------c
Trying to moving ion 18... to 13
Ion assignment after moving ion 18: {0: 0, 1: 1, 2: 13, 3: 12, 4: 14, 5: 20, 6: 19, 7: 25}
Trying to solve brute-force congestion at gate [12] with {0: 0, 1: 1, 2: 13, 3: 12, 4: 14, 5: 20, 6: 19, 7: 25}
Trying to moving ion 12... to 12
Ion assignment after moving ion 12: {0: 0, 1: 1, 2: 13, 3: 12, 4: 14, 5: 20, 6: 19, 7: 25}
Trying to solve brute-force congestion at gate [13, 12] with {0: 0, 1: 1, 2: 13, 3: 12, 4: 14, 5: 20, 6: 19, 7: 25}
Trying to moving ion 13... to 12
Ion assignment after moving ion 13: {0: 0, 1: 1, 2: 12, 3: 13, 4: 14, 5: 20, 6: 19, 7: 25}
Clearing endpoint 14.........
Gate position gate updated to [12 13]--------------c
Trying to moving ion 13... to 13
Ion assignment after moving ion 13: {0: 0, 1: 1, 2: 12, 3: 13, 4: 21, 5: 20, 6: 19, 7: 25}
Trying to solve brute-force congestion at gate [12] with {0: 0, 1: 1, 2: 12, 3: 13, 4: 21, 5: 20, 6: 19, 7: 25}
Trying to moving ion 12... to 12
Ion assignment after moving ion 12: {0: 0, 1: 1, 2: 12, 3: 13, 4: 21, 5: 20, 6: 19, 7: 25}
Trying to solve brute-force congestion at gate [19, 25] with {0: 0, 1: 1, 2: 12, 3: 13, 4: 21, 5: 20, 6: 19, 7: 25}
Trying to moving ion 19... to 15
Ion assignment after moving ion 19: {0: 0, 1: 1, 2: 12, 3: 13, 4: 21, 5: 20, 6: 15, 7: 25}
Gate position gate updated to [15 25]--------------c
Trying to moving ion 25... to 16
Ion assignment after moving ion 25: {0: 0, 1: 1, 2: 12, 3: 13, 4: 21, 5: 20, 6: 15, 7: 16}
Trying to solve brute-force congestion at gate [15] with {0: 0, 1: 1, 2: 12, 3: 13, 4: 21, 5: 20, 6: 15, 7: 16}
Trying to moving ion 15... to 15
Ion assignment after moving ion 15: {0: 0, 1: 1, 2: 12, 3: 13, 4: 21, 5: 20, 6: 15, 7: 16}
Trying to solve brute-force congestion at gate [15, 16] with {0: 0, 1: 1, 2: 12, 3: 13, 4: 21, 5: 20, 6: 15, 7: 16}
Trying to moving ion 15... to 15
Ion assignment after moving ion 15: {0: 0, 1: 1, 2: 12, 3: 13, 4: 21, 5: 20, 6: 15, 7: 16}
Gate position gate updated to [15 16]--------------c
Trying to moving ion 16... to 16
Ion assignment after moving ion 16: {0: 0, 1: 1, 2: 12, 3: 13, 4: 21, 5: 20, 6: 15, 7: 16}
Trying to solve brute-force congestion at gate [16] with {0: 0, 1: 1, 2: 12, 3: 13, 4: 21, 5: 20, 6: 15, 7: 16}
Trying to moving ion 16... to 15
Ion assignment after moving ion 16: {0: 0, 1: 1, 2: 12, 3: 13, 4: 21, 5: 20, 6: 16, 7: 15}
Trying to solve brute-force congestion at gate [20, 16] with {0: 0, 1: 1, 2: 12, 3: 13, 4: 21, 5: 20, 6: 16, 7: 15}
Trying to moving ion 16... to 15
Ion assignment after moving ion 16: {0: 0, 1: 1, 2: 12, 3: 13, 4: 21, 5: 20, 6: 15, 7: 16}
Gate position gate updated to [15 20]--------------c
Trying to moving ion 20... to 16
Ion assignment after moving ion 20: {0: 0, 1: 1, 2: 12, 3: 13, 4: 21, 5: 16, 6: 15, 7: 17}
Trying to solve brute-force congestion at gate [15] with {0: 0, 1: 1, 2: 12, 3: 13, 4: 21, 5: 16, 6: 15, 7: 17}
Trying to moving ion 15... to 15
Ion assignment after moving ion 15: {0: 0, 1: 1, 2: 12, 3: 13, 4: 21, 5: 16, 6: 15, 7: 17}
Trying to solve brute-force congestion at gate [16, 15] with {0: 0, 1: 1, 2: 12, 3: 13, 4: 21, 5: 16, 6: 15, 7: 17}
Trying to moving ion 16... to 15
Ion assignment after moving ion 16: {0: 0, 1: 1, 2: 12, 3: 13, 4: 21, 5: 15, 6: 16, 7: 17}
Clearing endpoint 17.........
Gate position gate updated to [15 16]--------------c
Trying to moving ion 16... to 16
Ion assignment after moving ion 16: {0: 0, 1: 1, 2: 12, 3: 13, 4: 21, 5: 15, 6: 16, 7: 19}
Trying to solve brute-force congestion at gate [15] with {0: 0, 1: 1, 2: 12, 3: 13, 4: 21, 5: 15, 6: 16, 7: 19}
Trying to moving ion 15... to 15
Ion assignment after moving ion 15: {0: 0, 1: 1, 2: 12, 3: 13, 4: 21, 5: 15, 6: 16, 7: 19}
Trying to solve brute-force congestion at gate [21, 15] with {0: 0, 1: 1, 2: 12, 3: 13, 4: 21, 5: 15, 6: 16, 7: 19}
Trying to moving ion 15... to 15
Ion assignment after moving ion 15: {0: 0, 1: 1, 2: 12, 3: 13, 4: 21, 5: 15, 6: 16, 7: 19}
Gate position gate updated to [15 21]--------------c
Trying to moving ion 21... to 16
Ion assignment after moving ion 21: {0: 0, 1: 1, 2: 12, 3: 13, 4: 16, 5: 15, 6: 17, 7: 18}
Trying to solve brute-force congestion at gate [16] with {0: 0, 1: 1, 2: 12, 3: 13, 4: 16, 5: 15, 6: 17, 7: 18}
Trying to moving ion 16... to 15
Ion assignment after moving ion 16: {0: 0, 1: 1, 2: 12, 3: 13, 4: 15, 5: 16, 6: 17, 7: 18}
Trying to solve brute-force congestion at gate [15, 16] with {0: 0, 1: 1, 2: 12, 3: 13, 4: 15, 5: 16, 6: 17, 7: 18}
Trying to moving ion 15... to 15
Ion assignment after moving ion 15: {0: 0, 1: 1, 2: 12, 3: 13, 4: 15, 5: 16, 6: 17, 7: 18}
Clearing endpoint 17.........
Gate position gate updated to [15 16]--------------c
Trying to moving ion 16... to 16
Ion assignment after moving ion 16: {0: 0, 1: 1, 2: 12, 3: 13, 4: 15, 5: 16, 6: 19, 7: 18}
Trying to solve brute-force congestion at gate [15] with {0: 0, 1: 1, 2: 12, 3: 13, 4: 15, 5: 16, 6: 19, 7: 18}
Trying to moving ion 15... to 15
Ion assignment after moving ion 15: {0: 0, 1: 1, 2: 12, 3: 13, 4: 15, 5: 16, 6: 19, 7: 18}
Trying to solve brute-force congestion at gate [19, 18] with {0: 0, 1: 1, 2: 12, 3: 13, 4: 15, 5: 16, 6: 19, 7: 18}
Trying to moving ion 18... to 0
Ion assignment after moving ion 18: {0: 1, 1: 2, 2: 12, 3: 13, 4: 15, 5: 16, 6: 19, 7: 0}
Clearing endpoint 2.........
Gate position gate updated to [ 0 19]--------------c
Trying to moving ion 19... to 1
Ion assignment after moving ion 19: {0: 2, 1: 24, 2: 12, 3: 13, 4: 15, 5: 16, 6: 1, 7: 0}
Trying to solve brute-force congestion at gate [1] with {0: 2, 1: 24, 2: 12, 3: 13, 4: 15, 5: 16, 6: 1, 7: 0}
Trying to moving ion 1... to 0
Ion assignment after moving ion 1: {0: 2, 1: 24, 2: 12, 3: 13, 4: 15, 5: 16, 6: 0, 7: 1}
Trying to solve brute-force congestion at gate [0, 1] with {0: 2, 1: 24, 2: 12, 3: 13, 4: 15, 5: 16, 6: 0, 7: 1}
Trying to moving ion 0... to 0
Ion assignment after moving ion 0: {0: 2, 1: 24, 2: 12, 3: 13, 4: 15, 5: 16, 6: 0, 7: 1}
Clearing endpoint 2.........
Gate position gate updated to [0 1]--------------c
Trying to moving ion 1... to 1
Ion assignment after moving ion 1: {0: 18, 1: 24, 2: 12, 3: 13, 4: 15, 5: 16, 6: 0, 7: 1}
Trying to solve brute-force congestion at gate [0] with {0: 18, 1: 24, 2: 12, 3: 13, 4: 15, 5: 16, 6: 0, 7: 1}
Trying to moving ion 0... to 0
Ion assignment after moving ion 0: {0: 18, 1: 24, 2: 12, 3: 13, 4: 15, 5: 16, 6: 0, 7: 1}
Executing gate at point (0, 2).
Executing gate at point (0, 4).
Executing gate at point (0, 6).
Executing gate at point (1, 2).
Executing gate at point (1, 4).
Executing gate at point (1, 6).
Executing gate at point (2, 4).
Executing gate at point (2, 7).
Executing gate at point (2, 3).
Executing gate at point (2, 6).
Executing gate at point (2, 2).
Executing gate at point (2, 5).
Executing gate at point (3, 4).
Executing gate at point (3, 6).
Executing gate at point (3, 2).
Executing gate at point (4, 4).
Executing gate at point (4, 3).
Executing gate at point (4, 6).
Executing gate at point (4, 2).
Executing gate at point (4, 5).
Executing gate at point (4, 7).
Best move: (0, 1)
Best move: (13, 14)
Best move: (14, 21)
Best move: (16, 17)
Best move: (17, 19)
Best move: (15, 16)
Best move: (20, 21)
Best move: (20, 21)
Try bruteforce due to multiple steps (8) to solve one gate
Trying to solve brute-force congestion at gate [19, 1] with {0: 18, 1: 24, 2: 12, 3: 21, 4: 16, 5: 19, 6: 1, 7: 0}
Trying to moving ion 1... to 0
Ion assignment after moving ion 1: {0: 18, 1: 24, 2: 12, 3: 21, 4: 16, 5: 19, 6: 0, 7: 1}
Gate position gate updated to [ 0 19]--------------c
Trying to moving ion 19... to 1
Ion assignment after moving ion 19: {0: 24, 1: 25, 2: 12, 3: 21, 4: 16, 5: 1, 6: 0, 7: 2}
Executing gate at point (5, 5).
Executing gate at point (6, 5).
Executing gate at point (6, 6).
Executing gate at point (7, 5).
Executing gate at point (8, 6).
Executing gate at point (8, 5).
Executing gate at point (9, 6).
Executing gate at point (10, 7).
Executing gate at point (10, 6).
Executing gate at point (11, 6).
Executing gate at point (12, 6).
Best move: (20, 21)
Best move: (20, 21)
Best move: (20, 21)
Try bruteforce due to repeated pattern...
Trying to solve brute-force congestion at gate [20, 16] with {0: 24, 1: 25, 2: 12, 3: 20, 4: 16, 5: 1, 6: 0, 7: 2}
Trying to moving ion 16... to 15
Ion assignment after moving ion 16: {0: 24, 1: 25, 2: 12, 3: 20, 4: 15, 5: 1, 6: 0, 7: 2}
Gate position gate updated to [15 20]--------------c
Trying to moving ion 20... to 16
Ion assignment after moving ion 20: {0: 18, 1: 25, 2: 12, 3: 16, 4: 15, 5: 1, 6: 0, 7: 2}
Executing gate at point (5, 3).
Executing gate at point (6, 3).
Executing gate at point (6, 4).
Executing gate at point (7, 3).
Executing gate at point (8, 3).
Executing gate at point (8, 4).
Best move: (18, 24)
Best move: (20, 24)
Best move: (1, 2)
Best move: (2, 18)
Best move: (18, 19)
Best move: (5, 20)
Executing gate at point (0, 0).
Best move: (20, 25)
Best move: (4, 5)
Best move: (5, 20)
Executing gate at point (1, 0).
Executing gate at point (2, 0).
Executing gate at point (2, 1).
Executing gate at point (3, 0).
Executing gate at point (4, 0).
Executing gate at point (4, 1).
Best move: (5, 20)
Best move: (20, 21)
Best move: (14, 21)
Executing gate at point (5, 1).
Executing gate at point (6, 1).
Executing gate at point (6, 2).
Executing gate at point (7, 1).
Executing gate at point (8, 2).
Executing gate at point (8, 1).
Best move: (14, 21)
Best move: (20, 21)
Best move: (5, 20)
Executing gate at point (9, 0).
Executing gate at point (10, 1).
Executing gate at point (10, 0).
Executing gate at point (11, 0).
Executing gate at point (12, 0).
Best move: (12, 13)
Best move: (13, 14)
Best move: (14, 21)
Best move: (21, 24)
Best move: (18, 24)
Best move: (15, 16)
Best move: (15, 16)
Best move: (18, 24)
Try bruteforce due to multiple steps (8) to solve one gate
Trying to solve brute-force congestion at gate [24, 16] with {0: 4, 1: 5, 2: 24, 3: 16, 4: 15, 5: 19, 6: 0, 7: 1}
Trying to moving ion 16... to 15
Ion assignment after moving ion 16: {0: 4, 1: 5, 2: 24, 3: 15, 4: 16, 5: 19, 6: 0, 7: 1}
Gate position gate updated to [15 24]--------------c
Trying to moving ion 24... to 16
Ion assignment after moving ion 24: {0: 4, 1: 5, 2: 16, 3: 15, 4: 17, 5: 18, 6: 0, 7: 1}
Executing gate at point (9, 2).
Executing gate at point (10, 3).
Executing gate at point (10, 2).
Executing gate at point (11, 2).
Executing gate at point (12, 2).
Executing gate at point (12, 3).
Best move: (17, 19)
Best move: (5, 20)
Best move: (20, 24)
Best move: (15, 16)
Best move: (15, 16)
Best move: (15, 16)
Best move: (15, 16)
Try bruteforce due to repeated pattern...
Trying to solve brute-force congestion at gate [24, 16] with {0: 4, 1: 24, 2: 16, 3: 15, 4: 19, 5: 18, 6: 0, 7: 1}
Trying to moving ion 16... to 15
Ion assignment after moving ion 16: {0: 4, 1: 24, 2: 15, 3: 16, 4: 19, 5: 18, 6: 0, 7: 1}
Gate position gate updated to [15 24]--------------c
Trying to moving ion 24... to 16
Ion assignment after moving ion 24: {0: 4, 1: 16, 2: 15, 3: 17, 4: 18, 5: 2, 6: 0, 7: 1}
Executing gate at point (13, 1).
Executing gate at point (14, 1).
Executing gate at point (14, 2).
Executing gate at point (15, 1).
Executing gate at point (16, 1).
Executing gate at point (16, 2).
Best move: (16, 17)
Best move: (18, 24)
Best move: (2, 18)
Best move: (21, 24)
Best move: (18, 24)
Best move: (14, 21)
Best move: (21, 24)
Best move: (13, 14)
Try bruteforce due to multiple steps (8) to solve one gate
Trying to solve brute-force congestion at gate [13, 21] with {0: 4, 1: 17, 2: 15, 3: 16, 4: 13, 5: 21, 6: 0, 7: 1}
Trying to moving ion 13... to 12
Ion assignment after moving ion 13: {0: 4, 1: 17, 2: 15, 3: 16, 4: 12, 5: 21, 6: 0, 7: 1}
Gate position gate updated to [12 21]--------------c
Trying to moving ion 21... to 13
Ion assignment after moving ion 21: {0: 4, 1: 17, 2: 15, 3: 16, 4: 12, 5: 13, 6: 0, 7: 1}
Executing gate at point (9, 4).
Executing gate at point (10, 5).
Executing gate at point (10, 4).
Executing gate at point (11, 4).
Executing gate at point (12, 4).
Executing gate at point (12, 5).
Best move: (17, 19)
Best move: (19, 24)
Best move: (20, 24)
Best move: (5, 20)
Executing gate at point (17, 0).
Executing gate at point (18, 1).
Executing gate at point (18, 0).
Executing gate at point (19, 0).
Executing gate at point (20, 1).
Executing gate at point (20, 0).
Best move: (16, 17)
Best move: (17, 19)
Best move: (19, 24)
Best move: (21, 24)
Best move: (0, 1)
Best move: (1, 2)
Best move: (2, 18)
Best move: (18, 24)
Try bruteforce due to multiple steps (8) to solve one gate
Trying to solve brute-force congestion at gate [21, 12] with {0: 4, 1: 5, 2: 15, 3: 21, 4: 12, 5: 13, 6: 24, 7: 0}
Trying to moving ion 12... to 12
Ion assignment after moving ion 12: {0: 4, 1: 5, 2: 15, 3: 21, 4: 12, 5: 13, 6: 24, 7: 0}
Gate position gate updated to [12 21]--------------c
Trying to moving ion 21... to 13
Ion assignment after moving ion 21: {0: 4, 1: 5, 2: 15, 3: 13, 4: 12, 5: 14, 6: 24, 7: 0}
Executing gate at point (13, 3).
Executing gate at point (14, 3).
Executing gate at point (14, 4).
Executing gate at point (15, 3).
Executing gate at point (16, 4).
Executing gate at point (16, 3).
Best move: (14, 21)
Best move: (18, 24)
Best move: (21, 24)
Best move: (13, 14)
Best move: (14, 21)
Best move: (2, 18)
Best move: (18, 24)
Best move: (21, 24)
Try bruteforce due to multiple steps (8) to solve one gate
Trying to solve brute-force congestion at gate [18, 2] with {0: 4, 1: 5, 2: 15, 3: 24, 4: 12, 5: 18, 6: 2, 7: 0}
Trying to moving ion 2... to 0
Ion assignment after moving ion 2: {0: 4, 1: 5, 2: 15, 3: 24, 4: 12, 5: 18, 6: 0, 7: 1}Input filename:  TFXY_n8_s100_compiled
Algorithm:  SHAW
Trap type:  G2x3
Trap capacity:  3
Num layout passes:  2
Gate type:  FM
Run index:  7
Creating a QCCD machine ...
QCCD physical machine:
### Traps ### 
Trap(id='trap_0', max_num_ions=3, initial_num_ions=0, executable=True, measureable=True)
Trap(id='trap_1', max_num_ions=3, initial_num_ions=0, executable=True, measureable=True)
Trap(id='trap_2', max_num_ions=3, initial_num_ions=0, executable=True, measureable=True)
Trap(id='trap_3', max_num_ions=3, initial_num_ions=0, executable=True, measureable=True)
Trap(id='trap_4', max_num_ions=3, initial_num_ions=0, executable=True, measureable=True)
Trap(id='trap_5', max_num_ions=3, initial_num_ions=0, executable=True, measureable=True)
### Junctions ### 
Junction(id='junction_0')
Junction(id='junction_1')
Junction(id='junction_2')
### Segments ### 
Segment(id='segment_0', left=Trap(id='trap_0', max_num_ions=3, initial_num_ions=0, executable=True, measureable=True), right=Junction(id='junction_0'))
Segment(id='segment_1', left=Trap(id='trap_5', max_num_ions=3, initial_num_ions=0, executable=True, measureable=True), right=Junction(id='junction_0'))
Segment(id='segment_2', left=Trap(id='trap_1', max_num_ions=3, initial_num_ions=0, executable=True, measureable=True), right=Junction(id='junction_1'))
Segment(id='segment_3', left=Trap(id='trap_4', max_num_ions=3, initial_num_ions=0, executable=True, measureable=True), right=Junction(id='junction_1'))
Segment(id='segment_4', left=Trap(id='trap_2', max_num_ions=3, initial_num_ions=0, executable=True, measureable=True), right=Junction(id='junction_2'))
Segment(id='segment_5', left=Trap(id='trap_3', max_num_ions=3, initial_num_ions=0, executable=True, measureable=True), right=Junction(id='junction_2'))
Segment(id='segment_6', left=Junction(id='junction_0'), right=Junction(id='junction_1'))
Segment(id='segment_7', left=Junction(id='junction_1'), right=Junction(id='junction_2'))
Finished creating the QCCD physical machine.
Position graph:  CouplingGraph({(3, 4), (12, 13), (22, 23), (21, 25), (23, 25), (11, 23), (13, 14), (19, 24), (18, 19), (4, 5), (20, 25), (21, 24), (22, 25), (14, 21), (0, 1), (9, 10), (1, 2), (10, 11), (6, 7), (15, 16), (24, 25), (18, 24), (20, 21), (20, 24), (17, 19), (5, 20), (8, 22), (2, 18), (7, 8), (16, 17)})
Initial ion assignment:  {0: 17, 1: 6, 2: 4, 3: 11, 4: 0, 5: 1, 6: 13, 7: 5}
Congestion rate:  1.0
Scheduling QCCD: 1920004120.0000005 us, costing 38.75140220008325 s to compile
1920.0041200000003
38.75140220008325
{0: 18, 1: 24, 2: 12, 3: 13, 4: 15, 5: 16, 6: 0, 7: 1}
[0, 1, 2, 3, 4, 5, 6, 7]
