Executing gate at point (0, 4).
Best move: (5, 20)
Best move: (20, 25)
Best move: (22, 25)
Best move: (7, 8)
Best move: (8, 22)
Executing gate at point (1, 3).
Executing gate at point (2, 3).
Executing gate at point (3, 3).
Executing gate at point (4, 4).
Best move: (8, 22)
Best move: (22, 25)
Best move: (21, 25)
Best move: (12, 13)
Best move: (12, 13)
Best move: (12, 13)
Try bruteforce due to repeated pattern...
Trying to solve brute-force congestion at gate [12, 21] with {0: 10, 1: 14, 2: 12, 3: 21, 4: 7, 5: 9, 6: 1, 7: 15}
Trying to moving ion 12... to 12
Ion assignment after moving ion 12: {0: 10, 1: 14, 2: 12, 3: 21, 4: 7, 5: 9, 6: 1, 7: 15}
Clearing endpoint 14.........
Gate position gate updated to [12 21]--------------c
Trying to moving ion 21... to 13
Ion assignment after moving ion 21: {0: 10, 1: 14, 2: 12, 3: 13, 4: 7, 5: 9, 6: 1, 7: 15}
Executing gate at point (4, 2).
Executing gate at point (5, 2).
Executing gate at point (6, 2).
Executing gate at point (7, 1).
Executing gate at point (7, 3).
Executing gate at point (8, 1).
Executing gate at point (9, 1).
Executing gate at point (10, 1).
Executing gate at point (10, 2).
Best move: (14, 21)
Best move: (21, 25)
Best move: (23, 25)
Best move: (11, 23)
Executing gate at point (11, 0).
Executing gate at point (12, 0).
Executing gate at point (13, 0).
Executing gate at point (14, 1).
Best move: (1, 2)
Best move: (2, 18)
Best move: (18, 19)
Best move: (17, 19)
Executing gate at point (0, 6).
Executing gate at point (1, 6).
Executing gate at point (2, 6).
Executing gate at point (3, 7).
Executing gate at point (4, 7).
Best move: (9, 10)
Best move: (10, 11)
Best move: (11, 23)
Best move: (23, 25)
Best move: (24, 25)
Best move: (19, 24)
Best move: (16, 17)
Best move: (17, 19)
Try bruteforce due to multiple steps (8) to solve one gate
Trying to solve brute-force congestion at gate [17, 16] with {0: 9, 1: 10, 2: 12, 3: 13, 4: 7, 5: 17, 6: 16, 7: 15}
Trying to moving ion 17... to 15
Ion assignment after moving ion 17: {0: 9, 1: 10, 2: 12, 3: 13, 4: 7, 5: 15, 6: 17, 7: 16}
Gate position gate updated to [15 17]--------------c
Trying to moving ion 17... to 16
Ion assignment after moving ion 17: {0: 9, 1: 10, 2: 12, 3: 13, 4: 7, 5: 15, 6: 16, 7: 17}
Executing gate at point (3, 5).
Executing gate at point (4, 5).
Executing gate at point (5, 5).
Executing gate at point (6, 6).
Executing gate at point (6, 5).
Best move: (15, 16)
Best move: (16, 17)
Best move: (17, 19)
Best move: (19, 24)
Best move: (24, 25)
Best move: (22, 25)
Best move: (8, 22)
Executing gate at point (7, 4).
Executing gate at point (8, 5).
Executing gate at point (9, 4).
Executing gate at point (10, 4).
Executing gate at point (10, 5).
Best move: (8, 22)
Best move: (7, 8)
Best move: (12, 13)
Best move: (12, 13)
Best move: (12, 13)
Try bruteforce due to repeated pattern...
Trying to solve brute-force congestion at gate [12, 8] with {0: 9, 1: 10, 2: 13, 3: 12, 4: 8, 5: 22, 6: 15, 7: 16}
Trying to moving ion 12... to 12
Ion assignment after moving ion 12: {0: 9, 1: 10, 2: 13, 3: 12, 4: 8, 5: 22, 6: 15, 7: 16}
Gate position gate updated to [12  8]--------------c
Trying to moving ion 8... to 13
Ion assignment after moving ion 8: {0: 9, 1: 10, 2: 14, 3: 12, 4: 13, 5: 20, 6: 15, 7: 16}
Executing gate at point (11, 3).
Executing gate at point (12, 3).
Executing gate at point (13, 3).
Executing gate at point (14, 3).
Executing gate at point (14, 4).
Executing gate at point (15, 2).
Executing gate at point (16, 2).
Executing gate at point (17, 2).
Executing gate at point (18, 2).
Best move: (20, 24)
Best move: (19, 24)
Best move: (14, 21)
Best move: (21, 25)
Best move: (23, 25)
Best move: (11, 23)
Executing gate at point (19, 1).
Executing gate at point (20, 1).
Executing gate at point (21, 1).
Executing gate at point (22, 1).
Executing gate at point (22, 2).
Best move: (17, 19)
Executing gate at point (11, 5).
Executing gate at point (12, 5).
Executing gate at point (13, 5).
Executing gate at point (14, 6).
Executing gate at point (14, 5).
Executing gate at point (15, 6).
Executing gate at point (15, 7).
Executing gate at point (16, 6).
Executing gate at point (17, 6).
Executing gate at point (17, 7).
Best move: (17, 19)
Best move: (19, 24)
Best move: (21, 24)
Best move: (14, 21)
Executing gate at point (15, 4).
Executing gate at point (16, 4).
Executing gate at point (17, 4).
Executing gate at point (18, 4).
Executing gate at point (18, 5).
Executing gate at point (19, 4).
Executing gate at point (20, 3).
Executing gate at point (21, 3).
Executing gate at point (22, 3).
Executing gate at point (23, 4).
Executing gate at point (23, 3).
Best move: (14, 21)
Best move: (21, 24)
Best move: (19, 24)
Best move: (17, 19)
Executing gate at point (19, 5).
Executing gate at point (20, 5).
Executing gate at point (20, 6).
Executing gate at point (21, 5).
Executing gate at point (22, 5).
Executing gate at point (22, 6).
Trying to solve brute-force congestion at gate [20, 12] with {0: 9, 1: 10, 2: 20, 3: 12, 4: 13, 5: 21, 6: 15, 7: 16}
Trying to moving ion 12... to 12
Ion assignment after moving ion 12: {0: 9, 1: 10, 2: 20, 3: 12, 4: 13, 5: 21, 6: 15, 7: 16}
Gate position gate updated to [12 20]--------------c
Trying to moving ion 20... to 13
Ion assignment after moving ion 20: {0: 9, 1: 10, 2: 13, 3: 12, 4: 14, 5: 24, 6: 15, 7: 16}
Trying to solve brute-force congestion at gate [13] with {0: 9, 1: 10, 2: 13, 3: 12, 4: 14, 5: 24, 6: 15, 7: 16}
Trying to moving ion 13... to 12
Ion assignment after moving ion 13: {0: 9, 1: 10, 2: 12, 3: 13, 4: 14, 5: 24, 6: 15, 7: 16}
Trying to solve brute-force congestion at gate [12, 13] with {0: 9, 1: 10, 2: 12, 3: 13, 4: 14, 5: 24, 6: 15, 7: 16}
Trying to moving ion 12... to 12
Ion assignment after moving ion 12: {0: 9, 1: 10, 2: 12, 3: 13, 4: 14, 5: 24, 6: 15, 7: 16}
Clearing endpoint 14.........
Gate position gate updated to [12 13]--------------c
Trying to moving ion 13... to 13
Ion assignment after moving ion 13: {0: 9, 1: 10, 2: 12, 3: 13, 4: 21, 5: 24, 6: 15, 7: 16}
Trying to solve brute-force congestion at gate [13] with {0: 9, 1: 10, 2: 12, 3: 13, 4: 21, 5: 24, 6: 15, 7: 16}
Trying to moving ion 13... to 12
Ion assignment after moving ion 13: {0: 9, 1: 10, 2: 13, 3: 12, 4: 21, 5: 24, 6: 15, 7: 16}
Trying to solve brute-force congestion at gate [10, 13] with {0: 9, 1: 10, 2: 13, 3: 12, 4: 21, 5: 24, 6: 15, 7: 16}
Trying to moving ion 10... to 9
Ion assignment after moving ion 10: {0: 10, 1: 9, 2: 13, 3: 12, 4: 21, 5: 24, 6: 15, 7: 16}
Gate position gate updated to [ 9 13]--------------c
Trying to moving ion 13... to 10
Ion assignment after moving ion 13: {0: 11, 1: 9, 2: 10, 3: 12, 4: 22, 5: 24, 6: 15, 7: 16}
Trying to solve brute-force congestion at gate [9] with {0: 11, 1: 9, 2: 10, 3: 12, 4: 22, 5: 24, 6: 15, 7: 16}
Trying to moving ion 9... to 9
Ion assignment after moving ion 9: {0: 11, 1: 9, 2: 10, 3: 12, 4: 22, 5: 24, 6: 15, 7: 16}
Trying to solve brute-force congestion at gate [22, 24] with {0: 11, 1: 9, 2: 10, 3: 12, 4: 22, 5: 24, 6: 15, 7: 16}
Trying to moving ion 22... to 6
Ion assignment after moving ion 22: {0: 11, 1: 9, 2: 10, 3: 12, 4: 6, 5: 24, 6: 15, 7: 16}
Gate position gate updated to [ 6 24]--------------c
Trying to moving ion 24... to 7
Ion assignment after moving ion 24: {0: 11, 1: 9, 2: 10, 3: 12, 4: 6, 5: 7, 6: 15, 7: 16}
Trying to solve brute-force congestion at gate [6] with {0: 11, 1: 9, 2: 10, 3: 12, 4: 6, 5: 7, 6: 15, 7: 16}
Trying to moving ion 6... to 6
Ion assignment after moving ion 6: {0: 11, 1: 9, 2: 10, 3: 12, 4: 6, 5: 7, 6: 15, 7: 16}
Trying to solve brute-force congestion at gate [6, 7] with {0: 11, 1: 9, 2: 10, 3: 12, 4: 6, 5: 7, 6: 15, 7: 16}
Trying to moving ion 6... to 6
Ion assignment after moving ion 6: {0: 11, 1: 9, 2: 10, 3: 12, 4: 6, 5: 7, 6: 15, 7: 16}
Gate position gate updated to [6 7]--------------c
Trying to moving ion 7... to 7
Ion assignment after moving ion 7: {0: 11, 1: 9, 2: 10, 3: 12, 4: 6, 5: 7, 6: 15, 7: 16}
Trying to solve brute-force congestion at gate [6] with {0: 11, 1: 9, 2: 10, 3: 12, 4: 6, 5: 7, 6: 15, 7: 16}
Trying to moving ion 6... to 6
Ion assignment after moving ion 6: {0: 11, 1: 9, 2: 10, 3: 12, 4: 6, 5: 7, 6: 15, 7: 16}
Trying to solve brute-force congestion at gate [12, 6] with {0: 11, 1: 9, 2: 10, 3: 12, 4: 6, 5: 7, 6: 15, 7: 16}
Trying to moving ion 6... to 6
Ion assignment after moving ion 6: {0: 11, 1: 9, 2: 10, 3: 12, 4: 6, 5: 7, 6: 15, 7: 16}
Gate position gate updated to [ 6 12]--------------c
Trying to moving ion 12... to 7
Ion assignment after moving ion 12: {0: 11, 1: 9, 2: 10, 3: 7, 4: 6, 5: 8, 6: 15, 7: 16}
Trying to solve brute-force congestion at gate [8, 15] with {0: 11, 1: 9, 2: 10, 3: 7, 4: 6, 5: 8, 6: 15, 7: 16}
Trying to moving ion 15... to 15
Ion assignment after moving ion 15: {0: 11, 1: 9, 2: 10, 3: 7, 4: 6, 5: 8, 6: 15, 7: 16}
Gate position gate updated to [15  8]--------------c
Trying to moving ion 8... to 16
Ion assignment after moving ion 8: {0: 11, 1: 9, 2: 10, 3: 7, 4: 6, 5: 16, 6: 15, 7: 17}
Trying to solve brute-force congestion at gate [16] with {0: 11, 1: 9, 2: 10, 3: 7, 4: 6, 5: 16, 6: 15, 7: 17}
Trying to moving ion 16... to 15
Ion assignment after moving ion 16: {0: 11, 1: 9, 2: 10, 3: 7, 4: 6, 5: 15, 6: 16, 7: 17}
Trying to solve brute-force congestion at gate [6] with {0: 11, 1: 9, 2: 10, 3: 7, 4: 6, 5: 15, 6: 16, 7: 17}
Trying to moving ion 6... to 6
Ion assignment after moving ion 6: {0: 11, 1: 9, 2: 10, 3: 7, 4: 6, 5: 15, 6: 16, 7: 17}
Trying to solve brute-force congestion at gate [15] with {0: 11, 1: 9, 2: 10, 3: 7, 4: 6, 5: 15, 6: 16, 7: 17}
Trying to moving ion 15... to 15
Ion assignment after moving ion 15: {0: 11, 1: 9, 2: 10, 3: 7, 4: 6, 5: 15, 6: 16, 7: 17}
Trying to solve brute-force congestion at gate [10, 7] with {0: 11, 1: 9, 2: 10, 3: 7, 4: 6, 5: 15, 6: 16, 7: 17}
Trying to moving ion 7... to 6
Ion assignment after moving ion 7: {0: 11, 1: 9, 2: 10, 3: 6, 4: 7, 5: 15, 6: 16, 7: 17}
Gate position gate updated to [ 6 10]--------------c
Trying to moving ion 10... to 7
Ion assignment after moving ion 10: {0: 10, 1: 9, 2: 7, 3: 6, 4: 8, 5: 15, 6: 16, 7: 17}
Trying to solve brute-force congestion at gate [7] with {0: 10, 1: 9, 2: 7, 3: 6, 4: 8, 5: 15, 6: 16, 7: 17}
Trying to moving ion 7... to 6
Ion assignment after moving ion 7: {0: 10, 1: 9, 2: 6, 3: 7, 4: 8, 5: 15, 6: 16, 7: 17}
Trying to solve brute-force congestion at gate [6, 7] with {0: 10, 1: 9, 2: 6, 3: 7, 4: 8, 5: 15, 6: 16, 7: 17}
Trying to moving ion 6... to 6
Ion assignment after moving ion 6: {0: 10, 1: 9, 2: 6, 3: 7, 4: 8, 5: 15, 6: 16, 7: 17}
Clearing endpoint 8.........
Gate position gate updated to [6 7]--------------c
Trying to moving ion 7... to 7
Ion assignment after moving ion 7: {0: 10, 1: 9, 2: 6, 3: 7, 4: 22, 5: 15, 6: 16, 7: 17}
Trying to solve brute-force congestion at gate [22, 15] with {0: 10, 1: 9, 2: 6, 3: 7, 4: 22, 5: 15, 6: 16, 7: 17}
Trying to moving ion 15... to 15
Ion assignment after moving ion 15: {0: 10, 1: 9, 2: 6, 3: 7, 4: 22, 5: 15, 6: 16, 7: 17}
Clearing endpoint 17.........
Gate position gate updated to [15 22]--------------c
Trying to moving ion 22... to 16
Ion assignment after moving ion 22: {0: 10, 1: 9, 2: 6, 3: 7, 4: 16, 5: 15, 6: 17, 7: 18}
Trying to solve brute-force congestion at gate [15] with {0: 10, 1: 9, 2: 6, 3: 7, 4: 16, 5: 15, 6: 17, 7: 18}
Trying to moving ion 15... to 15
Ion assignment after moving ion 15: {0: 10, 1: 9, 2: 6, 3: 7, 4: 16, 5: 15, 6: 17, 7: 18}
Trying to solve brute-force congestion at gate [16, 15] with {0: 10, 1: 9, 2: 6, 3: 7, 4: 16, 5: 15, 6: 17, 7: 18}
Trying to moving ion 16... to 15
Ion assignment after moving ion 16: {0: 10, 1: 9, 2: 6, 3: 7, 4: 15, 5: 16, 6: 17, 7: 18}
Clearing endpoint 17.........
Gate position gate updated to [15 16]--------------c
Trying to moving ion 16... to 16
Ion assignment after moving ion 16: {0: 10, 1: 9, 2: 6, 3: 7, 4: 15, 5: 16, 6: 19, 7: 18}
Trying to solve brute-force congestion at gate [15] with {0: 10, 1: 9, 2: 6, 3: 7, 4: 15, 5: 16, 6: 19, 7: 18}
Trying to moving ion 15... to 15
Ion assignment after moving ion 15: {0: 10, 1: 9, 2: 6, 3: 7, 4: 15, 5: 16, 6: 19, 7: 18}
Trying to solve brute-force congestion at gate [7, 15] with {0: 10, 1: 9, 2: 6, 3: 7, 4: 15, 5: 16, 6: 19, 7: 18}
Trying to moving ion 15... to 15
Ion assignment after moving ion 15: {0: 10, 1: 9, 2: 6, 3: 7, 4: 15, 5: 16, 6: 19, 7: 18}
Gate position gate updated to [15  7]--------------c
Trying to moving ion 7... to 16
Ion assignment after moving ion 7: {0: 10, 1: 9, 2: 6, 3: 16, 4: 15, 5: 17, 6: 18, 7: 2}
Trying to solve brute-force congestion at gate [16] with {0: 10, 1: 9, 2: 6, 3: 16, 4: 15, 5: 17, 6: 18, 7: 2}
Trying to moving ion 16... to 15
Ion assignment after moving ion 16: {0: 10, 1: 9, 2: 6, 3: 15, 4: 16, 5: 17, 6: 18, 7: 2}
Trying to solve brute-force congestion at gate [17, 18] with {0: 10, 1: 9, 2: 6, 3: 15, 4: 16, 5: 17, 6: 18, 7: 2}
Trying to moving ion 17... to 15
Ion assignment after moving ion 17: {0: 10, 1: 9, 2: 6, 3: 16, 4: 17, 5: 15, 6: 18, 7: 2}
Clearing endpoint 17.........
Gate position gate updated to [15 18]--------------c
Trying to moving ion 18... to 16
Ion assignment after moving ion 18: {0: 10, 1: 9, 2: 6, 3: 17, 4: 24, 5: 15, 6: 16, 7: 2}
Trying to solve brute-force congestion at gate [15] with {0: 10, 1: 9, 2: 6, 3: 17, 4: 24, 5: 15, 6: 16, 7: 2}
Trying to moving ion 15... to 15
Ion assignment after moving ion 15: {0: 10, 1: 9, 2: 6, 3: 17, 4: 24, 5: 15, 6: 16, 7: 2}
Trying to solve brute-force congestion at gate [17, 24] with {0: 10, 1: 9, 2: 6, 3: 17, 4: 24, 5: 15, 6: 16, 7: 2}
Trying to moving ion 17... to 15
Ion assignment after moving ion 17: {0: 10, 1: 9, 2: 6, 3: 15, 4: 24, 5: 16, 6: 17, 7: 2}
Clearing endpoint 17.........
Gate position gate updated to [15 24]--------------c
Trying to moving ion 24... to 16
Ion assignment after moving ion 24: {0: 10, 1: 9, 2: 6, 3: 15, 4: 16, 5: 17, 6: 18, 7: 2}
Trying to solve brute-force congestion at gate [16] with {0: 10, 1: 9, 2: 6, 3: 15, 4: 16, 5: 17, 6: 18, 7: 2}
Trying to moving ion 16... to 15
Ion assignment after moving ion 16: {0: 10, 1: 9, 2: 6, 3: 16, 4: 15, 5: 17, 6: 18, 7: 2}
Trying to solve brute-force congestion at gate [17, 18] with {0: 10, 1: 9, 2: 6, 3: 16, 4: 15, 5: 17, 6: 18, 7: 2}
Trying to moving ion 17... to 15
Ion assignment after moving ion 17: {0: 10, 1: 9, 2: 6, 3: 17, 4: 16, 5: 15, 6: 18, 7: 2}
Clearing endpoint 17.........
Gate position gate updated to [15 18]--------------c
Trying to moving ion 18... to 16
Ion assignment after moving ion 18: {0: 10, 1: 9, 2: 6, 3: 24, 4: 17, 5: 15, 6: 16, 7: 2}
Trying to solve brute-force congestion at gate [16, 2] with {0: 10, 1: 9, 2: 6, 3: 24, 4: 17, 5: 15, 6: 16, 7: 2}
Trying to moving ion 2... to 0
Ion assignment after moving ion 2: {0: 10, 1: 9, 2: 6, 3: 24, 4: 17, 5: 15, 6: 16, 7: 0}
Gate position gate updated to [ 0 16]--------------c
Trying to moving ion 16... to 1
Ion assignment after moving ion 16: {0: 10, 1: 9, 2: 6, 3: 24, 4: 16, 5: 15, 6: 1, 7: 0}
Trying to solve brute-force congestion at gate [1] with {0: 10, 1: 9, 2: 6, 3: 24, 4: 16, 5: 15, 6: 1, 7: 0}
Trying to moving ion 1... to 0
Ion assignment after moving ion 1: {0: 10, 1: 9, 2: 6, 3: 24, 4: 16, 5: 15, 6: 0, 7: 1}
Trying to solve brute-force congestion at gate [0, 1] with {0: 10, 1: 9, 2: 6, 3: 24, 4: 16, 5: 15, 6: 0, 7: 1}
Trying to moving ion 0... to 0
Ion assignment after moving ion 0: {0: 10, 1: 9, 2: 6, 3: 24, 4: 16, 5: 15, 6: 0, 7: 1}
Gate position gate updated to [0 1]--------------c
Trying to moving ion 1... to 1
Ion assignment after moving ion 1: {0: 10, 1: 9, 2: 6, 3: 24, 4: 16, 5: 15, 6: 0, 7: 1}
Executing gate at point (0, 4).
Executing gate at point (0, 6).
Executing gate at point (1, 6).
Executing gate at point (2, 6).
Executing gate at point (3, 7).
Executing gate at point (4, 7).
Best move: (0, 1)
Best move: (19, 24)
Best move: (1, 2)
Best move: (2, 18)
Best move: (15, 16)
Best move: (15, 16)
Best move: (17, 19)
Executing gate at point (1, 3).
Executing gate at point (2, 3).
Executing gate at point (3, 3).
Executing gate at point (4, 4).
Best move: (17, 19)
Best move: (19, 24)
Best move: (24, 25)
Best move: (22, 25)
Best move: (8, 22)
Executing gate at point (4, 2).
Executing gate at point (5, 2).
Executing gate at point (6, 2).
Executing gate at point (7, 3).
Best move: (18, 19)
Best move: (17, 19)
Executing gate at point (3, 5).
Executing gate at point (4, 5).
Executing gate at point (5, 5).
Executing gate at point (6, 6).
Executing gate at point (6, 5).
Executing gate at point (7, 4).
Executing gate at point (8, 5).
Executing gate at point (9, 4).
Executing gate at point (10, 4).
Executing gate at point (10, 5).
Executing gate at point (11, 5).
Executing gate at point (12, 5).
Executing gate at point (13, 5).
Executing gate at point (14, 5).
Best move: (17, 19)
Best move: (18, 19)
Best move: (2, 18)
Executing gate at point (14, 6).
Executing gate at point (15, 7).
Executing gate at point (15, 6).
Executing gate at point (16, 6).
Executing gate at point (17, 7).
Executing gate at point (17, 6).
Best move: (8, 22)
Best move: (22, 25)
Best move: (24, 25)
Best move: (19, 24)
Best move: (9, 10)
Best move: (10, 11)
Best move: (11, 23)
Best move: (22, 23)
Try bruteforce due to multiple steps (8) to solve one gate
Trying to solve brute-force congestion at gate [22, 6] with {0: 9, 1: 22, 2: 6, 3: 19, 4: 16, 5: 15, 6: 2, 7: 0}
Trying to moving ion 6... to 6
Ion assignment after moving ion 6: {0: 9, 1: 22, 2: 6, 3: 19, 4: 16, 5: 15, 6: 2, 7: 0}
Gate position gate updated to [ 6 22]--------------c
Trying to moving ion 22... to 7
Ion assignment after moving ion 22: {0: 9, 1: 7, 2: 6, 3: 19, 4: 16, 5: 15, 6: 2, 7: 0}
Executing gate at point (7, 1).
Executing gate at point (8, 1).
Executing gate at point (9, 1).
Executing gate at point (10, 1).
Executing gate at point (10, 2).
Best move: (7, 8)
Best move: (17, 19)
Executing gate at point (11, 3).
Executing gate at point (12, 3).
Executing gate at point (13, 3).
Executing gate at point (14, 3).
Executing gate at point (14, 4).
Executing gate at point (15, 4).
Executing gate at point (16, 4).
Executing gate at point (17, 4).
Executing gate at point (18, 4).
Executing gate at point (18, 5).
Executing gate at point (19, 4).
Best move: (17, 19)
Best move: (2, 18)
Best move: (15, 16)
Best move: (18, 24)
Best move: (18, 24)
Best move: (18, 24)
Try bruteforce due to repeated pattern...
Trying to solve brute-force congestion at gate [16, 24] with {0: 9, 1: 8, 2: 6, 3: 19, 4: 15, 5: 16, 6: 24, 7: 0}
Trying to moving ion 16... to 15
Ion assignment after moving ion 16: {0: 9, 1: 8, 2: 6, 3: 19, 4: 16, 5: 15, 6: 24, 7: 0}
Gate position gate updated to [15 24]--------------c
Trying to moving ion 24... to 16
Ion assignment after moving ion 24: {0: 9, 1: 8, 2: 6, 3: 18, 4: 17, 5: 15, 6: 16, 7: 0}
Executing gate at point (19, 5).
Executing gate at point (20, 5).
Executing gate at point (20, 6).
Executing gate at point (21, 5).
Executing gate at point (22, 5).
Executing gate at point (22, 6).
Best move: (18, 24)
Best move: (24, 25)
Best move: (8, 22)
Best move: (22, 23)
Best move: (22, 25)
Best move: (8, 22)
Executing gate at point (15, 2).
Executing gate at point (16, 2).
Executing gate at point (17, 2).
Executing gate at point (18, 2).
Best move: (17, 19)
Best move: (19, 24)
Best move: (24, 25)
Best move: (22, 25)
Best move: (11, 23)
Executing gate at point (11, 0).
Executing gate at point (12, 0).
Executing gate at point (13, 0).
Executing gate at point (14, 1).
Best move: (11, 23)
Best move: (7, 8)
Best move: (8, 22)
Executing gate at point (20, 3).
Executing gate at point (21, 3).
Executing gate at point (22, 3).
Executing gate at point (23, 4).
Executing gate at point (23, 3).
Best move: (6, 7)
Best move: (7, 8)
Best move: (8, 22)
Best move: (11, 23)
Best move: (22, 23)
Best move: (10, 11)
Best move: (11, 23)
Executing gate at point (19, 1).
Executing gate at point (20, 1).
Executing gate at point (21, 1).
Executing gate at point (22, 1).
Executing gate at point (22, 2).
Trying to solve brute-force congestion at gate [16, 0] with {0: 9, 1: 10, 2: 11, 3: 6, 4: 22, 5: 15, 6: 16, 7: 0}
Trying to moving ion 0... to 0
Ion assignment after moving ion 0: {0: 9, 1: 10, 2: 11, 3: 6, 4: 22, 5: 15, 6: 16, 7: 0}
Gate position gate updated to [ 0 16]--------------c
Trying to moving ion 16... to 1
Ion assignment after moving ion 16: {0: 9, 1: 10, 2: 11, 3: 6, 4: 22, 5: 15, 6: 1, 7: 0}
Trying to solve brute-force congestion at gate [1] with {0: 9, 1: 10, 2: 11, 3: 6, 4: 22, 5: 15, 6: 1, 7: 0}
Trying to moving ion 1... to 0
Ion assignment after moving ion 1: {0: 9, 1: 10, 2: 11, 3: 6, 4: 22, 5: 15, 6: 0, 7: 1}
Trying to solve brute-force congestion at gate [0, 1] with {0: 9, 1: 10, 2: 11, 3: 6, 4: 22, 5: 15, 6: 0, 7: 1}
Trying to moving ion 0... to 0
Ion assignment after moving ion 0: {0: 9, 1: 10, 2: 11, 3: 6, 4: 22, 5: 15, 6: 0, 7: 1}
Gate position gate updated to [0 1]--------------c
Trying to moving ion 1... to 1
Ion assignment after moving ion 1: {0: 9, 1: 10, 2: 11, 3: 6, 4: 22, 5: 15, 6: 0, 7: 1}
Trying to solve brute-force congestion at gate [1] with {0: 9, 1: 10, 2: 11, 3: 6, 4: 22, 5: 15, 6: 0, 7: 1}
Trying to moving ion 1... to 0
Ion assignment after moving ion 1: {0: 9, 1: 10, 2: 11, 3: 6, 4: 22, 5: 15, 6: 1, 7: 0}
Trying to solve brute-force congestion at gate [0] with {0: 9, 1: 10, 2: 11, 3: 6, 4: 22, 5: 15, 6: 1, 7: 0}
Trying to moving ion 0... to 0
Ion assignment after moving ion 0: {0: 9, 1: 10, 2: 11, 3: 6, 4: 22, 5: 15, 6: 1, 7: 0}
Trying to solve brute-force congestion at gate [22, 15] with {0: 9, 1: 10, 2: 11, 3: 6, 4: 22, 5: 15, 6: 1, 7: 0}
Trying to moving ion 15... to 15
Ion assignment after moving ion 15: {0: 9, 1: 10, 2: 11, 3: 6, 4: 22, 5: 15, 6: 1, 7: 0}
Gate position gate updated to [15 22]--------------c
Trying to moving ion 22... to 16
Ion assignment after moving ion 22: {0: 9, 1: 10, 2: 11, 3: 6, 4: 16, 5: 15, 6: 1, 7: 0}
Trying to solve brute-force congestion at gate [16] with {0: 9, 1: 10, 2: 11, 3: 6, 4: 16, 5: 15, 6: 1, 7: 0}
Trying to moving ion 16... to 15
Ion assignment after moving ion 16: {0: 9, 1: 10, 2: 11, 3: 6, 4: 15, 5: 16, 6: 1, 7: 0}
Trying to solve brute-force congestion at gate [15, 16] with {0: 9, 1: 10, 2: 11, 3: 6, 4: 15, 5: 16, 6: 1, 7: 0}
Trying to moving ion 15... to 15
Ion assignment after moving ion 15: {0: 9, 1: 10, 2: 11, 3: 6, 4: 15, 5: 16, 6: 1, 7: 0}
Gate position gate updated to [15 16]--------------c
Trying to moving ion 16... to 16
Ion assignment after moving ion 16: {0: 9, 1: 10, 2: 11, 3: 6, 4: 15, 5: 16, 6: 1, 7: 0}
Trying to solve brute-force congestion at gate [15] with {0: 9, 1: 10, 2: 11, 3: 6, 4: 15, 5: 16, 6: 1, 7: 0}
Trying to moving ion 15... to 15
Ion assignment after moving ion 15: {0: 9, 1: 10, 2: 11, 3: 6, 4: 15, 5: 16, 6: 1, 7: 0}
Trying to solve brute-force congestion at gate [6, 15] with {0: 9, 1: 10, 2: 11, 3: 6, 4: 15, 5: 16, 6: 1, 7: 0}
Trying to moving ion 15... to 15
Ion assignment after moving ion 15: {0: 9, 1: 10, 2: 11, 3: 6, 4: 15, 5: 16, 6: 1, 7: 0}
Gate position gate updated to [15  6]--------------c
Trying to moving ion 6... to 16
Ion assignment after moving ion 6: {0: 9, 1: 10, 2: 11, 3: 16, 4: 15, 5: 17, 6: 1, 7: 0}
Trying to solve brute-force congestion at gate [17, 1] with {0: 9, 1: 10, 2: 11, 3: 16, 4: 15, 5: 17, 6: 1, 7: 0}
Trying to moving ion 1... to 0
Ion assignment after moving ion 1: {0: 9, 1: 10, 2: 11, 3: 16, 4: 15, 5: 17, 6: 0, 7: 1}
Gate position gate updated to [ 0 17]--------------c
Trying to moving ion 17... to 1
Ion assignment after moving ion 17: {0: 9, 1: 10, 2: 11, 3: 16, 4: 15, 5: 1, 6: 0, 7: 2}
Trying to solve brute-force congestion at gate [1] with {0: 9, 1: 10, 2: 11, 3: 16, 4: 15, 5: 1, 6: 0, 7: 2}
Trying to moving ion 1... to 0
Ion assignment after moving ion 1: {0: 9, 1: 10, 2: 11, 3: 16, 4: 15, 5: 0, 6: 1, 7: 2}
Trying to solve brute-force congestion at gate [15] with {0: 9, 1: 10, 2: 11, 3: 16, 4: 15, 5: 0, 6: 1, 7: 2}
Trying to moving ion 15... to 15
Ion assignment after moving ion 15: {0: 9, 1: 10, 2: 11, 3: 16, 4: 15, 5: 0, 6: 1, 7: 2}
Trying to solve brute-force congestion at gate [0] with {0: 9, 1: 10, 2: 11, 3: 16, 4: 15, 5: 0, 6: 1, 7: 2}
Trying to moving ion 0... to 0
Ion assignment after moving ion 0: {0: 9, 1: 10, 2: 11, 3: 16, 4: 15, 5: 0, 6: 1, 7: 2}
Trying to solve brute-force congestion at gate [11, 16] with {0: 9, 1: 10, 2: 11, 3: 16, 4: 15, 5: 0, 6: 1, 7: 2}
Trying to moving ion 16... to 15
Ion assignment after moving ion 16: {0: 9, 1: 10, 2: 11, 3: 15, 4: 16, 5: 0, 6: 1, 7: 2}
Gate position gate updated to [15 11]--------------c
Trying to moving ion 11... to 16
Ion assignment after moving ion 11: {0: 9, 1: 10, 2: 16, 3: 15, 4: 17, 5: 0, 6: 1, 7: 2}
Trying to solve brute-force congestion at gate [16] with {0: 9, 1: 10, 2: 16, 3: 15, 4: 17, 5: 0, 6: 1, 7: 2}
Trying to moving ion 16... to 15
Ion assignment after moving ion 16: {0: 9, 1: 10, 2: 15, 3: 16, 4: 17, 5: 0, 6: 1, 7: 2}
Trying to solve brute-force congestion at gate [15, 16] with {0: 9, 1: 10, 2: 15, 3: 16, 4: 17, 5: 0, 6: 1, 7: 2}
Trying to moving ion 15... to 15
Ion assignment after moving ion 15: {0: 9, 1: 10, 2: 15, 3: 16, 4: 17, 5: 0, 6: 1, 7: 2}
Clearing endpoint 17.........
Gate position gate updated to [15 16]--------------c
Trying to moving ion 16... to 16
Ion assignment after moving ion 16: {0: 9, 1: 10, 2: 15, 3: 16, 4: 19, 5: 0, 6: 1, 7: 2}
Trying to solve brute-force congestion at gate [19, 0] with {0: 9, 1: 10, 2: 15, 3: 16, 4: 19, 5: 0, 6: 1, 7: 2}
Trying to moving ion 0... to 0
Ion assignment after moving ion 0: {0: 9, 1: 10, 2: 15, 3: 16, 4: 19, 5: 0, 6: 1, 7: 2}
Clearing endpoint 2.........
Gate position gate updated to [ 0 19]--------------c
Trying to moving ion 19... to 1
Ion assignment after moving ion 19: {0: 9, 1: 10, 2: 15, 3: 16, 4: 1, 5: 0, 6: 2, 7: 24}
Trying to solve brute-force congestion at gate [0] with {0: 9, 1: 10, 2: 15, 3: 16, 4: 1, 5: 0, 6: 2, 7: 24}
Trying to moving ion 0... to 0
Ion assignment after moving ion 0: {0: 9, 1: 10, 2: 15, 3: 16, 4: 1, 5: 0, 6: 2, 7: 24}
Trying to solve brute-force congestion at gate [1, 0] with {0: 9, 1: 10, 2: 15, 3: 16, 4: 1, 5: 0, 6: 2, 7: 24}
Trying to moving ion 1... to 0
Ion assignment after moving ion 1: {0: 9, 1: 10, 2: 15, 3: 16, 4: 0, 5: 1, 6: 2, 7: 24}
Clearing endpoint 2.........
Gate position gate updated to [0 1]--------------c
Trying to moving ion 1... to 1
Ion assignment after moving ion 1: {0: 9, 1: 10, 2: 15, 3: 16, 4: 0, 5: 1, 6: 18, 7: 24}
Trying to solve brute-force congestion at gate [0] with {0: 9, 1: 10, 2: 15, 3: 16, 4: 0, 5: 1, 6: 18, 7: 24}
Trying to moving ion 0... to 0
Ion assignment after moving ion 0: {0: 9, 1: 10, 2: 15, 3: 16, 4: 0, 5: 1, 6: 18, 7: 24}
Trying to solve brute-force congestion at gate [16, 0] with {0: 9, 1: 10, 2: 15, 3: 16, 4: 0, 5: 1, 6: 18, 7: 24}
Trying to moving ion 0... to 0
Ion assignment after moving ion 0: {0: 9, 1: 10, 2: 15, 3: 16, 4: 0, 5: 1, 6: 18, 7: 24}
Gate position gate updated to [ 0 16]--------------c
Trying to moving ion 16... to 1
Ion assignment after moving ion 16: {0: 9, 1: 10, 2: 15, 3: 1, 4: 0, 5: 2, 6: 24, 7: 20}
Trying to solve brute-force congestion at gate [1] with {0: 9, 1: 10, 2: 15, 3: 1, 4: 0, 5: 2, 6: 24, 7: 20}
Trying to moving ion 1... to 0
Ion assignment after moving ion 1: {0: 9, 1: 10, 2: 15, 3: 0, 4: 1, 5: 2, 6: 24, 7: 20}
Trying to solve brute-force congestion at gate [2, 24] with {0: 9, 1: 10, 2: 15, 3: 0, 4: 1, 5: 2, 6: 24, 7: 20}
Trying to moving ion 2... to 0
Ion assignment after moving ion 2: {0: 9, 1: 10, 2: 15, 3: 1, 4: 2, 5: 0, 6: 24, 7: 20}
Clearing endpoint 2.........
Gate position gate updated to [ 0 24]--------------c
Trying to moving ion 24... to 1
Ion assignment after moving ion 24: {0: 9, 1: 10, 2: 15, 3: 2, 4: 19, 5: 0, 6: 1, 7: 20}
Trying to solve brute-force congestion at gate [0] with {0: 9, 1: 10, 2: 15, 3: 2, 4: 19, 5: 0, 6: 1, 7: 20}
Trying to moving ion 0... to 0
Ion assignment after moving ion 0: {0: 9, 1: 10, 2: 15, 3: 2, 4: 19, 5: 0, 6: 1, 7: 20}
Trying to solve brute-force congestion at gate [2, 19] with {0: 9, 1: 10, 2: 15, 3: 2, 4: 19, 5: 0, 6: 1, 7: 20}
Trying to moving ion 2... to 0
Ion assignment after moving ion 2: {0: 9, 1: 10, 2: 15, 3: 0, 4: 19, 5: 1, 6: 2, 7: 20}
Clearing endpoint 2.........
Gate position gate updated to [ 0 19]--------------c
Trying to moving ion 19... to 1
Ion assignment after moving ion 19: {0: 9, 1: 10, 2: 15, 3: 0, 4: 1, 5: 2, 6: 24, 7: 20}
Trying to solve brute-force congestion at gate [1] with {0: 9, 1: 10, 2: 15, 3: 0, 4: 1, 5: 2, 6: 24, 7: 20}
Trying to moving ion 1... to 0
Ion assignment after moving ion 1: {0: 9, 1: 10, 2: 15, 3: 1, 4: 0, 5: 2, 6: 24, 7: 20}
Trying to solve brute-force congestion at gate [2, 24] with {0: 9, 1: 10, 2: 15, 3: 1, 4: 0, 5: 2, 6: 24, 7: 20}
Trying to moving ion 2... to 0
Ion assignment after moving ion 2: {0: 9, 1: 10, 2: 15, 3: 2, 4: 1, 5: 0, 6: 24, 7: 20}
Clearing endpoint 2.........
Gate position gate updated to [ 0 24]--------------c
Trying to moving ion 24... to 1
Ion assignment after moving ion 24: {0: 9, 1: 10, 2: 15, 3: 19, 4: 2, 5: 0, 6: 1, 7: 20}
Trying to solve brute-force congestion at gate [1, 20] with {0: 9, 1: 10, 2: 15, 3: 19, 4: 2, 5: 0, 6: 1, 7: 20}
Trying to moving ion 1... to 0
Ion assignment after moving ion 1: {0: 9, 1: 10, 2: 15, 3: 19, 4: 2, 5: 1, 6: 0, 7: 20}
Clearing endpoint 2.........
Gate position gate updated to [ 0 20]--------------c
Trying to moving ion 20... to 1
Ion assignment after moving ion 20: {0: 9, 1: 10, 2: 15, 3: 17, 4: 19, 5: 2, 6: 0, 7: 1}
Trying to solve brute-force congestion at gate [0] with {0: 9, 1: 10, 2: 15, 3: 17, 4: 19, 5: 2, 6: 0, 7: 1}
Trying to moving ion 0... to 0
Ion assignment after moving ion 0: {0: 9, 1: 10, 2: 15, 3: 17, 4: 19, 5: 2, 6: 0, 7: 1}
Trying to solve brute-force congestion at gate [0, 1] with {0: 9, 1: 10, 2: 15, 3: 17, 4: 19, 5: 2, 6: 0, 7: 1}
Trying to moving ion 0... to 0
Ion assignment after moving ion 0: {0: 9, 1: 10, 2: 15, 3: 17, 4: 19, 5: 2, 6: 0, 7: 1}
Clearing endpoint 2.........
Gate position gate updated to [0 1]--------------c
Trying to moving ion 1... to 1
Ion assignment after moving ion 1: {0: 9, 1: 10, 2: 15, 3: 17, 4: 19, 5: 18, 6: 0, 7: 1}
Executing gate at point (0, 6).
Executing gate at point (1, 6).
Executing gate at point (2, 6).
Executing gate at point (3, 7).
Executing gate at point (4, 7).
Best move: (2, 18)
Executing gate at point (3, 5).
Executing gate at point (4, 5).
Executing gate at point (5, 5).
Executing gate at point (6, 6).
Executing gate at point (6, 5).
Best move: (19, 24)
Best move: (20, 24)
Best move: (5, 20)
Executing gate at point (0, 4).
Best move: (5, 20)
Best move: (20, 24)
Best move: (19, 24)
Best move: (16, 17)
Best move: (17, 19)
Executing gate at point (1, 3).
Executing gate at point (2, 3).
Executing gate at point (3, 3).
Executing gate at point (4, 4).
Executing gate at point (4, 2).
Executing gate at point (5, 2).
Executing gate at point (6, 2).
Executing gate at point (7, 3).
Best move: (17, 19)
Best move: (2, 18)
Best move: (18, 24)
Best move: (20, 24)
Best move: (19, 24)
Best move: (5, 20)
Best move: (20, 24)
Best move: (4, 5)
Try bruteforce due to multiple steps (8) to solve one gate
Trying to solve brute-force congestion at gate [20, 4] with {0: 9, 1: 10, 2: 15, 3: 16, 4: 20, 5: 4, 6: 0, 7: 1}
Trying to moving ion 4... to 3
Ion assignment after moving ion 4: {0: 9, 1: 10, 2: 15, 3: 16, 4: 20, 5: 3, 6: 0, 7: 1}
Gate position gate updated to [ 3 20]--------------c
Trying to moving ion 20... to 4
Ion assignment after moving ion 20: {0: 9, 1: 10, 2: 15, 3: 16, 4: 4, 5: 3, 6: 0, 7: 1}
Executing gate at point (7, 4).
Executing gate at point (8, 5).
Executing gate at point (9, 4).
Executing gate at point (10, 4).
Executing gate at point (10, 5).
Best move: (0, 1)
Best move: (1, 2)
Best move: (2, 18)
Best move: (18, 24)
Best move: (20, 24)
Best move: (5, 20)
Executing gate at point (11, 5).
Executing gate at point (12, 5).
Executing gate at point (13, 5).
Executing gate at point (14, 5).
Best move: (5, 20)
Best move: (20, 24)
Best move: (18, 24)
Best move: (2, 18)
Executing gate at point (14, 6).
Executing gate at point (15, 7).
Executing gate at point (15, 6).
Executing gate at point (16, 6).Input filename:  TFIM_n8_s100_compiled
Algorithm:  SHAW
Trap type:  G2x3
Trap capacity:  3
Num layout passes:  2
Gate type:  FM
Run index:  7
Creating a QCCD machine ...
QCCD physical machine:
### Traps ### 
Trap(id='trap_0', max_num_ions=3, initial_num_ions=0, executable=True, measureable=True)
Trap(id='trap_1', max_num_ions=3, initial_num_ions=0, executable=True, measureable=True)
Trap(id='trap_2', max_num_ions=3, initial_num_ions=0, executable=True, measureable=True)
Trap(id='trap_3', max_num_ions=3, initial_num_ions=0, executable=True, measureable=True)
Trap(id='trap_4', max_num_ions=3, initial_num_ions=0, executable=True, measureable=True)
Trap(id='trap_5', max_num_ions=3, initial_num_ions=0, executable=True, measureable=True)
### Junctions ### 
Junction(id='junction_0')
Junction(id='junction_1')
Junction(id='junction_2')
### Segments ### 
Segment(id='segment_0', left=Trap(id='trap_0', max_num_ions=3, initial_num_ions=0, executable=True, measureable=True), right=Junction(id='junction_0'))
Segment(id='segment_1', left=Trap(id='trap_5', max_num_ions=3, initial_num_ions=0, executable=True, measureable=True), right=Junction(id='junction_0'))
Segment(id='segment_2', left=Trap(id='trap_1', max_num_ions=3, initial_num_ions=0, executable=True, measureable=True), right=Junction(id='junction_1'))
Segment(id='segment_3', left=Trap(id='trap_4', max_num_ions=3, initial_num_ions=0, executable=True, measureable=True), right=Junction(id='junction_1'))
Segment(id='segment_4', left=Trap(id='trap_2', max_num_ions=3, initial_num_ions=0, executable=True, measureable=True), right=Junction(id='junction_2'))
Segment(id='segment_5', left=Trap(id='trap_3', max_num_ions=3, initial_num_ions=0, executable=True, measureable=True), right=Junction(id='junction_2'))
Segment(id='segment_6', left=Junction(id='junction_0'), right=Junction(id='junction_1'))
Segment(id='segment_7', left=Junction(id='junction_1'), right=Junction(id='junction_2'))
Finished creating the QCCD physical machine.
Position graph:  CouplingGraph({(3, 4), (12, 13), (22, 23), (21, 25), (23, 25), (11, 23), (13, 14), (19, 24), (18, 19), (4, 5), (20, 25), (21, 24), (22, 25), (14, 21), (0, 1), (9, 10), (1, 2), (10, 11), (6, 7), (15, 16), (24, 25), (18, 24), (20, 21), (20, 24), (17, 19), (5, 20), (8, 22), (2, 18), (7, 8), (16, 17)})
Initial ion assignment:  {0: 10, 1: 14, 2: 13, 3: 5, 4: 8, 5: 9, 6: 1, 7: 15}
Congestion rate:  1.0
Scheduling QCCD: 1120003240.0000002 us, costing 24.35018319997471 s to compile
1120.0032400000002
24.35018319997471
{0: 9, 1: 10, 2: 15, 3: 17, 4: 19, 5: 18, 6: 0, 7: 1}
[0, 1, 2, 3, 4, 5, 6, 7]
