Input filename:  QAOA_20_compiled
Algorithm:  SHAW
Trap type:  G2x3
Trap capacity:  4
Num layout passes:  2
Gate type:  FM
Run index:  4
Creating a QCCD machine ...
QCCD physical machine:
### Traps ### 
Trap(id='trap_0', max_num_ions=4, initial_num_ions=0, executable=True, measureable=True)
Trap(id='trap_1', max_num_ions=4, initial_num_ions=0, executable=True, measureable=True)
Trap(id='trap_2', max_num_ions=4, initial_num_ions=0, executable=True, measureable=True)
Trap(id='trap_3', max_num_ions=4, initial_num_ions=0, executable=True, measureable=True)
Trap(id='trap_4', max_num_ions=4, initial_num_ions=0, executable=True, measureable=True)
Trap(id='trap_5', max_num_ions=4, initial_num_ions=0, executable=True, measureable=True)
### Junctions ### 
Junction(id='junction_0')
Junction(id='junction_1')
Junction(id='junction_2')
### Segments ### 
Segment(id='segment_0', left=Trap(id='trap_0', max_num_ions=4, initial_num_ions=0, executable=True, measureable=True), right=Junction(id='junction_0'))
Segment(id='segment_1', left=Trap(id='trap_5', max_num_ions=4, initial_num_ions=0, executable=True, measureable=True), right=Junction(id='junction_0'))
Segment(id='segment_2', left=Trap(id='trap_1', max_num_ions=4, initial_num_ions=0, executable=True, measureable=True), right=Junction(id='junction_1'))
Segment(id='segment_3', left=Trap(id='trap_4', max_num_ions=4, initial_num_ions=0, executable=True, measureable=True), right=Junction(id='junction_1'))
Segment(id='segment_4', left=Trap(id='trap_2', max_num_ions=4, initial_num_ions=0, executable=True, measureable=True), right=Junction(id='junction_2'))
Segment(id='segment_5', left=Trap(id='trap_3', max_num_ions=4, initial_num_ions=0, executable=True, measureable=True), right=Junction(id='junction_2'))
Segment(id='segment_6', left=Junction(id='junction_0'), right=Junction(id='junction_1'))
Segment(id='segment_7', left=Junction(id='junction_1'), right=Junction(id='junction_2'))
Finished creating the QCCD physical machine.
Position graph:  CouplingGraph({(24, 30), (26, 30), (7, 26), (26, 27), (12, 13), (21, 22), (22, 23), (8, 9), (23, 25), (17, 18), (13, 14), (27, 31), (19, 27), (18, 19), (4, 5), (15, 29), (5, 6), (29, 31), (14, 15), (0, 1), (9, 10), (3, 24), (1, 2), (10, 11), (27, 30), (28, 29), (11, 28), (6, 7), (24, 25), (25, 30), (26, 31), (20, 21), (2, 3), (28, 31), (30, 31), (16, 17)})
Initial ion assignment:  {0: 2, 1: 6, 2: 14, 3: 12, 4: 8, 5: 10, 6: 3, 7: 17, 8: 9, 9: 16, 10: 7, 11: 4, 12: 13, 13: 1, 14: 15, 15: 21, 16: 22, 17: 0, 18: 18, 19: 11}
Congestion rate:  1.0
Traceback (most recent call last):
  File "/home/edyounis/bqskit-shuttling/.env/lib/python3.11/site-packages/bqskit/compiler/compiler.py", line 439, in _send_recv
    return self._recv_handle_log_error()
           ^^^^^^^^^^^^^^^^^^^^^^^^^^^^^
  File "/home/edyounis/bqskit-shuttling/.env/lib/python3.11/site-packages/bqskit/compiler/compiler.py", line 467, in _recv_handle_log_error
    raise RuntimeError(payload)
RuntimeError: Traceback (most recent call last):
  File "/home/edyounis/bqskit-shuttling/.env/lib/python3.11/site-packages/bqskit/runtime/worker.py", line 462, in _try_step_next_ready_task
    future = task.step(self._get_desired_result(task))
             ^^^^^^^^^^^^^^^^^^^^^^^^^^^^^^^^^^^^^^^^^
  File "/home/edyounis/bqskit-shuttling/.env/lib/python3.11/site-packages/bqskit/runtime/task.py", line 115, in step
    to_return = self.coro.send(send_val)
                ^^^^^^^^^^^^^^^^^^^^^^^^
  File "/home/edyounis/bqskit-shuttling/.env/lib/python3.11/site-packages/bqskit/runtime/task.py", line 149, in run
    return await self.fnargs[0](*self.fnargs[1], **self.fnargs[2])
           ^^^^^^^^^^^^^^^^^^^^^^^^^^^^^^^^^^^^^^^^^^^^^^^^^^^^^^^
  File "/home/edyounis/bqskit-shuttling/.env/lib/python3.11/site-packages/bqskit/compiler/task.py", line 54, in run
    await self.workflow.run(self.circuit, self.data)
  File "/home/edyounis/bqskit-shuttling/.env/lib/python3.11/site-packages/bqskit/compiler/workflow.py", line 75, in run
    await pass_obj.run(circuit, data)
  File "/home/edyounis/bqskit-shuttling/bqskit/shuttling/qccd/mapping/routing/naive.py", line 29, in run
    instruction_list = self.forward_pass(circuit, pi, ion_assignment, True)
                       ^^^^^^^^^^^^^^^^^^^^^^^^^^^^^^^^^^^^^^^^^^^^^^^^^^^^
  File "/home/edyounis/bqskit-shuttling/bqskit/shuttling/qccd/QCCD_mapping.py", line 245, in forward_pass
    brute_force_moves = self._brute_force_congestion(circuit[list(F)[0]], D, pi, ion_assignment)
                        ^^^^^^^^^^^^^^^^^^^^^^^^^^^^^^^^^^^^^^^^^^^^^^^^^^^^^^^^^^^^^^^^^^^^^^^^
  File "/home/edyounis/bqskit-shuttling/bqskit/shuttling/qccd/QCCD_mapping.py", line 367, in _brute_force_congestion
    leading_moves += self._brute_force_move(
                     ^^^^^^^^^^^^^^^^^^^^^^^
  File "/home/edyounis/bqskit-shuttling/bqskit/shuttling/qccd/QCCD_mapping.py", line 479, in _brute_force_move
    leading_moves += self._resolve_congestion(ion_pos, path, blockage, ion_assignment, ion_pos, blockage)
                     ^^^^^^^^^^^^^^^^^^^^^^^^^^^^^^^^^^^^^^^^^^^^^^^^^^^^^^^^^^^^^^^^^^^^^^^^^^^^^^^^^^^^
  File "/home/edyounis/bqskit-shuttling/bqskit/shuttling/qccd/QCCD_mapping.py", line 618, in _resolve_congestion
    leading_moves += self._resolve_congestion(blockage, path, potential_blockage[choosen_idx],
                     ^^^^^^^^^^^^^^^^^^^^^^^^^^^^^^^^^^^^^^^^^^^^^^^^^^^^^^^^^^^^^^^^^^^^^^^^^
  File "/home/edyounis/bqskit-shuttling/bqskit/shuttling/qccd/QCCD_mapping.py", line 618, in _resolve_congestion
    leading_moves += self._resolve_congestion(blockage, path, potential_blockage[choosen_idx],
                     ^^^^^^^^^^^^^^^^^^^^^^^^^^^^^^^^^^^^^^^^^^^^^^^^^^^^^^^^^^^^^^^^^^^^^^^^^
  File "/home/edyounis/bqskit-shuttling/bqskit/shuttling/qccd/QCCD_mapping.py", line 618, in _resolve_congestion
    leading_moves += self._resolve_congestion(blockage, path, potential_blockage[choosen_idx],
                     ^^^^^^^^^^^^^^^^^^^^^^^^^^^^^^^^^^^^^^^^^^^^^^^^^^^^^^^^^^^^^^^^^^^^^^^^^
  [Previous line repeated 968 more times]
  File "/home/edyounis/bqskit-shuttling/bqskit/shuttling/qccd/QCCD_mapping.py", line 574, in _resolve_congestion
    congestion = np.array([self.congestion_rate(blockage_neighbor, target, blockage, ion_assignment, depth=self.qccd_machine.max_ion_capacity) for
                          ^^^^^^^^^^^^^^^^^^^^^^^^^^^^^^^^^^^^^^^^^^^^^^^^^^^^^^^^^^^^^^^^^^^^^^^^^^^^^^^^^^^^^^^^^^^^^^^^^^^^^^^^^^^^^^^^^^^^^^^^
  File "/home/edyounis/bqskit-shuttling/bqskit/shuttling/qccd/QCCD_mapping.py", line 574, in <listcomp>
    congestion = np.array([self.congestion_rate(blockage_neighbor, target, blockage, ion_assignment, depth=self.qccd_machine.max_ion_capacity) for
                           ^^^^^^^^^^^^^^^^^^^^^^^^^^^^^^^^^^^^^^^^^^^^^^^^^^^^^^^^^^^^^^^^^^^^^^^^^^^^^^^^^^^^^^^^^^^^^^^^^^^^^^^^^^^^^^^^^^^
  File "/home/edyounis/bqskit-shuttling/bqskit/shuttling/qccd/QCCD_mapping.py", line 667, in congestion_rate
    node_d_neighbors.remove(blockage)
RecursionError: maximum recursion depth exceeded in comparison


The above exception was the direct cause of the following exception:

Traceback (most recent call last):
  File "/home/edyounis/bqskit-shuttling/bqskit/shuttling/qccd/run.py", line 130, in <module>
    output_circuit, data = compiler.compile(target_unitary, workflow, request_data=True)
                           ^^^^^^^^^^^^^^^^^^^^^^^^^^^^^^^^^^^^^^^^^^^^^^^^^^^^^^^^^^^^^
  File "/home/edyounis/bqskit-shuttling/.env/lib/python3.11/site-packages/bqskit/compiler/compiler.py", line 397, in compile
    result = self.result(task_id)
             ^^^^^^^^^^^^^^^^^^^^
  File "/home/edyounis/bqskit-shuttling/.env/lib/python3.11/site-packages/bqskit/compiler/compiler.py", line 332, in result
    msg, payload = self._send_recv(RuntimeMessage.REQUEST, task_id)
                   ^^^^^^^^^^^^^^^^^^^^^^^^^^^^^^^^^^^^^^^^^^^^^^^^
  File "/home/edyounis/bqskit-shuttling/.env/lib/python3.11/site-packages/bqskit/compiler/compiler.py", line 444, in _send_recv
    raise RuntimeError('Server connection unexpectedly closed.') from e
RuntimeError: Server connection unexpectedly closed.
