Best move: (2, 18)
Best move: (18, 24)
Best move: (21, 24)
Best move: (13, 14)
Best move: (14, 21)
Executing gate at point (0, 6).
Executing gate at point (1, 6).
Best move: (5, 20)
Best move: (20, 21)
Best move: (12, 13)
Best move: (6, 7)
Best move: (7, 8)
Best move: (8, 22)
Best move: (22, 25)
Best move: (24, 25)
Try bruteforce due to multiple steps (8) to solve one gate
Trying to solve brute-force congestion at gate [24, 1] with {0: 17, 1: 15, 2: 0, 3: 24, 4: 1, 5: 21, 6: 12, 7: 14}
Trying to moving ion 1... to 0
Ion assignment after moving ion 1: {0: 17, 1: 15, 2: 1, 3: 24, 4: 0, 5: 21, 6: 12, 7: 14}
Gate position gate updated to [ 0 24]--------------c
Trying to moving ion 24... to 1
Ion assignment after moving ion 24: {0: 17, 1: 15, 2: 2, 3: 1, 4: 0, 5: 21, 6: 12, 7: 14}
Executing gate at point (0, 3).
Executing gate at point (1, 3).
Executing gate at point (2, 2).
Executing gate at point (3, 2).
Best move: (2, 18)
Best move: (18, 19)
Best move: (15, 16)
Best move: (15, 16)
Best move: (12, 13)
Best move: (12, 13)
Best move: (12, 13)
Try bruteforce due to repeated pattern...
Trying to solve brute-force congestion at gate [21, 13] with {0: 17, 1: 15, 2: 19, 3: 1, 4: 0, 5: 21, 6: 13, 7: 14}
Trying to moving ion 13... to 12
Ion assignment after moving ion 13: {0: 17, 1: 15, 2: 19, 3: 1, 4: 0, 5: 21, 6: 12, 7: 14}
Clearing endpoint 14.........
Gate position gate updated to [12 21]--------------c
Trying to moving ion 21... to 13
Ion assignment after moving ion 21: {0: 17, 1: 15, 2: 19, 3: 1, 4: 0, 5: 13, 6: 12, 7: 14}
Executing gate at point (2, 5).
Executing gate at point (3, 5).
Best move: (13, 14)
Best move: (14, 21)
Best move: (21, 24)
Best move: (18, 24)
Best move: (2, 18)
Executing gate at point (4, 4).
Executing gate at point (5, 4).
Executing gate at point (6, 3).
Executing gate at point (7, 3).
Best move: (2, 18)
Best move: (15, 16)
Best move: (15, 16)
Best move: (15, 16)
Try bruteforce due to repeated pattern...
Trying to solve brute-force congestion at gate [16, 19] with {0: 17, 1: 16, 2: 19, 3: 1, 4: 0, 5: 18, 6: 12, 7: 13}
Trying to moving ion 16... to 15
Ion assignment after moving ion 16: {0: 17, 1: 15, 2: 19, 3: 1, 4: 0, 5: 18, 6: 12, 7: 13}
Clearing endpoint 17.........
Gate position gate updated to [15 19]--------------c
Trying to moving ion 19... to 16
Ion assignment after moving ion 19: {0: 17, 1: 15, 2: 16, 3: 1, 4: 0, 5: 18, 6: 12, 7: 13}
Executing gate at point (4, 1).
Executing gate at point (5, 1).
Executing gate at point (6, 0).
Executing gate at point (7, 0).
Best move: (18, 24)
Best move: (21, 24)
Best move: (14, 21)
Executing gate at point (6, 5).
Executing gate at point (7, 5).
Executing gate at point (8, 6).
Executing gate at point (9, 6).
Best move: (14, 21)
Best move: (16, 17)
Best move: (17, 19)
Best move: (18, 19)
Best move: (2, 18)
Executing gate at point (8, 2).
Executing gate at point (9, 2).
Best move: (2, 18)
Best move: (18, 19)
Best move: (17, 19)
Executing gate at point (10, 1).
Executing gate at point (11, 1).
Best move: (21, 24)
Best move: (18, 24)
Best move: (2, 18)
Executing gate at point (8, 4).
Executing gate at point (9, 4).
Executing gate at point (10, 3).
Executing gate at point (11, 3).
Best move: (2, 18)
Best move: (18, 24)
Best move: (21, 24)
Best move: (14, 21)
Executing gate at point (10, 5).
Executing gate at point (11, 5).
Trying to solve brute-force congestion at gate [18, 12] with {0: 16, 1: 15, 2: 19, 3: 1, 4: 0, 5: 18, 6: 12, 7: 13}
Trying to moving ion 12... to 12
Ion assignment after moving ion 12: {0: 16, 1: 15, 2: 19, 3: 1, 4: 0, 5: 18, 6: 12, 7: 13}
Gate position gate updated to [12 18]--------------c
Trying to moving ion 18... to 13
Ion assignment after moving ion 18: {0: 16, 1: 15, 2: 19, 3: 1, 4: 0, 5: 13, 6: 12, 7: 14}
Trying to solve brute-force congestion at gate [19, 1] with {0: 16, 1: 15, 2: 19, 3: 1, 4: 0, 5: 13, 6: 12, 7: 14}
Trying to moving ion 1... to 0
Ion assignment after moving ion 1: {0: 16, 1: 15, 2: 19, 3: 0, 4: 1, 5: 13, 6: 12, 7: 14}
Gate position gate updated to [ 0 19]--------------c
Trying to moving ion 19... to 1
Ion assignment after moving ion 19: {0: 16, 1: 15, 2: 1, 3: 0, 4: 2, 5: 13, 6: 12, 7: 14}
Trying to solve brute-force congestion at gate [1, 0] with {0: 16, 1: 15, 2: 1, 3: 0, 4: 2, 5: 13, 6: 12, 7: 14}
Trying to moving ion 1... to 0
Ion assignment after moving ion 1: {0: 16, 1: 15, 2: 0, 3: 1, 4: 2, 5: 13, 6: 12, 7: 14}
Clearing endpoint 2.........
Gate position gate updated to [0 1]--------------c
Trying to moving ion 1... to 1
Ion assignment after moving ion 1: {0: 16, 1: 15, 2: 0, 3: 1, 4: 18, 5: 13, 6: 12, 7: 14}
Trying to solve brute-force congestion at gate [15, 0] with {0: 16, 1: 15, 2: 0, 3: 1, 4: 18, 5: 13, 6: 12, 7: 14}
Trying to moving ion 0... to 0
Ion assignment after moving ion 0: {0: 16, 1: 15, 2: 0, 3: 1, 4: 18, 5: 13, 6: 12, 7: 14}
Gate position gate updated to [ 0 15]--------------c
Trying to moving ion 15... to 1
Ion assignment after moving ion 15: {0: 15, 1: 1, 2: 0, 3: 2, 4: 24, 5: 13, 6: 12, 7: 14}
Trying to solve brute-force congestion at gate [1, 0] with {0: 15, 1: 1, 2: 0, 3: 2, 4: 24, 5: 13, 6: 12, 7: 14}
Trying to moving ion 1... to 0
Ion assignment after moving ion 1: {0: 15, 1: 0, 2: 1, 3: 2, 4: 24, 5: 13, 6: 12, 7: 14}
Clearing endpoint 2.........
Gate position gate updated to [0 1]--------------c
Trying to moving ion 1... to 1
Ion assignment after moving ion 1: {0: 15, 1: 0, 2: 1, 3: 18, 4: 24, 5: 13, 6: 12, 7: 14}
Trying to solve brute-force congestion at gate [18, 24] with {0: 15, 1: 0, 2: 1, 3: 18, 4: 24, 5: 13, 6: 12, 7: 14}
Trying to moving ion 18... to 15
Ion assignment after moving ion 18: {0: 16, 1: 0, 2: 1, 3: 15, 4: 24, 5: 13, 6: 12, 7: 14}
Gate position gate updated to [15 24]--------------c
Trying to moving ion 24... to 16
Ion assignment after moving ion 24: {0: 17, 1: 0, 2: 1, 3: 15, 4: 16, 5: 13, 6: 12, 7: 14}
Trying to solve brute-force congestion at gate [15, 16] with {0: 17, 1: 0, 2: 1, 3: 15, 4: 16, 5: 13, 6: 12, 7: 14}
Trying to moving ion 15... to 15
Ion assignment after moving ion 15: {0: 17, 1: 0, 2: 1, 3: 15, 4: 16, 5: 13, 6: 12, 7: 14}
Clearing endpoint 17.........
Gate position gate updated to [15 16]--------------c
Trying to moving ion 16... to 16
Ion assignment after moving ion 16: {0: 19, 1: 0, 2: 1, 3: 15, 4: 16, 5: 13, 6: 12, 7: 14}
Trying to solve brute-force congestion at gate [1, 15] with {0: 19, 1: 0, 2: 1, 3: 15, 4: 16, 5: 13, 6: 12, 7: 14}
Trying to moving ion 15... to 15
Ion assignment after moving ion 15: {0: 19, 1: 0, 2: 1, 3: 15, 4: 16, 5: 13, 6: 12, 7: 14}
Gate position gate updated to [15  1]--------------c
Trying to moving ion 1... to 16
Ion assignment after moving ion 1: {0: 24, 1: 0, 2: 16, 3: 15, 4: 17, 5: 13, 6: 12, 7: 14}
Trying to solve brute-force congestion at gate [17, 13] with {0: 24, 1: 0, 2: 16, 3: 15, 4: 17, 5: 13, 6: 12, 7: 14}
Trying to moving ion 13... to 12
Ion assignment after moving ion 13: {0: 24, 1: 0, 2: 16, 3: 15, 4: 17, 5: 12, 6: 13, 7: 14}
Clearing endpoint 14.........
Gate position gate updated to [12 17]--------------c
Trying to moving ion 17... to 13
Ion assignment after moving ion 17: {0: 25, 1: 0, 2: 16, 3: 15, 4: 13, 5: 12, 6: 14, 7: 20}
Trying to solve brute-force congestion at gate [13, 12] with {0: 25, 1: 0, 2: 16, 3: 15, 4: 13, 5: 12, 6: 14, 7: 20}
Trying to moving ion 13... to 12
Ion assignment after moving ion 13: {0: 25, 1: 0, 2: 16, 3: 15, 4: 12, 5: 13, 6: 14, 7: 20}
Clearing endpoint 14.........
Gate position gate updated to [12 13]--------------c
Trying to moving ion 13... to 13
Ion assignment after moving ion 13: {0: 25, 1: 0, 2: 16, 3: 15, 4: 12, 5: 13, 6: 21, 7: 20}
Trying to solve brute-force congestion at gate [15, 12] with {0: 25, 1: 0, 2: 16, 3: 15, 4: 12, 5: 13, 6: 21, 7: 20}
Trying to moving ion 12... to 12
Ion assignment after moving ion 12: {0: 25, 1: 0, 2: 16, 3: 15, 4: 12, 5: 13, 6: 21, 7: 20}
Gate position gate updated to [12 15]--------------c
Trying to moving ion 15... to 13
Ion assignment after moving ion 15: {0: 22, 1: 0, 2: 15, 3: 13, 4: 12, 5: 14, 6: 25, 7: 20}
Trying to solve brute-force congestion at gate [13, 12] with {0: 22, 1: 0, 2: 15, 3: 13, 4: 12, 5: 14, 6: 25, 7: 20}
Trying to moving ion 13... to 12
Ion assignment after moving ion 13: {0: 22, 1: 0, 2: 15, 3: 12, 4: 13, 5: 14, 6: 25, 7: 20}
Clearing endpoint 14.........
Gate position gate updated to [12 13]--------------c
Trying to moving ion 13... to 13
Ion assignment after moving ion 13: {0: 22, 1: 0, 2: 15, 3: 12, 4: 13, 5: 21, 6: 25, 7: 20}
Trying to solve brute-force congestion at gate [21, 25] with {0: 22, 1: 0, 2: 15, 3: 12, 4: 13, 5: 21, 6: 25, 7: 20}
Trying to moving ion 21... to 12
Ion assignment after moving ion 21: {0: 22, 1: 0, 2: 15, 3: 13, 4: 14, 5: 12, 6: 25, 7: 20}
Clearing endpoint 14.........
Gate position gate updated to [12 25]--------------c
Trying to moving ion 25... to 13
Ion assignment after moving ion 25: {0: 22, 1: 0, 2: 15, 3: 14, 4: 24, 5: 12, 6: 13, 7: 20}
Trying to solve brute-force congestion at gate [12, 13] with {0: 22, 1: 0, 2: 15, 3: 14, 4: 24, 5: 12, 6: 13, 7: 20}
Trying to moving ion 12... to 12
Ion assignment after moving ion 12: {0: 22, 1: 0, 2: 15, 3: 14, 4: 24, 5: 12, 6: 13, 7: 20}
Clearing endpoint 14.........
Gate position gate updated to [12 13]--------------c
Trying to moving ion 13... to 13
Ion assignment after moving ion 13: {0: 22, 1: 0, 2: 15, 3: 21, 4: 24, 5: 12, 6: 13, 7: 20}
Trying to solve brute-force congestion at gate [13, 20] with {0: 22, 1: 0, 2: 15, 3: 21, 4: 24, 5: 12, 6: 13, 7: 20}
Trying to moving ion 13... to 12
Ion assignment after moving ion 13: {0: 22, 1: 0, 2: 15, 3: 21, 4: 24, 5: 13, 6: 12, 7: 20}
Gate position gate updated to [12 20]--------------c
Trying to moving ion 20... to 13
Ion assignment after moving ion 20: {0: 22, 1: 0, 2: 15, 3: 25, 4: 24, 5: 14, 6: 12, 7: 13}
Trying to solve brute-force congestion at gate [12, 13] with {0: 22, 1: 0, 2: 15, 3: 25, 4: 24, 5: 14, 6: 12, 7: 13}
Trying to moving ion 12... to 12
Ion assignment after moving ion 12: {0: 22, 1: 0, 2: 15, 3: 25, 4: 24, 5: 14, 6: 12, 7: 13}
Clearing endpoint 14.........
Gate position gate updated to [12 13]--------------c
Trying to moving ion 13... to 13
Ion assignment after moving ion 13: {0: 22, 1: 0, 2: 15, 3: 25, 4: 24, 5: 21, 6: 12, 7: 13}
Executing gate at point (0, 6).
Executing gate at point (1, 6).
Best move: (14, 21)
Executing gate at point (2, 5).
Executing gate at point (3, 5).
Best move: (20, 24)
Best move: (24, 25)
Best move: (5, 20)
Best move: (20, 24)
Best move: (4, 5)
Best move: (5, 20)
Executing gate at point (0, 3).
Executing gate at point (1, 3).
Best move: (5, 20)
Best move: (14, 21)
Best move: (3, 4)
Best move: (3, 4)
Best move: (21, 25)
Best move: (21, 25)
Try bruteforce due to repeated pattern...
Trying to solve brute-force congestion at gate [4, 21] with {0: 22, 1: 0, 2: 15, 3: 20, 4: 4, 5: 21, 6: 12, 7: 13}
Trying to moving ion 4... to 3
Ion assignment after moving ion 4: {0: 22, 1: 0, 2: 15, 3: 20, 4: 3, 5: 21, 6: 12, 7: 13}
Gate position gate updated to [ 3 21]--------------c
Trying to moving ion 21... to 4
Ion assignment after moving ion 21: {0: 22, 1: 0, 2: 15, 3: 24, 4: 3, 5: 4, 6: 12, 7: 13}
Executing gate at point (4, 4).
Executing gate at point (5, 4).
Best move: (19, 24)
Best move: (17, 19)
Executing gate at point (2, 2).
Executing gate at point (3, 2).
Best move: (17, 19)
Best move: (19, 24)
Best move: (20, 24)
Best move: (5, 20)
Executing gate at point (6, 3).
Executing gate at point (7, 3).
Best move: (4, 5)
Best move: (5, 20)
Best move: (20, 21)
Best move: (14, 21)
Executing gate at point (6, 5).
Executing gate at point (7, 5).
Executing gate at point (8, 6).
Executing gate at point (9, 6).
Best move: (14, 21)
Best move: (20, 21)
Best move: (5, 20)
Executing gate at point (8, 4).
Executing gate at point (9, 4).
Best move: (5, 20)
Best move: (20, 21)
Best move: (14, 21)
Executing gate at point (10, 5).
Executing gate at point (11, 5).
Best move: (0, 1)
Best move: (1, 2)
Best move: (2, 18)
Best move: (18, 19)
Best move: (17, 19)
Executing gate at point (4, 1).
Executing gate at point (5, 1).
Best move: (22, 25)
Best move: (16, 17)
Best move: (24, 25)
Best move: (19, 24)
Best move: (17, 19)
Executing gate at point (6, 0).
Executing gate at point (7, 0).
Best move: (15, 16)
Best move: (16, 17)
Best move: (17, 19)
Best move: (19, 24)
Best move: (20, 24)
Best move: (5, 20)
Executing gate at point (8, 2).
Executing gate at point (9, 2).
Executing gate at point (10, 3).
Executing gate at point (11, 3).
Best move: (5, 20)
Best move: (20, 24)
Best move: (19, 24)
Best move: (17, 19)
Executing gate at point (10, 1).
Executing gate at point (11, 1).
Trying to solve brute-force congestion at gate [20, 12] with {0: 16, 1: 15, 2: 24, 3: 4, 4: 3, 5: 20, 6: 12, 7: 13}
Trying to moving ion 12... to 12
Ion assignment after moving ion 12: {0: 16, 1: 15, 2: 24, 3: 4, 4: 3, 5: 20, 6: 12, 7: 13}
Gate position gate updated to [12 20]--------------c
Trying to moving ion 20... to 13
Ion assignment after moving ion 20: {0: 16, 1: 15, 2: 24, 3: 4, 4: 3, 5: 13, 6: 12, 7: 14}
Trying to solve brute-force congestion at gate [24, 4] with {0: 16, 1: 15, 2: 24, 3: 4, 4: 3, 5: 13, 6: 12, 7: 14}
Trying to moving ion 4... to 3
Ion assignment after moving ion 4: {0: 16, 1: 15, 2: 24, 3: 3, 4: 4, 5: 13, 6: 12, 7: 14}
Gate position gate updated to [ 3 24]--------------c
Trying to moving ion 24... to 4
Ion assignment after moving ion 24: {0: 16, 1: 15, 2: 4, 3: 3, 4: 5, 5: 13, 6: 12, 7: 14}
Trying to solve brute-force congestion at gate [4, 3] with {0: 16, 1: 15, 2: 4, 3: 3, 4: 5, 5: 13, 6: 12, 7: 14}
Trying to moving ion 4... to 3
Ion assignment after moving ion 4: {0: 16, 1: 15, 2: 3, 3: 4, 4: 5, 5: 13, 6: 12, 7: 14}
Clearing endpoint 5.........
Gate position gate updated to [3 4]--------------c
Trying to moving ion 4... to 4
Ion assignment after moving ion 4: {0: 16, 1: 15, 2: 3, 3: 4, 4: 20, 5: 13, 6: 12, 7: 14}
Trying to solve brute-force congestion at gate [15, 3] with {0: 16, 1: 15, 2: 3, 3: 4, 4: 20, 5: 13, 6: 12, 7: 14}
Trying to moving ion 3... to 3
Ion assignment after moving ion 3: {0: 16, 1: 15, 2: 3, 3: 4, 4: 20, 5: 13, 6: 12, 7: 14}
Gate position gate updated to [ 3 15]--------------c
Trying to moving ion 15... to 4
Ion assignment after moving ion 15: {0: 15, 1: 4, 2: 3, 3: 5, 4: 25, 5: 13, 6: 12, 7: 14}
Trying to solve brute-force congestion at gate [4, 3] with {0: 15, 1: 4, 2: 3, 3: 5, 4: 25, 5: 13, 6: 12, 7: 14}
Trying to moving ion 4... to 3
Ion assignment after moving ion 4: {0: 15, 1: 3, 2: 4, 3: 5, 4: 25, 5: 13, 6: 12, 7: 14}
Clearing endpoint 5.........
Gate position gate updated to [3 4]--------------c
Trying to moving ion 4... to 4
Ion assignment after moving ion 4: {0: 15, 1: 3, 2: 4, 3: 20, 4: 25, 5: 13, 6: 12, 7: 14}
Trying to solve brute-force congestion at gate [20, 25] with {0: 15, 1: 3, 2: 4, 3: 20, 4: 25, 5: 13, 6: 12, 7: 14}
Trying to moving ion 20... to 3
Ion assignment after moving ion 20: {0: 15, 1: 4, 2: 5, 3: 3, 4: 25, 5: 13, 6: 12, 7: 14}
Clearing endpoint 5.........
Gate position gate updated to [ 3 25]--------------c
Trying to moving ion 25... to 4
Ion assignment after moving ion 25: {0: 15, 1: 5, 2: 24, 3: 3, 4: 4, 5: 13, 6: 12, 7: 14}
Trying to solve brute-force congestion at gate [3, 4] with {0: 15, 1: 5, 2: 24, 3: 3, 4: 4, 5: 13, 6: 12, 7: 14}
Trying to moving ion 3... to 3
Ion assignment after moving ion 3: {0: 15, 1: 5, 2: 24, 3: 3, 4: 4, 5: 13, 6: 12, 7: 14}
Clearing endpoint 5.........
Gate position gate updated to [3 4]--------------c
Trying to moving ion 4... to 4
Ion assignment after moving ion 4: {0: 15, 1: 20, 2: 24, 3: 3, 4: 4, 5: 13, 6: 12, 7: 14}
Trying to solve brute-force congestion at gate [24, 3] with {0: 15, 1: 20, 2: 24, 3: 3, 4: 4, 5: 13, 6: 12, 7: 14}
Trying to moving ion 3... to 3
Ion assignment after moving ion 3: {0: 15, 1: 20, 2: 24, 3: 3, 4: 4, 5: 13, 6: 12, 7: 14}
Gate position gate updated to [ 3 24]--------------c
Trying to moving ion 24... to 4
Ion assignment after moving ion 24: {0: 15, 1: 25, 2: 4, 3: 3, 4: 5, 5: 13, 6: 12, 7: 14}
Trying to solve brute-force congestion at gate [5, 13] with {0: 15, 1: 25, 2: 4, 3: 3, 4: 5, 5: 13, 6: 12, 7: 14}Input filename:  TFIM_wsq_n8_s100_compiled
Algorithm:  SHAW
Trap type:  G2x3
Trap capacity:  3
Num layout passes:  2
Gate type:  FM
Run index:  6
Creating a QCCD machine ...
QCCD physical machine:
### Traps ### 
Trap(id='trap_0', max_num_ions=3, initial_num_ions=0, executable=True, measureable=True)
Trap(id='trap_1', max_num_ions=3, initial_num_ions=0, executable=True, measureable=True)
Trap(id='trap_2', max_num_ions=3, initial_num_ions=0, executable=True, measureable=True)
Trap(id='trap_3', max_num_ions=3, initial_num_ions=0, executable=True, measureable=True)
Trap(id='trap_4', max_num_ions=3, initial_num_ions=0, executable=True, measureable=True)
Trap(id='trap_5', max_num_ions=3, initial_num_ions=0, executable=True, measureable=True)
### Junctions ### 
Junction(id='junction_0')
Junction(id='junction_1')
Junction(id='junction_2')
### Segments ### 
Segment(id='segment_0', left=Trap(id='trap_0', max_num_ions=3, initial_num_ions=0, executable=True, measureable=True), right=Junction(id='junction_0'))
Segment(id='segment_1', left=Trap(id='trap_5', max_num_ions=3, initial_num_ions=0, executable=True, measureable=True), right=Junction(id='junction_0'))
Segment(id='segment_2', left=Trap(id='trap_1', max_num_ions=3, initial_num_ions=0, executable=True, measureable=True), right=Junction(id='junction_1'))
Segment(id='segment_3', left=Trap(id='trap_4', max_num_ions=3, initial_num_ions=0, executable=True, measureable=True), right=Junction(id='junction_1'))
Segment(id='segment_4', left=Trap(id='trap_2', max_num_ions=3, initial_num_ions=0, executable=True, measureable=True), right=Junction(id='junction_2'))
Segment(id='segment_5', left=Trap(id='trap_3', max_num_ions=3, initial_num_ions=0, executable=True, measureable=True), right=Junction(id='junction_2'))
Segment(id='segment_6', left=Junction(id='junction_0'), right=Junction(id='junction_1'))
Segment(id='segment_7', left=Junction(id='junction_1'), right=Junction(id='junction_2'))
Finished creating the QCCD physical machine.
Position graph:  CouplingGraph({(3, 4), (12, 13), (22, 23), (21, 25), (23, 25), (11, 23), (13, 14), (19, 24), (18, 19), (4, 5), (20, 25), (21, 24), (22, 25), (14, 21), (0, 1), (9, 10), (1, 2), (10, 11), (6, 7), (15, 16), (24, 25), (18, 24), (20, 21), (20, 24), (17, 19), (5, 20), (8, 22), (2, 18), (7, 8), (16, 17)})
Initial ion assignment:  {0: 17, 1: 15, 2: 0, 3: 6, 4: 1, 5: 5, 6: 14, 7: 2}
Congestion rate:  1.0
Scheduling QCCD: 5320.0 us, costing 29.651120500057004 s to compile
0.00532
29.651120500057004
{0: 15, 1: 25, 2: 20, 3: 3, 4: 4, 5: 21, 6: 12, 7: 13}
[0, 1, 2, 3, 4, 5, 6, 7]
