Best move: (3, 14)
Best move: (7, 17)
Best move: (17, 19)
Best move: (15, 19)
Best move: (0, 1)
Best move: (1, 12)
Try bruteforce due to multiple steps (6) to solve one gate
Trying to solve brute-force congestion at gate [14, 15] with {0: 8, 1: 6, 2: 0, 3: 14, 4: 15, 5: 2, 6: 5, 7: 12}
Trying to moving ion 14... to 2
Ion assignment after moving ion 14: {0: 8, 1: 6, 2: 0, 3: 2, 4: 15, 5: 3, 6: 5, 7: 12}
Clearing endpoint 3.........
Gate position gate updated to [ 2 15]--------------c
Trying to moving ion 15... to 3
Ion assignment after moving ion 15: {0: 8, 1: 6, 2: 0, 3: 2, 4: 3, 5: 19, 6: 5, 7: 12}
Executing gate at point (0, 3).
Best move: (12, 18)
Best move: (15, 18)
Best move: (2, 3)
Best move: (3, 14)
Best move: (14, 18)
Best move: (12, 18)
Try bruteforce due to multiple steps (6) to solve one gate
Trying to solve brute-force congestion at gate [0, 12] with {0: 8, 1: 6, 2: 0, 3: 12, 4: 2, 5: 19, 6: 5, 7: 15}
Trying to moving ion 0... to 0
Ion assignment after moving ion 0: {0: 8, 1: 6, 2: 0, 3: 12, 4: 2, 5: 19, 6: 5, 7: 15}
Gate position gate updated to [ 0 12]--------------c
Trying to moving ion 12... to 1
Ion assignment after moving ion 12: {0: 8, 1: 6, 2: 0, 3: 1, 4: 2, 5: 19, 6: 5, 7: 15}
Executing gate at point (1, 2).
Best move: (0, 1)
Best move: (1, 12)
Best move: (12, 18)
Best move: (4, 5)
Best move: (14, 15)
Best move: (14, 15)
Try bruteforce due to multiple steps (6) to solve one gate
Trying to solve brute-force congestion at gate [6, 18] with {0: 8, 1: 6, 2: 18, 3: 0, 4: 2, 5: 19, 6: 4, 7: 15}
Trying to moving ion 6... to 6
Ion assignment after moving ion 6: {0: 8, 1: 6, 2: 18, 3: 0, 4: 2, 5: 19, 6: 4, 7: 15}
Gate position gate updated to [ 6 18]--------------c
Trying to moving ion 18... to 7
Ion assignment after moving ion 18: {0: 8, 1: 6, 2: 7, 3: 0, 4: 2, 5: 14, 6: 4, 7: 15}
Executing gate at point (2, 1).
Best move: (6, 7)
Best move: (7, 17)
Best move: (17, 19)
Best move: (8, 9)
Best move: (8, 9)
Best move: (18, 19)
Try bruteforce due to multiple steps (6) to solve one gate
Trying to solve brute-force congestion at gate [8, 18] with {0: 8, 1: 18, 2: 6, 3: 0, 4: 2, 5: 14, 6: 4, 7: 15}
Trying to moving ion 8... to 8
Ion assignment after moving ion 8: {0: 8, 1: 18, 2: 6, 3: 0, 4: 2, 5: 14, 6: 4, 7: 15}
Gate position gate updated to [ 8 18]--------------c
Trying to moving ion 18... to 9
Ion assignment after moving ion 18: {0: 8, 1: 9, 2: 6, 3: 0, 4: 2, 5: 14, 6: 4, 7: 19}
Executing gate at point (3, 0).
Best move: (16, 19)
Best move: (5, 16)
Executing gate at point (0, 6).
Best move: (4, 5)
Best move: (5, 16)
Best move: (16, 19)
Best move: (18, 19)
Best move: (18, 19)
Best move: (18, 19)
Try bruteforce due to multiple steps (6) to solve one gate
Trying to solve brute-force congestion at gate [14, 18] with {0: 8, 1: 9, 2: 6, 3: 0, 4: 2, 5: 14, 6: 18, 7: 4}
Trying to moving ion 14... to 2
Ion assignment after moving ion 14: {0: 8, 1: 9, 2: 6, 3: 0, 4: 3, 5: 2, 6: 18, 7: 4}
Clearing endpoint 3.........
Gate position gate updated to [ 2 18]--------------c
Trying to moving ion 18... to 3
Ion assignment after moving ion 18: {0: 8, 1: 9, 2: 6, 3: 0, 4: 19, 5: 2, 6: 3, 7: 4}
Executing gate at point (1, 5).
Best move: (2, 3)
Best move: (3, 14)
Best move: (18, 19)
Best move: (14, 15)
Best move: (15, 19)
Best move: (14, 19)
Try bruteforce due to multiple steps (6) to solve one gate
Trying to solve brute-force congestion at gate [18, 14] with {0: 8, 1: 9, 2: 6, 3: 0, 4: 18, 5: 14, 6: 2, 7: 4}
Trying to moving ion 14... to 2
Ion assignment after moving ion 14: {0: 8, 1: 9, 2: 6, 3: 0, 4: 18, 5: 2, 6: 3, 7: 4}
Clearing endpoint 3.........
Gate position gate updated to [ 2 18]--------------c
Trying to moving ion 18... to 3
Ion assignment after moving ion 18: {0: 8, 1: 9, 2: 6, 3: 0, 4: 3, 5: 2, 6: 19, 7: 4}
Executing gate at point (2, 4).
Best move: (3, 14)
Best move: (14, 18)
Best move: (12, 18)
Best move: (1, 12)
Executing gate at point (3, 3).
Best move: (14, 19)
Best move: (3, 14)
Executing gate at point (3, 5).
Best move: (3, 14)
Best move: (1, 12)
Best move: (12, 18)
Best move: (18, 19)
Best move: (18, 19)
Best move: (18, 19)
Try bruteforce due to multiple steps (6) to solve one gate
Trying to solve brute-force congestion at gate [19, 2] with {0: 8, 1: 9, 2: 6, 3: 0, 4: 19, 5: 2, 6: 14, 7: 4}
Trying to moving ion 2... to 2
Ion assignment after moving ion 2: {0: 8, 1: 9, 2: 6, 3: 0, 4: 19, 5: 2, 6: 14, 7: 4}
Gate position gate updated to [ 2 19]--------------c
Trying to moving ion 19... to 3
Ion assignment after moving ion 19: {0: 8, 1: 9, 2: 6, 3: 0, 4: 3, 5: 2, 6: 18, 7: 4}
Executing gate at point (4, 4).
Best move: (18, 19)
Best move: (16, 19)
Best move: (5, 16)
Executing gate at point (4, 6).
Best move: (5, 16)
Best move: (16, 19)
Best move: (2, 3)
Best move: (3, 14)
Best move: (18, 19)
Best move: (14, 15)
Try bruteforce due to multiple steps (6) to solve one gate
Trying to solve brute-force congestion at gate [15, 18] with {0: 8, 1: 9, 2: 6, 3: 0, 4: 2, 5: 15, 6: 18, 7: 4}
Trying to moving ion 15... to 2
Ion assignment after moving ion 15: {0: 8, 1: 9, 2: 6, 3: 0, 4: 3, 5: 2, 6: 18, 7: 4}
Clearing endpoint 3.........
Gate position gate updated to [ 2 18]--------------c
Trying to moving ion 18... to 3
Ion assignment after moving ion 18: {0: 8, 1: 9, 2: 6, 3: 0, 4: 19, 5: 2, 6: 3, 7: 4}
Executing gate at point (5, 5).
Best move: (0, 1)
Best move: (1, 12)
Best move: (12, 18)
Best move: (14, 18)
Best move: (14, 18)
Best move: (14, 18)
Try bruteforce due to multiple steps (6) to solve one gate
Trying to solve brute-force congestion at gate [6, 14] with {0: 8, 1: 9, 2: 6, 3: 14, 4: 19, 5: 2, 6: 3, 7: 4}
Trying to moving ion 6... to 6
Ion assignment after moving ion 6: {0: 8, 1: 9, 2: 6, 3: 14, 4: 19, 5: 2, 6: 3, 7: 4}
Gate position gate updated to [ 6 14]--------------c
Trying to moving ion 14... to 7
Ion assignment after moving ion 14: {0: 8, 1: 9, 2: 6, 3: 7, 4: 15, 5: 2, 6: 3, 7: 4}
Executing gate at point (4, 2).
Best move: (7, 17)
Best move: (17, 19)
Best move: (18, 19)
Best move: (15, 19)
Best move: (14, 19)
Best move: (14, 15)
Try bruteforce due to multiple steps (6) to solve one gate
Trying to solve brute-force congestion at gate [18, 15] with {0: 8, 1: 9, 2: 6, 3: 18, 4: 15, 5: 2, 6: 3, 7: 4}
Trying to moving ion 15... to 8
Ion assignment after moving ion 15: {0: 9, 1: 19, 2: 6, 3: 18, 4: 8, 5: 2, 6: 3, 7: 4}
Clearing endpoint 9.........
Gate position gate updated to [ 8 18]--------------c
Trying to moving ion 18... to 9
Ion assignment after moving ion 18: {0: 14, 1: 19, 2: 6, 3: 9, 4: 8, 5: 2, 6: 3, 7: 4}
Executing gate at point (5, 3).
Best move: (17, 19)
Best move: (7, 17)
Executing gate at point (5, 1).
Trying to solve brute-force congestion at gate [8, 3] with {0: 13, 1: 17, 2: 6, 3: 15, 4: 8, 5: 3, 6: 14, 7: 4}
Trying to moving ion 8... to 8
Ion assignment after moving ion 8: {0: 13, 1: 17, 2: 6, 3: 15, 4: 8, 5: 3, 6: 14, 7: 4}
Gate position gate updated to [8 3]--------------c
Trying to moving ion 3... to 9
Ion assignment after moving ion 3: {0: 13, 1: 17, 2: 6, 3: 18, 4: 8, 5: 9, 6: 19, 7: 4}
Trying to solve brute-force congestion at gate [19, 4] with {0: 13, 1: 17, 2: 6, 3: 18, 4: 8, 5: 9, 6: 19, 7: 4}
Trying to moving ion 4... to 4
Ion assignment after moving ion 4: {0: 13, 1: 17, 2: 6, 3: 18, 4: 8, 5: 9, 6: 19, 7: 4}
Gate position gate updated to [ 4 19]--------------c
Trying to moving ion 19... to 5
Ion assignment after moving ion 19: {0: 13, 1: 17, 2: 6, 3: 18, 4: 8, 5: 9, 6: 5, 7: 4}
Trying to solve brute-force congestion at gate [9, 5] with {0: 13, 1: 17, 2: 6, 3: 18, 4: 8, 5: 9, 6: 5, 7: 4}
Trying to moving ion 5... to 4
Ion assignment after moving ion 5: {0: 13, 1: 17, 2: 6, 3: 18, 4: 8, 5: 9, 6: 4, 7: 5}
Clearing endpoint 5.........
Gate position gate updated to [4 9]--------------c
Trying to moving ion 9... to 5
Ion assignment after moving ion 9: {0: 13, 1: 7, 2: 6, 3: 18, 4: 8, 5: 5, 6: 4, 7: 17}
Trying to solve brute-force congestion at gate [6, 18] with {0: 13, 1: 7, 2: 6, 3: 18, 4: 8, 5: 5, 6: 4, 7: 17}
Trying to moving ion 6... to 6
Ion assignment after moving ion 6: {0: 13, 1: 7, 2: 6, 3: 18, 4: 8, 5: 5, 6: 4, 7: 17}
Clearing endpoint 7.........
Gate position gate updated to [ 6 18]--------------c
Trying to moving ion 18... to 7
Ion assignment after moving ion 18: {0: 13, 1: 16, 2: 6, 3: 7, 4: 8, 5: 5, 6: 4, 7: 14}
Trying to solve brute-force congestion at gate [7, 8] with {0: 13, 1: 16, 2: 6, 3: 7, 4: 8, 5: 5, 6: 4, 7: 14}
Trying to moving ion 8... to 8
Ion assignment after moving ion 8: {0: 13, 1: 16, 2: 6, 3: 7, 4: 8, 5: 5, 6: 4, 7: 14}
Gate position gate updated to [8 7]--------------c
Trying to moving ion 7... to 9
Ion assignment after moving ion 7: {0: 13, 1: 16, 2: 6, 3: 9, 4: 8, 5: 5, 6: 4, 7: 14}
Trying to solve brute-force congestion at gate [8, 5] with {0: 13, 1: 16, 2: 6, 3: 9, 4: 8, 5: 5, 6: 4, 7: 14}
Trying to moving ion 8... to 8
Ion assignment after moving ion 8: {0: 13, 1: 16, 2: 6, 3: 9, 4: 8, 5: 5, 6: 4, 7: 14}
Clearing endpoint 9.........
Gate position gate updated to [8 5]--------------c
Trying to moving ion 5... to 9
Ion assignment after moving ion 5: {0: 13, 1: 17, 2: 6, 3: 18, 4: 8, 5: 9, 6: 4, 7: 14}
Trying to solve brute-force congestion at gate [9, 4] with {0: 13, 1: 17, 2: 6, 3: 18, 4: 8, 5: 9, 6: 4, 7: 14}
Trying to moving ion 4... to 4
Ion assignment after moving ion 4: {0: 13, 1: 17, 2: 6, 3: 18, 4: 8, 5: 9, 6: 4, 7: 14}
Gate position gate updated to [4 9]--------------c
Trying to moving ion 9... to 5
Ion assignment after moving ion 9: {0: 13, 1: 17, 2: 6, 3: 18, 4: 8, 5: 5, 6: 4, 7: 14}
Trying to solve brute-force congestion at gate [4, 14] with {0: 13, 1: 17, 2: 6, 3: 18, 4: 8, 5: 5, 6: 4, 7: 14}
Trying to moving ion 4... to 4
Ion assignment after moving ion 4: {0: 13, 1: 17, 2: 6, 3: 18, 4: 8, 5: 5, 6: 4, 7: 14}
Clearing endpoint 5.........
Gate position gate updated to [ 4 14]--------------c
Trying to moving ion 14... to 5
Ion assignment after moving ion 14: {0: 13, 1: 7, 2: 6, 3: 18, 4: 8, 5: 17, 6: 4, 7: 5}
Trying to solve brute-force congestion at gate [13, 7] with {0: 13, 1: 7, 2: 6, 3: 18, 4: 8, 5: 17, 6: 4, 7: 5}
Trying to moving ion 7... to 6
Ion assignment after moving ion 7: {0: 13, 1: 6, 2: 7, 3: 18, 4: 8, 5: 17, 6: 4, 7: 5}
Clearing endpoint 7.........
Gate position gate updated to [ 6 13]--------------c
Trying to moving ion 13... to 7
Ion assignment after moving ion 13: {0: 7, 1: 6, 2: 16, 3: 12, 4: 8, 5: 14, 6: 4, 7: 5}
Trying to solve brute-force congestion at gate [6, 16] with {0: 7, 1: 6, 2: 16, 3: 12, 4: 8, 5: 14, 6: 4, 7: 5}
Trying to moving ion 6... to 6
Ion assignment after moving ion 6: {0: 7, 1: 6, 2: 16, 3: 12, 4: 8, 5: 14, 6: 4, 7: 5}
Clearing endpoint 7.........
Gate position gate updated to [ 6 16]--------------c
Trying to moving ion 16... to 7
Ion assignment after moving ion 16: {0: 19, 1: 6, 2: 7, 3: 12, 4: 8, 5: 14, 6: 4, 7: 5}
Trying to solve brute-force congestion at gate [7, 12] with {0: 19, 1: 6, 2: 7, 3: 12, 4: 8, 5: 14, 6: 4, 7: 5}
Trying to moving ion 7... to 6
Ion assignment after moving ion 7: {0: 19, 1: 7, 2: 6, 3: 12, 4: 8, 5: 14, 6: 4, 7: 5}
Clearing endpoint 7.........
Gate position gate updated to [ 6 12]--------------c
Trying to moving ion 12... to 7
Ion assignment after moving ion 12: {0: 15, 1: 16, 2: 6, 3: 7, 4: 8, 5: 14, 6: 4, 7: 5}
Trying to solve brute-force congestion at gate [7, 8] with {0: 15, 1: 16, 2: 6, 3: 7, 4: 8, 5: 14, 6: 4, 7: 5}
Trying to moving ion 8... to 8
Ion assignment after moving ion 8: {0: 15, 1: 16, 2: 6, 3: 7, 4: 8, 5: 14, 6: 4, 7: 5}
Gate position gate updated to [8 7]--------------c
Trying to moving ion 7... to 9
Ion assignment after moving ion 7: {0: 18, 1: 16, 2: 6, 3: 9, 4: 8, 5: 14, 6: 4, 7: 5}
Executing gate at point (0, 3).
Executing gate at point (0, 6).
Best move: (9, 15)
Best move: (15, 19)
Best move: (17, 19)
Best move: (4, 5)
Best move: (7, 17)
Executing gate at point (1, 2).
Best move: (14, 15)
Best move: (16, 17)
Best move: (5, 16)
Best move: (6, 7)
Best move: (16, 19)
Best move: (14, 19)
Try bruteforce due to multiple steps (6) to solve one gate
Trying to solve brute-force congestion at gate [17, 7] with {0: 18, 1: 17, 2: 7, 3: 6, 4: 8, 5: 15, 6: 14, 7: 4}
Trying to moving ion 7... to 6
Ion assignment after moving ion 7: {0: 18, 1: 17, 2: 6, 3: 7, 4: 8, 5: 15, 6: 14, 7: 4}
Clearing endpoint 7.........
Gate position gate updated to [ 6 16]--------------c
Trying to moving ion 16... to 7
Ion assignment after moving ion 16: {0: 18, 1: 7, 2: 6, 3: 19, 4: 8, 5: 15, 6: 14, 7: 4}
Executing gate at point (2, 1).
Best move: (7, 17)
Best move: (12, 18)
Best move: (1, 12)
Best move: (0, 1)
Best move: (0, 1)
Best move: (0, 1)
Try bruteforce due to multiple steps (6) to solve one gate
Trying to solve brute-force congestion at gate [0, 17] with {0: 0, 1: 17, 2: 6, 3: 19, 4: 8, 5: 15, 6: 14, 7: 4}
Trying to moving ion 0... to 0
Ion assignment after moving ion 0: {0: 0, 1: 17, 2: 6, 3: 19, 4: 8, 5: 15, 6: 14, 7: 4}
Gate position gate updated to [ 0 17]--------------c
Trying to moving ion 17... to 1
Ion assignment after moving ion 17: {0: 0, 1: 1, 2: 6, 3: 16, 4: 8, 5: 15, 6: 14, 7: 4}
Executing gate at point (3, 0).
Best move: (3, 14)
Best move: (14, 15)
Best move: (2, 3)
Best move: (3, 14)
Executing gate at point (1, 5).
Best move: (3, 14)
Best move: (14, 15)
Best move: (9, 15)
Executing gate at point (2, 4).
Best move: (9, 15)
Best move: (16, 19)
Best move: (18, 19)
Best move: (18, 19)
Best move: (18, 19)
Try bruteforce due to repeated pattern...
Trying to solve brute-force congestion at gate [18, 8] with {0: 0, 1: 1, 2: 6, 3: 18, 4: 8, 5: 15, 6: 2, 7: 4}
Trying to moving ion 8... to 8
Ion assignment after moving ion 8: {0: 0, 1: 1, 2: 6, 3: 18, 4: 8, 5: 15, 6: 2, 7: 4}
Gate position gate updated to [ 8 18]--------------c
Trying to moving ion 18... to 9
Ion assignment after moving ion 18: {0: 0, 1: 1, 2: 6, 3: 9, 4: 8, 5: 19, 6: 2, 7: 4}
Executing gate at point (3, 3).
Best move: (14, 19)
Best move: (9, 15)
Best move: (3, 14)
Executing gate at point (3, 5).
Best move: (15, 19)
Best move: (17, 19)
Best move: (3, 14)
Best move: (14, 15)
Best move: (4, 5)
Best move: (5, 16)
Try bruteforce due to multiple steps (6) to solve one gate
Trying to solve brute-force congestion at gate [8, 15] with {0: 0, 1: 1, 2: 6, 3: 17, 4: 8, 5: 15, 6: 2, 7: 16}
Trying to moving ion 8... to 8
Ion assignment after moving ion 8: {0: 0, 1: 1, 2: 6, 3: 17, 4: 8, 5: 15, 6: 2, 7: 16}
Gate position gate updated to [ 8 15]--------------c
Trying to moving ion 15... to 9
Ion assignment after moving ion 15: {0: 0, 1: 1, 2: 6, 3: 17, 4: 8, 5: 9, 6: 2, 7: 16}
Executing gate at point (4, 4).
Best move: (16, 19)
Best move: (14, 19)
Best move: (7, 17)
Executing gate at point (4, 2).
Best move: (7, 17)
Best move: (8, 9)
Best move: (9, 15)
Best move: (15, 19)
Best move: (16, 19)
Best move: (5, 16)
Try bruteforce due to multiple steps (6) to solve one gate
Trying to solve brute-force congestion at gate [17, 5] with {0: 0, 1: 1, 2: 6, 3: 17, 4: 5, 5: 8, 6: 2, 7: 14}
Trying to moving ion 5... to 4
Ion assignment after moving ion 5: {0: 0, 1: 1, 2: 6, 3: 17, 4: 4, 5: 8, 6: 2, 7: 14}
Gate position gate updated to [ 4 17]--------------c
Trying to moving ion 17... to 5
Ion assignment after moving ion 17: {0: 0, 1: 1, 2: 6, 3: 5, 4: 4, 5: 8, 6: 2, 7: 14}
Executing gate at point (5, 3).
Best move: (3, 14)
Executing gate at point (4, 6).
Best move: (1, 12)
Best move: (12, 18)
Best move: (18, 19)
Best move: (17, 19)
Best move: (7, 17)
Executing gate at point (5, 1).
Best move: (2, 3)
Best move: (3, 14)
Best move: (14, 15)
Best move: (9, 15)
Executing gate at point (5, 5).
Trying to solve brute-force congestion at gate [4, 8] with {0: 0, 1: 12, 2: 6, 3: 17, 4: 4, 5: 8, 6: 9, 7: 2}
Trying to moving ion 4... to 4
Ion assignment after moving ion 4: {0: 0, 1: 12, 2: 6, 3: 17, 4: 4, 5: 8, 6: 9, 7: 2}
Gate position gate updated to [4 8]--------------c
Trying to moving ion 8... to 5
Ion assignment after moving ion 8: {0: 0, 1: 12, 2: 6, 3: 17, 4: 4, 5: 5, 6: 8, 7: 2}
Trying to solve brute-force congestion at gate [8, 2] with {0: 0, 1: 12, 2: 6, 3: 17, 4: 4, 5: 5, 6: 8, 7: 2}
Trying to moving ion 2... to 2
Ion assignment after moving ion 2: {0: 0, 1: 12, 2: 6, 3: 17, 4: 4, 5: 5, 6: 8, 7: 2}
Gate position gate updated to [2 8]--------------c
Trying to moving ion 8... to 3
Ion assignment after moving ion 8: {0: 0, 1: 12, 2: 6, 3: 17, 4: 4, 5: 5, 6: 3, 7: 2}
Trying to solve brute-force congestion at gate [5, 3] with {0: 0, 1: 12, 2: 6, 3: 17, 4: 4, 5: 5, 6: 3, 7: 2}
Trying to moving ion 3... to 2
Ion assignment after moving ion 3: {0: 0, 1: 12, 2: 6, 3: 17, 4: 4, 5: 5, 6: 2, 7: 3}
Clearing endpoint 3.........
Gate position gate updated to [2 5]--------------c
Trying to moving ion 5... to 3
Ion assignment after moving ion 5: {0: 0, 1: 12, 2: 6, 3: 17, 4: 4, 5: 3, 6: 2, 7: 15}
Trying to solve brute-force congestion at gate [6, 17] with {0: 0, 1: 12, 2: 6, 3: 17, 4: 4, 5: 3, 6: 2, 7: 15}
Trying to moving ion 6... to 6
Ion assignment after moving ion 6: {0: 0, 1: 12, 2: 6, 3: 17, 4: 4, 5: 3, 6: 2, 7: 15}
Gate position gate updated to [ 6 17]--------------c
Trying to moving ion 17... to 7
Ion assignment after moving ion 17: {0: 0, 1: 12, 2: 6, 3: 7, 4: 4, 5: 3, 6: 2, 7: 15}
Trying to solve brute-force congestion at gate [7, 4] with {0: 0, 1: 12, 2: 6, 3: 7, 4: 4, 5: 3, 6: 2, 7: 15}
Trying to moving ion 4... to 4
Ion assignment after moving ion 4: {0: 0, 1: 12, 2: 6, 3: 7, 4: 4, 5: 3, 6: 2, 7: 15}
Gate position gate updated to [4 7]--------------c
Trying to moving ion 7... to 5
Ion assignment after moving ion 7: {0: 0, 1: 12, 2: 6, 3: 5, 4: 4, 5: 3, 6: 2, 7: 15}
Trying to solve brute-force congestion at gate [4, 3] with {0: 0, 1: 12, 2: 6, 3: 5, 4: 4, 5: 3, 6: 2, 7: 15}
Trying to moving ion 4... to 4
Ion assignment after moving ion 4: {0: 0, 1: 12, 2: 6, 3: 5, 4: 4, 5: 3, 6: 2, 7: 15}
Clearing endpoint 5.........
Gate position gate updated to [4 3]--------------c
Trying to moving ion 3... to 5
Ion assignment after moving ion 3: {0: 0, 1: 12, 2: 6, 3: 17, 4: 4, 5: 5, 6: 2, 7: 15}
Trying to solve brute-force congestion at gate [5, 2] with {0: 0, 1: 12, 2: 6, 3: 17, 4: 4, 5: 5, 6: 2, 7: 15}
Trying to moving ion 2... to 2
Ion assignment after moving ion 2: {0: 0, 1: 12, 2: 6, 3: 17, 4: 4, 5: 5, 6: 2, 7: 15}
Gate position gate updated to [2 5]--------------c
Trying to moving ion 5... to 3
Ion assignment after moving ion 5: {0: 0, 1: 12, 2: 6, 3: 17, 4: 4, 5: 3, 6: 2, 7: 15}
Trying to solve brute-force congestion at gate [2, 15] with {0: 0, 1: 12, 2: 6, 3: 17, 4: 4, 5: 3, 6: 2, 7: 15}
Trying to moving ion 2... to 2
Ion assignment after moving ion 2: {0: 0, 1: 12, 2: 6, 3: 17, 4: 4, 5: 3, 6: 2, 7: 15}
Clearing endpoint 3.........
Gate position gate updated to [ 2 15]--------------c
Trying to moving ion 15... to 3
Ion assignment after moving ion 15: {0: 0, 1: 12, 2: 6, 3: 17, 4: 4, 5: 19, 6: 2, 7: 3}
Trying to solve brute-force congestion at gate [0, 12] with {0: 0, 1: 12, 2: 6, 3: 17, 4: 4, 5: 19, 6: 2, 7: 3}
Trying to moving ion 0... to 0
Ion assignment after moving ion 0: {0: 0, 1: 12, 2: 6, 3: 17, 4: 4, 5: 19, 6: 2, 7: 3}
Gate position gate updated to [ 0 12]--------------c
Trying to moving ion 12... to 1
Ion assignment after moving ion 12: {0: 0, 1: 1, 2: 6, 3: 17, 4: 4, 5: 19, 6: 2, 7: 3}
Trying to solve brute-force congestion at gate [1, 6] with {0: 0, 1: 1, 2: 6, 3: 17, 4: 4, 5: 19, 6: 2, 7: 3}
Trying to moving ion 6... to 6
Ion assignment after moving ion 6: {0: 0, 1: 1, 2: 6, 3: 17, 4: 4, 5: 19, 6: 2, 7: 3}
Gate position gate updated to [6 1]--------------c
Trying to moving ion 1... to 7
Ion assignment after moving ion 1: {0: 0, 1: 7, 2: 6, 3: 16, 4: 4, 5: 15, 6: 2, 7: 3}
Trying to solve brute-force congestion at gate [6, 16] with {0: 0, 1: 7, 2: 6, 3: 16, 4: 4, 5: 15, 6: 2, 7: 3}
Trying to moving ion 6... to 6
Ion assignment after moving ion 6: {0: 0, 1: 7, 2: 6, 3: 16, 4: 4, 5: 15, 6: 2, 7: 3}
Clearing endpoint 7.........
Gate position gate updated to [ 6 16]--------------c
Trying to moving ion 16... to 7
Ion assignment after moving ion 16: {0: 0, 1: 19, 2: 6, 3: 7, 4: 4, 5: 15, 6: 2, 7: 3}
Trying to solve brute-force congestion at gate [7, 4] with {0: 0, 1: 19, 2: 6, 3: 7, 4: 4, 5: 15, 6: 2, 7: 3}
Trying to moving ion 4... to 4
Ion assignment after moving ion 4: {0: 0, 1: 19, 2: 6, 3: 7, 4: 4, 5: 15, 6: 2, 7: 3}
Gate position gate updated to [4 7]--------------c
Trying to moving ion 7... to 5
Ion assignment after moving ion 7: {0: 0, 1: 19, 2: 6, 3: 5, 4: 4, 5: 15, 6: 2, 7: 3}
Executing gate at point (0, 3).
Executing gate at point (0, 6).
Best move: (5, 16)
Best move: (16, 17)
Best move: (2, 3)
Best move: (3, 14)
Best move: (7, 17)
Executing gate at point (1, 2).
Best move: (15, 18)
Best move: (6, 7)
Best move: (7, 17)
Best move: (16, 17)
Best move: (16, 17)
Best move: (15, 19)
Try bruteforce due to multiple steps (6) to solve one gate
Trying to solve brute-force congestion at gate [15, 17] with {0: 0, 1: 15, 2: 17, 3: 6, 4: 4, 5: 18, 6: 14, 7: 2}
Trying to moving ion 15... to 8
Ion assignment after moving ion 15: {0: 0, 1: 8, 2: 17, 3: 6, 4: 4, 5: 18, 6: 14, 7: 2}
Gate position gate updated to [ 8 17]--------------c
Trying to moving ion 17... to 9
Ion assignment after moving ion 17: {0: 0, 1: 8, 2: 9, 3: 6, 4: 4, 5: 18, 6: 14, 7: 2}
Executing gate at point (2, 1).
Best move: (18, 19)
Best move: (8, 9)
Best move: (9, 15)
Best move: (15, 18)
Best move: (12, 18)
Best move: (1, 12)
Try bruteforce due to multiple steps (6) to solve one gate
Trying to solve brute-force congestion at gate [0, 1] with {0: 0, 1: 1, 2: 8, 3: 6, 4: 4, 5: 19, 6: 14, 7: 2}
Trying to moving ion 0... to 0
Ion assignment after moving ion 0: {0: 0, 1: 1, 2: 8, 3: 6, 4: 4, 5: 19, 6: 14, 7: 2}
Gate position gate updated to [0 1]--------------c
Trying to moving ion 1... to 1
Ion assignment after moving ion 1: {0: 0, 1: 1, 2: 8, 3: 6, 4: 4, 5: 19, 6: 14, 7: 2}
Executing gate at point (3, 0).
Best move: (14, 18)
Best move: (14, 18)
Best move: (18, 19)
Best move: (14, 15)
Best move: (15, 19)
Best move: (14, 19)
Try bruteforce due to multiple steps (6) to solve one gate
Trying to solve brute-force congestion at gate [18, 14] with {0: 0, 1: 1, 2: 8, 3: 6, 4: 4, 5: 18, 6: 14, 7: 2}
Trying to moving ion 14... to 2
Ion assignment after moving ion 14: {0: 0, 1: 1, 2: 8, 3: 6, 4: 4, 5: 18, 6: 2, 7: 3}
Clearing endpoint 3.........
Gate position gate updated to [ 2 18]--------------c
Trying to moving ion 18... to 3
Ion assignment after moving ion 18: {0: 0, 1: 1, 2: 8, 3: 6, 4: 4, 5: 3, 6: 2, 7: 19}
Executing gate at point (1, 5).
Best move: (3, 14)
Best move: (14, 18)
Best move: (14, 18)
Try bruteforce due to repeated pattern...
Trying to solve brute-force congestion at gate [4, 14] with {0: 0, 1: 1, 2: 8, 3: 6, 4: 4, 5: 14, 6: 2, 7: 19}
Trying to moving ion 4... to 4
Ion assignment after moving ion 4: {0: 0, 1: 1, 2: 8, 3: 6, 4: 4, 5: 14, 6: 2, 7: 19}
Gate position gate updated to [ 4 14]--------------c
Trying to moving ion 14... to 5
Ion assignment after moving ion 14: {0: 0, 1: 1, 2: 8, 3: 6, 4: 4, 5: 5, 6: 2, 7: 15}
Executing gate at point (2, 4).
Best move: (5, 16)
Best move: (6, 7)
Best move: (7, 17)
Best move: (17, 19)
Best move: (17, 19)
Best move: (17, 19)
Try bruteforce due to multiple steps (6) to solve one gate
Trying to solve brute-force congestion at gate [19, 4] with {0: 0, 1: 1, 2: 8, 3: 19, 4: 4, 5: 16, 6: 2, 7: 15}
Trying to moving ion 4... to 4
Ion assignment after moving ion 4: {0: 0, 1: 1, 2: 8, 3: 19, 4: 4, 5: 16, 6: 2, 7: 15}
Gate position gate updated to [ 4 19]--------------c
Trying to moving ion 19... to 5
Ion assignment after moving ion 19: {0: 0, 1: 1, 2: 8, 3: 5, 4: 4, 5: 17, 6: 2, 7: 15}
Executing gate at point (3, 3).
Best move: (5, 16)
Best move: (16, 19)
Best move: (14, 19)
Best move: (14, 18)
Best move: (18, 19)
Best move: (14, 19)
Try bruteforce due to multiple steps (6) to solve one gate
Trying to solve brute-force congestion at gate [8, 14] with {0: 0, 1: 1, 2: 8, 3: 14, 4: 4, 5: 17, 6: 2, 7: 15}
Trying to moving ion 8... to 8
Ion assignment after moving ion 8: {0: 0, 1: 1, 2: 8, 3: 14, 4: 4, 5: 17, 6: 2, 7: 15}
Gate position gate updated to [ 8 14]--------------c
Trying to moving ion 14... to 9Input filename:  TFIM_wsq_n8_s100_compiled
Algorithm:  SHAPER
Trap type:  G2x3
Trap capacity:  2
Num layout passes:  2
Gate type:  FM
Run index:  10
Creating a QCCD machine ...
QCCD physical machine:
### Traps ### 
Trap(id='trap_0', max_num_ions=2, initial_num_ions=0, executable=True, measureable=True)
Trap(id='trap_1', max_num_ions=2, initial_num_ions=0, executable=True, measureable=True)
Trap(id='trap_2', max_num_ions=2, initial_num_ions=0, executable=True, measureable=True)
Trap(id='trap_3', max_num_ions=2, initial_num_ions=0, executable=True, measureable=True)
Trap(id='trap_4', max_num_ions=2, initial_num_ions=0, executable=True, measureable=True)
Trap(id='trap_5', max_num_ions=2, initial_num_ions=0, executable=True, measureable=True)
### Junctions ### 
Junction(id='junction_0')
Junction(id='junction_1')
Junction(id='junction_2')
### Segments ### 
Segment(id='segment_0', left=Trap(id='trap_0', max_num_ions=2, initial_num_ions=0, executable=True, measureable=True), right=Junction(id='junction_0'))
Segment(id='segment_1', left=Trap(id='trap_5', max_num_ions=2, initial_num_ions=0, executable=True, measureable=True), right=Junction(id='junction_0'))
Segment(id='segment_2', left=Trap(id='trap_1', max_num_ions=2, initial_num_ions=0, executable=True, measureable=True), right=Junction(id='junction_1'))
Segment(id='segment_3', left=Trap(id='trap_4', max_num_ions=2, initial_num_ions=0, executable=True, measureable=True), right=Junction(id='junction_1'))
Segment(id='segment_4', left=Trap(id='trap_2', max_num_ions=2, initial_num_ions=0, executable=True, measureable=True), right=Junction(id='junction_2'))
Segment(id='segment_5', left=Trap(id='trap_3', max_num_ions=2, initial_num_ions=0, executable=True, measureable=True), right=Junction(id='junction_2'))
Segment(id='segment_6', left=Junction(id='junction_0'), right=Junction(id='junction_1'))
Segment(id='segment_7', left=Junction(id='junction_1'), right=Junction(id='junction_2'))
Finished creating the QCCD physical machine.
Position graph:  CouplingGraph({(7, 17), (12, 13), (14, 19), (8, 9), (5, 16), (1, 12), (16, 19), (18, 19), (4, 5), (14, 18), (12, 18), (14, 15), (0, 1), (10, 11), (11, 13), (6, 7), (15, 19), (3, 14), (17, 19), (9, 15), (2, 3), (13, 18), (15, 18), (16, 17)})
Initial ion assignment:  {0: 8, 1: 6, 2: 1, 3: 3, 4: 7, 5: 2, 6: 5, 7: 0}
Congestion rate:  1.0
Scheduling QCCD: 7880.000000000002 us, costing 9.862667799927294 s to compile
0.007880000000000002
9.862667799927294
{0: 0, 1: 19, 2: 6, 3: 5, 4: 4, 5: 15, 6: 2, 7: 3}
[0, 1, 2, 3, 4, 5, 6, 7]
