Executing gate at point (0, 2).
Best move: (5, 6)
Best move: (32, 33)
Best move: (33, 34)
Best move: (32, 33)
Best move: (31, 32)
Best move: (41, 43)
Best move: (42, 43)
Best move: (4, 5)
Best move: (19, 20)
Best move: (20, 46)
Best move: (18, 19)
Best move: (17, 18)
Best move: (26, 27)
Best move: (25, 26)
Try bruteforce due to multiple steps (14) to solve one gate
Trying to solve brute-force congestion at gate [26, 35] with {0: 28, 1: 26, 2: 17, 3: 0, 4: 8, 5: 46, 6: 31, 7: 32, 8: 30, 9: 3, 10: 1, 11: 2, 12: 36, 13: 27, 14: 24, 15: 5, 16: 33, 17: 35, 18: 37, 19: 16, 20: 12, 21: 22, 22: 15, 23: 42, 24: 14, 25: 29, 26: 4, 27: 9, 28: 18, 29: 19, 30: 10, 31: 39}
Trying to moving ion 35... to 35
Ion assignment after moving ion 35: {0: 28, 1: 26, 2: 17, 3: 0, 4: 8, 5: 46, 6: 31, 7: 32, 8: 30, 9: 3, 10: 1, 11: 2, 12: 36, 13: 27, 14: 24, 15: 5, 16: 33, 17: 35, 18: 37, 19: 16, 20: 12, 21: 22, 22: 15, 23: 42, 24: 14, 25: 29, 26: 4, 27: 9, 28: 18, 29: 19, 30: 10, 31: 39}
Gate position gate updated to [35 26]--------------c
Trying to moving ion 26... to 36
Ion assignment after moving ion 26: {0: 28, 1: 36, 2: 17, 3: 0, 4: 8, 5: 46, 6: 31, 7: 32, 8: 30, 9: 3, 10: 1, 11: 2, 12: 37, 13: 26, 14: 24, 15: 5, 16: 33, 17: 35, 18: 38, 19: 16, 20: 12, 21: 22, 22: 15, 23: 42, 24: 14, 25: 29, 26: 4, 27: 9, 28: 18, 29: 19, 30: 10, 31: 40}
Executing gate at point (0, 1).
Best move: (46, 49)
Best move: (26, 27)
Best move: (27, 47)
Best move: (46, 47)
Best move: (44, 49)
Best move: (24, 25)
Best move: (25, 26)
Best move: (26, 27)
Best move: (27, 47)
Best move: (10, 11)
Best move: (38, 39)
Best move: (22, 23)
Best move: (23, 24)
Best move: (24, 25)
Try bruteforce due to multiple steps (14) to solve one gate
Trying to solve brute-force congestion at gate [42, 4] with {0: 28, 1: 36, 2: 17, 3: 0, 4: 8, 5: 44, 6: 31, 7: 32, 8: 30, 9: 3, 10: 1, 11: 2, 12: 37, 13: 46, 14: 47, 15: 5, 16: 33, 17: 35, 18: 39, 19: 16, 20: 12, 21: 25, 22: 15, 23: 42, 24: 14, 25: 29, 26: 4, 27: 9, 28: 18, 29: 19, 30: 11, 31: 40}
Trying to moving ion 4... to 0
Ion assignment after moving ion 4: {0: 28, 1: 36, 2: 17, 3: 1, 4: 8, 5: 44, 6: 31, 7: 32, 8: 30, 9: 4, 10: 2, 11: 3, 12: 37, 13: 46, 14: 47, 15: 5, 16: 33, 17: 35, 18: 39, 19: 16, 20: 12, 21: 25, 22: 15, 23: 42, 24: 14, 25: 29, 26: 0, 27: 9, 28: 18, 29: 19, 30: 11, 31: 40}
Gate position gate updated to [ 0 42]--------------c
Trying to moving ion 42... to 1
Ion assignment after moving ion 42: {0: 28, 1: 36, 2: 17, 3: 2, 4: 8, 5: 44, 6: 31, 7: 32, 8: 30, 9: 5, 10: 3, 11: 4, 12: 37, 13: 46, 14: 47, 15: 6, 16: 33, 17: 35, 18: 39, 19: 16, 20: 12, 21: 25, 22: 15, 23: 1, 24: 14, 25: 29, 26: 0, 27: 9, 28: 18, 29: 19, 30: 11, 31: 40}
Executing gate at point (0, 23).
Best move: (6, 42)
Best move: (42, 43)
Best move: (25, 26)
Best move: (26, 27)
Best move: (9, 10)
Best move: (37, 38)
Best move: (16, 17)
Best move: (8, 9)
Best move: (15, 16)
Best move: (30, 31)
Best move: (4, 5)
Best move: (18, 19)
Best move: (11, 12)
Best move: (11, 12)
Try bruteforce due to multiple steps (14) to solve one gate
Trying to solve brute-force congestion at gate [12, 16] with {0: 28, 1: 36, 2: 15, 3: 2, 4: 9, 5: 44, 6: 30, 7: 32, 8: 31, 9: 4, 10: 3, 11: 5, 12: 38, 13: 46, 14: 47, 15: 43, 16: 33, 17: 35, 18: 39, 19: 17, 20: 12, 21: 27, 22: 16, 23: 1, 24: 14, 25: 29, 26: 0, 27: 10, 28: 19, 29: 18, 30: 11, 31: 40}
Trying to moving ion 16... to 14
Ion assignment after moving ion 16: {0: 28, 1: 36, 2: 16, 3: 2, 4: 9, 5: 44, 6: 30, 7: 32, 8: 31, 9: 4, 10: 3, 11: 5, 12: 38, 13: 46, 14: 47, 15: 43, 16: 33, 17: 35, 18: 39, 19: 17, 20: 12, 21: 27, 22: 14, 23: 1, 24: 15, 25: 29, 26: 0, 27: 10, 28: 19, 29: 18, 30: 11, 31: 40}
Gate position gate updated to [14 12]--------------c
Trying to moving ion 12... to 15
Ion assignment after moving ion 12: {0: 28, 1: 36, 2: 17, 3: 2, 4: 9, 5: 48, 6: 30, 7: 32, 8: 31, 9: 4, 10: 3, 11: 5, 12: 38, 13: 47, 14: 27, 15: 43, 16: 33, 17: 35, 18: 39, 19: 18, 20: 15, 21: 26, 22: 14, 23: 1, 24: 16, 25: 29, 26: 0, 27: 10, 28: 20, 29: 19, 30: 11, 31: 40}
Executing gate at point (0, 20).
Best move: (40, 41)
Best move: (9, 10)
Best move: (10, 11)
Best move: (11, 12)
Best move: (11, 12)
Best move: (11, 12)
Try bruteforce due to repeated pattern...
Trying to solve brute-force congestion at gate [12, 41] with {0: 28, 1: 36, 2: 17, 3: 2, 4: 12, 5: 48, 6: 30, 7: 32, 8: 31, 9: 4, 10: 3, 11: 5, 12: 38, 13: 47, 14: 27, 15: 43, 16: 33, 17: 35, 18: 39, 19: 18, 20: 15, 21: 26, 22: 14, 23: 1, 24: 16, 25: 29, 26: 0, 27: 9, 28: 20, 29: 19, 30: 10, 31: 41}
Trying to moving ion 12... to 7
Ion assignment after moving ion 12: {0: 28, 1: 36, 2: 17, 3: 2, 4: 7, 5: 48, 6: 30, 7: 32, 8: 31, 9: 4, 10: 3, 11: 5, 12: 38, 13: 47, 14: 27, 15: 43, 16: 33, 17: 35, 18: 39, 19: 18, 20: 15, 21: 26, 22: 14, 23: 1, 24: 16, 25: 29, 26: 0, 27: 10, 28: 20, 29: 19, 30: 11, 31: 41}
Gate position gate updated to [ 7 41]--------------c
Trying to moving ion 41... to 8
Ion assignment after moving ion 41: {0: 28, 1: 36, 2: 17, 3: 2, 4: 7, 5: 49, 6: 30, 7: 32, 8: 31, 9: 4, 10: 3, 11: 5, 12: 38, 13: 47, 14: 27, 15: 42, 16: 33, 17: 35, 18: 39, 19: 18, 20: 15, 21: 26, 22: 14, 23: 1, 24: 16, 25: 29, 26: 0, 27: 11, 28: 20, 29: 19, 30: 12, 31: 8}
Executing gate at point (0, 4).
Best move: (20, 46)
Best move: (42, 43)
Best move: (44, 49)
Best move: (46, 49)
Best move: (46, 47)
Best move: (20, 46)
Executing gate at point (0, 13).
Best move: (27, 47)
Best move: (19, 20)
Best move: (20, 46)
Best move: (39, 40)
Best move: (45, 49)
Best move: (47, 49)
Best move: (26, 27)
Best move: (27, 47)
Best move: (38, 39)
Best move: (4, 5)
Best move: (3, 4)
Best move: (3, 4)
Best move: (33, 34)
Best move: (3, 4)
Try bruteforce due to multiple steps (14) to solve one gate
Trying to solve brute-force congestion at gate [4, 34] with {0: 28, 1: 36, 2: 17, 3: 2, 4: 7, 5: 44, 6: 30, 7: 32, 8: 31, 9: 5, 10: 4, 11: 3, 12: 39, 13: 19, 14: 49, 15: 43, 16: 34, 17: 35, 18: 40, 19: 18, 20: 15, 21: 47, 22: 14, 23: 1, 24: 16, 25: 29, 26: 0, 27: 11, 28: 45, 29: 46, 30: 12, 31: 8}
Trying to moving ion 4... to 0
Ion assignment after moving ion 4: {0: 28, 1: 36, 2: 17, 3: 3, 4: 7, 5: 44, 6: 30, 7: 32, 8: 31, 9: 5, 10: 0, 11: 4, 12: 39, 13: 19, 14: 49, 15: 43, 16: 34, 17: 35, 18: 40, 19: 18, 20: 15, 21: 47, 22: 14, 23: 2, 24: 16, 25: 29, 26: 1, 27: 11, 28: 45, 29: 46, 30: 12, 31: 8}
Gate position gate updated to [ 0 34]--------------c
Trying to moving ion 34... to 1
Ion assignment after moving ion 34: {0: 28, 1: 36, 2: 17, 3: 4, 4: 7, 5: 44, 6: 30, 7: 32, 8: 31, 9: 6, 10: 0, 11: 5, 12: 39, 13: 19, 14: 47, 15: 43, 16: 1, 17: 35, 18: 40, 19: 18, 20: 15, 21: 27, 22: 14, 23: 3, 24: 16, 25: 29, 26: 2, 27: 11, 28: 49, 29: 46, 30: 12, 31: 8}
Executing gate at point (0, 10).
Best move: (6, 42)
Best move: (4, 5)
Best move: (31, 32)
Best move: (31, 32)
Best move: (43, 48)
Best move: (45, 48)
Best move: (34, 45)
Executing gate at point (0, 0).
Best move: (45, 49)
Best move: (47, 49)
Best move: (27, 47)
Best move: (10, 11)
Best move: (42, 48)
Best move: (11, 12)
Best move: (13, 44)
Best move: (44, 48)
Best move: (48, 49)
Best move: (43, 48)
Best move: (41, 43)
Executing gate at point (0, 12).
Best move: (47, 49)
Best move: (12, 13)
Best move: (11, 12)
Best move: (40, 41)
Best move: (41, 43)
Best move: (43, 48)
Best move: (46, 47)
Best move: (46, 47)
Best move: (32, 33)
Best move: (33, 34)
Best move: (4, 5)
Best move: (4, 5)
Best move: (4, 5)
Try bruteforce due to repeated pattern...
Trying to solve brute-force congestion at gate [4, 34] with {0: 28, 1: 36, 2: 17, 3: 4, 4: 7, 5: 11, 6: 30, 7: 34, 8: 31, 9: 44, 10: 0, 11: 5, 12: 39, 13: 19, 14: 40, 15: 33, 16: 1, 17: 35, 18: 48, 19: 18, 20: 15, 21: 49, 22: 14, 23: 3, 24: 16, 25: 29, 26: 2, 27: 10, 28: 45, 29: 46, 30: 12, 31: 8}
Trying to moving ion 4... to 0
Ion assignment after moving ion 4: {0: 28, 1: 36, 2: 17, 3: 0, 4: 7, 5: 11, 6: 30, 7: 34, 8: 31, 9: 44, 10: 1, 11: 5, 12: 39, 13: 19, 14: 40, 15: 33, 16: 2, 17: 35, 18: 48, 19: 18, 20: 15, 21: 49, 22: 14, 23: 4, 24: 16, 25: 29, 26: 3, 27: 10, 28: 45, 29: 46, 30: 12, 31: 8}
Gate position gate updated to [ 0 34]--------------cInput filename:  QuantumVolume_wsq_32
Algorithm:  SHAPER
Trap type:  G2x3
Trap capacity:  7
Num layout passes:  2
Gate type:  FM
Run index:  4
Creating a QCCD machine ...
QCCD physical machine:
### Traps ### 
Trap(id='trap_0', max_num_ions=7, initial_num_ions=0, executable=True, measureable=True)
Trap(id='trap_1', max_num_ions=7, initial_num_ions=0, executable=True, measureable=True)
Trap(id='trap_2', max_num_ions=7, initial_num_ions=0, executable=True, measureable=True)
Trap(id='trap_3', max_num_ions=7, initial_num_ions=0, executable=True, measureable=True)
Trap(id='trap_4', max_num_ions=7, initial_num_ions=0, executable=True, measureable=True)
Trap(id='trap_5', max_num_ions=7, initial_num_ions=0, executable=True, measureable=True)
### Junctions ### 
Junction(id='junction_0')
Junction(id='junction_1')
Junction(id='junction_2')
### Segments ### 
Segment(id='segment_0', left=Trap(id='trap_0', max_num_ions=7, initial_num_ions=0, executable=True, measureable=True), right=Junction(id='junction_0'))
Segment(id='segment_1', left=Trap(id='trap_5', max_num_ions=7, initial_num_ions=0, executable=True, measureable=True), right=Junction(id='junction_0'))
Segment(id='segment_2', left=Trap(id='trap_1', max_num_ions=7, initial_num_ions=0, executable=True, measureable=True), right=Junction(id='junction_1'))
Segment(id='segment_3', left=Trap(id='trap_4', max_num_ions=7, initial_num_ions=0, executable=True, measureable=True), right=Junction(id='junction_1'))
Segment(id='segment_4', left=Trap(id='trap_2', max_num_ions=7, initial_num_ions=0, executable=True, measureable=True), right=Junction(id='junction_2'))
Segment(id='segment_5', left=Trap(id='trap_3', max_num_ions=7, initial_num_ions=0, executable=True, measureable=True), right=Junction(id='junction_2'))
Segment(id='segment_6', left=Junction(id='junction_0'), right=Junction(id='junction_1'))
Segment(id='segment_7', left=Junction(id='junction_1'), right=Junction(id='junction_2'))
Finished creating the QCCD physical machine.
Position graph:  CouplingGraph({(27, 47), (41, 43), (3, 4), (42, 48), (26, 27), (35, 36), (44, 45), (12, 13), (21, 22), (44, 48), (22, 23), (31, 32), (8, 9), (6, 42), (40, 41), (17, 18), (36, 37), (25, 26), (45, 49), (47, 49), (32, 33), (18, 19), (4, 5), (13, 44), (5, 6), (43, 48), (46, 47), (14, 15), (23, 24), (0, 1), (9, 10), (1, 2), (10, 11), (19, 20), (28, 29), (37, 38), (34, 45), (20, 46), (45, 48), (15, 16), (24, 25), (33, 34), (42, 43), (44, 49), (29, 30), (46, 49), (38, 39), (39, 40), (48, 49), (2, 3), (11, 12), (7, 8), (30, 31), (16, 17)})
Initial ion assignment:  {0: 28, 1: 25, 2: 20, 3: 0, 4: 8, 5: 19, 6: 34, 7: 31, 8: 30, 9: 3, 10: 1, 11: 2, 12: 36, 13: 26, 14: 24, 15: 4, 16: 33, 17: 35, 18: 37, 19: 16, 20: 12, 21: 22, 22: 15, 23: 41, 24: 14, 25: 29, 26: 6, 27: 9, 28: 17, 29: 18, 30: 10, 31: 39}
Congestion rate:  1.0
Traceback (most recent call last):
  File "C:\Users\PC\Documents\GitHub\bqskit-shuttling\bqskit\shuttling\qccd\run.py", line 150, in <module>
    runtime, sp = schedule_QCCD(data["instruction_list"],
                  ^^^^^^^^^^^^^^^^^^^^^^^^^^^^^^^^^^^^^^^
  File "C:\Users\PC\Documents\GitHub\bqskit-shuttling\bqskit\shuttling\qccd\QCCD_schedule.py", line 206, in schedule_QCCD
    return runtime, shuttling_time/(shuttling_time+execution_time)
                    ~~~~~~~~~~~~~~^^~~~~~~~~~~~~~~~~~~~~~~~~~~~~~~
ZeroDivisionError: float division by zero
