Executing gate at point (0, 2).
Best move: (11, 23)
Best move: (23, 25)
Best move: (24, 25)
Best move: (18, 24)
Best move: (2, 18)
Executing gate at point (0, 0).
Executing gate at point (1, 0).
Executing gate at point (2, 0).
Executing gate at point (3, 0).
Best move: (5, 20)
Best move: (20, 21)
Best move: (17, 19)
Best move: (19, 24)
Best move: (24, 25)
Best move: (23, 25)
Best move: (11, 23)
Executing gate at point (0, 3).
Executing gate at point (1, 3).
Executing gate at point (2, 3).
Executing gate at point (3, 3).
Best move: (8, 22)
Best move: (22, 23)
Best move: (13, 14)
Best move: (14, 21)
Executing gate at point (0, 1).
Executing gate at point (1, 1).
Executing gate at point (2, 1).
Executing gate at point (3, 5).
Executing gate at point (4, 2).
Executing gate at point (5, 5).
Executing gate at point (6, 2).
Executing gate at point (7, 2).
Best move: (14, 21)
Best move: (21, 24)
Best move: (18, 24)
Best move: (1, 2)
Best move: (2, 18)
Executing gate at point (3, 1).
Executing gate at point (4, 1).
Executing gate at point (5, 1).
Executing gate at point (6, 1).
Executing gate at point (6, 7).
Executing gate at point (7, 7).
Best move: (1, 2)
Best move: (2, 18)
Best move: (18, 24)
Best move: (24, 25)
Best move: (10, 11)
Best move: (22, 25)
Best move: (9, 10)
Best move: (9, 10)
Try bruteforce due to multiple steps (8) to solve one gate
Trying to solve brute-force congestion at gate [10, 22] with {0: 0, 1: 1, 2: 12, 3: 10, 4: 23, 5: 13, 6: 9, 7: 22}
Trying to moving ion 10... to 9
Ion assignment after moving ion 10: {0: 0, 1: 1, 2: 12, 3: 9, 4: 23, 5: 13, 6: 10, 7: 22}
Gate position gate updated to [ 9 22]--------------c
Trying to moving ion 22... to 10
Ion assignment after moving ion 22: {0: 0, 1: 1, 2: 12, 3: 9, 4: 25, 5: 13, 6: 11, 7: 10}
Executing gate at point (8, 3).
Executing gate at point (9, 7).
Executing gate at point (10, 3).
Executing gate at point (11, 7).
Executing gate at point (11, 3).
Best move: (11, 23)
Best move: (22, 23)
Best move: (8, 22)
Best move: (22, 25)
Best move: (7, 8)
Best move: (8, 22)
Executing gate at point (3, 4).
Executing gate at point (4, 4).
Executing gate at point (4, 6).
Executing gate at point (5, 4).
Executing gate at point (6, 6).
Executing gate at point (6, 4).
Best move: (8, 22)
Best move: (22, 23)
Best move: (11, 23)
Executing gate at point (12, 4).
Executing gate at point (13, 4).
Executing gate at point (14, 4).
Executing gate at point (15, 4).
Best move: (10, 11)
Best move: (11, 23)
Best move: (23, 25)
Best move: (21, 25)
Best move: (14, 21)
Executing gate at point (15, 5).
Executing gate at point (16, 7).
Executing gate at point (16, 5).
Executing gate at point (17, 5).
Executing gate at point (18, 5).
Executing gate at point (18, 7).
Trying to solve brute-force congestion at gate [10, 25] with {0: 0, 1: 1, 2: 12, 3: 9, 4: 10, 5: 13, 6: 25, 7: 23}
Trying to moving ion 10... to 9
Ion assignment after moving ion 10: {0: 0, 1: 1, 2: 12, 3: 10, 4: 9, 5: 13, 6: 25, 7: 23}
Gate position gate updated to [ 9 25]--------------c
Trying to moving ion 25... to 10
Ion assignment after moving ion 25: {0: 0, 1: 1, 2: 12, 3: 11, 4: 9, 5: 13, 6: 10, 7: 22}
Trying to solve brute-force congestion at gate [9] with {0: 0, 1: 1, 2: 12, 3: 11, 4: 9, 5: 13, 6: 10, 7: 22}
Trying to moving ion 9... to 9
Ion assignment after moving ion 9: {0: 0, 1: 1, 2: 12, 3: 11, 4: 9, 5: 13, 6: 10, 7: 22}
Trying to solve brute-force congestion at gate [1, 22] with {0: 0, 1: 1, 2: 12, 3: 11, 4: 9, 5: 13, 6: 10, 7: 22}
Trying to moving ion 1... to 0
Ion assignment after moving ion 1: {0: 1, 1: 0, 2: 12, 3: 11, 4: 9, 5: 13, 6: 10, 7: 22}
Gate position gate updated to [ 0 22]--------------c
Trying to moving ion 22... to 1
Ion assignment after moving ion 22: {0: 2, 1: 0, 2: 12, 3: 11, 4: 9, 5: 13, 6: 10, 7: 1}
Trying to solve brute-force congestion at gate [11, 10] with {0: 2, 1: 0, 2: 12, 3: 11, 4: 9, 5: 13, 6: 10, 7: 1}
Trying to moving ion 11... to 9
Ion assignment after moving ion 11: {0: 2, 1: 0, 2: 12, 3: 9, 4: 10, 5: 13, 6: 11, 7: 1}
Gate position gate updated to [ 9 11]--------------c
Trying to moving ion 11... to 10
Ion assignment after moving ion 11: {0: 2, 1: 0, 2: 12, 3: 9, 4: 11, 5: 13, 6: 10, 7: 1}
Trying to solve brute-force congestion at gate [0, 1] with {0: 2, 1: 0, 2: 12, 3: 9, 4: 11, 5: 13, 6: 10, 7: 1}
Trying to moving ion 0... to 0
Ion assignment after moving ion 0: {0: 2, 1: 0, 2: 12, 3: 9, 4: 11, 5: 13, 6: 10, 7: 1}
Clearing endpoint 2.........
Gate position gate updated to [0 1]--------------c
Trying to moving ion 1... to 1
Ion assignment after moving ion 1: {0: 18, 1: 0, 2: 12, 3: 9, 4: 11, 5: 13, 6: 10, 7: 1}
Trying to solve brute-force congestion at gate [18, 1] with {0: 18, 1: 0, 2: 12, 3: 9, 4: 11, 5: 13, 6: 10, 7: 1}
Trying to moving ion 1... to 0
Ion assignment after moving ion 1: {0: 18, 1: 1, 2: 12, 3: 9, 4: 11, 5: 13, 6: 10, 7: 0}
Gate position gate updated to [ 0 18]--------------c
Trying to moving ion 18... to 1
Ion assignment after moving ion 18: {0: 1, 1: 2, 2: 12, 3: 9, 4: 11, 5: 13, 6: 10, 7: 0}
Trying to solve brute-force congestion at gate [1] with {0: 1, 1: 2, 2: 12, 3: 9, 4: 11, 5: 13, 6: 10, 7: 0}
Trying to moving ion 1... to 0
Ion assignment after moving ion 1: {0: 0, 1: 2, 2: 12, 3: 9, 4: 11, 5: 13, 6: 10, 7: 1}
Trying to solve brute-force congestion at gate [2, 13] with {0: 0, 1: 2, 2: 12, 3: 9, 4: 11, 5: 13, 6: 10, 7: 1}
Trying to moving ion 13... to 12
Ion assignment after moving ion 13: {0: 0, 1: 2, 2: 13, 3: 9, 4: 11, 5: 12, 6: 10, 7: 1}
Gate position gate updated to [12  2]--------------c
Trying to moving ion 2... to 13
Ion assignment after moving ion 2: {0: 0, 1: 13, 2: 14, 3: 9, 4: 11, 5: 12, 6: 10, 7: 1}
Trying to solve brute-force congestion at gate [13] with {0: 0, 1: 13, 2: 14, 3: 9, 4: 11, 5: 12, 6: 10, 7: 1}
Trying to moving ion 13... to 12
Ion assignment after moving ion 13: {0: 0, 1: 12, 2: 14, 3: 9, 4: 11, 5: 13, 6: 10, 7: 1}
Trying to solve brute-force congestion at gate [12, 13] with {0: 0, 1: 12, 2: 14, 3: 9, 4: 11, 5: 13, 6: 10, 7: 1}
Trying to moving ion 12... to 12
Ion assignment after moving ion 12: {0: 0, 1: 12, 2: 14, 3: 9, 4: 11, 5: 13, 6: 10, 7: 1}
Clearing endpoint 14.........
Gate position gate updated to [12 13]--------------c
Trying to moving ion 13... to 13
Ion assignment after moving ion 13: {0: 0, 1: 12, 2: 21, 3: 9, 4: 11, 5: 13, 6: 10, 7: 1}
Executing gate at point (0, 1).
Executing gate at point (0, 3).
Executing gate at point (0, 0).
Executing gate at point (1, 1).
Executing gate at point (1, 0).
Executing gate at point (1, 3).
Executing gate at point (2, 1).
Executing gate at point (2, 0).
Executing gate at point (2, 3).
Executing gate at point (3, 4).
Executing gate at point (3, 0).
Executing gate at point (3, 3).
Executing gate at point (3, 5).
Executing gate at point (4, 4).
Executing gate at point (4, 6).
Executing gate at point (5, 4).
Executing gate at point (6, 4).
Executing gate at point (6, 6).
Best move: (12, 13)
Best move: (1, 2)
Best move: (2, 18)
Best move: (18, 24)
Best move: (20, 21)
Best move: (21, 24)
Best move: (5, 20)
Executing gate at point (0, 2).
Best move: (5, 20)
Best move: (14, 21)
Executing gate at point (3, 1).
Executing gate at point (4, 1).
Executing gate at point (5, 1).
Executing gate at point (6, 1).
Executing gate at point (6, 7).
Executing gate at point (7, 7).
Best move: (14, 21)
Best move: (21, 25)
Best move: (9, 10)
Best move: (10, 11)
Best move: (11, 23)
Best move: (22, 25)
Best move: (8, 22)
Best move: (22, 23)
Try bruteforce due to multiple steps (8) to solve one gate
Trying to solve brute-force congestion at gate [22, 8] with {0: 0, 1: 13, 2: 20, 3: 22, 4: 10, 5: 12, 6: 9, 7: 8}
Trying to moving ion 8... to 6
Ion assignment after moving ion 8: {0: 0, 1: 13, 2: 20, 3: 22, 4: 10, 5: 12, 6: 9, 7: 6}
Gate position gate updated to [ 6 22]--------------c
Trying to moving ion 22... to 7
Ion assignment after moving ion 22: {0: 0, 1: 13, 2: 20, 3: 7, 4: 10, 5: 12, 6: 9, 7: 6}
Executing gate at point (8, 3).
Executing gate at point (9, 7).
Executing gate at point (10, 3).
Executing gate at point (11, 7).
Executing gate at point (11, 3).
Best move: (20, 21)
Best move: (14, 21)
Executing gate at point (4, 2).
Executing gate at point (5, 5).
Executing gate at point (6, 2).
Executing gate at point (7, 2).
Best move: (10, 11)
Best move: (11, 23)
Best move: (22, 23)
Best move: (8, 22)
Executing gate at point (12, 4).
Executing gate at point (13, 4).
Executing gate at point (14, 4).
Executing gate at point (15, 4).
Best move: (6, 7)
Best move: (12, 13)
Best move: (13, 14)
Best move: (14, 21)
Best move: (21, 25)
Best move: (7, 8)
Best move: (8, 22)
Best move: (23, 25)
Try bruteforce due to multiple steps (8) to solve one gate
Trying to solve brute-force congestion at gate [23, 22] with {0: 0, 1: 12, 2: 13, 3: 6, 4: 7, 5: 23, 6: 9, 7: 22}
Trying to moving ion 23... to 9
Ion assignment after moving ion 23: {0: 0, 1: 12, 2: 13, 3: 6, 4: 7, 5: 9, 6: 10, 7: 22}
Gate position gate updated to [ 9 22]--------------c
Trying to moving ion 22... to 10
Ion assignment after moving ion 22: {0: 0, 1: 12, 2: 13, 3: 6, 4: 7, 5: 9, 6: 11, 7: 10}
Executing gate at point (15, 5).
Executing gate at point (16, 7).
Executing gate at point (16, 5).
Executing gate at point (17, 5).
Executing gate at point (18, 5).
Executing gate at point (18, 7).
Trying to solve brute-force congestion at gate [23, 10] with {0: 0, 1: 12, 2: 23, 3: 6, 4: 7, 5: 10, 6: 9, 7: 22}
Trying to moving ion 10... to 9
Ion assignment after moving ion 10: {0: 0, 1: 12, 2: 23, 3: 6, 4: 7, 5: 9, 6: 10, 7: 22}
Gate position gate updated to [ 9 23]--------------c
Trying to moving ion 23... to 10
Ion assignment after moving ion 23: {0: 0, 1: 12, 2: 10, 3: 6, 4: 7, 5: 9, 6: 11, 7: 22}
Trying to solve brute-force congestion at gate [9] with {0: 0, 1: 12, 2: 10, 3: 6, 4: 7, 5: 9, 6: 11, 7: 22}
Trying to moving ion 9... to 9
Ion assignment after moving ion 9: {0: 0, 1: 12, 2: 10, 3: 6, 4: 7, 5: 9, 6: 11, 7: 22}
Trying to solve brute-force congestion at gate [7, 22] with {0: 0, 1: 12, 2: 10, 3: 6, 4: 7, 5: 9, 6: 11, 7: 22}
Trying to moving ion 7... to 6
Ion assignment after moving ion 7: {0: 0, 1: 12, 2: 10, 3: 7, 4: 6, 5: 9, 6: 11, 7: 22}
Gate position gate updated to [ 6 22]--------------c
Trying to moving ion 22... to 7
Ion assignment after moving ion 22: {0: 0, 1: 12, 2: 10, 3: 8, 4: 6, 5: 9, 6: 11, 7: 7}
Trying to solve brute-force congestion at gate [10] with {0: 0, 1: 12, 2: 10, 3: 8, 4: 6, 5: 9, 6: 11, 7: 7}
Trying to moving ion 10... to 9
Ion assignment after moving ion 10: {0: 0, 1: 12, 2: 9, 3: 8, 4: 6, 5: 10, 6: 11, 7: 7}
Trying to solve brute-force congestion at gate [6, 7] with {0: 0, 1: 12, 2: 9, 3: 8, 4: 6, 5: 10, 6: 11, 7: 7}
Trying to moving ion 6... to 6
Ion assignment after moving ion 6: {0: 0, 1: 12, 2: 9, 3: 8, 4: 6, 5: 10, 6: 11, 7: 7}
Clearing endpoint 8.........
Gate position gate updated to [6 7]--------------c
Trying to moving ion 7... to 7
Ion assignment after moving ion 7: {0: 0, 1: 12, 2: 9, 3: 22, 4: 6, 5: 10, 6: 11, 7: 7}
Trying to solve brute-force congestion at gate [7] with {0: 0, 1: 12, 2: 9, 3: 22, 4: 6, 5: 10, 6: 11, 7: 7}
Trying to moving ion 7... to 6
Ion assignment after moving ion 7: {0: 0, 1: 12, 2: 9, 3: 22, 4: 7, 5: 10, 6: 11, 7: 6}
Trying to solve brute-force congestion at gate [7, 11] with {0: 0, 1: 12, 2: 9, 3: 22, 4: 7, 5: 10, 6: 11, 7: 6}
Trying to moving ion 7... to 6
Ion assignment after moving ion 7: {0: 0, 1: 12, 2: 9, 3: 22, 4: 6, 5: 10, 6: 11, 7: 7}
Gate position gate updated to [ 6 11]--------------c
Trying to moving ion 11... to 7
Ion assignment after moving ion 11: {0: 0, 1: 12, 2: 9, 3: 25, 4: 6, 5: 10, 6: 7, 7: 8}
Trying to solve brute-force congestion at gate [6] with {0: 0, 1: 12, 2: 9, 3: 25, 4: 6, 5: 10, 6: 7, 7: 8}
Trying to moving ion 6... to 6
Ion assignment after moving ion 6: {0: 0, 1: 12, 2: 9, 3: 25, 4: 6, 5: 10, 6: 7, 7: 8}
Trying to solve brute-force congestion at gate [6, 7] with {0: 0, 1: 12, 2: 9, 3: 25, 4: 6, 5: 10, 6: 7, 7: 8}
Trying to moving ion 6... to 6
Ion assignment after moving ion 6: {0: 0, 1: 12, 2: 9, 3: 25, 4: 6, 5: 10, 6: 7, 7: 8}
Clearing endpoint 8.........
Gate position gate updated to [6 7]--------------c
Trying to moving ion 7... to 7
Ion assignment after moving ion 7: {0: 0, 1: 12, 2: 9, 3: 25, 4: 6, 5: 10, 6: 7, 7: 22}
Trying to solve brute-force congestion at gate [25, 22] with {0: 0, 1: 12, 2: 9, 3: 25, 4: 6, 5: 10, 6: 7, 7: 22}
Trying to moving ion 22... to 6
Ion assignment after moving ion 22: {0: 0, 1: 12, 2: 9, 3: 25, 4: 7, 5: 10, 6: 8, 7: 6}
Clearing endpoint 8.........
Gate position gate updated to [ 6 25]--------------c
Trying to moving ion 25... to 7
Ion assignment after moving ion 25: {0: 0, 1: 12, 2: 9, 3: 7, 4: 8, 5: 10, 6: 23, 7: 6}
Trying to solve brute-force congestion at gate [6] with {0: 0, 1: 12, 2: 9, 3: 7, 4: 8, 5: 10, 6: 23, 7: 6}
Trying to moving ion 6... to 6
Ion assignment after moving ion 6: {0: 0, 1: 12, 2: 9, 3: 7, 4: 8, 5: 10, 6: 23, 7: 6}
Trying to solve brute-force congestion at gate [7, 6] with {0: 0, 1: 12, 2: 9, 3: 7, 4: 8, 5: 10, 6: 23, 7: 6}
Trying to moving ion 7... to 6
Ion assignment after moving ion 7: {0: 0, 1: 12, 2: 9, 3: 6, 4: 8, 5: 10, 6: 23, 7: 7}
Clearing endpoint 8.........
Gate position gate updated to [6 7]--------------c
Trying to moving ion 7... to 7
Ion assignment after moving ion 7: {0: 0, 1: 12, 2: 9, 3: 6, 4: 22, 5: 10, 6: 23, 7: 7}
Trying to solve brute-force congestion at gate [6] with {0: 0, 1: 12, 2: 9, 3: 6, 4: 22, 5: 10, 6: 23, 7: 7}
Trying to moving ion 6... to 6
Ion assignment after moving ion 6: {0: 0, 1: 12, 2: 9, 3: 6, 4: 22, 5: 10, 6: 23, 7: 7}
Trying to solve brute-force congestion at gate [6, 23] with {0: 0, 1: 12, 2: 9, 3: 6, 4: 22, 5: 10, 6: 23, 7: 7}
Trying to moving ion 6... to 6
Ion assignment after moving ion 6: {0: 0, 1: 12, 2: 9, 3: 6, 4: 22, 5: 10, 6: 23, 7: 7}
Gate position gate updated to [ 6 23]--------------c
Trying to moving ion 23... to 7
Ion assignment after moving ion 23: {0: 0, 1: 12, 2: 9, 3: 6, 4: 25, 5: 10, 6: 7, 7: 8}
Trying to solve brute-force congestion at gate [6] with {0: 0, 1: 12, 2: 9, 3: 6, 4: 25, 5: 10, 6: 7, 7: 8}
Trying to moving ion 6... to 6
Ion assignment after moving ion 6: {0: 0, 1: 12, 2: 9, 3: 6, 4: 25, 5: 10, 6: 7, 7: 8}
Trying to solve brute-force congestion at gate [6, 7] with {0: 0, 1: 12, 2: 9, 3: 6, 4: 25, 5: 10, 6: 7, 7: 8}
Trying to moving ion 6... to 6
Ion assignment after moving ion 6: {0: 0, 1: 12, 2: 9, 3: 6, 4: 25, 5: 10, 6: 7, 7: 8}
Clearing endpoint 8.........
Gate position gate updated to [6 7]--------------c
Trying to moving ion 7... to 7
Ion assignment after moving ion 7: {0: 0, 1: 12, 2: 9, 3: 6, 4: 25, 5: 10, 6: 7, 7: 22}
Trying to solve brute-force congestion at gate [12, 22] with {0: 0, 1: 12, 2: 9, 3: 6, 4: 25, 5: 10, 6: 7, 7: 22}
Trying to moving ion 12... to 12
Ion assignment after moving ion 12: {0: 0, 1: 12, 2: 9, 3: 6, 4: 25, 5: 10, 6: 7, 7: 22}
Gate position gate updated to [12 22]--------------c
Trying to moving ion 22... to 13
Ion assignment after moving ion 22: {0: 0, 1: 12, 2: 9, 3: 6, 4: 20, 5: 10, 6: 7, 7: 13}
Trying to solve brute-force congestion at gate [12] with {0: 0, 1: 12, 2: 9, 3: 6, 4: 20, 5: 10, 6: 7, 7: 13}
Trying to moving ion 12... to 12
Ion assignment after moving ion 12: {0: 0, 1: 12, 2: 9, 3: 6, 4: 20, 5: 10, 6: 7, 7: 13}
Trying to solve brute-force congestion at gate [12, 13] with {0: 0, 1: 12, 2: 9, 3: 6, 4: 20, 5: 10, 6: 7, 7: 13}
Trying to moving ion 12... to 12
Ion assignment after moving ion 12: {0: 0, 1: 12, 2: 9, 3: 6, 4: 20, 5: 10, 6: 7, 7: 13}
Gate position gate updated to [12 13]--------------c
Trying to moving ion 13... to 13
Ion assignment after moving ion 13: {0: 0, 1: 12, 2: 9, 3: 6, 4: 20, 5: 10, 6: 7, 7: 13}
Trying to solve brute-force congestion at gate [0, 13] with {0: 0, 1: 12, 2: 9, 3: 6, 4: 20, 5: 10, 6: 7, 7: 13}
Trying to moving ion 0... to 0
Ion assignment after moving ion 0: {0: 0, 1: 12, 2: 9, 3: 6, 4: 20, 5: 10, 6: 7, 7: 13}
Gate position gate updated to [ 0 13]--------------c
Trying to moving ion 13... to 1
Ion assignment after moving ion 13: {0: 0, 1: 12, 2: 9, 3: 6, 4: 20, 5: 10, 6: 7, 7: 1}Input filename:  QAOA_8_compiled
Algorithm:  SHAW
Trap type:  G2x3
Trap capacity:  3
Num layout passes:  2
Gate type:  FM
Run index:  2
Creating a QCCD machine ...
QCCD physical machine:
### Traps ### 
Trap(id='trap_0', max_num_ions=3, initial_num_ions=0, executable=True, measureable=True)
Trap(id='trap_1', max_num_ions=3, initial_num_ions=0, executable=True, measureable=True)
Trap(id='trap_2', max_num_ions=3, initial_num_ions=0, executable=True, measureable=True)
Trap(id='trap_3', max_num_ions=3, initial_num_ions=0, executable=True, measureable=True)
Trap(id='trap_4', max_num_ions=3, initial_num_ions=0, executable=True, measureable=True)
Trap(id='trap_5', max_num_ions=3, initial_num_ions=0, executable=True, measureable=True)
### Junctions ### 
Junction(id='junction_0')
Junction(id='junction_1')
Junction(id='junction_2')
### Segments ### 
Segment(id='segment_0', left=Trap(id='trap_0', max_num_ions=3, initial_num_ions=0, executable=True, measureable=True), right=Junction(id='junction_0'))
Segment(id='segment_1', left=Trap(id='trap_5', max_num_ions=3, initial_num_ions=0, executable=True, measureable=True), right=Junction(id='junction_0'))
Segment(id='segment_2', left=Trap(id='trap_1', max_num_ions=3, initial_num_ions=0, executable=True, measureable=True), right=Junction(id='junction_1'))
Segment(id='segment_3', left=Trap(id='trap_4', max_num_ions=3, initial_num_ions=0, executable=True, measureable=True), right=Junction(id='junction_1'))
Segment(id='segment_4', left=Trap(id='trap_2', max_num_ions=3, initial_num_ions=0, executable=True, measureable=True), right=Junction(id='junction_2'))
Segment(id='segment_5', left=Trap(id='trap_3', max_num_ions=3, initial_num_ions=0, executable=True, measureable=True), right=Junction(id='junction_2'))
Segment(id='segment_6', left=Junction(id='junction_0'), right=Junction(id='junction_1'))
Segment(id='segment_7', left=Junction(id='junction_1'), right=Junction(id='junction_2'))
Finished creating the QCCD physical machine.
Position graph:  CouplingGraph({(3, 4), (12, 13), (22, 23), (21, 25), (23, 25), (11, 23), (13, 14), (19, 24), (18, 19), (4, 5), (20, 25), (21, 24), (22, 25), (14, 21), (0, 1), (9, 10), (1, 2), (10, 11), (6, 7), (15, 16), (24, 25), (18, 24), (20, 21), (20, 24), (17, 19), (5, 20), (8, 22), (2, 18), (7, 8), (16, 17)})
Initial ion assignment:  {0: 0, 1: 5, 2: 12, 3: 17, 4: 8, 5: 14, 6: 9, 7: 11}
Congestion rate:  1.0
Scheduling QCCD: 480002519.99999994 us, costing 18.436055300058797 s to compile
480.00251999999995
18.436055300058797
{0: 0, 1: 12, 2: 9, 3: 6, 4: 20, 5: 13, 6: 7, 7: 1}
[0, 1, 2, 3, 4, 5, 6, 7]
