Best move: (14, 21)
Best move: (21, 24)
Best move: (18, 24)
Best move: (5, 20)
Best move: (20, 25)
Best move: (23, 25)
Best move: (2, 18)
Executing gate at point (0, 6).
Executing gate at point (1, 6).
Best move: (2, 18)
Best move: (11, 23)
Executing gate at point (0, 3).
Executing gate at point (1, 3).
Best move: (18, 24)
Best move: (24, 25)
Best move: (22, 25)
Best move: (8, 22)
Executing gate at point (2, 5).
Executing gate at point (3, 5).
Best move: (10, 11)
Best move: (16, 17)
Best move: (17, 19)
Best move: (19, 24)
Best move: (24, 25)
Best move: (7, 8)
Best move: (8, 22)
Best move: (23, 25)
Try bruteforce due to multiple steps (8) to solve one gate
Trying to solve brute-force congestion at gate [10, 22] with {0: 16, 1: 12, 2: 23, 3: 9, 4: 10, 5: 22, 6: 7, 7: 0}
Trying to moving ion 10... to 9
Ion assignment after moving ion 10: {0: 16, 1: 12, 2: 23, 3: 10, 4: 9, 5: 22, 6: 7, 7: 0}
Gate position gate updated to [ 9 22]--------------c
Trying to moving ion 22... to 10
Ion assignment after moving ion 22: {0: 16, 1: 12, 2: 25, 3: 11, 4: 9, 5: 10, 6: 7, 7: 0}
Executing gate at point (4, 4).
Executing gate at point (5, 4).
Best move: (11, 23)
Best move: (6, 7)
Best move: (10, 11)
Best move: (22, 23)
Best move: (11, 23)
Best move: (8, 22)
Best move: (7, 8)
Best move: (22, 25)
Try bruteforce due to multiple steps (8) to solve one gate
Trying to solve brute-force congestion at gate [23, 6] with {0: 16, 1: 12, 2: 22, 3: 7, 4: 9, 5: 23, 6: 6, 7: 0}
Trying to moving ion 6... to 6
Ion assignment after moving ion 6: {0: 16, 1: 12, 2: 22, 3: 7, 4: 9, 5: 23, 6: 6, 7: 0}
Gate position gate updated to [ 6 23]--------------c
Trying to moving ion 23... to 7
Ion assignment after moving ion 23: {0: 16, 1: 12, 2: 25, 3: 8, 4: 9, 5: 7, 6: 6, 7: 0}
Executing gate at point (6, 5).
Executing gate at point (7, 5).
Best move: (8, 22)
Best move: (22, 23)
Best move: (11, 23)
Best move: (23, 25)
Best move: (10, 11)
Best move: (11, 23)
Executing gate at point (2, 2).
Executing gate at point (3, 2).
Executing gate at point (6, 3).
Executing gate at point (7, 3).
Best move: (11, 23)
Best move: (7, 8)
Best move: (8, 22)
Best move: (9, 10)
Best move: (9, 10)
Best move: (9, 10)
Try bruteforce due to repeated pattern...
Trying to solve brute-force congestion at gate [10, 22] with {0: 16, 1: 12, 2: 23, 3: 9, 4: 10, 5: 22, 6: 6, 7: 0}
Trying to moving ion 10... to 9
Ion assignment after moving ion 10: {0: 16, 1: 12, 2: 23, 3: 10, 4: 9, 5: 22, 6: 6, 7: 0}
Gate position gate updated to [ 9 22]--------------c
Trying to moving ion 22... to 10
Ion assignment after moving ion 22: {0: 16, 1: 12, 2: 25, 3: 11, 4: 9, 5: 10, 6: 6, 7: 0}
Executing gate at point (8, 4).
Executing gate at point (9, 4).
Best move: (21, 25)
Best move: (14, 21)
Executing gate at point (4, 1).
Executing gate at point (5, 1).
Best move: (13, 14)
Best move: (11, 23)
Best move: (23, 25)
Best move: (21, 25)
Best move: (6, 7)
Best move: (16, 17)
Best move: (17, 19)
Best move: (19, 24)
Try bruteforce due to multiple steps (8) to solve one gate
Trying to solve brute-force congestion at gate [13, 21] with {0: 24, 1: 12, 2: 13, 3: 21, 4: 9, 5: 10, 6: 7, 7: 0}
Trying to moving ion 13... to 12
Ion assignment after moving ion 13: {0: 24, 1: 13, 2: 12, 3: 21, 4: 9, 5: 10, 6: 7, 7: 0}
Gate position gate updated to [12 21]--------------c
Trying to moving ion 21... to 13
Ion assignment after moving ion 21: {0: 24, 1: 14, 2: 12, 3: 13, 4: 9, 5: 10, 6: 7, 7: 0}
Executing gate at point (8, 2).
Executing gate at point (9, 2).
Best move: (20, 24)
Best move: (14, 21)
Best move: (7, 8)
Best move: (8, 22)
Best move: (22, 25)
Best move: (24, 25)
Best move: (18, 24)
Best move: (2, 18)
Try bruteforce due to multiple steps (8) to solve one gate
Trying to solve brute-force congestion at gate [13, 9] with {0: 20, 1: 21, 2: 12, 3: 13, 4: 9, 5: 10, 6: 2, 7: 0}
Trying to moving ion 9... to 9
Ion assignment after moving ion 9: {0: 20, 1: 21, 2: 12, 3: 13, 4: 9, 5: 10, 6: 2, 7: 0}
Gate position gate updated to [ 9 13]--------------c
Trying to moving ion 13... to 10
Ion assignment after moving ion 13: {0: 20, 1: 22, 2: 12, 3: 10, 4: 9, 5: 11, 6: 2, 7: 0}
Executing gate at point (10, 3).
Executing gate at point (8, 6).
Executing gate at point (9, 6).
Executing gate at point (11, 3).
Best move: (22, 25)
Best move: (21, 25)
Best move: (11, 23)
Best move: (23, 25)
Best move: (24, 25)
Best move: (18, 24)
Best move: (14, 21)
Best move: (20, 21)
Try bruteforce due to multiple steps (8) to solve one gate
Trying to solve brute-force congestion at gate [18, 2] with {0: 21, 1: 14, 2: 12, 3: 10, 4: 9, 5: 18, 6: 2, 7: 0}
Trying to moving ion 2... to 0
Ion assignment after moving ion 2: {0: 21, 1: 14, 2: 12, 3: 10, 4: 9, 5: 18, 6: 0, 7: 1}
Gate position gate updated to [ 0 18]--------------c
Trying to moving ion 18... to 1
Ion assignment after moving ion 18: {0: 21, 1: 14, 2: 12, 3: 10, 4: 9, 5: 1, 6: 0, 7: 2}
Executing gate at point (10, 5).
Executing gate at point (11, 5).
Best move: (13, 14)
Best move: (14, 21)
Executing gate at point (6, 0).
Executing gate at point (7, 0).
Executing gate at point (10, 1).
Executing gate at point (11, 1).
Trying to solve brute-force congestion at gate [9, 23] with {0: 13, 1: 12, 2: 21, 3: 10, 4: 9, 5: 23, 6: 0, 7: 1}
Trying to moving ion 9... to 9
Ion assignment after moving ion 9: {0: 13, 1: 12, 2: 21, 3: 10, 4: 9, 5: 23, 6: 0, 7: 1}
Gate position gate updated to [ 9 23]--------------c
Trying to moving ion 23... to 10
Ion assignment after moving ion 23: {0: 13, 1: 12, 2: 21, 3: 11, 4: 9, 5: 10, 6: 0, 7: 1}
Trying to solve brute-force congestion at gate [9, 10] with {0: 13, 1: 12, 2: 21, 3: 11, 4: 9, 5: 10, 6: 0, 7: 1}
Trying to moving ion 9... to 9
Ion assignment after moving ion 9: {0: 13, 1: 12, 2: 21, 3: 11, 4: 9, 5: 10, 6: 0, 7: 1}
Clearing endpoint 11.........
Gate position gate updated to [ 9 10]--------------c
Trying to moving ion 10... to 10
Ion assignment after moving ion 10: {0: 13, 1: 12, 2: 21, 3: 23, 4: 9, 5: 10, 6: 0, 7: 1}
Trying to solve brute-force congestion at gate [10, 0] with {0: 13, 1: 12, 2: 21, 3: 23, 4: 9, 5: 10, 6: 0, 7: 1}
Trying to moving ion 0... to 0
Ion assignment after moving ion 0: {0: 13, 1: 12, 2: 21, 3: 23, 4: 9, 5: 10, 6: 0, 7: 1}
Gate position gate updated to [ 0 10]--------------c
Trying to moving ion 10... to 1
Ion assignment after moving ion 10: {0: 13, 1: 12, 2: 21, 3: 19, 4: 9, 5: 1, 6: 0, 7: 2}
Trying to solve brute-force congestion at gate [21, 19] with {0: 13, 1: 12, 2: 21, 3: 19, 4: 9, 5: 1, 6: 0, 7: 2}
Trying to moving ion 19... to 15
Ion assignment after moving ion 19: {0: 13, 1: 12, 2: 21, 3: 15, 4: 9, 5: 1, 6: 0, 7: 2}
Gate position gate updated to [15 21]--------------c
Trying to moving ion 21... to 16
Ion assignment after moving ion 21: {0: 13, 1: 12, 2: 16, 3: 15, 4: 9, 5: 1, 6: 0, 7: 2}
Trying to solve brute-force congestion at gate [16, 15] with {0: 13, 1: 12, 2: 16, 3: 15, 4: 9, 5: 1, 6: 0, 7: 2}
Trying to moving ion 16... to 15
Ion assignment after moving ion 16: {0: 13, 1: 12, 2: 15, 3: 16, 4: 9, 5: 1, 6: 0, 7: 2}
Gate position gate updated to [15 16]--------------c
Trying to moving ion 16... to 16
Ion assignment after moving ion 16: {0: 13, 1: 12, 2: 15, 3: 16, 4: 9, 5: 1, 6: 0, 7: 2}
Trying to solve brute-force congestion at gate [12, 15] with {0: 13, 1: 12, 2: 15, 3: 16, 4: 9, 5: 1, 6: 0, 7: 2}
Trying to moving ion 12... to 12
Ion assignment after moving ion 12: {0: 13, 1: 12, 2: 15, 3: 16, 4: 9, 5: 1, 6: 0, 7: 2}
Gate position gate updated to [12 15]--------------c
Trying to moving ion 15... to 13
Ion assignment after moving ion 15: {0: 14, 1: 12, 2: 13, 3: 15, 4: 9, 5: 1, 6: 0, 7: 2}
Trying to solve brute-force congestion at gate [12, 13] with {0: 14, 1: 12, 2: 13, 3: 15, 4: 9, 5: 1, 6: 0, 7: 2}
Trying to moving ion 12... to 12
Ion assignment after moving ion 12: {0: 14, 1: 12, 2: 13, 3: 15, 4: 9, 5: 1, 6: 0, 7: 2}
Clearing endpoint 14.........
Gate position gate updated to [12 13]--------------c
Trying to moving ion 13... to 13
Ion assignment after moving ion 13: {0: 21, 1: 12, 2: 13, 3: 15, 4: 9, 5: 1, 6: 0, 7: 2}
Trying to solve brute-force congestion at gate [15, 9] with {0: 21, 1: 12, 2: 13, 3: 15, 4: 9, 5: 1, 6: 0, 7: 2}
Trying to moving ion 9... to 9
Ion assignment after moving ion 9: {0: 21, 1: 12, 2: 13, 3: 15, 4: 9, 5: 1, 6: 0, 7: 2}
Gate position gate updated to [ 9 15]--------------c
Trying to moving ion 15... to 10
Ion assignment after moving ion 15: {0: 21, 1: 12, 2: 13, 3: 10, 4: 9, 5: 1, 6: 0, 7: 2}
Trying to solve brute-force congestion at gate [10, 9] with {0: 21, 1: 12, 2: 13, 3: 10, 4: 9, 5: 1, 6: 0, 7: 2}
Trying to moving ion 10... to 9
Ion assignment after moving ion 10: {0: 21, 1: 12, 2: 13, 3: 9, 4: 10, 5: 1, 6: 0, 7: 2}
Gate position gate updated to [ 9 10]--------------c
Trying to moving ion 10... to 10
Ion assignment after moving ion 10: {0: 21, 1: 12, 2: 13, 3: 9, 4: 10, 5: 1, 6: 0, 7: 2}
Trying to solve brute-force congestion at gate [13, 9] with {0: 21, 1: 12, 2: 13, 3: 9, 4: 10, 5: 1, 6: 0, 7: 2}
Trying to moving ion 9... to 9
Ion assignment after moving ion 9: {0: 21, 1: 12, 2: 13, 3: 9, 4: 10, 5: 1, 6: 0, 7: 2}
Gate position gate updated to [ 9 13]--------------c
Trying to moving ion 13... to 10
Ion assignment after moving ion 13: {0: 24, 1: 12, 2: 10, 3: 9, 4: 11, 5: 1, 6: 0, 7: 2}
Trying to solve brute-force congestion at gate [11, 1] with {0: 24, 1: 12, 2: 10, 3: 9, 4: 11, 5: 1, 6: 0, 7: 2}
Trying to moving ion 1... to 0
Ion assignment after moving ion 1: {0: 24, 1: 12, 2: 10, 3: 9, 4: 11, 5: 0, 6: 1, 7: 2}
Clearing endpoint 2.........
Gate position gate updated to [ 0 11]--------------c
Trying to moving ion 11... to 1
Ion assignment after moving ion 11: {0: 17, 1: 12, 2: 10, 3: 9, 4: 1, 5: 0, 6: 2, 7: 19}
Trying to solve brute-force congestion at gate [1, 0] with {0: 17, 1: 12, 2: 10, 3: 9, 4: 1, 5: 0, 6: 2, 7: 19}
Trying to moving ion 1... to 0
Ion assignment after moving ion 1: {0: 17, 1: 12, 2: 10, 3: 9, 4: 0, 5: 1, 6: 2, 7: 19}
Clearing endpoint 2.........
Gate position gate updated to [0 1]--------------c
Trying to moving ion 1... to 1
Ion assignment after moving ion 1: {0: 17, 1: 12, 2: 10, 3: 9, 4: 0, 5: 1, 6: 18, 7: 19}
Trying to solve brute-force congestion at gate [9, 0] with {0: 17, 1: 12, 2: 10, 3: 9, 4: 0, 5: 1, 6: 18, 7: 19}
Trying to moving ion 0... to 0
Ion assignment after moving ion 0: {0: 17, 1: 12, 2: 10, 3: 9, 4: 0, 5: 1, 6: 18, 7: 19}
Gate position gate updated to [0 9]--------------c
Trying to moving ion 9... to 1
Ion assignment after moving ion 9: {0: 16, 1: 12, 2: 9, 3: 1, 4: 0, 5: 2, 6: 19, 7: 17}
Trying to solve brute-force congestion at gate [1, 0] with {0: 16, 1: 12, 2: 9, 3: 1, 4: 0, 5: 2, 6: 19, 7: 17}
Trying to moving ion 1... to 0
Ion assignment after moving ion 1: {0: 16, 1: 12, 2: 9, 3: 0, 4: 1, 5: 2, 6: 19, 7: 17}
Clearing endpoint 2.........
Gate position gate updated to [0 1]--------------c
Trying to moving ion 1... to 1
Ion assignment after moving ion 1: {0: 16, 1: 12, 2: 9, 3: 0, 4: 1, 5: 18, 6: 19, 7: 17}
Trying to solve brute-force congestion at gate [18, 19] with {0: 16, 1: 12, 2: 9, 3: 0, 4: 1, 5: 18, 6: 19, 7: 17}
Trying to moving ion 18... to 0
Ion assignment after moving ion 18: {0: 16, 1: 12, 2: 9, 3: 1, 4: 2, 5: 0, 6: 19, 7: 17}
Clearing endpoint 2.........
Gate position gate updated to [ 0 19]--------------c
Trying to moving ion 19... to 1
Ion assignment after moving ion 19: {0: 16, 1: 12, 2: 9, 3: 2, 4: 24, 5: 0, 6: 1, 7: 17}
Trying to solve brute-force congestion at gate [0, 1] with {0: 16, 1: 12, 2: 9, 3: 2, 4: 24, 5: 0, 6: 1, 7: 17}
Trying to moving ion 0... to 0
Ion assignment after moving ion 0: {0: 16, 1: 12, 2: 9, 3: 2, 4: 24, 5: 0, 6: 1, 7: 17}
Clearing endpoint 2.........
Gate position gate updated to [0 1]--------------c
Trying to moving ion 1... to 1
Ion assignment after moving ion 1: {0: 16, 1: 12, 2: 9, 3: 18, 4: 24, 5: 0, 6: 1, 7: 17}
Trying to solve brute-force congestion at gate [1, 17] with {0: 16, 1: 12, 2: 9, 3: 18, 4: 24, 5: 0, 6: 1, 7: 17}
Trying to moving ion 1... to 0
Ion assignment after moving ion 1: {0: 16, 1: 12, 2: 9, 3: 18, 4: 24, 5: 1, 6: 0, 7: 17}
Gate position gate updated to [ 0 17]--------------c
Trying to moving ion 17... to 1
Ion assignment after moving ion 17: {0: 16, 1: 12, 2: 9, 3: 24, 4: 20, 5: 2, 6: 0, 7: 1}
Trying to solve brute-force congestion at gate [0, 1] with {0: 16, 1: 12, 2: 9, 3: 24, 4: 20, 5: 2, 6: 0, 7: 1}
Trying to moving ion 0... to 0
Ion assignment after moving ion 0: {0: 16, 1: 12, 2: 9, 3: 24, 4: 20, 5: 2, 6: 0, 7: 1}
Clearing endpoint 2.........
Gate position gate updated to [0 1]--------------c
Trying to moving ion 1... to 1
Ion assignment after moving ion 1: {0: 16, 1: 12, 2: 9, 3: 24, 4: 20, 5: 18, 6: 0, 7: 1}
Executing gate at point (0, 6).
Executing gate at point (1, 6).
Best move: (2, 18)
Executing gate at point (2, 5).
Executing gate at point (3, 5).
Best move: (24, 25)
Best move: (5, 20)
Best move: (20, 25)
Best move: (4, 5)
Best move: (5, 20)
Executing gate at point (0, 3).
Executing gate at point (1, 3).
Best move: (5, 20)
Best move: (2, 18)
Best move: (18, 24)
Best move: (3, 4)
Best move: (3, 4)
Best move: (24, 25)
Best move: (21, 25)
Best move: (21, 25)
Try bruteforce due to multiple steps (8) to solve one gate
Trying to solve brute-force congestion at gate [4, 25] with {0: 16, 1: 12, 2: 9, 3: 20, 4: 4, 5: 25, 6: 0, 7: 1}
Trying to moving ion 4... to 3
Ion assignment after moving ion 4: {0: 16, 1: 12, 2: 9, 3: 20, 4: 3, 5: 25, 6: 0, 7: 1}
Gate position gate updated to [ 3 25]--------------c
Trying to moving ion 25... to 4
Ion assignment after moving ion 25: {0: 16, 1: 12, 2: 9, 3: 24, 4: 3, 5: 4, 6: 0, 7: 1}
Executing gate at point (4, 4).
Executing gate at point (5, 4).
Best move: (4, 5)
Best move: (5, 20)
Best move: (0, 1)
Best move: (20, 25)
Best move: (21, 25)
Best move: (21, 25)
Try bruteforce due to repeated pattern...
Trying to solve brute-force congestion at gate [25, 1] with {0: 16, 1: 12, 2: 9, 3: 24, 4: 3, 5: 25, 6: 1, 7: 0}
Trying to moving ion 1... to 0
Ion assignment after moving ion 1: {0: 16, 1: 12, 2: 9, 3: 24, 4: 3, 5: 25, 6: 0, 7: 1}
Gate position gate updated to [ 0 25]--------------c
Trying to moving ion 25... to 1
Ion assignment after moving ion 25: {0: 16, 1: 12, 2: 9, 3: 19, 4: 3, 5: 1, 6: 0, 7: 2}
Executing gate at point (6, 5).
Executing gate at point (7, 5).
Executing gate at point (8, 6).
Executing gate at point (9, 6).
Best move: (19, 24)
Best move: (24, 25)
Best move: (23, 25)
Best move: (11, 23)
Executing gate at point (2, 2).
Executing gate at point (3, 2).
Best move: (11, 23)
Best move: (23, 25)
Best move: (20, 25)
Best move: (5, 20)
Executing gate at point (6, 3).
Executing gate at point (7, 3).
Best move: (1, 2)
Best move: (2, 18)
Best move: (18, 24)
Best move: (20, 24)
Best move: (9, 10)
Best move: (10, 11)
Best move: (11, 23)
Best move: (23, 25)
Try bruteforce due to multiple steps (8) to solve one gate
Trying to solve brute-force congestion at gate [3, 20] with {0: 16, 1: 12, 2: 25, 3: 5, 4: 3, 5: 20, 6: 0, 7: 1}
Trying to moving ion 3... to 3
Ion assignment after moving ion 3: {0: 16, 1: 12, 2: 25, 3: 5, 4: 3, 5: 20, 6: 0, 7: 1}
Clearing endpoint 5.........
Gate position gate updated to [ 3 20]--------------c
Trying to moving ion 20... to 4
Ion assignment after moving ion 20: {0: 16, 1: 12, 2: 25, 3: 5, 4: 3, 5: 4, 6: 0, 7: 1}
Executing gate at point (8, 4).
Executing gate at point (9, 4).
Best move: (21, 25)
Best move: (14, 21)
Executing gate at point (4, 1).
Executing gate at point (5, 1).
Best move: (13, 14)
Best move: (5, 20)
Best move: (20, 21)
Best move: (16, 17)
Best move: (17, 19)
Best move: (19, 24)
Best move: (24, 25)
Best move: (4, 5)
Try bruteforce due to multiple steps (8) to solve one gate
Trying to solve brute-force congestion at gate [13, 21] with {0: 25, 1: 12, 2: 13, 3: 21, 4: 3, 5: 5, 6: 0, 7: 1}
Trying to moving ion 13... to 12
Ion assignment after moving ion 13: {0: 25, 1: 13, 2: 12, 3: 21, 4: 3, 5: 5, 6: 0, 7: 1}
Gate position gate updated to [12 21]--------------c
Trying to moving ion 21... to 13
Ion assignment after moving ion 21: {0: 25, 1: 14, 2: 12, 3: 13, 4: 3, 5: 5, 6: 0, 7: 1}
Executing gate at point (8, 2).
Executing gate at point (9, 2).
Best move: (5, 20)
Best move: (20, 24)
Best move: (18, 24)
Best move: (2, 18)
Executing gate at point (10, 5).
Executing gate at point (11, 5).
Best move: (14, 21)
Best move: (13, 14)
Best move: (24, 25)
Best move: (24, 25)
Best move: (3, 4)
Best move: (3, 4)
Best move: (3, 4)
Try bruteforce due to repeated pattern...
Trying to solve brute-force congestion at gate [14, 4] with {0: 25, 1: 21, 2: 12, 3: 14, 4: 4, 5: 2, 6: 0, 7: 1}
Trying to moving ion 4... to 3
Ion assignment after moving ion 4: {0: 25, 1: 21, 2: 12, 3: 14, 4: 3, 5: 2, 6: 0, 7: 1}
Gate position gate updated to [ 3 14]--------------c
Trying to moving ion 14... to 4
Ion assignment after moving ion 14: {0: 25, 1: 24, 2: 12, 3: 4, 4: 3, 5: 2, 6: 0, 7: 1}
Executing gate at point (10, 3).
Executing gate at point (11, 3).
Best move: (21, 24)
Best move: (14, 21)
Best move: (21, 25)
Best move: (13, 14)
Best move: (14, 21)
Executing gate at point (6, 0).
Executing gate at point (7, 0).
Executing gate at point (10, 1).
Executing gate at point (11, 1).
Trying to solve brute-force congestion at gate [3, 20] with {0: 13, 1: 12, 2: 21, 3: 4, 4: 3, 5: 20, 6: 0, 7: 1}
Trying to moving ion 3... to 3
Ion assignment after moving ion 3: {0: 13, 1: 12, 2: 21, 3: 4, 4: 3, 5: 20, 6: 0, 7: 1}
Gate position gate updated to [ 3 20]--------------c
Trying to moving ion 20... to 4
Ion assignment after moving ion 20: {0: 13, 1: 12, 2: 21, 3: 5, 4: 3, 5: 4, 6: 0, 7: 1}
Trying to solve brute-force congestion at gate [3, 4] with {0: 13, 1: 12, 2: 21, 3: 5, 4: 3, 5: 4, 6: 0, 7: 1}
Trying to moving ion 3... to 3
Ion assignment after moving ion 3: {0: 13, 1: 12, 2: 21, 3: 5, 4: 3, 5: 4, 6: 0, 7: 1}
Clearing endpoint 5.........
Gate position gate updated to [3 4]--------------c
Trying to moving ion 4... to 4
Ion assignment after moving ion 4: {0: 13, 1: 12, 2: 21, 3: 20, 4: 3, 5: 4, 6: 0, 7: 1}
Trying to solve brute-force congestion at gate [4, 0] with {0: 13, 1: 12, 2: 21, 3: 20, 4: 3, 5: 4, 6: 0, 7: 1}
Trying to moving ion 0... to 0
Ion assignment after moving ion 0: {0: 13, 1: 12, 2: 21, 3: 20, 4: 3, 5: 4, 6: 0, 7: 1}
Gate position gate updated to [0 4]--------------c
Trying to moving ion 4... to 1
Ion assignment after moving ion 4: {0: 13, 1: 12, 2: 21, 3: 19, 4: 3, 5: 1, 6: 0, 7: 2}
Trying to solve brute-force congestion at gate [21, 19] with {0: 13, 1: 12, 2: 21, 3: 19, 4: 3, 5: 1, 6: 0, 7: 2}
Trying to moving ion 19... to 15
Ion assignment after moving ion 19: {0: 13, 1: 12, 2: 21, 3: 15, 4: 3, 5: 1, 6: 0, 7: 2}
Gate position gate updated to [15 21]--------------c
Trying to moving ion 21... to 16
Ion assignment after moving ion 21: {0: 13, 1: 12, 2: 16, 3: 15, 4: 3, 5: 1, 6: 0, 7: 2}
Trying to solve brute-force congestion at gate [16, 15] with {0: 13, 1: 12, 2: 16, 3: 15, 4: 3, 5: 1, 6: 0, 7: 2}
Trying to moving ion 16... to 15
Ion assignment after moving ion 16: {0: 13, 1: 12, 2: 15, 3: 16, 4: 3, 5: 1, 6: 0, 7: 2}
Gate position gate updated to [15 16]--------------c
Trying to moving ion 16... to 16
Ion assignment after moving ion 16: {0: 13, 1: 12, 2: 15, 3: 16, 4: 3, 5: 1, 6: 0, 7: 2}
Trying to solve brute-force congestion at gate [12, 15] with {0: 13, 1: 12, 2: 15, 3: 16, 4: 3, 5: 1, 6: 0, 7: 2}
Trying to moving ion 12... to 12
Ion assignment after moving ion 12: {0: 13, 1: 12, 2: 15, 3: 16, 4: 3, 5: 1, 6: 0, 7: 2}
Gate position gate updated to [12 15]--------------c
Trying to moving ion 15... to 13
Ion assignment after moving ion 15: {0: 14, 1: 12, 2: 13, 3: 15, 4: 3, 5: 1, 6: 0, 7: 2}
Trying to solve brute-force congestion at gate [12, 13] with {0: 14, 1: 12, 2: 13, 3: 15, 4: 3, 5: 1, 6: 0, 7: 2}
Trying to moving ion 12... to 12
Ion assignment after moving ion 12: {0: 14, 1: 12, 2: 13, 3: 15, 4: 3, 5: 1, 6: 0, 7: 2}
Clearing endpoint 14.........
Gate position gate updated to [12 13]--------------c
Trying to moving ion 13... to 13
Ion assignment after moving ion 13: {0: 21, 1: 12, 2: 13, 3: 15, 4: 3, 5: 1, 6: 0, 7: 2}
Trying to solve brute-force congestion at gate [15, 3] with {0: 21, 1: 12, 2: 13, 3: 15, 4: 3, 5: 1, 6: 0, 7: 2}
Trying to moving ion 3... to 3
Ion assignment after moving ion 3: {0: 21, 1: 12, 2: 13, 3: 15, 4: 3, 5: 1, 6: 0, 7: 2}
Gate position gate updated to [ 3 15]--------------c
Trying to moving ion 15... to 4
Ion assignment after moving ion 15: {0: 21, 1: 12, 2: 13, 3: 4, 4: 3, 5: 1, 6: 0, 7: 2}
Trying to solve brute-force congestion at gate [4, 3] with {0: 21, 1: 12, 2: 13, 3: 4, 4: 3, 5: 1, 6: 0, 7: 2}
Trying to moving ion 4... to 3
Ion assignment after moving ion 4: {0: 21, 1: 12, 2: 13, 3: 3, 4: 4, 5: 1, 6: 0, 7: 2}
Gate position gate updated to [3 4]--------------c
Trying to moving ion 4... to 4
Ion assignment after moving ion 4: {0: 21, 1: 12, 2: 13, 3: 3, 4: 4, 5: 1, 6: 0, 7: 2}
Trying to solve brute-force congestion at gate [13, 3] with {0: 21, 1: 12, 2: 13, 3: 3, 4: 4, 5: 1, 6: 0, 7: 2}
Trying to moving ion 3... to 3
Ion assignment after moving ion 3: {0: 21, 1: 12, 2: 13, 3: 3, 4: 4, 5: 1, 6: 0, 7: 2}
Gate position gate updated to [ 3 13]--------------c
Trying to moving ion 13... to 4
Ion assignment after moving ion 13: {0: 25, 1: 12, 2: 4, 3: 3, 4: 5, 5: 1, 6: 0, 7: 2}
Trying to solve brute-force congestion at gate [5, 1] with {0: 25, 1: 12, 2: 4, 3: 3, 4: 5, 5: 1, 6: 0, 7: 2}
Trying to moving ion 1... to 0
Ion assignment after moving ion 1: {0: 25, 1: 12, 2: 4, 3: 3, 4: 5, 5: 0, 6: 1, 7: 2}
Clearing endpoint 2.........
Gate position gate updated to [0 5]--------------c
Trying to moving ion 5... to 1
Ion assignment after moving ion 5: {0: 25, 1: 12, 2: 4, 3: 3, 4: 1, 5: 0, 6: 2, 7: 19}
Trying to solve brute-force congestion at gate [1, 0] with {0: 25, 1: 12, 2: 4, 3: 3, 4: 1, 5: 0, 6: 2, 7: 19}
Trying to moving ion 1... to 0
Ion assignment after moving ion 1: {0: 25, 1: 12, 2: 4, 3: 3, 4: 0, 5: 1, 6: 2, 7: 19}
Clearing endpoint 2.........
Gate position gate updated to [0 1]--------------c
Trying to moving ion 1... to 1
Ion assignment after moving ion 1: {0: 25, 1: 12, 2: 4, 3: 3, 4: 0, 5: 1, 6: 18, 7: 19}
Trying to solve brute-force congestion at gate [3, 0] with {0: 25, 1: 12, 2: 4, 3: 3, 4: 0, 5: 1, 6: 18, 7: 19}
Trying to moving ion 0... to 0
Ion assignment after moving ion 0: {0: 25, 1: 12, 2: 4, 3: 3, 4: 0, 5: 1, 6: 18, 7: 19}
Gate position gate updated to [0 3]--------------c
Trying to moving ion 3... to 1
Ion assignment after moving ion 3: {0: 25, 1: 12, 2: 3, 3: 1, 4: 0, 5: 2, 6: 19, 7: 17}
Trying to solve brute-force congestion at gate [1, 0] with {0: 25, 1: 12, 2: 3, 3: 1, 4: 0, 5: 2, 6: 19, 7: 17}
Trying to moving ion 1... to 0
Ion assignment after moving ion 1: {0: 25, 1: 12, 2: 3, 3: 0, 4: 1, 5: 2, 6: 19, 7: 17}
Clearing endpoint 2.........
Gate position gate updated to [0 1]--------------c
Trying to moving ion 1... to 1
Ion assignment after moving ion 1: {0: 25, 1: 12, 2: 3, 3: 0, 4: 1, 5: 18, 6: 19, 7: 17}
Trying to solve brute-force congestion at gate [18, 19] with {0: 25, 1: 12, 2: 3, 3: 0, 4: 1, 5: 18, 6: 19, 7: 17}
Trying to moving ion 19... to 15
Ion assignment after moving ion 19: {0: 25, 1: 12, 2: 3, 3: 0, 4: 1, 5: 18, 6: 15, 7: 17}
Clearing endpoint 17.........
Gate position gate updated to [15 18]--------------c
Trying to moving ion 18... to 16
Ion assignment after moving ion 18: {0: 25, 1: 12, 2: 3, 3: 0, 4: 1, 5: 16, 6: 15, 7: 17}
Trying to solve brute-force congestion at gate [16, 15] with {0: 25, 1: 12, 2: 3, 3: 0, 4: 1, 5: 16, 6: 15, 7: 17}
Trying to moving ion 16... to 15
Ion assignment after moving ion 16: {0: 25, 1: 12, 2: 3, 3: 0, 4: 1, 5: 15, 6: 16, 7: 17}
Clearing endpoint 17.........
Gate position gate updated to [15 16]--------------c
Trying to moving ion 16... to 16
Ion assignment after moving ion 16: {0: 25, 1: 12, 2: 3, 3: 0, 4: 1, 5: 15, 6: 16, 7: 19}
Trying to solve brute-force congestion at gate [16, 19] with {0: 25, 1: 12, 2: 3, 3: 0, 4: 1, 5: 15, 6: 16, 7: 19}
Trying to moving ion 16... to 15
Ion assignment after moving ion 16: {0: 25, 1: 12, 2: 3, 3: 0, 4: 1, 5: 16, 6: 15, 7: 19}
Gate position gate updated to [15 19]--------------cInput filename:  TFIM_wsq_n8_s100_compiled
Algorithm:  SHAW
Trap type:  G2x3
Trap capacity:  3
Num layout passes:  2
Gate type:  FM
Run index:  7
Creating a QCCD machine ...
QCCD physical machine:
### Traps ### 
Trap(id='trap_0', max_num_ions=3, initial_num_ions=0, executable=True, measureable=True)
Trap(id='trap_1', max_num_ions=3, initial_num_ions=0, executable=True, measureable=True)
Trap(id='trap_2', max_num_ions=3, initial_num_ions=0, executable=True, measureable=True)
Trap(id='trap_3', max_num_ions=3, initial_num_ions=0, executable=True, measureable=True)
Trap(id='trap_4', max_num_ions=3, initial_num_ions=0, executable=True, measureable=True)
Trap(id='trap_5', max_num_ions=3, initial_num_ions=0, executable=True, measureable=True)
### Junctions ### 
Junction(id='junction_0')
Junction(id='junction_1')
Junction(id='junction_2')
### Segments ### 
Segment(id='segment_0', left=Trap(id='trap_0', max_num_ions=3, initial_num_ions=0, executable=True, measureable=True), right=Junction(id='junction_0'))
Segment(id='segment_1', left=Trap(id='trap_5', max_num_ions=3, initial_num_ions=0, executable=True, measureable=True), right=Junction(id='junction_0'))
Segment(id='segment_2', left=Trap(id='trap_1', max_num_ions=3, initial_num_ions=0, executable=True, measureable=True), right=Junction(id='junction_1'))
Segment(id='segment_3', left=Trap(id='trap_4', max_num_ions=3, initial_num_ions=0, executable=True, measureable=True), right=Junction(id='junction_1'))
Segment(id='segment_4', left=Trap(id='trap_2', max_num_ions=3, initial_num_ions=0, executable=True, measureable=True), right=Junction(id='junction_2'))
Segment(id='segment_5', left=Trap(id='trap_3', max_num_ions=3, initial_num_ions=0, executable=True, measureable=True), right=Junction(id='junction_2'))
Segment(id='segment_6', left=Junction(id='junction_0'), right=Junction(id='junction_1'))
Segment(id='segment_7', left=Junction(id='junction_1'), right=Junction(id='junction_2'))
Finished creating the QCCD physical machine.
Position graph:  CouplingGraph({(3, 4), (12, 13), (22, 23), (21, 25), (23, 25), (11, 23), (13, 14), (19, 24), (18, 19), (4, 5), (20, 25), (21, 24), (22, 25), (14, 21), (0, 1), (9, 10), (1, 2), (10, 11), (6, 7), (15, 16), (24, 25), (18, 24), (20, 21), (20, 24), (17, 19), (5, 20), (8, 22), (2, 18), (7, 8), (16, 17)})
Initial ion assignment:  {0: 17, 1: 12, 2: 16, 3: 9, 4: 5, 5: 7, 6: 14, 7: 0}
Congestion rate:  1.0
Scheduling QCCD: 4360.0 us, costing 37.45745650003664 s to compile
0.00436
37.45745650003664
{0: 25, 1: 12, 2: 3, 3: 0, 4: 1, 5: 19, 6: 15, 7: 16}
[0, 1, 2, 3, 4, 5, 6, 7]
