Best move: (10, 11)
Best move: (11, 23)
Best move: (16, 17)
Best move: (17, 19)
Best move: (19, 24)
Best move: (24, 25)
Best move: (13, 14)
Best move: (3, 4)
Try bruteforce due to multiple steps (8) to solve one gate
Trying to solve brute-force congestion at gate [7, 4] with {0: 9, 1: 7, 2: 2, 3: 13, 4: 10, 5: 4, 6: 23, 7: 25}
Trying to moving ion 4... to 3
Ion assignment after moving ion 4: {0: 9, 1: 7, 2: 2, 3: 13, 4: 10, 5: 3, 6: 23, 7: 25}
Gate position gate updated to [3 7]--------------c
Trying to moving ion 7... to 4
Ion assignment after moving ion 7: {0: 9, 1: 4, 2: 2, 3: 13, 4: 10, 5: 3, 6: 23, 7: 24}
Executing gate at point (0, 1).
Best move: (24, 25)
Best move: (2, 18)
Best move: (18, 24)
Best move: (20, 24)
Best move: (22, 23)
Best move: (23, 25)
Best move: (22, 25)
Best move: (21, 25)
Try bruteforce due to multiple steps (8) to solve one gate
Trying to solve brute-force congestion at gate [20, 3] with {0: 9, 1: 4, 2: 20, 3: 13, 4: 10, 5: 3, 6: 21, 7: 23}
Trying to moving ion 3... to 3
Ion assignment after moving ion 3: {0: 9, 1: 4, 2: 20, 3: 13, 4: 10, 5: 3, 6: 21, 7: 23}
Gate position gate updated to [ 3 20]--------------c
Trying to moving ion 20... to 4
Ion assignment after moving ion 20: {0: 9, 1: 5, 2: 4, 3: 13, 4: 10, 5: 3, 6: 21, 7: 23}
Executing gate at point (1, 2).
Best move: (14, 21)
Executing gate at point (0, 3).
Best move: (14, 21)
Best move: (21, 25)
Best move: (22, 25)
Best move: (22, 25)
Best move: (22, 25)
Try bruteforce due to repeated pattern...
Trying to solve brute-force congestion at gate [10, 22] with {0: 9, 1: 5, 2: 4, 3: 13, 4: 10, 5: 3, 6: 22, 7: 23}
Trying to moving ion 10... to 9
Ion assignment after moving ion 10: {0: 10, 1: 5, 2: 4, 3: 13, 4: 9, 5: 3, 6: 22, 7: 23}
Gate position gate updated to [ 9 22]--------------c
Trying to moving ion 22... to 10
Ion assignment after moving ion 22: {0: 11, 1: 5, 2: 4, 3: 13, 4: 9, 5: 3, 6: 10, 7: 25}
Executing gate at point (1, 4).
Best move: (11, 23)
Best move: (22, 23)
Best move: (8, 22)
Best move: (22, 25)
Best move: (7, 8)
Best move: (8, 22)
Executing gate at point (0, 0).
Best move: (5, 20)
Best move: (20, 25)
Best move: (22, 25)
Best move: (7, 8)
Best move: (7, 8)
Best move: (7, 8)
Try bruteforce due to repeated pattern...
Trying to solve brute-force congestion at gate [22, 7] with {0: 8, 1: 22, 2: 4, 3: 13, 4: 9, 5: 3, 6: 10, 7: 7}
Trying to moving ion 7... to 6
Ion assignment after moving ion 7: {0: 8, 1: 22, 2: 4, 3: 13, 4: 9, 5: 3, 6: 10, 7: 6}
Clearing endpoint 8.........
Gate position gate updated to [ 6 22]--------------c
Trying to moving ion 22... to 7
Ion assignment after moving ion 22: {0: 8, 1: 7, 2: 4, 3: 13, 4: 9, 5: 3, 6: 10, 7: 6}
Executing gate at point (1, 1).
Best move: (6, 7)
Best move: (7, 8)
Best move: (8, 22)
Best move: (22, 25)
Best move: (21, 25)
Best move: (14, 21)
Executing gate at point (2, 3).
Best move: (14, 21)
Best move: (21, 25)
Best move: (23, 25)
Best move: (11, 23)
Executing gate at point (3, 4).
Best move: (11, 23)
Best move: (23, 25)
Best move: (20, 25)
Best move: (5, 20)
Executing gate at point (4, 5).
Trying to solve brute-force congestion at gate [13, 14] with {0: 7, 1: 6, 2: 4, 3: 13, 4: 9, 5: 3, 6: 10, 7: 14}
Trying to moving ion 13... to 12
Ion assignment after moving ion 13: {0: 7, 1: 6, 2: 4, 3: 12, 4: 9, 5: 3, 6: 10, 7: 14}
Gate position gate updated to [12 14]--------------c
Trying to moving ion 14... to 13
Ion assignment after moving ion 14: {0: 7, 1: 6, 2: 4, 3: 12, 4: 9, 5: 3, 6: 10, 7: 13}
Trying to solve brute-force congestion at gate [6, 13] with {0: 7, 1: 6, 2: 4, 3: 12, 4: 9, 5: 3, 6: 10, 7: 13}
Trying to moving ion 6... to 6
Ion assignment after moving ion 6: {0: 7, 1: 6, 2: 4, 3: 12, 4: 9, 5: 3, 6: 10, 7: 13}
Gate position gate updated to [ 6 13]--------------c
Trying to moving ion 13... to 7
Ion assignment after moving ion 13: {0: 8, 1: 6, 2: 4, 3: 12, 4: 9, 5: 3, 6: 10, 7: 7}
Trying to solve brute-force congestion at gate [6, 3] with {0: 8, 1: 6, 2: 4, 3: 12, 4: 9, 5: 3, 6: 10, 7: 7}
Trying to moving ion 3... to 3
Ion assignment after moving ion 3: {0: 8, 1: 6, 2: 4, 3: 12, 4: 9, 5: 3, 6: 10, 7: 7}
Gate position gate updated to [3 6]--------------c
Trying to moving ion 6... to 4
Ion assignment after moving ion 6: {0: 7, 1: 4, 2: 5, 3: 12, 4: 9, 5: 3, 6: 10, 7: 6}
Trying to solve brute-force congestion at gate [12, 10] with {0: 7, 1: 4, 2: 5, 3: 12, 4: 9, 5: 3, 6: 10, 7: 6}
Trying to moving ion 12... to 12
Ion assignment after moving ion 12: {0: 7, 1: 4, 2: 5, 3: 12, 4: 9, 5: 3, 6: 10, 7: 6}
Gate position gate updated to [12 10]--------------c
Trying to moving ion 10... to 13
Ion assignment after moving ion 10: {0: 7, 1: 4, 2: 5, 3: 12, 4: 9, 5: 3, 6: 13, 7: 6}
Executing gate at point (0, 1).
Executing gate at point (0, 3).
Executing gate at point (0, 0).
Executing gate at point (1, 2).
Best move: (4, 5)
Best move: (5, 20)
Best move: (6, 7)
Best move: (20, 25)
Best move: (22, 25)
Best move: (8, 22)
Executing gate at point (1, 1).
Best move: (7, 8)
Best move: (8, 22)
Best move: (22, 25)
Best move: (21, 25)
Best move: (9, 10)
Best move: (10, 11)
Best move: (11, 23)
Best move: (23, 25)
Try bruteforce due to multiple steps (8) to solve one gate
Trying to solve brute-force congestion at gate [12, 21] with {0: 6, 1: 7, 2: 4, 3: 12, 4: 25, 5: 3, 6: 13, 7: 21}
Trying to moving ion 12... to 12
Ion assignment after moving ion 12: {0: 6, 1: 7, 2: 4, 3: 12, 4: 25, 5: 3, 6: 13, 7: 21}
Gate position gate updated to [12 21]--------------c
Trying to moving ion 21... to 13
Ion assignment after moving ion 21: {0: 6, 1: 7, 2: 4, 3: 12, 4: 25, 5: 3, 6: 14, 7: 13}
Executing gate at point (2, 3).
Best move: (14, 21)
Best move: (21, 24)
Best move: (21, 25)
Best move: (19, 24)
Best move: (21, 24)
Best move: (17, 19)
Best move: (19, 24)
Best move: (16, 17)
Try bruteforce due to multiple steps (8) to solve one gate
Trying to solve brute-force congestion at gate [19, 16] with {0: 6, 1: 7, 2: 4, 3: 12, 4: 19, 5: 3, 6: 16, 7: 13}
Trying to moving ion 16... to 15
Ion assignment after moving ion 16: {0: 6, 1: 7, 2: 4, 3: 12, 4: 19, 5: 3, 6: 15, 7: 13}
Gate position gate updated to [15 19]--------------c
Trying to moving ion 19... to 16
Ion assignment after moving ion 19: {0: 6, 1: 7, 2: 4, 3: 12, 4: 16, 5: 3, 6: 15, 7: 13}
Executing gate at point (1, 4).
Best move: (13, 14)
Best move: (14, 21)
Best move: (21, 24)
Best move: (19, 24)
Best move: (17, 19)
Executing gate at point (3, 4).
Best move: (17, 19)
Best move: (19, 24)
Best move: (20, 24)
Best move: (5, 20)
Executing gate at point (4, 5).
Trying to solve brute-force congestion at gate [12, 14] with {0: 6, 1: 7, 2: 4, 3: 12, 4: 16, 5: 3, 6: 15, 7: 14}
Trying to moving ion 12... to 12
Ion assignment after moving ion 12: {0: 6, 1: 7, 2: 4, 3: 12, 4: 16, 5: 3, 6: 15, 7: 14}
Gate position gate updated to [12 14]--------------c
Trying to moving ion 14... to 13
Ion assignment after moving ion 14: {0: 6, 1: 7, 2: 4, 3: 12, 4: 16, 5: 3, 6: 15, 7: 13}
Trying to solve brute-force congestion at gate [7, 13] with {0: 6, 1: 7, 2: 4, 3: 12, 4: 16, 5: 3, 6: 15, 7: 13}
Trying to moving ion 7... to 6
Ion assignment after moving ion 7: {0: 7, 1: 6, 2: 4, 3: 12, 4: 16, 5: 3, 6: 15, 7: 13}
Gate position gate updated to [ 6 13]--------------c
Trying to moving ion 13... to 7
Ion assignment after moving ion 13: {0: 8, 1: 6, 2: 4, 3: 12, 4: 16, 5: 3, 6: 15, 7: 7}
Trying to solve brute-force congestion at gate [6, 3] with {0: 8, 1: 6, 2: 4, 3: 12, 4: 16, 5: 3, 6: 15, 7: 7}
Trying to moving ion 3... to 3
Ion assignment after moving ion 3: {0: 8, 1: 6, 2: 4, 3: 12, 4: 16, 5: 3, 6: 15, 7: 7}
Gate position gate updated to [3 6]--------------c
Trying to moving ion 6... to 4
Ion assignment after moving ion 6: {0: 7, 1: 4, 2: 5, 3: 12, 4: 16, 5: 3, 6: 15, 7: 6}
Trying to solve brute-force congestion at gate [12, 15] with {0: 7, 1: 4, 2: 5, 3: 12, 4: 16, 5: 3, 6: 15, 7: 6}
Trying to moving ion 15... to 15
Ion assignment after moving ion 15: {0: 7, 1: 4, 2: 5, 3: 12, 4: 16, 5: 3, 6: 15, 7: 6}
Gate position gate updated to [15 12]--------------cInput filename:  QAOA_wsq_8_compiled
Algorithm:  SHAPER
Trap type:  G2x3
Trap capacity:  3
Num layout passes:  2
Gate type:  FM
Run index:  8
Creating a QCCD machine ...
QCCD physical machine:
### Traps ### 
Trap(id='trap_0', max_num_ions=3, initial_num_ions=0, executable=True, measureable=True)
Trap(id='trap_1', max_num_ions=3, initial_num_ions=0, executable=True, measureable=True)
Trap(id='trap_2', max_num_ions=3, initial_num_ions=0, executable=True, measureable=True)
Trap(id='trap_3', max_num_ions=3, initial_num_ions=0, executable=True, measureable=True)
Trap(id='trap_4', max_num_ions=3, initial_num_ions=0, executable=True, measureable=True)
Trap(id='trap_5', max_num_ions=3, initial_num_ions=0, executable=True, measureable=True)
### Junctions ### 
Junction(id='junction_0')
Junction(id='junction_1')
Junction(id='junction_2')
### Segments ### 
Segment(id='segment_0', left=Trap(id='trap_0', max_num_ions=3, initial_num_ions=0, executable=True, measureable=True), right=Junction(id='junction_0'))
Segment(id='segment_1', left=Trap(id='trap_5', max_num_ions=3, initial_num_ions=0, executable=True, measureable=True), right=Junction(id='junction_0'))
Segment(id='segment_2', left=Trap(id='trap_1', max_num_ions=3, initial_num_ions=0, executable=True, measureable=True), right=Junction(id='junction_1'))
Segment(id='segment_3', left=Trap(id='trap_4', max_num_ions=3, initial_num_ions=0, executable=True, measureable=True), right=Junction(id='junction_1'))
Segment(id='segment_4', left=Trap(id='trap_2', max_num_ions=3, initial_num_ions=0, executable=True, measureable=True), right=Junction(id='junction_2'))
Segment(id='segment_5', left=Trap(id='trap_3', max_num_ions=3, initial_num_ions=0, executable=True, measureable=True), right=Junction(id='junction_2'))
Segment(id='segment_6', left=Junction(id='junction_0'), right=Junction(id='junction_1'))
Segment(id='segment_7', left=Junction(id='junction_1'), right=Junction(id='junction_2'))
Finished creating the QCCD physical machine.
Position graph:  CouplingGraph({(3, 4), (12, 13), (22, 23), (21, 25), (23, 25), (11, 23), (13, 14), (19, 24), (18, 19), (4, 5), (20, 25), (21, 24), (22, 25), (14, 21), (0, 1), (9, 10), (1, 2), (10, 11), (6, 7), (15, 16), (24, 25), (18, 24), (20, 21), (20, 24), (17, 19), (5, 20), (8, 22), (2, 18), (7, 8), (16, 17)})
Initial ion assignment:  {0: 9, 1: 7, 2: 2, 3: 14, 4: 11, 5: 3, 6: 10, 7: 16}
Congestion rate:  1.0
Scheduling QCCD: 2480.0 us, costing 18.634138299967162 s to compile
0.00248
18.634138299967162
{0: 7, 1: 4, 2: 5, 3: 16, 4: 17, 5: 3, 6: 15, 7: 6}
[0, 1, 2, 3, 4, 5, 6, 7]
