Best move: (8, 22)
Best move: (22, 25)
Best move: (21, 25)
Best move: (2, 18)
Best move: (18, 24)
Best move: (24, 25)
Best move: (22, 25)
Best move: (14, 21)
Try bruteforce due to multiple steps (8) to solve one gate
Trying to solve brute-force congestion at gate [14, 13] with {0: 6, 1: 22, 2: 14, 3: 13, 4: 7, 5: 17, 6: 15, 7: 4}
Trying to moving ion 14... to 12
Ion assignment after moving ion 14: {0: 6, 1: 22, 2: 12, 3: 14, 4: 7, 5: 17, 6: 15, 7: 4}
Gate position gate updated to [12 14]--------------c
Trying to moving ion 14... to 13
Ion assignment after moving ion 14: {0: 6, 1: 22, 2: 12, 3: 13, 4: 7, 5: 17, 6: 15, 7: 4}
Executing gate at point (0, 2).
Best move: (17, 19)
Best move: (19, 24)
Best move: (24, 25)
Best move: (4, 5)
Best move: (5, 20)
Best move: (20, 24)
Best move: (19, 24)
Best move: (17, 19)
Try bruteforce due to multiple steps (8) to solve one gate
Trying to solve brute-force congestion at gate [7, 25] with {0: 6, 1: 22, 2: 12, 3: 13, 4: 7, 5: 25, 6: 15, 7: 17}
Trying to moving ion 7... to 6
Ion assignment after moving ion 7: {0: 7, 1: 22, 2: 12, 3: 13, 4: 6, 5: 25, 6: 15, 7: 17}
Gate position gate updated to [ 6 25]--------------c
Trying to moving ion 25... to 7
Ion assignment after moving ion 25: {0: 8, 1: 23, 2: 12, 3: 13, 4: 6, 5: 7, 6: 15, 7: 17}
Executing gate at point (0, 4).
Executing gate at point (0, 6).
Best move: (8, 22)
Best move: (15, 16)
Best move: (16, 17)
Best move: (17, 19)
Best move: (19, 24)
Best move: (24, 25)
Best move: (13, 14)
Best move: (14, 21)
Try bruteforce due to multiple steps (8) to solve one gate
Trying to solve brute-force congestion at gate [22, 23] with {0: 22, 1: 23, 2: 12, 3: 21, 4: 6, 5: 7, 6: 25, 7: 16}
Trying to moving ion 23... to 9
Ion assignment after moving ion 23: {0: 22, 1: 9, 2: 12, 3: 21, 4: 6, 5: 7, 6: 25, 7: 16}
Gate position gate updated to [ 9 22]--------------c
Trying to moving ion 22... to 10
Ion assignment after moving ion 22: {0: 10, 1: 9, 2: 12, 3: 21, 4: 6, 5: 7, 6: 25, 7: 16}
Executing gate at point (0, 0).
Best move: (22, 25)
Best move: (21, 25)
Best move: (12, 13)
Best move: (13, 14)
Best move: (14, 21)
Best move: (9, 10)
Best move: (6, 7)
Best move: (6, 7)
Try bruteforce due to multiple steps (8) to solve one gate
Trying to solve brute-force congestion at gate [10, 21] with {0: 9, 1: 10, 2: 21, 3: 25, 4: 6, 5: 7, 6: 22, 7: 16}
Trying to moving ion 10... to 9
Ion assignment after moving ion 10: {0: 10, 1: 9, 2: 21, 3: 25, 4: 6, 5: 7, 6: 22, 7: 16}
Gate position gate updated to [ 9 21]--------------c
Trying to moving ion 21... to 10
Ion assignment after moving ion 21: {0: 11, 1: 9, 2: 10, 3: 24, 4: 6, 5: 7, 6: 22, 7: 16}
Executing gate at point (1, 1).
Executing gate at point (2, 0).
Best move: (24, 25)
Best move: (6, 7)
Best move: (23, 25)
Best move: (23, 25)
Best move: (23, 25)
Try bruteforce due to repeated pattern...
Trying to solve brute-force congestion at gate [23, 7] with {0: 11, 1: 9, 2: 10, 3: 23, 4: 7, 5: 6, 6: 22, 7: 16}
Trying to moving ion 7... to 6
Ion assignment after moving ion 7: {0: 11, 1: 9, 2: 10, 3: 23, 4: 6, 5: 7, 6: 22, 7: 16}
Gate position gate updated to [ 6 23]--------------c
Trying to moving ion 23... to 7
Ion assignment after moving ion 23: {0: 11, 1: 9, 2: 10, 3: 7, 4: 6, 5: 8, 6: 25, 7: 16}
Executing gate at point (1, 3).
Best move: (8, 22)
Best move: (10, 11)
Best move: (11, 23)
Best move: (24, 25)
Best move: (22, 25)
Best move: (22, 23)
Best move: (8, 22)
Executing gate at point (2, 2).
Best move: (8, 22)
Best move: (22, 23)
Best move: (11, 23)
Executing gate at point (3, 1).
Executing gate at point (4, 0).
Best move: (21, 25)
Best move: (14, 21)
Best move: (21, 24)
Best move: (13, 14)
Best move: (14, 21)
Executing gate at point (1, 5).
Best move: (14, 21)
Best move: (13, 14)
Best move: (6, 7)
Best move: (6, 7)
Best move: (6, 7)
Try bruteforce due to repeated pattern...
Trying to solve brute-force congestion at gate [7, 14] with {0: 10, 1: 9, 2: 11, 3: 6, 4: 7, 5: 14, 6: 21, 7: 16}
Trying to moving ion 14... to 12
Ion assignment after moving ion 14: {0: 10, 1: 9, 2: 11, 3: 6, 4: 7, 5: 12, 6: 21, 7: 16}
Gate position gate updated to [12  7]--------------c
Trying to moving ion 7... to 13
Ion assignment after moving ion 7: {0: 10, 1: 9, 2: 11, 3: 6, 4: 13, 5: 12, 6: 24, 7: 16}
Executing gate at point (2, 4).
Best move: (19, 24)
Best move: (17, 19)
Executing gate at point (2, 6).
Best move: (17, 19)
Best move: (13, 14)
Best move: (14, 21)
Best move: (21, 25)
Best move: (22, 25)
Best move: (8, 22)
Executing gate at point (3, 3).
Best move: (19, 24)
Best move: (21, 24)
Best move: (14, 21)
Executing gate at point (3, 5).
Best move: (11, 23)
Best move: (14, 21)
Best move: (21, 24)
Best move: (19, 24)
Best move: (17, 19)
Executing gate at point (4, 6).
Best move: (8, 22)
Best move: (22, 25)
Best move: (22, 23)
Best move: (21, 25)
Best move: (8, 22)
Executing gate at point (4, 2).
Best move: (14, 21)
Executing gate at point (4, 4).
Best move: (8, 22)
Best move: (22, 23)
Best move: (14, 21)
Best move: (21, 25)
Best move: (22, 25)
Best move: (11, 23)
Executing gate at point (5, 1).
Executing gate at point (6, 0).
Best move: (8, 22)
Executing gate at point (5, 3).
Best move: (17, 19)
Best move: (19, 24)
Best move: (21, 24)
Best move: (14, 21)
Executing gate at point (5, 5).
Best move: (8, 22)
Best move: (22, 25)
Best move: (11, 23)
Best move: (14, 21)
Best move: (21, 24)
Best move: (19, 24)
Best move: (17, 19)
Executing gate at point (6, 6).
Best move: (22, 23)
Best move: (21, 25)
Best move: (14, 21)
Executing gate at point (6, 4).
Best move: (17, 19)
Best move: (19, 24)
Best move: (21, 24)
Best move: (8, 22)
Executing gate at point (6, 2).
Best move: (8, 22)
Best move: (22, 23)
Best move: (11, 23)
Executing gate at point (7, 1).
Best move: (13, 14)
Best move: (14, 21)
Executing gate at point (7, 5).
Best move: (13, 14)
Best move: (14, 21)
Best move: (21, 25)
Best move: (22, 25)
Best move: (8, 22)
Executing gate at point (7, 3).
Trying to solve brute-force congestion at gate [13, 19] with {0: 10, 1: 9, 2: 22, 3: 6, 4: 25, 5: 12, 6: 13, 7: 19}
Trying to moving ion 13... to 12
Ion assignment after moving ion 13: {0: 10, 1: 9, 2: 22, 3: 6, 4: 25, 5: 13, 6: 12, 7: 19}
Gate position gate updated to [12 19]--------------c
Trying to moving ion 19... to 13
Ion assignment after moving ion 19: {0: 10, 1: 9, 2: 22, 3: 6, 4: 25, 5: 14, 6: 12, 7: 13}
Trying to solve brute-force congestion at gate [25, 14] with {0: 10, 1: 9, 2: 22, 3: 6, 4: 25, 5: 14, 6: 12, 7: 13}
Trying to moving ion 14... to 12
Ion assignment after moving ion 14: {0: 10, 1: 9, 2: 22, 3: 6, 4: 25, 5: 12, 6: 13, 7: 14}
Clearing endpoint 14.........
Gate position gate updated to [12 25]--------------c
Trying to moving ion 25... to 13
Ion assignment after moving ion 25: {0: 10, 1: 9, 2: 22, 3: 6, 4: 13, 5: 12, 6: 14, 7: 24}
Trying to solve brute-force congestion at gate [6, 13] with {0: 10, 1: 9, 2: 22, 3: 6, 4: 13, 5: 12, 6: 14, 7: 24}
Trying to moving ion 6... to 6
Ion assignment after moving ion 6: {0: 10, 1: 9, 2: 22, 3: 6, 4: 13, 5: 12, 6: 14, 7: 24}
Gate position gate updated to [ 6 13]--------------c
Trying to moving ion 13... to 7
Ion assignment after moving ion 13: {0: 10, 1: 9, 2: 23, 3: 6, 4: 7, 5: 12, 6: 13, 7: 24}
Trying to solve brute-force congestion at gate [7, 12] with {0: 10, 1: 9, 2: 23, 3: 6, 4: 7, 5: 12, 6: 13, 7: 24}
Trying to moving ion 12... to 12
Ion assignment after moving ion 12: {0: 10, 1: 9, 2: 23, 3: 6, 4: 7, 5: 12, 6: 13, 7: 24}
Gate position gate updated to [12  7]--------------c
Trying to moving ion 7... to 13
Ion assignment after moving ion 7: {0: 10, 1: 9, 2: 23, 3: 6, 4: 13, 5: 12, 6: 14, 7: 24}
Trying to solve brute-force congestion at gate [14, 24] with {0: 10, 1: 9, 2: 23, 3: 6, 4: 13, 5: 12, 6: 14, 7: 24}
Trying to moving ion 14... to 12
Ion assignment after moving ion 14: {0: 10, 1: 9, 2: 23, 3: 6, 4: 14, 5: 13, 6: 12, 7: 24}
Clearing endpoint 14.........
Gate position gate updated to [12 24]--------------c
Trying to moving ion 24... to 13
Ion assignment after moving ion 24: {0: 10, 1: 9, 2: 23, 3: 6, 4: 25, 5: 14, 6: 12, 7: 13}
Trying to solve brute-force congestion at gate [9, 23] with {0: 10, 1: 9, 2: 23, 3: 6, 4: 25, 5: 14, 6: 12, 7: 13}
Trying to moving ion 9... to 9
Ion assignment after moving ion 9: {0: 10, 1: 9, 2: 23, 3: 6, 4: 25, 5: 14, 6: 12, 7: 13}
Gate position gate updated to [ 9 23]--------------c
Trying to moving ion 23... to 10
Ion assignment after moving ion 23: {0: 11, 1: 9, 2: 10, 3: 6, 4: 25, 5: 14, 6: 12, 7: 13}
Trying to solve brute-force congestion at gate [11, 9] with {0: 11, 1: 9, 2: 10, 3: 6, 4: 25, 5: 14, 6: 12, 7: 13}
Trying to moving ion 11... to 9
Ion assignment after moving ion 11: {0: 9, 1: 10, 2: 11, 3: 6, 4: 25, 5: 14, 6: 12, 7: 13}
Clearing endpoint 11.........
Gate position gate updated to [ 9 10]--------------c
Trying to moving ion 10... to 10
Ion assignment after moving ion 10: {0: 9, 1: 10, 2: 23, 3: 6, 4: 25, 5: 14, 6: 12, 7: 13}
Trying to solve brute-force congestion at gate [23, 6] with {0: 9, 1: 10, 2: 23, 3: 6, 4: 25, 5: 14, 6: 12, 7: 13}
Trying to moving ion 6... to 6
Ion assignment after moving ion 6: {0: 9, 1: 10, 2: 23, 3: 6, 4: 25, 5: 14, 6: 12, 7: 13}
Gate position gate updated to [ 6 23]--------------c
Trying to moving ion 23... to 7
Ion assignment after moving ion 23: {0: 9, 1: 10, 2: 7, 3: 6, 4: 25, 5: 14, 6: 12, 7: 13}
Trying to solve brute-force congestion at gate [10, 7] with {0: 9, 1: 10, 2: 7, 3: 6, 4: 25, 5: 14, 6: 12, 7: 13}
Trying to moving ion 7... to 6
Ion assignment after moving ion 7: {0: 9, 1: 10, 2: 6, 3: 7, 4: 25, 5: 14, 6: 12, 7: 13}
Gate position gate updated to [ 6 10]--------------c
Trying to moving ion 10... to 7
Ion assignment after moving ion 10: {0: 9, 1: 7, 2: 6, 3: 8, 4: 25, 5: 14, 6: 12, 7: 13}
Trying to solve brute-force congestion at gate [8, 25] with {0: 9, 1: 7, 2: 6, 3: 8, 4: 25, 5: 14, 6: 12, 7: 13}
Trying to moving ion 8... to 6
Ion assignment after moving ion 8: {0: 9, 1: 8, 2: 7, 3: 6, 4: 25, 5: 14, 6: 12, 7: 13}
Clearing endpoint 8.........
Gate position gate updated to [ 6 25]--------------c
Trying to moving ion 25... to 7
Ion assignment after moving ion 25: {0: 9, 1: 23, 2: 8, 3: 6, 4: 7, 5: 14, 6: 12, 7: 13}
Trying to solve brute-force congestion at gate [7, 14] with {0: 9, 1: 23, 2: 8, 3: 6, 4: 7, 5: 14, 6: 12, 7: 13}
Trying to moving ion 7... to 6
Ion assignment after moving ion 7: {0: 9, 1: 23, 2: 8, 3: 7, 4: 6, 5: 14, 6: 12, 7: 13}
Clearing endpoint 8.........
Gate position gate updated to [ 6 14]--------------c
Trying to moving ion 14... to 7
Ion assignment after moving ion 14: {0: 9, 1: 11, 2: 23, 3: 8, 4: 6, 5: 7, 6: 12, 7: 13}
Trying to solve brute-force congestion at gate [7, 12] with {0: 9, 1: 11, 2: 23, 3: 8, 4: 6, 5: 7, 6: 12, 7: 13}
Trying to moving ion 12... to 12
Ion assignment after moving ion 12: {0: 9, 1: 11, 2: 23, 3: 8, 4: 6, 5: 7, 6: 12, 7: 13}
Gate position gate updated to [12  7]--------------c
Trying to moving ion 7... to 13
Ion assignment after moving ion 7: {0: 9, 1: 11, 2: 23, 3: 7, 4: 6, 5: 13, 6: 12, 7: 14}
Trying to solve brute-force congestion at gate [23, 7] with {0: 9, 1: 11, 2: 23, 3: 7, 4: 6, 5: 13, 6: 12, 7: 14}
Trying to moving ion 7... to 6
Ion assignment after moving ion 7: {0: 9, 1: 11, 2: 23, 3: 6, 4: 7, 5: 13, 6: 12, 7: 14}
Gate position gate updated to [ 6 23]--------------c
Trying to moving ion 23... to 7
Ion assignment after moving ion 23: {0: 9, 1: 11, 2: 7, 3: 6, 4: 8, 5: 13, 6: 12, 7: 14}
Trying to solve brute-force congestion at gate [11, 7] with {0: 9, 1: 11, 2: 7, 3: 6, 4: 8, 5: 13, 6: 12, 7: 14}
Trying to moving ion 7... to 6
Ion assignment after moving ion 7: {0: 9, 1: 11, 2: 6, 3: 7, 4: 8, 5: 13, 6: 12, 7: 14}
Clearing endpoint 8.........
Gate position gate updated to [ 6 11]--------------c
Trying to moving ion 11... to 7
Ion assignment after moving ion 11: {0: 9, 1: 7, 2: 6, 3: 8, 4: 25, 5: 13, 6: 12, 7: 14}
Trying to solve brute-force congestion at gate [8, 25] with {0: 9, 1: 7, 2: 6, 3: 8, 4: 25, 5: 13, 6: 12, 7: 14}
Trying to moving ion 8... to 6
Ion assignment after moving ion 8: {0: 9, 1: 8, 2: 7, 3: 6, 4: 25, 5: 13, 6: 12, 7: 14}
Clearing endpoint 8.........
Gate position gate updated to [ 6 25]--------------c
Trying to moving ion 25... to 7
Ion assignment after moving ion 25: {0: 9, 1: 23, 2: 8, 3: 6, 4: 7, 5: 13, 6: 12, 7: 14}
Trying to solve brute-force congestion at gate [8, 6] with {0: 9, 1: 23, 2: 8, 3: 6, 4: 7, 5: 13, 6: 12, 7: 14}
Trying to moving ion 8... to 6
Ion assignment after moving ion 8: {0: 9, 1: 23, 2: 6, 3: 7, 4: 8, 5: 13, 6: 12, 7: 14}
Clearing endpoint 8.........
Gate position gate updated to [6 7]--------------c
Trying to moving ion 7... to 7
Ion assignment after moving ion 7: {0: 9, 1: 23, 2: 6, 3: 7, 4: 22, 5: 13, 6: 12, 7: 14}
Trying to solve brute-force congestion at gate [22, 13] with {0: 9, 1: 23, 2: 6, 3: 7, 4: 22, 5: 13, 6: 12, 7: 14}
Trying to moving ion 13... to 12
Ion assignment after moving ion 13: {0: 9, 1: 23, 2: 6, 3: 7, 4: 22, 5: 12, 6: 13, 7: 14}
Clearing endpoint 14.........
Gate position gate updated to [12 22]--------------c
Trying to moving ion 22... to 13
Ion assignment after moving ion 22: {0: 9, 1: 23, 2: 6, 3: 7, 4: 13, 5: 12, 6: 14, 7: 24}
Trying to solve brute-force congestion at gate [9, 23] with {0: 9, 1: 23, 2: 6, 3: 7, 4: 13, 5: 12, 6: 14, 7: 24}
Trying to moving ion 9... to 9
Ion assignment after moving ion 9: {0: 9, 1: 23, 2: 6, 3: 7, 4: 13, 5: 12, 6: 14, 7: 24}
Gate position gate updated to [ 9 23]--------------c
Trying to moving ion 23... to 10
Ion assignment after moving ion 23: {0: 9, 1: 10, 2: 6, 3: 7, 4: 13, 5: 12, 6: 14, 7: 24}
Executing gate at point (0, 2).
Executing gate at point (0, 4).
Executing gate at point (0, 0).
Best move: (14, 21)
Best move: (20, 21)
Best move: (10, 11)
Best move: (11, 23)
Best move: (22, 23)
Best move: (8, 22)
Executing gate at point (1, 1).
Best move: (8, 22)
Best move: (22, 23)
Best move: (11, 23)
Executing gate at point (2, 0).
Best move: (7, 8)
Best move: (8, 22)
Best move: (22, 25)
Best move: (21, 25)
Best move: (14, 21)
Executing gate at point (1, 3).
Best move: (14, 21)
Best move: (21, 25)
Best move: (22, 25)
Best move: (8, 22)
Executing gate at point (2, 2).
Best move: (11, 23)
Best move: (22, 23)
Best move: (5, 20)
Best move: (20, 24)
Best move: (4, 5)
Best move: (5, 20)
Executing gate at point (0, 6).
Best move: (4, 5)
Best move: (5, 20)
Best move: (20, 21)
Best move: (14, 21)
Executing gate at point (1, 5).
Executing gate at point (2, 4).
Best move: (14, 21)
Best move: (6, 7)
Best move: (6, 7)
Best move: (6, 7)
Try bruteforce due to repeated pattern...
Trying to solve brute-force congestion at gate [22, 7] with {0: 9, 1: 22, 2: 7, 3: 8, 4: 13, 5: 12, 6: 21, 7: 4}
Trying to moving ion 7... to 6
Ion assignment after moving ion 7: {0: 9, 1: 22, 2: 6, 3: 8, 4: 13, 5: 12, 6: 21, 7: 4}
Clearing endpoint 8.........
Gate position gate updated to [ 6 22]--------------c
Trying to moving ion 22... to 7
Ion assignment after moving ion 22: {0: 9, 1: 7, 2: 6, 3: 8, 4: 13, 5: 12, 6: 21, 7: 4}
Executing gate at point (3, 1).
Best move: (20, 21)
Best move: (5, 20)
Executing gate at point (2, 6).
Best move: (5, 20)
Best move: (7, 8)
Best move: (8, 22)
Best move: (22, 23)
Best move: (11, 23)
Executing gate at point (4, 0).
Best move: (20, 21)
Best move: (14, 21)
Executing gate at point (3, 5).
Best move: (14, 21)
Best move: (20, 21)
Best move: (5, 20)
Executing gate at point (4, 6).
Best move: (13, 14)
Best move: (14, 21)
Best move: (21, 25)
Best move: (22, 25)
Best move: (8, 22)
Executing gate at point (3, 3).
Executing gate at point (4, 2).
Best move: (8, 22)
Best move: (22, 25)
Best move: (21, 25)
Best move: (14, 21)
Executing gate at point (4, 4).
Best move: (11, 23)
Best move: (14, 21)
Best move: (21, 25)
Best move: (5, 20)
Best move: (20, 21)
Best move: (14, 21)
Executing gate at point (5, 5).
Best move: (14, 21)
Best move: (22, 25)
Best move: (8, 22)
Executing gate at point (5, 3).
Best move: (8, 22)
Best move: (22, 25)
Best move: (12, 13)
Best move: (12, 13)
Best move: (12, 13)
Try bruteforce due to repeated pattern...
Trying to solve brute-force congestion at gate [25, 13] with {0: 9, 1: 23, 2: 6, 3: 7, 4: 25, 5: 13, 6: 21, 7: 4}
Trying to moving ion 13... to 12
Ion assignment after moving ion 13: {0: 9, 1: 23, 2: 6, 3: 7, 4: 25, 5: 12, 6: 21, 7: 4}
Gate position gate updated to [12 25]--------------c
Trying to moving ion 25... to 13
Ion assignment after moving ion 25: {0: 9, 1: 23, 2: 6, 3: 7, 4: 13, 5: 12, 6: 24, 7: 4}
Executing gate at point (6, 4).
Best move: (20, 24)
Best move: (22, 23)
Best move: (8, 22)
Executing gate at point (5, 1).
Executing gate at point (6, 2).
Best move: (5, 20)
Executing gate at point (6, 6).
Best move: (5, 20)
Best move: (20, 21)
Best move: (14, 21)
Executing gate at point (7, 5).
Best move: (8, 22)
Best move: (13, 14)
Best move: (14, 21)
Best move: (21, 25)
Best move: (22, 23)
Best move: (22, 25)
Best move: (9, 10)
Best move: (11, 23)
Try bruteforce due to multiple steps (8) to solve one gate
Trying to solve brute-force congestion at gate [7, 22] with {0: 10, 1: 11, 2: 6, 3: 7, 4: 22, 5: 12, 6: 13, 7: 4}
Trying to moving ion 7... to 6
Ion assignment after moving ion 7: {0: 10, 1: 11, 2: 7, 3: 6, 4: 22, 5: 12, 6: 13, 7: 4}
Gate position gate updated to [ 6 22]--------------c
Trying to moving ion 22... to 7
Ion assignment after moving ion 22: {0: 10, 1: 11, 2: 8, 3: 6, 4: 7, 5: 12, 6: 13, 7: 4}
Executing gate at point (7, 3).
Executing gate at point (6, 0).
Best move: (8, 22)
Best move: (22, 23)
Best move: (10, 11)
Best move: (9, 10)
Best move: (9, 10)
Best move: (9, 10)
Try bruteforce due to repeated pattern...
Trying to solve brute-force congestion at gate [9, 23] with {0: 11, 1: 9, 2: 23, 3: 6, 4: 7, 5: 12, 6: 13, 7: 4}
Trying to moving ion 9... to 9
Ion assignment after moving ion 9: {0: 11, 1: 9, 2: 23, 3: 6, 4: 7, 5: 12, 6: 13, 7: 4}
Clearing endpoint 11.........
Gate position gate updated to [ 9 23]--------------c
Trying to moving ion 23... to 10
Ion assignment after moving ion 23: {0: 11, 1: 9, 2: 10, 3: 6, 4: 7, 5: 12, 6: 13, 7: 4}
Executing gate at point (7, 1).
Trying to solve brute-force congestion at gate [23, 6] with {0: 10, 1: 9, 2: 23, 3: 6, 4: 7, 5: 14, 6: 12, 7: 13}
Trying to moving ion 6... to 6
Ion assignment after moving ion 6: {0: 10, 1: 9, 2: 23, 3: 6, 4: 7, 5: 14, 6: 12, 7: 13}
Gate position gate updated to [ 6 23]--------------c
Trying to moving ion 23... to 7
Ion assignment after moving ion 23: {0: 10, 1: 9, 2: 7, 3: 6, 4: 8, 5: 14, 6: 12, 7: 13}
Trying to solve brute-force congestion at gate [9, 7] with {0: 10, 1: 9, 2: 7, 3: 6, 4: 8, 5: 14, 6: 12, 7: 13}
Trying to moving ion 9... to 9
Ion assignment after moving ion 9: {0: 10, 1: 9, 2: 7, 3: 6, 4: 8, 5: 14, 6: 12, 7: 13}
Gate position gate updated to [9 7]--------------c
Trying to moving ion 7... to 10
Ion assignment after moving ion 7: {0: 11, 1: 9, 2: 10, 3: 6, 4: 7, 5: 14, 6: 12, 7: 13}
Trying to solve brute-force congestion at gate [11, 9] with {0: 11, 1: 9, 2: 10, 3: 6, 4: 7, 5: 14, 6: 12, 7: 13}
Trying to moving ion 11... to 9
Ion assignment after moving ion 11: {0: 9, 1: 10, 2: 11, 3: 6, 4: 7, 5: 14, 6: 12, 7: 13}
Clearing endpoint 11.........
Gate position gate updated to [ 9 10]--------------c
Trying to moving ion 10... to 10
Ion assignment after moving ion 10: {0: 9, 1: 10, 2: 23, 3: 6, 4: 7, 5: 14, 6: 12, 7: 13}
Trying to solve brute-force congestion at gate [7, 14] with {0: 9, 1: 10, 2: 23, 3: 6, 4: 7, 5: 14, 6: 12, 7: 13}
Trying to moving ion 7... to 6
Ion assignment after moving ion 7: {0: 9, 1: 10, 2: 23, 3: 7, 4: 6, 5: 14, 6: 12, 7: 13}
Gate position gate updated to [ 6 14]--------------c
Trying to moving ion 14... to 7
Ion assignment after moving ion 14: {0: 9, 1: 10, 2: 23, 3: 8, 4: 6, 5: 7, 6: 12, 7: 13}
Trying to solve brute-force congestion at gate [8, 6] with {0: 9, 1: 10, 2: 23, 3: 8, 4: 6, 5: 7, 6: 12, 7: 13}
Trying to moving ion 8... to 6
Ion assignment after moving ion 8: {0: 9, 1: 10, 2: 23, 3: 6, 4: 7, 5: 8, 6: 12, 7: 13}
Clearing endpoint 8.........
Gate position gate updated to [6 7]--------------c
Trying to moving ion 7... to 7
Ion assignment after moving ion 7: {0: 9, 1: 10, 2: 23, 3: 6, 4: 7, 5: 22, 6: 12, 7: 13}
Trying to solve brute-force congestion at gate [22, 12] with {0: 9, 1: 10, 2: 23, 3: 6, 4: 7, 5: 22, 6: 12, 7: 13}
Trying to moving ion 12... to 12
Ion assignment after moving ion 12: {0: 9, 1: 10, 2: 23, 3: 6, 4: 7, 5: 22, 6: 12, 7: 13}
Gate position gate updated to [12 22]--------------c
Trying to moving ion 22... to 13
Ion assignment after moving ion 22: {0: 9, 1: 10, 2: 23, 3: 6, 4: 7, 5: 13, 6: 12, 7: 14}
Trying to solve brute-force congestion at gate [7, 13] with {0: 9, 1: 10, 2: 23, 3: 6, 4: 7, 5: 13, 6: 12, 7: 14}
Trying to moving ion 7... to 6
Ion assignment after moving ion 7: {0: 9, 1: 10, 2: 23, 3: 7, 4: 6, 5: 13, 6: 12, 7: 14}
Gate position gate updated to [ 6 13]--------------c
Trying to moving ion 13... to 7
Ion assignment after moving ion 13: {0: 9, 1: 10, 2: 23, 3: 8, 4: 6, 5: 7, 6: 12, 7: 13}
Trying to solve brute-force congestion at gate [7, 12] with {0: 9, 1: 10, 2: 23, 3: 8, 4: 6, 5: 7, 6: 12, 7: 13}
Trying to moving ion 12... to 12
Ion assignment after moving ion 12: {0: 9, 1: 10, 2: 23, 3: 8, 4: 6, 5: 7, 6: 12, 7: 13}
Gate position gate updated to [12  7]--------------c
Trying to moving ion 7... to 13
Ion assignment after moving ion 7: {0: 9, 1: 10, 2: 23, 3: 7, 4: 6, 5: 13, 6: 12, 7: 14}
Trying to solve brute-force congestion at gate [23, 7] with {0: 9, 1: 10, 2: 23, 3: 7, 4: 6, 5: 13, 6: 12, 7: 14}
Trying to moving ion 7... to 6
Ion assignment after moving ion 7: {0: 9, 1: 10, 2: 23, 3: 6, 4: 7, 5: 13, 6: 12, 7: 14}
Gate position gate updated to [ 6 23]--------------c
Trying to moving ion 23... to 7
Ion assignment after moving ion 23: {0: 9, 1: 10, 2: 7, 3: 6, 4: 8, 5: 13, 6: 12, 7: 14}
Trying to solve brute-force congestion at gate [10, 7] with {0: 9, 1: 10, 2: 7, 3: 6, 4: 8, 5: 13, 6: 12, 7: 14}
Trying to moving ion 10... to 9
Ion assignment after moving ion 10: {0: 10, 1: 9, 2: 7, 3: 6, 4: 8, 5: 13, 6: 12, 7: 14}
Gate position gate updated to [9 7]--------------c
Trying to moving ion 7... to 10
Ion assignment after moving ion 7: {0: 11, 1: 9, 2: 10, 3: 6, 4: 7, 5: 13, 6: 12, 7: 14}
Trying to solve brute-force congestion at gate [7, 13] with {0: 11, 1: 9, 2: 10, 3: 6, 4: 7, 5: 13, 6: 12, 7: 14}
Trying to moving ion 7... to 6
Ion assignment after moving ion 7: {0: 11, 1: 9, 2: 10, 3: 7, 4: 6, 5: 13, 6: 12, 7: 14}
Gate position gate updated to [ 6 13]--------------c
Trying to moving ion 13... to 7
Ion assignment after moving ion 13: {0: 11, 1: 9, 2: 10, 3: 8, 4: 6, 5: 7, 6: 12, 7: 13}
Trying to solve brute-force congestion at gate [7, 12] with {0: 11, 1: 9, 2: 10, 3: 8, 4: 6, 5: 7, 6: 12, 7: 13}
Trying to moving ion 12... to 12
Ion assignment after moving ion 12: {0: 11, 1: 9, 2: 10, 3: 8, 4: 6, 5: 7, 6: 12, 7: 13}
Gate position gate updated to [12  7]--------------c
Trying to moving ion 7... to 13
Ion assignment after moving ion 7: {0: 11, 1: 9, 2: 10, 3: 7, 4: 6, 5: 13, 6: 12, 7: 14}
Trying to solve brute-force congestion at gate [10, 7] with {0: 11, 1: 9, 2: 10, 3: 7, 4: 6, 5: 13, 6: 12, 7: 14}
Trying to moving ion 7... to 6
Ion assignment after moving ion 7: {0: 11, 1: 9, 2: 10, 3: 6, 4: 7, 5: 13, 6: 12, 7: 14}
Gate position gate updated to [ 6 10]--------------c
Trying to moving ion 10... to 7
Ion assignment after moving ion 10: {0: 10, 1: 9, 2: 7, 3: 6, 4: 8, 5: 13, 6: 12, 7: 14}
Trying to solve brute-force congestion at gate [9, 7] with {0: 10, 1: 9, 2: 7, 3: 6, 4: 8, 5: 13, 6: 12, 7: 14}
Trying to moving ion 9... to 9
Ion assignment after moving ion 9: {0: 10, 1: 9, 2: 7, 3: 6, 4: 8, 5: 13, 6: 12, 7: 14}
Gate position gate updated to [9 7]--------------c
Trying to moving ion 7... to 10
Ion assignment after moving ion 7: {0: 11, 1: 9, 2: 10, 3: 6, 4: 7, 5: 13, 6: 12, 7: 14}
Trying to solve brute-force congestion at gate [10, 6] with {0: 11, 1: 9, 2: 10, 3: 6, 4: 7, 5: 13, 6: 12, 7: 14}
Trying to moving ion 6... to 6
Ion assignment after moving ion 6: {0: 11, 1: 9, 2: 10, 3: 6, 4: 7, 5: 13, 6: 12, 7: 14}Input filename:  TFXY_n8_s100_compiled
Algorithm:  SHAPER
Trap type:  G2x3
Trap capacity:  3
Num layout passes:  2
Gate type:  FM
Run index:  4
Creating a QCCD machine ...
QCCD physical machine:
### Traps ### 
Trap(id='trap_0', max_num_ions=3, initial_num_ions=0, executable=True, measureable=True)
Trap(id='trap_1', max_num_ions=3, initial_num_ions=0, executable=True, measureable=True)
Trap(id='trap_2', max_num_ions=3, initial_num_ions=0, executable=True, measureable=True)
Trap(id='trap_3', max_num_ions=3, initial_num_ions=0, executable=True, measureable=True)
Trap(id='trap_4', max_num_ions=3, initial_num_ions=0, executable=True, measureable=True)
Trap(id='trap_5', max_num_ions=3, initial_num_ions=0, executable=True, measureable=True)
### Junctions ### 
Junction(id='junction_0')
Junction(id='junction_1')
Junction(id='junction_2')
### Segments ### 
Segment(id='segment_0', left=Trap(id='trap_0', max_num_ions=3, initial_num_ions=0, executable=True, measureable=True), right=Junction(id='junction_0'))
Segment(id='segment_1', left=Trap(id='trap_5', max_num_ions=3, initial_num_ions=0, executable=True, measureable=True), right=Junction(id='junction_0'))
Segment(id='segment_2', left=Trap(id='trap_1', max_num_ions=3, initial_num_ions=0, executable=True, measureable=True), right=Junction(id='junction_1'))
Segment(id='segment_3', left=Trap(id='trap_4', max_num_ions=3, initial_num_ions=0, executable=True, measureable=True), right=Junction(id='junction_1'))
Segment(id='segment_4', left=Trap(id='trap_2', max_num_ions=3, initial_num_ions=0, executable=True, measureable=True), right=Junction(id='junction_2'))
Segment(id='segment_5', left=Trap(id='trap_3', max_num_ions=3, initial_num_ions=0, executable=True, measureable=True), right=Junction(id='junction_2'))
Segment(id='segment_6', left=Junction(id='junction_0'), right=Junction(id='junction_1'))
Segment(id='segment_7', left=Junction(id='junction_1'), right=Junction(id='junction_2'))
Finished creating the QCCD physical machine.
Position graph:  CouplingGraph({(3, 4), (12, 13), (22, 23), (21, 25), (23, 25), (11, 23), (13, 14), (19, 24), (18, 19), (4, 5), (20, 25), (21, 24), (22, 25), (14, 21), (0, 1), (9, 10), (1, 2), (10, 11), (6, 7), (15, 16), (24, 25), (18, 24), (20, 21), (20, 24), (17, 19), (5, 20), (8, 22), (2, 18), (7, 8), (16, 17)})
Initial ion assignment:  {0: 6, 1: 2, 2: 8, 3: 13, 4: 7, 5: 17, 6: 15, 7: 4}
Congestion rate:  1.0
Scheduling QCCD: 2000004080.0000005 us, costing 57.5323126000585 s to compile
2000.0040800000004
57.5323126000585
{0: 10, 1: 9, 2: 7, 3: 6, 4: 13, 5: 12, 6: 14, 7: 24}
[0, 1, 2, 3, 4, 5, 6, 7]
