Best move: (13, 14)
Best move: (14, 21)
Best move: (20, 21)
Best move: (5, 20)
Executing gate at point (0, 6).
Best move: (4, 5)
Best move: (5, 20)
Best move: (20, 24)
Best move: (18, 24)
Best move: (2, 18)
Executing gate at point (1, 5).
Executing gate at point (2, 4).
Best move: (2, 18)
Best move: (4, 5)
Best move: (5, 20)
Best move: (20, 24)
Best move: (19, 24)
Best move: (19, 24)
Best move: (19, 24)
Try bruteforce due to repeated pattern...
Trying to solve brute-force congestion at gate [1, 19] with {0: 6, 1: 13, 2: 16, 3: 15, 4: 0, 5: 1, 6: 19, 7: 18}
Trying to moving ion 1... to 0
Ion assignment after moving ion 1: {0: 6, 1: 13, 2: 16, 3: 15, 4: 1, 5: 0, 6: 19, 7: 18}
Gate position gate updated to [ 0 19]--------------c
Trying to moving ion 19... to 1
Ion assignment after moving ion 19: {0: 6, 1: 13, 2: 16, 3: 15, 4: 2, 5: 0, 6: 1, 7: 24}
Executing gate at point (2, 5).
Executing gate at point (3, 4).
Executing gate at point (4, 4).
Best move: (19, 24)
Best move: (15, 16)
Best move: (17, 19)
Executing gate at point (3, 3).
Executing gate at point (4, 2).
Best move: (17, 19)
Best move: (19, 24)
Best move: (21, 24)
Best move: (14, 21)
Executing gate at point (5, 1).
Best move: (14, 21)
Best move: (21, 25)
Best move: (22, 25)
Best move: (8, 22)
Executing gate at point (6, 0).
Best move: (1, 2)
Best move: (2, 18)
Best move: (18, 19)
Best move: (17, 19)
Executing gate at point (4, 3).
Executing gate at point (5, 2).
Best move: (17, 19)
Best move: (16, 17)
Best move: (0, 1)
Best move: (0, 1)
Best move: (0, 1)
Try bruteforce due to repeated pattern...
Trying to solve brute-force congestion at gate [17, 1] with {0: 6, 1: 13, 2: 15, 3: 17, 4: 0, 5: 1, 6: 19, 7: 8}
Trying to moving ion 1... to 0
Ion assignment after moving ion 1: {0: 6, 1: 13, 2: 15, 3: 17, 4: 1, 5: 0, 6: 19, 7: 8}
Gate position gate updated to [ 0 17]--------------c
Trying to moving ion 17... to 1
Ion assignment after moving ion 17: {0: 6, 1: 13, 2: 15, 3: 1, 4: 2, 5: 0, 6: 24, 7: 8}
Executing gate at point (5, 3).
Executing gate at point (6, 3).
Best move: (21, 24)
Best move: (0, 1)
Best move: (14, 21)
Executing gate at point (6, 1).
Best move: (14, 21)
Best move: (1, 2)
Best move: (2, 18)
Best move: (18, 19)
Best move: (17, 19)
Executing gate at point (6, 2).
Best move: (21, 25)
Best move: (22, 25)
Best move: (17, 19)
Best move: (19, 24)
Best move: (21, 24)
Best move: (1, 2)
Best move: (2, 18)
Best move: (18, 19)
Try bruteforce due to multiple steps (8) to solve one gate
Trying to solve brute-force congestion at gate [6, 22] with {0: 6, 1: 13, 2: 15, 3: 0, 4: 19, 5: 21, 6: 22, 7: 8}
Trying to moving ion 6... to 6
Ion assignment after moving ion 6: {0: 6, 1: 13, 2: 15, 3: 0, 4: 19, 5: 21, 6: 22, 7: 8}
Clearing endpoint 8.........
Gate position gate updated to [ 6 22]--------------c
Trying to moving ion 22... to 7
Ion assignment after moving ion 22: {0: 6, 1: 13, 2: 15, 3: 0, 4: 19, 5: 21, 6: 7, 7: 8}
Executing gate at point (7, 0).
Best move: (17, 19)
Executing gate at point (7, 2).
Best move: (14, 21)
Executing gate at point (7, 1).
Best move: (6, 7)
Best move: (16, 17)
Best move: (7, 8)
Best move: (8, 22)
Best move: (22, 25)
Best move: (13, 14)
Best move: (14, 21)
Best move: (21, 24)
Try bruteforce due to multiple steps (8) to solve one gate
Trying to solve brute-force congestion at gate [15, 0] with {0: 25, 1: 24, 2: 15, 3: 0, 4: 16, 5: 13, 6: 6, 7: 7}
Trying to moving ion 15... to 15
Ion assignment after moving ion 15: {0: 25, 1: 24, 2: 15, 3: 0, 4: 16, 5: 13, 6: 6, 7: 7}
Gate position gate updated to [15  0]--------------c
Trying to moving ion 0... to 16
Ion assignment after moving ion 0: {0: 25, 1: 24, 2: 15, 3: 16, 4: 17, 5: 13, 6: 6, 7: 7}
Executing gate at point (8, 2).
Best move: (17, 19)
Best move: (21, 25)
Best move: (14, 21)
Executing gate at point (8, 0).
Best move: (18, 24)
Best move: (19, 24)
Best move: (18, 19)
Best move: (18, 24)
Best move: (2, 18)
Best move: (18, 19)
Best move: (1, 2)
Best move: (2, 18)
Try bruteforce due to multiple steps (8) to solve one gate
Trying to solve brute-force congestion at gate [2, 1] with {0: 14, 1: 2, 2: 15, 3: 16, 4: 1, 5: 13, 6: 6, 7: 7}
Trying to moving ion 2... to 0
Ion assignment after moving ion 2: {0: 14, 1: 0, 2: 15, 3: 16, 4: 2, 5: 13, 6: 6, 7: 7}
Gate position gate updated to [0 2]--------------c
Trying to moving ion 2... to 1
Ion assignment after moving ion 2: {0: 14, 1: 0, 2: 15, 3: 16, 4: 1, 5: 13, 6: 6, 7: 7}
Executing gate at point (8, 1).
Best move: (14, 21)
Best move: (21, 24)
Best move: (18, 24)
Best move: (2, 18)
Executing gate at point (9, 0).
Best move: (0, 1)
Best move: (1, 2)
Best move: (2, 18)
Best move: (18, 19)
Best move: (17, 19)
Executing gate at point (9, 1).
Executing gate at point (10, 1).
Best move: (16, 17)
Best move: (17, 19)
Best move: (18, 19)
Best move: (2, 18)
Executing gate at point (10, 0).
Executing gate at point (11, 3).
Best move: (1, 2)
Best move: (2, 18)
Best move: (18, 19)
Best move: (17, 19)
Executing gate at point (11, 0).
Executing gate at point (12, 0).
Best move: (17, 19)
Best move: (19, 24)
Best move: (24, 25)
Best move: (22, 25)
Best move: (8, 22)
Executing gate at point (13, 0).
Best move: (6, 7)
Best move: (7, 8)
Best move: (8, 22)
Best move: (22, 25)
Best move: (24, 25)
Best move: (19, 24)
Best move: (17, 19)
Executing gate at point (13, 1).
Best move: (15, 16)
Best move: (16, 17)
Best move: (17, 19)
Best move: (19, 24)
Best move: (21, 24)
Best move: (14, 21)
Executing gate at point (12, 2).
Trying to solve brute-force congestion at gate [24, 14] with {0: 24, 1: 15, 2: 14, 3: 1, 4: 0, 5: 13, 6: 16, 7: 6}
Trying to moving ion 14... to 12
Ion assignment after moving ion 14: {0: 24, 1: 15, 2: 12, 3: 1, 4: 0, 5: 14, 6: 16, 7: 6}
Clearing endpoint 14.........
Gate position gate updated to [12 24]--------------c
Trying to moving ion 24... to 13
Ion assignment after moving ion 24: {0: 13, 1: 15, 2: 12, 3: 1, 4: 0, 5: 14, 6: 16, 7: 6}
Trying to solve brute-force congestion at gate [13, 1] with {0: 13, 1: 15, 2: 12, 3: 1, 4: 0, 5: 14, 6: 16, 7: 6}
Trying to moving ion 1... to 0
Ion assignment after moving ion 1: {0: 13, 1: 15, 2: 12, 3: 0, 4: 1, 5: 14, 6: 16, 7: 6}
Gate position gate updated to [ 0 13]--------------c
Trying to moving ion 13... to 1
Ion assignment after moving ion 13: {0: 1, 1: 15, 2: 12, 3: 0, 4: 2, 5: 13, 6: 16, 7: 6}
Trying to solve brute-force congestion at gate [1, 2] with {0: 1, 1: 15, 2: 12, 3: 0, 4: 2, 5: 13, 6: 16, 7: 6}
Trying to moving ion 1... to 0
Ion assignment after moving ion 1: {0: 0, 1: 15, 2: 12, 3: 1, 4: 2, 5: 13, 6: 16, 7: 6}
Gate position gate updated to [0 2]--------------c
Trying to moving ion 2... to 1
Ion assignment after moving ion 2: {0: 0, 1: 15, 2: 12, 3: 2, 4: 1, 5: 13, 6: 16, 7: 6}
Trying to solve brute-force congestion at gate [15, 12] with {0: 0, 1: 15, 2: 12, 3: 2, 4: 1, 5: 13, 6: 16, 7: 6}
Trying to moving ion 12... to 12
Ion assignment after moving ion 12: {0: 0, 1: 15, 2: 12, 3: 2, 4: 1, 5: 13, 6: 16, 7: 6}
Gate position gate updated to [12 15]--------------c
Trying to moving ion 15... to 13
Ion assignment after moving ion 15: {0: 0, 1: 13, 2: 12, 3: 2, 4: 1, 5: 14, 6: 15, 7: 6}
Trying to solve brute-force congestion at gate [13, 2] with {0: 0, 1: 13, 2: 12, 3: 2, 4: 1, 5: 14, 6: 15, 7: 6}
Trying to moving ion 13... to 12
Ion assignment after moving ion 13: {0: 0, 1: 12, 2: 13, 3: 2, 4: 1, 5: 14, 6: 15, 7: 6}
Clearing endpoint 14.........
Gate position gate updated to [12  2]--------------c
Trying to moving ion 2... to 13
Ion assignment after moving ion 2: {0: 0, 1: 12, 2: 14, 3: 13, 4: 1, 5: 25, 6: 15, 7: 6}
Trying to solve brute-force congestion at gate [14, 13] with {0: 0, 1: 12, 2: 14, 3: 13, 4: 1, 5: 25, 6: 15, 7: 6}
Trying to moving ion 14... to 12
Ion assignment after moving ion 14: {0: 0, 1: 13, 2: 12, 3: 14, 4: 1, 5: 25, 6: 15, 7: 6}
Gate position gate updated to [12 14]--------------c
Trying to moving ion 14... to 13
Ion assignment after moving ion 14: {0: 0, 1: 14, 2: 12, 3: 13, 4: 1, 5: 25, 6: 15, 7: 6}
Trying to solve brute-force congestion at gate [0, 25] with {0: 0, 1: 14, 2: 12, 3: 13, 4: 1, 5: 25, 6: 15, 7: 6}
Trying to moving ion 0... to 0
Ion assignment after moving ion 0: {0: 0, 1: 14, 2: 12, 3: 13, 4: 1, 5: 25, 6: 15, 7: 6}
Gate position gate updated to [ 0 25]--------------c
Trying to moving ion 25... to 1
Ion assignment after moving ion 25: {0: 0, 1: 14, 2: 12, 3: 13, 4: 2, 5: 1, 6: 15, 7: 6}
Trying to solve brute-force congestion at gate [0, 15] with {0: 0, 1: 14, 2: 12, 3: 13, 4: 2, 5: 1, 6: 15, 7: 6}
Trying to moving ion 0... to 0
Ion assignment after moving ion 0: {0: 0, 1: 14, 2: 12, 3: 13, 4: 2, 5: 1, 6: 15, 7: 6}
Clearing endpoint 2.........
Gate position gate updated to [ 0 15]--------------c
Trying to moving ion 15... to 1
Ion assignment after moving ion 15: {0: 0, 1: 14, 2: 12, 3: 13, 4: 24, 5: 2, 6: 1, 7: 6}
Trying to solve brute-force congestion at gate [0, 6] with {0: 0, 1: 14, 2: 12, 3: 13, 4: 24, 5: 2, 6: 1, 7: 6}
Trying to moving ion 0... to 0
Ion assignment after moving ion 0: {0: 0, 1: 14, 2: 12, 3: 13, 4: 24, 5: 2, 6: 1, 7: 6}
Clearing endpoint 2.........
Gate position gate updated to [0 6]--------------c
Trying to moving ion 6... to 1
Ion assignment after moving ion 6: {0: 0, 1: 14, 2: 12, 3: 13, 4: 17, 5: 19, 6: 2, 7: 1}
Trying to solve brute-force congestion at gate [14, 17] with {0: 0, 1: 14, 2: 12, 3: 13, 4: 17, 5: 19, 6: 2, 7: 1}
Trying to moving ion 17... to 15
Ion assignment after moving ion 17: {0: 0, 1: 14, 2: 12, 3: 13, 4: 15, 5: 19, 6: 2, 7: 1}
Gate position gate updated to [15 14]--------------c
Trying to moving ion 14... to 16
Ion assignment after moving ion 14: {0: 0, 1: 16, 2: 12, 3: 13, 4: 15, 5: 18, 6: 2, 7: 1}
Trying to solve brute-force congestion at gate [16, 18] with {0: 0, 1: 16, 2: 12, 3: 13, 4: 15, 5: 18, 6: 2, 7: 1}
Trying to moving ion 16... to 15
Ion assignment after moving ion 16: {0: 0, 1: 15, 2: 12, 3: 13, 4: 16, 5: 18, 6: 2, 7: 1}
Gate position gate updated to [15 18]--------------c
Trying to moving ion 18... to 16
Ion assignment after moving ion 18: {0: 0, 1: 15, 2: 12, 3: 13, 4: 17, 5: 16, 6: 2, 7: 1}
Trying to solve brute-force congestion at gate [15, 2] with {0: 0, 1: 15, 2: 12, 3: 13, 4: 17, 5: 16, 6: 2, 7: 1}
Trying to moving ion 15... to 15
Ion assignment after moving ion 15: {0: 0, 1: 15, 2: 12, 3: 13, 4: 17, 5: 16, 6: 2, 7: 1}
Clearing endpoint 17.........
Gate position gate updated to [15  2]--------------c
Trying to moving ion 2... to 16
Ion assignment after moving ion 2: {0: 0, 1: 15, 2: 12, 3: 13, 4: 24, 5: 17, 6: 16, 7: 1}
Trying to solve brute-force congestion at gate [15, 1] with {0: 0, 1: 15, 2: 12, 3: 13, 4: 24, 5: 17, 6: 16, 7: 1}
Trying to moving ion 15... to 15
Ion assignment after moving ion 15: {0: 0, 1: 15, 2: 12, 3: 13, 4: 24, 5: 17, 6: 16, 7: 1}
Clearing endpoint 17.........
Gate position gate updated to [15  1]--------------c
Trying to moving ion 1... to 16
Ion assignment after moving ion 1: {0: 0, 1: 15, 2: 12, 3: 13, 4: 25, 5: 24, 6: 17, 7: 16}
Trying to solve brute-force congestion at gate [12, 25] with {0: 0, 1: 15, 2: 12, 3: 13, 4: 25, 5: 24, 6: 17, 7: 16}
Trying to moving ion 12... to 12
Ion assignment after moving ion 12: {0: 0, 1: 15, 2: 12, 3: 13, 4: 25, 5: 24, 6: 17, 7: 16}
Gate position gate updated to [12 25]--------------c
Trying to moving ion 25... to 13
Ion assignment after moving ion 25: {0: 0, 1: 15, 2: 12, 3: 14, 4: 13, 5: 24, 6: 17, 7: 16}
Trying to solve brute-force congestion at gate [12, 24] with {0: 0, 1: 15, 2: 12, 3: 14, 4: 13, 5: 24, 6: 17, 7: 16}
Trying to moving ion 12... to 12
Ion assignment after moving ion 12: {0: 0, 1: 15, 2: 12, 3: 14, 4: 13, 5: 24, 6: 17, 7: 16}
Clearing endpoint 14.........
Gate position gate updated to [12 24]--------------c
Trying to moving ion 24... to 13
Ion assignment after moving ion 24: {0: 0, 1: 15, 2: 12, 3: 25, 4: 14, 5: 13, 6: 17, 7: 16}
Trying to solve brute-force congestion at gate [25, 14] with {0: 0, 1: 15, 2: 12, 3: 25, 4: 14, 5: 13, 6: 17, 7: 16}
Trying to moving ion 14... to 12
Ion assignment after moving ion 14: {0: 0, 1: 15, 2: 13, 3: 25, 4: 12, 5: 14, 6: 17, 7: 16}
Clearing endpoint 14.........
Gate position gate updated to [12 25]--------------c
Trying to moving ion 25... to 13
Ion assignment after moving ion 25: {0: 0, 1: 15, 2: 14, 3: 13, 4: 12, 5: 20, 6: 17, 7: 16}
Trying to solve brute-force congestion at gate [13, 20] with {0: 0, 1: 15, 2: 14, 3: 13, 4: 12, 5: 20, 6: 17, 7: 16}
Trying to moving ion 13... to 12
Ion assignment after moving ion 13: {0: 0, 1: 15, 2: 14, 3: 12, 4: 13, 5: 20, 6: 17, 7: 16}
Clearing endpoint 14.........
Gate position gate updated to [12 20]--------------c
Trying to moving ion 20... to 13
Ion assignment after moving ion 20: {0: 0, 1: 15, 2: 25, 3: 12, 4: 14, 5: 13, 6: 17, 7: 16}
Trying to solve brute-force congestion at gate [14, 13] with {0: 0, 1: 15, 2: 25, 3: 12, 4: 14, 5: 13, 6: 17, 7: 16}
Trying to moving ion 14... to 12
Ion assignment after moving ion 14: {0: 0, 1: 15, 2: 25, 3: 13, 4: 12, 5: 14, 6: 17, 7: 16}
Gate position gate updated to [12 14]--------------c
Trying to moving ion 14... to 13
Ion assignment after moving ion 14: {0: 0, 1: 15, 2: 25, 3: 14, 4: 12, 5: 13, 6: 17, 7: 16}
Trying to solve brute-force congestion at gate [25, 17] with {0: 0, 1: 15, 2: 25, 3: 14, 4: 12, 5: 13, 6: 17, 7: 16}
Trying to moving ion 17... to 15
Ion assignment after moving ion 17: {0: 0, 1: 16, 2: 25, 3: 14, 4: 12, 5: 13, 6: 15, 7: 17}
Clearing endpoint 17.........
Gate position gate updated to [15 25]--------------c
Trying to moving ion 25... to 16
Ion assignment after moving ion 25: {0: 0, 1: 17, 2: 16, 3: 14, 4: 12, 5: 13, 6: 15, 7: 18}
Trying to solve brute-force congestion at gate [16, 18] with {0: 0, 1: 17, 2: 16, 3: 14, 4: 12, 5: 13, 6: 15, 7: 18}
Trying to moving ion 16... to 15
Ion assignment after moving ion 16: {0: 0, 1: 17, 2: 15, 3: 14, 4: 12, 5: 13, 6: 16, 7: 18}
Clearing endpoint 17.........
Gate position gate updated to [15 18]--------------c
Trying to moving ion 18... to 16
Ion assignment after moving ion 18: {0: 0, 1: 24, 2: 15, 3: 14, 4: 12, 5: 13, 6: 17, 7: 16}
Trying to solve brute-force congestion at gate [14, 17] with {0: 0, 1: 24, 2: 15, 3: 14, 4: 12, 5: 13, 6: 17, 7: 16}
Trying to moving ion 14... to 12
Ion assignment after moving ion 14: {0: 0, 1: 24, 2: 15, 3: 12, 4: 13, 5: 14, 6: 17, 7: 16}
Clearing endpoint 14.........
Gate position gate updated to [12 17]--------------c
Trying to moving ion 17... to 13
Ion assignment after moving ion 17: {0: 0, 1: 25, 2: 15, 3: 12, 4: 14, 5: 20, 6: 13, 7: 16}
Trying to solve brute-force congestion at gate [12, 16] with {0: 0, 1: 25, 2: 15, 3: 12, 4: 14, 5: 20, 6: 13, 7: 16}
Trying to moving ion 12... to 12
Ion assignment after moving ion 12: {0: 0, 1: 25, 2: 15, 3: 12, 4: 14, 5: 20, 6: 13, 7: 16}
Clearing endpoint 14.........
Gate position gate updated to [12 16]--------------c
Trying to moving ion 16... to 13
Ion assignment after moving ion 16: {0: 0, 1: 22, 2: 15, 3: 12, 4: 25, 5: 20, 6: 14, 7: 13}
Trying to solve brute-force congestion at gate [25, 14] with {0: 0, 1: 22, 2: 15, 3: 12, 4: 25, 5: 20, 6: 14, 7: 13}
Trying to moving ion 14... to 12
Ion assignment after moving ion 14: {0: 0, 1: 22, 2: 15, 3: 13, 4: 25, 5: 20, 6: 12, 7: 14}
Clearing endpoint 14.........
Gate position gate updated to [12 25]--------------c
Trying to moving ion 25... to 13
Ion assignment after moving ion 25: {0: 0, 1: 22, 2: 15, 3: 14, 4: 13, 5: 20, 6: 12, 7: 24}
Trying to solve brute-force congestion at gate [13, 24] with {0: 0, 1: 22, 2: 15, 3: 14, 4: 13, 5: 20, 6: 12, 7: 24}
Trying to moving ion 13... to 12
Ion assignment after moving ion 13: {0: 0, 1: 22, 2: 15, 3: 14, 4: 12, 5: 20, 6: 13, 7: 24}
Clearing endpoint 14.........
Gate position gate updated to [12 24]--------------c
Trying to moving ion 24... to 13
Ion assignment after moving ion 24: {0: 0, 1: 22, 2: 15, 3: 25, 4: 12, 5: 20, 6: 14, 7: 13}
Trying to solve brute-force congestion at gate [20, 14] with {0: 0, 1: 22, 2: 15, 3: 25, 4: 12, 5: 20, 6: 14, 7: 13}
Trying to moving ion 14... to 12
Ion assignment after moving ion 14: {0: 0, 1: 22, 2: 15, 3: 25, 4: 13, 5: 20, 6: 12, 7: 14}
Clearing endpoint 14.........
Gate position gate updated to [12 20]--------------c
Trying to moving ion 20... to 13
Ion assignment after moving ion 20: {0: 0, 1: 22, 2: 15, 3: 25, 4: 14, 5: 13, 6: 12, 7: 24}
Trying to solve brute-force congestion at gate [13, 24] with {0: 0, 1: 22, 2: 15, 3: 25, 4: 14, 5: 13, 6: 12, 7: 24}
Trying to moving ion 13... to 12
Ion assignment after moving ion 13: {0: 0, 1: 22, 2: 15, 3: 25, 4: 14, 5: 12, 6: 13, 7: 24}
Clearing endpoint 14.........
Gate position gate updated to [12 24]--------------c
Trying to moving ion 24... to 13
Ion assignment after moving ion 24: {0: 0, 1: 22, 2: 15, 3: 25, 4: 20, 5: 12, 6: 14, 7: 13}
Trying to solve brute-force congestion at gate [14, 13] with {0: 0, 1: 22, 2: 15, 3: 25, 4: 20, 5: 12, 6: 14, 7: 13}
Trying to moving ion 14... to 12
Ion assignment after moving ion 14: {0: 0, 1: 22, 2: 15, 3: 25, 4: 20, 5: 13, 6: 12, 7: 14}
Gate position gate updated to [12 14]--------------c
Trying to moving ion 14... to 13
Ion assignment after moving ion 14: {0: 0, 1: 22, 2: 15, 3: 25, 4: 20, 5: 14, 6: 12, 7: 13}
Executing gate at point (0, 6).
Executing gate at point (1, 5).
Executing gate at point (2, 5).
Best move: (13, 14)
Best move: (14, 21)
Best move: (21, 24)
Best move: (20, 21)
Best move: (20, 24)
Best move: (5, 20)
Best move: (20, 21)
Best move: (4, 5)
Try bruteforce due to multiple steps (8) to solve one gate
Trying to solve brute-force congestion at gate [20, 4] with {0: 0, 1: 22, 2: 15, 3: 25, 4: 20, 5: 13, 6: 12, 7: 4}
Trying to moving ion 4... to 3
Ion assignment after moving ion 4: {0: 0, 1: 22, 2: 15, 3: 25, 4: 20, 5: 13, 6: 12, 7: 3}
Gate position gate updated to [ 3 20]--------------c
Trying to moving ion 20... to 4
Ion assignment after moving ion 20: {0: 0, 1: 22, 2: 15, 3: 25, 4: 4, 5: 13, 6: 12, 7: 3}
Executing gate at point (2, 4).
Best move: (20, 25)
Best move: (5, 20)
Executing gate at point (3, 3).
Best move: (4, 5)
Best move: (5, 20)
Best move: (20, 21)
Best move: (14, 21)
Executing gate at point (3, 4).
Executing gate at point (4, 4).
Best move: (12, 13)
Best move: (13, 14)
Best move: (14, 21)
Best move: (20, 21)
Best move: (15, 16)
Best move: (16, 17)
Best move: (17, 19)
Best move: (19, 24)
Try bruteforce due to multiple steps (8) to solve one gate
Trying to solve brute-force congestion at gate [24, 3] with {0: 0, 1: 22, 2: 24, 3: 4, 4: 13, 5: 12, 6: 20, 7: 3}
Trying to moving ion 3... to 3
Ion assignment after moving ion 3: {0: 0, 1: 22, 2: 24, 3: 4, 4: 13, 5: 12, 6: 20, 7: 3}
Gate position gate updated to [ 3 24]--------------c
Trying to moving ion 24... to 4
Ion assignment after moving ion 24: {0: 0, 1: 22, 2: 4, 3: 5, 4: 13, 5: 12, 6: 25, 7: 3}
Executing gate at point (4, 2).
Best move: (5, 20)
Best move: (20, 21)
Best move: (24, 25)
Best move: (22, 25)
Best move: (20, 25)
Best move: (3, 4)
Best move: (5, 20)
Executing gate at point (5, 1).
Best move: (4, 5)
Best move: (5, 20)
Best move: (19, 24)
Best move: (20, 24)
Best move: (18, 24)
Best move: (2, 18)
Executing gate at point (6, 0).
Best move: (21, 24)
Best move: (17, 19)
Best move: (19, 24)
Best move: (16, 17)
Best move: (17, 19)
Executing gate at point (4, 3).
Best move: (17, 19)
Best move: (19, 24)
Best move: (21, 24)
Best move: (14, 21)
Executing gate at point (5, 3).
Executing gate at point (6, 3).
Best move: (16, 17)
Best move: (17, 19)
Best move: (19, 24)
Best move: (20, 24)
Best move: (3, 4)
Best move: (5, 20)
Executing gate at point (5, 2).
Executing gate at point (6, 1).
Best move: (5, 20)
Best move: (12, 13)
Best move: (13, 14)
Best move: (14, 21)
Best move: (21, 24)
Best move: (24, 25)
Best move: (24, 25)
Best move: (24, 25)
Try bruteforce due to multiple steps (8) to solve one gate
Trying to solve brute-force congestion at gate [4, 25] with {0: 0, 1: 3, 2: 4, 3: 13, 4: 12, 5: 25, 6: 20, 7: 2}
Trying to moving ion 4... to 3
Ion assignment after moving ion 4: {0: 0, 1: 4, 2: 3, 3: 13, 4: 12, 5: 25, 6: 20, 7: 2}
Gate position gate updated to [ 3 25]--------------c
Trying to moving ion 25... to 4
Ion assignment after moving ion 25: {0: 0, 1: 5, 2: 3, 3: 13, 4: 12, 5: 4, 6: 24, 7: 2}
Executing gate at point (6, 2).
Executing gate at point (7, 1).
Best move: (18, 24)
Best move: (0, 1)
Best move: (0, 1)
Best move: (0, 1)
Try bruteforce due to repeated pattern...
Trying to solve brute-force congestion at gate [1, 18] with {0: 1, 1: 5, 2: 3, 3: 13, 4: 12, 5: 4, 6: 18, 7: 2}
Trying to moving ion 1... to 0
Ion assignment after moving ion 1: {0: 0, 1: 5, 2: 3, 3: 13, 4: 12, 5: 4, 6: 18, 7: 2}
Clearing endpoint 2.........
Gate position gate updated to [ 0 18]--------------c
Trying to moving ion 18... to 1
Ion assignment after moving ion 18: {0: 0, 1: 5, 2: 3, 3: 13, 4: 12, 5: 4, 6: 1, 7: 2}
Executing gate at point (7, 0).
Best move: (0, 1)
Best move: (1, 2)
Best move: (2, 18)
Best move: (4, 5)
Best move: (3, 4)
Best move: (5, 20)
Best move: (20, 24)
Best move: (4, 5)
Try bruteforce due to multiple steps (8) to solve one gate
Trying to solve brute-force congestion at gate [5, 12] with {0: 18, 1: 3, 2: 5, 3: 13, 4: 12, 5: 24, 6: 0, 7: 1}
Trying to moving ion 12... to 12
Ion assignment after moving ion 12: {0: 18, 1: 3, 2: 5, 3: 13, 4: 12, 5: 24, 6: 0, 7: 1}
Gate position gate updated to [12  5]--------------c
Trying to moving ion 5... to 13
Ion assignment after moving ion 5: {0: 18, 1: 3, 2: 13, 3: 14, 4: 12, 5: 24, 6: 0, 7: 1}
Executing gate at point (7, 2).
Executing gate at point (8, 2).
Best move: (12, 13)
Best move: (13, 14)
Best move: (14, 21)
Best move: (20, 21)
Best move: (5, 20)
Executing gate at point (8, 1).
Best move: (3, 4)
Best move: (4, 5)
Best move: (5, 20)
Best move: (20, 21)
Best move: (19, 24)
Best move: (18, 24)
Best move: (17, 19)
Best move: (19, 24)
Try bruteforce due to multiple steps (8) to solve one gate
Trying to solve brute-force congestion at gate [21, 13] with {0: 19, 1: 21, 2: 12, 3: 13, 4: 4, 5: 17, 6: 0, 7: 1}
Trying to moving ion 13... to 12
Ion assignment after moving ion 13: {0: 19, 1: 21, 2: 13, 3: 12, 4: 4, 5: 17, 6: 0, 7: 1}
Gate position gate updated to [12 21]--------------c
Trying to moving ion 21... to 13
Ion assignment after moving ion 21: {0: 19, 1: 13, 2: 14, 3: 12, 4: 4, 5: 17, 6: 0, 7: 1}
Executing gate at point (9, 1).
Executing gate at point (10, 1).
Best move: (16, 17)
Best move: (17, 19)
Executing gate at point (8, 0).
Best move: (17, 19)
Best move: (19, 24)
Best move: (20, 24)
Best move: (5, 20)
Executing gate at point (9, 0).
Best move: (12, 13)
Best move: (13, 14)
Best move: (14, 21)
Best move: (20, 21)
Best move: (4, 5)
Best move: (3, 4)
Best move: (3, 4)
Best move: (3, 4)
Try bruteforce due to multiple steps (8) to solve one gate
Trying to solve brute-force congestion at gate [3, 20] with {0: 3, 1: 12, 2: 13, 3: 20, 4: 5, 5: 16, 6: 0, 7: 1}
Trying to moving ion 3... to 3
Ion assignment after moving ion 3: {0: 3, 1: 12, 2: 13, 3: 20, 4: 5, 5: 16, 6: 0, 7: 1}
Clearing endpoint 5.........
Gate position gate updated to [ 3 20]--------------c
Trying to moving ion 20... to 4
Ion assignment after moving ion 20: {0: 3, 1: 12, 2: 13, 3: 4, 4: 5, 5: 16, 6: 0, 7: 1}
Executing gate at point (10, 0).
Executing gate at point (11, 3).
Best move: (3, 4)
Best move: (4, 5)
Best move: (5, 20)
Best move: (20, 21)
Best move: (14, 21)
Executing gate at point (11, 0).
Executing gate at point (12, 0).
Best move: (14, 21)
Best move: (21, 24)
Best move: (18, 24)
Best move: (2, 18)
Executing gate at point (13, 0).
Best move: (0, 1)
Best move: (1, 2)
Best move: (2, 18)
Best move: (18, 24)
Best move: (21, 24)
Best move: (14, 21)
Executing gate at point (13, 1).
Best move: (13, 14)
Best move: (14, 21)
Best move: (21, 24)
Best move: (19, 24)
Best move: (17, 19)
Executing gate at point (12, 2).
Trying to solve brute-force congestion at gate [19, 17] with {0: 19, 1: 12, 2: 17, 3: 3, 4: 4, 5: 16, 6: 13, 7: 0}
Trying to moving ion 17... to 15
Ion assignment after moving ion 17: {0: 19, 1: 12, 2: 15, 3: 3, 4: 4, 5: 17, 6: 13, 7: 0}
Clearing endpoint 17.........
Gate position gate updated to [15 19]--------------c
Trying to moving ion 19... to 16
Ion assignment after moving ion 19: {0: 16, 1: 12, 2: 15, 3: 3, 4: 4, 5: 17, 6: 13, 7: 0}
Trying to solve brute-force congestion at gate [16, 3] with {0: 16, 1: 12, 2: 15, 3: 3, 4: 4, 5: 17, 6: 13, 7: 0}
Trying to moving ion 3... to 3
Ion assignment after moving ion 3: {0: 16, 1: 12, 2: 15, 3: 3, 4: 4, 5: 17, 6: 13, 7: 0}
Gate position gate updated to [ 3 16]--------------c
Trying to moving ion 16... to 4
Ion assignment after moving ion 16: {0: 4, 1: 12, 2: 15, 3: 3, 4: 5, 5: 16, 6: 13, 7: 0}
Trying to solve brute-force congestion at gate [4, 5] with {0: 4, 1: 12, 2: 15, 3: 3, 4: 5, 5: 16, 6: 13, 7: 0}
Trying to moving ion 4... to 3
Ion assignment after moving ion 4: {0: 3, 1: 12, 2: 15, 3: 4, 4: 5, 5: 16, 6: 13, 7: 0}
Gate position gate updated to [3 5]--------------c
Trying to moving ion 5... to 4
Ion assignment after moving ion 5: {0: 3, 1: 12, 2: 15, 3: 5, 4: 4, 5: 16, 6: 13, 7: 0}
Trying to solve brute-force congestion at gate [12, 15] with {0: 3, 1: 12, 2: 15, 3: 5, 4: 4, 5: 16, 6: 13, 7: 0}
Trying to moving ion 12... to 12
Ion assignment after moving ion 12: {0: 3, 1: 12, 2: 15, 3: 5, 4: 4, 5: 16, 6: 13, 7: 0}
Gate position gate updated to [12 15]--------------c
Trying to moving ion 15... to 13
Ion assignment after moving ion 15: {0: 3, 1: 12, 2: 13, 3: 5, 4: 4, 5: 15, 6: 14, 7: 0}
Trying to solve brute-force congestion at gate [12, 5] with {0: 3, 1: 12, 2: 13, 3: 5, 4: 4, 5: 15, 6: 14, 7: 0}
Trying to moving ion 12... to 12
Ion assignment after moving ion 12: {0: 3, 1: 12, 2: 13, 3: 5, 4: 4, 5: 15, 6: 14, 7: 0}
Clearing endpoint 14.........
Gate position gate updated to [12  5]--------------c
Trying to moving ion 5... to 13
Ion assignment after moving ion 5: {0: 3, 1: 12, 2: 14, 3: 13, 4: 4, 5: 15, 6: 24, 7: 0}
Trying to solve brute-force congestion at gate [14, 13] with {0: 3, 1: 12, 2: 14, 3: 13, 4: 4, 5: 15, 6: 24, 7: 0}
Trying to moving ion 14... to 12
Ion assignment after moving ion 14: {0: 3, 1: 13, 2: 12, 3: 14, 4: 4, 5: 15, 6: 24, 7: 0}
Gate position gate updated to [12 14]--------------c
Trying to moving ion 14... to 13
Ion assignment after moving ion 14: {0: 3, 1: 14, 2: 12, 3: 13, 4: 4, 5: 15, 6: 24, 7: 0}
Trying to solve brute-force congestion at gate [3, 15] with {0: 3, 1: 14, 2: 12, 3: 13, 4: 4, 5: 15, 6: 24, 7: 0}
Trying to moving ion 3... to 3
Ion assignment after moving ion 3: {0: 3, 1: 14, 2: 12, 3: 13, 4: 4, 5: 15, 6: 24, 7: 0}
Gate position gate updated to [ 3 15]--------------c
Trying to moving ion 15... to 4
Ion assignment after moving ion 15: {0: 3, 1: 14, 2: 12, 3: 13, 4: 5, 5: 4, 6: 25, 7: 0}
Trying to solve brute-force congestion at gate [3, 25] with {0: 3, 1: 14, 2: 12, 3: 13, 4: 5, 5: 4, 6: 25, 7: 0}
Trying to moving ion 3... to 3
Ion assignment after moving ion 3: {0: 3, 1: 14, 2: 12, 3: 13, 4: 5, 5: 4, 6: 25, 7: 0}
Clearing endpoint 5.........
Gate position gate updated to [ 3 25]--------------c
Trying to moving ion 25... to 4
Ion assignment after moving ion 25: {0: 3, 1: 14, 2: 12, 3: 13, 4: 24, 5: 5, 6: 4, 7: 0}
Trying to solve brute-force congestion at gate [3, 0] with {0: 3, 1: 14, 2: 12, 3: 13, 4: 24, 5: 5, 6: 4, 7: 0}
Trying to moving ion 0... to 0
Ion assignment after moving ion 0: {0: 3, 1: 14, 2: 12, 3: 13, 4: 24, 5: 5, 6: 4, 7: 0}
Gate position gate updated to [0 3]--------------c
Trying to moving ion 3... to 1
Ion assignment after moving ion 3: {0: 1, 1: 14, 2: 12, 3: 13, 4: 19, 5: 4, 6: 3, 7: 0}
Trying to solve brute-force congestion at gate [14, 19] with {0: 1, 1: 14, 2: 12, 3: 13, 4: 19, 5: 4, 6: 3, 7: 0}
Trying to moving ion 14... to 12
Ion assignment after moving ion 14: {0: 1, 1: 12, 2: 13, 3: 14, 4: 19, 5: 4, 6: 3, 7: 0}
Clearing endpoint 14.........
Gate position gate updated to [12 19]--------------c
Trying to moving ion 19... to 13
Ion assignment after moving ion 19: {0: 1, 1: 12, 2: 14, 3: 25, 4: 13, 5: 4, 6: 3, 7: 0}
Trying to solve brute-force congestion at gate [12, 4] with {0: 1, 1: 12, 2: 14, 3: 25, 4: 13, 5: 4, 6: 3, 7: 0}
Trying to moving ion 12... to 12
Ion assignment after moving ion 12: {0: 1, 1: 12, 2: 14, 3: 25, 4: 13, 5: 4, 6: 3, 7: 0}
Clearing endpoint 14.........
Gate position gate updated to [12  4]--------------c
Trying to moving ion 4... to 13
Ion assignment after moving ion 4: {0: 1, 1: 12, 2: 24, 3: 25, 4: 14, 5: 13, 6: 3, 7: 0}
Trying to solve brute-force congestion at gate [12, 3] with {0: 1, 1: 12, 2: 24, 3: 25, 4: 14, 5: 13, 6: 3, 7: 0}
Trying to moving ion 3... to 3
Ion assignment after moving ion 3: {0: 1, 1: 12, 2: 24, 3: 25, 4: 14, 5: 13, 6: 3, 7: 0}
Gate position gate updated to [ 3 12]--------------c
Trying to moving ion 12... to 4
Ion assignment after moving ion 12: {0: 1, 1: 4, 2: 24, 3: 25, 4: 13, 5: 12, 6: 3, 7: 0}
Trying to solve brute-force congestion at gate [4, 0] with {0: 1, 1: 4, 2: 24, 3: 25, 4: 13, 5: 12, 6: 3, 7: 0}
Trying to moving ion 0... to 0
Ion assignment after moving ion 0: {0: 1, 1: 4, 2: 24, 3: 25, 4: 13, 5: 12, 6: 3, 7: 0}
Gate position gate updated to [0 4]--------------c
Trying to moving ion 4... to 1
Ion assignment after moving ion 4: {0: 2, 1: 1, 2: 19, 3: 25, 4: 13, 5: 12, 6: 3, 7: 0}
Trying to solve brute-force congestion at gate [19, 13] with {0: 2, 1: 1, 2: 19, 3: 25, 4: 13, 5: 12, 6: 3, 7: 0}
Trying to moving ion 13... to 12
Ion assignment after moving ion 13: {0: 2, 1: 1, 2: 19, 3: 25, 4: 12, 5: 13, 6: 3, 7: 0}
Gate position gate updated to [12 19]--------------c
Trying to moving ion 19... to 13
Ion assignment after moving ion 19: {0: 2, 1: 1, 2: 13, 3: 25, 4: 12, 5: 14, 6: 3, 7: 0}
Trying to solve brute-force congestion at gate [13, 14] with {0: 2, 1: 1, 2: 13, 3: 25, 4: 12, 5: 14, 6: 3, 7: 0}
Trying to moving ion 13... to 12
Ion assignment after moving ion 13: {0: 2, 1: 1, 2: 12, 3: 25, 4: 13, 5: 14, 6: 3, 7: 0}
Gate position gate updated to [12 14]--------------c
Trying to moving ion 14... to 13
Ion assignment after moving ion 14: {0: 2, 1: 1, 2: 12, 3: 25, 4: 14, 5: 13, 6: 3, 7: 0}
Trying to solve brute-force congestion at gate [25, 14] with {0: 2, 1: 1, 2: 12, 3: 25, 4: 14, 5: 13, 6: 3, 7: 0}
Trying to moving ion 14... to 12
Ion assignment after moving ion 14: {0: 2, 1: 1, 2: 13, 3: 25, 4: 12, 5: 14, 6: 3, 7: 0}
Clearing endpoint 14.........
Gate position gate updated to [12 25]--------------c
Trying to moving ion 25... to 13
Ion assignment after moving ion 25: {0: 2, 1: 1, 2: 14, 3: 13, 4: 12, 5: 20, 6: 3, 7: 0}
Trying to solve brute-force congestion at gate [13, 20] with {0: 2, 1: 1, 2: 14, 3: 13, 4: 12, 5: 20, 6: 3, 7: 0}
Trying to moving ion 13... to 12
Ion assignment after moving ion 13: {0: 2, 1: 1, 2: 14, 3: 12, 4: 13, 5: 20, 6: 3, 7: 0}
Clearing endpoint 14.........
Gate position gate updated to [12 20]--------------c
Trying to moving ion 20... to 13
Ion assignment after moving ion 20: {0: 2, 1: 1, 2: 25, 3: 12, 4: 14, 5: 13, 6: 3, 7: 0}
Trying to solve brute-force congestion at gate [14, 13] with {0: 2, 1: 1, 2: 25, 3: 12, 4: 14, 5: 13, 6: 3, 7: 0}
Trying to moving ion 14... to 12
Ion assignment after moving ion 14: {0: 2, 1: 1, 2: 25, 3: 13, 4: 12, 5: 14, 6: 3, 7: 0}
Gate position gate updated to [12 14]--------------c
Trying to moving ion 14... to 13
Ion assignment after moving ion 14: {0: 2, 1: 1, 2: 25, 3: 14, 4: 12, 5: 13, 6: 3, 7: 0}
Trying to solve brute-force congestion at gate [25, 3] with {0: 2, 1: 1, 2: 25, 3: 14, 4: 12, 5: 13, 6: 3, 7: 0}
Trying to moving ion 3... to 3
Ion assignment after moving ion 3: {0: 2, 1: 1, 2: 25, 3: 14, 4: 12, 5: 13, 6: 3, 7: 0}
Gate position gate updated to [ 3 25]--------------c
Trying to moving ion 25... to 4
Ion assignment after moving ion 25: {0: 2, 1: 1, 2: 4, 3: 14, 4: 12, 5: 13, 6: 3, 7: 0}
Trying to solve brute-force congestion at gate [4, 0] with {0: 2, 1: 1, 2: 4, 3: 14, 4: 12, 5: 13, 6: 3, 7: 0}
Trying to moving ion 0... to 0
Ion assignment after moving ion 0: {0: 2, 1: 1, 2: 4, 3: 14, 4: 12, 5: 13, 6: 3, 7: 0}
Clearing endpoint 2.........
Gate position gate updated to [0 4]--------------c
Trying to moving ion 4... to 1
Ion assignment after moving ion 4: {0: 19, 1: 2, 2: 1, 3: 14, 4: 12, 5: 13, 6: 3, 7: 0}
Trying to solve brute-force congestion at gate [14, 3] with {0: 19, 1: 2, 2: 1, 3: 14, 4: 12, 5: 13, 6: 3, 7: 0}
Trying to moving ion 3... to 3
Ion assignment after moving ion 3: {0: 19, 1: 2, 2: 1, 3: 14, 4: 12, 5: 13, 6: 3, 7: 0}
Gate position gate updated to [ 3 14]--------------c
Trying to moving ion 14... to 4
Ion assignment after moving ion 14: {0: 19, 1: 2, 2: 1, 3: 4, 4: 12, 5: 13, 6: 3, 7: 0}
Trying to solve brute-force congestion at gate [4, 0] with {0: 19, 1: 2, 2: 1, 3: 4, 4: 12, 5: 13, 6: 3, 7: 0}
Trying to moving ion 0... to 0
Ion assignment after moving ion 0: {0: 19, 1: 2, 2: 1, 3: 4, 4: 12, 5: 13, 6: 3, 7: 0}
Clearing endpoint 2.........
Gate position gate updated to [0 4]--------------c
Trying to moving ion 4... to 1
Ion assignment after moving ion 4: {0: 17, 1: 19, 2: 2, 3: 1, 4: 12, 5: 13, 6: 3, 7: 0}
Trying to solve brute-force congestion at gate [12, 3] with {0: 17, 1: 19, 2: 2, 3: 1, 4: 12, 5: 13, 6: 3, 7: 0}
Trying to moving ion 12... to 12
Ion assignment after moving ion 12: {0: 17, 1: 19, 2: 2, 3: 1, 4: 12, 5: 13, 6: 3, 7: 0}
Gate position gate updated to [12  3]--------------c
Trying to moving ion 3... to 13
Ion assignment after moving ion 3: {0: 17, 1: 19, 2: 2, 3: 1, 4: 12, 5: 14, 6: 13, 7: 0}
Trying to solve brute-force congestion at gate [12, 0] with {0: 17, 1: 19, 2: 2, 3: 1, 4: 12, 5: 14, 6: 13, 7: 0}
Trying to moving ion 0... to 0
Ion assignment after moving ion 0: {0: 17, 1: 19, 2: 2, 3: 1, 4: 12, 5: 14, 6: 13, 7: 0}
Clearing endpoint 2.........
Gate position gate updated to [ 0 12]--------------c
Trying to moving ion 12... to 1
Ion assignment after moving ion 12: {0: 16, 1: 17, 2: 19, 3: 2, 4: 1, 5: 13, 6: 12, 7: 0}
Trying to solve brute-force congestion at gate [13, 0] with {0: 16, 1: 17, 2: 19, 3: 2, 4: 1, 5: 13, 6: 12, 7: 0}
Trying to moving ion 0... to 0
Ion assignment after moving ion 0: {0: 16, 1: 17, 2: 19, 3: 2, 4: 1, 5: 13, 6: 12, 7: 0}
Clearing endpoint 2.........
Gate position gate updated to [ 0 13]--------------c
Trying to moving ion 13... to 1
Ion assignment after moving ion 13: {0: 15, 1: 16, 2: 17, 3: 19, 4: 2, 5: 1, 6: 12, 7: 0}
Trying to solve brute-force congestion at gate [12, 0] with {0: 15, 1: 16, 2: 17, 3: 19, 4: 2, 5: 1, 6: 12, 7: 0}
Trying to moving ion 0... to 0
Ion assignment after moving ion 0: {0: 15, 1: 16, 2: 17, 3: 19, 4: 2, 5: 1, 6: 12, 7: 0}
Clearing endpoint 2.........
Gate position gate updated to [ 0 12]--------------c
Trying to moving ion 12... to 1
Ion assignment after moving ion 12: {0: 15, 1: 16, 2: 17, 3: 24, 4: 19, 5: 2, 6: 1, 7: 0}
Executing gate at point (0, 6).
Executing gate at point (1, 5).
Executing gate at point (2, 5).
Best move: (0, 1)
Best move: (1, 2)
Best move: (2, 18)
Best move: (2, 18)
Best move: (2, 18)
Try bruteforce due to repeated pattern...
Trying to solve brute-force congestion at gate [19, 18] with {0: 15, 1: 16, 2: 17, 3: 24, 4: 19, 5: 1, 6: 0, 7: 18}
Trying to moving ion 18... to 0
Ion assignment after moving ion 18: {0: 15, 1: 16, 2: 17, 3: 24, 4: 19, 5: 2, 6: 1, 7: 0}
Clearing endpoint 2.........
Gate position gate updated to [ 0 19]--------------c
Trying to moving ion 19... to 1
Ion assignment after moving ion 19: {0: 15, 1: 16, 2: 17, 3: 20, 4: 1, 5: 24, 6: 2, 7: 0}
Executing gate at point (2, 4).
Executing gate at point (3, 4).
Best move: (24, 25)
Best move: (1, 2)
Best move: (2, 18)
Best move: (18, 24)
Best move: (21, 24)
Best move: (20, 24)
Best move: (18, 24)
Best move: (14, 21)
Try bruteforce due to multiple steps (8) to solve one gate
Trying to solve brute-force congestion at gate [14, 25] with {0: 15, 1: 16, 2: 17, 3: 18, 4: 14, 5: 25, 6: 1, 7: 0}
Trying to moving ion 14... to 12
Ion assignment after moving ion 14: {0: 15, 1: 16, 2: 17, 3: 18, 4: 12, 5: 25, 6: 1, 7: 0}
Gate position gate updated to [12 25]--------------c
Trying to moving ion 25... to 13
Ion assignment after moving ion 25: {0: 15, 1: 16, 2: 17, 3: 18, 4: 12, 5: 13, 6: 1, 7: 0}
Executing gate at point (4, 4).
Best move: (0, 1)
Best move: (2, 18)
Executing gate at point (3, 3).
Executing gate at point (4, 3).
Best move: (2, 18)
Best move: (18, 24)
Best move: (21, 24)
Best move: (14, 21)
Executing gate at point (5, 3).
Executing gate at point (6, 3).
Best move: (17, 19)
Best move: (18, 19)
Best move: (2, 18)
Executing gate at point (4, 2).
Executing gate at point (5, 2).
Best move: (2, 18)
Best move: (18, 24)
Best move: (13, 14)
Best move: (14, 21)
Best move: (20, 24)
Best move: (21, 24)
Best move: (20, 21)
Best move: (20, 24)
Try bruteforce due to multiple steps (8) to solve one gate
Trying to solve brute-force congestion at gate [21, 20] with {0: 15, 1: 16, 2: 21, 3: 13, 4: 12, 5: 20, 6: 0, 7: 1}
Trying to moving ion 20... to 3
Ion assignment after moving ion 20: {0: 15, 1: 16, 2: 21, 3: 13, 4: 12, 5: 3, 6: 0, 7: 1}
Gate position gate updated to [ 3 21]--------------c
Trying to moving ion 21... to 4
Ion assignment after moving ion 21: {0: 15, 1: 16, 2: 4, 3: 13, 4: 12, 5: 3, 6: 0, 7: 1}
Executing gate at point (6, 2).
Best move: (16, 17)
Best move: (17, 19)
Best move: (18, 19)
Best move: (2, 18)
Executing gate at point (5, 1).
Executing gate at point (6, 1).
Best move: (2, 18)
Best move: (18, 24)
Best move: (20, 24)
Best move: (5, 20)
Executing gate at point (7, 1).
Best move: (4, 5)
Best move: (5, 20)
Best move: (20, 21)
Best move: (14, 21)
Executing gate at point (7, 2).
Executing gate at point (8, 2).
Best move: (12, 13)
Best move: (13, 14)
Best move: (14, 21)
Best move: (20, 21)
Best move: (5, 20)
Executing gate at point (8, 1).
Best move: (4, 5)
Best move: (5, 20)
Best move: (20, 21)
Best move: (14, 21)
Executing gate at point (9, 1).
Executing gate at point (10, 1).
Best move: (1, 2)
Best move: (2, 18)
Best move: (18, 19)
Best move: (17, 19)
Executing gate at point (6, 0).
Best move: (15, 16)
Best move: (16, 17)
Best move: (17, 19)
Best move: (18, 19)
Best move: (2, 18)
Executing gate at point (7, 0).
Best move: (2, 18)
Best move: (18, 24)
Best move: (20, 24)
Best move: (5, 20)
Executing gate at point (8, 0).
Executing gate at point (9, 0).
Best move: (5, 20)
Best move: (12, 13)
Best move: (13, 14)
Best move: (14, 21)
Best move: (20, 24)
Best move: (21, 25)
Best move: (20, 24)
Best move: (20, 24)
Try bruteforce due to multiple steps (8) to solve one gate
Trying to solve brute-force congestion at gate [24, 25] with {0: 24, 1: 13, 2: 12, 3: 25, 4: 4, 5: 3, 6: 0, 7: 16}
Trying to moving ion 24... to 3
Ion assignment after moving ion 24: {0: 3, 1: 13, 2: 12, 3: 25, 4: 5, 5: 4, 6: 0, 7: 16}
Clearing endpoint 5.........
Gate position gate updated to [ 3 25]--------------c
Trying to moving ion 25... to 4
Ion assignment after moving ion 25: {0: 3, 1: 13, 2: 12, 3: 4, 4: 24, 5: 5, 6: 0, 7: 16}
Executing gate at point (10, 0).
Best move: (4, 5)
Best move: (5, 20)
Best move: (24, 25)
Best move: (20, 24)
Best move: (20, 24)
Try bruteforce due to repeated pattern...
Trying to solve brute-force congestion at gate [20, 25] with {0: 3, 1: 13, 2: 12, 3: 20, 4: 25, 5: 4, 6: 0, 7: 16}
Trying to moving ion 20... to 3
Ion assignment after moving ion 20: {0: 4, 1: 13, 2: 12, 3: 3, 4: 25, 5: 5, 6: 0, 7: 16}
Clearing endpoint 5.........
Gate position gate updated to [ 3 25]--------------c
Trying to moving ion 25... to 4
Ion assignment after moving ion 25: {0: 5, 1: 13, 2: 12, 3: 3, 4: 4, 5: 24, 6: 0, 7: 16}
Executing gate at point (11, 3).
Best move: (5, 20)
Best move: (20, 21)
Best move: (14, 21)
Executing gate at point (11, 0).
Executing gate at point (12, 0).
Best move: (14, 21)
Best move: (21, 25)
Best move: (21, 25)
Best move: (21, 25)
Try bruteforce due to repeated pattern...
Trying to solve brute-force congestion at gate [25, 16] with {0: 25, 1: 13, 2: 12, 3: 3, 4: 4, 5: 24, 6: 0, 7: 16}
Trying to moving ion 16... to 15
Ion assignment after moving ion 16: {0: 25, 1: 13, 2: 12, 3: 3, 4: 4, 5: 24, 6: 0, 7: 15}
Gate position gate updated to [15 25]--------------c
Trying to moving ion 25... to 16
Ion assignment after moving ion 25: {0: 16, 1: 13, 2: 12, 3: 3, 4: 4, 5: 18, 6: 0, 7: 15}Input filename:  QFT_8_compiled
Algorithm:  SHAPER
Trap type:  G2x3
Trap capacity:  3
Num layout passes:  2
Gate type:  FM
Run index:  9
Creating a QCCD machine ...
QCCD physical machine:
### Traps ### 
Trap(id='trap_0', max_num_ions=3, initial_num_ions=0, executable=True, measureable=True)
Trap(id='trap_1', max_num_ions=3, initial_num_ions=0, executable=True, measureable=True)
Trap(id='trap_2', max_num_ions=3, initial_num_ions=0, executable=True, measureable=True)
Trap(id='trap_3', max_num_ions=3, initial_num_ions=0, executable=True, measureable=True)
Trap(id='trap_4', max_num_ions=3, initial_num_ions=0, executable=True, measureable=True)
Trap(id='trap_5', max_num_ions=3, initial_num_ions=0, executable=True, measureable=True)
### Junctions ### 
Junction(id='junction_0')
Junction(id='junction_1')
Junction(id='junction_2')
### Segments ### 
Segment(id='segment_0', left=Trap(id='trap_0', max_num_ions=3, initial_num_ions=0, executable=True, measureable=True), right=Junction(id='junction_0'))
Segment(id='segment_1', left=Trap(id='trap_5', max_num_ions=3, initial_num_ions=0, executable=True, measureable=True), right=Junction(id='junction_0'))
Segment(id='segment_2', left=Trap(id='trap_1', max_num_ions=3, initial_num_ions=0, executable=True, measureable=True), right=Junction(id='junction_1'))
Segment(id='segment_3', left=Trap(id='trap_4', max_num_ions=3, initial_num_ions=0, executable=True, measureable=True), right=Junction(id='junction_1'))
Segment(id='segment_4', left=Trap(id='trap_2', max_num_ions=3, initial_num_ions=0, executable=True, measureable=True), right=Junction(id='junction_2'))
Segment(id='segment_5', left=Trap(id='trap_3', max_num_ions=3, initial_num_ions=0, executable=True, measureable=True), right=Junction(id='junction_2'))
Segment(id='segment_6', left=Junction(id='junction_0'), right=Junction(id='junction_1'))
Segment(id='segment_7', left=Junction(id='junction_1'), right=Junction(id='junction_2'))
Finished creating the QCCD physical machine.
Position graph:  CouplingGraph({(3, 4), (12, 13), (22, 23), (21, 25), (23, 25), (11, 23), (13, 14), (19, 24), (18, 19), (4, 5), (20, 25), (21, 24), (22, 25), (14, 21), (0, 1), (9, 10), (1, 2), (10, 11), (6, 7), (15, 16), (24, 25), (18, 24), (20, 21), (20, 24), (17, 19), (5, 20), (8, 22), (2, 18), (7, 8), (16, 17)})
Initial ion assignment:  {0: 6, 1: 14, 2: 16, 3: 15, 4: 0, 5: 1, 6: 13, 7: 4}
Congestion rate:  1.0
Scheduling QCCD: 2600008840.000001 us, costing 52.94388430006802 s to compile
2600.008840000001
52.94388430006802
{0: 15, 1: 16, 2: 17, 3: 24, 4: 19, 5: 2, 6: 1, 7: 0}
[0, 1, 2, 3, 4, 5, 6, 7]
