Best move: (6, 7)
Best move: (7, 17)
Best move: (8, 9)
Best move: (9, 15)
Best move: (15, 19)
Best move: (16, 17)
Try bruteforce due to multiple steps (6) to solve one gate
Trying to solve brute-force congestion at gate [19, 16] with {0: 10, 1: 2, 2: 11, 3: 8, 4: 6, 5: 0, 6: 19, 7: 16}
Trying to moving ion 16... to 4
Ion assignment after moving ion 16: {0: 10, 1: 2, 2: 11, 3: 8, 4: 6, 5: 0, 6: 19, 7: 4}
Gate position gate updated to [ 4 19]--------------c
Trying to moving ion 19... to 5
Ion assignment after moving ion 19: {0: 10, 1: 2, 2: 11, 3: 8, 4: 6, 5: 0, 6: 5, 7: 4}
Executing gate at point (0, 6).
Executing gate at point (1, 6).
Best move: (4, 5)
Best move: (5, 16)
Best move: (16, 19)
Best move: (18, 19)
Best move: (12, 18)
Best move: (1, 12)
Try bruteforce due to multiple steps (6) to solve one gate
Trying to solve brute-force congestion at gate [0, 1] with {0: 10, 1: 2, 2: 11, 3: 8, 4: 6, 5: 0, 6: 4, 7: 1}
Trying to moving ion 0... to 0
Ion assignment after moving ion 0: {0: 10, 1: 2, 2: 11, 3: 8, 4: 6, 5: 0, 6: 4, 7: 1}
Gate position gate updated to [0 1]--------------c
Trying to moving ion 1... to 1
Ion assignment after moving ion 1: {0: 10, 1: 2, 2: 11, 3: 8, 4: 6, 5: 0, 6: 4, 7: 1}
Executing gate at point (2, 5).
Executing gate at point (3, 5).
Best move: (1, 12)
Best move: (12, 18)
Best move: (18, 19)
Best move: (17, 19)
Best move: (7, 17)
Executing gate at point (4, 4).
Executing gate at point (5, 4).
Trying to solve brute-force congestion at gate [0, 4] with {0: 10, 1: 2, 2: 11, 3: 8, 4: 6, 5: 0, 6: 4, 7: 7}
Trying to moving ion 0... to 0
Ion assignment after moving ion 0: {0: 10, 1: 2, 2: 11, 3: 8, 4: 6, 5: 0, 6: 4, 7: 7}
Gate position gate updated to [0 4]--------------c
Trying to moving ion 4... to 1
Ion assignment after moving ion 4: {0: 10, 1: 2, 2: 11, 3: 8, 4: 6, 5: 0, 6: 1, 7: 7}
Executing gate at point (4, 5).
Executing gate at point (5, 5).
Best move: (7, 17)
Best move: (17, 19)
Best move: (15, 19)
Best move: (1, 12)
Best move: (12, 18)
Best move: (18, 19)
Try bruteforce due to multiple steps (6) to solve one gate
Trying to solve brute-force congestion at gate [8, 15] with {0: 10, 1: 2, 2: 11, 3: 8, 4: 6, 5: 0, 6: 19, 7: 15}
Trying to moving ion 8... to 8
Ion assignment after moving ion 8: {0: 10, 1: 2, 2: 11, 3: 8, 4: 6, 5: 0, 6: 19, 7: 15}
Gate position gate updated to [ 8 15]--------------c
Trying to moving ion 15... to 9
Ion assignment after moving ion 15: {0: 10, 1: 2, 2: 11, 3: 8, 4: 6, 5: 0, 6: 19, 7: 9}
Executing gate at point (6, 3).
Executing gate at point (7, 3).
Best move: (17, 19)
Best move: (9, 15)
Best move: (11, 13)
Best move: (13, 18)
Best move: (7, 17)
Executing gate at point (6, 4).
Executing gate at point (7, 4).
Best move: (7, 17)
Best move: (18, 19)
Best move: (14, 15)
Best move: (16, 19)
Best move: (14, 19)
Best move: (5, 16)
Try bruteforce due to multiple steps (6) to solve one gate
Trying to solve brute-force congestion at gate [5, 19] with {0: 10, 1: 2, 2: 5, 3: 8, 4: 6, 5: 0, 6: 17, 7: 19}
Trying to moving ion 5... to 4
Ion assignment after moving ion 5: {0: 10, 1: 2, 2: 4, 3: 8, 4: 6, 5: 0, 6: 17, 7: 19}
Gate position gate updated to [ 4 19]--------------c
Trying to moving ion 19... to 5
Ion assignment after moving ion 19: {0: 10, 1: 2, 2: 4, 3: 8, 4: 6, 5: 0, 6: 17, 7: 5}
Executing gate at point (8, 2).
Executing gate at point (9, 2).
Best move: (5, 16)
Best move: (16, 19)
Best move: (14, 19)
Best move: (2, 3)
Best move: (2, 3)
Best move: (3, 14)
Try bruteforce due to multiple steps (6) to solve one gate
Trying to solve brute-force congestion at gate [2, 3] with {0: 10, 1: 2, 2: 4, 3: 8, 4: 6, 5: 0, 6: 17, 7: 3}
Trying to moving ion 2... to 2
Ion assignment after moving ion 2: {0: 10, 1: 2, 2: 4, 3: 8, 4: 6, 5: 0, 6: 17, 7: 3}
Gate position gate updated to [2 3]--------------c
Trying to moving ion 3... to 3
Ion assignment after moving ion 3: {0: 10, 1: 2, 2: 4, 3: 8, 4: 6, 5: 0, 6: 17, 7: 3}
Executing gate at point (10, 1).
Executing gate at point (11, 1).
Best move: (17, 19)
Best move: (15, 19)
Best move: (3, 14)
Best move: (14, 18)
Best move: (13, 18)
Best move: (9, 15)
Try bruteforce due to multiple steps (6) to solve one gate
Trying to solve brute-force congestion at gate [10, 13] with {0: 10, 1: 2, 2: 4, 3: 8, 4: 6, 5: 0, 6: 9, 7: 13}
Trying to moving ion 10... to 10
Ion assignment after moving ion 10: {0: 10, 1: 2, 2: 4, 3: 8, 4: 6, 5: 0, 6: 9, 7: 13}
Gate position gate updated to [10 13]--------------c
Trying to moving ion 13... to 11
Ion assignment after moving ion 13: {0: 10, 1: 2, 2: 4, 3: 8, 4: 6, 5: 0, 6: 9, 7: 11}
Executing gate at point (12, 0).
Executing gate at point (8, 3).
Executing gate at point (9, 3).
Executing gate at point (13, 0).
Best move: (9, 15)
Best move: (15, 19)
Best move: (16, 19)
Best move: (5, 16)
Executing gate at point (10, 2).
Executing gate at point (11, 2).
Trying to solve brute-force congestion at gate [2, 5] with {0: 10, 1: 2, 2: 4, 3: 8, 4: 6, 5: 0, 6: 5, 7: 11}
Trying to moving ion 2... to 2
Ion assignment after moving ion 2: {0: 10, 1: 2, 2: 4, 3: 8, 4: 6, 5: 0, 6: 5, 7: 11}
Gate position gate updated to [2 5]--------------c
Trying to moving ion 5... to 3
Ion assignment after moving ion 5: {0: 10, 1: 2, 2: 4, 3: 8, 4: 6, 5: 0, 6: 3, 7: 11}
Executing gate at point (12, 1).
Executing gate at point (13, 1).
Trying to solve brute-force congestion at gate [6, 0] with {0: 10, 1: 2, 2: 4, 3: 8, 4: 6, 5: 0, 6: 3, 7: 11}
Trying to moving ion 0... to 0
Ion assignment after moving ion 0: {0: 10, 1: 2, 2: 4, 3: 8, 4: 6, 5: 0, 6: 3, 7: 11}
Gate position gate updated to [0 6]--------------c
Trying to moving ion 6... to 1
Ion assignment after moving ion 6: {0: 10, 1: 2, 2: 4, 3: 8, 4: 1, 5: 0, 6: 3, 7: 11}
Executing gate at point (8, 4).
Executing gate at point (9, 4).
Best move: (3, 14)
Best move: (0, 1)
Best move: (1, 12)
Best move: (12, 18)
Best move: (15, 18)
Best move: (10, 11)
Try bruteforce due to multiple steps (6) to solve one gate
Trying to solve brute-force congestion at gate [11, 14] with {0: 11, 1: 2, 2: 4, 3: 8, 4: 0, 5: 15, 6: 14, 7: 10}
Trying to moving ion 11... to 10
Ion assignment after moving ion 11: {0: 10, 1: 2, 2: 4, 3: 8, 4: 0, 5: 15, 6: 14, 7: 11}
Clearing endpoint 11.........
Gate position gate updated to [10 14]--------------c
Trying to moving ion 14... to 11
Ion assignment after moving ion 14: {0: 10, 1: 2, 2: 4, 3: 8, 4: 0, 5: 15, 6: 11, 7: 12}
Executing gate at point (14, 0).
Executing gate at point (15, 0).
Best move: (9, 15)
Executing gate at point (10, 3).
Executing gate at point (11, 3).
Best move: (9, 15)
Best move: (15, 19)
Best move: (16, 19)
Best move: (5, 16)
Executing gate at point (12, 2).
Executing gate at point (13, 2).
Best move: (5, 16)
Best move: (16, 19)
Best move: (14, 19)
Best move: (3, 14)
Executing gate at point (14, 1).
Executing gate at point (15, 1).
Best move: (3, 14)
Best move: (10, 11)
Best move: (11, 13)
Best move: (13, 18)
Best move: (14, 19)
Best move: (16, 19)
Try bruteforce due to multiple steps (6) to solve one gate
Trying to solve brute-force congestion at gate [18, 16] with {0: 18, 1: 2, 2: 4, 3: 8, 4: 0, 5: 16, 6: 10, 7: 12}
Trying to moving ion 16... to 6
Ion assignment after moving ion 16: {0: 18, 1: 2, 2: 4, 3: 8, 4: 0, 5: 6, 6: 10, 7: 12}
Gate position gate updated to [ 6 18]--------------c
Trying to moving ion 18... to 7
Ion assignment after moving ion 18: {0: 7, 1: 2, 2: 4, 3: 8, 4: 0, 5: 6, 6: 10, 7: 12}
Executing gate at point (16, 0).
Executing gate at point (17, 0).
Best move: (0, 1)
Best move: (8, 9)
Best move: (9, 15)
Best move: (15, 18)
Best move: (0, 1)
Best move: (13, 18)
Try bruteforce due to multiple steps (6) to solve one gate
Trying to solve brute-force congestion at gate [13, 0] with {0: 7, 1: 2, 2: 4, 3: 13, 4: 0, 5: 6, 6: 10, 7: 12}
Trying to moving ion 0... to 0
Ion assignment after moving ion 0: {0: 7, 1: 2, 2: 4, 3: 13, 4: 0, 5: 6, 6: 10, 7: 12}
Gate position gate updated to [ 0 13]--------------c
Trying to moving ion 13... to 1
Ion assignment after moving ion 13: {0: 7, 1: 2, 2: 4, 3: 1, 4: 0, 5: 6, 6: 10, 7: 18}
Executing gate at point (12, 3).
Executing gate at point (13, 3).
Best move: (0, 1)
Best move: (1, 12)
Best move: (12, 13)
Best move: (12, 13)
Best move: (12, 13)
Try bruteforce due to repeated pattern...
Trying to solve brute-force congestion at gate [4, 13] with {0: 7, 1: 2, 2: 4, 3: 0, 4: 13, 5: 6, 6: 10, 7: 18}
Trying to moving ion 4... to 4
Ion assignment after moving ion 4: {0: 7, 1: 2, 2: 4, 3: 0, 4: 13, 5: 6, 6: 10, 7: 18}
Gate position gate updated to [ 4 13]--------------c
Trying to moving ion 13... to 5
Ion assignment after moving ion 13: {0: 7, 1: 2, 2: 4, 3: 0, 4: 5, 5: 6, 6: 10, 7: 12}
Executing gate at point (14, 2).
Executing gate at point (15, 2).
Best move: (5, 16)
Best move: (0, 1)
Best move: (4, 5)
Best move: (0, 1)
Best move: (0, 1)
Best move: (0, 1)
Try bruteforce due to multiple steps (6) to solve one gate
Trying to solve brute-force congestion at gate [5, 0] with {0: 7, 1: 2, 2: 5, 3: 0, 4: 16, 5: 6, 6: 10, 7: 12}
Trying to moving ion 0... to 0
Ion assignment after moving ion 0: {0: 7, 1: 2, 2: 5, 3: 0, 4: 16, 5: 6, 6: 10, 7: 12}
Gate position gate updated to [0 5]--------------c
Trying to moving ion 5... to 1
Ion assignment after moving ion 5: {0: 7, 1: 2, 2: 1, 3: 0, 4: 14, 5: 6, 6: 10, 7: 13}
Executing gate at point (16, 2).
Executing gate at point (17, 2).
Best move: (3, 14)
Executing gate at point (16, 1).
Executing gate at point (17, 1).
Best move: (3, 14)
Best move: (14, 19)
Best move: (7, 17)
Best move: (16, 17)
Best move: (5, 16)
Best move: (16, 19)
Try bruteforce due to multiple steps (6) to solve one gate
Trying to solve brute-force congestion at gate [5, 16] with {0: 5, 1: 2, 2: 1, 3: 0, 4: 16, 5: 6, 6: 10, 7: 13}
Trying to moving ion 5... to 4
Ion assignment after moving ion 5: {0: 4, 1: 2, 2: 1, 3: 0, 4: 16, 5: 6, 6: 10, 7: 13}
Gate position gate updated to [ 4 16]--------------c
Trying to moving ion 16... to 5
Ion assignment after moving ion 16: {0: 4, 1: 2, 2: 1, 3: 0, 4: 5, 5: 6, 6: 10, 7: 13}
Executing gate at point (18, 0).
Executing gate at point (19, 0).
Best move: (0, 1)
Best move: (1, 12)
Best move: (12, 18)
Best move: (14, 18)
Best move: (3, 14)
Executing gate at point (18, 1).
Executing gate at point (19, 1).
Best move: (3, 14)
Best move: (4, 5)
Best move: (5, 16)
Best move: (16, 19)
Best move: (18, 19)
Best move: (14, 19)
Try bruteforce due to multiple steps (6) to solve one gate
Trying to solve brute-force congestion at gate [18, 19] with {0: 18, 1: 2, 2: 0, 3: 19, 4: 4, 5: 6, 6: 10, 7: 13}
Trying to moving ion 18... to 8
Ion assignment after moving ion 18: {0: 8, 1: 2, 2: 0, 3: 19, 4: 4, 5: 6, 6: 10, 7: 13}
Gate position gate updated to [ 8 19]--------------c
Trying to moving ion 19... to 9
Ion assignment after moving ion 19: {0: 8, 1: 2, 2: 0, 3: 9, 4: 4, 5: 6, 6: 10, 7: 13}
Executing gate at point (20, 0).
Executing gate at point (21, 0).
Best move: (9, 15)
Best move: (0, 1)
Best move: (1, 12)
Best move: (12, 18)
Best move: (14, 18)
Best move: (3, 14)
Try bruteforce due to multiple steps (6) to solve one gate
Trying to solve brute-force congestion at gate [2, 3] with {0: 8, 1: 2, 2: 3, 3: 15, 4: 4, 5: 6, 6: 10, 7: 13}
Trying to moving ion 2... to 2
Ion assignment after moving ion 2: {0: 8, 1: 2, 2: 3, 3: 15, 4: 4, 5: 6, 6: 10, 7: 13}
Gate position gate updated to [2 3]--------------c
Trying to moving ion 3... to 3
Ion assignment after moving ion 3: {0: 8, 1: 2, 2: 3, 3: 15, 4: 4, 5: 6, 6: 10, 7: 13}
Executing gate at point (20, 1).
Executing gate at point (21, 1).
Best move: (15, 19)
Best move: (16, 19)
Best move: (5, 16)
Executing gate at point (22, 3).
Executing gate at point (23, 3).
Executing gate at point (24, 3).
Best move: (3, 14)
Best move: (14, 15)
Best move: (9, 15)
Executing gate at point (22, 0).
Executing gate at point (23, 0).
Best move: (9, 15)
Best move: (15, 19)
Best move: (17, 19)
Best move: (7, 17)
Executing gate at point (24, 2).
Executing gate at point (25, 2).
Executing gate at point (26, 2).
Best move: (2, 3)
Best move: (3, 14)
Best move: (14, 15)
Best move: (9, 15)
Executing gate at point (24, 0).
Executing gate at point (25, 0).
Best move: (9, 15)
Best move: (13, 18)
Best move: (18, 19)
Best move: (18, 19)
Best move: (18, 19)
Try bruteforce due to repeated pattern...
Trying to solve brute-force congestion at gate [8, 19] with {0: 8, 1: 15, 2: 7, 3: 5, 4: 4, 5: 6, 6: 10, 7: 19}
Trying to moving ion 8... to 8
Ion assignment after moving ion 8: {0: 8, 1: 15, 2: 7, 3: 5, 4: 4, 5: 6, 6: 10, 7: 19}
Gate position gate updated to [ 8 19]--------------c
Trying to moving ion 19... to 9
Ion assignment after moving ion 19: {0: 8, 1: 18, 2: 7, 3: 5, 4: 4, 5: 6, 6: 10, 7: 9}
Executing gate at point (26, 0).
Executing gate at point (27, 0).
Executing gate at point (28, 0).
Best move: (13, 18)
Best move: (11, 13)
Executing gate at point (26, 1).
Executing gate at point (27, 1).
Executing gate at point (28, 1).
Trying to solve brute-force congestion at gate [15, 18] with {0: 15, 1: 18, 2: 7, 3: 5, 4: 4, 5: 6, 6: 10, 7: 8}
Trying to moving ion 15... to 2
Ion assignment after moving ion 15: {0: 2, 1: 18, 2: 7, 3: 5, 4: 4, 5: 6, 6: 10, 7: 8}
Gate position gate updated to [ 2 18]--------------c
Trying to moving ion 18... to 3
Ion assignment after moving ion 18: {0: 2, 1: 3, 2: 7, 3: 5, 4: 4, 5: 6, 6: 10, 7: 8}
Trying to solve brute-force congestion at gate [2, 3] with {0: 2, 1: 3, 2: 7, 3: 5, 4: 4, 5: 6, 6: 10, 7: 8}
Trying to moving ion 2... to 2
Ion assignment after moving ion 2: {0: 2, 1: 3, 2: 7, 3: 5, 4: 4, 5: 6, 6: 10, 7: 8}
Gate position gate updated to [2 3]--------------c
Trying to moving ion 3... to 3
Ion assignment after moving ion 3: {0: 2, 1: 3, 2: 7, 3: 5, 4: 4, 5: 6, 6: 10, 7: 8}
Trying to solve brute-force congestion at gate [2, 7] with {0: 2, 1: 3, 2: 7, 3: 5, 4: 4, 5: 6, 6: 10, 7: 8}
Trying to moving ion 2... to 2
Ion assignment after moving ion 2: {0: 2, 1: 3, 2: 7, 3: 5, 4: 4, 5: 6, 6: 10, 7: 8}
Clearing endpoint 3.........
Gate position gate updated to [2 7]--------------c
Trying to moving ion 7... to 3
Ion assignment after moving ion 7: {0: 2, 1: 18, 2: 3, 3: 5, 4: 4, 5: 6, 6: 10, 7: 8}
Trying to solve brute-force congestion at gate [2, 3] with {0: 2, 1: 18, 2: 3, 3: 5, 4: 4, 5: 6, 6: 10, 7: 8}
Trying to moving ion 2... to 2
Ion assignment after moving ion 2: {0: 2, 1: 18, 2: 3, 3: 5, 4: 4, 5: 6, 6: 10, 7: 8}
Gate position gate updated to [2 3]--------------c
Trying to moving ion 3... to 3
Ion assignment after moving ion 3: {0: 2, 1: 18, 2: 3, 3: 5, 4: 4, 5: 6, 6: 10, 7: 8}
Trying to solve brute-force congestion at gate [2, 5] with {0: 2, 1: 18, 2: 3, 3: 5, 4: 4, 5: 6, 6: 10, 7: 8}
Trying to moving ion 2... to 2
Ion assignment after moving ion 2: {0: 2, 1: 18, 2: 3, 3: 5, 4: 4, 5: 6, 6: 10, 7: 8}
Clearing endpoint 3.........
Gate position gate updated to [2 5]--------------c
Trying to moving ion 5... to 3
Ion assignment after moving ion 5: {0: 2, 1: 18, 2: 15, 3: 3, 4: 4, 5: 6, 6: 10, 7: 8}
Trying to solve brute-force congestion at gate [2, 3] with {0: 2, 1: 18, 2: 15, 3: 3, 4: 4, 5: 6, 6: 10, 7: 8}
Trying to moving ion 2... to 2
Ion assignment after moving ion 2: {0: 2, 1: 18, 2: 15, 3: 3, 4: 4, 5: 6, 6: 10, 7: 8}
Gate position gate updated to [2 3]--------------c
Trying to moving ion 3... to 3
Ion assignment after moving ion 3: {0: 2, 1: 18, 2: 15, 3: 3, 4: 4, 5: 6, 6: 10, 7: 8}
Trying to solve brute-force congestion at gate [18, 15] with {0: 2, 1: 18, 2: 15, 3: 3, 4: 4, 5: 6, 6: 10, 7: 8}
Trying to moving ion 15... to 8
Ion assignment after moving ion 15: {0: 2, 1: 18, 2: 8, 3: 3, 4: 4, 5: 6, 6: 10, 7: 9}
Clearing endpoint 9.........
Gate position gate updated to [ 8 18]--------------c
Trying to moving ion 18... to 9
Ion assignment after moving ion 18: {0: 2, 1: 9, 2: 8, 3: 3, 4: 4, 5: 6, 6: 10, 7: 19}
Trying to solve brute-force congestion at gate [9, 8] with {0: 2, 1: 9, 2: 8, 3: 3, 4: 4, 5: 6, 6: 10, 7: 19}
Trying to moving ion 9... to 8
Ion assignment after moving ion 9: {0: 2, 1: 8, 2: 9, 3: 3, 4: 4, 5: 6, 6: 10, 7: 19}
Gate position gate updated to [8 9]--------------c
Trying to moving ion 9... to 9
Ion assignment after moving ion 9: {0: 2, 1: 8, 2: 9, 3: 3, 4: 4, 5: 6, 6: 10, 7: 19}
Trying to solve brute-force congestion at gate [2, 4] with {0: 2, 1: 8, 2: 9, 3: 3, 4: 4, 5: 6, 6: 10, 7: 19}
Trying to moving ion 4... to 4
Ion assignment after moving ion 4: {0: 2, 1: 8, 2: 9, 3: 3, 4: 4, 5: 6, 6: 10, 7: 19}
Gate position gate updated to [4 2]--------------c
Trying to moving ion 2... to 5
Ion assignment after moving ion 2: {0: 5, 1: 8, 2: 9, 3: 2, 4: 4, 5: 6, 6: 10, 7: 15}
Trying to solve brute-force congestion at gate [5, 4] with {0: 5, 1: 8, 2: 9, 3: 2, 4: 4, 5: 6, 6: 10, 7: 15}
Trying to moving ion 5... to 4
Ion assignment after moving ion 5: {0: 4, 1: 8, 2: 9, 3: 2, 4: 5, 5: 6, 6: 10, 7: 15}
Gate position gate updated to [4 5]--------------c
Trying to moving ion 5... to 5
Ion assignment after moving ion 5: {0: 4, 1: 8, 2: 9, 3: 2, 4: 5, 5: 6, 6: 10, 7: 15}
Trying to solve brute-force congestion at gate [4, 6] with {0: 4, 1: 8, 2: 9, 3: 2, 4: 5, 5: 6, 6: 10, 7: 15}
Trying to moving ion 6... to 6
Ion assignment after moving ion 6: {0: 4, 1: 8, 2: 9, 3: 2, 4: 5, 5: 6, 6: 10, 7: 15}
Gate position gate updated to [6 4]--------------c
Trying to moving ion 4... to 7
Ion assignment after moving ion 4: {0: 7, 1: 8, 2: 9, 3: 2, 4: 4, 5: 6, 6: 10, 7: 15}
Trying to solve brute-force congestion at gate [7, 6] with {0: 7, 1: 8, 2: 9, 3: 2, 4: 4, 5: 6, 6: 10, 7: 15}
Trying to moving ion 7... to 6
Ion assignment after moving ion 7: {0: 6, 1: 8, 2: 9, 3: 2, 4: 4, 5: 7, 6: 10, 7: 15}
Gate position gate updated to [6 7]--------------c
Trying to moving ion 7... to 7
Ion assignment after moving ion 7: {0: 6, 1: 8, 2: 9, 3: 2, 4: 4, 5: 7, 6: 10, 7: 15}
Trying to solve brute-force congestion at gate [6, 10] with {0: 6, 1: 8, 2: 9, 3: 2, 4: 4, 5: 7, 6: 10, 7: 15}
Trying to moving ion 10... to 10
Ion assignment after moving ion 10: {0: 6, 1: 8, 2: 9, 3: 2, 4: 4, 5: 7, 6: 10, 7: 15}
Gate position gate updated to [10  6]--------------c
Trying to moving ion 6... to 11
Ion assignment after moving ion 6: {0: 11, 1: 8, 2: 9, 3: 2, 4: 4, 5: 6, 6: 10, 7: 15}
Trying to solve brute-force congestion at gate [11, 10] with {0: 11, 1: 8, 2: 9, 3: 2, 4: 4, 5: 6, 6: 10, 7: 15}
Trying to moving ion 11... to 10
Ion assignment after moving ion 11: {0: 10, 1: 8, 2: 9, 3: 2, 4: 4, 5: 6, 6: 11, 7: 15}
Gate position gate updated to [10 11]--------------c
Trying to moving ion 11... to 11
Ion assignment after moving ion 11: {0: 10, 1: 8, 2: 9, 3: 2, 4: 4, 5: 6, 6: 11, 7: 15}
Trying to solve brute-force congestion at gate [8, 2] with {0: 10, 1: 8, 2: 9, 3: 2, 4: 4, 5: 6, 6: 11, 7: 15}
Trying to moving ion 2... to 2
Ion assignment after moving ion 2: {0: 10, 1: 8, 2: 9, 3: 2, 4: 4, 5: 6, 6: 11, 7: 15}
Gate position gate updated to [2 8]--------------c
Trying to moving ion 8... to 3
Ion assignment after moving ion 8: {0: 10, 1: 3, 2: 8, 3: 2, 4: 4, 5: 6, 6: 11, 7: 18}
Trying to solve brute-force congestion at gate [3, 2] with {0: 10, 1: 3, 2: 8, 3: 2, 4: 4, 5: 6, 6: 11, 7: 18}
Trying to moving ion 3... to 2
Ion assignment after moving ion 3: {0: 10, 1: 2, 2: 8, 3: 3, 4: 4, 5: 6, 6: 11, 7: 18}
Gate position gate updated to [2 3]--------------c
Trying to moving ion 3... to 3
Ion assignment after moving ion 3: {0: 10, 1: 2, 2: 8, 3: 3, 4: 4, 5: 6, 6: 11, 7: 18}
Trying to solve brute-force congestion at gate [2, 4] with {0: 10, 1: 2, 2: 8, 3: 3, 4: 4, 5: 6, 6: 11, 7: 18}
Trying to moving ion 4... to 4
Ion assignment after moving ion 4: {0: 10, 1: 2, 2: 8, 3: 3, 4: 4, 5: 6, 6: 11, 7: 18}
Gate position gate updated to [4 2]--------------c
Trying to moving ion 2... to 5
Ion assignment after moving ion 2: {0: 10, 1: 5, 2: 8, 3: 2, 4: 4, 5: 6, 6: 11, 7: 18}
Trying to solve brute-force congestion at gate [8, 2] with {0: 10, 1: 5, 2: 8, 3: 2, 4: 4, 5: 6, 6: 11, 7: 18}
Trying to moving ion 2... to 2
Ion assignment after moving ion 2: {0: 10, 1: 5, 2: 8, 3: 2, 4: 4, 5: 6, 6: 11, 7: 18}
Gate position gate updated to [2 8]--------------c
Trying to moving ion 8... to 3
Ion assignment after moving ion 8: {0: 10, 1: 5, 2: 3, 3: 2, 4: 4, 5: 6, 6: 11, 7: 18}
Trying to solve brute-force congestion at gate [3, 2] with {0: 10, 1: 5, 2: 3, 3: 2, 4: 4, 5: 6, 6: 11, 7: 18}
Trying to moving ion 3... to 2
Ion assignment after moving ion 3: {0: 10, 1: 5, 2: 2, 3: 3, 4: 4, 5: 6, 6: 11, 7: 18}
Gate position gate updated to [2 3]--------------c
Trying to moving ion 3... to 3
Ion assignment after moving ion 3: {0: 10, 1: 5, 2: 2, 3: 3, 4: 4, 5: 6, 6: 11, 7: 18}
Trying to solve brute-force congestion at gate [5, 6] with {0: 10, 1: 5, 2: 2, 3: 3, 4: 4, 5: 6, 6: 11, 7: 18}
Trying to moving ion 6... to 6
Ion assignment after moving ion 6: {0: 10, 1: 5, 2: 2, 3: 3, 4: 4, 5: 6, 6: 11, 7: 18}
Gate position gate updated to [6 5]--------------c
Trying to moving ion 5... to 7
Ion assignment after moving ion 5: {0: 10, 1: 7, 2: 2, 3: 3, 4: 4, 5: 6, 6: 11, 7: 18}
Trying to solve brute-force congestion at gate [7, 6] with {0: 10, 1: 7, 2: 2, 3: 3, 4: 4, 5: 6, 6: 11, 7: 18}
Trying to moving ion 7... to 6
Ion assignment after moving ion 7: {0: 10, 1: 6, 2: 2, 3: 3, 4: 4, 5: 7, 6: 11, 7: 18}
Gate position gate updated to [6 7]--------------c
Trying to moving ion 7... to 7
Ion assignment after moving ion 7: {0: 10, 1: 6, 2: 2, 3: 3, 4: 4, 5: 7, 6: 11, 7: 18}
Trying to solve brute-force congestion at gate [6, 11] with {0: 10, 1: 6, 2: 2, 3: 3, 4: 4, 5: 7, 6: 11, 7: 18}
Trying to moving ion 6... to 6
Ion assignment after moving ion 6: {0: 10, 1: 6, 2: 2, 3: 3, 4: 4, 5: 7, 6: 11, 7: 18}
Clearing endpoint 7.........
Gate position gate updated to [ 6 11]--------------c
Trying to moving ion 11... to 7
Ion assignment after moving ion 11: {0: 10, 1: 6, 2: 2, 3: 3, 4: 4, 5: 16, 6: 7, 7: 15}
Trying to solve brute-force congestion at gate [6, 7] with {0: 10, 1: 6, 2: 2, 3: 3, 4: 4, 5: 16, 6: 7, 7: 15}
Trying to moving ion 6... to 6
Ion assignment after moving ion 6: {0: 10, 1: 6, 2: 2, 3: 3, 4: 4, 5: 16, 6: 7, 7: 15}
Gate position gate updated to [6 7]--------------c
Trying to moving ion 7... to 7
Ion assignment after moving ion 7: {0: 10, 1: 6, 2: 2, 3: 3, 4: 4, 5: 16, 6: 7, 7: 15}
Trying to solve brute-force congestion at gate [10, 15] with {0: 10, 1: 6, 2: 2, 3: 3, 4: 4, 5: 16, 6: 7, 7: 15}
Trying to moving ion 10... to 10
Ion assignment after moving ion 10: {0: 10, 1: 6, 2: 2, 3: 3, 4: 4, 5: 16, 6: 7, 7: 15}
Gate position gate updated to [10 15]--------------c
Trying to moving ion 15... to 11
Ion assignment after moving ion 15: {0: 10, 1: 6, 2: 2, 3: 3, 4: 4, 5: 16, 6: 7, 7: 11}
Trying to solve brute-force congestion at gate [10, 11] with {0: 10, 1: 6, 2: 2, 3: 3, 4: 4, 5: 16, 6: 7, 7: 11}
Trying to moving ion 10... to 10
Ion assignment after moving ion 10: {0: 10, 1: 6, 2: 2, 3: 3, 4: 4, 5: 16, 6: 7, 7: 11}
Gate position gate updated to [10 11]--------------c
Trying to moving ion 11... to 11
Ion assignment after moving ion 11: {0: 10, 1: 6, 2: 2, 3: 3, 4: 4, 5: 16, 6: 7, 7: 11}
Trying to solve brute-force congestion at gate [6, 11] with {0: 10, 1: 6, 2: 2, 3: 3, 4: 4, 5: 16, 6: 7, 7: 11}
Trying to moving ion 6... to 6
Ion assignment after moving ion 6: {0: 10, 1: 6, 2: 2, 3: 3, 4: 4, 5: 16, 6: 7, 7: 11}
Clearing endpoint 7.........
Gate position gate updated to [ 6 11]--------------c
Trying to moving ion 11... to 7
Ion assignment after moving ion 11: {0: 10, 1: 6, 2: 2, 3: 3, 4: 4, 5: 5, 6: 16, 7: 7}
Trying to solve brute-force congestion at gate [6, 7] with {0: 10, 1: 6, 2: 2, 3: 3, 4: 4, 5: 5, 6: 16, 7: 7}
Trying to moving ion 6... to 6
Ion assignment after moving ion 6: {0: 10, 1: 6, 2: 2, 3: 3, 4: 4, 5: 5, 6: 16, 7: 7}
Gate position gate updated to [6 7]--------------c
Trying to moving ion 7... to 7
Ion assignment after moving ion 7: {0: 10, 1: 6, 2: 2, 3: 3, 4: 4, 5: 5, 6: 16, 7: 7}
Trying to solve brute-force congestion at gate [2, 4] with {0: 10, 1: 6, 2: 2, 3: 3, 4: 4, 5: 5, 6: 16, 7: 7}
Trying to moving ion 2... to 2
Ion assignment after moving ion 2: {0: 10, 1: 6, 2: 2, 3: 3, 4: 4, 5: 5, 6: 16, 7: 7}
Clearing endpoint 3.........
Gate position gate updated to [2 4]--------------c
Trying to moving ion 4... to 3
Ion assignment after moving ion 4: {0: 10, 1: 6, 2: 2, 3: 15, 4: 3, 5: 4, 6: 18, 7: 7}
Trying to solve brute-force congestion at gate [2, 3] with {0: 10, 1: 6, 2: 2, 3: 15, 4: 3, 5: 4, 6: 18, 7: 7}
Trying to moving ion 2... to 2
Ion assignment after moving ion 2: {0: 10, 1: 6, 2: 2, 3: 15, 4: 3, 5: 4, 6: 18, 7: 7}
Gate position gate updated to [2 3]--------------c
Trying to moving ion 3... to 3
Ion assignment after moving ion 3: {0: 10, 1: 6, 2: 2, 3: 15, 4: 3, 5: 4, 6: 18, 7: 7}
Trying to solve brute-force congestion at gate [2, 4] with {0: 10, 1: 6, 2: 2, 3: 15, 4: 3, 5: 4, 6: 18, 7: 7}
Trying to moving ion 4... to 4
Ion assignment after moving ion 4: {0: 10, 1: 6, 2: 2, 3: 15, 4: 3, 5: 4, 6: 18, 7: 7}
Gate position gate updated to [4 2]--------------c
Trying to moving ion 2... to 5
Ion assignment after moving ion 2: {0: 10, 1: 6, 2: 5, 3: 15, 4: 2, 5: 4, 6: 18, 7: 7}
Trying to solve brute-force congestion at gate [15, 2] with {0: 10, 1: 6, 2: 5, 3: 15, 4: 2, 5: 4, 6: 18, 7: 7}
Trying to moving ion 2... to 2
Ion assignment after moving ion 2: {0: 10, 1: 6, 2: 5, 3: 15, 4: 2, 5: 4, 6: 18, 7: 7}
Gate position gate updated to [ 2 15]--------------c
Trying to moving ion 15... to 3
Ion assignment after moving ion 15: {0: 10, 1: 6, 2: 5, 3: 3, 4: 2, 5: 4, 6: 18, 7: 7}
Trying to solve brute-force congestion at gate [5, 18] with {0: 10, 1: 6, 2: 5, 3: 3, 4: 2, 5: 4, 6: 18, 7: 7}
Trying to moving ion 5... to 4
Ion assignment after moving ion 5: {0: 10, 1: 6, 2: 4, 3: 3, 4: 2, 5: 5, 6: 18, 7: 7}
Clearing endpoint 5.........
Gate position gate updated to [ 4 18]--------------c
Trying to moving ion 18... to 5
Ion assignment after moving ion 18: {0: 10, 1: 6, 2: 4, 3: 3, 4: 2, 5: 17, 6: 5, 7: 7}
Trying to solve brute-force congestion at gate [3, 17] with {0: 10, 1: 6, 2: 4, 3: 3, 4: 2, 5: 17, 6: 5, 7: 7}
Trying to moving ion 3... to 2
Ion assignment after moving ion 3: {0: 10, 1: 6, 2: 4, 3: 2, 4: 3, 5: 17, 6: 5, 7: 7}
Clearing endpoint 3.........
Gate position gate updated to [ 2 17]--------------c
Trying to moving ion 17... to 3
Ion assignment after moving ion 17: {0: 10, 1: 6, 2: 4, 3: 2, 4: 18, 5: 3, 6: 5, 7: 7}
Trying to solve brute-force congestion at gate [4, 7] with {0: 10, 1: 6, 2: 4, 3: 2, 4: 18, 5: 3, 6: 5, 7: 7}
Trying to moving ion 4... to 4
Ion assignment after moving ion 4: {0: 10, 1: 6, 2: 4, 3: 2, 4: 18, 5: 3, 6: 5, 7: 7}
Clearing endpoint 5.........
Gate position gate updated to [4 7]--------------c
Trying to moving ion 7... to 5
Ion assignment after moving ion 7: {0: 10, 1: 6, 2: 4, 3: 2, 4: 18, 5: 3, 6: 19, 7: 5}
Trying to solve brute-force congestion at gate [4, 5] with {0: 10, 1: 6, 2: 4, 3: 2, 4: 18, 5: 3, 6: 19, 7: 5}
Trying to moving ion 4... to 4
Ion assignment after moving ion 4: {0: 10, 1: 6, 2: 4, 3: 2, 4: 18, 5: 3, 6: 19, 7: 5}
Gate position gate updated to [4 5]--------------c
Trying to moving ion 5... to 5
Ion assignment after moving ion 5: {0: 10, 1: 6, 2: 4, 3: 2, 4: 18, 5: 3, 6: 19, 7: 5}
Trying to solve brute-force congestion at gate [2, 19] with {0: 10, 1: 6, 2: 4, 3: 2, 4: 18, 5: 3, 6: 19, 7: 5}
Trying to moving ion 2... to 2
Ion assignment after moving ion 2: {0: 10, 1: 6, 2: 4, 3: 2, 4: 18, 5: 3, 6: 19, 7: 5}
Clearing endpoint 3.........
Gate position gate updated to [ 2 19]--------------c
Trying to moving ion 19... to 3
Ion assignment after moving ion 19: {0: 10, 1: 6, 2: 4, 3: 2, 4: 18, 5: 15, 6: 3, 7: 5}
Trying to solve brute-force congestion at gate [2, 3] with {0: 10, 1: 6, 2: 4, 3: 2, 4: 18, 5: 15, 6: 3, 7: 5}
Trying to moving ion 2... to 2
Ion assignment after moving ion 2: {0: 10, 1: 6, 2: 4, 3: 2, 4: 18, 5: 15, 6: 3, 7: 5}
Gate position gate updated to [2 3]--------------c
Trying to moving ion 3... to 3
Ion assignment after moving ion 3: {0: 10, 1: 6, 2: 4, 3: 2, 4: 18, 5: 15, 6: 3, 7: 5}
Trying to solve brute-force congestion at gate [2, 5] with {0: 10, 1: 6, 2: 4, 3: 2, 4: 18, 5: 15, 6: 3, 7: 5}
Trying to moving ion 2... to 2
Ion assignment after moving ion 2: {0: 10, 1: 6, 2: 4, 3: 2, 4: 18, 5: 15, 6: 3, 7: 5}
Clearing endpoint 3.........
Gate position gate updated to [2 5]--------------c
Trying to moving ion 5... to 3
Ion assignment after moving ion 5: {0: 10, 1: 6, 2: 4, 3: 2, 4: 12, 5: 15, 6: 18, 7: 3}
Trying to solve brute-force congestion at gate [12, 15] with {0: 10, 1: 6, 2: 4, 3: 2, 4: 12, 5: 15, 6: 18, 7: 3}
Trying to moving ion 12... to 0
Ion assignment after moving ion 12: {0: 10, 1: 6, 2: 4, 3: 2, 4: 0, 5: 15, 6: 18, 7: 3}
Gate position gate updated to [ 0 15]--------------c
Trying to moving ion 15... to 1
Ion assignment after moving ion 15: {0: 10, 1: 6, 2: 4, 3: 2, 4: 0, 5: 1, 6: 13, 7: 3}
Trying to solve brute-force congestion at gate [0, 1] with {0: 10, 1: 6, 2: 4, 3: 2, 4: 0, 5: 1, 6: 13, 7: 3}
Trying to moving ion 0... to 0
Ion assignment after moving ion 0: {0: 10, 1: 6, 2: 4, 3: 2, 4: 0, 5: 1, 6: 13, 7: 3}
Gate position gate updated to [0 1]--------------c
Trying to moving ion 1... to 1
Ion assignment after moving ion 1: {0: 10, 1: 6, 2: 4, 3: 2, 4: 0, 5: 1, 6: 13, 7: 3}
Trying to solve brute-force congestion at gate [0, 13] with {0: 10, 1: 6, 2: 4, 3: 2, 4: 0, 5: 1, 6: 13, 7: 3}
Trying to moving ion 0... to 0
Ion assignment after moving ion 0: {0: 10, 1: 6, 2: 4, 3: 2, 4: 0, 5: 1, 6: 13, 7: 3}
Clearing endpoint 1.........
Gate position gate updated to [ 0 13]--------------c
Trying to moving ion 13... to 1
Ion assignment after moving ion 13: {0: 10, 1: 6, 2: 4, 3: 2, 4: 0, 5: 18, 6: 1, 7: 3}
Trying to solve brute-force congestion at gate [0, 1] with {0: 10, 1: 6, 2: 4, 3: 2, 4: 0, 5: 18, 6: 1, 7: 3}
Trying to moving ion 0... to 0
Ion assignment after moving ion 0: {0: 10, 1: 6, 2: 4, 3: 2, 4: 0, 5: 18, 6: 1, 7: 3}
Gate position gate updated to [0 1]--------------c
Trying to moving ion 1... to 1
Ion assignment after moving ion 1: {0: 10, 1: 6, 2: 4, 3: 2, 4: 0, 5: 18, 6: 1, 7: 3}
Trying to solve brute-force congestion at gate [0, 3] with {0: 10, 1: 6, 2: 4, 3: 2, 4: 0, 5: 18, 6: 1, 7: 3}
Trying to moving ion 0... to 0
Ion assignment after moving ion 0: {0: 10, 1: 6, 2: 4, 3: 2, 4: 0, 5: 18, 6: 1, 7: 3}
Clearing endpoint 1.........
Gate position gate updated to [0 3]--------------c
Trying to moving ion 3... to 1
Ion assignment after moving ion 3: {0: 10, 1: 6, 2: 4, 3: 2, 4: 0, 5: 19, 6: 13, 7: 1}
Trying to solve brute-force congestion at gate [0, 1] with {0: 10, 1: 6, 2: 4, 3: 2, 4: 0, 5: 19, 6: 13, 7: 1}
Trying to moving ion 0... to 0
Ion assignment after moving ion 0: {0: 10, 1: 6, 2: 4, 3: 2, 4: 0, 5: 19, 6: 13, 7: 1}
Gate position gate updated to [0 1]--------------c
Trying to moving ion 1... to 1
Ion assignment after moving ion 1: {0: 10, 1: 6, 2: 4, 3: 2, 4: 0, 5: 19, 6: 13, 7: 1}
Trying to solve brute-force congestion at gate [19, 13] with {0: 10, 1: 6, 2: 4, 3: 2, 4: 0, 5: 19, 6: 13, 7: 1}
Trying to moving ion 19... to 8
Ion assignment after moving ion 19: {0: 10, 1: 6, 2: 4, 3: 2, 4: 0, 5: 8, 6: 13, 7: 1}
Gate position gate updated to [ 8 13]--------------c
Trying to moving ion 13... to 9
Ion assignment after moving ion 13: {0: 10, 1: 6, 2: 4, 3: 2, 4: 0, 5: 8, 6: 9, 7: 1}
Trying to solve brute-force congestion at gate [8, 9] with {0: 10, 1: 6, 2: 4, 3: 2, 4: 0, 5: 8, 6: 9, 7: 1}
Trying to moving ion 8... to 8
Ion assignment after moving ion 8: {0: 10, 1: 6, 2: 4, 3: 2, 4: 0, 5: 8, 6: 9, 7: 1}
Gate position gate updated to [8 9]--------------c
Trying to moving ion 9... to 9
Ion assignment after moving ion 9: {0: 10, 1: 6, 2: 4, 3: 2, 4: 0, 5: 8, 6: 9, 7: 1}
Trying to solve brute-force congestion at gate [8, 1] with {0: 10, 1: 6, 2: 4, 3: 2, 4: 0, 5: 8, 6: 9, 7: 1}
Trying to moving ion 8... to 8
Ion assignment after moving ion 8: {0: 10, 1: 6, 2: 4, 3: 2, 4: 0, 5: 8, 6: 9, 7: 1}
Clearing endpoint 9.........
Gate position gate updated to [8 1]--------------c
Trying to moving ion 1... to 9
Ion assignment after moving ion 1: {0: 10, 1: 6, 2: 4, 3: 2, 4: 0, 5: 8, 6: 19, 7: 9}
Trying to solve brute-force congestion at gate [8, 9] with {0: 10, 1: 6, 2: 4, 3: 2, 4: 0, 5: 8, 6: 19, 7: 9}
Trying to moving ion 8... to 8
Ion assignment after moving ion 8: {0: 10, 1: 6, 2: 4, 3: 2, 4: 0, 5: 8, 6: 19, 7: 9}
Gate position gate updated to [8 9]--------------c
Trying to moving ion 9... to 9
Ion assignment after moving ion 9: {0: 10, 1: 6, 2: 4, 3: 2, 4: 0, 5: 8, 6: 19, 7: 9}
Trying to solve brute-force congestion at gate [19, 9] with {0: 10, 1: 6, 2: 4, 3: 2, 4: 0, 5: 8, 6: 19, 7: 9}
Trying to moving ion 9... to 8
Ion assignment after moving ion 9: {0: 10, 1: 6, 2: 4, 3: 2, 4: 0, 5: 9, 6: 19, 7: 8}
Clearing endpoint 9.........
Gate position gate updated to [ 8 19]--------------c
Trying to moving ion 19... to 9
Ion assignment after moving ion 19: {0: 10, 1: 6, 2: 4, 3: 2, 4: 0, 5: 18, 6: 9, 7: 8}
Trying to solve brute-force congestion at gate [9, 8] with {0: 10, 1: 6, 2: 4, 3: 2, 4: 0, 5: 18, 6: 9, 7: 8}
Trying to moving ion 9... to 8
Ion assignment after moving ion 9: {0: 10, 1: 6, 2: 4, 3: 2, 4: 0, 5: 18, 6: 8, 7: 9}
Gate position gate updated to [8 9]--------------c
Trying to moving ion 9... to 9
Ion assignment after moving ion 9: {0: 10, 1: 6, 2: 4, 3: 2, 4: 0, 5: 18, 6: 8, 7: 9}
Executing gate at point (0, 6).
Executing gate at point (1, 6).
Trying to solve brute-force congestion at gate [18, 9] with {0: 10, 1: 6, 2: 4, 3: 2, 4: 0, 5: 18, 6: 8, 7: 9}
Trying to moving ion 9... to 8
Ion assignment after moving ion 9: {0: 10, 1: 6, 2: 4, 3: 2, 4: 0, 5: 18, 6: 9, 7: 8}
Clearing endpoint 9.........
Gate position gate updated to [ 8 18]--------------c
Trying to moving ion 18... to 9
Ion assignment after moving ion 18: {0: 10, 1: 6, 2: 4, 3: 2, 4: 0, 5: 9, 6: 19, 7: 8}
Executing gate at point (2, 5).
Executing gate at point (3, 5).
Trying to solve brute-force congestion at gate [0, 8] with {0: 10, 1: 6, 2: 4, 3: 2, 4: 0, 5: 9, 6: 19, 7: 8}
Trying to moving ion 0... to 0
Ion assignment after moving ion 0: {0: 10, 1: 6, 2: 4, 3: 2, 4: 0, 5: 9, 6: 19, 7: 8}
Gate position gate updated to [0 8]--------------c
Trying to moving ion 8... to 1
Ion assignment after moving ion 8: {0: 10, 1: 6, 2: 4, 3: 2, 4: 0, 5: 8, 6: 19, 7: 1}
Executing gate at point (4, 4).
Executing gate at point (5, 4).
Best move: (1, 12)
Best move: (15, 19)
Best move: (9, 15)
Executing gate at point (4, 5).
Executing gate at point (5, 5).
Best move: (12, 18)
Best move: (14, 18)
Best move: (9, 15)
Best move: (15, 18)
Best move: (12, 18)
Best move: (1, 12)
Try bruteforce due to multiple steps (6) to solve one gate
Trying to solve brute-force congestion at gate [2, 14] with {0: 10, 1: 6, 2: 4, 3: 2, 4: 0, 5: 8, 6: 1, 7: 14}
Trying to moving ion 2... to 2
Ion assignment after moving ion 2: {0: 10, 1: 6, 2: 4, 3: 2, 4: 0, 5: 8, 6: 1, 7: 14}
Gate position gate updated to [ 2 14]--------------c
Trying to moving ion 14... to 3
Ion assignment after moving ion 14: {0: 10, 1: 6, 2: 4, 3: 2, 4: 0, 5: 8, 6: 1, 7: 3}
Executing gate at point (6, 3).
Executing gate at point (6, 4).
Executing gate at point (7, 4).
Executing gate at point (7, 3).
Best move: (3, 14)
Best move: (1, 12)
Best move: (12, 18)
Best move: (18, 19)
Best move: (18, 19)
Best move: (18, 19)
Try bruteforce due to multiple steps (6) to solve one gate
Trying to solve brute-force congestion at gate [2, 19] with {0: 10, 1: 6, 2: 4, 3: 2, 4: 0, 5: 8, 6: 19, 7: 14}
Trying to moving ion 2... to 2
Ion assignment after moving ion 2: {0: 10, 1: 6, 2: 4, 3: 2, 4: 0, 5: 8, 6: 19, 7: 14}
Gate position gate updated to [ 2 19]--------------c
Trying to moving ion 19... to 3
Ion assignment after moving ion 19: {0: 10, 1: 6, 2: 4, 3: 2, 4: 0, 5: 8, 6: 3, 7: 18}
Executing gate at point (8, 3).
Executing gate at point (9, 3).
Best move: (18, 19)
Best move: (16, 19)
Best move: (4, 5)
Best move: (4, 5)
Best move: (5, 16)
Executing gate at point (8, 2).
Executing gate at point (9, 2).
Best move: (5, 16)
Best move: (16, 17)
Best move: (6, 7)
Best move: (6, 7)
Best move: (7, 17)
Executing gate at point (10, 1).
Executing gate at point (11, 1).
Best move: (3, 14)
Best move: (7, 17)
Best move: (17, 19)
Best move: (18, 19)
Best move: (13, 18)
Best move: (14, 19)
Try bruteforce due to multiple steps (6) to solve one gate
Trying to solve brute-force congestion at gate [10, 13] with {0: 10, 1: 6, 2: 4, 3: 2, 4: 0, 5: 8, 6: 19, 7: 13}
Trying to moving ion 10... to 10
Ion assignment after moving ion 10: {0: 10, 1: 6, 2: 4, 3: 2, 4: 0, 5: 8, 6: 19, 7: 13}
Gate position gate updated to [10 13]--------------c
Trying to moving ion 13... to 11
Ion assignment after moving ion 13: {0: 10, 1: 6, 2: 4, 3: 2, 4: 0, 5: 8, 6: 19, 7: 11}
Executing gate at point (12, 0).
Executing gate at point (13, 0).
Best move: (16, 19)
Best move: (5, 16)
Executing gate at point (10, 2).
Executing gate at point (11, 2).
Trying to solve brute-force congestion at gate [6, 5] with {0: 10, 1: 6, 2: 4, 3: 2, 4: 0, 5: 8, 6: 5, 7: 11}
Trying to moving ion 6... to 6
Ion assignment after moving ion 6: {0: 10, 1: 6, 2: 4, 3: 2, 4: 0, 5: 8, 6: 5, 7: 11}
Gate position gate updated to [6 5]--------------c
Trying to moving ion 5... to 7
Ion assignment after moving ion 5: {0: 10, 1: 6, 2: 4, 3: 2, 4: 0, 5: 8, 6: 7, 7: 11}
Executing gate at point (12, 1).
Executing gate at point (13, 1).
Trying to solve brute-force congestion at gate [0, 8] with {0: 10, 1: 6, 2: 4, 3: 2, 4: 0, 5: 8, 6: 7, 7: 11}
Trying to moving ion 0... to 0
Ion assignment after moving ion 0: {0: 10, 1: 6, 2: 4, 3: 2, 4: 0, 5: 8, 6: 7, 7: 11}
Gate position gate updated to [0 8]--------------c
Trying to moving ion 8... to 1
Ion assignment after moving ion 8: {0: 10, 1: 6, 2: 4, 3: 2, 4: 0, 5: 1, 6: 7, 7: 11}
Executing gate at point (8, 4).
Executing gate at point (9, 4).
Best move: (1, 12)
Best move: (7, 17)
Best move: (17, 19)
Best move: (10, 11)
Best move: (11, 13)
Best move: (13, 18)
Try bruteforce due to multiple steps (6) to solve one gate
Trying to solve brute-force congestion at gate [18, 19] with {0: 18, 1: 6, 2: 4, 3: 2, 4: 0, 5: 12, 6: 19, 7: 10}
Trying to moving ion 18... to 8
Ion assignment after moving ion 18: {0: 8, 1: 6, 2: 4, 3: 2, 4: 0, 5: 12, 6: 19, 7: 10}
Gate position gate updated to [ 8 19]--------------c
Trying to moving ion 19... to 9
Ion assignment after moving ion 19: {0: 8, 1: 6, 2: 4, 3: 2, 4: 0, 5: 12, 6: 9, 7: 10}
Executing gate at point (14, 0).
Executing gate at point (15, 0).
Best move: (12, 18)
Best move: (14, 18)
Best move: (3, 14)
Executing gate at point (10, 3).
Executing gate at point (11, 3).
Best move: (3, 14)
Best move: (14, 19)
Best move: (16, 19)
Best move: (5, 16)
Executing gate at point (12, 2).
Executing gate at point (13, 2).
Trying to solve brute-force congestion at gate [6, 5] with {0: 8, 1: 6, 2: 4, 3: 2, 4: 0, 5: 5, 6: 9, 7: 10}
Trying to moving ion 6... to 6
Ion assignment after moving ion 6: {0: 8, 1: 6, 2: 4, 3: 2, 4: 0, 5: 5, 6: 9, 7: 10}
Gate position gate updated to [6 5]--------------c
Trying to moving ion 5... to 7
Ion assignment after moving ion 5: {0: 8, 1: 6, 2: 4, 3: 2, 4: 0, 5: 7, 6: 9, 7: 10}
Executing gate at point (14, 1).
Executing gate at point (15, 1).
Trying to solve brute-force congestion at gate [8, 7] with {0: 8, 1: 6, 2: 4, 3: 2, 4: 0, 5: 7, 6: 9, 7: 10}
Trying to moving ion 8... to 8
Ion assignment after moving ion 8: {0: 8, 1: 6, 2: 4, 3: 2, 4: 0, 5: 7, 6: 9, 7: 10}
Clearing endpoint 9.........
Gate position gate updated to [8 7]--------------c
Trying to moving ion 7... to 9
Ion assignment after moving ion 7: {0: 8, 1: 6, 2: 4, 3: 2, 4: 0, 5: 9, 6: 18, 7: 10}
Executing gate at point (16, 0).
Executing gate at point (17, 0).
Best move: (0, 1)
Best move: (1, 12)
Best move: (12, 13)
Best move: (12, 13)
Best move: (12, 13)
Try bruteforce due to repeated pattern...
Trying to solve brute-force congestion at gate [2, 13] with {0: 8, 1: 6, 2: 4, 3: 2, 4: 13, 5: 9, 6: 18, 7: 10}
Trying to moving ion 2... to 2
Ion assignment after moving ion 2: {0: 8, 1: 6, 2: 4, 3: 2, 4: 13, 5: 9, 6: 18, 7: 10}
Gate position gate updated to [ 2 13]--------------c
Trying to moving ion 13... to 3
Ion assignment after moving ion 13: {0: 8, 1: 6, 2: 4, 3: 2, 4: 3, 5: 9, 6: 12, 7: 10}
Executing gate at point (12, 3).
Executing gate at point (13, 3).
Best move: (3, 14)
Best move: (14, 19)
Best move: (16, 19)
Best move: (5, 16)
Executing gate at point (14, 2).
Executing gate at point (15, 2).
Best move: (5, 16)
Best move: (2, 3)
Best move: (3, 14)
Best move: (14, 19)
Best move: (17, 19)
Best move: (17, 19)
Try bruteforce due to multiple steps (6) to solve one gate
Trying to solve brute-force congestion at gate [4, 19] with {0: 8, 1: 6, 2: 4, 3: 19, 4: 16, 5: 9, 6: 12, 7: 10}
Trying to moving ion 4... to 4
Ion assignment after moving ion 4: {0: 8, 1: 6, 2: 4, 3: 19, 4: 16, 5: 9, 6: 12, 7: 10}
Gate position gate updated to [ 4 19]--------------c
Trying to moving ion 19... to 5
Ion assignment after moving ion 19: {0: 8, 1: 6, 2: 4, 3: 5, 4: 17, 5: 9, 6: 12, 7: 10}
Executing gate at point (16, 2).
Executing gate at point (17, 2).
Best move: (7, 17)
Executing gate at point (16, 1).
Executing gate at point (17, 1).
Best move: (7, 17)
Best move: (17, 19)
Best move: (8, 9)
Best move: (9, 15)
Best move: (14, 19)
Best move: (15, 18)
Try bruteforce due to multiple steps (6) to solve one gate
Trying to solve brute-force congestion at gate [18, 14] with {0: 18, 1: 6, 2: 4, 3: 5, 4: 14, 5: 8, 6: 12, 7: 10}
Trying to moving ion 14... to 2
Ion assignment after moving ion 14: {0: 18, 1: 6, 2: 4, 3: 5, 4: 2, 5: 8, 6: 12, 7: 10}
Gate position gate updated to [ 2 18]--------------c
Trying to moving ion 18... to 3
Ion assignment after moving ion 18: {0: 3, 1: 6, 2: 4, 3: 5, 4: 2, 5: 8, 6: 12, 7: 10}
Executing gate at point (18, 0).
Executing gate at point (19, 0).
Best move: (5, 16)
Best move: (16, 17)
Best move: (7, 17)
Executing gate at point (18, 1).
Executing gate at point (19, 1).
Best move: (3, 14)
Best move: (7, 17)
Best move: (17, 19)
Best move: (18, 19)
Best move: (14, 19)
Best move: (4, 5)
Try bruteforce due to multiple steps (6) to solve one gate
Trying to solve brute-force congestion at gate [19, 18] with {0: 19, 1: 6, 2: 5, 3: 18, 4: 2, 5: 8, 6: 12, 7: 10}
Trying to moving ion 19... to 2
Ion assignment after moving ion 19: {0: 2, 1: 6, 2: 5, 3: 18, 4: 3, 5: 8, 6: 12, 7: 10}
Clearing endpoint 3.........
Gate position gate updated to [ 2 18]--------------c
Trying to moving ion 18... to 3
Ion assignment after moving ion 18: {0: 2, 1: 6, 2: 5, 3: 3, 4: 19, 5: 8, 6: 12, 7: 10}
Executing gate at point (20, 0).
Executing gate at point (21, 0).
Best move: (3, 14)
Best move: (5, 16)
Best move: (16, 17)
Best move: (7, 17)
Executing gate at point (20, 1).
Executing gate at point (21, 1).
Best move: (7, 17)
Best move: (16, 19)
Best move: (14, 19)
Best move: (5, 16)
Best move: (16, 19)
Best move: (4, 5)
Try bruteforce due to multiple steps (6) to solve one gate
Trying to solve brute-force congestion at gate [16, 4] with {0: 2, 1: 6, 2: 17, 3: 16, 4: 4, 5: 8, 6: 12, 7: 10}
Trying to moving ion 4... to 4
Ion assignment after moving ion 4: {0: 2, 1: 6, 2: 17, 3: 16, 4: 4, 5: 8, 6: 12, 7: 10}
Gate position gate updated to [ 4 16]--------------c
Trying to moving ion 16... to 5
Ion assignment after moving ion 16: {0: 2, 1: 6, 2: 17, 3: 5, 4: 4, 5: 8, 6: 12, 7: 10}
Executing gate at point (22, 3).
Executing gate at point (23, 3).
Executing gate at point (24, 3).
Best move: (17, 19)
Best move: (14, 19)
Best move: (3, 14)
Executing gate at point (22, 0).
Executing gate at point (23, 0).
Best move: (3, 14)
Best move: (14, 15)
Best move: (9, 15)
Executing gate at point (24, 2).
Executing gate at point (25, 2).
Executing gate at point (26, 2).
Best move: (2, 3)
Best move: (3, 14)
Best move: (14, 19)
Best move: (17, 19)
Best move: (7, 17)
Executing gate at point (24, 0).
Executing gate at point (25, 0).
Best move: (7, 17)
Best move: (17, 19)
Best move: (18, 19)
Best move: (13, 18)
Best move: (11, 13)
Executing gate at point (26, 0).
Executing gate at point (27, 0).
Executing gate at point (28, 0).
Best move: (12, 18)
Best move: (18, 19)
Best move: (17, 19)
Best move: (7, 17)
Executing gate at point (26, 1).
Executing gate at point (27, 1).
Executing gate at point (28, 1).
Trying to solve brute-force congestion at gate [18, 14] with {0: 18, 1: 14, 2: 9, 3: 5, 4: 4, 5: 8, 6: 6, 7: 10}
Trying to moving ion 14... to 2
Ion assignment after moving ion 14: {0: 18, 1: 2, 2: 9, 3: 5, 4: 4, 5: 8, 6: 6, 7: 10}
Gate position gate updated to [ 2 18]--------------c
Trying to moving ion 18... to 3
Ion assignment after moving ion 18: {0: 3, 1: 2, 2: 9, 3: 5, 4: 4, 5: 8, 6: 6, 7: 10}
Trying to solve brute-force congestion at gate [3, 2] with {0: 3, 1: 2, 2: 9, 3: 5, 4: 4, 5: 8, 6: 6, 7: 10}
Trying to moving ion 3... to 2
Ion assignment after moving ion 3: {0: 2, 1: 3, 2: 9, 3: 5, 4: 4, 5: 8, 6: 6, 7: 10}
Gate position gate updated to [2 3]--------------c
Trying to moving ion 3... to 3
Ion assignment after moving ion 3: {0: 2, 1: 3, 2: 9, 3: 5, 4: 4, 5: 8, 6: 6, 7: 10}
Trying to solve brute-force congestion at gate [2, 9] with {0: 2, 1: 3, 2: 9, 3: 5, 4: 4, 5: 8, 6: 6, 7: 10}
Trying to moving ion 2... to 2
Ion assignment after moving ion 2: {0: 2, 1: 3, 2: 9, 3: 5, 4: 4, 5: 8, 6: 6, 7: 10}
Clearing endpoint 3.........
Gate position gate updated to [2 9]--------------c
Trying to moving ion 9... to 3
Ion assignment after moving ion 9: {0: 2, 1: 19, 2: 3, 3: 5, 4: 4, 5: 8, 6: 6, 7: 10}
Trying to solve brute-force congestion at gate [2, 3] with {0: 2, 1: 19, 2: 3, 3: 5, 4: 4, 5: 8, 6: 6, 7: 10}
Trying to moving ion 2... to 2
Ion assignment after moving ion 2: {0: 2, 1: 19, 2: 3, 3: 5, 4: 4, 5: 8, 6: 6, 7: 10}
Gate position gate updated to [2 3]--------------c
Trying to moving ion 3... to 3
Ion assignment after moving ion 3: {0: 2, 1: 19, 2: 3, 3: 5, 4: 4, 5: 8, 6: 6, 7: 10}
Trying to solve brute-force congestion at gate [2, 5] with {0: 2, 1: 19, 2: 3, 3: 5, 4: 4, 5: 8, 6: 6, 7: 10}
Trying to moving ion 2... to 2
Ion assignment after moving ion 2: {0: 2, 1: 19, 2: 3, 3: 5, 4: 4, 5: 8, 6: 6, 7: 10}
Clearing endpoint 3.........
Gate position gate updated to [2 5]--------------c
Trying to moving ion 5... to 3
Ion assignment after moving ion 5: {0: 2, 1: 18, 2: 15, 3: 3, 4: 4, 5: 8, 6: 6, 7: 10}
Trying to solve brute-force congestion at gate [2, 3] with {0: 2, 1: 18, 2: 15, 3: 3, 4: 4, 5: 8, 6: 6, 7: 10}
Trying to moving ion 2... to 2
Ion assignment after moving ion 2: {0: 2, 1: 18, 2: 15, 3: 3, 4: 4, 5: 8, 6: 6, 7: 10}
Gate position gate updated to [2 3]--------------c
Trying to moving ion 3... to 3
Ion assignment after moving ion 3: {0: 2, 1: 18, 2: 15, 3: 3, 4: 4, 5: 8, 6: 6, 7: 10}
Trying to solve brute-force congestion at gate [18, 15] with {0: 2, 1: 18, 2: 15, 3: 3, 4: 4, 5: 8, 6: 6, 7: 10}
Trying to moving ion 15... to 8
Ion assignment after moving ion 15: {0: 2, 1: 18, 2: 8, 3: 3, 4: 4, 5: 9, 6: 6, 7: 10}
Clearing endpoint 9.........
Gate position gate updated to [ 8 18]--------------c
Trying to moving ion 18... to 9
Ion assignment after moving ion 18: {0: 2, 1: 9, 2: 8, 3: 3, 4: 4, 5: 19, 6: 6, 7: 10}
Trying to solve brute-force congestion at gate [9, 8] with {0: 2, 1: 9, 2: 8, 3: 3, 4: 4, 5: 19, 6: 6, 7: 10}
Trying to moving ion 9... to 8
Ion assignment after moving ion 9: {0: 2, 1: 8, 2: 9, 3: 3, 4: 4, 5: 19, 6: 6, 7: 10}
Gate position gate updated to [8 9]--------------c
Trying to moving ion 9... to 9
Ion assignment after moving ion 9: {0: 2, 1: 8, 2: 9, 3: 3, 4: 4, 5: 19, 6: 6, 7: 10}
Trying to solve brute-force congestion at gate [2, 4] with {0: 2, 1: 8, 2: 9, 3: 3, 4: 4, 5: 19, 6: 6, 7: 10}
Trying to moving ion 4... to 4
Ion assignment after moving ion 4: {0: 2, 1: 8, 2: 9, 3: 3, 4: 4, 5: 19, 6: 6, 7: 10}
Gate position gate updated to [4 2]--------------c
Trying to moving ion 2... to 5
Ion assignment after moving ion 2: {0: 5, 1: 8, 2: 9, 3: 2, 4: 4, 5: 15, 6: 6, 7: 10}
Trying to solve brute-force congestion at gate [5, 4] with {0: 5, 1: 8, 2: 9, 3: 2, 4: 4, 5: 15, 6: 6, 7: 10}
Trying to moving ion 5... to 4
Ion assignment after moving ion 5: {0: 4, 1: 8, 2: 9, 3: 2, 4: 5, 5: 15, 6: 6, 7: 10}
Gate position gate updated to [4 5]--------------c
Trying to moving ion 5... to 5
Ion assignment after moving ion 5: {0: 4, 1: 8, 2: 9, 3: 2, 4: 5, 5: 15, 6: 6, 7: 10}
Trying to solve brute-force congestion at gate [4, 15] with {0: 4, 1: 8, 2: 9, 3: 2, 4: 5, 5: 15, 6: 6, 7: 10}
Trying to moving ion 4... to 4
Ion assignment after moving ion 4: {0: 4, 1: 8, 2: 9, 3: 2, 4: 5, 5: 15, 6: 6, 7: 10}
Clearing endpoint 5.........
Gate position gate updated to [ 4 15]--------------c
Trying to moving ion 15... to 5
Ion assignment after moving ion 15: {0: 4, 1: 8, 2: 9, 3: 2, 4: 17, 5: 5, 6: 6, 7: 10}
Trying to solve brute-force congestion at gate [4, 5] with {0: 4, 1: 8, 2: 9, 3: 2, 4: 17, 5: 5, 6: 6, 7: 10}
Trying to moving ion 4... to 4
Ion assignment after moving ion 4: {0: 4, 1: 8, 2: 9, 3: 2, 4: 17, 5: 5, 6: 6, 7: 10}
Gate position gate updated to [4 5]--------------c
Trying to moving ion 5... to 5
Ion assignment after moving ion 5: {0: 4, 1: 8, 2: 9, 3: 2, 4: 17, 5: 5, 6: 6, 7: 10}
Trying to solve brute-force congestion at gate [4, 6] with {0: 4, 1: 8, 2: 9, 3: 2, 4: 17, 5: 5, 6: 6, 7: 10}
Trying to moving ion 6... to 6
Ion assignment after moving ion 6: {0: 4, 1: 8, 2: 9, 3: 2, 4: 17, 5: 5, 6: 6, 7: 10}
Gate position gate updated to [6 4]--------------c
Trying to moving ion 4... to 7
Ion assignment after moving ion 4: {0: 7, 1: 8, 2: 9, 3: 2, 4: 19, 5: 4, 6: 6, 7: 10}
Trying to solve brute-force congestion at gate [7, 6] with {0: 7, 1: 8, 2: 9, 3: 2, 4: 19, 5: 4, 6: 6, 7: 10}
Trying to moving ion 7... to 6
Ion assignment after moving ion 7: {0: 6, 1: 8, 2: 9, 3: 2, 4: 19, 5: 4, 6: 7, 7: 10}
Gate position gate updated to [6 7]--------------c
Trying to moving ion 7... to 7
Ion assignment after moving ion 7: {0: 6, 1: 8, 2: 9, 3: 2, 4: 19, 5: 4, 6: 7, 7: 10}
Trying to solve brute-force congestion at gate [8, 2] with {0: 6, 1: 8, 2: 9, 3: 2, 4: 19, 5: 4, 6: 7, 7: 10}
Trying to moving ion 2... to 2
Ion assignment after moving ion 2: {0: 6, 1: 8, 2: 9, 3: 2, 4: 19, 5: 4, 6: 7, 7: 10}
Gate position gate updated to [2 8]--------------c
Trying to moving ion 8... to 3
Ion assignment after moving ion 8: {0: 6, 1: 3, 2: 8, 3: 2, 4: 19, 5: 4, 6: 7, 7: 10}
Trying to solve brute-force congestion at gate [3, 2] with {0: 6, 1: 3, 2: 8, 3: 2, 4: 19, 5: 4, 6: 7, 7: 10}
Trying to moving ion 3... to 2
Ion assignment after moving ion 3: {0: 6, 1: 2, 2: 8, 3: 3, 4: 19, 5: 4, 6: 7, 7: 10}
Gate position gate updated to [2 3]--------------c
Trying to moving ion 3... to 3
Ion assignment after moving ion 3: {0: 6, 1: 2, 2: 8, 3: 3, 4: 19, 5: 4, 6: 7, 7: 10}
Trying to solve brute-force congestion at gate [2, 19] with {0: 6, 1: 2, 2: 8, 3: 3, 4: 19, 5: 4, 6: 7, 7: 10}
Trying to moving ion 2... to 2
Ion assignment after moving ion 2: {0: 6, 1: 2, 2: 8, 3: 3, 4: 19, 5: 4, 6: 7, 7: 10}
Clearing endpoint 3.........
Gate position gate updated to [ 2 19]--------------c
Trying to moving ion 19... to 3
Ion assignment after moving ion 19: {0: 6, 1: 2, 2: 8, 3: 18, 4: 3, 5: 4, 6: 7, 7: 10}
Trying to solve brute-force congestion at gate [8, 18] with {0: 6, 1: 2, 2: 8, 3: 18, 4: 3, 5: 4, 6: 7, 7: 10}
Trying to moving ion 8... to 8
Ion assignment after moving ion 8: {0: 6, 1: 2, 2: 8, 3: 18, 4: 3, 5: 4, 6: 7, 7: 10}
Gate position gate updated to [ 8 18]--------------c
Trying to moving ion 18... to 9
Ion assignment after moving ion 18: {0: 6, 1: 2, 2: 8, 3: 9, 4: 3, 5: 4, 6: 7, 7: 10}
Trying to solve brute-force congestion at gate [8, 9] with {0: 6, 1: 2, 2: 8, 3: 9, 4: 3, 5: 4, 6: 7, 7: 10}
Trying to moving ion 8... to 8
Ion assignment after moving ion 8: {0: 6, 1: 2, 2: 8, 3: 9, 4: 3, 5: 4, 6: 7, 7: 10}
Gate position gate updated to [8 9]--------------c
Trying to moving ion 9... to 9
Ion assignment after moving ion 9: {0: 6, 1: 2, 2: 8, 3: 9, 4: 3, 5: 4, 6: 7, 7: 10}
Trying to solve brute-force congestion at gate [2, 4] with {0: 6, 1: 2, 2: 8, 3: 9, 4: 3, 5: 4, 6: 7, 7: 10}
Trying to moving ion 4... to 4
Ion assignment after moving ion 4: {0: 6, 1: 2, 2: 8, 3: 9, 4: 3, 5: 4, 6: 7, 7: 10}
Gate position gate updated to [4 2]--------------c
Trying to moving ion 2... to 5
Ion assignment after moving ion 2: {0: 6, 1: 5, 2: 8, 3: 9, 4: 2, 5: 4, 6: 7, 7: 10}
Trying to solve brute-force congestion at gate [5, 4] with {0: 6, 1: 5, 2: 8, 3: 9, 4: 2, 5: 4, 6: 7, 7: 10}
Trying to moving ion 5... to 4
Ion assignment after moving ion 5: {0: 6, 1: 4, 2: 8, 3: 9, 4: 2, 5: 5, 6: 7, 7: 10}
Gate position gate updated to [4 5]--------------c
Trying to moving ion 5... to 5
Ion assignment after moving ion 5: {0: 6, 1: 4, 2: 8, 3: 9, 4: 2, 5: 5, 6: 7, 7: 10}
Trying to solve brute-force congestion at gate [4, 7] with {0: 6, 1: 4, 2: 8, 3: 9, 4: 2, 5: 5, 6: 7, 7: 10}
Trying to moving ion 4... to 4
Ion assignment after moving ion 4: {0: 6, 1: 4, 2: 8, 3: 9, 4: 2, 5: 5, 6: 7, 7: 10}
Clearing endpoint 5.........
Gate position gate updated to [4 7]--------------c
Trying to moving ion 7... to 5
Ion assignment after moving ion 7: {0: 6, 1: 4, 2: 8, 3: 9, 4: 2, 5: 19, 6: 5, 7: 10}
Trying to solve brute-force congestion at gate [4, 5] with {0: 6, 1: 4, 2: 8, 3: 9, 4: 2, 5: 19, 6: 5, 7: 10}
Trying to moving ion 4... to 4
Ion assignment after moving ion 4: {0: 6, 1: 4, 2: 8, 3: 9, 4: 2, 5: 19, 6: 5, 7: 10}
Gate position gate updated to [4 5]--------------c
Trying to moving ion 5... to 5
Ion assignment after moving ion 5: {0: 6, 1: 4, 2: 8, 3: 9, 4: 2, 5: 19, 6: 5, 7: 10}
Trying to solve brute-force congestion at gate [6, 10] with {0: 6, 1: 4, 2: 8, 3: 9, 4: 2, 5: 19, 6: 5, 7: 10}
Trying to moving ion 6... to 6
Ion assignment after moving ion 6: {0: 6, 1: 4, 2: 8, 3: 9, 4: 2, 5: 19, 6: 5, 7: 10}
Gate position gate updated to [ 6 10]--------------c
Trying to moving ion 10... to 7
Ion assignment after moving ion 10: {0: 6, 1: 4, 2: 8, 3: 9, 4: 2, 5: 16, 6: 5, 7: 7}
Trying to solve brute-force congestion at gate [6, 7] with {0: 6, 1: 4, 2: 8, 3: 9, 4: 2, 5: 16, 6: 5, 7: 7}
Trying to moving ion 6... to 6
Ion assignment after moving ion 6: {0: 6, 1: 4, 2: 8, 3: 9, 4: 2, 5: 16, 6: 5, 7: 7}
Gate position gate updated to [6 7]--------------c
Trying to moving ion 7... to 7
Ion assignment after moving ion 7: {0: 6, 1: 4, 2: 8, 3: 9, 4: 2, 5: 16, 6: 5, 7: 7}
Trying to solve brute-force congestion at gate [4, 7] with {0: 6, 1: 4, 2: 8, 3: 9, 4: 2, 5: 16, 6: 5, 7: 7}
Trying to moving ion 4... to 4
Ion assignment after moving ion 4: {0: 6, 1: 4, 2: 8, 3: 9, 4: 2, 5: 16, 6: 5, 7: 7}
Clearing endpoint 5.........
Gate position gate updated to [4 7]--------------c
Trying to moving ion 7... to 5
Ion assignment after moving ion 7: {0: 6, 1: 4, 2: 8, 3: 9, 4: 2, 5: 18, 6: 19, 7: 5}
Trying to solve brute-force congestion at gate [4, 5] with {0: 6, 1: 4, 2: 8, 3: 9, 4: 2, 5: 18, 6: 19, 7: 5}
Trying to moving ion 4... to 4
Ion assignment after moving ion 4: {0: 6, 1: 4, 2: 8, 3: 9, 4: 2, 5: 18, 6: 19, 7: 5}
Gate position gate updated to [4 5]--------------c
Trying to moving ion 5... to 5
Ion assignment after moving ion 5: {0: 6, 1: 4, 2: 8, 3: 9, 4: 2, 5: 18, 6: 19, 7: 5}
Trying to solve brute-force congestion at gate [8, 2] with {0: 6, 1: 4, 2: 8, 3: 9, 4: 2, 5: 18, 6: 19, 7: 5}
Trying to moving ion 2... to 2
Ion assignment after moving ion 2: {0: 6, 1: 4, 2: 8, 3: 9, 4: 2, 5: 18, 6: 19, 7: 5}
Gate position gate updated to [2 8]--------------c
Trying to moving ion 8... to 3
Ion assignment after moving ion 8: {0: 6, 1: 4, 2: 3, 3: 8, 4: 2, 5: 18, 6: 19, 7: 5}
Trying to solve brute-force congestion at gate [3, 2] with {0: 6, 1: 4, 2: 3, 3: 8, 4: 2, 5: 18, 6: 19, 7: 5}
Trying to moving ion 3... to 2
Ion assignment after moving ion 3: {0: 6, 1: 4, 2: 2, 3: 8, 4: 3, 5: 18, 6: 19, 7: 5}
Gate position gate updated to [2 3]--------------c
Trying to moving ion 3... to 3
Ion assignment after moving ion 3: {0: 6, 1: 4, 2: 2, 3: 8, 4: 3, 5: 18, 6: 19, 7: 5}
Trying to solve brute-force congestion at gate [2, 18] with {0: 6, 1: 4, 2: 2, 3: 8, 4: 3, 5: 18, 6: 19, 7: 5}
Trying to moving ion 2... to 2
Ion assignment after moving ion 2: {0: 6, 1: 4, 2: 2, 3: 8, 4: 3, 5: 18, 6: 19, 7: 5}
Clearing endpoint 3.........
Gate position gate updated to [ 2 18]--------------c
Trying to moving ion 18... to 3
Ion assignment after moving ion 18: {0: 6, 1: 4, 2: 2, 3: 8, 4: 15, 5: 3, 6: 19, 7: 5}
Trying to solve brute-force congestion at gate [8, 15] with {0: 6, 1: 4, 2: 2, 3: 8, 4: 15, 5: 3, 6: 19, 7: 5}
Trying to moving ion 8... to 8
Ion assignment after moving ion 8: {0: 6, 1: 4, 2: 2, 3: 8, 4: 15, 5: 3, 6: 19, 7: 5}
Gate position gate updated to [ 8 15]--------------c
Trying to moving ion 15... to 9
Ion assignment after moving ion 15: {0: 6, 1: 4, 2: 2, 3: 8, 4: 9, 5: 3, 6: 19, 7: 5}
Trying to solve brute-force congestion at gate [2, 19] with {0: 6, 1: 4, 2: 2, 3: 8, 4: 9, 5: 3, 6: 19, 7: 5}
Trying to moving ion 2... to 2
Ion assignment after moving ion 2: {0: 6, 1: 4, 2: 2, 3: 8, 4: 9, 5: 3, 6: 19, 7: 5}
Clearing endpoint 3.........
Gate position gate updated to [ 2 19]--------------c
Trying to moving ion 19... to 3
Ion assignment after moving ion 19: {0: 6, 1: 4, 2: 2, 3: 8, 4: 9, 5: 18, 6: 3, 7: 5}
Trying to solve brute-force congestion at gate [8, 18] with {0: 6, 1: 4, 2: 2, 3: 8, 4: 9, 5: 18, 6: 3, 7: 5}
Trying to moving ion 8... to 8
Ion assignment after moving ion 8: {0: 6, 1: 4, 2: 2, 3: 8, 4: 9, 5: 18, 6: 3, 7: 5}
Clearing endpoint 9.........
Gate position gate updated to [ 8 18]--------------c
Trying to moving ion 18... to 9
Ion assignment after moving ion 18: {0: 6, 1: 4, 2: 2, 3: 8, 4: 19, 5: 9, 6: 3, 7: 5}
Trying to solve brute-force congestion at gate [2, 5] with {0: 6, 1: 4, 2: 2, 3: 8, 4: 19, 5: 9, 6: 3, 7: 5}
Trying to moving ion 2... to 2
Ion assignment after moving ion 2: {0: 6, 1: 4, 2: 2, 3: 8, 4: 19, 5: 9, 6: 3, 7: 5}
Clearing endpoint 3.........
Gate position gate updated to [2 5]--------------c
Trying to moving ion 5... to 3
Ion assignment after moving ion 5: {0: 6, 1: 4, 2: 2, 3: 8, 4: 18, 5: 9, 6: 15, 7: 3}
Trying to solve brute-force congestion at gate [2, 3] with {0: 6, 1: 4, 2: 2, 3: 8, 4: 18, 5: 9, 6: 15, 7: 3}
Trying to moving ion 2... to 2
Ion assignment after moving ion 2: {0: 6, 1: 4, 2: 2, 3: 8, 4: 18, 5: 9, 6: 15, 7: 3}
Gate position gate updated to [2 3]--------------c
Trying to moving ion 3... to 3
Ion assignment after moving ion 3: {0: 6, 1: 4, 2: 2, 3: 8, 4: 18, 5: 9, 6: 15, 7: 3}
Trying to solve brute-force congestion at gate [8, 15] with {0: 6, 1: 4, 2: 2, 3: 8, 4: 18, 5: 9, 6: 15, 7: 3}
Trying to moving ion 8... to 8
Ion assignment after moving ion 8: {0: 6, 1: 4, 2: 2, 3: 8, 4: 18, 5: 9, 6: 15, 7: 3}
Clearing endpoint 9.........
Gate position gate updated to [ 8 19]--------------c
Trying to moving ion 19... to 9
Ion assignment after moving ion 19: {0: 6, 1: 4, 2: 2, 3: 8, 4: 18, 5: 14, 6: 9, 7: 3}
Trying to solve brute-force congestion at gate [8, 9] with {0: 6, 1: 4, 2: 2, 3: 8, 4: 18, 5: 14, 6: 9, 7: 3}
Trying to moving ion 8... to 8
Ion assignment after moving ion 8: {0: 6, 1: 4, 2: 2, 3: 8, 4: 18, 5: 14, 6: 9, 7: 3}
Gate position gate updated to [8 9]--------------c
Trying to moving ion 9... to 9
Ion assignment after moving ion 9: {0: 6, 1: 4, 2: 2, 3: 8, 4: 18, 5: 14, 6: 9, 7: 3}
Trying to solve brute-force congestion at gate [8, 3] with {0: 6, 1: 4, 2: 2, 3: 8, 4: 18, 5: 14, 6: 9, 7: 3}
Trying to moving ion 8... to 8
Ion assignment after moving ion 8: {0: 6, 1: 4, 2: 2, 3: 8, 4: 18, 5: 14, 6: 9, 7: 3}
Clearing endpoint 9.........
Gate position gate updated to [8 3]--------------c
Trying to moving ion 3... to 9
Ion assignment after moving ion 3: {0: 6, 1: 4, 2: 2, 3: 8, 4: 12, 5: 19, 6: 18, 7: 9}
Trying to solve brute-force congestion at gate [12, 19] with {0: 6, 1: 4, 2: 2, 3: 8, 4: 12, 5: 19, 6: 18, 7: 9}
Trying to moving ion 12... to 0
Ion assignment after moving ion 12: {0: 6, 1: 4, 2: 2, 3: 8, 4: 0, 5: 19, 6: 18, 7: 9}
Gate position gate updated to [ 0 19]--------------c
Trying to moving ion 19... to 1
Ion assignment after moving ion 19: {0: 6, 1: 4, 2: 2, 3: 8, 4: 0, 5: 1, 6: 13, 7: 9}
Trying to solve brute-force congestion at gate [0, 1] with {0: 6, 1: 4, 2: 2, 3: 8, 4: 0, 5: 1, 6: 13, 7: 9}
Trying to moving ion 0... to 0
Ion assignment after moving ion 0: {0: 6, 1: 4, 2: 2, 3: 8, 4: 0, 5: 1, 6: 13, 7: 9}
Gate position gate updated to [0 1]--------------c
Trying to moving ion 1... to 1
Ion assignment after moving ion 1: {0: 6, 1: 4, 2: 2, 3: 8, 4: 0, 5: 1, 6: 13, 7: 9}
Trying to solve brute-force congestion at gate [0, 13] with {0: 6, 1: 4, 2: 2, 3: 8, 4: 0, 5: 1, 6: 13, 7: 9}
Trying to moving ion 0... to 0
Ion assignment after moving ion 0: {0: 6, 1: 4, 2: 2, 3: 8, 4: 0, 5: 1, 6: 13, 7: 9}
Clearing endpoint 1.........
Gate position gate updated to [ 0 13]--------------c
Trying to moving ion 13... to 1
Ion assignment after moving ion 13: {0: 6, 1: 4, 2: 2, 3: 8, 4: 0, 5: 18, 6: 1, 7: 9}
Trying to solve brute-force congestion at gate [0, 1] with {0: 6, 1: 4, 2: 2, 3: 8, 4: 0, 5: 18, 6: 1, 7: 9}
Trying to moving ion 0... to 0
Ion assignment after moving ion 0: {0: 6, 1: 4, 2: 2, 3: 8, 4: 0, 5: 18, 6: 1, 7: 9}
Gate position gate updated to [0 1]--------------c
Trying to moving ion 1... to 1
Ion assignment after moving ion 1: {0: 6, 1: 4, 2: 2, 3: 8, 4: 0, 5: 18, 6: 1, 7: 9}
Trying to solve brute-force congestion at gate [0, 9] with {0: 6, 1: 4, 2: 2, 3: 8, 4: 0, 5: 18, 6: 1, 7: 9}
Trying to moving ion 0... to 0
Ion assignment after moving ion 0: {0: 6, 1: 4, 2: 2, 3: 8, 4: 0, 5: 18, 6: 1, 7: 9}
Clearing endpoint 1.........
Gate position gate updated to [0 9]--------------c
Trying to moving ion 9... to 1
Ion assignment after moving ion 9: {0: 6, 1: 4, 2: 2, 3: 8, 4: 0, 5: 19, 6: 13, 7: 1}
Trying to solve brute-force congestion at gate [0, 1] with {0: 6, 1: 4, 2: 2, 3: 8, 4: 0, 5: 19, 6: 13, 7: 1}
Trying to moving ion 0... to 0
Ion assignment after moving ion 0: {0: 6, 1: 4, 2: 2, 3: 8, 4: 0, 5: 19, 6: 13, 7: 1}
Gate position gate updated to [0 1]--------------c
Trying to moving ion 1... to 1
Ion assignment after moving ion 1: {0: 6, 1: 4, 2: 2, 3: 8, 4: 0, 5: 19, 6: 13, 7: 1}
Trying to solve brute-force congestion at gate [19, 13] with {0: 6, 1: 4, 2: 2, 3: 8, 4: 0, 5: 19, 6: 13, 7: 1}
Trying to moving ion 13... to 10
Ion assignment after moving ion 13: {0: 6, 1: 4, 2: 2, 3: 8, 4: 0, 5: 19, 6: 10, 7: 1}
Gate position gate updated to [10 19]--------------c
Trying to moving ion 19... to 11
Ion assignment after moving ion 19: {0: 6, 1: 4, 2: 2, 3: 8, 4: 0, 5: 11, 6: 10, 7: 1}
Trying to solve brute-force congestion at gate [11, 10] with {0: 6, 1: 4, 2: 2, 3: 8, 4: 0, 5: 11, 6: 10, 7: 1}
Trying to moving ion 11... to 10
Ion assignment after moving ion 11: {0: 6, 1: 4, 2: 2, 3: 8, 4: 0, 5: 10, 6: 11, 7: 1}
Gate position gate updated to [10 11]--------------c
Trying to moving ion 11... to 11
Ion assignment after moving ion 11: {0: 6, 1: 4, 2: 2, 3: 8, 4: 0, 5: 10, 6: 11, 7: 1}
Trying to solve brute-force congestion at gate [10, 1] with {0: 6, 1: 4, 2: 2, 3: 8, 4: 0, 5: 10, 6: 11, 7: 1}
Trying to moving ion 10... to 10
Ion assignment after moving ion 10: {0: 6, 1: 4, 2: 2, 3: 8, 4: 0, 5: 10, 6: 11, 7: 1}
Clearing endpoint 11.........
Gate position gate updated to [10  1]--------------c
Trying to moving ion 1... to 11
Ion assignment after moving ion 1: {0: 6, 1: 4, 2: 2, 3: 8, 4: 0, 5: 10, 6: 18, 7: 11}
Trying to solve brute-force congestion at gate [10, 11] with {0: 6, 1: 4, 2: 2, 3: 8, 4: 0, 5: 10, 6: 18, 7: 11}
Trying to moving ion 10... to 10
Ion assignment after moving ion 10: {0: 6, 1: 4, 2: 2, 3: 8, 4: 0, 5: 10, 6: 18, 7: 11}
Gate position gate updated to [10 11]--------------c
Trying to moving ion 11... to 11
Ion assignment after moving ion 11: {0: 6, 1: 4, 2: 2, 3: 8, 4: 0, 5: 10, 6: 18, 7: 11}
Trying to solve brute-force congestion at gate [18, 11] with {0: 6, 1: 4, 2: 2, 3: 8, 4: 0, 5: 10, 6: 18, 7: 11}
Trying to moving ion 11... to 10
Ion assignment after moving ion 11: {0: 6, 1: 4, 2: 2, 3: 8, 4: 0, 5: 11, 6: 18, 7: 10}
Clearing endpoint 11.........
Gate position gate updated to [10 18]--------------c
Trying to moving ion 18... to 11
Ion assignment after moving ion 18: {0: 6, 1: 4, 2: 2, 3: 8, 4: 0, 5: 12, 6: 11, 7: 10}
Trying to solve brute-force congestion at gate [11, 10] with {0: 6, 1: 4, 2: 2, 3: 8, 4: 0, 5: 12, 6: 11, 7: 10}
Trying to moving ion 11... to 10
Ion assignment after moving ion 11: {0: 6, 1: 4, 2: 2, 3: 8, 4: 0, 5: 12, 6: 10, 7: 11}
Gate position gate updated to [10 11]--------------c
Trying to moving ion 11... to 11
Ion assignment after moving ion 11: {0: 6, 1: 4, 2: 2, 3: 8, 4: 0, 5: 12, 6: 10, 7: 11}
Executing gate at point (0, 6).
Executing gate at point (1, 6).
Trying to solve brute-force congestion at gate [12, 11] with {0: 6, 1: 4, 2: 2, 3: 8, 4: 0, 5: 12, 6: 10, 7: 11}
Trying to moving ion 11... to 10
Ion assignment after moving ion 11: {0: 6, 1: 4, 2: 2, 3: 8, 4: 0, 5: 12, 6: 11, 7: 10}
Clearing endpoint 11.........
Gate position gate updated to [10 12]--------------c
Trying to moving ion 12... to 11
Ion assignment after moving ion 12: {0: 6, 1: 4, 2: 2, 3: 8, 4: 0, 5: 11, 6: 18, 7: 10}
Executing gate at point (2, 5).
Executing gate at point (3, 5).
Trying to solve brute-force congestion at gate [0, 10] with {0: 6, 1: 4, 2: 2, 3: 8, 4: 0, 5: 11, 6: 18, 7: 10}
Trying to moving ion 0... to 0
Ion assignment after moving ion 0: {0: 6, 1: 4, 2: 2, 3: 8, 4: 0, 5: 11, 6: 18, 7: 10}
Gate position gate updated to [ 0 10]--------------c
Trying to moving ion 10... to 1
Ion assignment after moving ion 10: {0: 6, 1: 4, 2: 2, 3: 8, 4: 0, 5: 10, 6: 18, 7: 1}
Executing gate at point (4, 4).
Executing gate at point (5, 4).
Best move: (1, 12)
Best move: (13, 18)
Best move: (11, 13)
Executing gate at point (4, 5).
Executing gate at point (5, 5).
Best move: (12, 18)
Best move: (15, 18)
Best move: (11, 13)
Best move: (12, 13)
Best move: (1, 12)
Executing gate at point (6, 4).
Executing gate at point (7, 4).
Best move: (0, 1)
Best move: (1, 12)
Best move: (12, 13)
Best move: (11, 13)
Executing gate at point (8, 4).
Executing gate at point (9, 4).
Best move: (9, 15)
Executing gate at point (6, 3).
Executing gate at point (7, 3).
Best move: (9, 15)
Best move: (14, 15)
Best move: (3, 14)
Executing gate at point (8, 2).
Executing gate at point (9, 2).
Best move: (3, 14)
Best move: (0, 1)
Best move: (1, 12)
Best move: (12, 18)
Best move: (15, 18)
Best move: (9, 15)
Try bruteforce due to multiple steps (6) to solve one gate
Trying to solve brute-force congestion at gate [8, 9] with {0: 6, 1: 4, 2: 2, 3: 8, 4: 11, 5: 10, 6: 9, 7: 14}
Trying to moving ion 8... to 8
Ion assignment after moving ion 8: {0: 6, 1: 4, 2: 2, 3: 8, 4: 11, 5: 10, 6: 9, 7: 14}
Gate position gate updated to [8 9]--------------c
Trying to moving ion 9... to 9
Ion assignment after moving ion 9: {0: 6, 1: 4, 2: 2, 3: 8, 4: 11, 5: 10, 6: 9, 7: 14}
Executing gate at point (8, 3).
Executing gate at point (9, 3).
Best move: (9, 15)
Best move: (14, 19)
Best move: (16, 19)
Best move: (5, 16)
Executing gate at point (10, 1).
Executing gate at point (11, 1).
Best move: (14, 15)
Best move: (5, 16)
Best move: (16, 17)
Best move: (3, 14)
Executing gate at point (10, 2).
Executing gate at point (11, 2).
Best move: (3, 14)
Best move: (7, 17)
Executing gate at point (12, 0).
Executing gate at point (13, 0).
Best move: (14, 19)
Best move: (16, 19)
Best move: (10, 11)
Best move: (11, 13)
Best move: (13, 18)
Best move: (15, 18)
Try bruteforce due to multiple steps (6) to solve one gate
Trying to solve brute-force congestion at gate [4, 16] with {0: 6, 1: 4, 2: 2, 3: 8, 4: 10, 5: 15, 6: 16, 7: 7}
Trying to moving ion 4... to 4
Ion assignment after moving ion 4: {0: 6, 1: 4, 2: 2, 3: 8, 4: 10, 5: 15, 6: 16, 7: 7}
Gate position gate updated to [ 4 16]--------------c
Trying to moving ion 16... to 5
Ion assignment after moving ion 16: {0: 6, 1: 4, 2: 2, 3: 8, 4: 10, 5: 15, 6: 5, 7: 7}
Executing gate at point (12, 1).
Executing gate at point (13, 1).
Best move: (5, 16)
Best move: (6, 7)
Best move: (7, 17)
Best move: (17, 19)
Best move: (18, 19)
Best move: (16, 19)
Try bruteforce due to multiple steps (6) to solve one gate
Trying to solve brute-force congestion at gate [18, 19] with {0: 18, 1: 4, 2: 2, 3: 8, 4: 10, 5: 15, 6: 19, 7: 6}
Trying to moving ion 18... to 2
Ion assignment after moving ion 18: {0: 2, 1: 4, 2: 3, 3: 8, 4: 10, 5: 15, 6: 19, 7: 6}
Clearing endpoint 3.........
Gate position gate updated to [ 2 19]--------------c
Trying to moving ion 19... to 3
Ion assignment after moving ion 19: {0: 2, 1: 4, 2: 18, 3: 8, 4: 10, 5: 15, 6: 3, 7: 6}
Executing gate at point (14, 0).
Executing gate at point (15, 0).
Best move: (9, 15)
Executing gate at point (10, 3).
Executing gate at point (11, 3).
Best move: (9, 15)
Best move: (15, 19)
Best move: (13, 18)
Best move: (18, 19)
Best move: (12, 13)
Best move: (12, 13)
Try bruteforce due to multiple steps (6) to solve one gate
Trying to solve brute-force congestion at gate [13, 18] with {0: 2, 1: 4, 2: 13, 3: 8, 4: 10, 5: 18, 6: 3, 7: 6}
Trying to moving ion 13... to 0
Ion assignment after moving ion 13: {0: 2, 1: 4, 2: 0, 3: 8, 4: 10, 5: 18, 6: 3, 7: 6}
Gate position gate updated to [ 0 18]--------------c
Trying to moving ion 18... to 1
Ion assignment after moving ion 18: {0: 2, 1: 4, 2: 0, 3: 8, 4: 10, 5: 1, 6: 3, 7: 6}
Executing gate at point (12, 2).
Executing gate at point (13, 2).
Trying to solve brute-force congestion at gate [4, 1] with {0: 2, 1: 4, 2: 0, 3: 8, 4: 10, 5: 1, 6: 3, 7: 6}
Trying to moving ion 4... to 4
Ion assignment after moving ion 4: {0: 2, 1: 4, 2: 0, 3: 8, 4: 10, 5: 1, 6: 3, 7: 6}
Gate position gate updated to [4 1]--------------c
Trying to moving ion 1... to 5
Ion assignment after moving ion 1: {0: 2, 1: 4, 2: 0, 3: 8, 4: 10, 5: 5, 6: 3, 7: 6}
Executing gate at point (14, 1).
Executing gate at point (15, 1).
Trying to solve brute-force congestion at gate [2, 5] with {0: 2, 1: 4, 2: 0, 3: 8, 4: 10, 5: 5, 6: 3, 7: 6}
Trying to moving ion 2... to 2
Ion assignment after moving ion 2: {0: 2, 1: 4, 2: 0, 3: 8, 4: 10, 5: 5, 6: 3, 7: 6}
Clearing endpoint 3.........
Gate position gate updated to [2 5]--------------c
Trying to moving ion 5... to 3
Ion assignment after moving ion 5: {0: 2, 1: 4, 2: 0, 3: 8, 4: 10, 5: 3, 6: 18, 7: 6}
Executing gate at point (16, 0).
Executing gate at point (17, 0).
Best move: (8, 9)
Best move: (9, 15)
Best move: (14, 15)
Best move: (14, 19)
Best move: (14, 19)
Best move: (14, 19)
Try bruteforce due to multiple steps (6) to solve one gate
Trying to solve brute-force congestion at gate [19, 10] with {0: 2, 1: 4, 2: 0, 3: 19, 4: 10, 5: 3, 6: 18, 7: 6}
Trying to moving ion 10... to 10
Ion assignment after moving ion 10: {0: 2, 1: 4, 2: 0, 3: 19, 4: 10, 5: 3, 6: 18, 7: 6}
Gate position gate updated to [10 19]--------------c
Trying to moving ion 19... to 11
Ion assignment after moving ion 19: {0: 2, 1: 4, 2: 0, 3: 11, 4: 10, 5: 3, 6: 12, 7: 6}
Executing gate at point (12, 3).
Executing gate at point (13, 3).
Best move: (10, 11)
Best move: (11, 13)
Best move: (13, 18)
Best move: (13, 18)
Try bruteforce due to repeated pattern...
Trying to solve brute-force congestion at gate [0, 13] with {0: 2, 1: 4, 2: 0, 3: 10, 4: 13, 5: 3, 6: 12, 7: 6}
Trying to moving ion 0... to 0
Ion assignment after moving ion 0: {0: 2, 1: 4, 2: 0, 3: 10, 4: 13, 5: 3, 6: 12, 7: 6}
Gate position gate updated to [ 0 13]--------------c
Trying to moving ion 13... to 1
Ion assignment after moving ion 13: {0: 2, 1: 4, 2: 0, 3: 10, 4: 1, 5: 3, 6: 18, 7: 6}
Executing gate at point (14, 2).
Executing gate at point (15, 2).
Best move: (1, 12)
Best move: (0, 1)
Best move: (10, 11)
Best move: (11, 13)
Best move: (0, 1)
Best move: (0, 1)
Try bruteforce due to multiple steps (6) to solve one gate
Trying to solve brute-force congestion at gate [1, 13] with {0: 2, 1: 4, 2: 1, 3: 13, 4: 12, 5: 3, 6: 18, 7: 6}
Trying to moving ion 1... to 0
Ion assignment after moving ion 1: {0: 2, 1: 4, 2: 0, 3: 13, 4: 12, 5: 3, 6: 18, 7: 6}
Gate position gate updated to [ 0 13]--------------c
Trying to moving ion 13... to 1
Ion assignment after moving ion 13: {0: 2, 1: 4, 2: 0, 3: 1, 4: 18, 5: 3, 6: 19, 7: 6}
Executing gate at point (16, 2).
Executing gate at point (17, 2).
Best move: (14, 18)
Best move: (14, 18)
Best move: (14, 18)
Try bruteforce due to repeated pattern...
Trying to solve brute-force congestion at gate [4, 14] with {0: 2, 1: 4, 2: 0, 3: 1, 4: 14, 5: 3, 6: 19, 7: 6}
Trying to moving ion 4... to 4
Ion assignment after moving ion 4: {0: 2, 1: 4, 2: 0, 3: 1, 4: 14, 5: 3, 6: 19, 7: 6}
Gate position gate updated to [ 4 14]--------------c
Trying to moving ion 14... to 5
Ion assignment after moving ion 14: {0: 2, 1: 4, 2: 0, 3: 1, 4: 5, 5: 3, 6: 15, 7: 6}Input filename:  QFT_wsq_8_compiled
Algorithm:  SHAW
Trap type:  G2x3
Trap capacity:  2
Num layout passes:  2
Gate type:  FM
Run index:  2
Creating a QCCD machine ...
QCCD physical machine:
### Traps ### 
Trap(id='trap_0', max_num_ions=2, initial_num_ions=0, executable=True, measureable=True)
Trap(id='trap_1', max_num_ions=2, initial_num_ions=0, executable=True, measureable=True)
Trap(id='trap_2', max_num_ions=2, initial_num_ions=0, executable=True, measureable=True)
Trap(id='trap_3', max_num_ions=2, initial_num_ions=0, executable=True, measureable=True)
Trap(id='trap_4', max_num_ions=2, initial_num_ions=0, executable=True, measureable=True)
Trap(id='trap_5', max_num_ions=2, initial_num_ions=0, executable=True, measureable=True)
### Junctions ### 
Junction(id='junction_0')
Junction(id='junction_1')
Junction(id='junction_2')
### Segments ### 
Segment(id='segment_0', left=Trap(id='trap_0', max_num_ions=2, initial_num_ions=0, executable=True, measureable=True), right=Junction(id='junction_0'))
Segment(id='segment_1', left=Trap(id='trap_5', max_num_ions=2, initial_num_ions=0, executable=True, measureable=True), right=Junction(id='junction_0'))
Segment(id='segment_2', left=Trap(id='trap_1', max_num_ions=2, initial_num_ions=0, executable=True, measureable=True), right=Junction(id='junction_1'))
Segment(id='segment_3', left=Trap(id='trap_4', max_num_ions=2, initial_num_ions=0, executable=True, measureable=True), right=Junction(id='junction_1'))
Segment(id='segment_4', left=Trap(id='trap_2', max_num_ions=2, initial_num_ions=0, executable=True, measureable=True), right=Junction(id='junction_2'))
Segment(id='segment_5', left=Trap(id='trap_3', max_num_ions=2, initial_num_ions=0, executable=True, measureable=True), right=Junction(id='junction_2'))
Segment(id='segment_6', left=Junction(id='junction_0'), right=Junction(id='junction_1'))
Segment(id='segment_7', left=Junction(id='junction_1'), right=Junction(id='junction_2'))
Finished creating the QCCD physical machine.
Position graph:  CouplingGraph({(7, 17), (12, 13), (14, 19), (8, 9), (5, 16), (1, 12), (16, 19), (18, 19), (4, 5), (14, 18), (12, 18), (14, 15), (0, 1), (10, 11), (11, 13), (6, 7), (15, 19), (3, 14), (17, 19), (9, 15), (2, 3), (13, 18), (15, 18), (16, 17)})
Initial ion assignment:  {0: 10, 1: 2, 2: 11, 3: 9, 4: 7, 5: 0, 6: 8, 7: 6}
Congestion rate:  1.0
Scheduling QCCD: 18080.00000000001 us, costing 8.726414100034162 s to compile
0.01808000000000001
8.726414100034162
{0: 6, 1: 4, 2: 2, 3: 8, 4: 0, 5: 12, 6: 10, 7: 11}
[0, 1, 2, 3, 4, 5, 6, 7]
