Executing gate at point (0, 4).
Best move: (5, 16)
Best move: (16, 17)
Best move: (7, 17)
Executing gate at point (0, 6).
Executing gate at point (1, 6).
Executing gate at point (2, 6).
Executing gate at point (3, 7).
Executing gate at point (4, 7).
Best move: (7, 17)
Best move: (0, 1)
Best move: (1, 12)
Best move: (12, 18)
Best move: (18, 19)
Best move: (16, 19)
Try bruteforce due to multiple steps (6) to solve one gate
Trying to solve brute-force congestion at gate [16, 4] with {0: 0, 1: 9, 2: 8, 3: 16, 4: 4, 5: 3, 6: 17, 7: 6}
Trying to moving ion 4... to 4
Ion assignment after moving ion 4: {0: 0, 1: 9, 2: 8, 3: 16, 4: 4, 5: 3, 6: 17, 7: 6}
Gate position gate updated to [ 4 16]--------------c
Trying to moving ion 16... to 5
Ion assignment after moving ion 16: {0: 0, 1: 9, 2: 8, 3: 5, 4: 4, 5: 3, 6: 17, 7: 6}
Executing gate at point (1, 3).
Executing gate at point (2, 3).
Executing gate at point (3, 3).
Executing gate at point (4, 4).
Best move: (5, 16)
Best move: (16, 19)
Best move: (8, 9)
Best move: (9, 15)
Best move: (18, 19)
Best move: (13, 18)
Try bruteforce due to multiple steps (6) to solve one gate
Trying to solve brute-force congestion at gate [15, 13] with {0: 0, 1: 8, 2: 15, 3: 13, 4: 4, 5: 3, 6: 17, 7: 6}
Trying to moving ion 13... to 10
Ion assignment after moving ion 13: {0: 0, 1: 8, 2: 15, 3: 10, 4: 4, 5: 3, 6: 17, 7: 6}
Gate position gate updated to [10 15]--------------c
Trying to moving ion 15... to 11
Ion assignment after moving ion 15: {0: 0, 1: 8, 2: 11, 3: 10, 4: 4, 5: 3, 6: 17, 7: 6}
Executing gate at point (4, 2).
Executing gate at point (5, 2).
Executing gate at point (6, 2).
Executing gate at point (7, 3).
Best move: (17, 19)
Best move: (14, 19)
Best move: (11, 13)
Best move: (13, 18)
Best move: (15, 18)
Best move: (2, 3)
Try bruteforce due to multiple steps (6) to solve one gate
Trying to solve brute-force congestion at gate [8, 15] with {0: 0, 1: 8, 2: 15, 3: 10, 4: 4, 5: 2, 6: 14, 7: 6}
Trying to moving ion 8... to 8
Ion assignment after moving ion 8: {0: 0, 1: 8, 2: 15, 3: 10, 4: 4, 5: 2, 6: 14, 7: 6}
Gate position gate updated to [ 8 15]--------------c
Trying to moving ion 15... to 9
Ion assignment after moving ion 15: {0: 0, 1: 8, 2: 9, 3: 10, 4: 4, 5: 2, 6: 14, 7: 6}
Executing gate at point (7, 1).
Executing gate at point (8, 1).
Executing gate at point (9, 1).
Executing gate at point (10, 1).
Executing gate at point (10, 2).
Best move: (8, 9)
Best move: (9, 15)
Best move: (15, 18)
Best move: (12, 18)
Best move: (1, 12)
Executing gate at point (11, 0).
Executing gate at point (12, 0).
Executing gate at point (13, 0).
Executing gate at point (14, 1).
Best move: (3, 14)
Executing gate at point (3, 5).
Executing gate at point (4, 5).
Executing gate at point (5, 5).
Executing gate at point (6, 6).
Executing gate at point (6, 5).
Best move: (2, 3)
Best move: (3, 14)
Best move: (14, 19)
Best move: (16, 19)
Best move: (5, 16)
Executing gate at point (7, 4).
Executing gate at point (8, 5).
Executing gate at point (9, 4).
Executing gate at point (10, 4).
Executing gate at point (10, 5).
Best move: (5, 16)
Best move: (10, 11)
Best move: (11, 13)
Best move: (13, 18)
Best move: (18, 19)
Best move: (17, 19)
Try bruteforce due to multiple steps (6) to solve one gate
Trying to solve brute-force congestion at gate [17, 4] with {0: 0, 1: 1, 2: 8, 3: 17, 4: 4, 5: 16, 6: 2, 7: 6}
Trying to moving ion 4... to 4
Ion assignment after moving ion 4: {0: 0, 1: 1, 2: 8, 3: 17, 4: 4, 5: 16, 6: 2, 7: 6}
Gate position gate updated to [ 4 17]--------------c
Trying to moving ion 17... to 5
Ion assignment after moving ion 17: {0: 0, 1: 1, 2: 8, 3: 5, 4: 4, 5: 19, 6: 2, 7: 6}
Executing gate at point (11, 3).
Executing gate at point (12, 3).
Executing gate at point (13, 3).
Executing gate at point (14, 3).
Executing gate at point (14, 4).
Best move: (14, 19)
Best move: (5, 16)
Best move: (16, 19)
Best move: (15, 19)
Best move: (3, 14)
Executing gate at point (11, 5).
Executing gate at point (12, 5).
Executing gate at point (13, 5).
Executing gate at point (14, 5).
Best move: (3, 14)
Best move: (2, 3)
Best move: (2, 3)
Best move: (2, 3)
Try bruteforce due to repeated pattern...
Trying to solve brute-force congestion at gate [3, 6] with {0: 0, 1: 1, 2: 8, 3: 15, 4: 4, 5: 14, 6: 3, 7: 6}
Trying to moving ion 6... to 6
Ion assignment after moving ion 6: {0: 0, 1: 1, 2: 8, 3: 15, 4: 4, 5: 14, 6: 3, 7: 6}
Gate position gate updated to [6 3]--------------c
Trying to moving ion 3... to 7
Ion assignment after moving ion 3: {0: 0, 1: 1, 2: 8, 3: 15, 4: 4, 5: 16, 6: 7, 7: 6}
Executing gate at point (14, 6).
Executing gate at point (15, 7).
Executing gate at point (15, 6).
Executing gate at point (16, 6).
Executing gate at point (17, 7).
Executing gate at point (17, 6).
Best move: (9, 15)
Executing gate at point (15, 2).
Executing gate at point (16, 2).
Executing gate at point (17, 2).
Executing gate at point (18, 2).
Best move: (1, 12)
Best move: (12, 18)
Best move: (8, 9)
Best move: (9, 15)
Best move: (14, 18)
Best move: (3, 14)
Try bruteforce due to multiple steps (6) to solve one gate
Trying to solve brute-force congestion at gate [4, 16] with {0: 0, 1: 3, 2: 15, 3: 8, 4: 4, 5: 16, 6: 7, 7: 6}
Trying to moving ion 4... to 4
Ion assignment after moving ion 4: {0: 0, 1: 3, 2: 15, 3: 8, 4: 4, 5: 16, 6: 7, 7: 6}
Gate position gate updated to [ 4 16]--------------c
Trying to moving ion 16... to 5
Ion assignment after moving ion 16: {0: 0, 1: 3, 2: 15, 3: 8, 4: 4, 5: 5, 6: 7, 7: 6}
Executing gate at point (15, 4).
Executing gate at point (16, 4).
Executing gate at point (17, 4).
Executing gate at point (18, 5).
Executing gate at point (18, 4).
Executing gate at point (19, 4).
Best move: (14, 15)
Best move: (7, 17)
Best move: (5, 16)
Best move: (2, 3)
Best move: (3, 14)
Executing gate at point (19, 1).
Executing gate at point (20, 1).
Executing gate at point (21, 1).
Executing gate at point (22, 2).
Executing gate at point (22, 1).
Best move: (8, 9)
Best move: (9, 15)
Best move: (15, 19)
Best move: (4, 5)
Best move: (4, 5)
Best move: (4, 5)
Try bruteforce due to multiple steps (6) to solve one gate
Trying to solve brute-force congestion at gate [19, 5] with {0: 0, 1: 2, 2: 3, 3: 19, 4: 5, 5: 16, 6: 17, 7: 6}
Trying to moving ion 5... to 4
Ion assignment after moving ion 5: {0: 0, 1: 2, 2: 3, 3: 19, 4: 4, 5: 16, 6: 17, 7: 6}
Gate position gate updated to [ 4 19]--------------c
Trying to moving ion 19... to 5
Ion assignment after moving ion 19: {0: 0, 1: 2, 2: 3, 3: 5, 4: 4, 5: 17, 6: 7, 7: 6}
Executing gate at point (20, 3).
Executing gate at point (21, 3).
Executing gate at point (22, 3).
Executing gate at point (23, 4).
Executing gate at point (23, 3).
Best move: (17, 19)
Best move: (7, 17)
Best move: (15, 19)
Best move: (17, 19)
Best move: (9, 15)
Best move: (15, 19)
Try bruteforce due to multiple steps (6) to solve one gate
Trying to solve brute-force congestion at gate [9, 15] with {0: 0, 1: 2, 2: 3, 3: 5, 4: 4, 5: 9, 6: 15, 7: 6}
Trying to moving ion 9... to 8
Ion assignment after moving ion 9: {0: 0, 1: 2, 2: 3, 3: 5, 4: 4, 5: 8, 6: 15, 7: 6}
Gate position gate updated to [ 8 15]--------------c
Trying to moving ion 15... to 9
Ion assignment after moving ion 15: {0: 0, 1: 2, 2: 3, 3: 5, 4: 4, 5: 8, 6: 9, 7: 6}
Executing gate at point (19, 5).
Executing gate at point (20, 5).
Executing gate at point (20, 6).
Executing gate at point (21, 5).
Executing gate at point (22, 5).
Executing gate at point (22, 6).
Trying to solve brute-force congestion at gate [0, 2] with {0: 0, 1: 2, 2: 14, 3: 19, 4: 4, 5: 8, 6: 17, 7: 6}
Trying to moving ion 0... to 0
Ion assignment after moving ion 0: {0: 0, 1: 2, 2: 14, 3: 19, 4: 4, 5: 8, 6: 17, 7: 6}
Gate position gate updated to [0 2]--------------c
Trying to moving ion 2... to 1
Ion assignment after moving ion 2: {0: 0, 1: 1, 2: 13, 3: 19, 4: 4, 5: 8, 6: 17, 7: 6}
Trying to solve brute-force congestion at gate [0] with {0: 0, 1: 1, 2: 13, 3: 19, 4: 4, 5: 8, 6: 17, 7: 6}
Trying to moving ion 0... to 0
Ion assignment after moving ion 0: {0: 0, 1: 1, 2: 13, 3: 19, 4: 4, 5: 8, 6: 17, 7: 6}
Trying to solve brute-force congestion at gate [0, 1] with {0: 0, 1: 1, 2: 13, 3: 19, 4: 4, 5: 8, 6: 17, 7: 6}
Trying to moving ion 0... to 0
Ion assignment after moving ion 0: {0: 0, 1: 1, 2: 13, 3: 19, 4: 4, 5: 8, 6: 17, 7: 6}
Gate position gate updated to [0 1]--------------c
Trying to moving ion 1... to 1
Ion assignment after moving ion 1: {0: 0, 1: 1, 2: 13, 3: 19, 4: 4, 5: 8, 6: 17, 7: 6}
Trying to solve brute-force congestion at gate [1] with {0: 0, 1: 1, 2: 13, 3: 19, 4: 4, 5: 8, 6: 17, 7: 6}
Trying to moving ion 1... to 0
Ion assignment after moving ion 1: {0: 1, 1: 0, 2: 13, 3: 19, 4: 4, 5: 8, 6: 17, 7: 6}
Trying to solve brute-force congestion at gate [13, 19] with {0: 1, 1: 0, 2: 13, 3: 19, 4: 4, 5: 8, 6: 17, 7: 6}
Trying to moving ion 13... to 10
Ion assignment after moving ion 13: {0: 1, 1: 0, 2: 10, 3: 19, 4: 4, 5: 8, 6: 17, 7: 6}
Gate position gate updated to [10 19]--------------c
Trying to moving ion 19... to 11
Ion assignment after moving ion 19: {0: 1, 1: 0, 2: 10, 3: 11, 4: 4, 5: 8, 6: 17, 7: 6}
Trying to solve brute-force congestion at gate [10] with {0: 1, 1: 0, 2: 10, 3: 11, 4: 4, 5: 8, 6: 17, 7: 6}
Trying to moving ion 10... to 10
Ion assignment after moving ion 10: {0: 1, 1: 0, 2: 10, 3: 11, 4: 4, 5: 8, 6: 17, 7: 6}
Trying to solve brute-force congestion at gate [10, 11] with {0: 1, 1: 0, 2: 10, 3: 11, 4: 4, 5: 8, 6: 17, 7: 6}
Trying to moving ion 10... to 10
Ion assignment after moving ion 10: {0: 1, 1: 0, 2: 10, 3: 11, 4: 4, 5: 8, 6: 17, 7: 6}
Gate position gate updated to [10 11]--------------c
Trying to moving ion 11... to 11
Ion assignment after moving ion 11: {0: 1, 1: 0, 2: 10, 3: 11, 4: 4, 5: 8, 6: 17, 7: 6}
Trying to solve brute-force congestion at gate [17, 6] with {0: 1, 1: 0, 2: 10, 3: 11, 4: 4, 5: 8, 6: 17, 7: 6}
Trying to moving ion 6... to 6
Ion assignment after moving ion 6: {0: 1, 1: 0, 2: 10, 3: 11, 4: 4, 5: 8, 6: 17, 7: 6}
Gate position gate updated to [ 6 17]--------------c
Trying to moving ion 17... to 7
Ion assignment after moving ion 17: {0: 1, 1: 0, 2: 10, 3: 11, 4: 4, 5: 8, 6: 7, 7: 6}
Trying to solve brute-force congestion at gate [6] with {0: 1, 1: 0, 2: 10, 3: 11, 4: 4, 5: 8, 6: 7, 7: 6}
Trying to moving ion 6... to 6
Ion assignment after moving ion 6: {0: 1, 1: 0, 2: 10, 3: 11, 4: 4, 5: 8, 6: 7, 7: 6}
Trying to solve brute-force congestion at gate [7, 6] with {0: 1, 1: 0, 2: 10, 3: 11, 4: 4, 5: 8, 6: 7, 7: 6}
Trying to moving ion 7... to 6
Ion assignment after moving ion 7: {0: 1, 1: 0, 2: 10, 3: 11, 4: 4, 5: 8, 6: 6, 7: 7}
Gate position gate updated to [6 7]--------------c
Trying to moving ion 7... to 7
Ion assignment after moving ion 7: {0: 1, 1: 0, 2: 10, 3: 11, 4: 4, 5: 8, 6: 6, 7: 7}
Trying to solve brute-force congestion at gate [0, 10] with {0: 1, 1: 0, 2: 10, 3: 11, 4: 4, 5: 8, 6: 6, 7: 7}
Trying to moving ion 0... to 0
Ion assignment after moving ion 0: {0: 1, 1: 0, 2: 10, 3: 11, 4: 4, 5: 8, 6: 6, 7: 7}
Clearing endpoint 1.........
Gate position gate updated to [ 0 10]--------------c
Trying to moving ion 10... to 1
Ion assignment after moving ion 10: {0: 18, 1: 0, 2: 1, 3: 10, 4: 4, 5: 8, 6: 6, 7: 7}
Trying to solve brute-force congestion at gate [0] with {0: 18, 1: 0, 2: 1, 3: 10, 4: 4, 5: 8, 6: 6, 7: 7}
Trying to moving ion 0... to 0
Ion assignment after moving ion 0: {0: 18, 1: 0, 2: 1, 3: 10, 4: 4, 5: 8, 6: 6, 7: 7}
Trying to solve brute-force congestion at gate [4, 8] with {0: 18, 1: 0, 2: 1, 3: 10, 4: 4, 5: 8, 6: 6, 7: 7}
Trying to moving ion 4... to 4
Ion assignment after moving ion 4: {0: 18, 1: 0, 2: 1, 3: 10, 4: 4, 5: 8, 6: 6, 7: 7}
Gate position gate updated to [4 8]--------------c
Trying to moving ion 8... to 5
Ion assignment after moving ion 8: {0: 18, 1: 0, 2: 1, 3: 10, 4: 4, 5: 5, 6: 6, 7: 7}
Trying to solve brute-force congestion at gate [4] with {0: 18, 1: 0, 2: 1, 3: 10, 4: 4, 5: 5, 6: 6, 7: 7}
Trying to moving ion 4... to 4
Ion assignment after moving ion 4: {0: 18, 1: 0, 2: 1, 3: 10, 4: 4, 5: 5, 6: 6, 7: 7}
Trying to solve brute-force congestion at gate [4, 5] with {0: 18, 1: 0, 2: 1, 3: 10, 4: 4, 5: 5, 6: 6, 7: 7}
Trying to moving ion 4... to 4
Ion assignment after moving ion 4: {0: 18, 1: 0, 2: 1, 3: 10, 4: 4, 5: 5, 6: 6, 7: 7}
Gate position gate updated to [4 5]--------------c
Trying to moving ion 5... to 5
Ion assignment after moving ion 5: {0: 18, 1: 0, 2: 1, 3: 10, 4: 4, 5: 5, 6: 6, 7: 7}
Trying to solve brute-force congestion at gate [4] with {0: 18, 1: 0, 2: 1, 3: 10, 4: 4, 5: 5, 6: 6, 7: 7}
Trying to moving ion 4... to 4
Ion assignment after moving ion 4: {0: 18, 1: 0, 2: 1, 3: 10, 4: 4, 5: 5, 6: 6, 7: 7}
Trying to solve brute-force congestion at gate [10, 4] with {0: 18, 1: 0, 2: 1, 3: 10, 4: 4, 5: 5, 6: 6, 7: 7}
Trying to moving ion 10... to 10
Ion assignment after moving ion 10: {0: 18, 1: 0, 2: 1, 3: 10, 4: 4, 5: 5, 6: 6, 7: 7}
Gate position gate updated to [10  4]--------------c
Trying to moving ion 4... to 11
Ion assignment after moving ion 4: {0: 12, 1: 0, 2: 1, 3: 10, 4: 11, 5: 4, 6: 6, 7: 7}
Trying to solve brute-force congestion at gate [4, 6] with {0: 12, 1: 0, 2: 1, 3: 10, 4: 11, 5: 4, 6: 6, 7: 7}
Trying to moving ion 4... to 4
Ion assignment after moving ion 4: {0: 12, 1: 0, 2: 1, 3: 10, 4: 11, 5: 4, 6: 6, 7: 7}
Gate position gate updated to [4 6]--------------c
Trying to moving ion 6... to 5
Ion assignment after moving ion 6: {0: 12, 1: 0, 2: 1, 3: 10, 4: 11, 5: 4, 6: 5, 7: 6}
Trying to solve brute-force congestion at gate [4] with {0: 12, 1: 0, 2: 1, 3: 10, 4: 11, 5: 4, 6: 5, 7: 6}
Trying to moving ion 4... to 4
Ion assignment after moving ion 4: {0: 12, 1: 0, 2: 1, 3: 10, 4: 11, 5: 4, 6: 5, 7: 6}
Trying to solve brute-force congestion at gate [11] with {0: 12, 1: 0, 2: 1, 3: 10, 4: 11, 5: 4, 6: 5, 7: 6}
Trying to moving ion 11... to 10
Ion assignment after moving ion 11: {0: 12, 1: 0, 2: 1, 3: 11, 4: 10, 5: 4, 6: 5, 7: 6}
Trying to solve brute-force congestion at gate [4] with {0: 12, 1: 0, 2: 1, 3: 11, 4: 10, 5: 4, 6: 5, 7: 6}
Trying to moving ion 4... to 4
Ion assignment after moving ion 4: {0: 12, 1: 0, 2: 1, 3: 11, 4: 10, 5: 4, 6: 5, 7: 6}
Trying to solve brute-force congestion at gate [1, 11] with {0: 12, 1: 0, 2: 1, 3: 11, 4: 10, 5: 4, 6: 5, 7: 6}
Trying to moving ion 1... to 0
Ion assignment after moving ion 1: {0: 12, 1: 1, 2: 0, 3: 11, 4: 10, 5: 4, 6: 5, 7: 6}
Clearing endpoint 1.........
Gate position gate updated to [ 0 11]--------------c
Trying to moving ion 11... to 1
Ion assignment after moving ion 11: {0: 14, 1: 18, 2: 0, 3: 1, 4: 10, 5: 4, 6: 5, 7: 6}
Trying to solve brute-force congestion at gate [0] with {0: 14, 1: 18, 2: 0, 3: 1, 4: 10, 5: 4, 6: 5, 7: 6}
Trying to moving ion 0... to 0
Ion assignment after moving ion 0: {0: 14, 1: 18, 2: 0, 3: 1, 4: 10, 5: 4, 6: 5, 7: 6}
Trying to solve brute-force congestion at gate [0, 1] with {0: 14, 1: 18, 2: 0, 3: 1, 4: 10, 5: 4, 6: 5, 7: 6}
Trying to moving ion 0... to 0
Ion assignment after moving ion 0: {0: 14, 1: 18, 2: 0, 3: 1, 4: 10, 5: 4, 6: 5, 7: 6}
Gate position gate updated to [0 1]--------------c
Trying to moving ion 1... to 1
Ion assignment after moving ion 1: {0: 14, 1: 18, 2: 0, 3: 1, 4: 10, 5: 4, 6: 5, 7: 6}
Trying to solve brute-force congestion at gate [10, 4] with {0: 14, 1: 18, 2: 0, 3: 1, 4: 10, 5: 4, 6: 5, 7: 6}
Trying to moving ion 10... to 10
Ion assignment after moving ion 10: {0: 14, 1: 18, 2: 0, 3: 1, 4: 10, 5: 4, 6: 5, 7: 6}
Gate position gate updated to [10  4]--------------c
Trying to moving ion 4... to 11
Ion assignment after moving ion 4: {0: 14, 1: 12, 2: 0, 3: 1, 4: 10, 5: 11, 6: 4, 7: 6}
Trying to solve brute-force congestion at gate [11] with {0: 14, 1: 12, 2: 0, 3: 1, 4: 10, 5: 11, 6: 4, 7: 6}
Trying to moving ion 11... to 10
Ion assignment after moving ion 11: {0: 14, 1: 12, 2: 0, 3: 1, 4: 11, 5: 10, 6: 4, 7: 6}
Trying to solve brute-force congestion at gate [11, 10] with {0: 14, 1: 12, 2: 0, 3: 1, 4: 11, 5: 10, 6: 4, 7: 6}
Trying to moving ion 11... to 10
Ion assignment after moving ion 11: {0: 14, 1: 12, 2: 0, 3: 1, 4: 10, 5: 11, 6: 4, 7: 6}
Gate position gate updated to [10 11]--------------c
Trying to moving ion 11... to 11
Ion assignment after moving ion 11: {0: 14, 1: 12, 2: 0, 3: 1, 4: 10, 5: 11, 6: 4, 7: 6}
Trying to solve brute-force congestion at gate [10] with {0: 14, 1: 12, 2: 0, 3: 1, 4: 10, 5: 11, 6: 4, 7: 6}
Trying to moving ion 10... to 10
Ion assignment after moving ion 10: {0: 14, 1: 12, 2: 0, 3: 1, 4: 10, 5: 11, 6: 4, 7: 6}
Trying to solve brute-force congestion at gate [1, 10] with {0: 14, 1: 12, 2: 0, 3: 1, 4: 10, 5: 11, 6: 4, 7: 6}
Trying to moving ion 10... to 10
Ion assignment after moving ion 10: {0: 14, 1: 12, 2: 0, 3: 1, 4: 10, 5: 11, 6: 4, 7: 6}
Clearing endpoint 11.........
Gate position gate updated to [10  1]--------------c
Trying to moving ion 1... to 11
Ion assignment after moving ion 1: {0: 14, 1: 19, 2: 0, 3: 11, 4: 10, 5: 18, 6: 4, 7: 6}
Trying to solve brute-force congestion at gate [11] with {0: 14, 1: 19, 2: 0, 3: 11, 4: 10, 5: 18, 6: 4, 7: 6}
Trying to moving ion 11... to 10
Ion assignment after moving ion 11: {0: 14, 1: 19, 2: 0, 3: 10, 4: 11, 5: 18, 6: 4, 7: 6}
Trying to solve brute-force congestion at gate [18, 4] with {0: 14, 1: 19, 2: 0, 3: 10, 4: 11, 5: 18, 6: 4, 7: 6}
Trying to moving ion 4... to 4
Ion assignment after moving ion 4: {0: 14, 1: 19, 2: 0, 3: 10, 4: 11, 5: 18, 6: 4, 7: 6}
Gate position gate updated to [ 4 18]--------------c
Trying to moving ion 18... to 5
Ion assignment after moving ion 18: {0: 14, 1: 15, 2: 0, 3: 10, 4: 11, 5: 5, 6: 4, 7: 6}
Trying to solve brute-force congestion at gate [5] with {0: 14, 1: 15, 2: 0, 3: 10, 4: 11, 5: 5, 6: 4, 7: 6}
Trying to moving ion 5... to 4
Ion assignment after moving ion 5: {0: 14, 1: 15, 2: 0, 3: 10, 4: 11, 5: 4, 6: 5, 7: 6}
Trying to solve brute-force congestion at gate [4, 5] with {0: 14, 1: 15, 2: 0, 3: 10, 4: 11, 5: 4, 6: 5, 7: 6}
Trying to moving ion 4... to 4
Ion assignment after moving ion 4: {0: 14, 1: 15, 2: 0, 3: 10, 4: 11, 5: 4, 6: 5, 7: 6}
Gate position gate updated to [4 5]--------------c
Trying to moving ion 5... to 5
Ion assignment after moving ion 5: {0: 14, 1: 15, 2: 0, 3: 10, 4: 11, 5: 4, 6: 5, 7: 6}
Trying to solve brute-force congestion at gate [5, 6] with {0: 14, 1: 15, 2: 0, 3: 10, 4: 11, 5: 4, 6: 5, 7: 6}
Trying to moving ion 6... to 6
Ion assignment after moving ion 6: {0: 14, 1: 15, 2: 0, 3: 10, 4: 11, 5: 4, 6: 5, 7: 6}
Gate position gate updated to [6 5]--------------c
Trying to moving ion 5... to 7
Ion assignment after moving ion 5: {0: 14, 1: 15, 2: 0, 3: 10, 4: 11, 5: 4, 6: 7, 7: 6}
Trying to solve brute-force congestion at gate [7] with {0: 14, 1: 15, 2: 0, 3: 10, 4: 11, 5: 4, 6: 7, 7: 6}
Trying to moving ion 7... to 6
Ion assignment after moving ion 7: {0: 14, 1: 15, 2: 0, 3: 10, 4: 11, 5: 4, 6: 6, 7: 7}
Trying to solve brute-force congestion at gate [6, 7] with {0: 14, 1: 15, 2: 0, 3: 10, 4: 11, 5: 4, 6: 6, 7: 7}
Trying to moving ion 6... to 6
Ion assignment after moving ion 6: {0: 14, 1: 15, 2: 0, 3: 10, 4: 11, 5: 4, 6: 6, 7: 7}
Gate position gate updated to [6 7]--------------c
Trying to moving ion 7... to 7
Ion assignment after moving ion 7: {0: 14, 1: 15, 2: 0, 3: 10, 4: 11, 5: 4, 6: 6, 7: 7}
Executing gate at point (0, 4).
Executing gate at point (0, 6).
Executing gate at point (1, 6).
Executing gate at point (1, 3).
Executing gate at point (2, 3).
Executing gate at point (2, 6).
Executing gate at point (3, 3).
Executing gate at point (3, 7).
Executing gate at point (4, 4).
Executing gate at point (4, 7).
Best move: (10, 11)
Best move: (11, 13)
Best move: (12, 13)
Best move: (6, 7)
Best move: (7, 17)
Best move: (16, 17)
Try bruteforce due to multiple steps (6) to solve one gate
Trying to solve brute-force congestion at gate [4, 16] with {0: 14, 1: 15, 2: 0, 3: 12, 4: 10, 5: 4, 6: 16, 7: 6}
Trying to moving ion 4... to 4
Ion assignment after moving ion 4: {0: 14, 1: 15, 2: 0, 3: 12, 4: 10, 5: 4, 6: 16, 7: 6}
Gate position gate updated to [ 4 16]--------------c
Trying to moving ion 16... to 5
Ion assignment after moving ion 16: {0: 14, 1: 15, 2: 0, 3: 12, 4: 10, 5: 4, 6: 5, 7: 6}
Executing gate at point (3, 5).
Executing gate at point (4, 5).
Executing gate at point (5, 5).
Executing gate at point (6, 6).
Executing gate at point (6, 5).
Best move: (4, 5)
Best move: (5, 16)
Best move: (16, 19)
Best move: (18, 19)
Best move: (13, 18)
Best move: (1, 12)
Try bruteforce due to multiple steps (6) to solve one gate
Trying to solve brute-force congestion at gate [10, 13] with {0: 14, 1: 15, 2: 0, 3: 1, 4: 10, 5: 13, 6: 4, 7: 6}
Trying to moving ion 10... to 10
Ion assignment after moving ion 10: {0: 14, 1: 15, 2: 0, 3: 1, 4: 10, 5: 13, 6: 4, 7: 6}
Gate position gate updated to [10 13]--------------c
Trying to moving ion 13... to 11
Ion assignment after moving ion 13: {0: 14, 1: 15, 2: 0, 3: 1, 4: 10, 5: 11, 6: 4, 7: 6}
Executing gate at point (7, 4).
Executing gate at point (4, 2).
Executing gate at point (8, 5).
Executing gate at point (5, 2).
Executing gate at point (9, 4).
Executing gate at point (6, 2).
Executing gate at point (10, 5).
Executing gate at point (10, 4).
Executing gate at point (7, 3).
Best move: (11, 13)
Best move: (0, 1)
Best move: (1, 12)
Best move: (12, 18)
Best move: (9, 15)
Best move: (15, 18)
Try bruteforce due to multiple steps (6) to solve one gate
Trying to solve brute-force congestion at gate [9, 15] with {0: 14, 1: 9, 2: 15, 3: 0, 4: 10, 5: 13, 6: 4, 7: 6}
Trying to moving ion 9... to 8
Ion assignment after moving ion 9: {0: 14, 1: 8, 2: 15, 3: 0, 4: 10, 5: 13, 6: 4, 7: 6}
Gate position gate updated to [ 8 15]--------------c
Trying to moving ion 15... to 9
Ion assignment after moving ion 15: {0: 14, 1: 8, 2: 9, 3: 0, 4: 10, 5: 13, 6: 4, 7: 6}
Executing gate at point (7, 1).
Executing gate at point (8, 1).
Executing gate at point (9, 1).
Executing gate at point (10, 1).
Executing gate at point (10, 2).
Best move: (13, 18)
Best move: (18, 19)
Best move: (16, 19)
Best move: (5, 16)
Executing gate at point (11, 5).
Executing gate at point (12, 5).
Executing gate at point (13, 5).
Executing gate at point (14, 5).
Best move: (8, 9)
Best move: (9, 15)
Best move: (4, 5)
Best move: (5, 16)
Best move: (16, 17)
Best move: (0, 1)
Try bruteforce due to multiple steps (6) to solve one gate
Trying to solve brute-force congestion at gate [17, 6] with {0: 14, 1: 15, 2: 8, 3: 1, 4: 10, 5: 4, 6: 17, 7: 6}
Trying to moving ion 6... to 6
Ion assignment after moving ion 6: {0: 14, 1: 15, 2: 8, 3: 1, 4: 10, 5: 4, 6: 17, 7: 6}
Gate position gate updated to [ 6 17]--------------c
Trying to moving ion 17... to 7
Ion assignment after moving ion 17: {0: 14, 1: 15, 2: 8, 3: 1, 4: 10, 5: 4, 6: 7, 7: 6}
Executing gate at point (14, 6).
Executing gate at point (15, 7).
Executing gate at point (15, 6).
Executing gate at point (16, 6).
Executing gate at point (17, 7).
Executing gate at point (17, 6).
Best move: (1, 12)
Best move: (12, 13)
Best move: (11, 13)
Executing gate at point (11, 3).
Executing gate at point (12, 3).
Executing gate at point (13, 3).
Executing gate at point (14, 3).
Executing gate at point (14, 4).
Best move: (11, 13)
Best move: (3, 14)
Best move: (14, 15)
Best move: (2, 3)
Best move: (3, 14)
Executing gate at point (11, 0).
Executing gate at point (12, 0).
Executing gate at point (13, 0).
Executing gate at point (14, 1).
Best move: (13, 18)
Best move: (15, 18)
Best move: (9, 15)
Executing gate at point (15, 2).
Executing gate at point (16, 2).
Executing gate at point (17, 2).
Executing gate at point (18, 2).
Best move: (3, 14)
Best move: (8, 9)
Best move: (9, 15)
Best move: (10, 11)
Best move: (11, 13)
Best move: (13, 18)
Try bruteforce due to multiple steps (6) to solve one gate
Trying to solve brute-force congestion at gate [18, 4] with {0: 2, 1: 14, 2: 15, 3: 8, 4: 18, 5: 4, 6: 7, 7: 6}
Trying to moving ion 4... to 4
Ion assignment after moving ion 4: {0: 2, 1: 14, 2: 15, 3: 8, 4: 18, 5: 4, 6: 7, 7: 6}
Gate position gate updated to [ 4 18]--------------c
Trying to moving ion 18... to 5
Ion assignment after moving ion 18: {0: 2, 1: 14, 2: 15, 3: 8, 4: 5, 5: 4, 6: 7, 7: 6}
Executing gate at point (15, 4).
Executing gate at point (16, 4).
Executing gate at point (17, 4).
Executing gate at point (18, 5).
Executing gate at point (18, 4).
Executing gate at point (19, 4).
Best move: (5, 16)
Best move: (16, 19)
Best move: (18, 19)
Best move: (18, 19)
Best move: (18, 19)
Try bruteforce due to repeated pattern...
Trying to solve brute-force congestion at gate [8, 18] with {0: 2, 1: 14, 2: 15, 3: 8, 4: 18, 5: 4, 6: 7, 7: 6}
Trying to moving ion 8... to 8
Ion assignment after moving ion 8: {0: 2, 1: 14, 2: 15, 3: 8, 4: 18, 5: 4, 6: 7, 7: 6}
Gate position gate updated to [ 8 18]--------------c
Trying to moving ion 18... to 9
Ion assignment after moving ion 18: {0: 2, 1: 14, 2: 19, 3: 8, 4: 9, 5: 4, 6: 7, 7: 6}
Executing gate at point (20, 3).
Executing gate at point (21, 3).
Executing gate at point (22, 3).
Executing gate at point (23, 4).
Executing gate at point (23, 3).
Best move: (7, 17)
Best move: (16, 17)
Best move: (5, 16)
Executing gate at point (19, 5).
Executing gate at point (20, 5).
Executing gate at point (20, 6).
Executing gate at point (21, 5).
Executing gate at point (22, 5).
Executing gate at point (22, 6).
Best move: (18, 19)
Best move: (13, 18)
Best move: (14, 18)
Best move: (11, 13)
Best move: (13, 18)
Best move: (10, 11)
Try bruteforce due to multiple steps (6) to solve one gate
Trying to solve brute-force congestion at gate [13, 10] with {0: 2, 1: 13, 2: 10, 3: 8, 4: 9, 5: 4, 6: 5, 7: 6}
Trying to moving ion 10... to 10
Ion assignment after moving ion 10: {0: 2, 1: 13, 2: 10, 3: 8, 4: 9, 5: 4, 6: 5, 7: 6}
Gate position gate updated to [10 13]--------------c
Trying to moving ion 13... to 11
Ion assignment after moving ion 13: {0: 2, 1: 11, 2: 10, 3: 8, 4: 9, 5: 4, 6: 5, 7: 6}
Executing gate at point (19, 1).
Executing gate at point (20, 1).
Executing gate at point (21, 1).
Executing gate at point (22, 1).
Executing gate at point (22, 2).
Trying to solve brute-force congestion at gate [2, 14] with {0: 2, 1: 14, 2: 10, 3: 8, 4: 15, 5: 4, 6: 17, 7: 6}
Trying to moving ion 2... to 2
Ion assignment after moving ion 2: {0: 2, 1: 14, 2: 10, 3: 8, 4: 15, 5: 4, 6: 17, 7: 6}
Gate position gate updated to [ 2 14]--------------c
Trying to moving ion 14... to 3
Ion assignment after moving ion 14: {0: 2, 1: 3, 2: 10, 3: 8, 4: 15, 5: 4, 6: 17, 7: 6}
Trying to solve brute-force congestion at gate [2] with {0: 2, 1: 3, 2: 10, 3: 8, 4: 15, 5: 4, 6: 17, 7: 6}
Trying to moving ion 2... to 2
Ion assignment after moving ion 2: {0: 2, 1: 3, 2: 10, 3: 8, 4: 15, 5: 4, 6: 17, 7: 6}
Trying to solve brute-force congestion at gate [2, 3] with {0: 2, 1: 3, 2: 10, 3: 8, 4: 15, 5: 4, 6: 17, 7: 6}
Trying to moving ion 2... to 2
Ion assignment after moving ion 2: {0: 2, 1: 3, 2: 10, 3: 8, 4: 15, 5: 4, 6: 17, 7: 6}
Gate position gate updated to [2 3]--------------c
Trying to moving ion 3... to 3
Ion assignment after moving ion 3: {0: 2, 1: 3, 2: 10, 3: 8, 4: 15, 5: 4, 6: 17, 7: 6}
Trying to solve brute-force congestion at gate [3] with {0: 2, 1: 3, 2: 10, 3: 8, 4: 15, 5: 4, 6: 17, 7: 6}
Trying to moving ion 3... to 2
Ion assignment after moving ion 3: {0: 3, 1: 2, 2: 10, 3: 8, 4: 15, 5: 4, 6: 17, 7: 6}
Trying to solve brute-force congestion at gate [10, 8] with {0: 3, 1: 2, 2: 10, 3: 8, 4: 15, 5: 4, 6: 17, 7: 6}
Trying to moving ion 8... to 8
Ion assignment after moving ion 8: {0: 3, 1: 2, 2: 10, 3: 8, 4: 15, 5: 4, 6: 17, 7: 6}
Gate position gate updated to [ 8 10]--------------c
Trying to moving ion 10... to 9
Ion assignment after moving ion 10: {0: 3, 1: 2, 2: 9, 3: 8, 4: 19, 5: 4, 6: 17, 7: 6}
Trying to solve brute-force congestion at gate [9] with {0: 3, 1: 2, 2: 9, 3: 8, 4: 19, 5: 4, 6: 17, 7: 6}
Trying to moving ion 9... to 8
Ion assignment after moving ion 9: {0: 3, 1: 2, 2: 8, 3: 9, 4: 19, 5: 4, 6: 17, 7: 6}
Trying to solve brute-force congestion at gate [8, 9] with {0: 3, 1: 2, 2: 8, 3: 9, 4: 19, 5: 4, 6: 17, 7: 6}
Trying to moving ion 8... to 8
Ion assignment after moving ion 8: {0: 3, 1: 2, 2: 8, 3: 9, 4: 19, 5: 4, 6: 17, 7: 6}
Gate position gate updated to [8 9]--------------c
Trying to moving ion 9... to 9
Ion assignment after moving ion 9: {0: 3, 1: 2, 2: 8, 3: 9, 4: 19, 5: 4, 6: 17, 7: 6}
Trying to solve brute-force congestion at gate [17, 6] with {0: 3, 1: 2, 2: 8, 3: 9, 4: 19, 5: 4, 6: 17, 7: 6}
Trying to moving ion 6... to 6
Ion assignment after moving ion 6: {0: 3, 1: 2, 2: 8, 3: 9, 4: 19, 5: 4, 6: 17, 7: 6}
Gate position gate updated to [ 6 17]--------------c
Trying to moving ion 17... to 7
Ion assignment after moving ion 17: {0: 3, 1: 2, 2: 8, 3: 9, 4: 19, 5: 4, 6: 7, 7: 6}
Trying to solve brute-force congestion at gate [6] with {0: 3, 1: 2, 2: 8, 3: 9, 4: 19, 5: 4, 6: 7, 7: 6}
Trying to moving ion 6... to 6
Ion assignment after moving ion 6: {0: 3, 1: 2, 2: 8, 3: 9, 4: 19, 5: 4, 6: 7, 7: 6}
Trying to solve brute-force congestion at gate [7, 6] with {0: 3, 1: 2, 2: 8, 3: 9, 4: 19, 5: 4, 6: 7, 7: 6}
Trying to moving ion 7... to 6
Ion assignment after moving ion 7: {0: 3, 1: 2, 2: 8, 3: 9, 4: 19, 5: 4, 6: 6, 7: 7}
Gate position gate updated to [6 7]--------------c
Trying to moving ion 7... to 7
Ion assignment after moving ion 7: {0: 3, 1: 2, 2: 8, 3: 9, 4: 19, 5: 4, 6: 6, 7: 7}
Trying to solve brute-force congestion at gate [2, 8] with {0: 3, 1: 2, 2: 8, 3: 9, 4: 19, 5: 4, 6: 6, 7: 7}
Trying to moving ion 2... to 2
Ion assignment after moving ion 2: {0: 3, 1: 2, 2: 8, 3: 9, 4: 19, 5: 4, 6: 6, 7: 7}
Clearing endpoint 3.........
Gate position gate updated to [2 8]--------------c
Trying to moving ion 8... to 3
Ion assignment after moving ion 8: {0: 18, 1: 2, 2: 3, 3: 8, 4: 19, 5: 4, 6: 6, 7: 7}
Trying to solve brute-force congestion at gate [2] with {0: 18, 1: 2, 2: 3, 3: 8, 4: 19, 5: 4, 6: 6, 7: 7}
Trying to moving ion 2... to 2
Ion assignment after moving ion 2: {0: 18, 1: 2, 2: 3, 3: 8, 4: 19, 5: 4, 6: 6, 7: 7}
Trying to solve brute-force congestion at gate [19, 4] with {0: 18, 1: 2, 2: 3, 3: 8, 4: 19, 5: 4, 6: 6, 7: 7}
Trying to moving ion 4... to 4
Ion assignment after moving ion 4: {0: 18, 1: 2, 2: 3, 3: 8, 4: 19, 5: 4, 6: 6, 7: 7}
Gate position gate updated to [ 4 19]--------------c
Trying to moving ion 19... to 5
Ion assignment after moving ion 19: {0: 18, 1: 2, 2: 3, 3: 8, 4: 5, 5: 4, 6: 6, 7: 7}
Trying to solve brute-force congestion at gate [5] with {0: 18, 1: 2, 2: 3, 3: 8, 4: 5, 5: 4, 6: 6, 7: 7}
Trying to moving ion 5... to 4
Ion assignment after moving ion 5: {0: 18, 1: 2, 2: 3, 3: 8, 4: 4, 5: 5, 6: 6, 7: 7}
Trying to solve brute-force congestion at gate [4, 5] with {0: 18, 1: 2, 2: 3, 3: 8, 4: 4, 5: 5, 6: 6, 7: 7}
Trying to moving ion 4... to 4
Ion assignment after moving ion 4: {0: 18, 1: 2, 2: 3, 3: 8, 4: 4, 5: 5, 6: 6, 7: 7}
Gate position gate updated to [4 5]--------------c
Trying to moving ion 5... to 5
Ion assignment after moving ion 5: {0: 18, 1: 2, 2: 3, 3: 8, 4: 4, 5: 5, 6: 6, 7: 7}
Trying to solve brute-force congestion at gate [4] with {0: 18, 1: 2, 2: 3, 3: 8, 4: 4, 5: 5, 6: 6, 7: 7}
Trying to moving ion 4... to 4
Ion assignment after moving ion 4: {0: 18, 1: 2, 2: 3, 3: 8, 4: 4, 5: 5, 6: 6, 7: 7}
Trying to solve brute-force congestion at gate [8, 4] with {0: 18, 1: 2, 2: 3, 3: 8, 4: 4, 5: 5, 6: 6, 7: 7}
Trying to moving ion 8... to 8
Ion assignment after moving ion 8: {0: 18, 1: 2, 2: 3, 3: 8, 4: 4, 5: 5, 6: 6, 7: 7}
Gate position gate updated to [8 4]--------------c
Trying to moving ion 4... to 9
Ion assignment after moving ion 4: {0: 18, 1: 2, 2: 3, 3: 8, 4: 9, 5: 4, 6: 6, 7: 7}
Trying to solve brute-force congestion at gate [4, 6] with {0: 18, 1: 2, 2: 3, 3: 8, 4: 9, 5: 4, 6: 6, 7: 7}
Trying to moving ion 4... to 4
Ion assignment after moving ion 4: {0: 18, 1: 2, 2: 3, 3: 8, 4: 9, 5: 4, 6: 6, 7: 7}
Gate position gate updated to [4 6]--------------c
Trying to moving ion 6... to 5
Ion assignment after moving ion 6: {0: 18, 1: 2, 2: 3, 3: 8, 4: 9, 5: 4, 6: 5, 7: 6}
Trying to solve brute-force congestion at gate [4] with {0: 18, 1: 2, 2: 3, 3: 8, 4: 9, 5: 4, 6: 5, 7: 6}
Trying to moving ion 4... to 4
Ion assignment after moving ion 4: {0: 18, 1: 2, 2: 3, 3: 8, 4: 9, 5: 4, 6: 5, 7: 6}
Trying to solve brute-force congestion at gate [9] with {0: 18, 1: 2, 2: 3, 3: 8, 4: 9, 5: 4, 6: 5, 7: 6}
Trying to moving ion 9... to 8
Ion assignment after moving ion 9: {0: 18, 1: 2, 2: 3, 3: 9, 4: 8, 5: 4, 6: 5, 7: 6}
Trying to solve brute-force congestion at gate [4] with {0: 18, 1: 2, 2: 3, 3: 9, 4: 8, 5: 4, 6: 5, 7: 6}
Trying to moving ion 4... to 4
Ion assignment after moving ion 4: {0: 18, 1: 2, 2: 3, 3: 9, 4: 8, 5: 4, 6: 5, 7: 6}
Trying to solve brute-force congestion at gate [3, 9] with {0: 18, 1: 2, 2: 3, 3: 9, 4: 8, 5: 4, 6: 5, 7: 6}
Trying to moving ion 3... to 2
Ion assignment after moving ion 3: {0: 18, 1: 3, 2: 2, 3: 9, 4: 8, 5: 4, 6: 5, 7: 6}
Clearing endpoint 3.........
Gate position gate updated to [2 9]--------------c
Trying to moving ion 9... to 3
Ion assignment after moving ion 9: {0: 18, 1: 19, 2: 2, 3: 3, 4: 8, 5: 4, 6: 5, 7: 6}
Trying to solve brute-force congestion at gate [2] with {0: 18, 1: 19, 2: 2, 3: 3, 4: 8, 5: 4, 6: 5, 7: 6}
Trying to moving ion 2... to 2
Ion assignment after moving ion 2: {0: 18, 1: 19, 2: 2, 3: 3, 4: 8, 5: 4, 6: 5, 7: 6}
Trying to solve brute-force congestion at gate [2, 3] with {0: 18, 1: 19, 2: 2, 3: 3, 4: 8, 5: 4, 6: 5, 7: 6}
Trying to moving ion 2... to 2
Ion assignment after moving ion 2: {0: 18, 1: 19, 2: 2, 3: 3, 4: 8, 5: 4, 6: 5, 7: 6}
Gate position gate updated to [2 3]--------------c
Trying to moving ion 3... to 3
Ion assignment after moving ion 3: {0: 18, 1: 19, 2: 2, 3: 3, 4: 8, 5: 4, 6: 5, 7: 6}
Trying to solve brute-force congestion at gate [8, 4] with {0: 18, 1: 19, 2: 2, 3: 3, 4: 8, 5: 4, 6: 5, 7: 6}
Trying to moving ion 8... to 8
Ion assignment after moving ion 8: {0: 18, 1: 19, 2: 2, 3: 3, 4: 8, 5: 4, 6: 5, 7: 6}
Gate position gate updated to [8 4]--------------c
Trying to moving ion 4... to 9
Ion assignment after moving ion 4: {0: 18, 1: 14, 2: 2, 3: 3, 4: 8, 5: 9, 6: 4, 7: 6}
Trying to solve brute-force congestion at gate [9] with {0: 18, 1: 14, 2: 2, 3: 3, 4: 8, 5: 9, 6: 4, 7: 6}
Trying to moving ion 9... to 8
Ion assignment after moving ion 9: {0: 18, 1: 14, 2: 2, 3: 3, 4: 9, 5: 8, 6: 4, 7: 6}
Trying to solve brute-force congestion at gate [9, 8] with {0: 18, 1: 14, 2: 2, 3: 3, 4: 9, 5: 8, 6: 4, 7: 6}
Trying to moving ion 9... to 8
Ion assignment after moving ion 9: {0: 18, 1: 14, 2: 2, 3: 3, 4: 8, 5: 9, 6: 4, 7: 6}
Gate position gate updated to [8 9]--------------c
Trying to moving ion 9... to 9
Ion assignment after moving ion 9: {0: 18, 1: 14, 2: 2, 3: 3, 4: 8, 5: 9, 6: 4, 7: 6}
Trying to solve brute-force congestion at gate [8] with {0: 18, 1: 14, 2: 2, 3: 3, 4: 8, 5: 9, 6: 4, 7: 6}
Trying to moving ion 8... to 8
Ion assignment after moving ion 8: {0: 18, 1: 14, 2: 2, 3: 3, 4: 8, 5: 9, 6: 4, 7: 6}
Trying to solve brute-force congestion at gate [3, 8] with {0: 18, 1: 14, 2: 2, 3: 3, 4: 8, 5: 9, 6: 4, 7: 6}
Trying to moving ion 8... to 8
Ion assignment after moving ion 8: {0: 18, 1: 14, 2: 2, 3: 3, 4: 8, 5: 9, 6: 4, 7: 6}
Clearing endpoint 9.........
Gate position gate updated to [8 3]--------------c
Trying to moving ion 3... to 9
Ion assignment after moving ion 3: {0: 12, 1: 19, 2: 2, 3: 9, 4: 8, 5: 18, 6: 4, 7: 6}
Trying to solve brute-force congestion at gate [9] with {0: 12, 1: 19, 2: 2, 3: 9, 4: 8, 5: 18, 6: 4, 7: 6}
Trying to moving ion 9... to 8
Ion assignment after moving ion 9: {0: 12, 1: 19, 2: 2, 3: 8, 4: 9, 5: 18, 6: 4, 7: 6}
Trying to solve brute-force congestion at gate [18, 4] with {0: 12, 1: 19, 2: 2, 3: 8, 4: 9, 5: 18, 6: 4, 7: 6}
Trying to moving ion 4... to 4
Ion assignment after moving ion 4: {0: 12, 1: 19, 2: 2, 3: 8, 4: 9, 5: 18, 6: 4, 7: 6}
Gate position gate updated to [ 4 18]--------------c
Trying to moving ion 18... to 5
Ion assignment after moving ion 18: {0: 12, 1: 14, 2: 2, 3: 8, 4: 9, 5: 5, 6: 4, 7: 6}
Trying to solve brute-force congestion at gate [5] with {0: 12, 1: 14, 2: 2, 3: 8, 4: 9, 5: 5, 6: 4, 7: 6}
Trying to moving ion 5... to 4
Ion assignment after moving ion 5: {0: 12, 1: 14, 2: 2, 3: 8, 4: 9, 5: 4, 6: 5, 7: 6}
Trying to solve brute-force congestion at gate [4, 5] with {0: 12, 1: 14, 2: 2, 3: 8, 4: 9, 5: 4, 6: 5, 7: 6}
Trying to moving ion 4... to 4
Ion assignment after moving ion 4: {0: 12, 1: 14, 2: 2, 3: 8, 4: 9, 5: 4, 6: 5, 7: 6}
Gate position gate updated to [4 5]--------------c
Trying to moving ion 5... to 5
Ion assignment after moving ion 5: {0: 12, 1: 14, 2: 2, 3: 8, 4: 9, 5: 4, 6: 5, 7: 6}
Trying to solve brute-force congestion at gate [5, 6] with {0: 12, 1: 14, 2: 2, 3: 8, 4: 9, 5: 4, 6: 5, 7: 6}
Trying to moving ion 6... to 6
Ion assignment after moving ion 6: {0: 12, 1: 14, 2: 2, 3: 8, 4: 9, 5: 4, 6: 5, 7: 6}
Gate position gate updated to [6 5]--------------c
Trying to moving ion 5... to 7
Ion assignment after moving ion 5: {0: 12, 1: 14, 2: 2, 3: 8, 4: 9, 5: 4, 6: 7, 7: 6}
Trying to solve brute-force congestion at gate [7] with {0: 12, 1: 14, 2: 2, 3: 8, 4: 9, 5: 4, 6: 7, 7: 6}
Trying to moving ion 7... to 6
Ion assignment after moving ion 7: {0: 12, 1: 14, 2: 2, 3: 8, 4: 9, 5: 4, 6: 6, 7: 7}
Trying to solve brute-force congestion at gate [6, 7] with {0: 12, 1: 14, 2: 2, 3: 8, 4: 9, 5: 4, 6: 6, 7: 7}
Trying to moving ion 6... to 6
Ion assignment after moving ion 6: {0: 12, 1: 14, 2: 2, 3: 8, 4: 9, 5: 4, 6: 6, 7: 7}
Gate position gate updated to [6 7]--------------c
Trying to moving ion 7... to 7
Ion assignment after moving ion 7: {0: 12, 1: 14, 2: 2, 3: 8, 4: 9, 5: 4, 6: 6, 7: 7}
Executing gate at point (0, 4).
Executing gate at point (0, 6).
Executing gate at point (1, 6).
Executing gate at point (1, 3).
Executing gate at point (2, 3).
Executing gate at point (2, 6).
Executing gate at point (3, 3).
Executing gate at point (3, 7).
Executing gate at point (4, 4).
Executing gate at point (4, 7).
Best move: (8, 9)
Best move: (9, 15)
Best move: (6, 7)
Best move: (7, 17)
Best move: (16, 17)
Best move: (5, 16)
Try bruteforce due to multiple steps (6) to solve one gate
Trying to solve brute-force congestion at gate [4, 5] with {0: 12, 1: 14, 2: 2, 3: 15, 4: 8, 5: 4, 6: 5, 7: 6}
Trying to moving ion 4... to 4
Ion assignment after moving ion 4: {0: 12, 1: 14, 2: 2, 3: 15, 4: 8, 5: 4, 6: 5, 7: 6}
Gate position gate updated to [4 5]--------------c
Trying to moving ion 5... to 5
Ion assignment after moving ion 5: {0: 12, 1: 14, 2: 2, 3: 15, 4: 8, 5: 4, 6: 5, 7: 6}
Executing gate at point (3, 5).
Executing gate at point (4, 5).
Executing gate at point (5, 5).
Executing gate at point (6, 6).
Executing gate at point (6, 5).
Best move: (4, 5)
Best move: (5, 16)
Best move: (16, 19)
Best move: (15, 18)
Best move: (15, 19)
Best move: (9, 15)
Try bruteforce due to multiple steps (6) to solve one gate
Trying to solve brute-force congestion at gate [8, 9] with {0: 12, 1: 14, 2: 2, 3: 18, 4: 8, 5: 9, 6: 4, 7: 6}
Trying to moving ion 8... to 8
Ion assignment after moving ion 8: {0: 12, 1: 14, 2: 2, 3: 18, 4: 8, 5: 9, 6: 4, 7: 6}
Gate position gate updated to [8 9]--------------c
Trying to moving ion 9... to 9
Ion assignment after moving ion 9: {0: 12, 1: 14, 2: 2, 3: 18, 4: 8, 5: 9, 6: 4, 7: 6}
Executing gate at point (7, 4).
Executing gate at point (8, 5).
Executing gate at point (9, 4).
Executing gate at point (10, 4).
Executing gate at point (10, 5).
Best move: (9, 15)
Best move: (18, 19)
Best move: (18, 19)
Best move: (18, 19)
Try bruteforce due to repeated pattern...
Trying to solve brute-force congestion at gate [2, 19] with {0: 12, 1: 14, 2: 2, 3: 19, 4: 8, 5: 15, 6: 4, 7: 6}
Trying to moving ion 2... to 2
Ion assignment after moving ion 2: {0: 12, 1: 14, 2: 2, 3: 19, 4: 8, 5: 15, 6: 4, 7: 6}
Gate position gate updated to [ 2 19]--------------c
Trying to moving ion 19... to 3
Ion assignment after moving ion 19: {0: 12, 1: 18, 2: 2, 3: 3, 4: 8, 5: 15, 6: 4, 7: 6}
Executing gate at point (4, 2).
Executing gate at point (5, 2).
Executing gate at point (6, 2).
Executing gate at point (7, 3).
Best move: (3, 14)
Best move: (14, 19)
Best move: (14, 19)
Best move: (14, 19)
Try bruteforce due to repeated pattern...
Trying to solve brute-force congestion at gate [19, 8] with {0: 12, 1: 18, 2: 2, 3: 19, 4: 8, 5: 15, 6: 4, 7: 6}
Trying to moving ion 8... to 8
Ion assignment after moving ion 8: {0: 12, 1: 18, 2: 2, 3: 19, 4: 8, 5: 15, 6: 4, 7: 6}Input filename:  TFIM_n8_s100_compiled
Algorithm:  SHAW
Trap type:  G2x3
Trap capacity:  2
Num layout passes:  2
Gate type:  FM
Run index:  10
Creating a QCCD machine ...
QCCD physical machine:
### Traps ### 
Trap(id='trap_0', max_num_ions=2, initial_num_ions=0, executable=True, measureable=True)
Trap(id='trap_1', max_num_ions=2, initial_num_ions=0, executable=True, measureable=True)
Trap(id='trap_2', max_num_ions=2, initial_num_ions=0, executable=True, measureable=True)
Trap(id='trap_3', max_num_ions=2, initial_num_ions=0, executable=True, measureable=True)
Trap(id='trap_4', max_num_ions=2, initial_num_ions=0, executable=True, measureable=True)
Trap(id='trap_5', max_num_ions=2, initial_num_ions=0, executable=True, measureable=True)
### Junctions ### 
Junction(id='junction_0')
Junction(id='junction_1')
Junction(id='junction_2')
### Segments ### 
Segment(id='segment_0', left=Trap(id='trap_0', max_num_ions=2, initial_num_ions=0, executable=True, measureable=True), right=Junction(id='junction_0'))
Segment(id='segment_1', left=Trap(id='trap_5', max_num_ions=2, initial_num_ions=0, executable=True, measureable=True), right=Junction(id='junction_0'))
Segment(id='segment_2', left=Trap(id='trap_1', max_num_ions=2, initial_num_ions=0, executable=True, measureable=True), right=Junction(id='junction_1'))
Segment(id='segment_3', left=Trap(id='trap_4', max_num_ions=2, initial_num_ions=0, executable=True, measureable=True), right=Junction(id='junction_1'))
Segment(id='segment_4', left=Trap(id='trap_2', max_num_ions=2, initial_num_ions=0, executable=True, measureable=True), right=Junction(id='junction_2'))
Segment(id='segment_5', left=Trap(id='trap_3', max_num_ions=2, initial_num_ions=0, executable=True, measureable=True), right=Junction(id='junction_2'))
Segment(id='segment_6', left=Junction(id='junction_0'), right=Junction(id='junction_1'))
Segment(id='segment_7', left=Junction(id='junction_1'), right=Junction(id='junction_2'))
Finished creating the QCCD physical machine.
Position graph:  CouplingGraph({(7, 17), (12, 13), (14, 19), (8, 9), (5, 16), (1, 12), (16, 19), (18, 19), (4, 5), (14, 18), (12, 18), (14, 15), (0, 1), (10, 11), (11, 13), (6, 7), (15, 19), (3, 14), (17, 19), (9, 15), (2, 3), (13, 18), (15, 18), (16, 17)})
Initial ion assignment:  {0: 1, 1: 9, 2: 8, 3: 0, 4: 4, 5: 3, 6: 5, 7: 6}
Congestion rate:  1.0
Scheduling QCCD: 1040004120.0000001 us, costing 8.672143600066192 s to compile
1040.00412
8.672143600066192
{0: 12, 1: 14, 2: 2, 3: 8, 4: 9, 5: 4, 6: 6, 7: 7}
[0, 1, 2, 3, 4, 5, 6, 7]
