Executing gate at point (0, 3).
Best move: (14, 21)
Best move: (21, 25)
Best move: (22, 25)
Best move: (0, 1)
Best move: (1, 2)
Best move: (2, 18)
Best move: (18, 24)
Best move: (24, 25)
Try bruteforce due to multiple steps (8) to solve one gate
Trying to solve brute-force congestion at gate [25, 9] with {0: 13, 1: 25, 2: 3, 3: 12, 4: 8, 5: 9, 6: 22, 7: 10}
Trying to moving ion 9... to 9
Ion assignment after moving ion 9: {0: 13, 1: 25, 2: 3, 3: 12, 4: 8, 5: 9, 6: 22, 7: 10}
Gate position gate updated to [ 9 25]--------------c
Trying to moving ion 25... to 10
Ion assignment after moving ion 25: {0: 13, 1: 10, 2: 3, 3: 12, 4: 8, 5: 9, 6: 22, 7: 11}
Executing gate at point (0, 1).
Best move: (11, 23)
Best move: (23, 25)
Best move: (21, 25)
Best move: (7, 8)
Best move: (8, 22)
Executing gate at point (1, 4).
Best move: (14, 21)
Executing gate at point (0, 0).
Best move: (14, 21)
Best move: (21, 25)
Best move: (23, 25)
Best move: (11, 23)
Executing gate at point (1, 1).
Best move: (11, 23)
Best move: (23, 25)
Best move: (21, 25)
Best move: (14, 21)
Executing gate at point (2, 3).
Best move: (14, 21)
Best move: (9, 10)
Best move: (10, 11)
Best move: (11, 23)
Best move: (23, 25)
Best move: (20, 25)
Best move: (5, 20)
Executing gate at point (1, 2).
Best move: (21, 25)
Best move: (22, 25)
Best move: (6, 7)
Best move: (6, 7)
Best move: (6, 7)
Try bruteforce due to repeated pattern...
Trying to solve brute-force congestion at gate [6, 22] with {0: 13, 1: 9, 2: 3, 3: 12, 4: 6, 5: 5, 6: 8, 7: 22}
Trying to moving ion 6... to 6
Ion assignment after moving ion 6: {0: 13, 1: 9, 2: 3, 3: 12, 4: 6, 5: 5, 6: 8, 7: 22}
Clearing endpoint 8.........
Gate position gate updated to [ 6 22]--------------c
Trying to moving ion 22... to 7
Ion assignment after moving ion 22: {0: 13, 1: 9, 2: 3, 3: 12, 4: 6, 5: 5, 6: 8, 7: 7}
Executing gate at point (3, 4).
Best move: (7, 8)
Best move: (8, 22)
Best move: (22, 25)
Best move: (20, 25)
Best move: (4, 5)
Best move: (5, 20)
Executing gate at point (4, 5).
Trying to solve brute-force congestion at gate [12, 14] with {0: 13, 1: 9, 2: 3, 3: 12, 4: 6, 5: 4, 6: 7, 7: 14}
Trying to moving ion 12... to 12
Ion assignment after moving ion 12: {0: 13, 1: 9, 2: 3, 3: 12, 4: 6, 5: 4, 6: 7, 7: 14}
Gate position gate updated to [12 14]--------------c
Trying to moving ion 14... to 13
Ion assignment after moving ion 14: {0: 14, 1: 9, 2: 3, 3: 12, 4: 6, 5: 4, 6: 7, 7: 13}
Trying to solve brute-force congestion at gate [9, 13] with {0: 14, 1: 9, 2: 3, 3: 12, 4: 6, 5: 4, 6: 7, 7: 13}
Trying to moving ion 9... to 9
Ion assignment after moving ion 9: {0: 14, 1: 9, 2: 3, 3: 12, 4: 6, 5: 4, 6: 7, 7: 13}
Gate position gate updated to [ 9 13]--------------c
Trying to moving ion 13... to 10
Ion assignment after moving ion 13: {0: 13, 1: 9, 2: 3, 3: 12, 4: 6, 5: 4, 6: 7, 7: 10}
Trying to solve brute-force congestion at gate [9, 4] with {0: 13, 1: 9, 2: 3, 3: 12, 4: 6, 5: 4, 6: 7, 7: 10}
Trying to moving ion 9... to 9
Ion assignment after moving ion 9: {0: 13, 1: 9, 2: 3, 3: 12, 4: 6, 5: 4, 6: 7, 7: 10}
Gate position gate updated to [9 4]--------------c
Trying to moving ion 4... to 10
Ion assignment after moving ion 4: {0: 13, 1: 9, 2: 3, 3: 12, 4: 6, 5: 10, 6: 7, 7: 11}
Trying to solve brute-force congestion at gate [12, 7] with {0: 13, 1: 9, 2: 3, 3: 12, 4: 6, 5: 10, 6: 7, 7: 11}
Trying to moving ion 12... to 12
Ion assignment after moving ion 12: {0: 13, 1: 9, 2: 3, 3: 12, 4: 6, 5: 10, 6: 7, 7: 11}
Gate position gate updated to [12  7]--------------c
Trying to moving ion 7... to 13
Ion assignment after moving ion 7: {0: 14, 1: 9, 2: 3, 3: 12, 4: 6, 5: 10, 6: 13, 7: 11}
Trying to solve brute-force congestion at gate [14, 11] with {0: 14, 1: 9, 2: 3, 3: 12, 4: 6, 5: 10, 6: 13, 7: 11}
Trying to moving ion 11... to 9
Ion assignment after moving ion 11: {0: 14, 1: 10, 2: 3, 3: 12, 4: 6, 5: 11, 6: 13, 7: 9}
Clearing endpoint 11.........
Gate position gate updated to [ 9 14]--------------c
Trying to moving ion 14... to 10
Ion assignment after moving ion 14: {0: 10, 1: 11, 2: 3, 3: 12, 4: 6, 5: 22, 6: 13, 7: 9}
Executing gate at point (0, 3).
Executing gate at point (0, 0).
Best move: (11, 23)
Best move: (13, 14)
Best move: (14, 21)
Best move: (21, 25)
Best move: (8, 22)
Best move: (22, 25)
Best move: (7, 8)
Best move: (6, 7)
Try bruteforce due to multiple steps (8) to solve one gate
Trying to solve brute-force congestion at gate [23, 6] with {0: 10, 1: 23, 2: 3, 3: 12, 4: 7, 5: 6, 6: 22, 7: 9}
Trying to moving ion 6... to 6
Ion assignment after moving ion 6: {0: 10, 1: 23, 2: 3, 3: 12, 4: 7, 5: 6, 6: 22, 7: 9}
Gate position gate updated to [ 6 23]--------------c
Trying to moving ion 23... to 7
Ion assignment after moving ion 23: {0: 10, 1: 7, 2: 3, 3: 12, 4: 8, 5: 6, 6: 25, 7: 9}
Executing gate at point (0, 1).
Best move: (8, 22)
Best move: (22, 23)
Best move: (9, 10)
Best move: (24, 25)
Best move: (23, 25)
Best move: (10, 11)
Best move: (11, 23)
Best move: (22, 23)
Try bruteforce due to multiple steps (8) to solve one gate
Trying to solve brute-force congestion at gate [7, 22] with {0: 9, 1: 7, 2: 3, 3: 12, 4: 25, 5: 6, 6: 24, 7: 22}
Trying to moving ion 7... to 6
Ion assignment after moving ion 7: {0: 9, 1: 6, 2: 3, 3: 12, 4: 25, 5: 7, 6: 24, 7: 22}
Gate position gate updated to [ 6 22]--------------c
Trying to moving ion 22... to 7
Ion assignment after moving ion 22: {0: 9, 1: 6, 2: 3, 3: 12, 4: 25, 5: 8, 6: 24, 7: 7}
Executing gate at point (1, 1).
Best move: (8, 22)
Best move: (3, 4)
Best move: (22, 23)
Best move: (22, 23)
Best move: (12, 13)
Best move: (13, 14)
Best move: (14, 21)
Best move: (20, 21)
Try bruteforce due to multiple steps (8) to solve one gate
Trying to solve brute-force congestion at gate [20, 7] with {0: 9, 1: 6, 2: 4, 3: 20, 4: 25, 5: 22, 6: 24, 7: 7}
Trying to moving ion 7... to 6
Ion assignment after moving ion 7: {0: 9, 1: 7, 2: 4, 3: 20, 4: 25, 5: 22, 6: 24, 7: 6}
Gate position gate updated to [ 6 20]--------------c
Trying to moving ion 20... to 7
Ion assignment after moving ion 20: {0: 9, 1: 8, 2: 4, 3: 7, 4: 11, 5: 23, 6: 24, 7: 6}
Executing gate at point (2, 3).
Best move: (23, 25)
Best move: (20, 25)
Best move: (24, 25)
Best move: (23, 25)
Best move: (5, 20)
Executing gate at point (1, 2).
Best move: (10, 11)
Best move: (11, 23)
Executing gate at point (1, 4).
Best move: (6, 7)
Best move: (7, 8)
Best move: (8, 22)
Best move: (22, 25)
Best move: (10, 11)
Best move: (11, 23)
Best move: (20, 25)
Best move: (23, 25)
Try bruteforce due to multiple steps (8) to solve one gate
Trying to solve brute-force congestion at gate [25, 20] with {0: 9, 1: 7, 2: 4, 3: 6, 4: 25, 5: 5, 6: 10, 7: 20}
Trying to moving ion 25... to 12
Ion assignment after moving ion 25: {0: 9, 1: 7, 2: 4, 3: 6, 4: 12, 5: 5, 6: 10, 7: 20}
Gate position gate updated to [12 20]--------------c
Trying to moving ion 20... to 13
Ion assignment after moving ion 20: {0: 9, 1: 7, 2: 4, 3: 6, 4: 12, 5: 5, 6: 10, 7: 13}
Executing gate at point (3, 4).
Best move: (5, 20)
Best move: (20, 21)
Best move: (14, 21)
Executing gate at point (4, 5).
Trying to solve brute-force congestion at gate [6, 13] with {0: 9, 1: 7, 2: 4, 3: 6, 4: 12, 5: 5, 6: 14, 7: 13}
Trying to moving ion 6... to 6
Ion assignment after moving ion 6: {0: 9, 1: 7, 2: 4, 3: 6, 4: 12, 5: 5, 6: 14, 7: 13}
Gate position gate updated to [ 6 13]--------------c
Trying to moving ion 13... to 7
Ion assignment after moving ion 13: {0: 9, 1: 8, 2: 4, 3: 6, 4: 12, 5: 5, 6: 13, 7: 7}
Trying to solve brute-force congestion at gate [8, 7] with {0: 9, 1: 8, 2: 4, 3: 6, 4: 12, 5: 5, 6: 13, 7: 7}
Trying to moving ion 8... to 6
Ion assignment after moving ion 8: {0: 9, 1: 6, 2: 4, 3: 7, 4: 12, 5: 5, 6: 13, 7: 8}
Gate position gate updated to [6 8]--------------c
Trying to moving ion 8... to 7
Ion assignment after moving ion 8: {0: 9, 1: 6, 2: 4, 3: 8, 4: 12, 5: 5, 6: 13, 7: 7}
Trying to solve brute-force congestion at gate [6, 5] with {0: 9, 1: 6, 2: 4, 3: 8, 4: 12, 5: 5, 6: 13, 7: 7}
Trying to moving ion 6... to 6
Ion assignment after moving ion 6: {0: 9, 1: 6, 2: 4, 3: 8, 4: 12, 5: 5, 6: 13, 7: 7}Input filename:  QAOA_wsq_8_compiled
Algorithm:  SHAPER
Trap type:  G2x3
Trap capacity:  3
Num layout passes:  2
Gate type:  FM
Run index:  2
Creating a QCCD machine ...
QCCD physical machine:
### Traps ### 
Trap(id='trap_0', max_num_ions=3, initial_num_ions=0, executable=True, measureable=True)
Trap(id='trap_1', max_num_ions=3, initial_num_ions=0, executable=True, measureable=True)
Trap(id='trap_2', max_num_ions=3, initial_num_ions=0, executable=True, measureable=True)
Trap(id='trap_3', max_num_ions=3, initial_num_ions=0, executable=True, measureable=True)
Trap(id='trap_4', max_num_ions=3, initial_num_ions=0, executable=True, measureable=True)
Trap(id='trap_5', max_num_ions=3, initial_num_ions=0, executable=True, measureable=True)
### Junctions ### 
Junction(id='junction_0')
Junction(id='junction_1')
Junction(id='junction_2')
### Segments ### 
Segment(id='segment_0', left=Trap(id='trap_0', max_num_ions=3, initial_num_ions=0, executable=True, measureable=True), right=Junction(id='junction_0'))
Segment(id='segment_1', left=Trap(id='trap_5', max_num_ions=3, initial_num_ions=0, executable=True, measureable=True), right=Junction(id='junction_0'))
Segment(id='segment_2', left=Trap(id='trap_1', max_num_ions=3, initial_num_ions=0, executable=True, measureable=True), right=Junction(id='junction_1'))
Segment(id='segment_3', left=Trap(id='trap_4', max_num_ions=3, initial_num_ions=0, executable=True, measureable=True), right=Junction(id='junction_1'))
Segment(id='segment_4', left=Trap(id='trap_2', max_num_ions=3, initial_num_ions=0, executable=True, measureable=True), right=Junction(id='junction_2'))
Segment(id='segment_5', left=Trap(id='trap_3', max_num_ions=3, initial_num_ions=0, executable=True, measureable=True), right=Junction(id='junction_2'))
Segment(id='segment_6', left=Junction(id='junction_0'), right=Junction(id='junction_1'))
Segment(id='segment_7', left=Junction(id='junction_1'), right=Junction(id='junction_2'))
Finished creating the QCCD physical machine.
Position graph:  CouplingGraph({(3, 4), (12, 13), (22, 23), (21, 25), (23, 25), (11, 23), (13, 14), (19, 24), (18, 19), (4, 5), (20, 25), (21, 24), (22, 25), (14, 21), (0, 1), (9, 10), (1, 2), (10, 11), (6, 7), (15, 16), (24, 25), (18, 24), (20, 21), (20, 24), (17, 19), (5, 20), (8, 22), (2, 18), (7, 8), (16, 17)})
Initial ion assignment:  {0: 13, 1: 0, 2: 3, 3: 12, 4: 8, 5: 9, 6: 14, 7: 10}
Congestion rate:  1.0
Scheduling QCCD: 2600.0000000000005 us, costing 22.521589700016193 s to compile
0.0026000000000000003
22.521589700016193
{0: 9, 1: 6, 2: 4, 3: 13, 4: 14, 5: 7, 6: 12, 7: 10}
[0, 1, 2, 3, 4, 5, 6, 7]
