Executing gate at point (0, 4).
Best move: (11, 28)
Best move: (7, 26)
Best move: (15, 29)
Best move: (22, 23)
Best move: (23, 25)
Best move: (25, 30)
Best move: (3, 24)
Best move: (26, 31)
Best move: (16, 17)
Try bruteforce due to multiple steps (9) to solve one gate
Trying to solve brute-force congestion at gate [14, 28] with {0: 17, 1: 14, 2: 30, 3: 24, 4: 22, 5: 6, 6: 9, 7: 28, 8: 31, 9: 5, 10: 21, 11: 29, 12: 18, 13: 12, 14: 10, 15: 8}
Trying to moving ion 14... to 12
Ion assignment after moving ion 14: {0: 17, 1: 12, 2: 30, 3: 24, 4: 22, 5: 6, 6: 9, 7: 28, 8: 31, 9: 5, 10: 21, 11: 29, 12: 18, 13: 13, 14: 10, 15: 8}
Gate position gate updated to [12 28]--------------c
Trying to moving ion 28... to 13
Ion assignment after moving ion 28: {0: 17, 1: 12, 2: 30, 3: 24, 4: 22, 5: 6, 6: 9, 7: 13, 8: 26, 9: 5, 10: 21, 11: 31, 12: 18, 13: 14, 14: 10, 15: 8}
Executing gate at point (0, 1).
Best move: (27, 31)
Best move: (17, 18)
Best move: (14, 15)
Best move: (15, 29)
Best move: (26, 31)
Best move: (28, 31)
Best move: (26, 27)
Best move: (30, 31)
Best move: (24, 30)
Try bruteforce due to multiple steps (9) to solve one gate
Trying to solve brute-force congestion at gate [17, 29] with {0: 18, 1: 12, 2: 31, 3: 30, 4: 22, 5: 6, 6: 9, 7: 13, 8: 28, 9: 5, 10: 21, 11: 26, 12: 17, 13: 29, 14: 10, 15: 8}
Trying to moving ion 17... to 16
Ion assignment after moving ion 17: {0: 18, 1: 12, 2: 31, 3: 30, 4: 22, 5: 6, 6: 9, 7: 13, 8: 28, 9: 5, 10: 21, 11: 26, 12: 16, 13: 29, 14: 10, 15: 8}
Gate position gate updated to [16 29]--------------c
Trying to moving ion 29... to 17
Ion assignment after moving ion 29: {0: 19, 1: 12, 2: 30, 3: 24, 4: 22, 5: 6, 6: 9, 7: 13, 8: 28, 9: 5, 10: 21, 11: 26, 12: 16, 13: 17, 14: 10, 15: 8}
Executing gate at point (0, 12).
Best move: (30, 31)
Best move: (19, 27)
Best move: (24, 30)
Best move: (29, 31)
Best move: (30, 31)
Best move: (5, 6)
Best move: (9, 10)
Best move: (9, 10)
Best move: (9, 10)
Try bruteforce due to multiple steps (9) to solve one gate
Trying to solve brute-force congestion at gate [29, 9] with {0: 27, 1: 12, 2: 29, 3: 31, 4: 22, 5: 5, 6: 10, 7: 13, 8: 28, 9: 6, 10: 21, 11: 26, 12: 16, 13: 17, 14: 9, 15: 8}
Trying to moving ion 9... to 8
Ion assignment after moving ion 9: {0: 27, 1: 12, 2: 29, 3: 31, 4: 22, 5: 5, 6: 10, 7: 13, 8: 28, 9: 6, 10: 21, 11: 26, 12: 16, 13: 17, 14: 8, 15: 9}
Gate position gate updated to [ 8 29]--------------c
Trying to moving ion 29... to 9
Ion assignment after moving ion 29: {0: 27, 1: 12, 2: 9, 3: 30, 4: 22, 5: 5, 6: 11, 7: 13, 8: 31, 9: 6, 10: 21, 11: 26, 12: 16, 13: 17, 14: 8, 15: 10}
Executing gate at point (0, 2).
Best move: (5, 6)
Best move: (5, 6)
Best move: (5, 6)
Try bruteforce due to repeated pattern...
Trying to solve brute-force congestion at gate [27, 5] with {0: 27, 1: 12, 2: 9, 3: 30, 4: 22, 5: 6, 6: 11, 7: 13, 8: 31, 9: 5, 10: 21, 11: 26, 12: 16, 13: 17, 14: 8, 15: 10}
Trying to moving ion 5... to 4
Ion assignment after moving ion 5: {0: 27, 1: 12, 2: 9, 3: 30, 4: 22, 5: 6, 6: 11, 7: 13, 8: 31, 9: 4, 10: 21, 11: 26, 12: 16, 13: 17, 14: 8, 15: 10}
Gate position gate updated to [ 4 27]--------------c
Trying to moving ion 27... to 5
Ion assignment after moving ion 27: {0: 5, 1: 12, 2: 9, 3: 24, 4: 22, 5: 7, 6: 11, 7: 13, 8: 31, 9: 4, 10: 21, 11: 30, 12: 16, 13: 17, 14: 8, 15: 10}
Executing gate at point (0, 0).
Best move: (11, 28)
Best move: (29, 31)
Best move: (26, 30)
Best move: (24, 30)
Best move: (21, 22)
Best move: (6, 7)
Best move: (5, 6)
Best move: (8, 9)
Best move: (30, 31)
Try bruteforce due to multiple steps (9) to solve one gate
Trying to solve brute-force congestion at gate [31, 10] with {0: 6, 1: 12, 2: 8, 3: 31, 4: 21, 5: 5, 6: 28, 7: 13, 8: 29, 9: 4, 10: 22, 11: 26, 12: 16, 13: 17, 14: 9, 15: 10}
Trying to moving ion 10... to 8
Ion assignment after moving ion 10: {0: 6, 1: 12, 2: 9, 3: 31, 4: 21, 5: 5, 6: 28, 7: 13, 8: 29, 9: 4, 10: 22, 11: 26, 12: 16, 13: 17, 14: 10, 15: 8}
Gate position gate updated to [ 8 31]--------------c
Trying to moving ion 31... to 9
Ion assignment after moving ion 31: {0: 6, 1: 12, 2: 10, 3: 9, 4: 21, 5: 5, 6: 29, 7: 13, 8: 15, 9: 4, 10: 22, 11: 26, 12: 16, 13: 17, 14: 11, 15: 8}
Executing gate at point (0, 3).
Best move: (11, 28)
Best move: (28, 31)
Best move: (9, 10)
Best move: (14, 15)
Best move: (27, 31)
Best move: (15, 29)
Executing gate at point (0, 6).
Executing gate at point (1, 1).
Best move: (15, 29)
Best move: (28, 29)
Best move: (11, 28)
Executing gate at point (1, 2).
Best move: (10, 11)
Best move: (11, 28)
Best move: (28, 31)
Best move: (30, 31)
Best move: (25, 30)
Best move: (23, 25)
Executing gate at point (1, 3).
Best move: (23, 25)
Best move: (7, 26)
Executing gate at point (0, 5).
Best move: (7, 26)
Best move: (5, 6)
Best move: (6, 7)
Best move: (13, 14)
Best move: (13, 14)
Best move: (13, 14)
Try bruteforce due to repeated pattern...
Trying to solve brute-force congestion at gate [7, 14] with {0: 5, 1: 12, 2: 9, 3: 25, 4: 21, 5: 7, 6: 10, 7: 14, 8: 13, 9: 4, 10: 22, 11: 26, 12: 16, 13: 17, 14: 27, 15: 8}
Trying to moving ion 14... to 12
Ion assignment after moving ion 14: {0: 5, 1: 13, 2: 9, 3: 25, 4: 21, 5: 7, 6: 10, 7: 12, 8: 14, 9: 4, 10: 22, 11: 26, 12: 16, 13: 17, 14: 27, 15: 8}
Gate position gate updated to [12  7]--------------c
Trying to moving ion 7... to 13
Ion assignment after moving ion 7: {0: 5, 1: 14, 2: 9, 3: 25, 4: 21, 5: 13, 6: 10, 7: 12, 8: 15, 9: 4, 10: 22, 11: 30, 12: 16, 13: 17, 14: 27, 15: 8}
Executing gate at point (1, 5).
Executing gate at point (2, 1).
Best move: (26, 27)
Best move: (7, 26)
Executing gate at point (1, 0).
Best move: (24, 25)
Best move: (15, 29)
Best move: (6, 7)
Best move: (8, 9)
Best move: (9, 10)
Best move: (5, 6)
Best move: (25, 30)
Best move: (17, 18)
Best move: (23, 25)
Try bruteforce due to multiple steps (9) to solve one gate
Trying to solve brute-force congestion at gate [23, 10] with {0: 6, 1: 14, 2: 8, 3: 24, 4: 21, 5: 13, 6: 9, 7: 12, 8: 29, 9: 4, 10: 22, 11: 23, 12: 16, 13: 18, 14: 5, 15: 10}
Trying to moving ion 10... to 8
Ion assignment after moving ion 10: {0: 6, 1: 14, 2: 9, 3: 24, 4: 21, 5: 13, 6: 10, 7: 12, 8: 29, 9: 4, 10: 22, 11: 23, 12: 16, 13: 18, 14: 5, 15: 8}
Gate position gate updated to [ 8 23]--------------c
Trying to moving ion 23... to 9
Ion assignment after moving ion 23: {0: 6, 1: 14, 2: 10, 3: 24, 4: 21, 5: 13, 6: 11, 7: 12, 8: 29, 9: 4, 10: 22, 11: 9, 12: 16, 13: 18, 14: 5, 15: 8}
Executing gate at point (1, 11).
Best move: (8, 9)
Best move: (9, 10)
Best move: (4, 5)
Best move: (16, 17)
Best move: (13, 14)
Best move: (14, 15)
Best move: (3, 24)
Best move: (2, 3)
Best move: (17, 18)
Try bruteforce due to multiple steps (9) to solve one gate
Trying to solve brute-force congestion at gate [21, 8] with {0: 6, 1: 13, 2: 9, 3: 2, 4: 21, 5: 15, 6: 11, 7: 12, 8: 29, 9: 5, 10: 22, 11: 8, 12: 18, 13: 17, 14: 4, 15: 10}
Trying to moving ion 8... to 8
Ion assignment after moving ion 8: {0: 6, 1: 13, 2: 9, 3: 2, 4: 21, 5: 15, 6: 11, 7: 12, 8: 29, 9: 5, 10: 22, 11: 8, 12: 18, 13: 17, 14: 4, 15: 10}
Clearing endpoint 11.........
Gate position gate updated to [ 8 21]--------------c
Trying to moving ion 21... to 9
Ion assignment after moving ion 21: {0: 6, 1: 13, 2: 10, 3: 2, 4: 9, 5: 14, 6: 29, 7: 12, 8: 15, 9: 5, 10: 21, 11: 8, 12: 18, 13: 17, 14: 4, 15: 11}
Executing gate at point (2, 4).
Best move: (21, 22)
Best move: (5, 6)
Best move: (4, 5)
Best move: (4, 5)
Best move: (10, 11)
Best move: (11, 28)
Best move: (28, 31)
Best move: (30, 31)
Best move: (24, 30)
Try bruteforce due to multiple steps (9) to solve one gate
Trying to solve brute-force congestion at gate [24, 2] with {0: 5, 1: 13, 2: 24, 3: 2, 4: 9, 5: 14, 6: 29, 7: 12, 8: 15, 9: 6, 10: 22, 11: 8, 12: 18, 13: 17, 14: 4, 15: 10}
Trying to moving ion 2... to 0
Ion assignment after moving ion 2: {0: 5, 1: 13, 2: 24, 3: 0, 4: 9, 5: 14, 6: 29, 7: 12, 8: 15, 9: 6, 10: 22, 11: 8, 12: 18, 13: 17, 14: 4, 15: 10}
Gate position gate updated to [ 0 24]--------------c
Trying to moving ion 24... to 1
Ion assignment after moving ion 24: {0: 5, 1: 13, 2: 1, 3: 0, 4: 9, 5: 14, 6: 29, 7: 12, 8: 15, 9: 6, 10: 22, 11: 8, 12: 18, 13: 17, 14: 4, 15: 10}
Executing gate at point (2, 2).
Best move: (4, 5)
Best move: (14, 15)
Best move: (14, 15)
Best move: (18, 19)
Best move: (19, 27)
Best move: (26, 27)
Best move: (7, 26)
Executing gate at point (2, 0).
Best move: (6, 7)
Best move: (7, 26)
Best move: (26, 30)
Best move: (25, 30)
Best move: (5, 6)
Best move: (17, 18)
Best move: (14, 15)
Best move: (14, 15)
Best move: (14, 15)
Try bruteforce due to multiple steps (9) to solve one gate
Trying to solve brute-force congestion at gate [15, 18] with {0: 4, 1: 13, 2: 1, 3: 0, 4: 9, 5: 15, 6: 29, 7: 12, 8: 14, 9: 25, 10: 22, 11: 8, 12: 5, 13: 18, 14: 6, 15: 10}
Trying to moving ion 18... to 16
Ion assignment after moving ion 18: {0: 4, 1: 13, 2: 1, 3: 0, 4: 9, 5: 15, 6: 29, 7: 12, 8: 14, 9: 25, 10: 22, 11: 8, 12: 5, 13: 16, 14: 6, 15: 10}
Gate position gate updated to [16 15]--------------c
Trying to moving ion 15... to 17
Ion assignment after moving ion 15: {0: 4, 1: 13, 2: 1, 3: 0, 4: 9, 5: 17, 6: 30, 7: 12, 8: 14, 9: 25, 10: 22, 11: 8, 12: 5, 13: 16, 14: 6, 15: 10}
Executing gate at point (2, 5).
Best move: (23, 25)
Executing gate at point (1, 9).
Best move: (23, 25)
Best move: (24, 25)
Best move: (24, 25)
Best move: (24, 25)
Try bruteforce due to repeated pattern...
Trying to solve brute-force congestion at gate [24, 10] with {0: 4, 1: 13, 2: 1, 3: 0, 4: 9, 5: 17, 6: 30, 7: 12, 8: 14, 9: 24, 10: 22, 11: 8, 12: 5, 13: 16, 14: 6, 15: 10}
Trying to moving ion 10... to 8
Ion assignment after moving ion 10: {0: 4, 1: 13, 2: 1, 3: 0, 4: 10, 5: 17, 6: 30, 7: 12, 8: 14, 9: 24, 10: 22, 11: 9, 12: 5, 13: 16, 14: 6, 15: 8}
Gate position gate updated to [ 8 24]--------------c
Trying to moving ion 24... to 9
Ion assignment after moving ion 24: {0: 4, 1: 13, 2: 1, 3: 0, 4: 11, 5: 17, 6: 26, 7: 12, 8: 14, 9: 9, 10: 22, 11: 10, 12: 5, 13: 16, 14: 6, 15: 8}
Executing gate at point (2, 9).
Best move: (26, 30)
Best move: (25, 30)
Best move: (23, 25)
Executing gate at point (2, 6).
Best move: (14, 15)
Best move: (15, 29)
Best move: (29, 31)
Best move: (26, 31)
Best move: (7, 26)
Executing gate at point (2, 8).
Trying to solve brute-force congestion at gate [6, 16] with {0: 4, 1: 13, 2: 0, 3: 1, 4: 3, 5: 17, 6: 23, 7: 12, 8: 31, 9: 9, 10: 22, 11: 10, 12: 6, 13: 16, 14: 5, 15: 8}
Trying to moving ion 16... to 16
Ion assignment after moving ion 16: {0: 4, 1: 13, 2: 0, 3: 1, 4: 3, 5: 17, 6: 23, 7: 12, 8: 31, 9: 9, 10: 22, 11: 10, 12: 6, 13: 16, 14: 5, 15: 8}
Gate position gate updated to [16  6]--------------c
Trying to moving ion 6... to 17
Ion assignment after moving ion 6: {0: 4, 1: 13, 2: 0, 3: 1, 4: 3, 5: 18, 6: 23, 7: 12, 8: 31, 9: 9, 10: 22, 11: 10, 12: 17, 13: 16, 14: 5, 15: 8}
Trying to solve brute-force congestion at gate [0, 23] with {0: 4, 1: 13, 2: 0, 3: 1, 4: 3, 5: 18, 6: 23, 7: 12, 8: 31, 9: 9, 10: 22, 11: 10, 12: 17, 13: 16, 14: 5, 15: 8}
Trying to moving ion 0... to 0
Ion assignment after moving ion 0: {0: 4, 1: 13, 2: 0, 3: 1, 4: 3, 5: 18, 6: 23, 7: 12, 8: 31, 9: 9, 10: 22, 11: 10, 12: 17, 13: 16, 14: 5, 15: 8}
Clearing endpoint 3.........
Gate position gate updated to [ 0 23]--------------c
Trying to moving ion 23... to 1
Ion assignment after moving ion 23: {0: 4, 1: 13, 2: 0, 3: 2, 4: 30, 5: 18, 6: 1, 7: 12, 8: 31, 9: 9, 10: 22, 11: 10, 12: 17, 13: 16, 14: 5, 15: 8}
Trying to solve brute-force congestion at gate [0, 5] with {0: 4, 1: 13, 2: 0, 3: 2, 4: 30, 5: 18, 6: 1, 7: 12, 8: 31, 9: 9, 10: 22, 11: 10, 12: 17, 13: 16, 14: 5, 15: 8}
Trying to moving ion 0... to 0
Ion assignment after moving ion 0: {0: 4, 1: 13, 2: 0, 3: 2, 4: 30, 5: 18, 6: 1, 7: 12, 8: 31, 9: 9, 10: 22, 11: 10, 12: 17, 13: 16, 14: 5, 15: 8}
Gate position gate updated to [0 5]--------------c
Trying to moving ion 5... to 1
Ion assignment after moving ion 5: {0: 4, 1: 13, 2: 0, 3: 3, 4: 25, 5: 18, 6: 2, 7: 12, 8: 31, 9: 9, 10: 22, 11: 10, 12: 17, 13: 16, 14: 1, 15: 8}
Trying to solve brute-force congestion at gate [18, 12] with {0: 4, 1: 13, 2: 0, 3: 3, 4: 25, 5: 18, 6: 2, 7: 12, 8: 31, 9: 9, 10: 22, 11: 10, 12: 17, 13: 16, 14: 1, 15: 8}
Trying to moving ion 12... to 12
Ion assignment after moving ion 12: {0: 4, 1: 13, 2: 0, 3: 3, 4: 25, 5: 18, 6: 2, 7: 12, 8: 31, 9: 9, 10: 22, 11: 10, 12: 17, 13: 16, 14: 1, 15: 8}
Gate position gate updated to [12 18]--------------c
Trying to moving ion 18... to 13
Ion assignment after moving ion 18: {0: 4, 1: 14, 2: 0, 3: 3, 4: 25, 5: 13, 6: 2, 7: 12, 8: 26, 9: 9, 10: 22, 11: 10, 12: 17, 13: 16, 14: 1, 15: 8}
Trying to solve brute-force congestion at gate [14, 26] with {0: 4, 1: 14, 2: 0, 3: 3, 4: 25, 5: 13, 6: 2, 7: 12, 8: 26, 9: 9, 10: 22, 11: 10, 12: 17, 13: 16, 14: 1, 15: 8}
Trying to moving ion 14... to 12
Ion assignment after moving ion 14: {0: 4, 1: 12, 2: 0, 3: 3, 4: 25, 5: 14, 6: 2, 7: 13, 8: 26, 9: 9, 10: 22, 11: 10, 12: 17, 13: 16, 14: 1, 15: 8}
Gate position gate updated to [12 26]--------------c
Trying to moving ion 26... to 13
Ion assignment after moving ion 26: {0: 4, 1: 12, 2: 0, 3: 3, 4: 25, 5: 15, 6: 2, 7: 14, 8: 13, 9: 9, 10: 22, 11: 10, 12: 17, 13: 16, 14: 1, 15: 8}
Trying to solve brute-force congestion at gate [12, 14] with {0: 4, 1: 12, 2: 0, 3: 3, 4: 25, 5: 15, 6: 2, 7: 14, 8: 13, 9: 9, 10: 22, 11: 10, 12: 17, 13: 16, 14: 1, 15: 8}
Trying to moving ion 12... to 12
Ion assignment after moving ion 12: {0: 4, 1: 12, 2: 0, 3: 3, 4: 25, 5: 15, 6: 2, 7: 14, 8: 13, 9: 9, 10: 22, 11: 10, 12: 17, 13: 16, 14: 1, 15: 8}
Clearing endpoint 15.........
Gate position gate updated to [12 14]--------------c
Trying to moving ion 14... to 13
Ion assignment after moving ion 14: {0: 4, 1: 12, 2: 0, 3: 3, 4: 25, 5: 29, 6: 2, 7: 13, 8: 14, 9: 9, 10: 22, 11: 10, 12: 17, 13: 16, 14: 1, 15: 8}
Trying to solve brute-force congestion at gate [29, 10] with {0: 4, 1: 12, 2: 0, 3: 3, 4: 25, 5: 29, 6: 2, 7: 13, 8: 14, 9: 9, 10: 22, 11: 10, 12: 17, 13: 16, 14: 1, 15: 8}
Trying to moving ion 10... to 8
Ion assignment after moving ion 10: {0: 4, 1: 12, 2: 0, 3: 3, 4: 25, 5: 29, 6: 2, 7: 13, 8: 14, 9: 10, 10: 22, 11: 8, 12: 17, 13: 16, 14: 1, 15: 9}
Gate position gate updated to [ 8 29]--------------c
Trying to moving ion 29... to 9
Ion assignment after moving ion 29: {0: 4, 1: 12, 2: 0, 3: 3, 4: 25, 5: 9, 6: 2, 7: 13, 8: 14, 9: 11, 10: 22, 11: 8, 12: 17, 13: 16, 14: 1, 15: 10}
Trying to solve brute-force congestion at gate [3, 10] with {0: 4, 1: 12, 2: 0, 3: 3, 4: 25, 5: 9, 6: 2, 7: 13, 8: 14, 9: 11, 10: 22, 11: 8, 12: 17, 13: 16, 14: 1, 15: 10}
Trying to moving ion 10... to 8
Ion assignment after moving ion 10: {0: 4, 1: 12, 2: 0, 3: 3, 4: 25, 5: 10, 6: 2, 7: 13, 8: 14, 9: 11, 10: 22, 11: 9, 12: 17, 13: 16, 14: 1, 15: 8}
Clearing endpoint 11.........
Gate position gate updated to [8 3]--------------c
Trying to moving ion 3... to 9
Ion assignment after moving ion 3: {0: 4, 1: 12, 2: 0, 3: 9, 4: 25, 5: 11, 6: 2, 7: 13, 8: 14, 9: 29, 10: 22, 11: 10, 12: 17, 13: 16, 14: 1, 15: 8}
Trying to solve brute-force congestion at gate [29, 22] with {0: 4, 1: 12, 2: 0, 3: 9, 4: 25, 5: 11, 6: 2, 7: 13, 8: 14, 9: 29, 10: 22, 11: 10, 12: 17, 13: 16, 14: 1, 15: 8}
Trying to moving ion 22... to 20
Ion assignment after moving ion 22: {0: 4, 1: 12, 2: 0, 3: 9, 4: 25, 5: 11, 6: 2, 7: 13, 8: 14, 9: 29, 10: 20, 11: 10, 12: 17, 13: 16, 14: 1, 15: 8}
Gate position gate updated to [20 29]--------------c
Trying to moving ion 29... to 21
Ion assignment after moving ion 29: {0: 4, 1: 12, 2: 0, 3: 9, 4: 24, 5: 11, 6: 2, 7: 13, 8: 14, 9: 21, 10: 20, 11: 10, 12: 17, 13: 16, 14: 1, 15: 8}
Trying to solve brute-force congestion at gate [4, 21] with {0: 4, 1: 12, 2: 0, 3: 9, 4: 24, 5: 11, 6: 2, 7: 13, 8: 14, 9: 21, 10: 20, 11: 10, 12: 17, 13: 16, 14: 1, 15: 8}
Trying to moving ion 4... to 4
Ion assignment after moving ion 4: {0: 4, 1: 12, 2: 0, 3: 9, 4: 24, 5: 11, 6: 2, 7: 13, 8: 14, 9: 21, 10: 20, 11: 10, 12: 17, 13: 16, 14: 1, 15: 8}
Gate position gate updated to [ 4 21]--------------c
Trying to moving ion 21... to 5
Ion assignment after moving ion 21: {0: 4, 1: 12, 2: 0, 3: 9, 4: 24, 5: 11, 6: 2, 7: 13, 8: 14, 9: 5, 10: 20, 11: 10, 12: 17, 13: 16, 14: 1, 15: 8}
Trying to solve brute-force congestion at gate [24, 20] with {0: 4, 1: 12, 2: 0, 3: 9, 4: 24, 5: 11, 6: 2, 7: 13, 8: 14, 9: 5, 10: 20, 11: 10, 12: 17, 13: 16, 14: 1, 15: 8}
Trying to moving ion 20... to 20
Ion assignment after moving ion 20: {0: 4, 1: 12, 2: 0, 3: 9, 4: 24, 5: 11, 6: 2, 7: 13, 8: 14, 9: 5, 10: 20, 11: 10, 12: 17, 13: 16, 14: 1, 15: 8}
Gate position gate updated to [20 24]--------------c
Trying to moving ion 24... to 21
Ion assignment after moving ion 24: {0: 4, 1: 12, 2: 0, 3: 9, 4: 21, 5: 11, 6: 2, 7: 13, 8: 14, 9: 5, 10: 20, 11: 10, 12: 17, 13: 16, 14: 1, 15: 8}
Trying to solve brute-force congestion at gate [2, 14] with {0: 4, 1: 12, 2: 0, 3: 9, 4: 21, 5: 11, 6: 2, 7: 13, 8: 14, 9: 5, 10: 20, 11: 10, 12: 17, 13: 16, 14: 1, 15: 8}
Trying to moving ion 2... to 0
Ion assignment after moving ion 2: {0: 4, 1: 12, 2: 1, 3: 9, 4: 21, 5: 11, 6: 0, 7: 13, 8: 14, 9: 5, 10: 20, 11: 10, 12: 17, 13: 16, 14: 2, 15: 8}
Gate position gate updated to [ 0 14]--------------c
Trying to moving ion 14... to 1
Ion assignment after moving ion 14: {0: 4, 1: 12, 2: 2, 3: 9, 4: 21, 5: 11, 6: 0, 7: 13, 8: 1, 9: 5, 10: 20, 11: 10, 12: 17, 13: 16, 14: 3, 15: 8}
Executing gate at point (0, 1).
Executing gate at point (0, 4).
Executing gate at point (0, 0).
Executing gate at point (0, 3).
Executing gate at point (0, 6).
Executing gate at point (0, 12).
Executing gate at point (0, 2).
Executing gate at point (0, 5).
Executing gate at point (1, 2).
Executing gate at point (1, 11).
Best move: (11, 28)
Best move: (28, 29)
Best move: (15, 29)
Executing gate at point (1, 5).
Best move: (15, 29)
Best move: (3, 24)
Best move: (24, 30)
Best move: (26, 30)
Best move: (7, 26)
Executing gate at point (1, 0).
Best move: (12, 13)
Best move: (21, 22)
Best move: (17, 18)
Best move: (20, 21)
Best move: (13, 14)
Best move: (14, 15)
Best move: (29, 31)
Best move: (27, 31)
Best move: (19, 27)
Try bruteforce due to multiple steps (9) to solve one gate
Trying to solve brute-force congestion at gate [15, 1] with {0: 4, 1: 15, 2: 2, 3: 9, 4: 22, 5: 19, 6: 0, 7: 12, 8: 1, 9: 5, 10: 21, 11: 10, 12: 18, 13: 16, 14: 7, 15: 8}
Trying to moving ion 1... to 0
Ion assignment after moving ion 1: {0: 4, 1: 15, 2: 2, 3: 9, 4: 22, 5: 19, 6: 1, 7: 12, 8: 0, 9: 5, 10: 21, 11: 10, 12: 18, 13: 16, 14: 7, 15: 8}
Gate position gate updated to [ 0 15]--------------c
Trying to moving ion 15... to 1
Ion assignment after moving ion 15: {0: 4, 1: 1, 2: 3, 3: 9, 4: 22, 5: 19, 6: 2, 7: 12, 8: 0, 9: 5, 10: 21, 11: 10, 12: 18, 13: 16, 14: 7, 15: 8}
Executing gate at point (1, 1).
Executing gate at point (2, 5).
Best move: (18, 19)
Best move: (19, 27)
Best move: (6, 7)
Best move: (5, 6)
Best move: (1, 2)
Best move: (0, 1)
Best move: (2, 3)
Best move: (3, 24)
Best move: (24, 30)
Try bruteforce due to multiple steps (9) to solve one gate
Trying to solve brute-force congestion at gate [9, 22] with {0: 4, 1: 30, 2: 2, 3: 9, 4: 22, 5: 18, 6: 0, 7: 12, 8: 1, 9: 6, 10: 21, 11: 10, 12: 27, 13: 16, 14: 5, 15: 8}
Trying to moving ion 9... to 8
Ion assignment after moving ion 9: {0: 4, 1: 30, 2: 2, 3: 8, 4: 22, 5: 18, 6: 0, 7: 12, 8: 1, 9: 6, 10: 21, 11: 10, 12: 27, 13: 16, 14: 5, 15: 9}
Gate position gate updated to [ 8 22]--------------c
Trying to moving ion 22... to 9
Ion assignment after moving ion 22: {0: 4, 1: 29, 2: 2, 3: 8, 4: 9, 5: 18, 6: 0, 7: 12, 8: 1, 9: 6, 10: 21, 11: 11, 12: 27, 13: 16, 14: 5, 15: 10}
Executing gate at point (1, 3).
Executing gate at point (2, 4).
Best move: (15, 29)
Executing gate at point (2, 1).
Best move: (8, 9)
Best move: (1, 2)
Best move: (21, 22)
Best move: (22, 23)
Best move: (23, 25)
Best move: (24, 25)
Best move: (9, 10)
Best move: (10, 11)
Best move: (11, 28)
Try bruteforce due to multiple steps (9) to solve one gate
Trying to solve brute-force congestion at gate [1, 28] with {0: 4, 1: 15, 2: 1, 3: 28, 4: 8, 5: 18, 6: 0, 7: 12, 8: 2, 9: 6, 10: 24, 11: 10, 12: 27, 13: 16, 14: 5, 15: 9}
Trying to moving ion 1... to 0
Ion assignment after moving ion 1: {0: 4, 1: 15, 2: 0, 3: 28, 4: 8, 5: 18, 6: 1, 7: 12, 8: 2, 9: 6, 10: 24, 11: 10, 12: 27, 13: 16, 14: 5, 15: 9}
Gate position gate updated to [ 0 28]--------------c
Trying to moving ion 28... to 1
Ion assignment after moving ion 28: {0: 4, 1: 15, 2: 0, 3: 1, 4: 8, 5: 18, 6: 2, 7: 12, 8: 3, 9: 6, 10: 25, 11: 10, 12: 27, 13: 16, 14: 5, 15: 9}
Executing gate at point (2, 2).
Best move: (3, 24)
Best move: (24, 30)
Best move: (24, 25)
Best move: (26, 30)
Best move: (24, 30)
Best move: (4, 5)
Best move: (4, 5)
Best move: (7, 26)
Executing gate at point (2, 8).
Best move: (4, 5)
Best move: (6, 7)
Best move: (7, 26)
Best move: (26, 31)
Best move: (26, 27)
Best move: (7, 26)
Executing gate at point (2, 0).
Best move: (27, 31)
Best move: (27, 31)
Best move: (27, 31)
Try bruteforce due to repeated pattern...
Trying to solve brute-force congestion at gate [27, 30] with {0: 5, 1: 15, 2: 0, 3: 1, 4: 8, 5: 18, 6: 2, 7: 12, 8: 6, 9: 27, 10: 30, 11: 10, 12: 7, 13: 16, 14: 4, 15: 9}
Trying to moving ion 27... to 16
Ion assignment after moving ion 27: {0: 5, 1: 15, 2: 0, 3: 1, 4: 8, 5: 19, 6: 2, 7: 12, 8: 6, 9: 16, 10: 30, 11: 10, 12: 7, 13: 17, 14: 4, 15: 9}
Clearing endpoint 19.........
Gate position gate updated to [16 30]--------------c
Trying to moving ion 30... to 17
Ion assignment after moving ion 30: {0: 5, 1: 15, 2: 0, 3: 1, 4: 8, 5: 19, 6: 2, 7: 12, 8: 6, 9: 16, 10: 17, 11: 10, 12: 7, 13: 18, 14: 4, 15: 9}
Executing gate at point (1, 9).
Best move: (17, 18)
Best move: (16, 17)
Best move: (17, 18)
Best move: (18, 19)
Best move: (19, 27)
Best move: (27, 31)
Best move: (28, 31)
Best move: (11, 28)
Executing gate at point (2, 9).
Best move: (2, 3)
Best move: (3, 24)
Best move: (24, 30)
Best move: (27, 30)
Best move: (19, 27)
Executing gate at point (2, 6).
Trying to solve brute-force congestion at gate [7, 16] with {0: 4, 1: 14, 2: 0, 3: 1, 4: 8, 5: 18, 6: 3, 7: 12, 8: 6, 9: 27, 10: 17, 11: 10, 12: 7, 13: 16, 14: 5, 15: 9}
Trying to moving ion 16... to 16
Ion assignment after moving ion 16: {0: 4, 1: 14, 2: 0, 3: 1, 4: 8, 5: 18, 6: 3, 7: 12, 8: 6, 9: 27, 10: 17, 11: 10, 12: 7, 13: 16, 14: 5, 15: 9}
Gate position gate updated to [16  7]--------------c
Trying to moving ion 7... to 17
Ion assignment after moving ion 7: {0: 4, 1: 14, 2: 0, 3: 1, 4: 8, 5: 19, 6: 3, 7: 12, 8: 6, 9: 30, 10: 18, 11: 10, 12: 17, 13: 16, 14: 5, 15: 9}
Trying to solve brute-force congestion at gate [0, 5] with {0: 4, 1: 14, 2: 0, 3: 1, 4: 8, 5: 19, 6: 3, 7: 12, 8: 6, 9: 30, 10: 18, 11: 10, 12: 17, 13: 16, 14: 5, 15: 9}
Trying to moving ion 0... to 0
Ion assignment after moving ion 0: {0: 4, 1: 14, 2: 0, 3: 1, 4: 8, 5: 19, 6: 3, 7: 12, 8: 6, 9: 30, 10: 18, 11: 10, 12: 17, 13: 16, 14: 5, 15: 9}
Clearing endpoint 3.........
Gate position gate updated to [0 5]--------------c
Trying to moving ion 5... to 1
Ion assignment after moving ion 5: {0: 4, 1: 14, 2: 0, 3: 2, 4: 8, 5: 19, 6: 25, 7: 12, 8: 5, 9: 23, 10: 18, 11: 10, 12: 17, 13: 16, 14: 1, 15: 9}
Trying to solve brute-force congestion at gate [19, 12] with {0: 4, 1: 14, 2: 0, 3: 2, 4: 8, 5: 19, 6: 25, 7: 12, 8: 5, 9: 23, 10: 18, 11: 10, 12: 17, 13: 16, 14: 1, 15: 9}
Trying to moving ion 12... to 12
Ion assignment after moving ion 12: {0: 4, 1: 14, 2: 0, 3: 2, 4: 8, 5: 19, 6: 25, 7: 12, 8: 5, 9: 23, 10: 18, 11: 10, 12: 17, 13: 16, 14: 1, 15: 9}
Gate position gate updated to [12 19]--------------c
Trying to moving ion 19... to 13
Ion assignment after moving ion 19: {0: 4, 1: 15, 2: 0, 3: 2, 4: 8, 5: 13, 6: 25, 7: 12, 8: 5, 9: 23, 10: 18, 11: 10, 12: 17, 13: 16, 14: 1, 15: 9}
Trying to solve brute-force congestion at gate [15, 5] with {0: 4, 1: 15, 2: 0, 3: 2, 4: 8, 5: 13, 6: 25, 7: 12, 8: 5, 9: 23, 10: 18, 11: 10, 12: 17, 13: 16, 14: 1, 15: 9}
Trying to moving ion 5... to 4
Ion assignment after moving ion 5: {0: 5, 1: 15, 2: 0, 3: 2, 4: 8, 5: 13, 6: 25, 7: 12, 8: 4, 9: 23, 10: 18, 11: 10, 12: 17, 13: 16, 14: 1, 15: 9}
Gate position gate updated to [ 4 15]--------------c
Trying to moving ion 15... to 5
Ion assignment after moving ion 15: {0: 6, 1: 5, 2: 0, 3: 2, 4: 8, 5: 13, 6: 25, 7: 12, 8: 4, 9: 23, 10: 18, 11: 10, 12: 17, 13: 16, 14: 1, 15: 9}
Trying to solve brute-force congestion at gate [5, 12] with {0: 6, 1: 5, 2: 0, 3: 2, 4: 8, 5: 13, 6: 25, 7: 12, 8: 4, 9: 23, 10: 18, 11: 10, 12: 17, 13: 16, 14: 1, 15: 9}
Trying to moving ion 12... to 12
Ion assignment after moving ion 12: {0: 6, 1: 5, 2: 0, 3: 2, 4: 8, 5: 13, 6: 25, 7: 12, 8: 4, 9: 23, 10: 18, 11: 10, 12: 17, 13: 16, 14: 1, 15: 9}
Gate position gate updated to [12  5]--------------c
Trying to moving ion 5... to 13
Ion assignment after moving ion 5: {0: 5, 1: 13, 2: 0, 3: 2, 4: 8, 5: 14, 6: 25, 7: 12, 8: 4, 9: 23, 10: 18, 11: 10, 12: 17, 13: 16, 14: 1, 15: 9}
Trying to solve brute-force congestion at gate [14, 10] with {0: 5, 1: 13, 2: 0, 3: 2, 4: 8, 5: 14, 6: 25, 7: 12, 8: 4, 9: 23, 10: 18, 11: 10, 12: 17, 13: 16, 14: 1, 15: 9}
Trying to moving ion 10... to 8
Ion assignment after moving ion 10: {0: 5, 1: 13, 2: 0, 3: 2, 4: 9, 5: 14, 6: 25, 7: 12, 8: 4, 9: 23, 10: 18, 11: 8, 12: 17, 13: 16, 14: 1, 15: 10}
Gate position gate updated to [ 8 14]--------------c
Trying to moving ion 14... to 9
Ion assignment after moving ion 14: {0: 5, 1: 13, 2: 0, 3: 2, 4: 10, 5: 9, 6: 25, 7: 12, 8: 4, 9: 23, 10: 18, 11: 8, 12: 17, 13: 16, 14: 1, 15: 11}
Trying to solve brute-force congestion at gate [2, 10] with {0: 5, 1: 13, 2: 0, 3: 2, 4: 10, 5: 9, 6: 25, 7: 12, 8: 4, 9: 23, 10: 18, 11: 8, 12: 17, 13: 16, 14: 1, 15: 11}
Trying to moving ion 2... to 0
Ion assignment after moving ion 2: {0: 5, 1: 13, 2: 1, 3: 0, 4: 10, 5: 9, 6: 25, 7: 12, 8: 4, 9: 23, 10: 18, 11: 8, 12: 17, 13: 16, 14: 2, 15: 11}
Gate position gate updated to [ 0 10]--------------c
Trying to moving ion 10... to 1
Ion assignment after moving ion 10: {0: 5, 1: 13, 2: 2, 3: 0, 4: 1, 5: 9, 6: 25, 7: 12, 8: 4, 9: 23, 10: 18, 11: 8, 12: 17, 13: 16, 14: 3, 15: 10}
Trying to solve brute-force congestion at gate [0, 10] with {0: 5, 1: 13, 2: 2, 3: 0, 4: 1, 5: 9, 6: 25, 7: 12, 8: 4, 9: 23, 10: 18, 11: 8, 12: 17, 13: 16, 14: 3, 15: 10}
Trying to moving ion 0... to 0
Ion assignment after moving ion 0: {0: 5, 1: 13, 2: 2, 3: 0, 4: 1, 5: 9, 6: 25, 7: 12, 8: 4, 9: 23, 10: 18, 11: 8, 12: 17, 13: 16, 14: 3, 15: 10}
Clearing endpoint 3.........
Gate position gate updated to [ 0 10]--------------c
Trying to moving ion 10... to 1
Ion assignment after moving ion 10: {0: 5, 1: 13, 2: 3, 3: 0, 4: 2, 5: 9, 6: 23, 7: 12, 8: 4, 9: 22, 10: 18, 11: 8, 12: 17, 13: 16, 14: 25, 15: 1}
Trying to solve brute-force congestion at gate [22, 18] with {0: 5, 1: 13, 2: 3, 3: 0, 4: 2, 5: 9, 6: 23, 7: 12, 8: 4, 9: 22, 10: 18, 11: 8, 12: 17, 13: 16, 14: 25, 15: 1}
Trying to moving ion 22... to 20
Ion assignment after moving ion 22: {0: 5, 1: 13, 2: 3, 3: 0, 4: 2, 5: 9, 6: 23, 7: 12, 8: 4, 9: 20, 10: 18, 11: 8, 12: 17, 13: 16, 14: 25, 15: 1}
Clearing endpoint 23.........
Gate position gate updated to [20 18]--------------c
Trying to moving ion 18... to 21
Ion assignment after moving ion 18: {0: 5, 1: 13, 2: 3, 3: 0, 4: 2, 5: 9, 6: 23, 7: 12, 8: 4, 9: 20, 10: 21, 11: 8, 12: 17, 13: 16, 14: 24, 15: 1}
Trying to solve brute-force congestion at gate [5, 20] with {0: 5, 1: 13, 2: 3, 3: 0, 4: 2, 5: 9, 6: 23, 7: 12, 8: 4, 9: 20, 10: 21, 11: 8, 12: 17, 13: 16, 14: 24, 15: 1}
Trying to moving ion 20... to 20
Ion assignment after moving ion 20: {0: 5, 1: 13, 2: 3, 3: 0, 4: 2, 5: 9, 6: 23, 7: 12, 8: 4, 9: 20, 10: 21, 11: 8, 12: 17, 13: 16, 14: 24, 15: 1}
Clearing endpoint 23.........
Gate position gate updated to [20  5]--------------c
Trying to moving ion 5... to 21
Ion assignment after moving ion 5: {0: 21, 1: 13, 2: 3, 3: 0, 4: 2, 5: 9, 6: 24, 7: 12, 8: 4, 9: 20, 10: 22, 11: 8, 12: 17, 13: 16, 14: 30, 15: 1}
Trying to solve brute-force congestion at gate [2, 22] with {0: 21, 1: 13, 2: 3, 3: 0, 4: 2, 5: 9, 6: 24, 7: 12, 8: 4, 9: 20, 10: 22, 11: 8, 12: 17, 13: 16, 14: 30, 15: 1}
Trying to moving ion 22... to 20
Ion assignment after moving ion 22: {0: 22, 1: 13, 2: 3, 3: 0, 4: 2, 5: 9, 6: 24, 7: 12, 8: 4, 9: 21, 10: 20, 11: 8, 12: 17, 13: 16, 14: 30, 15: 1}
Gate position gate updated to [20  2]--------------c
Trying to moving ion 2... to 21
Ion assignment after moving ion 2: {0: 23, 1: 13, 2: 2, 3: 0, 4: 21, 5: 9, 6: 30, 7: 12, 8: 4, 9: 22, 10: 20, 11: 8, 12: 17, 13: 16, 14: 26, 15: 1}
Trying to solve brute-force congestion at gate [30, 4] with {0: 23, 1: 13, 2: 2, 3: 0, 4: 21, 5: 9, 6: 30, 7: 12, 8: 4, 9: 22, 10: 20, 11: 8, 12: 17, 13: 16, 14: 26, 15: 1}
Trying to moving ion 4... to 4
Ion assignment after moving ion 4: {0: 23, 1: 13, 2: 2, 3: 0, 4: 21, 5: 9, 6: 30, 7: 12, 8: 4, 9: 22, 10: 20, 11: 8, 12: 17, 13: 16, 14: 26, 15: 1}
Gate position gate updated to [ 4 30]--------------c
Trying to moving ion 30... to 5
Ion assignment after moving ion 30: {0: 23, 1: 13, 2: 2, 3: 0, 4: 21, 5: 9, 6: 5, 7: 12, 8: 4, 9: 22, 10: 20, 11: 8, 12: 17, 13: 16, 14: 31, 15: 1}
Executing gate at point (0, 1).
Executing gate at point (0, 4).
Executing gate at point (0, 0).
Executing gate at point (0, 3).
Executing gate at point (0, 6).
Executing gate at point (0, 12).
Executing gate at point (0, 5).
Executing gate at point (1, 9).
Best move: (30, 31)
Best move: (21, 22)
Best move: (24, 30)
Best move: (22, 23)
Best move: (23, 25)
Best move: (1, 2)
Best move: (9, 10)
Best move: (25, 30)
Best move: (24, 25)
Try bruteforce due to multiple steps (9) to solve one gate
Trying to solve brute-force congestion at gate [1, 25] with {0: 22, 1: 13, 2: 1, 3: 0, 4: 30, 5: 10, 6: 5, 7: 12, 8: 4, 9: 21, 10: 20, 11: 8, 12: 17, 13: 16, 14: 25, 15: 2}
Trying to moving ion 1... to 0
Ion assignment after moving ion 1: {0: 22, 1: 13, 2: 0, 3: 1, 4: 30, 5: 10, 6: 5, 7: 12, 8: 4, 9: 21, 10: 20, 11: 8, 12: 17, 13: 16, 14: 25, 15: 2}
Gate position gate updated to [ 0 25]--------------c
Trying to moving ion 25... to 1
Ion assignment after moving ion 25: {0: 22, 1: 13, 2: 0, 3: 2, 4: 30, 5: 10, 6: 5, 7: 12, 8: 4, 9: 21, 10: 20, 11: 8, 12: 17, 13: 16, 14: 1, 15: 3}
Executing gate at point (0, 2).
Best move: (3, 24)
Best move: (24, 25)
Best move: (24, 30)
Best move: (5, 6)
Best move: (25, 30)
Best move: (30, 31)
Best move: (28, 31)
Best move: (11, 28)
Executing gate at point (1, 11).
Best move: (11, 28)
Best move: (28, 31)
Best move: (30, 31)
Best move: (25, 30)
Best move: (23, 25)
Executing gate at point (2, 9).
Best move: (22, 23)
Best move: (23, 25)
Best move: (10, 11)
Best move: (11, 28)
Best move: (28, 29)
Best move: (15, 29)
Executing gate at point (1, 5).
Best move: (15, 29)
Best move: (6, 7)
Best move: (7, 26)
Best move: (26, 30)
Best move: (0, 1)
Best move: (1, 2)
Best move: (1, 2)
Best move: (1, 2)
Try bruteforce due to repeated pattern...
Trying to solve brute-force congestion at gate [2, 30] with {0: 25, 1: 13, 2: 2, 3: 1, 4: 24, 5: 29, 6: 30, 7: 12, 8: 4, 9: 21, 10: 20, 11: 8, 12: 17, 13: 16, 14: 0, 15: 22}
Trying to moving ion 2... to 0
Ion assignment after moving ion 2: {0: 25, 1: 13, 2: 0, 3: 2, 4: 24, 5: 29, 6: 30, 7: 12, 8: 4, 9: 21, 10: 20, 11: 8, 12: 17, 13: 16, 14: 1, 15: 22}
Gate position gate updated to [ 0 30]--------------c
Trying to moving ion 30... to 1
Ion assignment after moving ion 30: {0: 23, 1: 13, 2: 0, 3: 3, 4: 25, 5: 29, 6: 1, 7: 12, 8: 4, 9: 21, 10: 20, 11: 8, 12: 17, 13: 16, 14: 2, 15: 22}
Executing gate at point (1, 2).
Best move: (3, 24)
Best move: (25, 30)
Best move: (23, 25)
Best move: (29, 31)
Best move: (27, 31)
Best move: (19, 27)
Executing gate at point (2, 5).
Best move: (1, 2)
Best move: (4, 5)
Best move: (30, 31)
Best move: (24, 30)
Best move: (24, 25)
Best move: (13, 14)
Best move: (14, 15)
Best move: (15, 29)
Best move: (20, 21)
Try bruteforce due to multiple steps (9) to solve one gate
Trying to solve brute-force congestion at gate [2, 21] with {0: 24, 1: 29, 2: 0, 3: 30, 4: 31, 5: 19, 6: 2, 7: 12, 8: 5, 9: 20, 10: 21, 11: 8, 12: 17, 13: 16, 14: 1, 15: 22}
Trying to moving ion 21... to 20
Ion assignment after moving ion 21: {0: 24, 1: 29, 2: 0, 3: 30, 4: 31, 5: 19, 6: 2, 7: 12, 8: 5, 9: 21, 10: 20, 11: 8, 12: 17, 13: 16, 14: 1, 15: 22}
Gate position gate updated to [20  2]--------------c
Trying to moving ion 2... to 21
Ion assignment after moving ion 2: {0: 30, 1: 29, 2: 0, 3: 26, 4: 31, 5: 19, 6: 21, 7: 12, 8: 5, 9: 22, 10: 20, 11: 8, 12: 17, 13: 16, 14: 1, 15: 23}
Executing gate at point (2, 6).
Best move: (24, 30)
Best move: (3, 24)
Executing gate at point (1, 0).Input filename:  QuantumVolume_wsq_16
Algorithm:  SHAPER
Trap type:  G2x3
Trap capacity:  4
Num layout passes:  2
Gate type:  FM
Run index:  8
Creating a QCCD machine ...
QCCD physical machine:
### Traps ### 
Trap(id='trap_0', max_num_ions=4, initial_num_ions=0, executable=True, measureable=True)
Trap(id='trap_1', max_num_ions=4, initial_num_ions=0, executable=True, measureable=True)
Trap(id='trap_2', max_num_ions=4, initial_num_ions=0, executable=True, measureable=True)
Trap(id='trap_3', max_num_ions=4, initial_num_ions=0, executable=True, measureable=True)
Trap(id='trap_4', max_num_ions=4, initial_num_ions=0, executable=True, measureable=True)
Trap(id='trap_5', max_num_ions=4, initial_num_ions=0, executable=True, measureable=True)
### Junctions ### 
Junction(id='junction_0')
Junction(id='junction_1')
Junction(id='junction_2')
### Segments ### 
Segment(id='segment_0', left=Trap(id='trap_0', max_num_ions=4, initial_num_ions=0, executable=True, measureable=True), right=Junction(id='junction_0'))
Segment(id='segment_1', left=Trap(id='trap_5', max_num_ions=4, initial_num_ions=0, executable=True, measureable=True), right=Junction(id='junction_0'))
Segment(id='segment_2', left=Trap(id='trap_1', max_num_ions=4, initial_num_ions=0, executable=True, measureable=True), right=Junction(id='junction_1'))
Segment(id='segment_3', left=Trap(id='trap_4', max_num_ions=4, initial_num_ions=0, executable=True, measureable=True), right=Junction(id='junction_1'))
Segment(id='segment_4', left=Trap(id='trap_2', max_num_ions=4, initial_num_ions=0, executable=True, measureable=True), right=Junction(id='junction_2'))
Segment(id='segment_5', left=Trap(id='trap_3', max_num_ions=4, initial_num_ions=0, executable=True, measureable=True), right=Junction(id='junction_2'))
Segment(id='segment_6', left=Junction(id='junction_0'), right=Junction(id='junction_1'))
Segment(id='segment_7', left=Junction(id='junction_1'), right=Junction(id='junction_2'))
Finished creating the QCCD physical machine.
Position graph:  CouplingGraph({(24, 30), (26, 30), (7, 26), (26, 27), (12, 13), (21, 22), (22, 23), (8, 9), (23, 25), (17, 18), (13, 14), (27, 31), (19, 27), (18, 19), (4, 5), (15, 29), (5, 6), (29, 31), (14, 15), (0, 1), (9, 10), (3, 24), (1, 2), (10, 11), (27, 30), (28, 29), (11, 28), (6, 7), (24, 25), (25, 30), (26, 31), (20, 21), (2, 3), (28, 31), (30, 31), (16, 17)})
Initial ion assignment:  {0: 16, 1: 14, 2: 22, 3: 3, 4: 23, 5: 6, 6: 9, 7: 11, 8: 7, 9: 5, 10: 21, 11: 15, 12: 18, 13: 12, 14: 10, 15: 8}
Congestion rate:  1.0
Scheduling QCCD: 7920.0 us, costing 143.81583330000285 s to compile
0.00792
143.81583330000285
{0: 23, 1: 13, 2: 2, 3: 0, 4: 21, 5: 9, 6: 5, 7: 12, 8: 4, 9: 22, 10: 20, 11: 8, 12: 17, 13: 16, 14: 31, 15: 1}
[0, 1, 2, 3, 4, 5, 6, 7, 8, 9, 10, 11, 12, 13, 14, 15]
