Executing gate at point (0, 0).
Executing gate at point (1, 0).
Best move: (14, 21)
Best move: (21, 25)
Best move: (22, 25)
Best move: (8, 22)
Executing gate at point (0, 2).
Executing gate at point (1, 2).
Best move: (16, 17)
Best move: (17, 19)
Best move: (19, 24)
Best move: (24, 25)
Best move: (22, 25)
Best move: (13, 14)
Best move: (14, 21)
Best move: (21, 24)
Try bruteforce due to multiple steps (8) to solve one gate
Trying to solve brute-force congestion at gate [3, 1] with {0: 16, 1: 22, 2: 8, 3: 6, 4: 3, 5: 1, 6: 24, 7: 15}
Trying to moving ion 3... to 3
Ion assignment after moving ion 3: {0: 16, 1: 22, 2: 8, 3: 6, 4: 3, 5: 1, 6: 24, 7: 15}
Gate position gate updated to [3 1]--------------c
Trying to moving ion 1... to 4
Ion assignment after moving ion 1: {0: 16, 1: 22, 2: 8, 3: 6, 4: 3, 5: 4, 6: 19, 7: 15}
Executing gate at point (0, 4).
Executing gate at point (1, 4).
Best move: (17, 19)
Executing gate at point (0, 6).
Executing gate at point (1, 6).
Best move: (17, 19)
Best move: (6, 7)
Best move: (7, 8)
Best move: (3, 4)
Best move: (3, 4)
Best move: (3, 4)
Try bruteforce due to repeated pattern...
Trying to solve brute-force congestion at gate [8, 4] with {0: 16, 1: 22, 2: 7, 3: 8, 4: 4, 5: 3, 6: 19, 7: 15}
Trying to moving ion 4... to 3
Ion assignment after moving ion 4: {0: 16, 1: 22, 2: 7, 3: 8, 4: 3, 5: 4, 6: 19, 7: 15}
Gate position gate updated to [3 8]--------------c
Trying to moving ion 8... to 4
Ion assignment after moving ion 8: {0: 16, 1: 23, 2: 7, 3: 4, 4: 3, 5: 5, 6: 19, 7: 15}
Executing gate at point (2, 3).
Executing gate at point (3, 3).
Best move: (22, 23)
Best move: (19, 24)
Best move: (5, 20)
Best move: (8, 22)
Executing gate at point (2, 1).
Executing gate at point (3, 1).
Best move: (8, 22)
Best move: (22, 25)
Best move: (15, 16)
Best move: (15, 16)
Best move: (21, 25)
Best move: (21, 25)
Try bruteforce due to repeated pattern...
Trying to solve brute-force congestion at gate [16, 25] with {0: 16, 1: 25, 2: 7, 3: 4, 4: 3, 5: 20, 6: 24, 7: 15}
Trying to moving ion 16... to 15
Ion assignment after moving ion 16: {0: 15, 1: 25, 2: 7, 3: 4, 4: 3, 5: 20, 6: 24, 7: 16}
Gate position gate updated to [15 25]--------------c
Trying to moving ion 25... to 16
Ion assignment after moving ion 25: {0: 15, 1: 16, 2: 7, 3: 4, 4: 3, 5: 20, 6: 18, 7: 17}
Executing gate at point (4, 0).
Executing gate at point (5, 0).
Best move: (20, 24)
Best move: (7, 8)
Best move: (8, 22)
Best move: (22, 25)
Best move: (20, 25)
Best move: (5, 20)
Executing gate at point (4, 2).
Executing gate at point (5, 2).
Best move: (5, 20)
Best move: (16, 17)
Best move: (17, 19)
Best move: (20, 21)
Best move: (20, 21)
Best move: (20, 21)
Try bruteforce due to repeated pattern...
Trying to solve brute-force congestion at gate [19, 21] with {0: 15, 1: 19, 2: 21, 3: 4, 4: 3, 5: 24, 6: 18, 7: 16}
Trying to moving ion 21... to 12
Ion assignment after moving ion 21: {0: 15, 1: 19, 2: 12, 3: 4, 4: 3, 5: 24, 6: 18, 7: 16}
Gate position gate updated to [12 19]--------------c
Trying to moving ion 19... to 13
Ion assignment after moving ion 19: {0: 15, 1: 13, 2: 12, 3: 4, 4: 3, 5: 20, 6: 18, 7: 16}
Executing gate at point (6, 1).
Executing gate at point (7, 1).
Best move: (20, 24)
Best move: (13, 14)
Best move: (14, 21)
Best move: (15, 16)
Best move: (2, 18)
Best move: (18, 24)
Best move: (21, 24)
Best move: (19, 24)
Try bruteforce due to multiple steps (8) to solve one gate
Trying to solve brute-force congestion at gate [18, 2] with {0: 16, 1: 19, 2: 12, 3: 4, 4: 3, 5: 18, 6: 2, 7: 15}
Trying to moving ion 2... to 0
Ion assignment after moving ion 2: {0: 16, 1: 19, 2: 12, 3: 4, 4: 3, 5: 18, 6: 0, 7: 15}
Gate position gate updated to [ 0 18]--------------c
Trying to moving ion 18... to 1
Ion assignment after moving ion 18: {0: 16, 1: 19, 2: 12, 3: 4, 4: 3, 5: 1, 6: 0, 7: 15}
Executing gate at point (2, 5).
Executing gate at point (3, 5).
Best move: (17, 19)
Executing gate at point (8, 0).
Executing gate at point (9, 0).
Best move: (15, 16)
Best move: (16, 17)
Best move: (17, 19)
Best move: (18, 19)
Best move: (2, 18)
Executing gate at point (4, 6).
Executing gate at point (5, 6).
Best move: (1, 2)
Best move: (2, 18)
Best move: (18, 24)
Best move: (20, 24)
Best move: (5, 20)
Executing gate at point (4, 4).
Executing gate at point (5, 4).
Executing gate at point (6, 3).
Executing gate at point (7, 3).
Best move: (5, 20)
Best move: (4, 5)
Best move: (12, 13)
Best move: (12, 13)
Best move: (12, 13)
Try bruteforce due to repeated pattern...
Trying to solve brute-force congestion at gate [13, 5] with {0: 15, 1: 16, 2: 13, 3: 5, 4: 3, 5: 20, 6: 0, 7: 1}
Trying to moving ion 13... to 12
Ion assignment after moving ion 13: {0: 15, 1: 16, 2: 12, 3: 5, 4: 3, 5: 20, 6: 0, 7: 1}
Gate position gate updated to [12  5]--------------c
Trying to moving ion 5... to 13
Ion assignment after moving ion 5: {0: 15, 1: 16, 2: 12, 3: 13, 4: 3, 5: 24, 6: 0, 7: 1}
Executing gate at point (8, 2).
Executing gate at point (9, 2).
Best move: (18, 24)
Best move: (2, 18)
Executing gate at point (6, 5).
Executing gate at point (7, 5).
Executing gate at point (8, 6).
Executing gate at point (9, 6).
Best move: (2, 18)
Best move: (18, 24)
Best move: (20, 24)
Best move: (5, 20)
Executing gate at point (8, 4).
Executing gate at point (9, 4).
Best move: (5, 20)
Best move: (20, 24)
Best move: (18, 24)
Best move: (2, 18)
Executing gate at point (10, 5).
Executing gate at point (11, 5).
Executing gate at point (12, 6).
Executing gate at point (13, 6).
Best move: (16, 17)
Best move: (17, 19)
Best move: (19, 24)
Best move: (21, 24)
Best move: (14, 21)
Executing gate at point (10, 1).
Executing gate at point (11, 1).
Best move: (14, 21)
Best move: (21, 24)
Best move: (19, 24)
Best move: (17, 19)
Executing gate at point (12, 0).
Executing gate at point (13, 0).
Best move: (13, 14)
Best move: (14, 21)
Best move: (20, 21)
Best move: (5, 20)
Executing gate at point (10, 3).
Executing gate at point (11, 3).
Best move: (2, 18)
Best move: (18, 24)
Best move: (5, 20)
Best move: (20, 21)
Best move: (20, 24)
Best move: (14, 21)
Executing gate at point (12, 2).
Executing gate at point (13, 2).
Best move: (17, 19)
Best move: (19, 24)
Best move: (21, 24)
Best move: (5, 20)
Executing gate at point (12, 4).
Executing gate at point (13, 4).
Best move: (5, 20)
Best move: (12, 13)
Best move: (12, 13)
Best move: (12, 13)
Try bruteforce due to repeated pattern...
Trying to solve brute-force congestion at gate [21, 13] with {0: 15, 1: 21, 2: 13, 3: 14, 4: 3, 5: 20, 6: 0, 7: 1}
Trying to moving ion 13... to 12
Ion assignment after moving ion 13: {0: 15, 1: 21, 2: 12, 3: 14, 4: 3, 5: 20, 6: 0, 7: 1}
Clearing endpoint 14.........
Gate position gate updated to [12 21]--------------c
Trying to moving ion 21... to 13
Ion assignment after moving ion 21: {0: 15, 1: 13, 2: 12, 3: 14, 4: 3, 5: 20, 6: 0, 7: 1}
Executing gate at point (14, 1).
Executing gate at point (15, 1).
Best move: (20, 24)
Best move: (18, 24)
Best move: (2, 18)
Executing gate at point (14, 5).
Executing gate at point (15, 5).
Best move: (14, 21)
Best move: (20, 21)
Best move: (5, 20)
Executing gate at point (14, 3).
Executing gate at point (15, 3).
Trying to solve brute-force congestion at gate [13, 5] with {0: 15, 1: 12, 2: 13, 3: 5, 4: 3, 5: 20, 6: 0, 7: 1}
Trying to moving ion 13... to 12
Ion assignment after moving ion 13: {0: 15, 1: 13, 2: 12, 3: 5, 4: 3, 5: 20, 6: 0, 7: 1}
Gate position gate updated to [12  5]--------------c
Trying to moving ion 5... to 13
Ion assignment after moving ion 5: {0: 15, 1: 14, 2: 12, 3: 13, 4: 3, 5: 24, 6: 0, 7: 1}
Trying to solve brute-force congestion at gate [12, 13] with {0: 15, 1: 14, 2: 12, 3: 13, 4: 3, 5: 24, 6: 0, 7: 1}
Trying to moving ion 12... to 12
Ion assignment after moving ion 12: {0: 15, 1: 14, 2: 12, 3: 13, 4: 3, 5: 24, 6: 0, 7: 1}
Clearing endpoint 14.........
Gate position gate updated to [12 13]--------------c
Trying to moving ion 13... to 13
Ion assignment after moving ion 13: {0: 15, 1: 21, 2: 12, 3: 13, 4: 3, 5: 24, 6: 0, 7: 1}
Trying to solve brute-force congestion at gate [13, 3] with {0: 15, 1: 21, 2: 12, 3: 13, 4: 3, 5: 24, 6: 0, 7: 1}
Trying to moving ion 3... to 3
Ion assignment after moving ion 3: {0: 15, 1: 21, 2: 12, 3: 13, 4: 3, 5: 24, 6: 0, 7: 1}
Gate position gate updated to [ 3 13]--------------c
Trying to moving ion 13... to 4
Ion assignment after moving ion 13: {0: 15, 1: 25, 2: 12, 3: 4, 4: 3, 5: 24, 6: 0, 7: 1}
Trying to solve brute-force congestion at gate [15, 25] with {0: 15, 1: 25, 2: 12, 3: 4, 4: 3, 5: 24, 6: 0, 7: 1}
Trying to moving ion 15... to 15
Ion assignment after moving ion 15: {0: 15, 1: 25, 2: 12, 3: 4, 4: 3, 5: 24, 6: 0, 7: 1}
Gate position gate updated to [15 25]--------------c
Trying to moving ion 25... to 16
Ion assignment after moving ion 25: {0: 15, 1: 16, 2: 12, 3: 4, 4: 3, 5: 18, 6: 0, 7: 1}
Trying to solve brute-force congestion at gate [15, 16] with {0: 15, 1: 16, 2: 12, 3: 4, 4: 3, 5: 18, 6: 0, 7: 1}
Trying to moving ion 15... to 15
Ion assignment after moving ion 15: {0: 15, 1: 16, 2: 12, 3: 4, 4: 3, 5: 18, 6: 0, 7: 1}
Gate position gate updated to [15 16]--------------c
Trying to moving ion 16... to 16
Ion assignment after moving ion 16: {0: 15, 1: 16, 2: 12, 3: 4, 4: 3, 5: 18, 6: 0, 7: 1}
Trying to solve brute-force congestion at gate [16, 12] with {0: 15, 1: 16, 2: 12, 3: 4, 4: 3, 5: 18, 6: 0, 7: 1}
Trying to moving ion 12... to 12
Ion assignment after moving ion 12: {0: 15, 1: 16, 2: 12, 3: 4, 4: 3, 5: 18, 6: 0, 7: 1}
Gate position gate updated to [12 16]--------------c
Trying to moving ion 16... to 13
Ion assignment after moving ion 16: {0: 15, 1: 13, 2: 12, 3: 4, 4: 3, 5: 18, 6: 0, 7: 1}
Trying to solve brute-force congestion at gate [13, 12] with {0: 15, 1: 13, 2: 12, 3: 4, 4: 3, 5: 18, 6: 0, 7: 1}
Trying to moving ion 13... to 12
Ion assignment after moving ion 13: {0: 15, 1: 12, 2: 13, 3: 4, 4: 3, 5: 18, 6: 0, 7: 1}
Gate position gate updated to [12 13]--------------c
Trying to moving ion 13... to 13
Ion assignment after moving ion 13: {0: 15, 1: 12, 2: 13, 3: 4, 4: 3, 5: 18, 6: 0, 7: 1}
Trying to solve brute-force congestion at gate [15, 12] with {0: 15, 1: 12, 2: 13, 3: 4, 4: 3, 5: 18, 6: 0, 7: 1}
Trying to moving ion 12... to 12
Ion assignment after moving ion 12: {0: 15, 1: 12, 2: 13, 3: 4, 4: 3, 5: 18, 6: 0, 7: 1}
Gate position gate updated to [12 15]--------------c
Trying to moving ion 15... to 13
Ion assignment after moving ion 15: {0: 13, 1: 12, 2: 14, 3: 4, 4: 3, 5: 18, 6: 0, 7: 1}
Trying to solve brute-force congestion at gate [14, 4] with {0: 13, 1: 12, 2: 14, 3: 4, 4: 3, 5: 18, 6: 0, 7: 1}
Trying to moving ion 4... to 3
Ion assignment after moving ion 4: {0: 13, 1: 12, 2: 14, 3: 3, 4: 4, 5: 18, 6: 0, 7: 1}
Gate position gate updated to [ 3 14]--------------c
Trying to moving ion 14... to 4
Ion assignment after moving ion 14: {0: 13, 1: 12, 2: 4, 3: 3, 4: 5, 5: 18, 6: 0, 7: 1}
Trying to solve brute-force congestion at gate [4, 3] with {0: 13, 1: 12, 2: 4, 3: 3, 4: 5, 5: 18, 6: 0, 7: 1}
Trying to moving ion 4... to 3
Ion assignment after moving ion 4: {0: 13, 1: 12, 2: 3, 3: 4, 4: 5, 5: 18, 6: 0, 7: 1}
Clearing endpoint 5.........
Gate position gate updated to [3 4]--------------c
Trying to moving ion 4... to 4
Ion assignment after moving ion 4: {0: 13, 1: 12, 2: 3, 3: 4, 4: 20, 5: 18, 6: 0, 7: 1}
Trying to solve brute-force congestion at gate [12, 3] with {0: 13, 1: 12, 2: 3, 3: 4, 4: 20, 5: 18, 6: 0, 7: 1}
Trying to moving ion 3... to 3
Ion assignment after moving ion 3: {0: 13, 1: 12, 2: 3, 3: 4, 4: 20, 5: 18, 6: 0, 7: 1}
Gate position gate updated to [ 3 12]--------------c
Trying to moving ion 12... to 4
Ion assignment after moving ion 12: {0: 12, 1: 4, 2: 3, 3: 5, 4: 25, 5: 18, 6: 0, 7: 1}
Trying to solve brute-force congestion at gate [4, 3] with {0: 12, 1: 4, 2: 3, 3: 5, 4: 25, 5: 18, 6: 0, 7: 1}
Trying to moving ion 4... to 3
Ion assignment after moving ion 4: {0: 12, 1: 3, 2: 4, 3: 5, 4: 25, 5: 18, 6: 0, 7: 1}
Clearing endpoint 5.........
Gate position gate updated to [3 4]--------------c
Trying to moving ion 4... to 4
Ion assignment after moving ion 4: {0: 12, 1: 3, 2: 4, 3: 20, 4: 25, 5: 18, 6: 0, 7: 1}
Trying to solve brute-force congestion at gate [12, 3] with {0: 12, 1: 3, 2: 4, 3: 20, 4: 25, 5: 18, 6: 0, 7: 1}
Trying to moving ion 3... to 3
Ion assignment after moving ion 3: {0: 12, 1: 3, 2: 4, 3: 20, 4: 25, 5: 18, 6: 0, 7: 1}
Gate position gate updated to [ 3 12]--------------c
Trying to moving ion 12... to 4
Ion assignment after moving ion 12: {0: 4, 1: 3, 2: 5, 3: 24, 4: 25, 5: 18, 6: 0, 7: 1}
Trying to solve brute-force congestion at gate [4, 3] with {0: 4, 1: 3, 2: 5, 3: 24, 4: 25, 5: 18, 6: 0, 7: 1}
Trying to moving ion 4... to 3
Ion assignment after moving ion 4: {0: 3, 1: 4, 2: 5, 3: 24, 4: 25, 5: 18, 6: 0, 7: 1}
Clearing endpoint 5.........
Gate position gate updated to [3 4]--------------c
Trying to moving ion 4... to 4
Ion assignment after moving ion 4: {0: 3, 1: 4, 2: 20, 3: 24, 4: 25, 5: 18, 6: 0, 7: 1}
Trying to solve brute-force congestion at gate [18, 0] with {0: 3, 1: 4, 2: 20, 3: 24, 4: 25, 5: 18, 6: 0, 7: 1}
Trying to moving ion 0... to 0
Ion assignment after moving ion 0: {0: 3, 1: 4, 2: 20, 3: 24, 4: 25, 5: 18, 6: 0, 7: 1}
Gate position gate updated to [ 0 18]--------------c
Trying to moving ion 18... to 1
Ion assignment after moving ion 18: {0: 3, 1: 4, 2: 20, 3: 24, 4: 25, 5: 1, 6: 0, 7: 2}
Trying to solve brute-force congestion at gate [1, 0] with {0: 3, 1: 4, 2: 20, 3: 24, 4: 25, 5: 1, 6: 0, 7: 2}
Trying to moving ion 1... to 0
Ion assignment after moving ion 1: {0: 3, 1: 4, 2: 20, 3: 24, 4: 25, 5: 0, 6: 1, 7: 2}
Clearing endpoint 2.........
Gate position gate updated to [0 1]--------------c
Trying to moving ion 1... to 1
Ion assignment after moving ion 1: {0: 3, 1: 4, 2: 20, 3: 24, 4: 25, 5: 0, 6: 1, 7: 18}
Trying to solve brute-force congestion at gate [1, 18] with {0: 3, 1: 4, 2: 20, 3: 24, 4: 25, 5: 0, 6: 1, 7: 18}
Trying to moving ion 1... to 0
Ion assignment after moving ion 1: {0: 3, 1: 4, 2: 20, 3: 24, 4: 25, 5: 1, 6: 0, 7: 18}
Gate position gate updated to [ 0 18]--------------c
Trying to moving ion 18... to 1
Ion assignment after moving ion 18: {0: 3, 1: 4, 2: 20, 3: 24, 4: 25, 5: 2, 6: 0, 7: 1}
Trying to solve brute-force congestion at gate [0, 1] with {0: 3, 1: 4, 2: 20, 3: 24, 4: 25, 5: 2, 6: 0, 7: 1}
Trying to moving ion 0... to 0
Ion assignment after moving ion 0: {0: 3, 1: 4, 2: 20, 3: 24, 4: 25, 5: 2, 6: 0, 7: 1}
Clearing endpoint 2.........
Gate position gate updated to [0 1]--------------c
Trying to moving ion 1... to 1
Ion assignment after moving ion 1: {0: 3, 1: 4, 2: 20, 3: 24, 4: 25, 5: 18, 6: 0, 7: 1}
Trying to solve brute-force congestion at gate [25, 18] with {0: 3, 1: 4, 2: 20, 3: 24, 4: 25, 5: 18, 6: 0, 7: 1}
Trying to moving ion 25... to 12
Ion assignment after moving ion 25: {0: 3, 1: 4, 2: 20, 3: 24, 4: 12, 5: 18, 6: 0, 7: 1}
Gate position gate updated to [12 18]--------------c
Trying to moving ion 18... to 13
Ion assignment after moving ion 18: {0: 3, 1: 4, 2: 20, 3: 25, 4: 12, 5: 13, 6: 0, 7: 1}
Trying to solve brute-force congestion at gate [12, 13] with {0: 3, 1: 4, 2: 20, 3: 25, 4: 12, 5: 13, 6: 0, 7: 1}
Trying to moving ion 12... to 12
Ion assignment after moving ion 12: {0: 3, 1: 4, 2: 20, 3: 25, 4: 12, 5: 13, 6: 0, 7: 1}
Gate position gate updated to [12 13]--------------c
Trying to moving ion 13... to 13
Ion assignment after moving ion 13: {0: 3, 1: 4, 2: 20, 3: 25, 4: 12, 5: 13, 6: 0, 7: 1}
Trying to solve brute-force congestion at gate [13, 0] with {0: 3, 1: 4, 2: 20, 3: 25, 4: 12, 5: 13, 6: 0, 7: 1}
Trying to moving ion 0... to 0
Ion assignment after moving ion 0: {0: 3, 1: 4, 2: 20, 3: 25, 4: 12, 5: 13, 6: 0, 7: 1}
Gate position gate updated to [ 0 13]--------------c
Trying to moving ion 13... to 1
Ion assignment after moving ion 13: {0: 3, 1: 4, 2: 20, 3: 25, 4: 12, 5: 1, 6: 0, 7: 2}
Trying to solve brute-force congestion at gate [1, 0] with {0: 3, 1: 4, 2: 20, 3: 25, 4: 12, 5: 1, 6: 0, 7: 2}
Trying to moving ion 1... to 0
Ion assignment after moving ion 1: {0: 3, 1: 4, 2: 20, 3: 25, 4: 12, 5: 0, 6: 1, 7: 2}
Clearing endpoint 2.........
Gate position gate updated to [0 1]--------------c
Trying to moving ion 1... to 1
Ion assignment after moving ion 1: {0: 3, 1: 4, 2: 20, 3: 25, 4: 12, 5: 0, 6: 1, 7: 18}
Trying to solve brute-force congestion at gate [1, 18] with {0: 3, 1: 4, 2: 20, 3: 25, 4: 12, 5: 0, 6: 1, 7: 18}
Trying to moving ion 1... to 0
Ion assignment after moving ion 1: {0: 3, 1: 4, 2: 20, 3: 25, 4: 12, 5: 1, 6: 0, 7: 18}
Gate position gate updated to [ 0 18]--------------c
Trying to moving ion 18... to 1
Ion assignment after moving ion 18: {0: 3, 1: 4, 2: 20, 3: 25, 4: 12, 5: 2, 6: 0, 7: 1}
Trying to solve brute-force congestion at gate [0, 1] with {0: 3, 1: 4, 2: 20, 3: 25, 4: 12, 5: 2, 6: 0, 7: 1}
Trying to moving ion 0... to 0
Ion assignment after moving ion 0: {0: 3, 1: 4, 2: 20, 3: 25, 4: 12, 5: 2, 6: 0, 7: 1}
Clearing endpoint 2.........
Gate position gate updated to [0 1]--------------c
Trying to moving ion 1... to 1
Ion assignment after moving ion 1: {0: 3, 1: 4, 2: 20, 3: 25, 4: 12, 5: 18, 6: 0, 7: 1}
Trying to solve brute-force congestion at gate [25, 12] with {0: 3, 1: 4, 2: 20, 3: 25, 4: 12, 5: 18, 6: 0, 7: 1}
Trying to moving ion 12... to 12
Ion assignment after moving ion 12: {0: 3, 1: 4, 2: 20, 3: 25, 4: 12, 5: 18, 6: 0, 7: 1}
Gate position gate updated to [12 25]--------------c
Trying to moving ion 25... to 13
Ion assignment after moving ion 25: {0: 3, 1: 4, 2: 20, 3: 13, 4: 12, 5: 18, 6: 0, 7: 1}
Trying to solve brute-force congestion at gate [13, 12] with {0: 3, 1: 4, 2: 20, 3: 13, 4: 12, 5: 18, 6: 0, 7: 1}
Trying to moving ion 13... to 12
Ion assignment after moving ion 13: {0: 3, 1: 4, 2: 20, 3: 12, 4: 13, 5: 18, 6: 0, 7: 1}
Gate position gate updated to [12 13]--------------c
Trying to moving ion 13... to 13
Ion assignment after moving ion 13: {0: 3, 1: 4, 2: 20, 3: 12, 4: 13, 5: 18, 6: 0, 7: 1}
Trying to solve brute-force congestion at gate [13, 18] with {0: 3, 1: 4, 2: 20, 3: 12, 4: 13, 5: 18, 6: 0, 7: 1}
Trying to moving ion 13... to 12
Ion assignment after moving ion 13: {0: 3, 1: 4, 2: 20, 3: 13, 4: 12, 5: 18, 6: 0, 7: 1}
Gate position gate updated to [12 18]--------------c
Trying to moving ion 18... to 13
Ion assignment after moving ion 18: {0: 3, 1: 4, 2: 20, 3: 14, 4: 12, 5: 13, 6: 0, 7: 1}
Trying to solve brute-force congestion at gate [12, 13] with {0: 3, 1: 4, 2: 20, 3: 14, 4: 12, 5: 13, 6: 0, 7: 1}
Trying to moving ion 12... to 12
Ion assignment after moving ion 12: {0: 3, 1: 4, 2: 20, 3: 14, 4: 12, 5: 13, 6: 0, 7: 1}
Clearing endpoint 14.........
Gate position gate updated to [12 13]--------------c
Trying to moving ion 13... to 13
Ion assignment after moving ion 13: {0: 3, 1: 4, 2: 20, 3: 21, 4: 12, 5: 13, 6: 0, 7: 1}
Trying to solve brute-force congestion at gate [13, 0] with {0: 3, 1: 4, 2: 20, 3: 21, 4: 12, 5: 13, 6: 0, 7: 1}
Trying to moving ion 0... to 0
Ion assignment after moving ion 0: {0: 3, 1: 4, 2: 20, 3: 21, 4: 12, 5: 13, 6: 0, 7: 1}
Gate position gate updated to [ 0 13]--------------c
Trying to moving ion 13... to 1
Ion assignment after moving ion 13: {0: 3, 1: 4, 2: 20, 3: 19, 4: 12, 5: 1, 6: 0, 7: 2}
Trying to solve brute-force congestion at gate [1, 0] with {0: 3, 1: 4, 2: 20, 3: 19, 4: 12, 5: 1, 6: 0, 7: 2}
Trying to moving ion 1... to 0
Ion assignment after moving ion 1: {0: 3, 1: 4, 2: 20, 3: 19, 4: 12, 5: 0, 6: 1, 7: 2}
Clearing endpoint 2.........
Gate position gate updated to [0 1]--------------c
Trying to moving ion 1... to 1
Ion assignment after moving ion 1: {0: 3, 1: 4, 2: 20, 3: 19, 4: 12, 5: 0, 6: 1, 7: 18}
Trying to solve brute-force congestion at gate [1, 18] with {0: 3, 1: 4, 2: 20, 3: 19, 4: 12, 5: 0, 6: 1, 7: 18}
Trying to moving ion 1... to 0
Ion assignment after moving ion 1: {0: 3, 1: 4, 2: 20, 3: 19, 4: 12, 5: 1, 6: 0, 7: 18}
Gate position gate updated to [ 0 18]--------------c
Trying to moving ion 18... to 1
Ion assignment after moving ion 18: {0: 3, 1: 4, 2: 20, 3: 19, 4: 12, 5: 2, 6: 0, 7: 1}
Trying to solve brute-force congestion at gate [0, 1] with {0: 3, 1: 4, 2: 20, 3: 19, 4: 12, 5: 2, 6: 0, 7: 1}
Trying to moving ion 0... to 0
Ion assignment after moving ion 0: {0: 3, 1: 4, 2: 20, 3: 19, 4: 12, 5: 2, 6: 0, 7: 1}
Clearing endpoint 2.........
Gate position gate updated to [0 1]--------------c
Trying to moving ion 1... to 1
Ion assignment after moving ion 1: {0: 3, 1: 4, 2: 20, 3: 19, 4: 12, 5: 18, 6: 0, 7: 1}
Trying to solve brute-force congestion at gate [20, 19] with {0: 3, 1: 4, 2: 20, 3: 19, 4: 12, 5: 18, 6: 0, 7: 1}
Trying to moving ion 19... to 15
Ion assignment after moving ion 19: {0: 3, 1: 4, 2: 20, 3: 15, 4: 12, 5: 18, 6: 0, 7: 1}
Gate position gate updated to [15 20]--------------c
Trying to moving ion 20... to 16
Ion assignment after moving ion 20: {0: 3, 1: 4, 2: 16, 3: 15, 4: 12, 5: 18, 6: 0, 7: 1}
Trying to solve brute-force congestion at gate [16, 15] with {0: 3, 1: 4, 2: 16, 3: 15, 4: 12, 5: 18, 6: 0, 7: 1}
Trying to moving ion 16... to 15
Ion assignment after moving ion 16: {0: 3, 1: 4, 2: 15, 3: 16, 4: 12, 5: 18, 6: 0, 7: 1}
Gate position gate updated to [15 16]--------------c
Trying to moving ion 16... to 16
Ion assignment after moving ion 16: {0: 3, 1: 4, 2: 15, 3: 16, 4: 12, 5: 18, 6: 0, 7: 1}
Trying to solve brute-force congestion at gate [4, 15] with {0: 3, 1: 4, 2: 15, 3: 16, 4: 12, 5: 18, 6: 0, 7: 1}
Trying to moving ion 15... to 15
Ion assignment after moving ion 15: {0: 3, 1: 4, 2: 15, 3: 16, 4: 12, 5: 18, 6: 0, 7: 1}
Gate position gate updated to [15  4]--------------c
Trying to moving ion 4... to 16
Ion assignment after moving ion 4: {0: 3, 1: 16, 2: 15, 3: 17, 4: 12, 5: 18, 6: 0, 7: 1}
Trying to solve brute-force congestion at gate [17, 12] with {0: 3, 1: 16, 2: 15, 3: 17, 4: 12, 5: 18, 6: 0, 7: 1}
Trying to moving ion 12... to 12
Ion assignment after moving ion 12: {0: 3, 1: 16, 2: 15, 3: 17, 4: 12, 5: 18, 6: 0, 7: 1}
Gate position gate updated to [12 17]--------------c
Trying to moving ion 17... to 13
Ion assignment after moving ion 17: {0: 3, 1: 16, 2: 15, 3: 13, 4: 12, 5: 18, 6: 0, 7: 1}
Trying to solve brute-force congestion at gate [13, 12] with {0: 3, 1: 16, 2: 15, 3: 13, 4: 12, 5: 18, 6: 0, 7: 1}
Trying to moving ion 13... to 12
Ion assignment after moving ion 13: {0: 3, 1: 16, 2: 15, 3: 12, 4: 13, 5: 18, 6: 0, 7: 1}
Gate position gate updated to [12 13]--------------c
Trying to moving ion 13... to 13
Ion assignment after moving ion 13: {0: 3, 1: 16, 2: 15, 3: 12, 4: 13, 5: 18, 6: 0, 7: 1}
Trying to solve brute-force congestion at gate [3, 16] with {0: 3, 1: 16, 2: 15, 3: 12, 4: 13, 5: 18, 6: 0, 7: 1}
Trying to moving ion 3... to 3
Ion assignment after moving ion 3: {0: 3, 1: 16, 2: 15, 3: 12, 4: 13, 5: 18, 6: 0, 7: 1}
Gate position gate updated to [ 3 16]--------------c
Trying to moving ion 16... to 4
Ion assignment after moving ion 16: {0: 3, 1: 4, 2: 15, 3: 12, 4: 13, 5: 18, 6: 0, 7: 1}
Trying to solve brute-force congestion at gate [15, 12] with {0: 3, 1: 4, 2: 15, 3: 12, 4: 13, 5: 18, 6: 0, 7: 1}
Trying to moving ion 12... to 12
Ion assignment after moving ion 12: {0: 3, 1: 4, 2: 15, 3: 12, 4: 13, 5: 18, 6: 0, 7: 1}
Gate position gate updated to [12 15]--------------c
Trying to moving ion 15... to 13
Ion assignment after moving ion 15: {0: 3, 1: 4, 2: 13, 3: 12, 4: 14, 5: 18, 6: 0, 7: 1}
Trying to solve brute-force congestion at gate [13, 12] with {0: 3, 1: 4, 2: 13, 3: 12, 4: 14, 5: 18, 6: 0, 7: 1}
Trying to moving ion 13... to 12
Ion assignment after moving ion 13: {0: 3, 1: 4, 2: 12, 3: 13, 4: 14, 5: 18, 6: 0, 7: 1}
Clearing endpoint 14.........
Gate position gate updated to [12 13]--------------c
Trying to moving ion 13... to 13
Ion assignment after moving ion 13: {0: 3, 1: 4, 2: 12, 3: 13, 4: 21, 5: 18, 6: 0, 7: 1}
Trying to solve brute-force congestion at gate [21, 18] with {0: 3, 1: 4, 2: 12, 3: 13, 4: 21, 5: 18, 6: 0, 7: 1}
Trying to moving ion 18... to 15
Ion assignment after moving ion 18: {0: 3, 1: 4, 2: 12, 3: 13, 4: 21, 5: 15, 6: 0, 7: 1}
Gate position gate updated to [15 21]--------------c
Trying to moving ion 21... to 16
Ion assignment after moving ion 21: {0: 3, 1: 4, 2: 12, 3: 13, 4: 16, 5: 15, 6: 0, 7: 1}
Trying to solve brute-force congestion at gate [16, 15] with {0: 3, 1: 4, 2: 12, 3: 13, 4: 16, 5: 15, 6: 0, 7: 1}
Trying to moving ion 16... to 15
Ion assignment after moving ion 16: {0: 3, 1: 4, 2: 12, 3: 13, 4: 15, 5: 16, 6: 0, 7: 1}
Gate position gate updated to [15 16]--------------c
Trying to moving ion 16... to 16
Ion assignment after moving ion 16: {0: 3, 1: 4, 2: 12, 3: 13, 4: 15, 5: 16, 6: 0, 7: 1}
Executing gate at point (0, 2).
Executing gate at point (0, 4).
Executing gate at point (0, 6).
Executing gate at point (0, 0).
Executing gate at point (1, 2).
Executing gate at point (1, 4).
Executing gate at point (1, 0).
Executing gate at point (1, 6).
Best move: (4, 5)
Best move: (5, 20)
Best move: (20, 21)
Best move: (14, 21)
Executing gate at point (2, 1).
Executing gate at point (3, 1).
Best move: (14, 21)
Best move: (13, 14)
Best move: (15, 16)
Best move: (15, 16)
Best move: (15, 16)
Try bruteforce due to repeated pattern...
Trying to solve brute-force congestion at gate [14, 16] with {0: 3, 1: 21, 2: 12, 3: 14, 4: 16, 5: 15, 6: 0, 7: 1}
Trying to moving ion 16... to 15
Ion assignment after moving ion 16: {0: 3, 1: 21, 2: 12, 3: 14, 4: 15, 5: 16, 6: 0, 7: 1}
Gate position gate updated to [15 14]--------------c
Trying to moving ion 14... to 16
Ion assignment after moving ion 14: {0: 3, 1: 25, 2: 12, 3: 16, 4: 15, 5: 17, 6: 0, 7: 1}
Executing gate at point (2, 3).
Executing gate at point (3, 3).
Best move: (20, 25)
Best move: (5, 20)
Executing gate at point (4, 0).
Executing gate at point (5, 0).
Best move: (17, 19)
Best move: (18, 19)
Best move: (2, 18)
Executing gate at point (2, 5).
Executing gate at point (3, 5).
Executing gate at point (4, 6).
Executing gate at point (5, 6).
Best move: (2, 18)
Best move: (18, 19)
Best move: (17, 19)
Executing gate at point (4, 4).
Executing gate at point (5, 4).
Best move: (17, 19)
Best move: (18, 19)
Best move: (2, 18)
Executing gate at point (6, 5).
Executing gate at point (7, 5).
Executing gate at point (8, 6).
Executing gate at point (9, 6).
Best move: (16, 17)
Best move: (17, 19)
Best move: (19, 24)
Best move: (21, 24)
Best move: (14, 21)
Executing gate at point (4, 2).
Executing gate at point (5, 2).
Best move: (14, 21)
Best move: (5, 20)
Best move: (12, 13)
Best move: (12, 13)
Best move: (12, 13)
Try bruteforce due to repeated pattern...
Trying to solve brute-force congestion at gate [20, 13] with {0: 3, 1: 20, 2: 13, 3: 21, 4: 15, 5: 2, 6: 0, 7: 1}
Trying to moving ion 13... to 12
Ion assignment after moving ion 13: {0: 3, 1: 20, 2: 12, 3: 21, 4: 15, 5: 2, 6: 0, 7: 1}
Gate position gate updated to [12 20]--------------c
Trying to moving ion 20... to 13
Ion assignment after moving ion 20: {0: 3, 1: 13, 2: 12, 3: 25, 4: 15, 5: 2, 6: 0, 7: 1}
Executing gate at point (6, 1).
Executing gate at point (7, 1).
Best move: (24, 25)
Best move: (19, 24)
Best move: (17, 19)
Executing gate at point (6, 3).
Executing gate at point (7, 3).
Best move: (2, 18)
Best move: (18, 19)
Best move: (16, 17)
Best move: (17, 19)
Executing gate at point (8, 4).
Executing gate at point (9, 4).
Best move: (17, 19)
Best move: (16, 17)
Best move: (12, 13)
Best move: (12, 13)
Best move: (12, 13)
Try bruteforce due to repeated pattern...
Trying to solve brute-force congestion at gate [13, 17] with {0: 3, 1: 12, 2: 13, 3: 17, 4: 15, 5: 19, 6: 0, 7: 1}
Trying to moving ion 13... to 12
Ion assignment after moving ion 13: {0: 3, 1: 13, 2: 12, 3: 17, 4: 15, 5: 19, 6: 0, 7: 1}
Gate position gate updated to [12 17]--------------c
Trying to moving ion 17... to 13
Ion assignment after moving ion 17: {0: 3, 1: 14, 2: 12, 3: 13, 4: 15, 5: 18, 6: 0, 7: 1}
Executing gate at point (8, 2).
Executing gate at point (9, 2).
Best move: (14, 21)
Best move: (20, 21)
Best move: (5, 20)
Executing gate at point (8, 0).
Executing gate at point (9, 0).
Best move: (5, 20)
Best move: (20, 21)
Best move: (14, 21)
Executing gate at point (10, 1).
Executing gate at point (11, 1).
Best move: (2, 18)
Executing gate at point (10, 5).
Executing gate at point (11, 5).
Executing gate at point (12, 6).
Executing gate at point (13, 6).
Best move: (14, 21)
Best move: (20, 21)
Best move: (5, 20)
Executing gate at point (12, 0).
Executing gate at point (13, 0).
Best move: (13, 14)
Best move: (14, 21)
Best move: (21, 24)
Best move: (19, 24)
Best move: (17, 19)
Executing gate at point (10, 3).
Executing gate at point (11, 3).
Best move: (17, 19)
Best move: (2, 18)
Best move: (15, 16)
Best move: (15, 16)
Best move: (15, 16)
Try bruteforce due to repeated pattern...
Trying to solve brute-force congestion at gate [16, 18] with {0: 3, 1: 5, 2: 12, 3: 19, 4: 16, 5: 18, 6: 0, 7: 1}
Trying to moving ion 16... to 15
Ion assignment after moving ion 16: {0: 3, 1: 5, 2: 12, 3: 19, 4: 15, 5: 18, 6: 0, 7: 1}
Gate position gate updated to [15 18]--------------c
Trying to moving ion 18... to 16
Ion assignment after moving ion 18: {0: 3, 1: 5, 2: 12, 3: 24, 4: 15, 5: 16, 6: 0, 7: 1}
Executing gate at point (12, 4).
Executing gate at point (13, 4).
Best move: (21, 24)
Best move: (14, 21)
Executing gate at point (12, 2).
Executing gate at point (13, 2).
Best move: (14, 21)
Best move: (5, 20)
Best move: (12, 13)
Best move: (20, 24)
Best move: (20, 24)
Best move: (20, 24)
Try bruteforce due to repeated pattern...
Trying to solve brute-force congestion at gate [24, 13] with {0: 3, 1: 24, 2: 13, 3: 21, 4: 15, 5: 16, 6: 0, 7: 1}
Trying to moving ion 13... to 12
Ion assignment after moving ion 13: {0: 3, 1: 24, 2: 12, 3: 21, 4: 15, 5: 16, 6: 0, 7: 1}
Gate position gate updated to [12 24]--------------c
Trying to moving ion 24... to 13
Ion assignment after moving ion 24: {0: 3, 1: 13, 2: 12, 3: 25, 4: 15, 5: 16, 6: 0, 7: 1}
Executing gate at point (14, 1).
Executing gate at point (15, 1).
Best move: (24, 25)
Best move: (19, 24)
Best move: (17, 19)
Executing gate at point (14, 3).
Executing gate at point (15, 3).
Best move: (16, 17)
Best move: (17, 19)
Best move: (18, 19)
Best move: (2, 18)
Executing gate at point (14, 5).
Executing gate at point (15, 5).
Trying to solve brute-force congestion at gate [13, 17] with {0: 3, 1: 12, 2: 13, 3: 17, 4: 15, 5: 19, 6: 0, 7: 1}
Trying to moving ion 13... to 12
Ion assignment after moving ion 13: {0: 3, 1: 13, 2: 12, 3: 17, 4: 15, 5: 19, 6: 0, 7: 1}
Gate position gate updated to [12 17]--------------c
Trying to moving ion 17... to 13
Ion assignment after moving ion 17: {0: 3, 1: 14, 2: 12, 3: 13, 4: 15, 5: 18, 6: 0, 7: 1}
Trying to solve brute-force congestion at gate [12, 13] with {0: 3, 1: 14, 2: 12, 3: 13, 4: 15, 5: 18, 6: 0, 7: 1}
Trying to moving ion 12... to 12
Ion assignment after moving ion 12: {0: 3, 1: 14, 2: 12, 3: 13, 4: 15, 5: 18, 6: 0, 7: 1}
Clearing endpoint 14.........
Gate position gate updated to [12 13]--------------c
Trying to moving ion 13... to 13
Ion assignment after moving ion 13: {0: 3, 1: 21, 2: 12, 3: 13, 4: 15, 5: 18, 6: 0, 7: 1}
Trying to solve brute-force congestion at gate [13, 15] with {0: 3, 1: 21, 2: 12, 3: 13, 4: 15, 5: 18, 6: 0, 7: 1}
Trying to moving ion 15... to 15
Ion assignment after moving ion 15: {0: 3, 1: 21, 2: 12, 3: 13, 4: 15, 5: 18, 6: 0, 7: 1}
Gate position gate updated to [15 13]--------------c
Trying to moving ion 13... to 16
Ion assignment after moving ion 13: {0: 3, 1: 25, 2: 12, 3: 16, 4: 15, 5: 18, 6: 0, 7: 1}
Trying to solve brute-force congestion at gate [3, 25] with {0: 3, 1: 25, 2: 12, 3: 16, 4: 15, 5: 18, 6: 0, 7: 1}
Trying to moving ion 3... to 3
Ion assignment after moving ion 3: {0: 3, 1: 25, 2: 12, 3: 16, 4: 15, 5: 18, 6: 0, 7: 1}
Gate position gate updated to [ 3 25]--------------c
Trying to moving ion 25... to 4
Ion assignment after moving ion 25: {0: 3, 1: 4, 2: 12, 3: 16, 4: 15, 5: 18, 6: 0, 7: 1}
Trying to solve brute-force congestion at gate [3, 4] with {0: 3, 1: 4, 2: 12, 3: 16, 4: 15, 5: 18, 6: 0, 7: 1}
Trying to moving ion 3... to 3
Ion assignment after moving ion 3: {0: 3, 1: 4, 2: 12, 3: 16, 4: 15, 5: 18, 6: 0, 7: 1}
Gate position gate updated to [3 4]--------------c
Trying to moving ion 4... to 4
Ion assignment after moving ion 4: {0: 3, 1: 4, 2: 12, 3: 16, 4: 15, 5: 18, 6: 0, 7: 1}
Trying to solve brute-force congestion at gate [4, 12] with {0: 3, 1: 4, 2: 12, 3: 16, 4: 15, 5: 18, 6: 0, 7: 1}
Trying to moving ion 12... to 12
Ion assignment after moving ion 12: {0: 3, 1: 4, 2: 12, 3: 16, 4: 15, 5: 18, 6: 0, 7: 1}
Gate position gate updated to [12  4]--------------c
Trying to moving ion 4... to 13
Ion assignment after moving ion 4: {0: 3, 1: 13, 2: 12, 3: 16, 4: 15, 5: 18, 6: 0, 7: 1}
Trying to solve brute-force congestion at gate [13, 12] with {0: 3, 1: 13, 2: 12, 3: 16, 4: 15, 5: 18, 6: 0, 7: 1}
Trying to moving ion 13... to 12
Ion assignment after moving ion 13: {0: 3, 1: 12, 2: 13, 3: 16, 4: 15, 5: 18, 6: 0, 7: 1}
Gate position gate updated to [12 13]--------------c
Trying to moving ion 13... to 13
Ion assignment after moving ion 13: {0: 3, 1: 12, 2: 13, 3: 16, 4: 15, 5: 18, 6: 0, 7: 1}
Trying to solve brute-force congestion at gate [3, 12] with {0: 3, 1: 12, 2: 13, 3: 16, 4: 15, 5: 18, 6: 0, 7: 1}
Trying to moving ion 12... to 12
Ion assignment after moving ion 12: {0: 3, 1: 12, 2: 13, 3: 16, 4: 15, 5: 18, 6: 0, 7: 1}
Gate position gate updated to [12  3]--------------c
Trying to moving ion 3... to 13
Ion assignment after moving ion 3: {0: 13, 1: 12, 2: 14, 3: 16, 4: 15, 5: 18, 6: 0, 7: 1}
Trying to solve brute-force congestion at gate [14, 16] with {0: 13, 1: 12, 2: 14, 3: 16, 4: 15, 5: 18, 6: 0, 7: 1}
Trying to moving ion 16... to 15
Ion assignment after moving ion 16: {0: 13, 1: 12, 2: 14, 3: 15, 4: 16, 5: 18, 6: 0, 7: 1}
Gate position gate updated to [15 14]--------------c
Trying to moving ion 14... to 16
Ion assignment after moving ion 14: {0: 13, 1: 12, 2: 16, 3: 15, 4: 17, 5: 18, 6: 0, 7: 1}
Trying to solve brute-force congestion at gate [16, 15] with {0: 13, 1: 12, 2: 16, 3: 15, 4: 17, 5: 18, 6: 0, 7: 1}
Trying to moving ion 16... to 15
Ion assignment after moving ion 16: {0: 13, 1: 12, 2: 15, 3: 16, 4: 17, 5: 18, 6: 0, 7: 1}
Clearing endpoint 17.........
Gate position gate updated to [15 16]--------------c
Trying to moving ion 16... to 16
Ion assignment after moving ion 16: {0: 13, 1: 12, 2: 15, 3: 16, 4: 19, 5: 18, 6: 0, 7: 1}
Trying to solve brute-force congestion at gate [12, 15] with {0: 13, 1: 12, 2: 15, 3: 16, 4: 19, 5: 18, 6: 0, 7: 1}
Trying to moving ion 12... to 12
Ion assignment after moving ion 12: {0: 13, 1: 12, 2: 15, 3: 16, 4: 19, 5: 18, 6: 0, 7: 1}
Gate position gate updated to [12 15]--------------c
Trying to moving ion 15... to 13
Ion assignment after moving ion 15: {0: 14, 1: 12, 2: 13, 3: 15, 4: 20, 5: 18, 6: 0, 7: 1}
Trying to solve brute-force congestion at gate [12, 13] with {0: 14, 1: 12, 2: 13, 3: 15, 4: 20, 5: 18, 6: 0, 7: 1}
Trying to moving ion 12... to 12
Ion assignment after moving ion 12: {0: 14, 1: 12, 2: 13, 3: 15, 4: 20, 5: 18, 6: 0, 7: 1}
Clearing endpoint 14.........
Gate position gate updated to [12 13]--------------c
Trying to moving ion 13... to 13
Ion assignment after moving ion 13: {0: 21, 1: 12, 2: 13, 3: 15, 4: 20, 5: 18, 6: 0, 7: 1}
Trying to solve brute-force congestion at gate [21, 12] with {0: 21, 1: 12, 2: 13, 3: 15, 4: 20, 5: 18, 6: 0, 7: 1}
Trying to moving ion 12... to 12
Ion assignment after moving ion 12: {0: 21, 1: 12, 2: 13, 3: 15, 4: 20, 5: 18, 6: 0, 7: 1}
Gate position gate updated to [12 21]--------------c
Trying to moving ion 21... to 13
Ion assignment after moving ion 21: {0: 13, 1: 12, 2: 14, 3: 15, 4: 20, 5: 18, 6: 0, 7: 1}
Trying to solve brute-force congestion at gate [13, 12] with {0: 13, 1: 12, 2: 14, 3: 15, 4: 20, 5: 18, 6: 0, 7: 1}
Trying to moving ion 13... to 12
Ion assignment after moving ion 13: {0: 12, 1: 13, 2: 14, 3: 15, 4: 20, 5: 18, 6: 0, 7: 1}
Clearing endpoint 14.........
Gate position gate updated to [12 13]--------------c
Trying to moving ion 13... to 13
Ion assignment after moving ion 13: {0: 12, 1: 13, 2: 21, 3: 15, 4: 20, 5: 18, 6: 0, 7: 1}
Trying to solve brute-force congestion at gate [18, 0] with {0: 12, 1: 13, 2: 21, 3: 15, 4: 20, 5: 18, 6: 0, 7: 1}
Trying to moving ion 0... to 0
Ion assignment after moving ion 0: {0: 12, 1: 13, 2: 21, 3: 15, 4: 20, 5: 18, 6: 0, 7: 1}
Gate position gate updated to [ 0 18]--------------c
Trying to moving ion 18... to 1
Ion assignment after moving ion 18: {0: 12, 1: 13, 2: 21, 3: 15, 4: 20, 5: 1, 6: 0, 7: 2}
Trying to solve brute-force congestion at gate [1, 0] with {0: 12, 1: 13, 2: 21, 3: 15, 4: 20, 5: 1, 6: 0, 7: 2}
Trying to moving ion 1... to 0
Ion assignment after moving ion 1: {0: 12, 1: 13, 2: 21, 3: 15, 4: 20, 5: 0, 6: 1, 7: 2}
Clearing endpoint 2.........
Gate position gate updated to [0 1]--------------c
Trying to moving ion 1... to 1
Ion assignment after moving ion 1: {0: 12, 1: 13, 2: 21, 3: 15, 4: 20, 5: 0, 6: 1, 7: 18}
Trying to solve brute-force congestion at gate [1, 18] with {0: 12, 1: 13, 2: 21, 3: 15, 4: 20, 5: 0, 6: 1, 7: 18}
Trying to moving ion 1... to 0
Ion assignment after moving ion 1: {0: 12, 1: 13, 2: 21, 3: 15, 4: 20, 5: 1, 6: 0, 7: 18}
Gate position gate updated to [ 0 18]--------------c
Trying to moving ion 18... to 1
Ion assignment after moving ion 18: {0: 12, 1: 13, 2: 21, 3: 15, 4: 20, 5: 2, 6: 0, 7: 1}
Trying to solve brute-force congestion at gate [0, 1] with {0: 12, 1: 13, 2: 21, 3: 15, 4: 20, 5: 2, 6: 0, 7: 1}
Trying to moving ion 0... to 0
Ion assignment after moving ion 0: {0: 12, 1: 13, 2: 21, 3: 15, 4: 20, 5: 2, 6: 0, 7: 1}
Clearing endpoint 2.........
Gate position gate updated to [0 1]--------------c
Trying to moving ion 1... to 1
Ion assignment after moving ion 1: {0: 12, 1: 13, 2: 21, 3: 15, 4: 20, 5: 18, 6: 0, 7: 1}
Trying to solve brute-force congestion at gate [20, 18] with {0: 12, 1: 13, 2: 21, 3: 15, 4: 20, 5: 18, 6: 0, 7: 1}
Trying to moving ion 20... to 3
Ion assignment after moving ion 20: {0: 12, 1: 13, 2: 21, 3: 15, 4: 3, 5: 18, 6: 0, 7: 1}
Gate position gate updated to [ 3 18]--------------c
Trying to moving ion 18... to 4
Ion assignment after moving ion 18: {0: 12, 1: 13, 2: 21, 3: 15, 4: 3, 5: 4, 6: 0, 7: 1}
Trying to solve brute-force congestion at gate [3, 4] with {0: 12, 1: 13, 2: 21, 3: 15, 4: 3, 5: 4, 6: 0, 7: 1}
Trying to moving ion 3... to 3
Ion assignment after moving ion 3: {0: 12, 1: 13, 2: 21, 3: 15, 4: 3, 5: 4, 6: 0, 7: 1}
Gate position gate updated to [3 4]--------------c
Trying to moving ion 4... to 4
Ion assignment after moving ion 4: {0: 12, 1: 13, 2: 21, 3: 15, 4: 3, 5: 4, 6: 0, 7: 1}
Trying to solve brute-force congestion at gate [4, 0] with {0: 12, 1: 13, 2: 21, 3: 15, 4: 3, 5: 4, 6: 0, 7: 1}
Trying to moving ion 0... to 0
Ion assignment after moving ion 0: {0: 12, 1: 13, 2: 21, 3: 15, 4: 3, 5: 4, 6: 0, 7: 1}
Gate position gate updated to [0 4]--------------c
Trying to moving ion 4... to 1
Ion assignment after moving ion 4: {0: 12, 1: 13, 2: 21, 3: 15, 4: 3, 5: 1, 6: 0, 7: 2}
Trying to solve brute-force congestion at gate [1, 0] with {0: 12, 1: 13, 2: 21, 3: 15, 4: 3, 5: 1, 6: 0, 7: 2}
Trying to moving ion 1... to 0
Ion assignment after moving ion 1: {0: 12, 1: 13, 2: 21, 3: 15, 4: 3, 5: 0, 6: 1, 7: 2}
Clearing endpoint 2.........
Gate position gate updated to [0 1]--------------c
Trying to moving ion 1... to 1
Ion assignment after moving ion 1: {0: 12, 1: 13, 2: 21, 3: 15, 4: 3, 5: 0, 6: 1, 7: 18}
Trying to solve brute-force congestion at gate [1, 18] with {0: 12, 1: 13, 2: 21, 3: 15, 4: 3, 5: 0, 6: 1, 7: 18}
Trying to moving ion 1... to 0
Ion assignment after moving ion 1: {0: 12, 1: 13, 2: 21, 3: 15, 4: 3, 5: 1, 6: 0, 7: 18}
Gate position gate updated to [ 0 18]--------------c
Trying to moving ion 18... to 1
Ion assignment after moving ion 18: {0: 12, 1: 13, 2: 21, 3: 15, 4: 3, 5: 2, 6: 0, 7: 1}
Trying to solve brute-force congestion at gate [0, 1] with {0: 12, 1: 13, 2: 21, 3: 15, 4: 3, 5: 2, 6: 0, 7: 1}
Trying to moving ion 0... to 0
Ion assignment after moving ion 0: {0: 12, 1: 13, 2: 21, 3: 15, 4: 3, 5: 2, 6: 0, 7: 1}
Clearing endpoint 2.........
Gate position gate updated to [0 1]--------------c
Trying to moving ion 1... to 1
Ion assignment after moving ion 1: {0: 12, 1: 13, 2: 21, 3: 15, 4: 3, 5: 18, 6: 0, 7: 1}
Trying to solve brute-force congestion at gate [15, 3] with {0: 12, 1: 13, 2: 21, 3: 15, 4: 3, 5: 18, 6: 0, 7: 1}
Trying to moving ion 3... to 3
Ion assignment after moving ion 3: {0: 12, 1: 13, 2: 21, 3: 15, 4: 3, 5: 18, 6: 0, 7: 1}
Gate position gate updated to [ 3 15]--------------c
Trying to moving ion 15... to 4
Ion assignment after moving ion 15: {0: 12, 1: 13, 2: 21, 3: 4, 4: 3, 5: 18, 6: 0, 7: 1}
Trying to solve brute-force congestion at gate [4, 3] with {0: 12, 1: 13, 2: 21, 3: 4, 4: 3, 5: 18, 6: 0, 7: 1}
Trying to moving ion 4... to 3
Ion assignment after moving ion 4: {0: 12, 1: 13, 2: 21, 3: 3, 4: 4, 5: 18, 6: 0, 7: 1}
Gate position gate updated to [3 4]--------------c
Trying to moving ion 4... to 4
Ion assignment after moving ion 4: {0: 12, 1: 13, 2: 21, 3: 3, 4: 4, 5: 18, 6: 0, 7: 1}
Trying to solve brute-force congestion at gate [4, 18] with {0: 12, 1: 13, 2: 21, 3: 3, 4: 4, 5: 18, 6: 0, 7: 1}
Trying to moving ion 4... to 3
Ion assignment after moving ion 4: {0: 12, 1: 13, 2: 21, 3: 4, 4: 3, 5: 18, 6: 0, 7: 1}
Gate position gate updated to [ 3 18]--------------c
Trying to moving ion 18... to 4
Ion assignment after moving ion 18: {0: 12, 1: 13, 2: 21, 3: 5, 4: 3, 5: 4, 6: 0, 7: 1}
Trying to solve brute-force congestion at gate [3, 4] with {0: 12, 1: 13, 2: 21, 3: 5, 4: 3, 5: 4, 6: 0, 7: 1}
Trying to moving ion 3... to 3
Ion assignment after moving ion 3: {0: 12, 1: 13, 2: 21, 3: 5, 4: 3, 5: 4, 6: 0, 7: 1}
Clearing endpoint 5.........
Gate position gate updated to [3 4]--------------c
Trying to moving ion 4... to 4
Ion assignment after moving ion 4: {0: 12, 1: 13, 2: 21, 3: 20, 4: 3, 5: 4, 6: 0, 7: 1}
Trying to solve brute-force congestion at gate [4, 0] with {0: 12, 1: 13, 2: 21, 3: 20, 4: 3, 5: 4, 6: 0, 7: 1}
Trying to moving ion 0... to 0
Ion assignment after moving ion 0: {0: 12, 1: 13, 2: 21, 3: 20, 4: 3, 5: 4, 6: 0, 7: 1}
Gate position gate updated to [0 4]--------------c
Trying to moving ion 4... to 1
Ion assignment after moving ion 4: {0: 12, 1: 13, 2: 21, 3: 19, 4: 3, 5: 1, 6: 0, 7: 2}
Trying to solve brute-force congestion at gate [1, 0] with {0: 12, 1: 13, 2: 21, 3: 19, 4: 3, 5: 1, 6: 0, 7: 2}
Trying to moving ion 1... to 0
Ion assignment after moving ion 1: {0: 12, 1: 13, 2: 21, 3: 19, 4: 3, 5: 0, 6: 1, 7: 2}
Clearing endpoint 2.........
Gate position gate updated to [0 1]--------------c
Trying to moving ion 1... to 1
Ion assignment after moving ion 1: {0: 12, 1: 13, 2: 21, 3: 19, 4: 3, 5: 0, 6: 1, 7: 18}
Trying to solve brute-force congestion at gate [1, 18] with {0: 12, 1: 13, 2: 21, 3: 19, 4: 3, 5: 0, 6: 1, 7: 18}
Trying to moving ion 1... to 0
Ion assignment after moving ion 1: {0: 12, 1: 13, 2: 21, 3: 19, 4: 3, 5: 1, 6: 0, 7: 18}
Gate position gate updated to [ 0 18]--------------c
Trying to moving ion 18... to 1
Ion assignment after moving ion 18: {0: 12, 1: 13, 2: 21, 3: 19, 4: 3, 5: 2, 6: 0, 7: 1}
Trying to solve brute-force congestion at gate [0, 1] with {0: 12, 1: 13, 2: 21, 3: 19, 4: 3, 5: 2, 6: 0, 7: 1}
Trying to moving ion 0... to 0
Ion assignment after moving ion 0: {0: 12, 1: 13, 2: 21, 3: 19, 4: 3, 5: 2, 6: 0, 7: 1}
Clearing endpoint 2.........
Gate position gate updated to [0 1]--------------c
Trying to moving ion 1... to 1
Ion assignment after moving ion 1: {0: 12, 1: 13, 2: 21, 3: 19, 4: 3, 5: 18, 6: 0, 7: 1}
Trying to solve brute-force congestion at gate [21, 19] with {0: 12, 1: 13, 2: 21, 3: 19, 4: 3, 5: 18, 6: 0, 7: 1}
Trying to moving ion 19... to 15
Ion assignment after moving ion 19: {0: 12, 1: 13, 2: 21, 3: 15, 4: 3, 5: 18, 6: 0, 7: 1}
Gate position gate updated to [15 21]--------------c
Trying to moving ion 21... to 16
Ion assignment after moving ion 21: {0: 12, 1: 13, 2: 16, 3: 15, 4: 3, 5: 18, 6: 0, 7: 1}
Trying to solve brute-force congestion at gate [16, 15] with {0: 12, 1: 13, 2: 16, 3: 15, 4: 3, 5: 18, 6: 0, 7: 1}
Trying to moving ion 16... to 15
Ion assignment after moving ion 16: {0: 12, 1: 13, 2: 15, 3: 16, 4: 3, 5: 18, 6: 0, 7: 1}
Gate position gate updated to [15 16]--------------c
Trying to moving ion 16... to 16
Ion assignment after moving ion 16: {0: 12, 1: 13, 2: 15, 3: 16, 4: 3, 5: 18, 6: 0, 7: 1}
Trying to solve brute-force congestion at gate [13, 15] with {0: 12, 1: 13, 2: 15, 3: 16, 4: 3, 5: 18, 6: 0, 7: 1}
Trying to moving ion 15... to 15
Ion assignment after moving ion 15: {0: 12, 1: 13, 2: 15, 3: 16, 4: 3, 5: 18, 6: 0, 7: 1}
Gate position gate updated to [15 13]--------------c
Trying to moving ion 13... to 16
Ion assignment after moving ion 13: {0: 12, 1: 16, 2: 15, 3: 17, 4: 3, 5: 18, 6: 0, 7: 1}
Trying to solve brute-force congestion at gate [17, 3] with {0: 12, 1: 16, 2: 15, 3: 17, 4: 3, 5: 18, 6: 0, 7: 1}
Trying to moving ion 3... to 3
Ion assignment after moving ion 3: {0: 12, 1: 16, 2: 15, 3: 17, 4: 3, 5: 18, 6: 0, 7: 1}
Gate position gate updated to [ 3 17]--------------c
Trying to moving ion 17... to 4
Ion assignment after moving ion 17: {0: 12, 1: 16, 2: 15, 3: 4, 4: 3, 5: 18, 6: 0, 7: 1}
Trying to solve brute-force congestion at gate [4, 3] with {0: 12, 1: 16, 2: 15, 3: 4, 4: 3, 5: 18, 6: 0, 7: 1}
Trying to moving ion 4... to 3
Ion assignment after moving ion 4: {0: 12, 1: 16, 2: 15, 3: 3, 4: 4, 5: 18, 6: 0, 7: 1}
Gate position gate updated to [3 4]--------------c
Trying to moving ion 4... to 4
Ion assignment after moving ion 4: {0: 12, 1: 16, 2: 15, 3: 3, 4: 4, 5: 18, 6: 0, 7: 1}
Trying to solve brute-force congestion at gate [12, 16] with {0: 12, 1: 16, 2: 15, 3: 3, 4: 4, 5: 18, 6: 0, 7: 1}
Trying to moving ion 12... to 12
Ion assignment after moving ion 12: {0: 12, 1: 16, 2: 15, 3: 3, 4: 4, 5: 18, 6: 0, 7: 1}
Gate position gate updated to [12 16]--------------c
Trying to moving ion 16... to 13
Ion assignment after moving ion 16: {0: 12, 1: 13, 2: 15, 3: 3, 4: 4, 5: 18, 6: 0, 7: 1}
Trying to solve brute-force congestion at gate [15, 3] with {0: 12, 1: 13, 2: 15, 3: 3, 4: 4, 5: 18, 6: 0, 7: 1}
Trying to moving ion 3... to 3
Ion assignment after moving ion 3: {0: 12, 1: 13, 2: 15, 3: 3, 4: 4, 5: 18, 6: 0, 7: 1}
Gate position gate updated to [ 3 15]--------------c
Trying to moving ion 15... to 4
Ion assignment after moving ion 15: {0: 12, 1: 13, 2: 4, 3: 3, 4: 5, 5: 18, 6: 0, 7: 1}
Trying to solve brute-force congestion at gate [4, 3] with {0: 12, 1: 13, 2: 4, 3: 3, 4: 5, 5: 18, 6: 0, 7: 1}
Trying to moving ion 4... to 3
Ion assignment after moving ion 4: {0: 12, 1: 13, 2: 3, 3: 4, 4: 5, 5: 18, 6: 0, 7: 1}
Clearing endpoint 5.........
Gate position gate updated to [3 4]--------------c
Trying to moving ion 4... to 4
Ion assignment after moving ion 4: {0: 12, 1: 13, 2: 3, 3: 4, 4: 20, 5: 18, 6: 0, 7: 1}
Trying to solve brute-force congestion at gate [20, 18] with {0: 12, 1: 13, 2: 3, 3: 4, 4: 20, 5: 18, 6: 0, 7: 1}
Trying to moving ion 18... to 15
Ion assignment after moving ion 18: {0: 12, 1: 13, 2: 3, 3: 4, 4: 20, 5: 15, 6: 0, 7: 1}
Gate position gate updated to [15 20]--------------c
Trying to moving ion 20... to 16
Ion assignment after moving ion 20: {0: 12, 1: 13, 2: 3, 3: 4, 4: 16, 5: 15, 6: 0, 7: 1}
Trying to solve brute-force congestion at gate [16, 15] with {0: 12, 1: 13, 2: 3, 3: 4, 4: 16, 5: 15, 6: 0, 7: 1}
Trying to moving ion 16... to 15
Ion assignment after moving ion 16: {0: 12, 1: 13, 2: 3, 3: 4, 4: 15, 5: 16, 6: 0, 7: 1}
Gate position gate updated to [15 16]--------------c
Trying to moving ion 16... to 16
Ion assignment after moving ion 16: {0: 12, 1: 13, 2: 3, 3: 4, 4: 15, 5: 16, 6: 0, 7: 1}
Executing gate at point (0, 2).
Executing gate at point (0, 4).
Executing gate at point (0, 6).
Executing gate at point (0, 0).
Executing gate at point (1, 2).
Executing gate at point (1, 4).
Executing gate at point (1, 0).
Executing gate at point (1, 6).
Best move: (13, 14)
Best move: (14, 21)
Best move: (20, 21)
Best move: (5, 20)
Executing gate at point (2, 1).
Executing gate at point (3, 1).
Best move: (5, 20)
Best move: (4, 5)
Best move: (15, 16)
Best move: (15, 16)
Best move: (15, 16)
Try bruteforce due to repeated pattern...
Trying to solve brute-force congestion at gate [5, 16] with {0: 12, 1: 20, 2: 3, 3: 5, 4: 16, 5: 15, 6: 0, 7: 1}Input filename:  TFXY_wsq_n8_s100_compiled
Algorithm:  SHAW
Trap type:  G2x3
Trap capacity:  3
Num layout passes:  2
Gate type:  FM
Run index:  9
Creating a QCCD machine ...
QCCD physical machine:
### Traps ### 
Trap(id='trap_0', max_num_ions=3, initial_num_ions=0, executable=True, measureable=True)
Trap(id='trap_1', max_num_ions=3, initial_num_ions=0, executable=True, measureable=True)
Trap(id='trap_2', max_num_ions=3, initial_num_ions=0, executable=True, measureable=True)
Trap(id='trap_3', max_num_ions=3, initial_num_ions=0, executable=True, measureable=True)
Trap(id='trap_4', max_num_ions=3, initial_num_ions=0, executable=True, measureable=True)
Trap(id='trap_5', max_num_ions=3, initial_num_ions=0, executable=True, measureable=True)
### Junctions ### 
Junction(id='junction_0')
Junction(id='junction_1')
Junction(id='junction_2')
### Segments ### 
Segment(id='segment_0', left=Trap(id='trap_0', max_num_ions=3, initial_num_ions=0, executable=True, measureable=True), right=Junction(id='junction_0'))
Segment(id='segment_1', left=Trap(id='trap_5', max_num_ions=3, initial_num_ions=0, executable=True, measureable=True), right=Junction(id='junction_0'))
Segment(id='segment_2', left=Trap(id='trap_1', max_num_ions=3, initial_num_ions=0, executable=True, measureable=True), right=Junction(id='junction_1'))
Segment(id='segment_3', left=Trap(id='trap_4', max_num_ions=3, initial_num_ions=0, executable=True, measureable=True), right=Junction(id='junction_1'))
Segment(id='segment_4', left=Trap(id='trap_2', max_num_ions=3, initial_num_ions=0, executable=True, measureable=True), right=Junction(id='junction_2'))
Segment(id='segment_5', left=Trap(id='trap_3', max_num_ions=3, initial_num_ions=0, executable=True, measureable=True), right=Junction(id='junction_2'))
Segment(id='segment_6', left=Junction(id='junction_0'), right=Junction(id='junction_1'))
Segment(id='segment_7', left=Junction(id='junction_1'), right=Junction(id='junction_2'))
Finished creating the QCCD physical machine.
Position graph:  CouplingGraph({(3, 4), (12, 13), (22, 23), (21, 25), (23, 25), (11, 23), (13, 14), (19, 24), (18, 19), (4, 5), (20, 25), (21, 24), (22, 25), (14, 21), (0, 1), (9, 10), (1, 2), (10, 11), (6, 7), (15, 16), (24, 25), (18, 24), (20, 21), (20, 24), (17, 19), (5, 20), (8, 22), (2, 18), (7, 8), (16, 17)})
Initial ion assignment:  {0: 17, 1: 16, 2: 14, 3: 6, 4: 3, 5: 1, 6: 13, 7: 15}
Congestion rate:  1.0
Scheduling QCCD: 7800.000000000004 us, costing 44.00497410004027 s to compile
0.007800000000000003
44.00497410004027
{0: 12, 1: 13, 2: 3, 3: 4, 4: 15, 5: 16, 6: 0, 7: 1}
[0, 1, 2, 3, 4, 5, 6, 7]
