Best move: (1, 12)
Best move: (7, 17)
Best move: (9, 15)
Best move: (17, 19)
Best move: (18, 19)
Best move: (2, 3)
Try bruteforce due to multiple steps (6) to solve one gate
Trying to solve brute-force congestion at gate [12, 18] with {0: 3, 1: 12, 2: 8, 3: 10, 4: 6, 5: 18, 6: 15, 7: 4}
Trying to moving ion 12... to 0
Ion assignment after moving ion 12: {0: 3, 1: 0, 2: 8, 3: 10, 4: 6, 5: 18, 6: 15, 7: 4}
Gate position gate updated to [ 0 18]--------------c
Trying to moving ion 18... to 1
Ion assignment after moving ion 18: {0: 3, 1: 0, 2: 8, 3: 10, 4: 6, 5: 1, 6: 15, 7: 4}
Executing gate at point (0, 1).
Best move: (1, 12)
Best move: (12, 18)
Best move: (18, 19)
Best move: (8, 9)
Best move: (8, 9)
Best move: (18, 19)
Try bruteforce due to multiple steps (6) to solve one gate
Trying to solve brute-force congestion at gate [8, 18] with {0: 3, 1: 0, 2: 8, 3: 10, 4: 6, 5: 18, 6: 15, 7: 4}
Trying to moving ion 8... to 8
Ion assignment after moving ion 8: {0: 3, 1: 0, 2: 8, 3: 10, 4: 6, 5: 18, 6: 15, 7: 4}
Gate position gate updated to [ 8 18]--------------c
Trying to moving ion 18... to 9
Ion assignment after moving ion 18: {0: 3, 1: 0, 2: 8, 3: 10, 4: 6, 5: 9, 6: 19, 7: 4}
Executing gate at point (1, 2).
Best move: (18, 19)
Best move: (13, 18)
Best move: (3, 14)
Best move: (14, 19)
Best move: (16, 19)
Best move: (11, 13)
Try bruteforce due to multiple steps (6) to solve one gate
Trying to solve brute-force congestion at gate [16, 4] with {0: 16, 1: 0, 2: 8, 3: 10, 4: 6, 5: 9, 6: 11, 7: 4}
Trying to moving ion 4... to 4
Ion assignment after moving ion 4: {0: 16, 1: 0, 2: 8, 3: 10, 4: 6, 5: 9, 6: 11, 7: 4}
Gate position gate updated to [ 4 16]--------------c
Trying to moving ion 16... to 5
Ion assignment after moving ion 16: {0: 5, 1: 0, 2: 8, 3: 10, 4: 6, 5: 9, 6: 11, 7: 4}
Executing gate at point (0, 0).
Executing gate at point (0, 3).
Best move: (11, 13)
Best move: (4, 5)
Best move: (5, 16)
Best move: (16, 19)
Best move: (18, 19)
Best move: (12, 18)
Try bruteforce due to multiple steps (6) to solve one gate
Trying to solve brute-force congestion at gate [0, 12] with {0: 4, 1: 0, 2: 8, 3: 10, 4: 6, 5: 9, 6: 13, 7: 12}
Trying to moving ion 0... to 0
Ion assignment after moving ion 0: {0: 4, 1: 0, 2: 8, 3: 10, 4: 6, 5: 9, 6: 13, 7: 12}
Gate position gate updated to [ 0 12]--------------c
Trying to moving ion 12... to 1
Ion assignment after moving ion 12: {0: 4, 1: 0, 2: 8, 3: 10, 4: 6, 5: 9, 6: 13, 7: 1}
Executing gate at point (1, 1).
Best move: (1, 12)
Best move: (12, 18)
Best move: (10, 11)
Best move: (10, 11)
Best move: (12, 18)
Best move: (12, 18)
Try bruteforce due to multiple steps (6) to solve one gate
Trying to solve brute-force congestion at gate [10, 18] with {0: 4, 1: 0, 2: 8, 3: 10, 4: 6, 5: 9, 6: 13, 7: 18}
Trying to moving ion 10... to 10
Ion assignment after moving ion 10: {0: 4, 1: 0, 2: 8, 3: 10, 4: 6, 5: 9, 6: 13, 7: 18}
Gate position gate updated to [10 18]--------------c
Trying to moving ion 18... to 11
Ion assignment after moving ion 18: {0: 4, 1: 0, 2: 8, 3: 10, 4: 6, 5: 9, 6: 12, 7: 11}
Executing gate at point (2, 3).
Best move: (12, 18)
Best move: (18, 19)
Best move: (17, 19)
Best move: (7, 17)
Executing gate at point (1, 4).
Best move: (11, 13)
Best move: (13, 18)
Best move: (6, 7)
Best move: (7, 17)
Best move: (17, 19)
Best move: (14, 18)
Try bruteforce due to multiple steps (6) to solve one gate
Trying to solve brute-force congestion at gate [19, 14] with {0: 4, 1: 0, 2: 8, 3: 10, 4: 19, 5: 9, 6: 6, 7: 14}
Trying to moving ion 14... to 2
Ion assignment after moving ion 14: {0: 4, 1: 0, 2: 8, 3: 10, 4: 19, 5: 9, 6: 6, 7: 2}
Gate position gate updated to [ 2 19]--------------c
Trying to moving ion 19... to 3
Ion assignment after moving ion 19: {0: 4, 1: 0, 2: 8, 3: 10, 4: 3, 5: 9, 6: 6, 7: 2}
Executing gate at point (3, 4).
Trying to solve brute-force congestion at gate [9, 2] with {0: 4, 1: 0, 2: 8, 3: 10, 4: 3, 5: 9, 6: 6, 7: 2}
Trying to moving ion 2... to 2
Ion assignment after moving ion 2: {0: 4, 1: 0, 2: 8, 3: 10, 4: 3, 5: 9, 6: 6, 7: 2}
Clearing endpoint 3.........
Gate position gate updated to [2 9]--------------c
Trying to moving ion 9... to 3
Ion assignment after moving ion 9: {0: 4, 1: 0, 2: 8, 3: 10, 4: 19, 5: 3, 6: 6, 7: 2}
Executing gate at point (4, 5).
Trying to solve brute-force congestion at gate [14, 2] with {0: 4, 1: 0, 2: 8, 3: 10, 4: 14, 5: 9, 6: 6, 7: 2}
Trying to moving ion 2... to 2
Ion assignment after moving ion 2: {0: 4, 1: 0, 2: 8, 3: 10, 4: 14, 5: 9, 6: 6, 7: 2}
Gate position gate updated to [ 2 14]--------------c
Trying to moving ion 14... to 3
Ion assignment after moving ion 14: {0: 4, 1: 0, 2: 8, 3: 10, 4: 3, 5: 9, 6: 6, 7: 2}
Trying to solve brute-force congestion at gate [10, 2] with {0: 4, 1: 0, 2: 8, 3: 10, 4: 3, 5: 9, 6: 6, 7: 2}
Trying to moving ion 10... to 10
Ion assignment after moving ion 10: {0: 4, 1: 0, 2: 8, 3: 10, 4: 3, 5: 9, 6: 6, 7: 2}
Gate position gate updated to [10  2]--------------c
Trying to moving ion 2... to 11
Ion assignment after moving ion 2: {0: 4, 1: 0, 2: 8, 3: 10, 4: 2, 5: 9, 6: 6, 7: 11}
Trying to solve brute-force congestion at gate [0, 11] with {0: 4, 1: 0, 2: 8, 3: 10, 4: 2, 5: 9, 6: 6, 7: 11}
Trying to moving ion 0... to 0
Ion assignment after moving ion 0: {0: 4, 1: 0, 2: 8, 3: 10, 4: 2, 5: 9, 6: 6, 7: 11}
Gate position gate updated to [ 0 11]--------------c
Trying to moving ion 11... to 1
Ion assignment after moving ion 11: {0: 4, 1: 0, 2: 8, 3: 10, 4: 2, 5: 9, 6: 6, 7: 1}
Trying to solve brute-force congestion at gate [0, 9] with {0: 4, 1: 0, 2: 8, 3: 10, 4: 2, 5: 9, 6: 6, 7: 1}
Trying to moving ion 0... to 0
Ion assignment after moving ion 0: {0: 4, 1: 0, 2: 8, 3: 10, 4: 2, 5: 9, 6: 6, 7: 1}
Clearing endpoint 1.........
Gate position gate updated to [0 9]--------------c
Trying to moving ion 9... to 1
Ion assignment after moving ion 9: {0: 4, 1: 0, 2: 8, 3: 10, 4: 2, 5: 1, 6: 6, 7: 13}
Trying to solve brute-force congestion at gate [2, 6] with {0: 4, 1: 0, 2: 8, 3: 10, 4: 2, 5: 1, 6: 6, 7: 13}
Trying to moving ion 2... to 2
Ion assignment after moving ion 2: {0: 4, 1: 0, 2: 8, 3: 10, 4: 2, 5: 1, 6: 6, 7: 13}
Gate position gate updated to [2 6]--------------c
Trying to moving ion 6... to 3
Ion assignment after moving ion 6: {0: 4, 1: 0, 2: 8, 3: 10, 4: 2, 5: 1, 6: 3, 7: 13}
Trying to solve brute-force congestion at gate [10, 3] with {0: 4, 1: 0, 2: 8, 3: 10, 4: 2, 5: 1, 6: 3, 7: 13}
Trying to moving ion 10... to 10
Ion assignment after moving ion 10: {0: 4, 1: 0, 2: 8, 3: 10, 4: 2, 5: 1, 6: 3, 7: 13}
Gate position gate updated to [10  3]--------------c
Trying to moving ion 3... to 11
Ion assignment after moving ion 3: {0: 4, 1: 0, 2: 8, 3: 10, 4: 2, 5: 1, 6: 11, 7: 12}
Trying to solve brute-force congestion at gate [4, 12] with {0: 4, 1: 0, 2: 8, 3: 10, 4: 2, 5: 1, 6: 11, 7: 12}
Trying to moving ion 4... to 4
Ion assignment after moving ion 4: {0: 4, 1: 0, 2: 8, 3: 10, 4: 2, 5: 1, 6: 11, 7: 12}
Gate position gate updated to [ 4 12]--------------c
Trying to moving ion 12... to 5
Ion assignment after moving ion 12: {0: 4, 1: 0, 2: 8, 3: 10, 4: 2, 5: 1, 6: 11, 7: 5}
Executing gate at point (0, 1).
Executing gate at point (0, 3).
Executing gate at point (0, 0).
Best move: (1, 12)
Best move: (5, 16)
Best move: (16, 19)
Best move: (11, 13)
Best move: (12, 18)
Best move: (15, 18)
Try bruteforce due to multiple steps (6) to solve one gate
Trying to solve brute-force congestion at gate [8, 15] with {0: 4, 1: 0, 2: 8, 3: 10, 4: 2, 5: 15, 6: 13, 7: 19}
Trying to moving ion 8... to 8
Ion assignment after moving ion 8: {0: 4, 1: 0, 2: 8, 3: 10, 4: 2, 5: 15, 6: 13, 7: 19}
Gate position gate updated to [ 8 15]--------------c
Trying to moving ion 15... to 9
Ion assignment after moving ion 15: {0: 4, 1: 0, 2: 8, 3: 10, 4: 2, 5: 9, 6: 13, 7: 19}
Executing gate at point (1, 2).
Best move: (18, 19)
Best move: (12, 18)
Best move: (13, 18)
Best move: (14, 18)
Best move: (1, 12)
Executing gate at point (1, 1).
Best move: (1, 12)
Best move: (12, 13)
Best move: (11, 13)
Executing gate at point (2, 3).
Best move: (3, 14)Input filename:  QAOA_wsq_8_compiled
Algorithm:  SHAPER
Trap type:  G2x3
Trap capacity:  2
Num layout passes:  2
Gate type:  FM
Run index:  5
Creating a QCCD machine ...
QCCD physical machine:
### Traps ### 
Trap(id='trap_0', max_num_ions=2, initial_num_ions=0, executable=True, measureable=True)
Trap(id='trap_1', max_num_ions=2, initial_num_ions=0, executable=True, measureable=True)
Trap(id='trap_2', max_num_ions=2, initial_num_ions=0, executable=True, measureable=True)
Trap(id='trap_3', max_num_ions=2, initial_num_ions=0, executable=True, measureable=True)
Trap(id='trap_4', max_num_ions=2, initial_num_ions=0, executable=True, measureable=True)
Trap(id='trap_5', max_num_ions=2, initial_num_ions=0, executable=True, measureable=True)
### Junctions ### 
Junction(id='junction_0')
Junction(id='junction_1')
Junction(id='junction_2')
### Segments ### 
Segment(id='segment_0', left=Trap(id='trap_0', max_num_ions=2, initial_num_ions=0, executable=True, measureable=True), right=Junction(id='junction_0'))
Segment(id='segment_1', left=Trap(id='trap_5', max_num_ions=2, initial_num_ions=0, executable=True, measureable=True), right=Junction(id='junction_0'))
Segment(id='segment_2', left=Trap(id='trap_1', max_num_ions=2, initial_num_ions=0, executable=True, measureable=True), right=Junction(id='junction_1'))
Segment(id='segment_3', left=Trap(id='trap_4', max_num_ions=2, initial_num_ions=0, executable=True, measureable=True), right=Junction(id='junction_1'))
Segment(id='segment_4', left=Trap(id='trap_2', max_num_ions=2, initial_num_ions=0, executable=True, measureable=True), right=Junction(id='junction_2'))
Segment(id='segment_5', left=Trap(id='trap_3', max_num_ions=2, initial_num_ions=0, executable=True, measureable=True), right=Junction(id='junction_2'))
Segment(id='segment_6', left=Junction(id='junction_0'), right=Junction(id='junction_1'))
Segment(id='segment_7', left=Junction(id='junction_1'), right=Junction(id='junction_2'))
Finished creating the QCCD physical machine.
Position graph:  CouplingGraph({(7, 17), (12, 13), (14, 19), (8, 9), (5, 16), (1, 12), (16, 19), (18, 19), (4, 5), (14, 18), (12, 18), (14, 15), (0, 1), (10, 11), (11, 13), (6, 7), (15, 19), (3, 14), (17, 19), (9, 15), (2, 3), (13, 18), (15, 18), (16, 17)})
Initial ion assignment:  {0: 2, 1: 1, 2: 8, 3: 10, 4: 6, 5: 7, 6: 9, 7: 4}
Congestion rate:  1.0
Scheduling QCCD: 2200.0000000000005 us, costing 6.075526300002821 s to compile
0.0022
6.075526300002821
{0: 4, 1: 0, 2: 8, 3: 10, 4: 2, 5: 1, 6: 11, 7: 5}
[0, 1, 2, 3, 4, 5, 6, 7]
