Best move: (11, 23)
Best move: (23, 25)
Best move: (24, 25)
Best move: (18, 24)
Best move: (8, 22)
Best move: (22, 23)
Best move: (11, 23)
Executing gate at point (0, 0).
Best move: (1, 2)
Best move: (2, 18)
Executing gate at point (0, 3).
Executing gate at point (1, 4).
Best move: (7, 8)
Best move: (8, 22)
Best move: (22, 25)
Best move: (20, 25)
Best move: (5, 20)
Executing gate at point (0, 1).
Best move: (10, 11)
Best move: (11, 23)
Best move: (23, 25)
Best move: (20, 25)
Best move: (4, 5)
Best move: (12, 13)
Best move: (13, 14)
Best move: (14, 21)
Try bruteforce due to multiple steps (8) to solve one gate
Trying to solve brute-force congestion at gate [4, 20] with {0: 10, 1: 4, 2: 21, 3: 1, 4: 0, 5: 3, 6: 2, 7: 20}
Trying to moving ion 4... to 3
Ion assignment after moving ion 4: {0: 10, 1: 3, 2: 21, 3: 1, 4: 0, 5: 4, 6: 2, 7: 20}
Gate position gate updated to [ 3 20]--------------c
Trying to moving ion 20... to 4
Ion assignment after moving ion 20: {0: 10, 1: 3, 2: 21, 3: 1, 4: 0, 5: 5, 6: 2, 7: 4}
Executing gate at point (1, 1).
Best move: (5, 20)
Best move: (1, 2)
Best move: (2, 18)
Best move: (18, 24)
Best move: (24, 25)
Best move: (14, 21)
Best move: (20, 21)
Best move: (20, 25)
Try bruteforce due to multiple steps (8) to solve one gate
Trying to solve brute-force congestion at gate [20, 4] with {0: 10, 1: 3, 2: 14, 3: 20, 4: 0, 5: 21, 6: 1, 7: 4}
Trying to moving ion 4... to 3
Ion assignment after moving ion 4: {0: 10, 1: 4, 2: 14, 3: 20, 4: 0, 5: 21, 6: 1, 7: 3}
Gate position gate updated to [ 3 20]--------------c
Trying to moving ion 20... to 4
Ion assignment after moving ion 20: {0: 10, 1: 5, 2: 14, 3: 4, 4: 0, 5: 21, 6: 1, 7: 3}
Executing gate at point (2, 3).
Best move: (3, 4)
Best move: (4, 5)
Best move: (5, 20)
Best move: (20, 24)
Best move: (18, 24)
Best move: (13, 14)
Best move: (14, 21)
Executing gate at point (1, 2).
Best move: (2, 18)
Executing gate at point (3, 4).
Best move: (2, 18)
Best move: (18, 24)
Best move: (21, 24)
Best move: (13, 14)
Best move: (12, 13)
Best move: (12, 13)
Try bruteforce due to repeated pattern...
Trying to solve brute-force congestion at gate [13, 21] with {0: 10, 1: 4, 2: 14, 3: 3, 4: 0, 5: 13, 6: 1, 7: 21}
Trying to moving ion 13... to 12
Ion assignment after moving ion 13: {0: 10, 1: 4, 2: 14, 3: 3, 4: 0, 5: 12, 6: 1, 7: 21}
Clearing endpoint 14.........
Gate position gate updated to [12 21]--------------c
Trying to moving ion 21... to 13
Ion assignment after moving ion 21: {0: 10, 1: 4, 2: 14, 3: 3, 4: 0, 5: 12, 6: 1, 7: 13}
Executing gate at point (4, 5).
Trying to solve brute-force congestion at gate [3, 20] with {0: 10, 1: 4, 2: 13, 3: 3, 4: 0, 5: 12, 6: 1, 7: 20}
Trying to moving ion 3... to 3
Ion assignment after moving ion 3: {0: 10, 1: 4, 2: 13, 3: 3, 4: 0, 5: 12, 6: 1, 7: 20}
Gate position gate updated to [ 3 20]--------------c
Trying to moving ion 20... to 4
Ion assignment after moving ion 20: {0: 10, 1: 5, 2: 13, 3: 3, 4: 0, 5: 12, 6: 1, 7: 4}
Trying to solve brute-force congestion at gate [5, 4] with {0: 10, 1: 5, 2: 13, 3: 3, 4: 0, 5: 12, 6: 1, 7: 4}
Trying to moving ion 5... to 3
Ion assignment after moving ion 5: {0: 10, 1: 3, 2: 13, 3: 4, 4: 0, 5: 12, 6: 1, 7: 5}
Gate position gate updated to [3 5]--------------c
Trying to moving ion 5... to 4
Ion assignment after moving ion 5: {0: 10, 1: 3, 2: 13, 3: 5, 4: 0, 5: 12, 6: 1, 7: 4}
Trying to solve brute-force congestion at gate [3, 12] with {0: 10, 1: 3, 2: 13, 3: 5, 4: 0, 5: 12, 6: 1, 7: 4}
Trying to moving ion 12... to 12
Ion assignment after moving ion 12: {0: 10, 1: 3, 2: 13, 3: 5, 4: 0, 5: 12, 6: 1, 7: 4}
Gate position gate updated to [12  3]--------------c
Trying to moving ion 3... to 13
Ion assignment after moving ion 3: {0: 10, 1: 13, 2: 14, 3: 4, 4: 0, 5: 12, 6: 1, 7: 3}
Trying to solve brute-force congestion at gate [4, 1] with {0: 10, 1: 13, 2: 14, 3: 4, 4: 0, 5: 12, 6: 1, 7: 3}
Trying to moving ion 1... to 0
Ion assignment after moving ion 1: {0: 10, 1: 13, 2: 14, 3: 4, 4: 1, 5: 12, 6: 0, 7: 3}
Gate position gate updated to [0 4]--------------c
Trying to moving ion 4... to 1
Ion assignment after moving ion 4: {0: 10, 1: 13, 2: 14, 3: 1, 4: 2, 5: 12, 6: 0, 7: 3}
Trying to solve brute-force congestion at gate [10, 3] with {0: 10, 1: 13, 2: 14, 3: 1, 4: 2, 5: 12, 6: 0, 7: 3}
Trying to moving ion 3... to 3
Ion assignment after moving ion 3: {0: 10, 1: 13, 2: 14, 3: 1, 4: 2, 5: 12, 6: 0, 7: 3}
Gate position gate updated to [ 3 10]--------------c
Trying to moving ion 10... to 4
Ion assignment after moving ion 10: {0: 4, 1: 13, 2: 14, 3: 1, 4: 2, 5: 12, 6: 0, 7: 3}
Executing gate at point (0, 1).
Executing gate at point (0, 3).
Executing gate at point (0, 0).
Executing gate at point (1, 2).
Executing gate at point (1, 4).
Best move: (13, 14)
Best move: (14, 21)
Best move: (20, 21)
Best move: (3, 4)
Best move: (5, 20)
Executing gate at point (1, 1).
Best move: (4, 5)
Best move: (5, 20)
Best move: (20, 24)
Best move: (1, 2)
Best move: (2, 18)
Best move: (18, 19)
Best move: (17, 19)
Best move: (19, 24)
Try bruteforce due to multiple steps (8) to solve one gate
Trying to solve brute-force congestion at gate [17, 19] with {0: 3, 1: 4, 2: 13, 3: 17, 4: 1, 5: 12, 6: 0, 7: 19}
Trying to moving ion 17... to 15
Ion assignment after moving ion 17: {0: 3, 1: 4, 2: 13, 3: 15, 4: 1, 5: 12, 6: 0, 7: 19}
Gate position gate updated to [15 19]--------------c
Trying to moving ion 19... to 16
Ion assignment after moving ion 19: {0: 3, 1: 4, 2: 13, 3: 15, 4: 1, 5: 12, 6: 0, 7: 16}
Executing gate at point (2, 3).
Best move: (16, 17)
Best move: (17, 19)
Best move: (18, 19)
Best move: (2, 18)
Executing gate at point (3, 4).
Best move: (2, 18)
Best move: (18, 24)
Best move: (21, 24)
Best move: (14, 21)
Executing gate at point (4, 5).
Trying to solve brute-force congestion at gate [4, 19] with {0: 3, 1: 4, 2: 13, 3: 15, 4: 1, 5: 12, 6: 0, 7: 19}
Trying to moving ion 4... to 3
Ion assignment after moving ion 4: {0: 4, 1: 3, 2: 13, 3: 15, 4: 1, 5: 12, 6: 0, 7: 19}
Gate position gate updated to [ 3 19]--------------c
Trying to moving ion 19... to 4
Ion assignment after moving ion 19: {0: 5, 1: 3, 2: 13, 3: 15, 4: 1, 5: 12, 6: 0, 7: 4}
Trying to solve brute-force congestion at gate [3, 12] with {0: 5, 1: 3, 2: 13, 3: 15, 4: 1, 5: 12, 6: 0, 7: 4}
Trying to moving ion 12... to 12
Ion assignment after moving ion 12: {0: 5, 1: 3, 2: 13, 3: 15, 4: 1, 5: 12, 6: 0, 7: 4}
Gate position gate updated to [12  3]--------------c
Trying to moving ion 3... to 13
Ion assignment after moving ion 3: {0: 4, 1: 13, 2: 14, 3: 15, 4: 1, 5: 12, 6: 0, 7: 3}
Trying to solve brute-force congestion at gate [15, 0] with {0: 4, 1: 13, 2: 14, 3: 15, 4: 1, 5: 12, 6: 0, 7: 3}
Trying to moving ion 0... to 0
Ion assignment after moving ion 0: {0: 4, 1: 13, 2: 14, 3: 15, 4: 1, 5: 12, 6: 0, 7: 3}
Gate position gate updated to [ 0 15]--------------c
Trying to moving ion 15... to 1
Ion assignment after moving ion 15: {0: 4, 1: 13, 2: 14, 3: 1, 4: 2, 5: 12, 6: 0, 7: 3}
Executing gate at point (0, 1).
Executing gate at point (0, 3).
Executing gate at point (0, 0).
Executing gate at point (1, 2).
Executing gate at point (1, 4).
Best move: (13, 14)
Best move: (14, 21)
Best move: (20, 21)
Best move: (3, 4)
Best move: (5, 20)
Executing gate at point (1, 1).
Best move: (4, 5)
Best move: (5, 20)
Best move: (20, 24)
Best move: (1, 2)
Best move: (2, 18)
Best move: (18, 19)
Best move: (17, 19)
Best move: (19, 24)
Try bruteforce due to multiple steps (8) to solve one gate
Trying to solve brute-force congestion at gate [17, 19] with {0: 3, 1: 4, 2: 13, 3: 17, 4: 1, 5: 12, 6: 0, 7: 19}
Trying to moving ion 17... to 15
Ion assignment after moving ion 17: {0: 3, 1: 4, 2: 13, 3: 15, 4: 1, 5: 12, 6: 0, 7: 19}
Gate position gate updated to [15 19]--------------c
Trying to moving ion 19... to 16
Ion assignment after moving ion 19: {0: 3, 1: 4, 2: 13, 3: 15, 4: 1, 5: 12, 6: 0, 7: 16}
Executing gate at point (2, 3).
Best move: (16, 17)
Best move: (17, 19)
Best move: (18, 19)
Best move: (2, 18)
Executing gate at point (3, 4).Input filename:  QAOA_8_compiled
Algorithm:  SHAPER
Trap type:  G2x3
Trap capacity:  3
Num layout passes:  2
Gate type:  FM
Run index:  8
Creating a QCCD machine ...
QCCD physical machine:
### Traps ### 
Trap(id='trap_0', max_num_ions=3, initial_num_ions=0, executable=True, measureable=True)
Trap(id='trap_1', max_num_ions=3, initial_num_ions=0, executable=True, measureable=True)
Trap(id='trap_2', max_num_ions=3, initial_num_ions=0, executable=True, measureable=True)
Trap(id='trap_3', max_num_ions=3, initial_num_ions=0, executable=True, measureable=True)
Trap(id='trap_4', max_num_ions=3, initial_num_ions=0, executable=True, measureable=True)
Trap(id='trap_5', max_num_ions=3, initial_num_ions=0, executable=True, measureable=True)
### Junctions ### 
Junction(id='junction_0')
Junction(id='junction_1')
Junction(id='junction_2')
### Segments ### 
Segment(id='segment_0', left=Trap(id='trap_0', max_num_ions=3, initial_num_ions=0, executable=True, measureable=True), right=Junction(id='junction_0'))
Segment(id='segment_1', left=Trap(id='trap_5', max_num_ions=3, initial_num_ions=0, executable=True, measureable=True), right=Junction(id='junction_0'))
Segment(id='segment_2', left=Trap(id='trap_1', max_num_ions=3, initial_num_ions=0, executable=True, measureable=True), right=Junction(id='junction_1'))
Segment(id='segment_3', left=Trap(id='trap_4', max_num_ions=3, initial_num_ions=0, executable=True, measureable=True), right=Junction(id='junction_1'))
Segment(id='segment_4', left=Trap(id='trap_2', max_num_ions=3, initial_num_ions=0, executable=True, measureable=True), right=Junction(id='junction_2'))
Segment(id='segment_5', left=Trap(id='trap_3', max_num_ions=3, initial_num_ions=0, executable=True, measureable=True), right=Junction(id='junction_2'))
Segment(id='segment_6', left=Junction(id='junction_0'), right=Junction(id='junction_1'))
Segment(id='segment_7', left=Junction(id='junction_1'), right=Junction(id='junction_2'))
Finished creating the QCCD physical machine.
Position graph:  CouplingGraph({(3, 4), (12, 13), (22, 23), (21, 25), (23, 25), (11, 23), (13, 14), (19, 24), (18, 19), (4, 5), (20, 25), (21, 24), (22, 25), (14, 21), (0, 1), (9, 10), (1, 2), (10, 11), (6, 7), (15, 16), (24, 25), (18, 24), (20, 21), (20, 24), (17, 19), (5, 20), (8, 22), (2, 18), (7, 8), (16, 17)})
Initial ion assignment:  {0: 8, 1: 7, 2: 12, 3: 2, 4: 0, 5: 3, 6: 11, 7: 10}
Congestion rate:  1.0
Scheduling QCCD: 400001920.0 us, costing 14.801572200027294 s to compile
400.00192
14.801572200027294
{0: 4, 1: 13, 2: 14, 3: 1, 4: 2, 5: 12, 6: 0, 7: 3}
[0, 1, 2, 3, 4, 5, 6, 7]
