Best move: (17, 19)
Best move: (2, 18)
Best move: (18, 24)
Best move: (5, 20)
Best move: (21, 24)
Best move: (19, 24)
Best move: (24, 25)
Best move: (22, 25)
Try bruteforce due to multiple steps (8) to solve one gate
Trying to solve brute-force congestion at gate [22, 7] with {0: 20, 1: 22, 2: 13, 3: 10, 4: 14, 5: 7, 6: 21, 7: 6}
Trying to moving ion 7... to 6
Ion assignment after moving ion 7: {0: 20, 1: 22, 2: 13, 3: 10, 4: 14, 5: 6, 6: 21, 7: 7}
Gate position gate updated to [ 6 22]--------------c
Trying to moving ion 22... to 7
Ion assignment after moving ion 22: {0: 20, 1: 7, 2: 13, 3: 10, 4: 14, 5: 6, 6: 21, 7: 8}
Executing gate at point (0, 1).
Best move: (8, 22)
Best move: (13, 14)
Best move: (21, 25)
Best move: (23, 25)
Best move: (14, 21)
Best move: (21, 25)
Best move: (11, 23)
Executing gate at point (0, 3).
Best move: (11, 23)
Best move: (5, 20)
Best move: (4, 5)
Best move: (3, 4)
Best move: (3, 4)
Best move: (3, 4)
Try bruteforce due to repeated pattern...
Trying to solve brute-force congestion at gate [3, 22] with {0: 3, 1: 7, 2: 25, 3: 10, 4: 13, 5: 6, 6: 23, 7: 22}
Trying to moving ion 3... to 3
Ion assignment after moving ion 3: {0: 3, 1: 7, 2: 25, 3: 10, 4: 13, 5: 6, 6: 23, 7: 22}
Gate position gate updated to [ 3 22]--------------c
Trying to moving ion 22... to 4
Ion assignment after moving ion 22: {0: 3, 1: 7, 2: 24, 3: 10, 4: 13, 5: 6, 6: 23, 7: 4}
Executing gate at point (0, 0).
Best move: (4, 5)
Best move: (5, 20)
Best move: (20, 25)
Best move: (22, 25)
Best move: (8, 22)
Executing gate at point (1, 1).
Best move: (8, 22)
Best move: (22, 25)
Best move: (22, 25)
Best move: (22, 25)
Try bruteforce due to repeated pattern...
Trying to solve brute-force congestion at gate [10, 25] with {0: 3, 1: 7, 2: 24, 3: 10, 4: 13, 5: 6, 6: 23, 7: 25}
Trying to moving ion 10... to 9
Ion assignment after moving ion 10: {0: 3, 1: 7, 2: 24, 3: 9, 4: 13, 5: 6, 6: 23, 7: 25}
Gate position gate updated to [ 9 25]--------------c
Trying to moving ion 25... to 10
Ion assignment after moving ion 25: {0: 3, 1: 7, 2: 24, 3: 9, 4: 13, 5: 6, 6: 22, 7: 10}
Executing gate at point (2, 3).
Best move: (22, 25)
Best move: (21, 25)
Best move: (14, 21)
Executing gate at point (1, 4).
Best move: (24, 25)
Best move: (22, 25)
Best move: (13, 14)
Best move: (14, 21)
Best move: (21, 25)
Best move: (23, 25)
Best move: (11, 23)
Executing gate at point (3, 4).
Best move: (6, 7)
Best move: (6, 7)
Best move: (8, 22)
Executing gate at point (1, 2).
Best move: (6, 7)
Best move: (10, 11)
Best move: (11, 23)
Best move: (7, 8)
Best move: (8, 22)
Best move: (22, 25)
Best move: (22, 23)
Best move: (22, 23)
Try bruteforce due to multiple steps (8) to solve one gate
Trying to solve brute-force congestion at gate [25, 23] with {0: 3, 1: 6, 2: 7, 3: 9, 4: 10, 5: 25, 6: 13, 7: 23}
Trying to moving ion 23... to 9
Ion assignment after moving ion 23: {0: 3, 1: 6, 2: 7, 3: 10, 4: 11, 5: 25, 6: 13, 7: 9}
Clearing endpoint 11.........
Gate position gate updated to [ 9 25]--------------c
Trying to moving ion 25... to 10
Ion assignment after moving ion 25: {0: 3, 1: 6, 2: 7, 3: 11, 4: 22, 5: 10, 6: 13, 7: 9}
Executing gate at point (4, 5).
Trying to solve brute-force congestion at gate [23, 9] with {0: 3, 1: 6, 2: 7, 3: 10, 4: 23, 5: 8, 6: 13, 7: 9}
Trying to moving ion 9... to 9
Ion assignment after moving ion 9: {0: 3, 1: 6, 2: 7, 3: 10, 4: 23, 5: 8, 6: 13, 7: 9}
Gate position gate updated to [ 9 23]--------------c
Trying to moving ion 23... to 10
Ion assignment after moving ion 23: {0: 3, 1: 6, 2: 7, 3: 11, 4: 10, 5: 8, 6: 13, 7: 9}
Trying to solve brute-force congestion at gate [11, 9] with {0: 3, 1: 6, 2: 7, 3: 11, 4: 10, 5: 8, 6: 13, 7: 9}
Trying to moving ion 11... to 9
Ion assignment after moving ion 11: {0: 3, 1: 6, 2: 7, 3: 9, 4: 11, 5: 8, 6: 13, 7: 10}
Clearing endpoint 11.........
Gate position gate updated to [ 9 10]--------------c
Trying to moving ion 10... to 10
Ion assignment after moving ion 10: {0: 3, 1: 6, 2: 7, 3: 9, 4: 23, 5: 8, 6: 13, 7: 10}
Trying to solve brute-force congestion at gate [6, 10] with {0: 3, 1: 6, 2: 7, 3: 9, 4: 23, 5: 8, 6: 13, 7: 10}
Trying to moving ion 6... to 6
Ion assignment after moving ion 6: {0: 3, 1: 6, 2: 7, 3: 9, 4: 23, 5: 8, 6: 13, 7: 10}
Clearing endpoint 8.........
Gate position gate updated to [ 6 10]--------------c
Trying to moving ion 10... to 7
Ion assignment after moving ion 10: {0: 3, 1: 6, 2: 8, 3: 9, 4: 24, 5: 25, 6: 13, 7: 7}
Trying to solve brute-force congestion at gate [6, 25] with {0: 3, 1: 6, 2: 8, 3: 9, 4: 24, 5: 25, 6: 13, 7: 7}
Trying to moving ion 6... to 6
Ion assignment after moving ion 6: {0: 3, 1: 6, 2: 8, 3: 9, 4: 24, 5: 25, 6: 13, 7: 7}
Clearing endpoint 8.........
Gate position gate updated to [ 6 25]--------------c
Trying to moving ion 25... to 7
Ion assignment after moving ion 25: {0: 3, 1: 6, 2: 23, 3: 9, 4: 24, 5: 7, 6: 13, 7: 8}
Trying to solve brute-force congestion at gate [24, 13] with {0: 3, 1: 6, 2: 23, 3: 9, 4: 24, 5: 7, 6: 13, 7: 8}
Trying to moving ion 13... to 12
Ion assignment after moving ion 13: {0: 3, 1: 6, 2: 23, 3: 9, 4: 24, 5: 7, 6: 12, 7: 8}
Gate position gate updated to [12 24]--------------c
Trying to moving ion 24... to 13
Ion assignment after moving ion 24: {0: 3, 1: 6, 2: 23, 3: 9, 4: 13, 5: 7, 6: 12, 7: 8}
Trying to solve brute-force congestion at gate [9, 12] with {0: 3, 1: 6, 2: 23, 3: 9, 4: 13, 5: 7, 6: 12, 7: 8}
Trying to moving ion 12... to 12
Ion assignment after moving ion 12: {0: 3, 1: 6, 2: 23, 3: 9, 4: 13, 5: 7, 6: 12, 7: 8}
Gate position gate updated to [12  9]--------------c
Trying to moving ion 9... to 13
Ion assignment after moving ion 9: {0: 3, 1: 6, 2: 20, 3: 13, 4: 14, 5: 7, 6: 12, 7: 8}
Trying to solve brute-force congestion at gate [3, 8] with {0: 3, 1: 6, 2: 20, 3: 13, 4: 14, 5: 7, 6: 12, 7: 8}
Trying to moving ion 3... to 3
Ion assignment after moving ion 3: {0: 3, 1: 6, 2: 20, 3: 13, 4: 14, 5: 7, 6: 12, 7: 8}
Gate position gate updated to [3 8]--------------c
Trying to moving ion 8... to 4
Ion assignment after moving ion 8: {0: 3, 1: 6, 2: 24, 3: 13, 4: 14, 5: 7, 6: 12, 7: 4}
Executing gate at point (0, 1).
Executing gate at point (0, 3).
Executing gate at point (0, 0).
Executing gate at point (1, 4).
Best move: (24, 25)
Best move: (22, 25)
Best move: (8, 22)
Executing gate at point (1, 2).
Best move: (6, 7)
Best move: (7, 8)
Best move: (8, 22)
Best move: (22, 25)
Best move: (20, 25)
Best move: (5, 20)
Executing gate at point (1, 1).
Best move: (4, 5)
Best move: (5, 20)
Best move: (20, 25)
Best move: (13, 14)
Best move: (14, 21)
Best move: (21, 24)
Best move: (19, 24)
Best move: (24, 25)
Try bruteforce due to multiple steps (8) to solve one gate
Trying to solve brute-force congestion at gate [19, 24] with {0: 3, 1: 4, 2: 7, 3: 19, 4: 13, 5: 6, 6: 12, 7: 24}
Trying to moving ion 19... to 15
Ion assignment after moving ion 19: {0: 3, 1: 4, 2: 7, 3: 15, 4: 13, 5: 6, 6: 12, 7: 24}
Gate position gate updated to [15 24]--------------c
Trying to moving ion 24... to 16
Ion assignment after moving ion 24: {0: 3, 1: 4, 2: 7, 3: 15, 4: 13, 5: 6, 6: 12, 7: 16}
Executing gate at point (2, 3).
Best move: (16, 17)
Best move: (17, 19)
Best move: (19, 24)
Best move: (21, 24)
Best move: (14, 21)
Executing gate at point (3, 4).
Best move: (14, 21)
Best move: (21, 25)
Best move: (22, 25)
Best move: (8, 22)
Executing gate at point (4, 5).
Trying to solve brute-force congestion at gate [15, 17] with {0: 3, 1: 4, 2: 7, 3: 15, 4: 13, 5: 6, 6: 12, 7: 17}
Trying to moving ion 15... to 15
Ion assignment after moving ion 15: {0: 3, 1: 4, 2: 7, 3: 15, 4: 13, 5: 6, 6: 12, 7: 17}
Gate position gate updated to [15 17]--------------c
Trying to moving ion 17... to 16
Ion assignment after moving ion 17: {0: 3, 1: 4, 2: 7, 3: 15, 4: 13, 5: 6, 6: 12, 7: 16}
Trying to solve brute-force congestion at gate [4, 16] with {0: 3, 1: 4, 2: 7, 3: 15, 4: 13, 5: 6, 6: 12, 7: 16}
Trying to moving ion 4... to 3
Ion assignment after moving ion 4: {0: 4, 1: 3, 2: 7, 3: 15, 4: 13, 5: 6, 6: 12, 7: 16}
Gate position gate updated to [ 3 16]--------------cInput filename:  QAOA_wsq_8_compiled
Algorithm:  SHAPER
Trap type:  G2x3
Trap capacity:  3
Num layout passes:  2
Gate type:  FM
Run index:  5
Creating a QCCD machine ...
QCCD physical machine:
### Traps ### 
Trap(id='trap_0', max_num_ions=3, initial_num_ions=0, executable=True, measureable=True)
Trap(id='trap_1', max_num_ions=3, initial_num_ions=0, executable=True, measureable=True)
Trap(id='trap_2', max_num_ions=3, initial_num_ions=0, executable=True, measureable=True)
Trap(id='trap_3', max_num_ions=3, initial_num_ions=0, executable=True, measureable=True)
Trap(id='trap_4', max_num_ions=3, initial_num_ions=0, executable=True, measureable=True)
Trap(id='trap_5', max_num_ions=3, initial_num_ions=0, executable=True, measureable=True)
### Junctions ### 
Junction(id='junction_0')
Junction(id='junction_1')
Junction(id='junction_2')
### Segments ### 
Segment(id='segment_0', left=Trap(id='trap_0', max_num_ions=3, initial_num_ions=0, executable=True, measureable=True), right=Junction(id='junction_0'))
Segment(id='segment_1', left=Trap(id='trap_5', max_num_ions=3, initial_num_ions=0, executable=True, measureable=True), right=Junction(id='junction_0'))
Segment(id='segment_2', left=Trap(id='trap_1', max_num_ions=3, initial_num_ions=0, executable=True, measureable=True), right=Junction(id='junction_1'))
Segment(id='segment_3', left=Trap(id='trap_4', max_num_ions=3, initial_num_ions=0, executable=True, measureable=True), right=Junction(id='junction_1'))
Segment(id='segment_4', left=Trap(id='trap_2', max_num_ions=3, initial_num_ions=0, executable=True, measureable=True), right=Junction(id='junction_2'))
Segment(id='segment_5', left=Trap(id='trap_3', max_num_ions=3, initial_num_ions=0, executable=True, measureable=True), right=Junction(id='junction_2'))
Segment(id='segment_6', left=Junction(id='junction_0'), right=Junction(id='junction_1'))
Segment(id='segment_7', left=Junction(id='junction_1'), right=Junction(id='junction_2'))
Finished creating the QCCD physical machine.
Position graph:  CouplingGraph({(3, 4), (12, 13), (22, 23), (21, 25), (23, 25), (11, 23), (13, 14), (19, 24), (18, 19), (4, 5), (20, 25), (21, 24), (22, 25), (14, 21), (0, 1), (9, 10), (1, 2), (10, 11), (6, 7), (15, 16), (24, 25), (18, 24), (20, 21), (20, 24), (17, 19), (5, 20), (8, 22), (2, 18), (7, 8), (16, 17)})
Initial ion assignment:  {0: 5, 1: 17, 2: 13, 3: 10, 4: 14, 5: 7, 6: 2, 7: 6}
Congestion rate:  1.0
Scheduling QCCD: 2640.0000000000005 us, costing 19.62070460000541 s to compile
0.0026400000000000004
19.62070460000541
{0: 4, 1: 7, 2: 8, 3: 13, 4: 14, 5: 6, 6: 12, 7: 3}
[0, 1, 2, 3, 4, 5, 6, 7]
