Best move: (17, 19)
Best move: (18, 19)
Best move: (14, 21)
Best move: (21, 24)
Best move: (19, 24)
Best move: (17, 19)
Executing gate at point (0, 0).
Best move: (1, 2)
Best move: (5, 20)
Best move: (20, 24)
Best move: (13, 14)
Best move: (14, 21)
Best move: (20, 21)
Best move: (5, 20)
Executing gate at point (0, 4).
Best move: (0, 1)
Best move: (0, 1)
Best move: (0, 1)
Best move: (19, 24)
Best move: (19, 24)
Try bruteforce due to repeated pattern...
Trying to solve brute-force congestion at gate [1, 24] with {0: 17, 1: 15, 2: 1, 3: 24, 4: 3, 5: 5, 6: 18, 7: 0}
Trying to moving ion 1... to 0
Ion assignment after moving ion 1: {0: 17, 1: 15, 2: 0, 3: 24, 4: 3, 5: 5, 6: 18, 7: 1}
Gate position gate updated to [ 0 24]--------------c
Trying to moving ion 24... to 1
Ion assignment after moving ion 24: {0: 17, 1: 15, 2: 0, 3: 1, 4: 3, 5: 5, 6: 19, 7: 2}
Executing gate at point (0, 2).
Best move: (2, 18)
Best move: (19, 24)
Best move: (18, 19)
Best move: (21, 24)
Best move: (19, 24)
Best move: (24, 25)
Best move: (15, 16)
Best move: (16, 17)
Try bruteforce due to multiple steps (8) to solve one gate
Trying to solve brute-force congestion at gate [17, 0] with {0: 16, 1: 17, 2: 0, 3: 1, 4: 3, 5: 5, 6: 21, 7: 25}
Trying to moving ion 0... to 0
Ion assignment after moving ion 0: {0: 16, 1: 17, 2: 0, 3: 1, 4: 3, 5: 5, 6: 21, 7: 25}
Gate position gate updated to [ 0 17]--------------c
Trying to moving ion 17... to 1
Ion assignment after moving ion 17: {0: 16, 1: 1, 2: 0, 3: 2, 4: 3, 5: 5, 6: 21, 7: 25}
Executing gate at point (1, 1).
Best move: (2, 18)
Best move: (18, 24)
Best move: (20, 24)
Best move: (16, 17)
Best move: (17, 19)
Best move: (18, 19)
Best move: (2, 18)
Executing gate at point (2, 0).
Best move: (24, 25)
Best move: (24, 25)
Best move: (3, 4)
Best move: (3, 4)
Best move: (3, 4)
Try bruteforce due to repeated pattern...
Trying to solve brute-force congestion at gate [20, 4] with {0: 2, 1: 1, 2: 0, 3: 20, 4: 4, 5: 5, 6: 21, 7: 25}
Trying to moving ion 4... to 3
Ion assignment after moving ion 4: {0: 2, 1: 1, 2: 0, 3: 20, 4: 3, 5: 5, 6: 21, 7: 25}
Clearing endpoint 5.........
Gate position gate updated to [ 3 20]--------------c
Trying to moving ion 20... to 4
Ion assignment after moving ion 20: {0: 2, 1: 1, 2: 0, 3: 4, 4: 3, 5: 5, 6: 21, 7: 25}
Executing gate at point (1, 3).
Best move: (0, 1)
Best move: (1, 2)
Best move: (2, 18)
Best move: (4, 5)
Best move: (5, 20)
Best move: (20, 24)
Best move: (14, 21)
Best move: (21, 25)
Try bruteforce due to multiple steps (8) to solve one gate
Trying to solve brute-force congestion at gate [18, 24] with {0: 1, 1: 0, 2: 18, 3: 24, 4: 3, 5: 4, 6: 14, 7: 21}
Trying to moving ion 18... to 15
Ion assignment after moving ion 18: {0: 1, 1: 0, 2: 15, 3: 24, 4: 3, 5: 4, 6: 14, 7: 21}
Gate position gate updated to [15 24]--------------c
Trying to moving ion 24... to 16
Ion assignment after moving ion 24: {0: 1, 1: 0, 2: 15, 3: 16, 4: 3, 5: 4, 6: 14, 7: 21}
Executing gate at point (2, 2).
Best move: (0, 1)
Best move: (13, 14)
Best move: (14, 21)
Executing gate at point (0, 6).
Best move: (13, 14)
Best move: (14, 21)
Best move: (20, 21)
Best move: (5, 20)
Executing gate at point (1, 5).
Executing gate at point (2, 4).
Best move: (5, 20)
Best move: (1, 2)
Best move: (2, 18)
Best move: (18, 19)
Best move: (17, 19)
Executing gate at point (3, 1).
Best move: (20, 21)
Best move: (14, 21)
Executing gate at point (2, 6).
Best move: (17, 19)
Best move: (18, 19)
Best move: (2, 18)
Executing gate at point (4, 0).
Best move: (14, 21)
Best move: (20, 21)
Best move: (5, 20)
Executing gate at point (3, 5).
Best move: (5, 20)
Best move: (20, 21)
Best move: (14, 21)
Executing gate at point (4, 6).
Best move: (16, 17)
Best move: (17, 19)
Best move: (19, 24)
Best move: (20, 24)
Best move: (5, 20)
Executing gate at point (3, 3).
Executing gate at point (4, 4).
Best move: (5, 20)
Best move: (14, 21)
Best move: (3, 4)
Best move: (3, 4)
Best move: (21, 25)
Best move: (21, 25)
Try bruteforce due to repeated pattern...
Trying to solve brute-force congestion at gate [4, 21] with {0: 0, 1: 2, 2: 15, 3: 20, 4: 3, 5: 4, 6: 21, 7: 13}
Trying to moving ion 4... to 3
Ion assignment after moving ion 4: {0: 0, 1: 2, 2: 15, 3: 20, 4: 4, 5: 3, 6: 21, 7: 13}
Gate position gate updated to [ 3 21]--------------c
Trying to moving ion 21... to 4
Ion assignment after moving ion 21: {0: 0, 1: 2, 2: 15, 3: 25, 4: 5, 5: 3, 6: 4, 7: 13}
Executing gate at point (5, 5).
Best move: (24, 25)
Best move: (19, 24)
Best move: (17, 19)
Executing gate at point (4, 2).
Best move: (16, 17)
Best move: (2, 18)
Best move: (5, 20)
Best move: (20, 24)
Best move: (19, 24)
Best move: (13, 14)
Best move: (14, 21)
Best move: (20, 21)
Try bruteforce due to multiple steps (8) to solve one gate
Trying to solve brute-force congestion at gate [4, 20] with {0: 0, 1: 18, 2: 15, 3: 16, 4: 19, 5: 3, 6: 4, 7: 20}
Trying to moving ion 4... to 3
Ion assignment after moving ion 4: {0: 0, 1: 18, 2: 15, 3: 16, 4: 19, 5: 4, 6: 3, 7: 20}
Gate position gate updated to [ 3 20]--------------c
Trying to moving ion 20... to 4
Ion assignment after moving ion 20: {0: 0, 1: 18, 2: 15, 3: 16, 4: 19, 5: 5, 6: 3, 7: 4}
Executing gate at point (6, 6).
Best move: (15, 16)
Best move: (15, 16)
Best move: (17, 19)
Executing gate at point (5, 3).
Best move: (17, 19)
Best move: (19, 24)
Best move: (5, 20)
Best move: (21, 24)
Best move: (21, 24)
Best move: (21, 24)
Try bruteforce due to repeated pattern...
Trying to solve brute-force congestion at gate [21, 20] with {0: 0, 1: 18, 2: 15, 3: 16, 4: 21, 5: 20, 6: 3, 7: 4}
Trying to moving ion 21... to 12
Ion assignment after moving ion 21: {0: 0, 1: 18, 2: 15, 3: 16, 4: 12, 5: 20, 6: 3, 7: 4}
Gate position gate updated to [12 20]--------------c
Trying to moving ion 20... to 13
Ion assignment after moving ion 20: {0: 0, 1: 18, 2: 15, 3: 16, 4: 12, 5: 13, 6: 3, 7: 4}
Executing gate at point (6, 4).
Best move: (18, 19)
Best move: (17, 19)
Executing gate at point (5, 1).
Executing gate at point (6, 2).
Best move: (16, 17)
Best move: (17, 19)
Best move: (19, 24)
Best move: (21, 24)
Best move: (14, 21)
Executing gate at point (7, 3).
Best move: (13, 14)
Best move: (14, 21)
Best move: (20, 21)
Best move: (5, 20)
Executing gate at point (7, 5).
Best move: (16, 17)
Best move: (17, 19)
Best move: (18, 19)
Best move: (2, 18)
Executing gate at point (6, 0).
Best move: (2, 18)
Best move: (18, 19)
Best move: (17, 19)
Executing gate at point (7, 1).
Trying to solve brute-force congestion at gate [15, 14] with {0: 0, 1: 2, 2: 15, 3: 14, 4: 12, 5: 21, 6: 3, 7: 4}
Trying to moving ion 15... to 15
Ion assignment after moving ion 15: {0: 0, 1: 2, 2: 15, 3: 14, 4: 12, 5: 21, 6: 3, 7: 4}
Gate position gate updated to [15 14]--------------c
Trying to moving ion 14... to 16
Ion assignment after moving ion 14: {0: 0, 1: 2, 2: 15, 3: 16, 4: 12, 5: 25, 6: 3, 7: 4}
Trying to solve brute-force congestion at gate [16, 12] with {0: 0, 1: 2, 2: 15, 3: 16, 4: 12, 5: 25, 6: 3, 7: 4}
Trying to moving ion 12... to 12
Ion assignment after moving ion 12: {0: 0, 1: 2, 2: 15, 3: 16, 4: 12, 5: 25, 6: 3, 7: 4}
Gate position gate updated to [12 16]--------------c
Trying to moving ion 16... to 13
Ion assignment after moving ion 16: {0: 0, 1: 2, 2: 15, 3: 13, 4: 12, 5: 25, 6: 3, 7: 4}
Trying to solve brute-force congestion at gate [25, 3] with {0: 0, 1: 2, 2: 15, 3: 13, 4: 12, 5: 25, 6: 3, 7: 4}
Trying to moving ion 3... to 3
Ion assignment after moving ion 3: {0: 0, 1: 2, 2: 15, 3: 13, 4: 12, 5: 25, 6: 3, 7: 4}
Gate position gate updated to [ 3 25]--------------c
Trying to moving ion 25... to 4
Ion assignment after moving ion 25: {0: 0, 1: 2, 2: 15, 3: 13, 4: 12, 5: 4, 6: 3, 7: 5}
Trying to solve brute-force congestion at gate [12, 4] with {0: 0, 1: 2, 2: 15, 3: 13, 4: 12, 5: 4, 6: 3, 7: 5}
Trying to moving ion 12... to 12
Ion assignment after moving ion 12: {0: 0, 1: 2, 2: 15, 3: 13, 4: 12, 5: 4, 6: 3, 7: 5}
Gate position gate updated to [12  4]--------------c
Trying to moving ion 4... to 13
Ion assignment after moving ion 4: {0: 0, 1: 2, 2: 15, 3: 14, 4: 12, 5: 13, 6: 3, 7: 4}
Trying to solve brute-force congestion at gate [2, 15] with {0: 0, 1: 2, 2: 15, 3: 14, 4: 12, 5: 13, 6: 3, 7: 4}
Trying to moving ion 15... to 15
Ion assignment after moving ion 15: {0: 0, 1: 2, 2: 15, 3: 14, 4: 12, 5: 13, 6: 3, 7: 4}
Gate position gate updated to [15  2]--------------c
Trying to moving ion 2... to 16
Ion assignment after moving ion 2: {0: 0, 1: 16, 2: 15, 3: 14, 4: 12, 5: 13, 6: 3, 7: 4}
Trying to solve brute-force congestion at gate [15, 14] with {0: 0, 1: 16, 2: 15, 3: 14, 4: 12, 5: 13, 6: 3, 7: 4}
Trying to moving ion 15... to 15
Ion assignment after moving ion 15: {0: 0, 1: 16, 2: 15, 3: 14, 4: 12, 5: 13, 6: 3, 7: 4}
Gate position gate updated to [15 14]--------------c
Trying to moving ion 14... to 16
Ion assignment after moving ion 14: {0: 0, 1: 17, 2: 15, 3: 16, 4: 12, 5: 13, 6: 3, 7: 4}
Trying to solve brute-force congestion at gate [16, 12] with {0: 0, 1: 17, 2: 15, 3: 16, 4: 12, 5: 13, 6: 3, 7: 4}
Trying to moving ion 12... to 12
Ion assignment after moving ion 12: {0: 0, 1: 17, 2: 15, 3: 16, 4: 12, 5: 13, 6: 3, 7: 4}
Gate position gate updated to [12 16]--------------c
Trying to moving ion 16... to 13
Ion assignment after moving ion 16: {0: 0, 1: 16, 2: 15, 3: 13, 4: 12, 5: 14, 6: 3, 7: 4}
Trying to solve brute-force congestion at gate [0, 16] with {0: 0, 1: 16, 2: 15, 3: 13, 4: 12, 5: 14, 6: 3, 7: 4}
Trying to moving ion 0... to 0
Ion assignment after moving ion 0: {0: 0, 1: 16, 2: 15, 3: 13, 4: 12, 5: 14, 6: 3, 7: 4}
Gate position gate updated to [ 0 16]--------------c
Trying to moving ion 16... to 1
Ion assignment after moving ion 16: {0: 0, 1: 1, 2: 15, 3: 13, 4: 12, 5: 14, 6: 3, 7: 4}
Trying to solve brute-force congestion at gate [1, 15] with {0: 0, 1: 1, 2: 15, 3: 13, 4: 12, 5: 14, 6: 3, 7: 4}
Trying to moving ion 15... to 15
Ion assignment after moving ion 15: {0: 0, 1: 1, 2: 15, 3: 13, 4: 12, 5: 14, 6: 3, 7: 4}
Gate position gate updated to [15  1]--------------c
Trying to moving ion 1... to 16
Ion assignment after moving ion 1: {0: 0, 1: 16, 2: 15, 3: 13, 4: 12, 5: 14, 6: 3, 7: 4}
Trying to solve brute-force congestion at gate [0, 16] with {0: 0, 1: 16, 2: 15, 3: 13, 4: 12, 5: 14, 6: 3, 7: 4}
Trying to moving ion 0... to 0
Ion assignment after moving ion 0: {0: 0, 1: 16, 2: 15, 3: 13, 4: 12, 5: 14, 6: 3, 7: 4}
Gate position gate updated to [ 0 16]--------------c
Trying to moving ion 16... to 1
Ion assignment after moving ion 16: {0: 0, 1: 1, 2: 15, 3: 13, 4: 12, 5: 14, 6: 3, 7: 4}
Trying to solve brute-force congestion at gate [14, 3] with {0: 0, 1: 1, 2: 15, 3: 13, 4: 12, 5: 14, 6: 3, 7: 4}
Trying to moving ion 3... to 3
Ion assignment after moving ion 3: {0: 0, 1: 1, 2: 15, 3: 13, 4: 12, 5: 14, 6: 3, 7: 4}
Gate position gate updated to [ 3 14]--------------c
Trying to moving ion 14... to 4
Ion assignment after moving ion 14: {0: 0, 1: 1, 2: 15, 3: 13, 4: 12, 5: 4, 6: 3, 7: 5}
Trying to solve brute-force congestion at gate [12, 4] with {0: 0, 1: 1, 2: 15, 3: 13, 4: 12, 5: 4, 6: 3, 7: 5}
Trying to moving ion 12... to 12
Ion assignment after moving ion 12: {0: 0, 1: 1, 2: 15, 3: 13, 4: 12, 5: 4, 6: 3, 7: 5}
Gate position gate updated to [12  4]--------------c
Trying to moving ion 4... to 13
Ion assignment after moving ion 4: {0: 0, 1: 1, 2: 15, 3: 14, 4: 12, 5: 13, 6: 3, 7: 4}
Trying to solve brute-force congestion at gate [13, 3] with {0: 0, 1: 1, 2: 15, 3: 14, 4: 12, 5: 13, 6: 3, 7: 4}
Trying to moving ion 3... to 3
Ion assignment after moving ion 3: {0: 0, 1: 1, 2: 15, 3: 14, 4: 12, 5: 13, 6: 3, 7: 4}
Gate position gate updated to [ 3 13]--------------c
Trying to moving ion 13... to 4
Ion assignment after moving ion 13: {0: 0, 1: 1, 2: 15, 3: 13, 4: 12, 5: 4, 6: 3, 7: 5}
Trying to solve brute-force congestion at gate [15, 13] with {0: 0, 1: 1, 2: 15, 3: 13, 4: 12, 5: 4, 6: 3, 7: 5}
Trying to moving ion 15... to 15
Ion assignment after moving ion 15: {0: 0, 1: 1, 2: 15, 3: 13, 4: 12, 5: 4, 6: 3, 7: 5}
Gate position gate updated to [15 13]--------------c
Trying to moving ion 13... to 16
Ion assignment after moving ion 13: {0: 0, 1: 1, 2: 15, 3: 16, 4: 12, 5: 4, 6: 3, 7: 5}
Trying to solve brute-force congestion at gate [1, 15] with {0: 0, 1: 1, 2: 15, 3: 16, 4: 12, 5: 4, 6: 3, 7: 5}
Trying to moving ion 15... to 15
Ion assignment after moving ion 15: {0: 0, 1: 1, 2: 15, 3: 16, 4: 12, 5: 4, 6: 3, 7: 5}
Gate position gate updated to [15  1]--------------c
Trying to moving ion 1... to 16
Ion assignment after moving ion 1: {0: 0, 1: 16, 2: 15, 3: 17, 4: 12, 5: 4, 6: 3, 7: 5}
Trying to solve brute-force congestion at gate [17, 12] with {0: 0, 1: 16, 2: 15, 3: 17, 4: 12, 5: 4, 6: 3, 7: 5}
Trying to moving ion 12... to 12
Ion assignment after moving ion 12: {0: 0, 1: 16, 2: 15, 3: 17, 4: 12, 5: 4, 6: 3, 7: 5}
Gate position gate updated to [12 17]--------------c
Trying to moving ion 17... to 13
Ion assignment after moving ion 17: {0: 0, 1: 16, 2: 15, 3: 13, 4: 12, 5: 4, 6: 3, 7: 5}
Trying to solve brute-force congestion at gate [15, 13] with {0: 0, 1: 16, 2: 15, 3: 13, 4: 12, 5: 4, 6: 3, 7: 5}
Trying to moving ion 15... to 15
Ion assignment after moving ion 15: {0: 0, 1: 16, 2: 15, 3: 13, 4: 12, 5: 4, 6: 3, 7: 5}
Gate position gate updated to [15 13]--------------c
Trying to moving ion 13... to 16
Ion assignment after moving ion 13: {0: 0, 1: 17, 2: 15, 3: 16, 4: 12, 5: 4, 6: 3, 7: 5}
Trying to solve brute-force congestion at gate [12, 4] with {0: 0, 1: 17, 2: 15, 3: 16, 4: 12, 5: 4, 6: 3, 7: 5}
Trying to moving ion 12... to 12
Ion assignment after moving ion 12: {0: 0, 1: 17, 2: 15, 3: 16, 4: 12, 5: 4, 6: 3, 7: 5}
Gate position gate updated to [12  4]--------------c
Trying to moving ion 4... to 13
Ion assignment after moving ion 4: {0: 0, 1: 17, 2: 15, 3: 16, 4: 12, 5: 13, 6: 3, 7: 4}
Trying to solve brute-force congestion at gate [0, 17] with {0: 0, 1: 17, 2: 15, 3: 16, 4: 12, 5: 13, 6: 3, 7: 4}
Trying to moving ion 0... to 0
Ion assignment after moving ion 0: {0: 0, 1: 17, 2: 15, 3: 16, 4: 12, 5: 13, 6: 3, 7: 4}
Gate position gate updated to [ 0 17]--------------c
Trying to moving ion 17... to 1
Ion assignment after moving ion 17: {0: 0, 1: 1, 2: 15, 3: 16, 4: 12, 5: 13, 6: 3, 7: 4}
Executing gate at point (0, 2).
Executing gate at point (0, 4).
Executing gate at point (0, 6).
Executing gate at point (0, 0).
Best move: (1, 2)
Best move: (2, 18)
Best move: (18, 19)
Best move: (17, 19)
Executing gate at point (1, 1).
Best move: (17, 19)
Best move: (18, 19)
Best move: (2, 18)
Executing gate at point (2, 0).
Best move: (16, 17)
Best move: (17, 19)
Best move: (19, 24)
Best move: (21, 24)
Best move: (14, 21)
Executing gate at point (1, 3).
Best move: (14, 21)
Best move: (21, 24)
Best move: (19, 24)
Best move: (17, 19)
Executing gate at point (2, 2).
Best move: (2, 18)
Best move: (18, 19)
Best move: (13, 14)
Best move: (14, 21)
Best move: (20, 21)
Best move: (5, 20)
Executing gate at point (1, 5).
Executing gate at point (2, 6).
Best move: (5, 20)
Best move: (15, 16)
Best move: (15, 16)
Best move: (15, 16)
Try bruteforce due to repeated pattern...
Trying to solve brute-force congestion at gate [19, 16] with {0: 0, 1: 19, 2: 16, 3: 17, 4: 12, 5: 20, 6: 3, 7: 4}
Trying to moving ion 16... to 15
Ion assignment after moving ion 16: {0: 0, 1: 19, 2: 15, 3: 17, 4: 12, 5: 20, 6: 3, 7: 4}
Clearing endpoint 17.........
Gate position gate updated to [15 19]--------------c
Trying to moving ion 19... to 16
Ion assignment after moving ion 19: {0: 0, 1: 16, 2: 15, 3: 17, 4: 12, 5: 20, 6: 3, 7: 4}
Executing gate at point (3, 1).
Best move: (20, 21)
Best move: (14, 21)
Executing gate at point (2, 4).
Best move: (14, 21)
Best move: (16, 17)
Best move: (17, 19)
Best move: (18, 19)
Best move: (2, 18)
Executing gate at point (4, 0).
Best move: (20, 21)
Best move: (5, 20)
Executing gate at point (3, 5).
Executing gate at point (4, 6).
Best move: (16, 17)
Best move: (17, 19)
Best move: (19, 24)
Best move: (21, 24)
Best move: (14, 21)
Executing gate at point (3, 3).
Best move: (14, 21)
Best move: (5, 20)
Best move: (12, 13)
Best move: (20, 25)
Best move: (20, 25)
Best move: (20, 24)
Best move: (20, 24)
Try bruteforce due to repeated pattern...
Trying to solve brute-force congestion at gate [13, 20] with {0: 0, 1: 2, 2: 15, 3: 21, 4: 13, 5: 20, 6: 3, 7: 4}
Trying to moving ion 13... to 12
Ion assignment after moving ion 13: {0: 0, 1: 2, 2: 15, 3: 21, 4: 12, 5: 20, 6: 3, 7: 4}
Gate position gate updated to [12 20]--------------c
Trying to moving ion 20... to 13
Ion assignment after moving ion 20: {0: 0, 1: 2, 2: 15, 3: 25, 4: 12, 5: 13, 6: 3, 7: 4}
Executing gate at point (4, 4).
Best move: (24, 25)
Best move: (19, 24)
Best move: (17, 19)
Executing gate at point (4, 2).
Best move: (17, 19)
Best move: (19, 24)
Best move: (21, 24)
Best move: (14, 21)
Executing gate at point (5, 3).
Best move: (2, 18)
Best move: (18, 19)
Best move: (17, 19)
Executing gate at point (5, 1).
Best move: (17, 19)
Best move: (14, 21)
Best move: (21, 24)
Best move: (15, 16)
Best move: (15, 16)
Best move: (15, 16)
Try bruteforce due to repeated pattern...
Trying to solve brute-force congestion at gate [16, 24] with {0: 0, 1: 19, 2: 16, 3: 24, 4: 12, 5: 13, 6: 3, 7: 4}
Trying to moving ion 16... to 15
Ion assignment after moving ion 16: {0: 0, 1: 19, 2: 15, 3: 24, 4: 12, 5: 13, 6: 3, 7: 4}
Gate position gate updated to [15 24]--------------c
Trying to moving ion 24... to 16
Ion assignment after moving ion 24: {0: 0, 1: 18, 2: 15, 3: 16, 4: 12, 5: 13, 6: 3, 7: 4}
Executing gate at point (6, 2).
Best move: (2, 18)
Executing gate at point (6, 0).
Best move: (2, 18)
Best move: (13, 14)
Best move: (14, 21)
Best move: (20, 21)
Best move: (5, 20)
Executing gate at point (5, 5).
Executing gate at point (6, 6).
Best move: (18, 19)
Best move: (17, 19)
Executing gate at point (7, 1).
Best move: (5, 20)
Best move: (20, 21)
Best move: (14, 21)
Executing gate at point (6, 4).
Best move: (14, 21)
Best move: (20, 21)
Best move: (5, 20)
Executing gate at point (7, 5).
Best move: (16, 17)
Best move: (17, 19)
Best move: (19, 24)
Best move: (21, 24)
Best move: (14, 21)
Executing gate at point (7, 3).
Trying to solve brute-force congestion at gate [15, 17] with {0: 0, 1: 16, 2: 15, 3: 17, 4: 12, 5: 21, 6: 3, 7: 4}
Trying to moving ion 15... to 15
Ion assignment after moving ion 15: {0: 0, 1: 16, 2: 15, 3: 17, 4: 12, 5: 21, 6: 3, 7: 4}
Gate position gate updated to [15 17]--------------c
Trying to moving ion 17... to 16
Ion assignment after moving ion 17: {0: 0, 1: 17, 2: 15, 3: 16, 4: 12, 5: 21, 6: 3, 7: 4}
Trying to solve brute-force congestion at gate [16, 12] with {0: 0, 1: 17, 2: 15, 3: 16, 4: 12, 5: 21, 6: 3, 7: 4}
Trying to moving ion 12... to 12
Ion assignment after moving ion 12: {0: 0, 1: 17, 2: 15, 3: 16, 4: 12, 5: 21, 6: 3, 7: 4}
Gate position gate updated to [12 16]--------------c
Trying to moving ion 16... to 13
Ion assignment after moving ion 16: {0: 0, 1: 16, 2: 15, 3: 13, 4: 12, 5: 25, 6: 3, 7: 4}
Trying to solve brute-force congestion at gate [25, 3] with {0: 0, 1: 16, 2: 15, 3: 13, 4: 12, 5: 25, 6: 3, 7: 4}
Trying to moving ion 3... to 3
Ion assignment after moving ion 3: {0: 0, 1: 16, 2: 15, 3: 13, 4: 12, 5: 25, 6: 3, 7: 4}
Gate position gate updated to [ 3 25]--------------c
Trying to moving ion 25... to 4
Ion assignment after moving ion 25: {0: 0, 1: 16, 2: 15, 3: 13, 4: 12, 5: 4, 6: 3, 7: 5}
Trying to solve brute-force congestion at gate [12, 4] with {0: 0, 1: 16, 2: 15, 3: 13, 4: 12, 5: 4, 6: 3, 7: 5}
Trying to moving ion 12... to 12
Ion assignment after moving ion 12: {0: 0, 1: 16, 2: 15, 3: 13, 4: 12, 5: 4, 6: 3, 7: 5}
Gate position gate updated to [12  4]--------------c
Trying to moving ion 4... to 13
Ion assignment after moving ion 4: {0: 0, 1: 16, 2: 15, 3: 14, 4: 12, 5: 13, 6: 3, 7: 4}
Trying to solve brute-force congestion at gate [13, 3] with {0: 0, 1: 16, 2: 15, 3: 14, 4: 12, 5: 13, 6: 3, 7: 4}
Trying to moving ion 3... to 3
Ion assignment after moving ion 3: {0: 0, 1: 16, 2: 15, 3: 14, 4: 12, 5: 13, 6: 3, 7: 4}
Gate position gate updated to [ 3 13]--------------c
Trying to moving ion 13... to 4
Ion assignment after moving ion 13: {0: 0, 1: 16, 2: 15, 3: 13, 4: 12, 5: 4, 6: 3, 7: 5}
Trying to solve brute-force congestion at gate [3, 5] with {0: 0, 1: 16, 2: 15, 3: 13, 4: 12, 5: 4, 6: 3, 7: 5}
Trying to moving ion 3... to 3
Ion assignment after moving ion 3: {0: 0, 1: 16, 2: 15, 3: 13, 4: 12, 5: 4, 6: 3, 7: 5}
Gate position gate updated to [3 5]--------------c
Trying to moving ion 5... to 4
Ion assignment after moving ion 5: {0: 0, 1: 16, 2: 15, 3: 13, 4: 12, 5: 5, 6: 3, 7: 4}
Trying to solve brute-force congestion at gate [0, 16] with {0: 0, 1: 16, 2: 15, 3: 13, 4: 12, 5: 5, 6: 3, 7: 4}
Trying to moving ion 0... to 0
Ion assignment after moving ion 0: {0: 0, 1: 16, 2: 15, 3: 13, 4: 12, 5: 5, 6: 3, 7: 4}
Gate position gate updated to [ 0 16]--------------c
Trying to moving ion 16... to 1
Ion assignment after moving ion 16: {0: 0, 1: 1, 2: 15, 3: 13, 4: 12, 5: 5, 6: 3, 7: 4}
Trying to solve brute-force congestion at gate [1, 15] with {0: 0, 1: 1, 2: 15, 3: 13, 4: 12, 5: 5, 6: 3, 7: 4}
Trying to moving ion 15... to 15
Ion assignment after moving ion 15: {0: 0, 1: 1, 2: 15, 3: 13, 4: 12, 5: 5, 6: 3, 7: 4}
Gate position gate updated to [15  1]--------------c
Trying to moving ion 1... to 16
Ion assignment after moving ion 1: {0: 0, 1: 16, 2: 15, 3: 13, 4: 12, 5: 5, 6: 3, 7: 4}
Trying to solve brute-force congestion at gate [0, 16] with {0: 0, 1: 16, 2: 15, 3: 13, 4: 12, 5: 5, 6: 3, 7: 4}
Trying to moving ion 0... to 0
Ion assignment after moving ion 0: {0: 0, 1: 16, 2: 15, 3: 13, 4: 12, 5: 5, 6: 3, 7: 4}
Gate position gate updated to [ 0 16]--------------c
Trying to moving ion 16... to 1
Ion assignment after moving ion 16: {0: 0, 1: 1, 2: 15, 3: 13, 4: 12, 5: 5, 6: 3, 7: 4}
Trying to solve brute-force congestion at gate [15, 13] with {0: 0, 1: 1, 2: 15, 3: 13, 4: 12, 5: 5, 6: 3, 7: 4}
Trying to moving ion 15... to 15
Ion assignment after moving ion 15: {0: 0, 1: 1, 2: 15, 3: 13, 4: 12, 5: 5, 6: 3, 7: 4}
Gate position gate updated to [15 13]--------------c
Trying to moving ion 13... to 16
Ion assignment after moving ion 13: {0: 0, 1: 1, 2: 15, 3: 16, 4: 12, 5: 5, 6: 3, 7: 4}
Trying to solve brute-force congestion at gate [1, 15] with {0: 0, 1: 1, 2: 15, 3: 16, 4: 12, 5: 5, 6: 3, 7: 4}
Trying to moving ion 15... to 15
Ion assignment after moving ion 15: {0: 0, 1: 1, 2: 15, 3: 16, 4: 12, 5: 5, 6: 3, 7: 4}
Gate position gate updated to [15  1]--------------c
Trying to moving ion 1... to 16
Ion assignment after moving ion 1: {0: 0, 1: 16, 2: 15, 3: 17, 4: 12, 5: 5, 6: 3, 7: 4}
Trying to solve brute-force congestion at gate [17, 12] with {0: 0, 1: 16, 2: 15, 3: 17, 4: 12, 5: 5, 6: 3, 7: 4}
Trying to moving ion 12... to 12
Ion assignment after moving ion 12: {0: 0, 1: 16, 2: 15, 3: 17, 4: 12, 5: 5, 6: 3, 7: 4}
Gate position gate updated to [12 17]--------------c
Trying to moving ion 17... to 13
Ion assignment after moving ion 17: {0: 0, 1: 16, 2: 15, 3: 13, 4: 12, 5: 5, 6: 3, 7: 4}
Trying to solve brute-force congestion at gate [12, 5] with {0: 0, 1: 16, 2: 15, 3: 13, 4: 12, 5: 5, 6: 3, 7: 4}
Trying to moving ion 12... to 12
Ion assignment after moving ion 12: {0: 0, 1: 16, 2: 15, 3: 13, 4: 12, 5: 5, 6: 3, 7: 4}
Gate position gate updated to [12  5]--------------c
Trying to moving ion 5... to 13
Ion assignment after moving ion 5: {0: 0, 1: 16, 2: 15, 3: 14, 4: 12, 5: 13, 6: 3, 7: 4}
Trying to solve brute-force congestion at gate [13, 3] with {0: 0, 1: 16, 2: 15, 3: 14, 4: 12, 5: 13, 6: 3, 7: 4}
Trying to moving ion 3... to 3
Ion assignment after moving ion 3: {0: 0, 1: 16, 2: 15, 3: 14, 4: 12, 5: 13, 6: 3, 7: 4}
Gate position gate updated to [ 3 13]--------------c
Trying to moving ion 13... to 4
Ion assignment after moving ion 13: {0: 0, 1: 16, 2: 15, 3: 13, 4: 12, 5: 4, 6: 3, 7: 5}
Trying to solve brute-force congestion at gate [0, 16] with {0: 0, 1: 16, 2: 15, 3: 13, 4: 12, 5: 4, 6: 3, 7: 5}
Trying to moving ion 0... to 0
Ion assignment after moving ion 0: {0: 0, 1: 16, 2: 15, 3: 13, 4: 12, 5: 4, 6: 3, 7: 5}
Gate position gate updated to [ 0 16]--------------cInput filename:  TFXY_n8_s100_compiled
Algorithm:  SHAPER
Trap type:  G2x3
Trap capacity:  3
Num layout passes:  2
Gate type:  FM
Run index:  3
Creating a QCCD machine ...
QCCD physical machine:
### Traps ### 
Trap(id='trap_0', max_num_ions=3, initial_num_ions=0, executable=True, measureable=True)
Trap(id='trap_1', max_num_ions=3, initial_num_ions=0, executable=True, measureable=True)
Trap(id='trap_2', max_num_ions=3, initial_num_ions=0, executable=True, measureable=True)
Trap(id='trap_3', max_num_ions=3, initial_num_ions=0, executable=True, measureable=True)
Trap(id='trap_4', max_num_ions=3, initial_num_ions=0, executable=True, measureable=True)
Trap(id='trap_5', max_num_ions=3, initial_num_ions=0, executable=True, measureable=True)
### Junctions ### 
Junction(id='junction_0')
Junction(id='junction_1')
Junction(id='junction_2')
### Segments ### 
Segment(id='segment_0', left=Trap(id='trap_0', max_num_ions=3, initial_num_ions=0, executable=True, measureable=True), right=Junction(id='junction_0'))
Segment(id='segment_1', left=Trap(id='trap_5', max_num_ions=3, initial_num_ions=0, executable=True, measureable=True), right=Junction(id='junction_0'))
Segment(id='segment_2', left=Trap(id='trap_1', max_num_ions=3, initial_num_ions=0, executable=True, measureable=True), right=Junction(id='junction_1'))
Segment(id='segment_3', left=Trap(id='trap_4', max_num_ions=3, initial_num_ions=0, executable=True, measureable=True), right=Junction(id='junction_1'))
Segment(id='segment_4', left=Trap(id='trap_2', max_num_ions=3, initial_num_ions=0, executable=True, measureable=True), right=Junction(id='junction_2'))
Segment(id='segment_5', left=Trap(id='trap_3', max_num_ions=3, initial_num_ions=0, executable=True, measureable=True), right=Junction(id='junction_2'))
Segment(id='segment_6', left=Junction(id='junction_0'), right=Junction(id='junction_1'))
Segment(id='segment_7', left=Junction(id='junction_1'), right=Junction(id='junction_2'))
Finished creating the QCCD physical machine.
Position graph:  CouplingGraph({(3, 4), (12, 13), (22, 23), (21, 25), (23, 25), (11, 23), (13, 14), (19, 24), (18, 19), (4, 5), (20, 25), (21, 24), (22, 25), (14, 21), (0, 1), (9, 10), (1, 2), (10, 11), (6, 7), (15, 16), (24, 25), (18, 24), (20, 21), (20, 24), (17, 19), (5, 20), (8, 22), (2, 18), (7, 8), (16, 17)})
Initial ion assignment:  {0: 14, 1: 15, 2: 0, 3: 5, 4: 3, 5: 13, 6: 17, 7: 2}
Congestion rate:  1.0
Scheduling QCCD: 1920002960.0000005 us, costing 43.90780489996541 s to compile
1920.0029600000005
43.90780489996541
{0: 0, 1: 1, 2: 15, 3: 16, 4: 12, 5: 13, 6: 3, 7: 4}
[0, 1, 2, 3, 4, 5, 6, 7]
