Best move: (17, 19)
Best move: (19, 24)
Best move: (24, 25)
Best move: (22, 25)
Best move: (14, 21)
Best move: (20, 21)
Best move: (5, 20)
Executing gate at point (0, 3).
Executing gate at point (1, 3).
Best move: (8, 22)
Executing gate at point (0, 1).
Executing gate at point (1, 1).
Best move: (10, 11)
Best move: (8, 22)
Best move: (22, 23)
Best move: (4, 5)
Best move: (5, 20)
Best move: (20, 25)
Best move: (16, 17)
Best move: (17, 19)
Try bruteforce due to multiple steps (8) to solve one gate
Trying to solve brute-force congestion at gate [19, 3] with {0: 25, 1: 7, 2: 10, 3: 4, 4: 19, 5: 23, 6: 3, 7: 9}
Trying to moving ion 3... to 3
Ion assignment after moving ion 3: {0: 25, 1: 7, 2: 10, 3: 4, 4: 19, 5: 23, 6: 3, 7: 9}
Gate position gate updated to [ 3 19]--------------c
Trying to moving ion 19... to 4
Ion assignment after moving ion 19: {0: 25, 1: 7, 2: 10, 3: 5, 4: 4, 5: 23, 6: 3, 7: 9}
Executing gate at point (2, 4).
Executing gate at point (3, 4).
Best move: (9, 10)
Best move: (9, 10)
Best move: (11, 23)
Executing gate at point (2, 2).
Executing gate at point (3, 2).
Best move: (9, 10)
Best move: (10, 11)
Best move: (11, 23)
Best move: (22, 23)
Best move: (8, 22)
Best move: (22, 25)
Best move: (7, 8)
Best move: (6, 7)
Try bruteforce due to multiple steps (8) to solve one gate
Trying to solve brute-force congestion at gate [22, 6] with {0: 22, 1: 8, 2: 9, 3: 5, 4: 4, 5: 10, 6: 3, 7: 6}
Trying to moving ion 6... to 6
Ion assignment after moving ion 6: {0: 22, 1: 8, 2: 9, 3: 5, 4: 4, 5: 10, 6: 3, 7: 6}
Clearing endpoint 8.........
Gate position gate updated to [ 6 22]--------------c
Trying to moving ion 22... to 7
Ion assignment after moving ion 22: {0: 7, 1: 8, 2: 9, 3: 5, 4: 4, 5: 10, 6: 3, 7: 6}
Executing gate at point (0, 0).
Executing gate at point (1, 0).
Executing gate at point (2, 1).
Executing gate at point (3, 1).
Best move: (5, 20)
Best move: (6, 7)
Best move: (7, 8)
Best move: (8, 22)
Best move: (22, 25)
Best move: (20, 21)
Best move: (14, 21)
Best move: (21, 25)
Try bruteforce due to multiple steps (8) to solve one gate
Trying to solve brute-force congestion at gate [14, 21] with {0: 6, 1: 7, 2: 9, 3: 14, 4: 4, 5: 10, 6: 3, 7: 21}
Trying to moving ion 14... to 12
Ion assignment after moving ion 14: {0: 6, 1: 7, 2: 9, 3: 12, 4: 4, 5: 10, 6: 3, 7: 21}
Gate position gate updated to [12 21]--------------c
Trying to moving ion 21... to 13
Ion assignment after moving ion 21: {0: 6, 1: 7, 2: 9, 3: 12, 4: 4, 5: 10, 6: 3, 7: 13}
Executing gate at point (4, 3).
Executing gate at point (5, 3).
Best move: (13, 14)
Best move: (14, 21)
Best move: (20, 21)
Best move: (5, 20)
Executing gate at point (6, 4).
Executing gate at point (7, 4).
Best move: (5, 20)
Best move: (20, 25)
Best move: (23, 25)
Best move: (11, 23)
Executing gate at point (8, 5).
Executing gate at point (9, 5).
Trying to solve brute-force congestion at gate [7, 21] with {0: 6, 1: 7, 2: 9, 3: 12, 4: 4, 5: 10, 6: 3, 7: 21}
Trying to moving ion 7... to 6
Ion assignment after moving ion 7: {0: 7, 1: 6, 2: 9, 3: 12, 4: 4, 5: 10, 6: 3, 7: 21}
Gate position gate updated to [ 6 21]--------------c
Trying to moving ion 21... to 7
Ion assignment after moving ion 21: {0: 8, 1: 6, 2: 9, 3: 12, 4: 4, 5: 10, 6: 3, 7: 7}
Trying to solve brute-force congestion at gate [12, 3] with {0: 8, 1: 6, 2: 9, 3: 12, 4: 4, 5: 10, 6: 3, 7: 7}
Trying to moving ion 3... to 3
Ion assignment after moving ion 3: {0: 8, 1: 6, 2: 9, 3: 12, 4: 4, 5: 10, 6: 3, 7: 7}
Gate position gate updated to [ 3 12]--------------c
Trying to moving ion 12... to 4
Ion assignment after moving ion 12: {0: 8, 1: 6, 2: 9, 3: 4, 4: 5, 5: 10, 6: 3, 7: 7}
Trying to solve brute-force congestion at gate [8, 7] with {0: 8, 1: 6, 2: 9, 3: 4, 4: 5, 5: 10, 6: 3, 7: 7}
Trying to moving ion 8... to 6
Ion assignment after moving ion 8: {0: 6, 1: 7, 2: 9, 3: 4, 4: 5, 5: 10, 6: 3, 7: 8}
Gate position gate updated to [6 8]--------------c
Trying to moving ion 8... to 7
Ion assignment after moving ion 8: {0: 6, 1: 8, 2: 9, 3: 4, 4: 5, 5: 10, 6: 3, 7: 7}
Trying to solve brute-force congestion at gate [8, 10] with {0: 6, 1: 8, 2: 9, 3: 4, 4: 5, 5: 10, 6: 3, 7: 7}
Trying to moving ion 10... to 9
Ion assignment after moving ion 10: {0: 6, 1: 8, 2: 10, 3: 4, 4: 5, 5: 9, 6: 3, 7: 7}
Gate position gate updated to [9 8]--------------c
Trying to moving ion 8... to 10
Ion assignment after moving ion 8: {0: 6, 1: 10, 2: 11, 3: 4, 4: 5, 5: 9, 6: 3, 7: 7}
Trying to solve brute-force congestion at gate [10, 9] with {0: 6, 1: 10, 2: 11, 3: 4, 4: 5, 5: 9, 6: 3, 7: 7}
Trying to moving ion 10... to 9
Ion assignment after moving ion 10: {0: 6, 1: 9, 2: 11, 3: 4, 4: 5, 5: 10, 6: 3, 7: 7}
Clearing endpoint 11.........
Gate position gate updated to [ 9 10]--------------c
Trying to moving ion 10... to 10
Ion assignment after moving ion 10: {0: 6, 1: 9, 2: 23, 3: 4, 4: 5, 5: 10, 6: 3, 7: 7}
Executing gate at point (0, 1).
Executing gate at point (0, 3).
Executing gate at point (0, 0).
Executing gate at point (1, 0).
Executing gate at point (1, 1).
Executing gate at point (1, 3).
Executing gate at point (2, 4).
Executing gate at point (3, 4).
Best move: (11, 23)
Executing gate at point (2, 2).
Executing gate at point (3, 2).
Best move: (9, 10)
Best move: (10, 11)
Best move: (11, 23)
Best move: (22, 23)
Best move: (8, 22)
Executing gate at point (2, 1).
Executing gate at point (3, 1).
Best move: (7, 8)
Best move: (8, 22)
Best move: (22, 25)
Best move: (4, 5)
Best move: (5, 20)
Best move: (20, 21)
Best move: (14, 21)
Best move: (21, 25)
Try bruteforce due to multiple steps (8) to solve one gate
Trying to solve brute-force congestion at gate [14, 21] with {0: 6, 1: 7, 2: 10, 3: 14, 4: 4, 5: 9, 6: 3, 7: 21}
Trying to moving ion 14... to 12
Ion assignment after moving ion 14: {0: 6, 1: 7, 2: 10, 3: 12, 4: 4, 5: 9, 6: 3, 7: 21}
Gate position gate updated to [12 21]--------------c
Trying to moving ion 21... to 13
Ion assignment after moving ion 21: {0: 6, 1: 7, 2: 10, 3: 12, 4: 4, 5: 9, 6: 3, 7: 13}
Executing gate at point (4, 3).
Executing gate at point (5, 3).
Best move: (13, 14)
Best move: (14, 21)
Best move: (20, 21)
Best move: (5, 20)
Executing gate at point (6, 4).
Executing gate at point (7, 4).
Best move: (5, 20)
Best move: (20, 25)
Best move: (23, 25)
Best move: (11, 23)
Executing gate at point (8, 5).
Executing gate at point (9, 5).
Trying to solve brute-force congestion at gate [7, 21] with {0: 6, 1: 7, 2: 10, 3: 12, 4: 4, 5: 9, 6: 3, 7: 21}
Trying to moving ion 7... to 6
Ion assignment after moving ion 7: {0: 7, 1: 6, 2: 10, 3: 12, 4: 4, 5: 9, 6: 3, 7: 21}
Gate position gate updated to [ 6 21]--------------c
Trying to moving ion 21... to 7
Ion assignment after moving ion 21: {0: 8, 1: 6, 2: 10, 3: 12, 4: 4, 5: 9, 6: 3, 7: 7}
Trying to solve brute-force congestion at gate [12, 3] with {0: 8, 1: 6, 2: 10, 3: 12, 4: 4, 5: 9, 6: 3, 7: 7}
Trying to moving ion 3... to 3
Ion assignment after moving ion 3: {0: 8, 1: 6, 2: 10, 3: 12, 4: 4, 5: 9, 6: 3, 7: 7}
Gate position gate updated to [ 3 12]--------------c
Trying to moving ion 12... to 4
Ion assignment after moving ion 12: {0: 8, 1: 6, 2: 10, 3: 4, 4: 5, 5: 9, 6: 3, 7: 7}
Trying to solve brute-force congestion at gate [8, 7] with {0: 8, 1: 6, 2: 10, 3: 4, 4: 5, 5: 9, 6: 3, 7: 7}
Trying to moving ion 8... to 6
Ion assignment after moving ion 8: {0: 6, 1: 7, 2: 10, 3: 4, 4: 5, 5: 9, 6: 3, 7: 8}
Gate position gate updated to [6 8]--------------c
Trying to moving ion 8... to 7
Ion assignment after moving ion 8: {0: 6, 1: 8, 2: 10, 3: 4, 4: 5, 5: 9, 6: 3, 7: 7}
Trying to solve brute-force congestion at gate [8, 9] with {0: 6, 1: 8, 2: 10, 3: 4, 4: 5, 5: 9, 6: 3, 7: 7}
Trying to moving ion 9... to 9
Ion assignment after moving ion 9: {0: 6, 1: 8, 2: 10, 3: 4, 4: 5, 5: 9, 6: 3, 7: 7}
Gate position gate updated to [9 8]--------------c
Trying to moving ion 8... to 10
Ion assignment after moving ion 8: {0: 6, 1: 10, 2: 11, 3: 4, 4: 5, 5: 9, 6: 3, 7: 7}
Trying to solve brute-force congestion at gate [10, 9] with {0: 6, 1: 10, 2: 11, 3: 4, 4: 5, 5: 9, 6: 3, 7: 7}Input filename:  QAOA_wsq_8_compiled
Algorithm:  SHAW
Trap type:  G2x3
Trap capacity:  3
Num layout passes:  2
Gate type:  FM
Run index:  7
Creating a QCCD machine ...
QCCD physical machine:
### Traps ### 
Trap(id='trap_0', max_num_ions=3, initial_num_ions=0, executable=True, measureable=True)
Trap(id='trap_1', max_num_ions=3, initial_num_ions=0, executable=True, measureable=True)
Trap(id='trap_2', max_num_ions=3, initial_num_ions=0, executable=True, measureable=True)
Trap(id='trap_3', max_num_ions=3, initial_num_ions=0, executable=True, measureable=True)
Trap(id='trap_4', max_num_ions=3, initial_num_ions=0, executable=True, measureable=True)
Trap(id='trap_5', max_num_ions=3, initial_num_ions=0, executable=True, measureable=True)
### Junctions ### 
Junction(id='junction_0')
Junction(id='junction_1')
Junction(id='junction_2')
### Segments ### 
Segment(id='segment_0', left=Trap(id='trap_0', max_num_ions=3, initial_num_ions=0, executable=True, measureable=True), right=Junction(id='junction_0'))
Segment(id='segment_1', left=Trap(id='trap_5', max_num_ions=3, initial_num_ions=0, executable=True, measureable=True), right=Junction(id='junction_0'))
Segment(id='segment_2', left=Trap(id='trap_1', max_num_ions=3, initial_num_ions=0, executable=True, measureable=True), right=Junction(id='junction_1'))
Segment(id='segment_3', left=Trap(id='trap_4', max_num_ions=3, initial_num_ions=0, executable=True, measureable=True), right=Junction(id='junction_1'))
Segment(id='segment_4', left=Trap(id='trap_2', max_num_ions=3, initial_num_ions=0, executable=True, measureable=True), right=Junction(id='junction_2'))
Segment(id='segment_5', left=Trap(id='trap_3', max_num_ions=3, initial_num_ions=0, executable=True, measureable=True), right=Junction(id='junction_2'))
Segment(id='segment_6', left=Junction(id='junction_0'), right=Junction(id='junction_1'))
Segment(id='segment_7', left=Junction(id='junction_1'), right=Junction(id='junction_2'))
Finished creating the QCCD physical machine.
Position graph:  CouplingGraph({(3, 4), (12, 13), (22, 23), (21, 25), (23, 25), (11, 23), (13, 14), (19, 24), (18, 19), (4, 5), (20, 25), (21, 24), (22, 25), (14, 21), (0, 1), (9, 10), (1, 2), (10, 11), (6, 7), (15, 16), (24, 25), (18, 24), (20, 21), (20, 24), (17, 19), (5, 20), (8, 22), (2, 18), (7, 8), (16, 17)})
Initial ion assignment:  {0: 4, 1: 7, 2: 11, 3: 14, 4: 16, 5: 17, 6: 3, 7: 9}
Congestion rate:  1.0
Scheduling QCCD: 2360.0 us, costing 17.69423879997339 s to compile
0.00236
17.69423879997339
{0: 6, 1: 9, 2: 23, 3: 4, 4: 5, 5: 10, 6: 3, 7: 7}
[0, 1, 2, 3, 4, 5, 6, 7]
