Input filename:  TFXY_wsq_n32_s100_compiled
Algorithm:  SHAW
Trap type:  grid
Trap capacity:  4
Num layout passes:  2
Gate type:  FM
Run index:  2
Creating a QCCD machine ...
QCCD physical machine:
### Traps ### 
Trap(id='trap_0', max_num_ions=4, initial_num_ions=0, executable=True, measureable=True)
Trap(id='trap_1', max_num_ions=4, initial_num_ions=0, executable=True, measureable=True)
Trap(id='trap_2', max_num_ions=4, initial_num_ions=0, executable=True, measureable=True)
Trap(id='trap_3', max_num_ions=4, initial_num_ions=0, executable=True, measureable=True)
Trap(id='trap_4', max_num_ions=4, initial_num_ions=0, executable=True, measureable=True)
Trap(id='trap_5', max_num_ions=4, initial_num_ions=0, executable=True, measureable=True)
Trap(id='trap_6', max_num_ions=4, initial_num_ions=0, executable=True, measureable=True)
Trap(id='trap_7', max_num_ions=4, initial_num_ions=0, executable=True, measureable=True)
Trap(id='trap_8', max_num_ions=4, initial_num_ions=0, executable=True, measureable=True)
### Junctions ### 
Junction(id='junction_0')
Junction(id='junction_1')
Junction(id='junction_2')
Junction(id='junction_3')
Junction(id='junction_4')
Junction(id='junction_5')
### Segments ### 
Segment(id='segment_0', left=Trap(id='trap_0', max_num_ions=4, initial_num_ions=0, executable=True, measureable=True), right=Junction(id='junction_0'))
Segment(id='segment_1', left=Trap(id='trap_1', max_num_ions=4, initial_num_ions=0, executable=True, measureable=True), right=Junction(id='junction_1'))
Segment(id='segment_2', left=Trap(id='trap_2', max_num_ions=4, initial_num_ions=0, executable=True, measureable=True), right=Junction(id='junction_2'))
Segment(id='segment_3', left=Trap(id='trap_3', max_num_ions=4, initial_num_ions=0, executable=True, measureable=True), right=Junction(id='junction_3'))
Segment(id='segment_4', left=Junction(id='junction_0'), right=Trap(id='trap_3', max_num_ions=4, initial_num_ions=0, executable=True, measureable=True))
Segment(id='segment_5', left=Trap(id='trap_4', max_num_ions=4, initial_num_ions=0, executable=True, measureable=True), right=Junction(id='junction_4'))
Segment(id='segment_6', left=Junction(id='junction_1'), right=Trap(id='trap_4', max_num_ions=4, initial_num_ions=0, executable=True, measureable=True))
Segment(id='segment_7', left=Trap(id='trap_5', max_num_ions=4, initial_num_ions=0, executable=True, measureable=True), right=Junction(id='junction_5'))
Segment(id='segment_8', left=Junction(id='junction_2'), right=Trap(id='trap_5', max_num_ions=4, initial_num_ions=0, executable=True, measureable=True))
Segment(id='segment_9', left=Junction(id='junction_3'), right=Trap(id='trap_6', max_num_ions=4, initial_num_ions=0, executable=True, measureable=True))
Segment(id='segment_10', left=Junction(id='junction_4'), right=Trap(id='trap_7', max_num_ions=4, initial_num_ions=0, executable=True, measureable=True))
Segment(id='segment_11', left=Junction(id='junction_5'), right=Trap(id='trap_8', max_num_ions=4, initial_num_ions=0, executable=True, measureable=True))
Segment(id='segment_12', left=Junction(id='junction_0'), right=Junction(id='junction_1'))
Segment(id='segment_13', left=Junction(id='junction_1'), right=Junction(id='junction_2'))
Segment(id='segment_14', left=Junction(id='junction_3'), right=Junction(id='junction_4'))
Segment(id='segment_15', left=Junction(id='junction_4'), right=Junction(id='junction_5'))
Finished creating the QCCD physical machine.
Position graph:  CouplingGraph({(28, 46), (42, 48), (26, 27), (41, 46), (15, 39), (12, 13), (21, 22), (24, 45), (22, 23), (46, 51), (8, 9), (38, 44), (20, 44), (39, 45), (17, 18), (12, 40), (25, 26), (23, 43), (37, 42), (13, 14), (36, 40), (37, 48), (32, 33), (50, 51), (11, 38), (18, 19), (41, 51), (4, 5), (5, 6), (43, 51), (7, 37), (14, 15), (38, 49), (46, 50), (0, 1), (9, 10), (1, 2), (10, 11), (39, 50), (28, 29), (3, 36), (6, 7), (24, 25), (47, 51), (36, 48), (33, 34), (19, 41), (42, 49), (45, 50), (44, 49), (20, 21), (29, 30), (32, 47), (16, 42), (37, 49), (41, 50), (43, 47), (48, 49), (34, 35), (2, 3), (40, 48), (30, 31), (16, 17)})
Traceback (most recent call last):
  File "C:\Users\PC\Documents\GitHub\bqskit-shuttling\bqskit\shuttling\qccd\run.py", line 67, in <module>
    cir = Circuit.from_file(f"bqskit/shuttling/qccd/benchmark_circuits/{input_filename}.qasm")
          ^^^^^^^^^^^^^^^^^^^^^^^^^^^^^^^^^^^^^^^^^^^^^^^^^^^^^^^^^^^^^^^^^^^^^^^^^^^^^^^^^^^^
  File "C:\Users\PC\Documents\GitHub\bqskit-shuttling\venv\Lib\site-packages\bqskit\ir\circuit.py", line 3257, in from_file
    with open(filename) as f:
         ^^^^^^^^^^^^^^
FileNotFoundError: [Errno 2] No such file or directory: 'bqskit/shuttling/qccd/benchmark_circuits/TFXY_wsq_n32_s100_compiled.qasm'
