Trying to solve brute-force congestion at gate [7, 2] with {0: 5, 1: 1, 2: 4, 3: 0, 4: 6, 5: 3, 6: 7, 7: 2}
Trying to moving ion 2... to 2
Ion assignment after moving ion 2: {0: 5, 1: 1, 2: 4, 3: 0, 4: 6, 5: 3, 6: 7, 7: 2}
Clearing endpoint 3.........
Gate position gate updated to [2 7]--------------c
Trying to moving ion 7... to 3
Ion assignment after moving ion 7: {0: 5, 1: 1, 2: 4, 3: 0, 4: 6, 5: 8, 6: 3, 7: 2}
Executing gate at point (0, 6).
Executing gate at point (1, 6).
Trying to solve brute-force congestion at gate [8, 2] with {0: 5, 1: 1, 2: 4, 3: 0, 4: 6, 5: 8, 6: 3, 7: 2}
Trying to moving ion 2... to 2
Ion assignment after moving ion 2: {0: 5, 1: 1, 2: 4, 3: 0, 4: 6, 5: 8, 6: 3, 7: 2}
Clearing endpoint 3.........
Gate position gate updated to [2 8]--------------c
Trying to moving ion 8... to 3
Ion assignment after moving ion 8: {0: 5, 1: 1, 2: 4, 3: 0, 4: 6, 5: 3, 6: 10, 7: 2}
Executing gate at point (2, 5).
Executing gate at point (3, 5).
Trying to solve brute-force congestion at gate [6, 2] with {0: 5, 1: 1, 2: 4, 3: 0, 4: 6, 5: 3, 6: 10, 7: 2}
Trying to moving ion 6... to 6
Ion assignment after moving ion 6: {0: 5, 1: 1, 2: 4, 3: 0, 4: 6, 5: 3, 6: 10, 7: 2}
Gate position gate updated to [6 2]--------------c
Trying to moving ion 2... to 7
Ion assignment after moving ion 2: {0: 5, 1: 1, 2: 4, 3: 0, 4: 6, 5: 2, 6: 11, 7: 7}
Executing gate at point (4, 4).
Executing gate at point (5, 4).
Trying to solve brute-force congestion at gate [2, 11] with {0: 5, 1: 1, 2: 4, 3: 0, 4: 6, 5: 2, 6: 11, 7: 7}
Trying to moving ion 2... to 2
Ion assignment after moving ion 2: {0: 5, 1: 1, 2: 4, 3: 0, 4: 6, 5: 2, 6: 11, 7: 7}
Gate position gate updated to [ 2 11]--------------c
Trying to moving ion 11... to 3
Ion assignment after moving ion 11: {0: 5, 1: 1, 2: 4, 3: 0, 4: 6, 5: 2, 6: 3, 7: 7}
Executing gate at point (4, 5).
Executing gate at point (5, 5).
Trying to solve brute-force congestion at gate [0, 7] with {0: 5, 1: 1, 2: 4, 3: 0, 4: 6, 5: 2, 6: 3, 7: 7}
Trying to moving ion 0... to 0
Ion assignment after moving ion 0: {0: 5, 1: 1, 2: 4, 3: 0, 4: 6, 5: 2, 6: 3, 7: 7}
Clearing endpoint 1.........
Gate position gate updated to [0 7]--------------c
Trying to moving ion 7... to 1
Ion assignment after moving ion 7: {0: 5, 1: 9, 2: 4, 3: 0, 4: 6, 5: 2, 6: 3, 7: 1}
Executing gate at point (6, 3).
Executing gate at point (7, 3).
Trying to solve brute-force congestion at gate [4, 1] with {0: 5, 1: 9, 2: 4, 3: 0, 4: 6, 5: 2, 6: 3, 7: 1}
Trying to moving ion 4... to 4
Ion assignment after moving ion 4: {0: 5, 1: 9, 2: 4, 3: 0, 4: 6, 5: 2, 6: 3, 7: 1}
Clearing endpoint 5.........
Gate position gate updated to [4 1]--------------c
Trying to moving ion 1... to 5
Ion assignment after moving ion 1: {0: 12, 1: 9, 2: 4, 3: 0, 4: 6, 5: 2, 6: 3, 7: 5}
Executing gate at point (8, 2).
Executing gate at point (9, 2).
Trying to solve brute-force congestion at gate [9, 5] with {0: 12, 1: 9, 2: 4, 3: 0, 4: 6, 5: 2, 6: 3, 7: 5}
Trying to moving ion 5... to 4
Ion assignment after moving ion 5: {0: 12, 1: 9, 2: 5, 3: 0, 4: 6, 5: 2, 6: 3, 7: 4}
Clearing endpoint 5.........
Gate position gate updated to [4 9]--------------c
Trying to moving ion 9... to 5
Ion assignment after moving ion 9: {0: 7, 1: 5, 2: 12, 3: 0, 4: 6, 5: 2, 6: 3, 7: 4}
Executing gate at point (10, 1).
Executing gate at point (11, 1).
Trying to solve brute-force congestion at gate [7, 4] with {0: 7, 1: 5, 2: 12, 3: 0, 4: 6, 5: 2, 6: 3, 7: 4}
Trying to moving ion 4... to 4
Ion assignment after moving ion 4: {0: 7, 1: 5, 2: 12, 3: 0, 4: 6, 5: 2, 6: 3, 7: 4}
Clearing endpoint 5.........
Gate position gate updated to [4 7]--------------c
Trying to moving ion 7... to 5
Ion assignment after moving ion 7: {0: 5, 1: 10, 2: 8, 3: 0, 4: 6, 5: 2, 6: 3, 7: 4}
Executing gate at point (12, 0).
Executing gate at point (13, 0).
Best move: (3, 9)
Best move: (6, 7)
Best move: (6, 7)
Best move: (6, 7)
Try bruteforce due to repeated pattern...
Trying to solve brute-force congestion at gate [7, 9] with {0: 5, 1: 10, 2: 8, 3: 0, 4: 7, 5: 2, 6: 9, 7: 4}
Trying to moving ion 7... to 6
Ion assignment after moving ion 7: {0: 5, 1: 10, 2: 8, 3: 0, 4: 6, 5: 2, 6: 9, 7: 4}
Gate position gate updated to [6 9]--------------c
Trying to moving ion 9... to 7
Ion assignment after moving ion 9: {0: 5, 1: 11, 2: 8, 3: 0, 4: 6, 5: 2, 6: 7, 7: 4}
Executing gate at point (6, 4).
Executing gate at point (7, 4).
Trying to solve brute-force congestion at gate [0, 7] with {0: 5, 1: 11, 2: 8, 3: 0, 4: 6, 5: 2, 6: 7, 7: 4}
Trying to moving ion 0... to 0
Ion assignment after moving ion 0: {0: 5, 1: 11, 2: 8, 3: 0, 4: 6, 5: 2, 6: 7, 7: 4}
Gate position gate updated to [0 7]--------------c
Trying to moving ion 7... to 1
Ion assignment after moving ion 7: {0: 5, 1: 11, 2: 9, 3: 0, 4: 6, 5: 2, 6: 1, 7: 4}
Executing gate at point (8, 3).
Executing gate at point (9, 3).
Trying to solve brute-force congestion at gate [6, 2] with {0: 5, 1: 11, 2: 9, 3: 0, 4: 6, 5: 2, 6: 1, 7: 4}
Trying to moving ion 2... to 2
Ion assignment after moving ion 2: {0: 5, 1: 11, 2: 9, 3: 0, 4: 6, 5: 2, 6: 1, 7: 4}
Gate position gate updated to [2 6]--------------c
Trying to moving ion 6... to 3
Ion assignment after moving ion 6: {0: 5, 1: 11, 2: 8, 3: 0, 4: 3, 5: 2, 6: 1, 7: 4}
Executing gate at point (8, 4).
Executing gate at point (9, 4).
Best move: (2, 3)
Best move: (3, 9)
Best move: (0, 1)
Best move: (0, 1)
Best move: (8, 10)
Try bruteforce due to multiple steps (5) to solve one gate
Trying to solve brute-force congestion at gate [10, 1] with {0: 5, 1: 11, 2: 10, 3: 0, 4: 2, 5: 9, 6: 1, 7: 4}
Trying to moving ion 1... to 0
Ion assignment after moving ion 1: {0: 5, 1: 11, 2: 10, 3: 1, 4: 2, 5: 9, 6: 0, 7: 4}
Clearing endpoint 1.........
Gate position gate updated to [ 0 10]--------------c
Trying to moving ion 10... to 1
Ion assignment after moving ion 10: {0: 5, 1: 11, 2: 1, 3: 9, 4: 2, 5: 3, 6: 0, 7: 4}
Executing gate at point (10, 2).
Executing gate at point (11, 2).
Best move: (0, 1)
Best move: (1, 8)
Best move: (8, 10)
Best move: (10, 12)
Best move: (9, 10)
Try bruteforce due to multiple steps (5) to solve one gate
Trying to solve brute-force congestion at gate [11, 12] with {0: 5, 1: 11, 2: 0, 3: 10, 4: 2, 5: 3, 6: 12, 7: 4}
Trying to moving ion 12... to 6
Ion assignment after moving ion 12: {0: 5, 1: 11, 2: 0, 3: 10, 4: 2, 5: 3, 6: 6, 7: 4}
Gate position gate updated to [ 6 11]--------------c
Trying to moving ion 11... to 7
Ion assignment after moving ion 11: {0: 5, 1: 7, 2: 0, 3: 10, 4: 2, 5: 3, 6: 6, 7: 4}
Executing gate at point (12, 1).
Executing gate at point (13, 1).
Trying to solve brute-force congestion at gate [5, 6] with {0: 5, 1: 7, 2: 0, 3: 10, 4: 2, 5: 3, 6: 6, 7: 4}
Trying to moving ion 6... to 6
Ion assignment after moving ion 6: {0: 5, 1: 7, 2: 0, 3: 10, 4: 2, 5: 3, 6: 6, 7: 4}
Clearing endpoint 7.........
Gate position gate updated to [6 5]--------------c
Trying to moving ion 5... to 7
Ion assignment after moving ion 5: {0: 7, 1: 10, 2: 0, 3: 8, 4: 2, 5: 3, 6: 6, 7: 4}
Executing gate at point (14, 0).
Executing gate at point (15, 0).
Trying to solve brute-force congestion at gate [8, 3] with {0: 7, 1: 10, 2: 0, 3: 8, 4: 2, 5: 3, 6: 6, 7: 4}
Trying to moving ion 3... to 2
Ion assignment after moving ion 3: {0: 7, 1: 10, 2: 0, 3: 8, 4: 3, 5: 2, 6: 6, 7: 4}
Clearing endpoint 3.........
Gate position gate updated to [2 8]--------------c
Trying to moving ion 8... to 3
Ion assignment after moving ion 8: {0: 7, 1: 11, 2: 0, 3: 3, 4: 10, 5: 2, 6: 6, 7: 4}
Executing gate at point (10, 3).
Executing gate at point (11, 3).
Trying to solve brute-force congestion at gate [0, 2] with {0: 7, 1: 11, 2: 0, 3: 3, 4: 10, 5: 2, 6: 6, 7: 4}
Trying to moving ion 0... to 0
Ion assignment after moving ion 0: {0: 7, 1: 11, 2: 0, 3: 3, 4: 10, 5: 2, 6: 6, 7: 4}
Gate position gate updated to [0 2]--------------c
Trying to moving ion 2... to 1
Ion assignment after moving ion 2: {0: 7, 1: 11, 2: 0, 3: 2, 4: 10, 5: 1, 6: 6, 7: 4}
Executing gate at point (12, 2).
Executing gate at point (13, 2).
Trying to solve brute-force congestion at gate [11, 1] with {0: 7, 1: 11, 2: 0, 3: 2, 4: 10, 5: 1, 6: 6, 7: 4}
Trying to moving ion 1... to 0
Ion assignment after moving ion 1: {0: 7, 1: 11, 2: 1, 3: 2, 4: 10, 5: 0, 6: 6, 7: 4}
Clearing endpoint 1.........
Gate position gate updated to [ 0 11]--------------c
Trying to moving ion 11... to 1
Ion assignment after moving ion 11: {0: 7, 1: 1, 2: 9, 3: 2, 4: 3, 5: 0, 6: 6, 7: 4}
Executing gate at point (14, 1).
Executing gate at point (12, 3).
Executing gate at point (13, 3).
Executing gate at point (15, 1).
Trying to solve brute-force congestion at gate [9, 3] with {0: 7, 1: 1, 2: 9, 3: 2, 4: 3, 5: 0, 6: 6, 7: 4}
Trying to moving ion 3... to 2
Ion assignment after moving ion 3: {0: 7, 1: 1, 2: 9, 3: 3, 4: 2, 5: 0, 6: 6, 7: 4}
Clearing endpoint 3.........
Gate position gate updated to [ 2 10]--------------c
Trying to moving ion 10... to 3
Ion assignment after moving ion 10: {0: 7, 1: 1, 2: 3, 3: 8, 4: 2, 5: 0, 6: 6, 7: 4}
Executing gate at point (14, 2).
Executing gate at point (15, 2).
Trying to solve brute-force congestion at gate [3, 8] with {0: 7, 1: 1, 2: 3, 3: 8, 4: 2, 5: 0, 6: 6, 7: 4}
Trying to moving ion 3... to 2
Ion assignment after moving ion 3: {0: 7, 1: 1, 2: 2, 3: 8, 4: 3, 5: 0, 6: 6, 7: 4}
Clearing endpoint 3.........
Gate position gate updated to [2 8]--------------c
Trying to moving ion 8... to 3
Ion assignment after moving ion 8: {0: 7, 1: 1, 2: 2, 3: 3, 4: 10, 5: 0, 6: 6, 7: 4}
Executing gate at point (16, 2).
Executing gate at point (17, 2).
Trying to solve brute-force congestion at gate [7, 0] with {0: 7, 1: 1, 2: 2, 3: 3, 4: 10, 5: 0, 6: 6, 7: 4}
Trying to moving ion 0... to 0
Ion assignment after moving ion 0: {0: 7, 1: 1, 2: 2, 3: 3, 4: 10, 5: 0, 6: 6, 7: 4}
Clearing endpoint 1.........
Gate position gate updated to [0 7]--------------c
Trying to moving ion 7... to 1
Ion assignment after moving ion 7: {0: 1, 1: 9, 2: 2, 3: 3, 4: 11, 5: 0, 6: 6, 7: 4}
Executing gate at point (16, 0).
Executing gate at point (17, 0).
Trying to solve brute-force congestion at gate [9, 11] with {0: 1, 1: 9, 2: 2, 3: 3, 4: 11, 5: 0, 6: 6, 7: 4}
Trying to moving ion 11... to 4
Ion assignment after moving ion 11: {0: 1, 1: 9, 2: 2, 3: 3, 4: 4, 5: 0, 6: 6, 7: 5}
Clearing endpoint 5.........
Gate position gate updated to [4 9]--------------c
Trying to moving ion 9... to 5
Ion assignment after moving ion 9: {0: 1, 1: 5, 2: 2, 3: 3, 4: 4, 5: 0, 6: 6, 7: 12}
Executing gate at point (16, 1).
Executing gate at point (17, 1).
Trying to solve brute-force congestion at gate [1, 4] with {0: 1, 1: 5, 2: 2, 3: 3, 4: 4, 5: 0, 6: 6, 7: 12}
Trying to moving ion 4... to 4
Ion assignment after moving ion 4: {0: 1, 1: 5, 2: 2, 3: 3, 4: 4, 5: 0, 6: 6, 7: 12}
Clearing endpoint 5.........
Gate position gate updated to [4 1]--------------c
Trying to moving ion 1... to 5
Ion assignment after moving ion 1: {0: 5, 1: 12, 2: 2, 3: 3, 4: 4, 5: 0, 6: 6, 7: 7}
Executing gate at point (18, 0).
Executing gate at point (19, 0).
Trying to solve brute-force congestion at gate [12, 3] with {0: 5, 1: 12, 2: 2, 3: 3, 4: 4, 5: 0, 6: 6, 7: 7}
Trying to moving ion 3... to 2
Ion assignment after moving ion 3: {0: 5, 1: 12, 2: 3, 3: 2, 4: 4, 5: 0, 6: 6, 7: 7}
Clearing endpoint 3.........
Gate position gate updated to [ 2 12]--------------c
Trying to moving ion 12... to 3
Ion assignment after moving ion 12: {0: 5, 1: 3, 2: 8, 3: 2, 4: 4, 5: 0, 6: 6, 7: 7}
Executing gate at point (18, 1).
Executing gate at point (19, 1).
Trying to solve brute-force congestion at gate [5, 2] with {0: 5, 1: 3, 2: 8, 3: 2, 4: 4, 5: 0, 6: 6, 7: 7}
Trying to moving ion 2... to 2
Ion assignment after moving ion 2: {0: 5, 1: 3, 2: 8, 3: 2, 4: 4, 5: 0, 6: 6, 7: 7}
Clearing endpoint 3.........
Gate position gate updated to [2 5]--------------c
Trying to moving ion 5... to 3
Ion assignment after moving ion 5: {0: 3, 1: 8, 2: 1, 3: 2, 4: 4, 5: 0, 6: 6, 7: 7}
Executing gate at point (20, 0).
Executing gate at point (21, 0).
Trying to solve brute-force congestion at gate [8, 1] with {0: 3, 1: 8, 2: 1, 3: 2, 4: 4, 5: 0, 6: 6, 7: 7}
Trying to moving ion 1... to 0
Ion assignment after moving ion 1: {0: 3, 1: 8, 2: 0, 3: 2, 4: 4, 5: 1, 6: 6, 7: 7}
Clearing endpoint 1.........
Gate position gate updated to [ 0 10]--------------c
Trying to moving ion 10... to 1
Ion assignment after moving ion 10: {0: 3, 1: 1, 2: 0, 3: 2, 4: 4, 5: 9, 6: 6, 7: 7}
Executing gate at point (20, 1).
Executing gate at point (21, 1).
Trying to solve brute-force congestion at gate [2, 4] with {0: 3, 1: 1, 2: 0, 3: 2, 4: 4, 5: 9, 6: 6, 7: 7}
Trying to moving ion 4... to 4
Ion assignment after moving ion 4: {0: 3, 1: 1, 2: 0, 3: 2, 4: 4, 5: 9, 6: 6, 7: 7}
Gate position gate updated to [4 2]--------------c
Trying to moving ion 2... to 5
Ion assignment after moving ion 2: {0: 2, 1: 1, 2: 0, 3: 5, 4: 4, 5: 12, 6: 6, 7: 7}
Executing gate at point (22, 3).
Executing gate at point (23, 3).
Executing gate at point (24, 3).
Trying to solve brute-force congestion at gate [2, 0] with {0: 2, 1: 1, 2: 0, 3: 5, 4: 4, 5: 12, 6: 6, 7: 7}
Trying to moving ion 2... to 2
Ion assignment after moving ion 2: {0: 2, 1: 1, 2: 0, 3: 5, 4: 4, 5: 12, 6: 6, 7: 7}
Gate position gate updated to [2 0]--------------c
Trying to moving ion 0... to 3
Ion assignment after moving ion 0: {0: 2, 1: 0, 2: 3, 3: 5, 4: 4, 5: 12, 6: 6, 7: 7}
Executing gate at point (22, 0).
Executing gate at point (23, 0).
Trying to solve brute-force congestion at gate [3, 12] with {0: 2, 1: 0, 2: 3, 3: 5, 4: 4, 5: 12, 6: 6, 7: 7}
Trying to moving ion 3... to 2
Ion assignment after moving ion 3: {0: 3, 1: 0, 2: 2, 3: 5, 4: 4, 5: 12, 6: 6, 7: 7}
Clearing endpoint 3.........
Gate position gate updated to [ 2 12]--------------c
Trying to moving ion 12... to 3
Ion assignment after moving ion 12: {0: 8, 1: 0, 2: 2, 3: 5, 4: 4, 5: 3, 6: 6, 7: 7}
Executing gate at point (24, 2).
Executing gate at point (25, 2).
Executing gate at point (26, 2).
Trying to solve brute-force congestion at gate [8, 0] with {0: 8, 1: 0, 2: 2, 3: 5, 4: 4, 5: 3, 6: 6, 7: 7}
Trying to moving ion 0... to 0
Ion assignment after moving ion 0: {0: 8, 1: 0, 2: 2, 3: 5, 4: 4, 5: 3, 6: 6, 7: 7}
Gate position gate updated to [0 8]--------------c
Trying to moving ion 8... to 1
Ion assignment after moving ion 8: {0: 1, 1: 0, 2: 2, 3: 5, 4: 4, 5: 3, 6: 6, 7: 7}
Executing gate at point (24, 0).
Executing gate at point (25, 0).
Trying to solve brute-force congestion at gate [1, 7] with {0: 1, 1: 0, 2: 2, 3: 5, 4: 4, 5: 3, 6: 6, 7: 7}
Trying to moving ion 1... to 0
Ion assignment after moving ion 1: {0: 0, 1: 1, 2: 2, 3: 5, 4: 4, 5: 3, 6: 6, 7: 7}
Clearing endpoint 1.........
Gate position gate updated to [0 7]--------------c
Trying to moving ion 7... to 1
Ion assignment after moving ion 7: {0: 0, 1: 9, 2: 2, 3: 5, 4: 4, 5: 3, 6: 6, 7: 1}
Executing gate at point (26, 0).
Executing gate at point (27, 0).
Executing gate at point (28, 0).
Best move: (9, 10)
Best move: (10, 12)
Best move: (7, 12)
Executing gate at point (26, 1).
Executing gate at point (27, 1).
Executing gate at point (28, 1).
Trying to solve brute-force congestion at gate [0, 7] with {0: 0, 1: 7, 2: 2, 3: 5, 4: 4, 5: 3, 6: 6, 7: 1}
Trying to moving ion 0... to 0
Ion assignment after moving ion 0: {0: 0, 1: 7, 2: 2, 3: 5, 4: 4, 5: 3, 6: 6, 7: 1}
Clearing endpoint 1.........
Gate position gate updated to [0 7]--------------c
Trying to moving ion 7... to 1
Ion assignment after moving ion 7: {0: 0, 1: 1, 2: 2, 3: 5, 4: 4, 5: 3, 6: 6, 7: 9}
Trying to solve brute-force congestion at gate [0, 2] with {0: 0, 1: 1, 2: 2, 3: 5, 4: 4, 5: 3, 6: 6, 7: 9}
Trying to moving ion 0... to 0
Ion assignment after moving ion 0: {0: 0, 1: 1, 2: 2, 3: 5, 4: 4, 5: 3, 6: 6, 7: 9}
Clearing endpoint 1.........
Gate position gate updated to [0 2]--------------c
Trying to moving ion 2... to 1
Ion assignment after moving ion 2: {0: 0, 1: 10, 2: 1, 3: 5, 4: 4, 5: 2, 6: 6, 7: 12}
Trying to solve brute-force congestion at gate [0, 5] with {0: 0, 1: 10, 2: 1, 3: 5, 4: 4, 5: 2, 6: 6, 7: 12}
Trying to moving ion 0... to 0
Ion assignment after moving ion 0: {0: 0, 1: 10, 2: 1, 3: 5, 4: 4, 5: 2, 6: 6, 7: 12}
Clearing endpoint 1.........
Gate position gate updated to [0 5]--------------c
Trying to moving ion 5... to 1
Ion assignment after moving ion 5: {0: 0, 1: 3, 2: 9, 3: 1, 4: 4, 5: 2, 6: 6, 7: 12}
Trying to solve brute-force congestion at gate [3, 9] with {0: 0, 1: 3, 2: 9, 3: 1, 4: 4, 5: 2, 6: 6, 7: 12}
Trying to moving ion 3... to 2
Ion assignment after moving ion 3: {0: 0, 1: 2, 2: 9, 3: 1, 4: 4, 5: 3, 6: 6, 7: 12}
Clearing endpoint 3.........
Gate position gate updated to [ 2 10]--------------c
Trying to moving ion 10... to 3
Ion assignment after moving ion 10: {0: 0, 1: 2, 2: 3, 3: 1, 4: 4, 5: 8, 6: 6, 7: 12}
Trying to solve brute-force congestion at gate [0, 4] with {0: 0, 1: 2, 2: 3, 3: 1, 4: 4, 5: 8, 6: 6, 7: 12}
Trying to moving ion 4... to 4
Ion assignment after moving ion 4: {0: 0, 1: 2, 2: 3, 3: 1, 4: 4, 5: 8, 6: 6, 7: 12}
Gate position gate updated to [4 0]--------------c
Trying to moving ion 0... to 5
Ion assignment after moving ion 0: {0: 5, 1: 2, 2: 3, 3: 0, 4: 4, 5: 9, 6: 6, 7: 12}
Trying to solve brute-force congestion at gate [5, 9] with {0: 5, 1: 2, 2: 3, 3: 0, 4: 4, 5: 9, 6: 6, 7: 12}
Trying to moving ion 5... to 4
Ion assignment after moving ion 5: {0: 4, 1: 2, 2: 3, 3: 0, 4: 5, 5: 9, 6: 6, 7: 12}
Clearing endpoint 5.........
Gate position gate updated to [4 9]--------------c
Trying to moving ion 9... to 5
Ion assignment after moving ion 9: {0: 4, 1: 2, 2: 3, 3: 0, 4: 12, 5: 5, 6: 6, 7: 7}
Trying to solve brute-force congestion at gate [4, 6] with {0: 4, 1: 2, 2: 3, 3: 0, 4: 12, 5: 5, 6: 6, 7: 7}
Trying to moving ion 4... to 4
Ion assignment after moving ion 4: {0: 4, 1: 2, 2: 3, 3: 0, 4: 12, 5: 5, 6: 6, 7: 7}
Clearing endpoint 5.........
Gate position gate updated to [4 6]--------------c
Trying to moving ion 6... to 5
Ion assignment after moving ion 6: {0: 4, 1: 2, 2: 3, 3: 0, 4: 8, 5: 10, 6: 5, 7: 6}
Trying to solve brute-force congestion at gate [2, 0] with {0: 7, 1: 2, 2: 3, 3: 0, 4: 8, 5: 10, 6: 4, 7: 6}
Trying to moving ion 0... to 0
Ion assignment after moving ion 0: {0: 7, 1: 2, 2: 3, 3: 0, 4: 8, 5: 10, 6: 4, 7: 6}
Gate position gate updated to [0 2]--------------c
Trying to moving ion 2... to 1
Ion assignment after moving ion 2: {0: 7, 1: 1, 2: 2, 3: 0, 4: 10, 5: 11, 6: 4, 7: 6}
Trying to solve brute-force congestion at gate [1, 10] with {0: 7, 1: 1, 2: 2, 3: 0, 4: 10, 5: 11, 6: 4, 7: 6}
Trying to moving ion 1... to 0
Ion assignment after moving ion 1: {0: 7, 1: 0, 2: 2, 3: 1, 4: 10, 5: 11, 6: 4, 7: 6}
Clearing endpoint 1.........
Gate position gate updated to [ 0 10]--------------c
Trying to moving ion 10... to 1
Ion assignment after moving ion 10: {0: 7, 1: 0, 2: 2, 3: 9, 4: 1, 5: 11, 6: 4, 7: 6}
Trying to solve brute-force congestion at gate [0, 11] with {0: 7, 1: 0, 2: 2, 3: 9, 4: 1, 5: 11, 6: 4, 7: 6}
Trying to moving ion 0... to 0
Ion assignment after moving ion 0: {0: 7, 1: 0, 2: 2, 3: 9, 4: 1, 5: 11, 6: 4, 7: 6}
Clearing endpoint 1.........
Gate position gate updated to [ 0 11]--------------c
Trying to moving ion 11... to 1
Ion assignment after moving ion 11: {0: 7, 1: 0, 2: 2, 3: 3, 4: 9, 5: 1, 6: 4, 7: 6}
Trying to solve brute-force congestion at gate [2, 9] with {0: 7, 1: 0, 2: 2, 3: 3, 4: 9, 5: 1, 6: 4, 7: 6}
Trying to moving ion 2... to 2
Ion assignment after moving ion 2: {0: 7, 1: 0, 2: 2, 3: 3, 4: 9, 5: 1, 6: 4, 7: 6}
Clearing endpoint 3.........
Gate position gate updated to [ 2 10]--------------c
Trying to moving ion 10... to 3
Ion assignment after moving ion 10: {0: 7, 1: 0, 2: 2, 3: 8, 4: 3, 5: 1, 6: 4, 7: 6}
Trying to solve brute-force congestion at gate [2, 1] with {0: 7, 1: 0, 2: 2, 3: 8, 4: 3, 5: 1, 6: 4, 7: 6}
Trying to moving ion 2... to 2
Ion assignment after moving ion 2: {0: 7, 1: 0, 2: 2, 3: 8, 4: 3, 5: 1, 6: 4, 7: 6}
Clearing endpoint 3.........
Gate position gate updated to [2 1]--------------c
Trying to moving ion 1... to 3
Ion assignment after moving ion 1: {0: 7, 1: 0, 2: 2, 3: 11, 4: 10, 5: 3, 6: 4, 7: 6}
Trying to solve brute-force congestion at gate [11, 10] with {0: 7, 1: 0, 2: 2, 3: 11, 4: 10, 5: 3, 6: 4, 7: 6}
Trying to moving ion 11... to 4
Ion assignment after moving ion 11: {0: 7, 1: 0, 2: 2, 3: 4, 4: 10, 5: 3, 6: 5, 7: 6}
Clearing endpoint 5.........
Gate position gate updated to [ 4 10]--------------c
Trying to moving ion 10... to 5
Ion assignment after moving ion 10: {0: 7, 1: 0, 2: 2, 3: 4, 4: 5, 5: 3, 6: 12, 7: 6}
Trying to solve brute-force congestion at gate [0, 12] with {0: 7, 1: 0, 2: 2, 3: 4, 4: 5, 5: 3, 6: 12, 7: 6}
Trying to moving ion 0... to 0
Ion assignment after moving ion 0: {0: 7, 1: 0, 2: 2, 3: 4, 4: 5, 5: 3, 6: 12, 7: 6}
Gate position gate updated to [ 0 12]--------------c
Trying to moving ion 12... to 1
Ion assignment after moving ion 12: {0: 7, 1: 0, 2: 2, 3: 4, 4: 5, 5: 3, 6: 1, 7: 6}
Trying to solve brute-force congestion at gate [0, 6] with {0: 7, 1: 0, 2: 2, 3: 4, 4: 5, 5: 3, 6: 1, 7: 6}
Trying to moving ion 0... to 0
Ion assignment after moving ion 0: {0: 7, 1: 0, 2: 2, 3: 4, 4: 5, 5: 3, 6: 1, 7: 6}
Clearing endpoint 1.........
Gate position gate updated to [0 6]--------------c
Trying to moving ion 6... to 1
Ion assignment after moving ion 6: {0: 6, 1: 0, 2: 2, 3: 4, 4: 5, 5: 3, 6: 9, 7: 1}
Trying to solve brute-force congestion at gate [2, 9] with {0: 6, 1: 0, 2: 2, 3: 4, 4: 5, 5: 3, 6: 9, 7: 1}
Trying to moving ion 2... to 2
Ion assignment after moving ion 2: {0: 6, 1: 0, 2: 2, 3: 4, 4: 5, 5: 3, 6: 9, 7: 1}
Clearing endpoint 3.........
Gate position gate updated to [ 2 10]--------------c
Trying to moving ion 10... to 3
Ion assignment after moving ion 10: {0: 6, 1: 0, 2: 2, 3: 4, 4: 5, 5: 8, 6: 3, 7: 1}
Trying to solve brute-force congestion at gate [4, 8] with {0: 6, 1: 0, 2: 2, 3: 4, 4: 5, 5: 8, 6: 3, 7: 1}
Trying to moving ion 4... to 4
Ion assignment after moving ion 4: {0: 6, 1: 0, 2: 2, 3: 4, 4: 5, 5: 8, 6: 3, 7: 1}
Clearing endpoint 5.........
Gate position gate updated to [4 8]--------------c
Trying to moving ion 8... to 5
Ion assignment after moving ion 8: {0: 6, 1: 0, 2: 2, 3: 4, 4: 12, 5: 5, 6: 3, 7: 1}
Trying to solve brute-force congestion at gate [2, 1] with {0: 6, 1: 0, 2: 2, 3: 4, 4: 12, 5: 5, 6: 3, 7: 1}
Trying to moving ion 2... to 2
Ion assignment after moving ion 2: {0: 6, 1: 0, 2: 2, 3: 4, 4: 12, 5: 5, 6: 3, 7: 1}
Clearing endpoint 3.........
Gate position gate updated to [2 1]--------------c
Trying to moving ion 1... to 3
Ion assignment after moving ion 1: {0: 6, 1: 0, 2: 2, 3: 4, 4: 12, 5: 5, 6: 10, 7: 3}
Trying to solve brute-force congestion at gate [4, 10] with {0: 6, 1: 0, 2: 2, 3: 4, 4: 12, 5: 5, 6: 10, 7: 3}
Trying to moving ion 4... to 4
Ion assignment after moving ion 4: {0: 6, 1: 0, 2: 2, 3: 4, 4: 12, 5: 5, 6: 10, 7: 3}
Clearing endpoint 5.........
Gate position gate updated to [ 4 10]--------------c
Trying to moving ion 10... to 5
Ion assignment after moving ion 10: {0: 6, 1: 0, 2: 2, 3: 4, 4: 7, 5: 12, 6: 5, 7: 3}
Trying to solve brute-force congestion at gate [4, 3] with {0: 6, 1: 0, 2: 2, 3: 4, 4: 7, 5: 12, 6: 5, 7: 3}
Trying to moving ion 4... to 4
Ion assignment after moving ion 4: {0: 6, 1: 0, 2: 2, 3: 4, 4: 7, 5: 12, 6: 5, 7: 3}
Clearing endpoint 5.........
Gate position gate updated to [4 3]--------------c
Trying to moving ion 3... to 5
Ion assignment after moving ion 3: {0: 6, 1: 0, 2: 2, 3: 4, 4: 7, 5: 12, 6: 8, 7: 5}
Trying to solve brute-force congestion at gate [7, 12] with {0: 6, 1: 0, 2: 2, 3: 4, 4: 7, 5: 12, 6: 8, 7: 5}
Trying to moving ion 7... to 6
Ion assignment after moving ion 7: {0: 7, 1: 0, 2: 2, 3: 4, 4: 6, 5: 12, 6: 8, 7: 5}
Clearing endpoint 7.........
Gate position gate updated to [ 6 10]--------------c
Trying to moving ion 10... to 7
Ion assignment after moving ion 10: {0: 11, 1: 0, 2: 2, 3: 4, 4: 6, 5: 7, 6: 8, 7: 5}
Trying to solve brute-force congestion at gate [6, 8] with {0: 11, 1: 0, 2: 2, 3: 4, 4: 6, 5: 7, 6: 8, 7: 5}
Trying to moving ion 6... to 6
Ion assignment after moving ion 6: {0: 11, 1: 0, 2: 2, 3: 4, 4: 6, 5: 7, 6: 8, 7: 5}
Clearing endpoint 7.........
Gate position gate updated to [6 8]--------------c
Trying to moving ion 8... to 7
Ion assignment after moving ion 8: {0: 11, 1: 0, 2: 2, 3: 4, 4: 6, 5: 8, 6: 7, 7: 5}
Trying to solve brute-force congestion at gate [6, 5] with {0: 11, 1: 0, 2: 2, 3: 4, 4: 6, 5: 8, 6: 7, 7: 5}
Trying to moving ion 6... to 6
Ion assignment after moving ion 6: {0: 11, 1: 0, 2: 2, 3: 4, 4: 6, 5: 8, 6: 7, 7: 5}
Clearing endpoint 7.........
Gate position gate updated to [6 5]--------------c
Trying to moving ion 5... to 7
Ion assignment after moving ion 5: {0: 9, 1: 0, 2: 2, 3: 4, 4: 6, 5: 8, 6: 10, 7: 7}
Trying to solve brute-force congestion at gate [8, 10] with {0: 9, 1: 0, 2: 2, 3: 4, 4: 6, 5: 8, 6: 10, 7: 7}
Trying to moving ion 8... to 0
Ion assignment after moving ion 8: {0: 9, 1: 1, 2: 2, 3: 4, 4: 6, 5: 0, 6: 10, 7: 7}
Clearing endpoint 1.........
Gate position gate updated to [ 0 10]--------------c
Trying to moving ion 10... to 1
Ion assignment after moving ion 10: {0: 3, 1: 9, 2: 2, 3: 4, 4: 6, 5: 0, 6: 1, 7: 7}
Trying to solve brute-force congestion at gate [0, 7] with {0: 3, 1: 9, 2: 2, 3: 4, 4: 6, 5: 0, 6: 1, 7: 7}
Trying to moving ion 0... to 0
Ion assignment after moving ion 0: {0: 3, 1: 9, 2: 2, 3: 4, 4: 6, 5: 0, 6: 1, 7: 7}
Clearing endpoint 1.........
Gate position gate updated to [0 7]--------------c
Trying to moving ion 7... to 1
Ion assignment after moving ion 7: {0: 3, 1: 9, 2: 2, 3: 4, 4: 6, 5: 0, 6: 11, 7: 1}
Trying to solve brute-force congestion at gate [11, 1] with {0: 3, 1: 9, 2: 2, 3: 4, 4: 6, 5: 0, 6: 11, 7: 1}
Trying to moving ion 1... to 0
Ion assignment after moving ion 1: {0: 3, 1: 9, 2: 2, 3: 4, 4: 6, 5: 1, 6: 11, 7: 0}
Clearing endpoint 1.........
Gate position gate updated to [ 0 11]--------------c
Trying to moving ion 11... to 1
Ion assignment after moving ion 11: {0: 3, 1: 9, 2: 2, 3: 4, 4: 6, 5: 11, 6: 1, 7: 0}
Executing gate at point (0, 6).
Executing gate at point (1, 6).
Trying to solve brute-force congestion at gate [11, 0] with {0: 3, 1: 9, 2: 2, 3: 4, 4: 6, 5: 11, 6: 1, 7: 0}
Trying to moving ion 0... to 0
Ion assignment after moving ion 0: {0: 3, 1: 9, 2: 2, 3: 4, 4: 6, 5: 11, 6: 1, 7: 0}
Clearing endpoint 1.........
Gate position gate updated to [ 0 11]--------------c
Trying to moving ion 11... to 1
Ion assignment after moving ion 11: {0: 3, 1: 9, 2: 2, 3: 4, 4: 6, 5: 1, 6: 11, 7: 0}
Executing gate at point (2, 5).
Executing gate at point (3, 5).
Trying to solve brute-force congestion at gate [6, 0] with {0: 3, 1: 9, 2: 2, 3: 4, 4: 6, 5: 1, 6: 11, 7: 0}
Trying to moving ion 6... to 6
Ion assignment after moving ion 6: {0: 3, 1: 9, 2: 2, 3: 4, 4: 6, 5: 1, 6: 11, 7: 0}
Gate position gate updated to [6 0]--------------c
Trying to moving ion 0... to 7
Ion assignment after moving ion 0: {0: 3, 1: 9, 2: 2, 3: 4, 4: 6, 5: 0, 6: 11, 7: 7}
Executing gate at point (4, 4).
Executing gate at point (5, 4).
Trying to solve brute-force congestion at gate [0, 11] with {0: 3, 1: 9, 2: 2, 3: 4, 4: 6, 5: 0, 6: 11, 7: 7}
Trying to moving ion 0... to 0
Ion assignment after moving ion 0: {0: 3, 1: 9, 2: 2, 3: 4, 4: 6, 5: 0, 6: 11, 7: 7}
Gate position gate updated to [ 0 11]--------------c
Trying to moving ion 11... to 1
Ion assignment after moving ion 11: {0: 3, 1: 9, 2: 2, 3: 4, 4: 6, 5: 0, 6: 1, 7: 7}
Executing gate at point (4, 5).
Executing gate at point (5, 5).
Trying to solve brute-force congestion at gate [4, 7] with {0: 3, 1: 9, 2: 2, 3: 4, 4: 6, 5: 0, 6: 1, 7: 7}
Trying to moving ion 4... to 4
Ion assignment after moving ion 4: {0: 3, 1: 9, 2: 2, 3: 4, 4: 6, 5: 0, 6: 1, 7: 7}
Gate position gate updated to [4 7]--------------c
Trying to moving ion 7... to 5
Ion assignment after moving ion 7: {0: 3, 1: 9, 2: 2, 3: 4, 4: 6, 5: 0, 6: 1, 7: 5}
Executing gate at point (6, 3).
Executing gate at point (7, 3).
Trying to solve brute-force congestion at gate [2, 5] with {0: 3, 1: 9, 2: 2, 3: 4, 4: 6, 5: 0, 6: 1, 7: 5}
Trying to moving ion 2... to 2
Ion assignment after moving ion 2: {0: 3, 1: 9, 2: 2, 3: 4, 4: 6, 5: 0, 6: 1, 7: 5}
Clearing endpoint 3.........
Gate position gate updated to [2 5]--------------c
Trying to moving ion 5... to 3
Ion assignment after moving ion 5: {0: 8, 1: 12, 2: 2, 3: 4, 4: 6, 5: 0, 6: 1, 7: 3}
Executing gate at point (8, 2).
Executing gate at point (9, 2).
Trying to solve brute-force congestion at gate [12, 3] with {0: 8, 1: 12, 2: 2, 3: 4, 4: 6, 5: 0, 6: 1, 7: 3}
Trying to moving ion 3... to 2
Ion assignment after moving ion 3: {0: 8, 1: 12, 2: 3, 3: 4, 4: 6, 5: 0, 6: 1, 7: 2}
Clearing endpoint 3.........
Gate position gate updated to [ 2 12]--------------c
Trying to moving ion 12... to 3
Ion assignment after moving ion 12: {0: 8, 1: 3, 2: 11, 3: 4, 4: 6, 5: 0, 6: 1, 7: 2}
Executing gate at point (10, 1).
Executing gate at point (11, 1).
Trying to solve brute-force congestion at gate [8, 2] with {0: 8, 1: 3, 2: 11, 3: 4, 4: 6, 5: 0, 6: 1, 7: 2}
Trying to moving ion 2... to 2
Ion assignment after moving ion 2: {0: 8, 1: 3, 2: 11, 3: 4, 4: 6, 5: 0, 6: 1, 7: 2}
Clearing endpoint 3.........
Gate position gate updated to [2 8]--------------c
Trying to moving ion 8... to 3
Ion assignment after moving ion 8: {0: 3, 1: 10, 2: 11, 3: 4, 4: 6, 5: 0, 6: 1, 7: 2}
Executing gate at point (12, 0).
Executing gate at point (13, 0).
Best move: (1, 8)
Best move: (8, 9)
Best move: (8, 9)
Best move: (8, 9)
Try bruteforce due to repeated pattern...
Trying to solve brute-force congestion at gate [6, 9] with {0: 3, 1: 10, 2: 11, 3: 4, 4: 6, 5: 0, 6: 9, 7: 2}
Trying to moving ion 6... to 6
Ion assignment after moving ion 6: {0: 3, 1: 10, 2: 11, 3: 4, 4: 6, 5: 0, 6: 9, 7: 2}
Gate position gate updated to [6 9]--------------c
Trying to moving ion 9... to 7
Ion assignment after moving ion 9: {0: 3, 1: 8, 2: 11, 3: 4, 4: 6, 5: 0, 6: 7, 7: 2}
Executing gate at point (6, 4).
Executing gate at point (7, 4).
Trying to solve brute-force congestion at gate [4, 7] with {0: 3, 1: 8, 2: 11, 3: 4, 4: 6, 5: 0, 6: 7, 7: 2}
Trying to moving ion 4... to 4
Ion assignment after moving ion 4: {0: 3, 1: 8, 2: 11, 3: 4, 4: 6, 5: 0, 6: 7, 7: 2}
Gate position gate updated to [4 7]--------------c
Trying to moving ion 7... to 5
Ion assignment after moving ion 7: {0: 3, 1: 8, 2: 10, 3: 4, 4: 6, 5: 0, 6: 5, 7: 2}
Executing gate at point (8, 3).
Executing gate at point (9, 3).
Trying to solve brute-force congestion at gate [6, 0] with {0: 3, 1: 8, 2: 10, 3: 4, 4: 6, 5: 0, 6: 5, 7: 2}
Trying to moving ion 0... to 0
Ion assignment after moving ion 0: {0: 3, 1: 8, 2: 10, 3: 4, 4: 6, 5: 0, 6: 5, 7: 2}
Gate position gate updated to [0 6]--------------c
Trying to moving ion 6... to 1
Ion assignment after moving ion 6: {0: 3, 1: 12, 2: 9, 3: 4, 4: 1, 5: 0, 6: 5, 7: 2}
Executing gate at point (8, 4).
Executing gate at point (9, 4).
Best move: (5, 11)
Best move: (9, 10)
Best move: (0, 1)
Best move: (1, 8)
Best move: (8, 9)
Try bruteforce due to multiple steps (5) to solve one gate
Trying to solve brute-force congestion at gate [10, 11] with {0: 3, 1: 12, 2: 10, 3: 4, 4: 0, 5: 9, 6: 11, 7: 2}
Trying to moving ion 11... to 4
Ion assignment after moving ion 11: {0: 3, 1: 12, 2: 10, 3: 5, 4: 0, 5: 9, 6: 4, 7: 2}
Clearing endpoint 5.........
Gate position gate updated to [ 4 10]--------------c
Trying to moving ion 10... to 5
Ion assignment after moving ion 10: {0: 3, 1: 7, 2: 5, 3: 12, 4: 0, 5: 9, 6: 4, 7: 2}
Executing gate at point (10, 2).
Executing gate at point (11, 2).
Trying to solve brute-force congestion at gate [7, 4] with {0: 3, 1: 7, 2: 5, 3: 12, 4: 0, 5: 9, 6: 4, 7: 2}
Trying to moving ion 4... to 4
Ion assignment after moving ion 4: {0: 3, 1: 7, 2: 5, 3: 12, 4: 0, 5: 9, 6: 4, 7: 2}
Clearing endpoint 5.........
Gate position gate updated to [4 7]--------------c
Trying to moving ion 7... to 5
Ion assignment after moving ion 7: {0: 3, 1: 5, 2: 10, 3: 8, 4: 0, 5: 9, 6: 4, 7: 2}
Executing gate at point (12, 1).
Executing gate at point (13, 1).
Best move: (4, 5)
Best move: (5, 11)
Best move: (2, 3)
Best move: (2, 3)
Best move: (11, 12)
Try bruteforce due to multiple steps (5) to solve one gate
Trying to solve brute-force congestion at gate [3, 12] with {0: 3, 1: 4, 2: 10, 3: 8, 4: 0, 5: 9, 6: 12, 7: 2}
Trying to moving ion 3... to 2
Ion assignment after moving ion 3: {0: 2, 1: 4, 2: 10, 3: 8, 4: 0, 5: 9, 6: 12, 7: 3}
Clearing endpoint 3.........
Gate position gate updated to [ 2 12]--------------c
Trying to moving ion 12... to 3
Ion assignment after moving ion 12: {0: 2, 1: 4, 2: 11, 3: 1, 4: 0, 5: 8, 6: 3, 7: 12}
Executing gate at point (14, 0).
Executing gate at point (15, 0).
Best move: (8, 10)
Best move: (1, 8)
Best move: (8, 9)
Best move: (8, 9)
Best move: (8, 9)
Try bruteforce due to multiple steps (5) to solve one gate
Trying to solve brute-force congestion at gate [9, 10] with {0: 2, 1: 4, 2: 11, 3: 9, 4: 0, 5: 10, 6: 3, 7: 12}
Trying to moving ion 9... to 0
Ion assignment after moving ion 9: {0: 2, 1: 4, 2: 11, 3: 0, 4: 1, 5: 10, 6: 3, 7: 12}
Clearing endpoint 1.........
Gate position gate updated to [ 0 10]--------------c
Trying to moving ion 10... to 1
Ion assignment after moving ion 10: {0: 2, 1: 4, 2: 11, 3: 0, 4: 9, 5: 1, 6: 3, 7: 12}
Executing gate at point (10, 3).
Executing gate at point (11, 3).
Best move: (1, 8)
Best move: (8, 10)
Best move: (5, 11)
Best move: (5, 11)
Try bruteforce due to repeated pattern...
Trying to solve brute-force congestion at gate [11, 10] with {0: 2, 1: 4, 2: 11, 3: 0, 4: 9, 5: 10, 6: 3, 7: 12}
Trying to moving ion 11... to 4
Ion assignment after moving ion 11: {0: 2, 1: 5, 2: 4, 3: 0, 4: 9, 5: 10, 6: 3, 7: 12}
Clearing endpoint 5.........
Gate position gate updated to [ 4 10]--------------c
Trying to moving ion 10... to 5
Ion assignment after moving ion 10: {0: 2, 1: 12, 2: 4, 3: 0, 4: 9, 5: 5, 6: 3, 7: 7}
Executing gate at point (12, 2).
Executing gate at point (13, 2).
Trying to solve brute-force congestion at gate [12, 5] with {0: 2, 1: 12, 2: 4, 3: 0, 4: 9, 5: 5, 6: 3, 7: 7}
Trying to moving ion 5... to 4
Ion assignment after moving ion 5: {0: 2, 1: 12, 2: 5, 3: 0, 4: 9, 5: 4, 6: 3, 7: 7}
Clearing endpoint 5.........
Gate position gate updated to [ 4 12]--------------c
Trying to moving ion 12... to 5
Ion assignment after moving ion 12: {0: 2, 1: 5, 2: 10, 3: 0, 4: 9, 5: 4, 6: 3, 7: 7}
Executing gate at point (14, 1).
Executing gate at point (15, 1).
Trying to solve brute-force congestion at gate [2, 4] with {0: 2, 1: 5, 2: 10, 3: 0, 4: 9, 5: 4, 6: 3, 7: 7}
Trying to moving ion 2... to 2
Ion assignment after moving ion 2: {0: 2, 1: 5, 2: 10, 3: 0, 4: 9, 5: 4, 6: 3, 7: 7}
Clearing endpoint 3.........
Gate position gate updated to [2 4]--------------c
Trying to moving ion 4... to 3
Ion assignment after moving ion 4: {0: 2, 1: 4, 2: 12, 3: 0, 4: 1, 5: 3, 6: 8, 7: 7}
Executing gate at point (16, 0).
Executing gate at point (12, 3).
Executing gate at point (13, 3).
Executing gate at point (17, 0).
Trying to solve brute-force congestion at gate [12, 1] with {0: 2, 1: 4, 2: 12, 3: 0, 4: 1, 5: 3, 6: 8, 7: 7}
Trying to moving ion 1... to 0
Ion assignment after moving ion 1: {0: 2, 1: 4, 2: 12, 3: 1, 4: 0, 5: 3, 6: 8, 7: 7}
Clearing endpoint 1.........
Gate position gate updated to [ 0 12]--------------c
Trying to moving ion 12... to 1
Ion assignment after moving ion 12: {0: 2, 1: 4, 2: 1, 3: 9, 4: 0, 5: 3, 6: 11, 7: 7}
Executing gate at point (14, 2).
Executing gate at point (15, 2).
Trying to solve brute-force congestion at gate [1, 9] with {0: 2, 1: 4, 2: 1, 3: 9, 4: 0, 5: 3, 6: 11, 7: 7}
Trying to moving ion 1... to 0
Ion assignment after moving ion 1: {0: 2, 1: 4, 2: 0, 3: 9, 4: 1, 5: 3, 6: 11, 7: 7}
Clearing endpoint 1.........
Gate position gate updated to [0 9]--------------c
Trying to moving ion 9... to 1
Ion assignment after moving ion 9: {0: 2, 1: 4, 2: 0, 3: 1, 4: 10, 5: 3, 6: 11, 7: 7}
Executing gate at point (16, 2).
Executing gate at point (17, 2).
Trying to solve brute-force congestion at gate [4, 10] with {0: 2, 1: 4, 2: 0, 3: 1, 4: 10, 5: 3, 6: 11, 7: 7}
Trying to moving ion 4... to 4
Ion assignment after moving ion 4: {0: 2, 1: 4, 2: 0, 3: 1, 4: 10, 5: 3, 6: 11, 7: 7}
Gate position gate updated to [ 4 10]--------------c
Trying to moving ion 10... to 5
Ion assignment after moving ion 10: {0: 2, 1: 4, 2: 0, 3: 1, 4: 5, 5: 3, 6: 12, 7: 7}
Executing gate at point (16, 1).
Executing gate at point (17, 1).
Trying to solve brute-force congestion at gate [2, 5] with {0: 2, 1: 4, 2: 0, 3: 1, 4: 5, 5: 3, 6: 12, 7: 7}
Trying to moving ion 2... to 2
Ion assignment after moving ion 2: {0: 2, 1: 4, 2: 0, 3: 1, 4: 5, 5: 3, 6: 12, 7: 7}
Clearing endpoint 3.........
Gate position gate updated to [2 5]--------------c
Trying to moving ion 5... to 3
Ion assignment after moving ion 5: {0: 2, 1: 4, 2: 0, 3: 1, 4: 3, 5: 8, 6: 12, 7: 7}
Executing gate at point (18, 0).
Executing gate at point (19, 0).
Trying to solve brute-force congestion at gate [4, 1] with {0: 2, 1: 4, 2: 0, 3: 1, 4: 3, 5: 8, 6: 12, 7: 7}
Trying to moving ion 4... to 4
Ion assignment after moving ion 4: {0: 2, 1: 4, 2: 0, 3: 1, 4: 3, 5: 8, 6: 12, 7: 7}
Gate position gate updated to [4 1]--------------c
Trying to moving ion 1... to 5
Ion assignment after moving ion 1: {0: 2, 1: 4, 2: 0, 3: 5, 4: 3, 5: 9, 6: 12, 7: 7}
Executing gate at point (18, 1).
Executing gate at point (19, 1).
Trying to solve brute-force congestion at gate [2, 5] with {0: 2, 1: 4, 2: 0, 3: 5, 4: 3, 5: 9, 6: 12, 7: 7}
Trying to moving ion 2... to 2
Ion assignment after moving ion 2: {0: 2, 1: 4, 2: 0, 3: 5, 4: 3, 5: 9, 6: 12, 7: 7}
Clearing endpoint 3.........
Gate position gate updated to [2 5]--------------c
Trying to moving ion 5... to 3
Ion assignment after moving ion 5: {0: 2, 1: 4, 2: 0, 3: 3, 4: 8, 5: 1, 6: 12, 7: 7}
Executing gate at point (20, 0).
Executing gate at point (21, 0).
Trying to solve brute-force congestion at gate [4, 0] with {0: 2, 1: 4, 2: 0, 3: 3, 4: 8, 5: 1, 6: 12, 7: 7}
Trying to moving ion 4... to 4
Ion assignment after moving ion 4: {0: 2, 1: 4, 2: 0, 3: 3, 4: 8, 5: 1, 6: 12, 7: 7}
Gate position gate updated to [4 0]--------------c
Trying to moving ion 0... to 5
Ion assignment after moving ion 0: {0: 2, 1: 4, 2: 5, 3: 3, 4: 9, 5: 0, 6: 12, 7: 7}
Executing gate at point (20, 1).
Executing gate at point (21, 1).
Trying to solve brute-force congestion at gate [3, 9] with {0: 2, 1: 4, 2: 5, 3: 3, 4: 9, 5: 0, 6: 12, 7: 7}
Trying to moving ion 3... to 2
Ion assignment after moving ion 3: {0: 3, 1: 4, 2: 5, 3: 2, 4: 9, 5: 0, 6: 12, 7: 7}
Clearing endpoint 3.........
Gate position gate updated to [2 8]--------------c
Trying to moving ion 8... to 3
Ion assignment after moving ion 8: {0: 10, 1: 4, 2: 5, 3: 2, 4: 3, 5: 0, 6: 12, 7: 7}
Executing gate at point (22, 3).
Executing gate at point (23, 3).
Executing gate at point (24, 3).
Trying to solve brute-force congestion at gate [10, 5] with {0: 10, 1: 4, 2: 5, 3: 2, 4: 3, 5: 0, 6: 12, 7: 7}
Trying to moving ion 5... to 4
Ion assignment after moving ion 5: {0: 10, 1: 5, 2: 4, 3: 2, 4: 3, 5: 0, 6: 12, 7: 7}
Clearing endpoint 5.........
Gate position gate updated to [ 4 10]--------------c
Trying to moving ion 10... to 5
Ion assignment after moving ion 10: {0: 5, 1: 8, 2: 4, 3: 2, 4: 3, 5: 0, 6: 12, 7: 7}
Executing gate at point (22, 0).
Executing gate at point (23, 0).
Trying to solve brute-force congestion at gate [4, 0] with {0: 5, 1: 8, 2: 4, 3: 2, 4: 3, 5: 0, 6: 12, 7: 7}
Trying to moving ion 0... to 0
Ion assignment after moving ion 0: {0: 5, 1: 8, 2: 4, 3: 2, 4: 3, 5: 0, 6: 12, 7: 7}
Gate position gate updated to [0 4]--------------c
Trying to moving ion 4... to 1
Ion assignment after moving ion 4: {0: 4, 1: 9, 2: 1, 3: 2, 4: 3, 5: 0, 6: 12, 7: 7}
Executing gate at point (24, 2).
Executing gate at point (25, 2).
Executing gate at point (26, 2).
Trying to solve brute-force congestion at gate [4, 9] with {0: 4, 1: 9, 2: 1, 3: 2, 4: 3, 5: 0, 6: 12, 7: 7}
Trying to moving ion 4... to 4
Ion assignment after moving ion 4: {0: 4, 1: 9, 2: 1, 3: 2, 4: 3, 5: 0, 6: 12, 7: 7}
Gate position gate updated to [4 9]--------------c
Trying to moving ion 9... to 5
Ion assignment after moving ion 9: {0: 4, 1: 5, 2: 1, 3: 2, 4: 3, 5: 0, 6: 12, 7: 7}
Executing gate at point (24, 0).
Executing gate at point (25, 0).
Trying to solve brute-force congestion at gate [4, 7] with {0: 4, 1: 5, 2: 1, 3: 2, 4: 3, 5: 0, 6: 12, 7: 7}
Trying to moving ion 4... to 4
Ion assignment after moving ion 4: {0: 4, 1: 5, 2: 1, 3: 2, 4: 3, 5: 0, 6: 12, 7: 7}
Clearing endpoint 5.........
Gate position gate updated to [4 7]--------------c
Trying to moving ion 7... to 5
Ion assignment after moving ion 7: {0: 4, 1: 10, 2: 1, 3: 2, 4: 3, 5: 0, 6: 8, 7: 5}
Executing gate at point (26, 0).
Executing gate at point (27, 0).
Executing gate at point (28, 0).
Best move: (8, 9)
Best move: (8, 9)
Best move: (8, 9)
Try bruteforce due to repeated pattern...
Trying to solve brute-force congestion at gate [10, 9] with {0: 4, 1: 10, 2: 1, 3: 2, 4: 3, 5: 0, 6: 9, 7: 5}
Trying to moving ion 9... to 2
Ion assignment after moving ion 9: {0: 4, 1: 10, 2: 1, 3: 3, 4: 8, 5: 0, 6: 2, 7: 5}
Clearing endpoint 3.........
Gate position gate updated to [ 2 10]--------------c
Trying to moving ion 10... to 3
Ion assignment after moving ion 10: {0: 4, 1: 3, 2: 1, 3: 12, 4: 8, 5: 0, 6: 2, 7: 5}
Executing gate at point (26, 1).
Executing gate at point (27, 1).
Executing gate at point (28, 1).
Trying to solve brute-force congestion at gate [12, 10] with {0: 5, 1: 9, 2: 1, 3: 12, 4: 10, 5: 0, 6: 2, 7: 4}
Trying to moving ion 12... to 6
Ion assignment after moving ion 12: {0: 5, 1: 9, 2: 1, 3: 6, 4: 10, 5: 0, 6: 2, 7: 4}
Gate position gate updated to [ 6 10]--------------c
Trying to moving ion 10... to 7
Ion assignment after moving ion 10: {0: 5, 1: 9, 2: 1, 3: 6, 4: 7, 5: 0, 6: 2, 7: 4}
Trying to solve brute-force congestion at gate [5, 9] with {0: 5, 1: 9, 2: 1, 3: 6, 4: 7, 5: 0, 6: 2, 7: 4}
Trying to moving ion 5... to 4
Ion assignment after moving ion 5: {0: 4, 1: 9, 2: 1, 3: 6, 4: 7, 5: 0, 6: 2, 7: 5}
Clearing endpoint 5.........
Gate position gate updated to [4 9]--------------c
Trying to moving ion 9... to 5
Ion assignment after moving ion 9: {0: 4, 1: 5, 2: 1, 3: 6, 4: 7, 5: 0, 6: 2, 7: 12}
Trying to solve brute-force congestion at gate [6, 7] with {0: 4, 1: 5, 2: 1, 3: 6, 4: 7, 5: 0, 6: 2, 7: 12}
Trying to moving ion 6... to 6
Ion assignment after moving ion 6: {0: 4, 1: 5, 2: 1, 3: 6, 4: 7, 5: 0, 6: 2, 7: 12}
Gate position gate updated to [6 7]--------------c
Trying to moving ion 7... to 7
Ion assignment after moving ion 7: {0: 4, 1: 5, 2: 1, 3: 6, 4: 7, 5: 0, 6: 2, 7: 12}
Trying to solve brute-force congestion at gate [4, 1] with {0: 4, 1: 5, 2: 1, 3: 6, 4: 7, 5: 0, 6: 2, 7: 12}
Trying to moving ion 4... to 4
Ion assignment after moving ion 4: {0: 4, 1: 5, 2: 1, 3: 6, 4: 7, 5: 0, 6: 2, 7: 12}
Clearing endpoint 5.........
Gate position gate updated to [4 1]--------------c
Trying to moving ion 1... to 5
Ion assignment after moving ion 1: {0: 4, 1: 8, 2: 5, 3: 6, 4: 7, 5: 0, 6: 2, 7: 12}
Trying to solve brute-force congestion at gate [4, 5] with {0: 4, 1: 8, 2: 5, 3: 6, 4: 7, 5: 0, 6: 2, 7: 12}
Trying to moving ion 4... to 4
Ion assignment after moving ion 4: {0: 4, 1: 8, 2: 5, 3: 6, 4: 7, 5: 0, 6: 2, 7: 12}
Gate position gate updated to [4 5]--------------c
Trying to moving ion 5... to 5
Ion assignment after moving ion 5: {0: 4, 1: 8, 2: 5, 3: 6, 4: 7, 5: 0, 6: 2, 7: 12}
Trying to solve brute-force congestion at gate [4, 6] with {0: 4, 1: 8, 2: 5, 3: 6, 4: 7, 5: 0, 6: 2, 7: 12}
Trying to moving ion 4... to 4
Ion assignment after moving ion 4: {0: 4, 1: 8, 2: 5, 3: 6, 4: 7, 5: 0, 6: 2, 7: 12}
Clearing endpoint 5.........
Gate position gate updated to [4 6]--------------c
Trying to moving ion 6... to 5
Ion assignment after moving ion 6: {0: 4, 1: 8, 2: 10, 3: 5, 4: 6, 5: 0, 6: 2, 7: 9}
Trying to solve brute-force congestion at gate [4, 5] with {0: 4, 1: 8, 2: 10, 3: 5, 4: 6, 5: 0, 6: 2, 7: 9}
Trying to moving ion 4... to 4
Ion assignment after moving ion 4: {0: 4, 1: 8, 2: 10, 3: 5, 4: 6, 5: 0, 6: 2, 7: 9}
Gate position gate updated to [4 5]--------------c
Trying to moving ion 5... to 5
Ion assignment after moving ion 5: {0: 4, 1: 8, 2: 10, 3: 5, 4: 6, 5: 0, 6: 2, 7: 9}
Trying to solve brute-force congestion at gate [8, 10] with {0: 4, 1: 8, 2: 10, 3: 5, 4: 6, 5: 0, 6: 2, 7: 9}
Trying to moving ion 8... to 0
Ion assignment after moving ion 8: {0: 4, 1: 0, 2: 10, 3: 5, 4: 6, 5: 1, 6: 2, 7: 9}
Clearing endpoint 1.........
Gate position gate updated to [ 0 10]--------------c
Trying to moving ion 10... to 1
Ion assignment after moving ion 10: {0: 4, 1: 0, 2: 1, 3: 5, 4: 6, 5: 9, 6: 2, 7: 3}
Trying to solve brute-force congestion at gate [0, 1] with {0: 4, 1: 0, 2: 1, 3: 5, 4: 6, 5: 9, 6: 2, 7: 3}
Trying to moving ion 0... to 0
Ion assignment after moving ion 0: {0: 4, 1: 0, 2: 1, 3: 5, 4: 6, 5: 9, 6: 2, 7: 3}
Gate position gate updated to [0 1]--------------c
Trying to moving ion 1... to 1
Ion assignment after moving ion 1: {0: 4, 1: 0, 2: 1, 3: 5, 4: 6, 5: 9, 6: 2, 7: 3}
Trying to solve brute-force congestion at gate [4, 6] with {0: 4, 1: 0, 2: 1, 3: 5, 4: 6, 5: 9, 6: 2, 7: 3}
Trying to moving ion 6... to 6
Ion assignment after moving ion 6: {0: 4, 1: 0, 2: 1, 3: 5, 4: 6, 5: 9, 6: 2, 7: 3}
Gate position gate updated to [6 4]--------------c
Trying to moving ion 4... to 7
Ion assignment after moving ion 4: {0: 7, 1: 0, 2: 1, 3: 4, 4: 6, 5: 9, 6: 2, 7: 3}
Trying to solve brute-force congestion at gate [7, 6] with {0: 7, 1: 0, 2: 1, 3: 4, 4: 6, 5: 9, 6: 2, 7: 3}
Trying to moving ion 7... to 6
Ion assignment after moving ion 7: {0: 6, 1: 0, 2: 1, 3: 4, 4: 7, 5: 9, 6: 2, 7: 3}
Gate position gate updated to [6 7]--------------c
Trying to moving ion 7... to 7
Ion assignment after moving ion 7: {0: 6, 1: 0, 2: 1, 3: 4, 4: 7, 5: 9, 6: 2, 7: 3}
Trying to solve brute-force congestion at gate [6, 9] with {0: 6, 1: 0, 2: 1, 3: 4, 4: 7, 5: 9, 6: 2, 7: 3}
Trying to moving ion 6... to 6
Ion assignment after moving ion 6: {0: 6, 1: 0, 2: 1, 3: 4, 4: 7, 5: 9, 6: 2, 7: 3}
Clearing endpoint 7.........
Gate position gate updated to [6 9]--------------c
Trying to moving ion 9... to 7
Ion assignment after moving ion 9: {0: 6, 1: 0, 2: 1, 3: 4, 4: 11, 5: 7, 6: 2, 7: 3}
Trying to solve brute-force congestion at gate [6, 7] with {0: 6, 1: 0, 2: 1, 3: 4, 4: 11, 5: 7, 6: 2, 7: 3}
Trying to moving ion 6... to 6
Ion assignment after moving ion 6: {0: 6, 1: 0, 2: 1, 3: 4, 4: 11, 5: 7, 6: 2, 7: 3}
Gate position gate updated to [6 7]--------------c
Trying to moving ion 7... to 7
Ion assignment after moving ion 7: {0: 6, 1: 0, 2: 1, 3: 4, 4: 11, 5: 7, 6: 2, 7: 3}
Trying to solve brute-force congestion at gate [6, 2] with {0: 6, 1: 0, 2: 1, 3: 4, 4: 11, 5: 7, 6: 2, 7: 3}
Trying to moving ion 2... to 2
Ion assignment after moving ion 2: {0: 6, 1: 0, 2: 1, 3: 4, 4: 11, 5: 7, 6: 2, 7: 3}
Clearing endpoint 3.........
Gate position gate updated to [2 6]--------------c
Trying to moving ion 6... to 3
Ion assignment after moving ion 6: {0: 3, 1: 0, 2: 1, 3: 4, 4: 11, 5: 6, 6: 2, 7: 8}
Trying to solve brute-force congestion at gate [3, 2] with {0: 3, 1: 0, 2: 1, 3: 4, 4: 11, 5: 6, 6: 2, 7: 8}
Trying to moving ion 3... to 2
Ion assignment after moving ion 3: {0: 2, 1: 0, 2: 1, 3: 4, 4: 11, 5: 6, 6: 3, 7: 8}
Gate position gate updated to [2 3]--------------c
Trying to moving ion 3... to 3
Ion assignment after moving ion 3: {0: 2, 1: 0, 2: 1, 3: 4, 4: 11, 5: 6, 6: 3, 7: 8}
Trying to solve brute-force congestion at gate [0, 4] with {0: 2, 1: 0, 2: 1, 3: 4, 4: 11, 5: 6, 6: 3, 7: 8}
Trying to moving ion 4... to 4
Ion assignment after moving ion 4: {0: 2, 1: 0, 2: 1, 3: 4, 4: 11, 5: 6, 6: 3, 7: 8}
Gate position gate updated to [4 0]--------------c
Trying to moving ion 0... to 5
Ion assignment after moving ion 0: {0: 2, 1: 5, 2: 0, 3: 4, 4: 12, 5: 6, 6: 3, 7: 7}
Trying to solve brute-force congestion at gate [5, 4] with {0: 2, 1: 5, 2: 0, 3: 4, 4: 12, 5: 6, 6: 3, 7: 7}
Trying to moving ion 5... to 4
Ion assignment after moving ion 5: {0: 2, 1: 4, 2: 0, 3: 5, 4: 12, 5: 6, 6: 3, 7: 7}
Gate position gate updated to [4 5]--------------c
Trying to moving ion 5... to 5
Ion assignment after moving ion 5: {0: 2, 1: 4, 2: 0, 3: 5, 4: 12, 5: 6, 6: 3, 7: 7}
Trying to solve brute-force congestion at gate [4, 12] with {0: 2, 1: 4, 2: 0, 3: 5, 4: 12, 5: 6, 6: 3, 7: 7}
Trying to moving ion 4... to 4
Ion assignment after moving ion 4: {0: 2, 1: 4, 2: 0, 3: 5, 4: 12, 5: 6, 6: 3, 7: 7}
Clearing endpoint 5.........
Gate position gate updated to [ 4 12]--------------c
Trying to moving ion 12... to 5
Ion assignment after moving ion 12: {0: 2, 1: 4, 2: 0, 3: 10, 4: 5, 5: 6, 6: 3, 7: 7}
Trying to solve brute-force congestion at gate [0, 10] with {0: 2, 1: 4, 2: 0, 3: 10, 4: 5, 5: 6, 6: 3, 7: 7}
Trying to moving ion 0... to 0
Ion assignment after moving ion 0: {0: 2, 1: 4, 2: 0, 3: 10, 4: 5, 5: 6, 6: 3, 7: 7}
Gate position gate updated to [ 0 10]--------------c
Trying to moving ion 10... to 1
Ion assignment after moving ion 10: {0: 2, 1: 4, 2: 0, 3: 1, 4: 5, 5: 6, 6: 3, 7: 7}
Trying to solve brute-force congestion at gate [0, 1] with {0: 2, 1: 4, 2: 0, 3: 1, 4: 5, 5: 6, 6: 3, 7: 7}
Trying to moving ion 0... to 0
Ion assignment after moving ion 0: {0: 2, 1: 4, 2: 0, 3: 1, 4: 5, 5: 6, 6: 3, 7: 7}
Gate position gate updated to [0 1]--------------c
Trying to moving ion 1... to 1
Ion assignment after moving ion 1: {0: 2, 1: 4, 2: 0, 3: 1, 4: 5, 5: 6, 6: 3, 7: 7}
Trying to solve brute-force congestion at gate [4, 6] with {0: 2, 1: 4, 2: 0, 3: 1, 4: 5, 5: 6, 6: 3, 7: 7}
Trying to moving ion 4... to 4
Ion assignment after moving ion 4: {0: 2, 1: 4, 2: 0, 3: 1, 4: 5, 5: 6, 6: 3, 7: 7}
Clearing endpoint 5.........
Gate position gate updated to [4 6]--------------c
Trying to moving ion 6... to 5
Ion assignment after moving ion 6: {0: 2, 1: 4, 2: 0, 3: 1, 4: 10, 5: 5, 6: 3, 7: 6}
Trying to solve brute-force congestion at gate [4, 5] with {0: 2, 1: 4, 2: 0, 3: 1, 4: 10, 5: 5, 6: 3, 7: 6}
Trying to moving ion 4... to 4
Ion assignment after moving ion 4: {0: 2, 1: 4, 2: 0, 3: 1, 4: 10, 5: 5, 6: 3, 7: 6}
Gate position gate updated to [4 5]--------------c
Trying to moving ion 5... to 5
Ion assignment after moving ion 5: {0: 2, 1: 4, 2: 0, 3: 1, 4: 10, 5: 5, 6: 3, 7: 6}
Trying to solve brute-force congestion at gate [4, 3] with {0: 2, 1: 4, 2: 0, 3: 1, 4: 10, 5: 5, 6: 3, 7: 6}
Trying to moving ion 4... to 4
Ion assignment after moving ion 4: {0: 2, 1: 4, 2: 0, 3: 1, 4: 10, 5: 5, 6: 3, 7: 6}
Clearing endpoint 5.........
Gate position gate updated to [4 3]--------------c
Trying to moving ion 3... to 5
Ion assignment after moving ion 3: {0: 2, 1: 4, 2: 0, 3: 1, 4: 7, 5: 12, 6: 5, 7: 6}
Trying to solve brute-force congestion at gate [4, 5] with {0: 2, 1: 4, 2: 0, 3: 1, 4: 7, 5: 12, 6: 5, 7: 6}
Trying to moving ion 4... to 4
Ion assignment after moving ion 4: {0: 2, 1: 4, 2: 0, 3: 1, 4: 7, 5: 12, 6: 5, 7: 6}
Gate position gate updated to [4 5]--------------c
Trying to moving ion 5... to 5
Ion assignment after moving ion 5: {0: 2, 1: 4, 2: 0, 3: 1, 4: 7, 5: 12, 6: 5, 7: 6}
Trying to solve brute-force congestion at gate [2, 6] with {0: 2, 1: 4, 2: 0, 3: 1, 4: 7, 5: 12, 6: 5, 7: 6}
Trying to moving ion 2... to 2
Ion assignment after moving ion 2: {0: 2, 1: 4, 2: 0, 3: 1, 4: 7, 5: 12, 6: 5, 7: 6}
Gate position gate updated to [2 6]--------------c
Trying to moving ion 6... to 3
Ion assignment after moving ion 6: {0: 2, 1: 4, 2: 0, 3: 1, 4: 6, 5: 8, 6: 5, 7: 3}
Trying to solve brute-force congestion at gate [2, 3] with {0: 2, 1: 4, 2: 0, 3: 1, 4: 6, 5: 8, 6: 5, 7: 3}
Trying to moving ion 2... to 2
Ion assignment after moving ion 2: {0: 2, 1: 4, 2: 0, 3: 1, 4: 6, 5: 8, 6: 5, 7: 3}
Gate position gate updated to [2 3]--------------c
Trying to moving ion 3... to 3
Ion assignment after moving ion 3: {0: 2, 1: 4, 2: 0, 3: 1, 4: 6, 5: 8, 6: 5, 7: 3}
Trying to solve brute-force congestion at gate [4, 3] with {0: 2, 1: 4, 2: 0, 3: 1, 4: 6, 5: 8, 6: 5, 7: 3}
Trying to moving ion 4... to 4
Ion assignment after moving ion 4: {0: 2, 1: 4, 2: 0, 3: 1, 4: 6, 5: 8, 6: 5, 7: 3}
Clearing endpoint 5.........
Gate position gate updated to [4 3]--------------c
Trying to moving ion 3... to 5
Ion assignment after moving ion 3: {0: 2, 1: 4, 2: 0, 3: 1, 4: 6, 5: 8, 6: 12, 7: 5}
Trying to solve brute-force congestion at gate [4, 5] with {0: 2, 1: 4, 2: 0, 3: 1, 4: 6, 5: 8, 6: 12, 7: 5}
Trying to moving ion 4... to 4
Ion assignment after moving ion 4: {0: 2, 1: 4, 2: 0, 3: 1, 4: 6, 5: 8, 6: 12, 7: 5}
Gate position gate updated to [4 5]--------------c
Trying to moving ion 5... to 5
Ion assignment after moving ion 5: {0: 2, 1: 4, 2: 0, 3: 1, 4: 6, 5: 8, 6: 12, 7: 5}
Trying to solve brute-force congestion at gate [0, 6] with {0: 2, 1: 4, 2: 0, 3: 1, 4: 6, 5: 8, 6: 12, 7: 5}
Trying to moving ion 6... to 6
Ion assignment after moving ion 6: {0: 2, 1: 4, 2: 0, 3: 1, 4: 6, 5: 8, 6: 12, 7: 5}
Gate position gate updated to [6 0]--------------c
Trying to moving ion 0... to 7
Ion assignment after moving ion 0: {0: 2, 1: 4, 2: 7, 3: 0, 4: 6, 5: 9, 6: 11, 7: 5}
Trying to solve brute-force congestion at gate [7, 6] with {0: 2, 1: 4, 2: 7, 3: 0, 4: 6, 5: 9, 6: 11, 7: 5}
Trying to moving ion 7... to 6
Ion assignment after moving ion 7: {0: 2, 1: 4, 2: 6, 3: 0, 4: 7, 5: 9, 6: 11, 7: 5}
Gate position gate updated to [6 7]--------------c
Trying to moving ion 7... to 7
Ion assignment after moving ion 7: {0: 2, 1: 4, 2: 6, 3: 0, 4: 7, 5: 9, 6: 11, 7: 5}
Trying to solve brute-force congestion at gate [6, 9] with {0: 2, 1: 4, 2: 6, 3: 0, 4: 7, 5: 9, 6: 11, 7: 5}
Trying to moving ion 6... to 6
Ion assignment after moving ion 6: {0: 2, 1: 4, 2: 6, 3: 0, 4: 7, 5: 9, 6: 11, 7: 5}
Clearing endpoint 7.........
Gate position gate updated to [6 9]--------------c
Trying to moving ion 9... to 7
Ion assignment after moving ion 9: {0: 2, 1: 4, 2: 6, 3: 0, 4: 8, 5: 7, 6: 11, 7: 5}
Trying to solve brute-force congestion at gate [0, 8] with {0: 2, 1: 4, 2: 6, 3: 0, 4: 8, 5: 7, 6: 11, 7: 5}
Trying to moving ion 0... to 0
Ion assignment after moving ion 0: {0: 2, 1: 4, 2: 6, 3: 0, 4: 8, 5: 7, 6: 11, 7: 5}
Gate position gate updated to [0 8]--------------c
Trying to moving ion 8... to 1
Ion assignment after moving ion 8: {0: 2, 1: 4, 2: 6, 3: 0, 4: 1, 5: 7, 6: 11, 7: 5}
Trying to solve brute-force congestion at gate [6, 11] with {0: 2, 1: 4, 2: 6, 3: 0, 4: 1, 5: 7, 6: 11, 7: 5}
Trying to moving ion 6... to 6
Ion assignment after moving ion 6: {0: 2, 1: 4, 2: 6, 3: 0, 4: 1, 5: 7, 6: 11, 7: 5}
Clearing endpoint 7.........
Gate position gate updated to [ 6 11]--------------c
Trying to moving ion 11... to 7
Ion assignment after moving ion 11: {0: 2, 1: 4, 2: 6, 3: 0, 4: 1, 5: 10, 6: 7, 7: 5}
Trying to solve brute-force congestion at gate [0, 10] with {0: 2, 1: 4, 2: 6, 3: 0, 4: 1, 5: 10, 6: 7, 7: 5}
Trying to moving ion 0... to 0
Ion assignment after moving ion 0: {0: 2, 1: 4, 2: 6, 3: 0, 4: 1, 5: 10, 6: 7, 7: 5}
Clearing endpoint 1.........
Gate position gate updated to [ 0 10]--------------c
Trying to moving ion 10... to 1
Ion assignment after moving ion 10: {0: 2, 1: 4, 2: 6, 3: 0, 4: 9, 5: 1, 6: 7, 7: 5}
Trying to solve brute-force congestion at gate [6, 5] with {0: 2, 1: 4, 2: 6, 3: 0, 4: 9, 5: 1, 6: 7, 7: 5}
Trying to moving ion 6... to 6
Ion assignment after moving ion 6: {0: 2, 1: 4, 2: 6, 3: 0, 4: 9, 5: 1, 6: 7, 7: 5}
Clearing endpoint 7.........
Gate position gate updated to [6 5]--------------c
Trying to moving ion 5... to 7
Ion assignment after moving ion 5: {0: 2, 1: 4, 2: 6, 3: 0, 4: 9, 5: 1, 6: 10, 7: 7}
Trying to solve brute-force congestion at gate [6, 7] with {0: 2, 1: 4, 2: 6, 3: 0, 4: 9, 5: 1, 6: 10, 7: 7}
Trying to moving ion 6... to 6
Ion assignment after moving ion 6: {0: 2, 1: 4, 2: 6, 3: 0, 4: 9, 5: 1, 6: 10, 7: 7}
Gate position gate updated to [6 7]--------------c
Trying to moving ion 7... to 7
Ion assignment after moving ion 7: {0: 2, 1: 4, 2: 6, 3: 0, 4: 9, 5: 1, 6: 10, 7: 7}
Trying to solve brute-force congestion at gate [0, 10] with {0: 2, 1: 4, 2: 6, 3: 0, 4: 9, 5: 1, 6: 10, 7: 7}
Trying to moving ion 0... to 0
Ion assignment after moving ion 0: {0: 2, 1: 4, 2: 6, 3: 0, 4: 9, 5: 1, 6: 10, 7: 7}
Clearing endpoint 1.........
Gate position gate updated to [ 0 10]--------------c
Trying to moving ion 10... to 1
Ion assignment after moving ion 10: {0: 2, 1: 4, 2: 6, 3: 0, 4: 3, 5: 9, 6: 1, 7: 7}
Trying to solve brute-force congestion at gate [0, 1] with {0: 2, 1: 4, 2: 6, 3: 0, 4: 3, 5: 9, 6: 1, 7: 7}
Trying to moving ion 0... to 0
Ion assignment after moving ion 0: {0: 2, 1: 4, 2: 6, 3: 0, 4: 3, 5: 9, 6: 1, 7: 7}
Gate position gate updated to [0 1]--------------c
Trying to moving ion 1... to 1
Ion assignment after moving ion 1: {0: 2, 1: 4, 2: 6, 3: 0, 4: 3, 5: 9, 6: 1, 7: 7}
Trying to solve brute-force congestion at gate [0, 7] with {0: 2, 1: 4, 2: 6, 3: 0, 4: 3, 5: 9, 6: 1, 7: 7}
Trying to moving ion 0... to 0
Ion assignment after moving ion 0: {0: 2, 1: 4, 2: 6, 3: 0, 4: 3, 5: 9, 6: 1, 7: 7}
Clearing endpoint 1.........
Gate position gate updated to [0 7]--------------c
Trying to moving ion 7... to 1
Ion assignment after moving ion 7: {0: 2, 1: 4, 2: 6, 3: 0, 4: 3, 5: 9, 6: 11, 7: 1}
Trying to solve brute-force congestion at gate [3, 9] with {0: 2, 1: 4, 2: 6, 3: 0, 4: 3, 5: 9, 6: 11, 7: 1}
Trying to moving ion 3... to 2
Ion assignment after moving ion 3: {0: 3, 1: 4, 2: 6, 3: 0, 4: 2, 5: 9, 6: 11, 7: 1}
Clearing endpoint 3.........
Gate position gate updated to [ 2 10]--------------c
Trying to moving ion 10... to 3
Ion assignment after moving ion 10: {0: 8, 1: 4, 2: 6, 3: 0, 4: 2, 5: 3, 6: 11, 7: 1}
Trying to solve brute-force congestion at gate [2, 3] with {0: 8, 1: 4, 2: 6, 3: 0, 4: 2, 5: 3, 6: 11, 7: 1}
Trying to moving ion 2... to 2
Ion assignment after moving ion 2: {0: 8, 1: 4, 2: 6, 3: 0, 4: 2, 5: 3, 6: 11, 7: 1}
Gate position gate updated to [2 3]--------------c
Trying to moving ion 3... to 3
Ion assignment after moving ion 3: {0: 8, 1: 4, 2: 6, 3: 0, 4: 2, 5: 3, 6: 11, 7: 1}
Trying to solve brute-force congestion at gate [2, 11] with {0: 8, 1: 4, 2: 6, 3: 0, 4: 2, 5: 3, 6: 11, 7: 1}
Trying to moving ion 2... to 2
Ion assignment after moving ion 2: {0: 8, 1: 4, 2: 6, 3: 0, 4: 2, 5: 3, 6: 11, 7: 1}
Clearing endpoint 3.........
Gate position gate updated to [ 2 11]--------------c
Trying to moving ion 11... to 3
Ion assignment after moving ion 11: {0: 8, 1: 4, 2: 6, 3: 0, 4: 2, 5: 11, 6: 3, 7: 1}
Trying to solve brute-force congestion at gate [2, 3] with {0: 8, 1: 4, 2: 6, 3: 0, 4: 2, 5: 11, 6: 3, 7: 1}
Trying to moving ion 2... to 2
Ion assignment after moving ion 2: {0: 8, 1: 4, 2: 6, 3: 0, 4: 2, 5: 11, 6: 3, 7: 1}
Gate position gate updated to [2 3]--------------c
Trying to moving ion 3... to 3
Ion assignment after moving ion 3: {0: 8, 1: 4, 2: 6, 3: 0, 4: 2, 5: 11, 6: 3, 7: 1}
Trying to solve brute-force congestion at gate [2, 1] with {0: 8, 1: 4, 2: 6, 3: 0, 4: 2, 5: 11, 6: 3, 7: 1}
Trying to moving ion 2... to 2
Ion assignment after moving ion 2: {0: 8, 1: 4, 2: 6, 3: 0, 4: 2, 5: 11, 6: 3, 7: 1}
Clearing endpoint 3.........
Gate position gate updated to [2 1]--------------c
Trying to moving ion 1... to 3
Ion assignment after moving ion 1: {0: 12, 1: 4, 2: 6, 3: 0, 4: 2, 5: 11, 6: 10, 7: 3}
Trying to solve brute-force congestion at gate [2, 3] with {0: 12, 1: 4, 2: 6, 3: 0, 4: 2, 5: 11, 6: 10, 7: 3}
Trying to moving ion 2... to 2
Ion assignment after moving ion 2: {0: 12, 1: 4, 2: 6, 3: 0, 4: 2, 5: 11, 6: 10, 7: 3}
Gate position gate updated to [2 3]--------------c
Trying to moving ion 3... to 3
Ion assignment after moving ion 3: {0: 12, 1: 4, 2: 6, 3: 0, 4: 2, 5: 11, 6: 10, 7: 3}
Trying to solve brute-force congestion at gate [11, 10] with {0: 12, 1: 4, 2: 6, 3: 0, 4: 2, 5: 11, 6: 10, 7: 3}
Trying to moving ion 11... to 4
Ion assignment after moving ion 11: {0: 12, 1: 5, 2: 6, 3: 0, 4: 2, 5: 4, 6: 10, 7: 3}
Clearing endpoint 5.........
Gate position gate updated to [ 4 10]--------------c
Trying to moving ion 10... to 5
Ion assignment after moving ion 10: {0: 7, 1: 12, 2: 6, 3: 0, 4: 2, 5: 4, 6: 5, 7: 3}
Trying to solve brute-force congestion at gate [4, 5] with {0: 7, 1: 12, 2: 6, 3: 0, 4: 2, 5: 4, 6: 5, 7: 3}
Trying to moving ion 4... to 4
Ion assignment after moving ion 4: {0: 7, 1: 12, 2: 6, 3: 0, 4: 2, 5: 4, 6: 5, 7: 3}
Gate position gate updated to [4 5]--------------c
Trying to moving ion 5... to 5
Ion assignment after moving ion 5: {0: 7, 1: 12, 2: 6, 3: 0, 4: 2, 5: 4, 6: 5, 7: 3}
Trying to solve brute-force congestion at gate [4, 3] with {0: 7, 1: 12, 2: 6, 3: 0, 4: 2, 5: 4, 6: 5, 7: 3}
Trying to moving ion 4... to 4
Ion assignment after moving ion 4: {0: 7, 1: 12, 2: 6, 3: 0, 4: 2, 5: 4, 6: 5, 7: 3}
Clearing endpoint 5.........
Gate position gate updated to [4 3]--------------c
Trying to moving ion 3... to 5
Ion assignment after moving ion 3: {0: 7, 1: 12, 2: 6, 3: 0, 4: 2, 5: 4, 6: 8, 7: 5}
Trying to solve brute-force congestion at gate [4, 5] with {0: 7, 1: 12, 2: 6, 3: 0, 4: 2, 5: 4, 6: 8, 7: 5}
Trying to moving ion 4... to 4
Ion assignment after moving ion 4: {0: 7, 1: 12, 2: 6, 3: 0, 4: 2, 5: 4, 6: 8, 7: 5}
Gate position gate updated to [4 5]--------------c
Trying to moving ion 5... to 5
Ion assignment after moving ion 5: {0: 7, 1: 12, 2: 6, 3: 0, 4: 2, 5: 4, 6: 8, 7: 5}
Trying to solve brute-force congestion at gate [8, 5] with {0: 7, 1: 12, 2: 6, 3: 0, 4: 2, 5: 4, 6: 8, 7: 5}
Trying to moving ion 5... to 4
Ion assignment after moving ion 5: {0: 7, 1: 12, 2: 6, 3: 0, 4: 2, 5: 5, 6: 8, 7: 4}
Clearing endpoint 5.........
Gate position gate updated to [4 8]--------------c
Trying to moving ion 8... to 5
Ion assignment after moving ion 8: {0: 7, 1: 12, 2: 6, 3: 0, 4: 2, 5: 8, 6: 5, 7: 4}
Trying to solve brute-force congestion at gate [5, 4] with {0: 7, 1: 12, 2: 6, 3: 0, 4: 2, 5: 8, 6: 5, 7: 4}
Trying to moving ion 5... to 4
Ion assignment after moving ion 5: {0: 7, 1: 12, 2: 6, 3: 0, 4: 2, 5: 8, 6: 4, 7: 5}
Gate position gate updated to [4 5]--------------c
Trying to moving ion 5... to 5
Ion assignment after moving ion 5: {0: 7, 1: 12, 2: 6, 3: 0, 4: 2, 5: 8, 6: 4, 7: 5}
Executing gate at point (0, 6).
Executing gate at point (1, 6).
Trying to solve brute-force congestion at gate [8, 5] with {0: 7, 1: 12, 2: 6, 3: 0, 4: 2, 5: 8, 6: 4, 7: 5}
Trying to moving ion 5... to 4
Ion assignment after moving ion 5: {0: 7, 1: 12, 2: 6, 3: 0, 4: 2, 5: 8, 6: 5, 7: 4}
Clearing endpoint 5.........
Gate position gate updated to [4 8]--------------c
Trying to moving ion 8... to 5
Ion assignment after moving ion 8: {0: 7, 1: 12, 2: 6, 3: 0, 4: 2, 5: 5, 6: 8, 7: 4}
Executing gate at point (2, 5).
Executing gate at point (3, 5).
Trying to solve brute-force congestion at gate [2, 4] with {0: 7, 1: 12, 2: 6, 3: 0, 4: 2, 5: 5, 6: 8, 7: 4}
Trying to moving ion 2... to 2
Ion assignment after moving ion 2: {0: 7, 1: 12, 2: 6, 3: 0, 4: 2, 5: 5, 6: 8, 7: 4}
Gate position gate updated to [2 4]--------------c
Trying to moving ion 4... to 3
Ion assignment after moving ion 4: {0: 7, 1: 12, 2: 6, 3: 0, 4: 2, 5: 4, 6: 8, 7: 3}
Executing gate at point (4, 4).
Executing gate at point (5, 4).
Trying to solve brute-force congestion at gate [4, 8] with {0: 7, 1: 12, 2: 6, 3: 0, 4: 2, 5: 4, 6: 8, 7: 3}
Trying to moving ion 4... to 4
Ion assignment after moving ion 4: {0: 7, 1: 12, 2: 6, 3: 0, 4: 2, 5: 4, 6: 8, 7: 3}
Gate position gate updated to [4 8]--------------c
Trying to moving ion 8... to 5
Ion assignment after moving ion 8: {0: 7, 1: 12, 2: 6, 3: 0, 4: 2, 5: 4, 6: 5, 7: 3}
Executing gate at point (4, 5).
Executing gate at point (5, 5).
Trying to solve brute-force congestion at gate [0, 3] with {0: 7, 1: 12, 2: 6, 3: 0, 4: 2, 5: 4, 6: 5, 7: 3}
Trying to moving ion 0... to 0
Ion assignment after moving ion 0: {0: 7, 1: 12, 2: 6, 3: 0, 4: 2, 5: 4, 6: 5, 7: 3}
Gate position gate updated to [0 3]--------------c
Trying to moving ion 3... to 1
Ion assignment after moving ion 3: {0: 7, 1: 12, 2: 6, 3: 0, 4: 2, 5: 4, 6: 5, 7: 1}
Executing gate at point (6, 3).
Executing gate at point (7, 3).
Trying to solve brute-force congestion at gate [6, 1] with {0: 7, 1: 12, 2: 6, 3: 0, 4: 2, 5: 4, 6: 5, 7: 1}
Trying to moving ion 6... to 6
Ion assignment after moving ion 6: {0: 7, 1: 12, 2: 6, 3: 0, 4: 2, 5: 4, 6: 5, 7: 1}
Clearing endpoint 7.........
Gate position gate updated to [6 1]--------------c
Trying to moving ion 1... to 7
Ion assignment after moving ion 1: {0: 11, 1: 9, 2: 6, 3: 0, 4: 2, 5: 4, 6: 5, 7: 7}
Executing gate at point (8, 2).
Executing gate at point (9, 2).
Trying to solve brute-force congestion at gate [9, 7] with {0: 11, 1: 9, 2: 6, 3: 0, 4: 2, 5: 4, 6: 5, 7: 7}
Trying to moving ion 7... to 6
Ion assignment after moving ion 7: {0: 11, 1: 9, 2: 7, 3: 0, 4: 2, 5: 4, 6: 5, 7: 6}
Clearing endpoint 7.........
Gate position gate updated to [6 9]--------------c
Trying to moving ion 9... to 7
Ion assignment after moving ion 9: {0: 11, 1: 7, 2: 8, 3: 0, 4: 2, 5: 4, 6: 5, 7: 6}
Executing gate at point (10, 1).
Executing gate at point (11, 1).
Trying to solve brute-force congestion at gate [11, 6] with {0: 11, 1: 7, 2: 8, 3: 0, 4: 2, 5: 4, 6: 5, 7: 6}
Trying to moving ion 6... to 6
Ion assignment after moving ion 6: {0: 11, 1: 7, 2: 8, 3: 0, 4: 2, 5: 4, 6: 5, 7: 6}
Clearing endpoint 7.........
Gate position gate updated to [ 6 11]--------------c
Trying to moving ion 11... to 7
Ion assignment after moving ion 11: {0: 7, 1: 10, 2: 8, 3: 0, 4: 2, 5: 4, 6: 5, 7: 6}
Executing gate at point (12, 0).
Executing gate at point (13, 0).
Best move: (5, 11)
Best move: (11, 12)
Best move: (11, 12)
Best move: (11, 12)
Try bruteforce due to repeated pattern...
Trying to solve brute-force congestion at gate [2, 12] with {0: 7, 1: 10, 2: 8, 3: 0, 4: 2, 5: 4, 6: 12, 7: 6}
Trying to moving ion 2... to 2
Ion assignment after moving ion 2: {0: 7, 1: 10, 2: 8, 3: 0, 4: 2, 5: 4, 6: 12, 7: 6}
Gate position gate updated to [ 2 12]--------------c
Trying to moving ion 12... to 3
Ion assignment after moving ion 12: {0: 7, 1: 11, 2: 8, 3: 0, 4: 2, 5: 4, 6: 3, 7: 6}
Executing gate at point (6, 4).
Executing gate at point (7, 4).
Trying to solve brute-force congestion at gate [0, 3] with {0: 7, 1: 11, 2: 8, 3: 0, 4: 2, 5: 4, 6: 3, 7: 6}
Trying to moving ion 0... to 0
Ion assignment after moving ion 0: {0: 7, 1: 11, 2: 8, 3: 0, 4: 2, 5: 4, 6: 3, 7: 6}
Gate position gate updated to [0 3]--------------c
Trying to moving ion 3... to 1
Ion assignment after moving ion 3: {0: 7, 1: 11, 2: 10, 3: 0, 4: 2, 5: 4, 6: 1, 7: 6}
Executing gate at point (8, 3).
Executing gate at point (9, 3).
Trying to solve brute-force congestion at gate [2, 4] with {0: 7, 1: 11, 2: 10, 3: 0, 4: 2, 5: 4, 6: 1, 7: 6}
Trying to moving ion 2... to 2
Ion assignment after moving ion 2: {0: 7, 1: 11, 2: 10, 3: 0, 4: 2, 5: 4, 6: 1, 7: 6}
Gate position gate updated to [2 4]--------------c
Trying to moving ion 4... to 3
Ion assignment after moving ion 4: {0: 7, 1: 12, 2: 8, 3: 0, 4: 2, 5: 3, 6: 1, 7: 6}
Executing gate at point (8, 4).
Executing gate at point (9, 4).
Best move: (3, 9)
Best move: (8, 10)
Best move: (1, 8)
Best move: (10, 11)
Best move: (8, 10)
Try bruteforce due to multiple steps (5) to solve one gate
Trying to solve brute-force congestion at gate [11, 10] with {0: 7, 1: 12, 2: 11, 3: 0, 4: 2, 5: 9, 6: 10, 7: 6}
Trying to moving ion 11... to 4
Ion assignment after moving ion 11: {0: 7, 1: 12, 2: 4, 3: 0, 4: 2, 5: 9, 6: 10, 7: 6}
Gate position gate updated to [ 4 10]--------------c
Trying to moving ion 10... to 5
Ion assignment after moving ion 10: {0: 7, 1: 12, 2: 4, 3: 0, 4: 2, 5: 9, 6: 5, 7: 6}
Executing gate at point (10, 2).
Executing gate at point (11, 2).
Trying to solve brute-force congestion at gate [12, 5] with {0: 7, 1: 12, 2: 4, 3: 0, 4: 2, 5: 9, 6: 5, 7: 6}
Trying to moving ion 5... to 4
Ion assignment after moving ion 5: {0: 7, 1: 12, 2: 5, 3: 0, 4: 2, 5: 9, 6: 4, 7: 6}
Clearing endpoint 5.........
Gate position gate updated to [ 4 12]--------------c
Trying to moving ion 12... to 5
Ion assignment after moving ion 12: {0: 7, 1: 5, 2: 10, 3: 0, 4: 2, 5: 9, 6: 4, 7: 6}
Executing gate at point (12, 1).
Executing gate at point (13, 1).
Trying to solve brute-force congestion at gate [7, 4] with {0: 7, 1: 5, 2: 10, 3: 0, 4: 2, 5: 9, 6: 4, 7: 6}
Trying to moving ion 4... to 4
Ion assignment after moving ion 4: {0: 7, 1: 5, 2: 10, 3: 0, 4: 2, 5: 9, 6: 4, 7: 6}
Clearing endpoint 5.........
Gate position gate updated to [4 7]--------------c
Trying to moving ion 7... to 5
Ion assignment after moving ion 7: {0: 5, 1: 10, 2: 8, 3: 0, 4: 2, 5: 9, 6: 4, 7: 6}
Executing gate at point (14, 0).
Executing gate at point (15, 0).
Trying to solve brute-force congestion at gate [0, 9] with {0: 5, 1: 10, 2: 8, 3: 0, 4: 2, 5: 9, 6: 4, 7: 6}
Trying to moving ion 0... to 0
Ion assignment after moving ion 0: {0: 5, 1: 10, 2: 8, 3: 0, 4: 2, 5: 9, 6: 4, 7: 6}
Gate position gate updated to [0 9]--------------c
Trying to moving ion 9... to 1
Ion assignment after moving ion 9: {0: 5, 1: 12, 2: 10, 3: 0, 4: 2, 5: 1, 6: 4, 7: 6}
Executing gate at point (10, 3).
Executing gate at point (11, 3).
Trying to solve brute-force congestion at gate [10, 1] with {0: 5, 1: 12, 2: 10, 3: 0, 4: 2, 5: 1, 6: 4, 7: 6}
Trying to moving ion 1... to 0
Ion assignment after moving ion 1: {0: 5, 1: 12, 2: 10, 3: 1, 4: 2, 5: 0, 6: 4, 7: 6}
Clearing endpoint 1.........
Gate position gate updated to [ 0 10]--------------c
Trying to moving ion 10... to 1
Ion assignment after moving ion 10: {0: 5, 1: 12, 2: 1, 3: 9, 4: 2, 5: 0, 6: 4, 7: 6}
Executing gate at point (12, 2).
Executing gate at point (13, 2).
Trying to solve brute-force congestion at gate [12, 0] with {0: 5, 1: 12, 2: 1, 3: 9, 4: 2, 5: 0, 6: 4, 7: 6}
Trying to moving ion 0... to 0
Ion assignment after moving ion 0: {0: 5, 1: 12, 2: 1, 3: 9, 4: 2, 5: 0, 6: 4, 7: 6}
Clearing endpoint 1.........
Gate position gate updated to [ 0 12]--------------c
Trying to moving ion 12... to 1
Ion assignment after moving ion 12: {0: 5, 1: 1, 2: 9, 3: 3, 4: 2, 5: 0, 6: 4, 7: 6}
Executing gate at point (14, 1).
Executing gate at point (12, 3).
Executing gate at point (13, 3).
Executing gate at point (15, 1).
Trying to solve brute-force congestion at gate [9, 2] with {0: 5, 1: 1, 2: 9, 3: 3, 4: 2, 5: 0, 6: 4, 7: 6}
Trying to moving ion 2... to 2
Ion assignment after moving ion 2: {0: 5, 1: 1, 2: 9, 3: 3, 4: 2, 5: 0, 6: 4, 7: 6}
Clearing endpoint 3.........
Gate position gate updated to [ 2 10]--------------c
Trying to moving ion 10... to 3
Ion assignment after moving ion 10: {0: 5, 1: 1, 2: 3, 3: 8, 4: 2, 5: 0, 6: 4, 7: 6}
Executing gate at point (14, 2).
Executing gate at point (15, 2).
Trying to solve brute-force congestion at gate [3, 8] with {0: 5, 1: 1, 2: 3, 3: 8, 4: 2, 5: 0, 6: 4, 7: 6}
Trying to moving ion 3... to 2
Ion assignment after moving ion 3: {0: 5, 1: 1, 2: 2, 3: 8, 4: 3, 5: 0, 6: 4, 7: 6}
Clearing endpoint 3.........
Gate position gate updated to [2 8]--------------c
Trying to moving ion 8... to 3
Ion assignment after moving ion 8: {0: 5, 1: 1, 2: 2, 3: 3, 4: 10, 5: 0, 6: 4, 7: 6}
Executing gate at point (16, 2).
Executing gate at point (17, 2).
Trying to solve brute-force congestion at gate [5, 0] with {0: 5, 1: 1, 2: 2, 3: 3, 4: 10, 5: 0, 6: 4, 7: 6}
Trying to moving ion 0... to 0
Ion assignment after moving ion 0: {0: 5, 1: 1, 2: 2, 3: 3, 4: 10, 5: 0, 6: 4, 7: 6}
Clearing endpoint 1.........
Gate position gate updated to [0 5]--------------c
Trying to moving ion 5... to 1
Ion assignment after moving ion 5: {0: 1, 1: 9, 2: 2, 3: 3, 4: 12, 5: 0, 6: 4, 7: 6}
Executing gate at point (16, 0).
Executing gate at point (17, 0).
Trying to solve brute-force congestion at gate [9, 12] with {0: 1, 1: 9, 2: 2, 3: 3, 4: 12, 5: 0, 6: 4, 7: 6}
Trying to moving ion 12... to 6
Ion assignment after moving ion 12: {0: 1, 1: 9, 2: 2, 3: 3, 4: 6, 5: 0, 6: 4, 7: 7}
Clearing endpoint 7.........
Gate position gate updated to [6 9]--------------c
Trying to moving ion 9... to 7
Ion assignment after moving ion 9: {0: 1, 1: 7, 2: 2, 3: 3, 4: 6, 5: 0, 6: 4, 7: 11}
Executing gate at point (16, 1).
Executing gate at point (17, 1).
Trying to solve brute-force congestion at gate [1, 6] with {0: 1, 1: 7, 2: 2, 3: 3, 4: 6, 5: 0, 6: 4, 7: 11}
Trying to moving ion 6... to 6
Ion assignment after moving ion 6: {0: 1, 1: 7, 2: 2, 3: 3, 4: 6, 5: 0, 6: 4, 7: 11}
Clearing endpoint 7.........
Gate position gate updated to [6 1]--------------c
Trying to moving ion 1... to 7
Ion assignment after moving ion 1: {0: 7, 1: 11, 2: 2, 3: 3, 4: 6, 5: 0, 6: 4, 7: 5}
Executing gate at point (18, 0).
Executing gate at point (19, 0).
Trying to solve brute-force congestion at gate [11, 3] with {0: 7, 1: 11, 2: 2, 3: 3, 4: 6, 5: 0, 6: 4, 7: 5}
Trying to moving ion 3... to 2
Ion assignment after moving ion 3: {0: 7, 1: 11, 2: 3, 3: 2, 4: 6, 5: 0, 6: 4, 7: 5}
Clearing endpoint 3.........Input filename:  QFT_wsq_8_compiled
Algorithm:  SHAW
Trap type:  H
Trap capacity:  2
Num layout passes:  2
Gate type:  FM
Run index:  2
Creating a QCCD machine ...
QCCD physical machine:
### Traps ### 
Trap(id='trap_0', max_num_ions=2, initial_num_ions=0, executable=True, measureable=False)
Trap(id='trap_1', max_num_ions=2, initial_num_ions=0, executable=True, measureable=True)
Trap(id='trap_2', max_num_ions=2, initial_num_ions=0, executable=True, measureable=False)
Trap(id='trap_3', max_num_ions=2, initial_num_ions=0, executable=True, measureable=True)
### Junctions ### 
Junction(id='junction_0')
Junction(id='junction_1')
### Segments ### 
Segment(id='segment_0', left=Trap(id='trap_0', max_num_ions=2, initial_num_ions=0, executable=True, measureable=False), right=Junction(id='junction_0'))
Segment(id='segment_1', left=Trap(id='trap_1', max_num_ions=2, initial_num_ions=0, executable=True, measureable=True), right=Junction(id='junction_0'))
Segment(id='segment_2', left=Junction(id='junction_0'), right=Junction(id='junction_1'))
Segment(id='segment_3', left=Trap(id='trap_2', max_num_ions=2, initial_num_ions=0, executable=True, measureable=False), right=Junction(id='junction_1'))
Segment(id='segment_4', left=Trap(id='trap_3', max_num_ions=2, initial_num_ions=0, executable=True, measureable=True), right=Junction(id='junction_1'))
Finished creating the QCCD physical machine.
Position graph:  CouplingGraph({(0, 1), (9, 10), (10, 11), (5, 11), (1, 8), (8, 10), (2, 3), (6, 7), (4, 5), (8, 9), (3, 9), (7, 12), (11, 12), (10, 12)})
Initial ion assignment:  {0: 5, 1: 1, 2: 4, 3: 0, 4: 6, 5: 3, 6: 7, 7: 2}
Congestion rate:  0.5
Scheduling QCCD: 16080.000000000002 us, costing 3.0593918999657035 s to compile
0.01608
3.0593918999657035
{0: 7, 1: 12, 2: 6, 3: 0, 4: 2, 5: 8, 6: 4, 7: 5}
[0, 1, 2, 3, 4, 5, 6, 7]
