Executing gate at point (0, 6).
Trying to solve brute-force congestion at gate [1, 7] with {0: 6, 1: 2, 2: 0, 3: 1, 4: 7, 5: 3, 6: 4, 7: 5}
Trying to moving ion 1... to 0
Ion assignment after moving ion 1: {0: 6, 1: 2, 2: 1, 3: 0, 4: 7, 5: 3, 6: 4, 7: 5}
Clearing endpoint 1.........
Gate position gate updated to [0 7]--------------c
Trying to moving ion 7... to 1
Ion assignment after moving ion 7: {0: 6, 1: 2, 2: 9, 3: 0, 4: 1, 5: 3, 6: 4, 7: 5}
Executing gate at point (0, 3).
Trying to solve brute-force congestion at gate [9, 0] with {0: 6, 1: 2, 2: 9, 3: 0, 4: 1, 5: 3, 6: 4, 7: 5}
Trying to moving ion 0... to 0
Ion assignment after moving ion 0: {0: 6, 1: 2, 2: 9, 3: 0, 4: 1, 5: 3, 6: 4, 7: 5}
Clearing endpoint 1.........
Gate position gate updated to [0 9]--------------c
Trying to moving ion 9... to 1
Ion assignment after moving ion 9: {0: 6, 1: 2, 2: 1, 3: 0, 4: 10, 5: 3, 6: 4, 7: 5}
Executing gate at point (1, 2).
Trying to solve brute-force congestion at gate [2, 1] with {0: 6, 1: 2, 2: 1, 3: 0, 4: 10, 5: 3, 6: 4, 7: 5}
Trying to moving ion 2... to 2
Ion assignment after moving ion 2: {0: 6, 1: 2, 2: 1, 3: 0, 4: 10, 5: 3, 6: 4, 7: 5}
Clearing endpoint 3.........
Gate position gate updated to [2 1]--------------c
Trying to moving ion 1... to 3
Ion assignment after moving ion 1: {0: 6, 1: 2, 2: 3, 3: 0, 4: 12, 5: 10, 6: 4, 7: 5}
Executing gate at point (2, 1).
Trying to solve brute-force congestion at gate [6, 2] with {0: 6, 1: 2, 2: 3, 3: 0, 4: 12, 5: 10, 6: 4, 7: 5}
Trying to moving ion 6... to 6
Ion assignment after moving ion 6: {0: 6, 1: 2, 2: 3, 3: 0, 4: 12, 5: 10, 6: 4, 7: 5}
Gate position gate updated to [6 2]--------------c
Trying to moving ion 2... to 7
Ion assignment after moving ion 2: {0: 6, 1: 7, 2: 2, 3: 0, 4: 11, 5: 8, 6: 4, 7: 5}
Executing gate at point (3, 0).
Trying to solve brute-force congestion at gate [8, 4] with {0: 6, 1: 7, 2: 2, 3: 0, 4: 11, 5: 8, 6: 4, 7: 5}
Trying to moving ion 4... to 4
Ion assignment after moving ion 4: {0: 6, 1: 7, 2: 2, 3: 0, 4: 11, 5: 8, 6: 4, 7: 5}
Clearing endpoint 5.........
Gate position gate updated to [4 8]--------------c
Trying to moving ion 8... to 5
Ion assignment after moving ion 8: {0: 6, 1: 7, 2: 2, 3: 0, 4: 9, 5: 5, 6: 4, 7: 12}
Executing gate at point (1, 5).
Trying to solve brute-force congestion at gate [9, 5] with {0: 6, 1: 7, 2: 2, 3: 0, 4: 9, 5: 5, 6: 4, 7: 12}
Trying to moving ion 5... to 4
Ion assignment after moving ion 5: {0: 6, 1: 7, 2: 2, 3: 0, 4: 9, 5: 4, 6: 5, 7: 12}
Clearing endpoint 5.........
Gate position gate updated to [4 9]--------------c
Trying to moving ion 9... to 5
Ion assignment after moving ion 9: {0: 6, 1: 7, 2: 2, 3: 0, 4: 5, 5: 4, 6: 8, 7: 12}
Executing gate at point (2, 4).
Trying to solve brute-force congestion at gate [0, 5] with {0: 6, 1: 7, 2: 2, 3: 0, 4: 5, 5: 4, 6: 8, 7: 12}
Trying to moving ion 0... to 0
Ion assignment after moving ion 0: {0: 6, 1: 7, 2: 2, 3: 0, 4: 5, 5: 4, 6: 8, 7: 12}
Gate position gate updated to [0 5]--------------c
Trying to moving ion 5... to 1
Ion assignment after moving ion 5: {0: 6, 1: 7, 2: 2, 3: 0, 4: 1, 5: 4, 6: 9, 7: 12}
Executing gate at point (3, 3).
Trying to solve brute-force congestion at gate [2, 0] with {0: 6, 1: 7, 2: 2, 3: 0, 4: 1, 5: 4, 6: 9, 7: 12}
Trying to moving ion 2... to 2
Ion assignment after moving ion 2: {0: 6, 1: 7, 2: 2, 3: 0, 4: 1, 5: 4, 6: 9, 7: 12}
Gate position gate updated to [2 0]--------------c
Trying to moving ion 0... to 3
Ion assignment after moving ion 0: {0: 6, 1: 7, 2: 2, 3: 3, 4: 0, 5: 4, 6: 10, 7: 12}
Executing gate at point (4, 2).
Trying to solve brute-force congestion at gate [7, 2] with {0: 6, 1: 7, 2: 2, 3: 3, 4: 0, 5: 4, 6: 10, 7: 12}
Trying to moving ion 2... to 2
Ion assignment after moving ion 2: {0: 6, 1: 7, 2: 2, 3: 3, 4: 0, 5: 4, 6: 10, 7: 12}
Clearing endpoint 3.........
Gate position gate updated to [2 7]--------------c
Trying to moving ion 7... to 3
Ion assignment after moving ion 7: {0: 6, 1: 3, 2: 2, 3: 8, 4: 0, 5: 4, 6: 1, 7: 11}
Executing gate at point (5, 1).
Trying to solve brute-force congestion at gate [4, 1] with {0: 6, 1: 3, 2: 2, 3: 8, 4: 0, 5: 4, 6: 1, 7: 11}
Trying to moving ion 4... to 4
Ion assignment after moving ion 4: {0: 6, 1: 3, 2: 2, 3: 8, 4: 0, 5: 4, 6: 1, 7: 11}
Gate position gate updated to [4 1]--------------c
Trying to moving ion 1... to 5
Ion assignment after moving ion 1: {0: 6, 1: 3, 2: 2, 3: 7, 4: 0, 5: 4, 6: 5, 7: 12}
Executing gate at point (3, 5).
Trying to solve brute-force congestion at gate [0, 4] with {0: 6, 1: 3, 2: 2, 3: 7, 4: 0, 5: 4, 6: 5, 7: 12}
Trying to moving ion 0... to 0
Ion assignment after moving ion 0: {0: 6, 1: 3, 2: 2, 3: 7, 4: 0, 5: 4, 6: 5, 7: 12}
Gate position gate updated to [0 4]--------------c
Trying to moving ion 4... to 1
Ion assignment after moving ion 4: {0: 6, 1: 3, 2: 2, 3: 7, 4: 0, 5: 1, 6: 4, 7: 12}
Executing gate at point (4, 4).
Trying to solve brute-force congestion at gate [7, 0] with {0: 6, 1: 3, 2: 2, 3: 7, 4: 0, 5: 1, 6: 4, 7: 12}
Trying to moving ion 0... to 0
Ion assignment after moving ion 0: {0: 6, 1: 3, 2: 2, 3: 7, 4: 0, 5: 1, 6: 4, 7: 12}
Clearing endpoint 1.........
Gate position gate updated to [0 7]--------------c
Trying to moving ion 7... to 1
Ion assignment after moving ion 7: {0: 6, 1: 3, 2: 2, 3: 1, 4: 0, 5: 9, 6: 4, 7: 11}
Executing gate at point (5, 3).
Best move: (4, 5)
Best move: (4, 5)
Best move: (5, 11)
Executing gate at point (4, 6).
Trying to solve brute-force congestion at gate [9, 4] with {0: 6, 1: 3, 2: 2, 3: 1, 4: 0, 5: 9, 6: 4, 7: 5}
Trying to moving ion 4... to 4
Ion assignment after moving ion 4: {0: 6, 1: 3, 2: 2, 3: 1, 4: 0, 5: 9, 6: 4, 7: 5}
Clearing endpoint 5.........
Gate position gate updated to [4 9]--------------c
Trying to moving ion 9... to 5
Ion assignment after moving ion 9: {0: 6, 1: 3, 2: 2, 3: 1, 4: 0, 5: 5, 6: 4, 7: 12}
Executing gate at point (5, 5).
Trying to solve brute-force congestion at gate [0, 5] with {0: 6, 1: 3, 2: 2, 3: 1, 4: 0, 5: 5, 6: 4, 7: 12}
Trying to moving ion 0... to 0
Ion assignment after moving ion 0: {0: 6, 1: 3, 2: 2, 3: 1, 4: 0, 5: 5, 6: 4, 7: 12}
Clearing endpoint 1.........
Gate position gate updated to [0 5]--------------c
Trying to moving ion 5... to 1
Ion assignment after moving ion 5: {0: 6, 1: 3, 2: 2, 3: 9, 4: 0, 5: 1, 6: 4, 7: 12}
Trying to solve brute-force congestion at gate [4, 12] with {0: 6, 1: 3, 2: 2, 3: 9, 4: 0, 5: 1, 6: 4, 7: 12}
Trying to moving ion 4... to 4
Ion assignment after moving ion 4: {0: 6, 1: 3, 2: 2, 3: 9, 4: 0, 5: 1, 6: 4, 7: 12}
Gate position gate updated to [ 4 12]--------------c
Trying to moving ion 12... to 5
Ion assignment after moving ion 12: {0: 6, 1: 3, 2: 2, 3: 9, 4: 0, 5: 1, 6: 4, 7: 5}
Trying to solve brute-force congestion at gate [1, 4] with {0: 6, 1: 3, 2: 2, 3: 9, 4: 0, 5: 1, 6: 4, 7: 5}
Trying to moving ion 4... to 4
Ion assignment after moving ion 4: {0: 6, 1: 3, 2: 2, 3: 9, 4: 0, 5: 1, 6: 4, 7: 5}
Clearing endpoint 5.........
Gate position gate updated to [4 1]--------------c
Trying to moving ion 1... to 5
Ion assignment after moving ion 1: {0: 6, 1: 3, 2: 2, 3: 9, 4: 0, 5: 5, 6: 4, 7: 12}
Trying to solve brute-force congestion at gate [2, 9] with {0: 6, 1: 3, 2: 2, 3: 9, 4: 0, 5: 5, 6: 4, 7: 12}
Trying to moving ion 2... to 2
Ion assignment after moving ion 2: {0: 6, 1: 3, 2: 2, 3: 9, 4: 0, 5: 5, 6: 4, 7: 12}
Clearing endpoint 3.........
Gate position gate updated to [2 8]--------------c
Trying to moving ion 8... to 3
Ion assignment after moving ion 8: {0: 6, 1: 10, 2: 2, 3: 3, 4: 0, 5: 5, 6: 4, 7: 12}
Trying to solve brute-force congestion at gate [1, 0] with {0: 6, 1: 10, 2: 2, 3: 1, 4: 0, 5: 5, 6: 4, 7: 12}
Trying to moving ion 1... to 0
Ion assignment after moving ion 1: {0: 6, 1: 10, 2: 2, 3: 0, 4: 1, 5: 5, 6: 4, 7: 12}
Gate position gate updated to [0 1]--------------c
Trying to moving ion 1... to 1
Ion assignment after moving ion 1: {0: 6, 1: 10, 2: 2, 3: 0, 4: 1, 5: 5, 6: 4, 7: 12}
Trying to solve brute-force congestion at gate [1, 5] with {0: 6, 1: 10, 2: 2, 3: 0, 4: 1, 5: 5, 6: 4, 7: 12}
Trying to moving ion 1... to 0
Ion assignment after moving ion 1: {0: 6, 1: 10, 2: 2, 3: 1, 4: 0, 5: 5, 6: 4, 7: 12}
Clearing endpoint 1.........
Gate position gate updated to [0 5]--------------c
Trying to moving ion 5... to 1
Ion assignment after moving ion 5: {0: 6, 1: 3, 2: 2, 3: 9, 4: 0, 5: 1, 6: 4, 7: 12}
Trying to solve brute-force congestion at gate [1, 4] with {0: 6, 1: 3, 2: 2, 3: 9, 4: 0, 5: 1, 6: 4, 7: 12}
Trying to moving ion 4... to 4
Ion assignment after moving ion 4: {0: 6, 1: 3, 2: 2, 3: 9, 4: 0, 5: 1, 6: 4, 7: 12}
Gate position gate updated to [4 1]--------------c
Trying to moving ion 1... to 5
Ion assignment after moving ion 1: {0: 6, 1: 3, 2: 2, 3: 9, 4: 0, 5: 5, 6: 4, 7: 12}
Trying to solve brute-force congestion at gate [4, 12] with {0: 6, 1: 3, 2: 2, 3: 9, 4: 0, 5: 5, 6: 4, 7: 12}
Trying to moving ion 4... to 4
Ion assignment after moving ion 4: {0: 6, 1: 3, 2: 2, 3: 9, 4: 0, 5: 5, 6: 4, 7: 12}
Clearing endpoint 5.........
Gate position gate updated to [ 4 12]--------------c
Trying to moving ion 12... to 5
Ion assignment after moving ion 12: {0: 6, 1: 3, 2: 2, 3: 9, 4: 0, 5: 10, 6: 4, 7: 5}
Trying to solve brute-force congestion at gate [6, 3] with {0: 6, 1: 3, 2: 2, 3: 9, 4: 0, 5: 10, 6: 4, 7: 5}
Trying to moving ion 6... to 6
Ion assignment after moving ion 6: {0: 6, 1: 3, 2: 2, 3: 9, 4: 0, 5: 10, 6: 4, 7: 5}
Gate position gate updated to [6 3]--------------c
Trying to moving ion 3... to 7
Ion assignment after moving ion 3: {0: 6, 1: 7, 2: 2, 3: 8, 4: 0, 5: 11, 6: 4, 7: 5}
Trying to solve brute-force congestion at gate [7, 2] with {0: 6, 1: 7, 2: 2, 3: 8, 4: 0, 5: 11, 6: 4, 7: 5}
Trying to moving ion 2... to 2
Ion assignment after moving ion 2: {0: 6, 1: 7, 2: 2, 3: 8, 4: 0, 5: 11, 6: 4, 7: 5}
Gate position gate updated to [2 7]--------------c
Trying to moving ion 7... to 3
Ion assignment after moving ion 7: {0: 6, 1: 3, 2: 2, 3: 8, 4: 0, 5: 11, 6: 4, 7: 5}
Trying to solve brute-force congestion at gate [2, 8] with {0: 6, 1: 3, 2: 2, 3: 8, 4: 0, 5: 11, 6: 4, 7: 5}
Trying to moving ion 2... to 2
Ion assignment after moving ion 2: {0: 6, 1: 3, 2: 2, 3: 8, 4: 0, 5: 11, 6: 4, 7: 5}
Clearing endpoint 3.........
Gate position gate updated to [2 8]--------------c
Trying to moving ion 8... to 3
Ion assignment after moving ion 8: {0: 6, 1: 10, 2: 2, 3: 3, 4: 0, 5: 11, 6: 4, 7: 5}
Trying to solve brute-force congestion at gate [3, 0] with {0: 6, 1: 10, 2: 2, 3: 3, 4: 0, 5: 11, 6: 4, 7: 5}
Trying to moving ion 0... to 0
Ion assignment after moving ion 0: {0: 6, 1: 10, 2: 2, 3: 3, 4: 0, 5: 11, 6: 4, 7: 5}
Gate position gate updated to [0 3]--------------c
Trying to moving ion 3... to 1
Ion assignment after moving ion 3: {0: 6, 1: 10, 2: 2, 3: 1, 4: 0, 5: 11, 6: 4, 7: 5}
Executing gate at point (0, 3).
Executing gate at point (0, 6).
Trying to solve brute-force congestion at gate [2, 1] with {0: 6, 1: 10, 2: 2, 3: 1, 4: 0, 5: 11, 6: 4, 7: 5}
Trying to moving ion 2... to 2
Ion assignment after moving ion 2: {0: 6, 1: 10, 2: 2, 3: 1, 4: 0, 5: 11, 6: 4, 7: 5}
Gate position gate updated to [2 1]--------------c
Trying to moving ion 1... to 3
Ion assignment after moving ion 1: {0: 6, 1: 10, 2: 2, 3: 3, 4: 0, 5: 11, 6: 4, 7: 5}
Executing gate at point (1, 2).
Trying to solve brute-force congestion at gate [10, 2] with {0: 6, 1: 10, 2: 2, 3: 3, 4: 0, 5: 11, 6: 4, 7: 5}
Trying to moving ion 2... to 2
Ion assignment after moving ion 2: {0: 6, 1: 10, 2: 2, 3: 3, 4: 0, 5: 11, 6: 4, 7: 5}
Clearing endpoint 3.........
Gate position gate updated to [ 2 10]--------------c
Trying to moving ion 10... to 3
Ion assignment after moving ion 10: {0: 6, 1: 3, 2: 2, 3: 8, 4: 0, 5: 11, 6: 4, 7: 5}
Executing gate at point (2, 1).
Trying to solve brute-force congestion at gate [6, 3] with {0: 6, 1: 3, 2: 2, 3: 8, 4: 0, 5: 11, 6: 4, 7: 5}
Trying to moving ion 6... to 6
Ion assignment after moving ion 6: {0: 6, 1: 3, 2: 2, 3: 8, 4: 0, 5: 11, 6: 4, 7: 5}
Gate position gate updated to [6 3]--------------c
Trying to moving ion 3... to 7
Ion assignment after moving ion 3: {0: 6, 1: 7, 2: 2, 3: 8, 4: 0, 5: 11, 6: 4, 7: 5}
Executing gate at point (3, 0).
Trying to solve brute-force congestion at gate [11, 4] with {0: 6, 1: 7, 2: 2, 3: 8, 4: 0, 5: 11, 6: 4, 7: 5}
Trying to moving ion 4... to 4
Ion assignment after moving ion 4: {0: 6, 1: 7, 2: 2, 3: 8, 4: 0, 5: 11, 6: 4, 7: 5}
Clearing endpoint 5.........
Gate position gate updated to [ 4 10]--------------c
Trying to moving ion 10... to 5
Ion assignment after moving ion 10: {0: 6, 1: 7, 2: 2, 3: 8, 4: 0, 5: 5, 6: 4, 7: 12}
Executing gate at point (1, 5).
Best move: (5, 11)
Best move: (10, 11)
Best move: (9, 10)
Best move: (9, 10)
Try bruteforce due to repeated pattern...
Trying to solve brute-force congestion at gate [0, 10] with {0: 6, 1: 7, 2: 2, 3: 8, 4: 0, 5: 10, 6: 4, 7: 12}
Trying to moving ion 0... to 0
Ion assignment after moving ion 0: {0: 6, 1: 7, 2: 2, 3: 8, 4: 0, 5: 10, 6: 4, 7: 12}
Gate position gate updated to [ 0 10]--------------c
Trying to moving ion 10... to 1
Ion assignment after moving ion 10: {0: 6, 1: 7, 2: 2, 3: 9, 4: 0, 5: 1, 6: 4, 7: 12}
Executing gate at point (2, 4).
Best move: (1, 8)
Best move: (9, 10)
Best move: (9, 10)
Best move: (9, 10)
Try bruteforce due to repeated pattern...
Trying to solve brute-force congestion at gate [10, 0] with {0: 6, 1: 7, 2: 2, 3: 10, 4: 0, 5: 8, 6: 4, 7: 12}
Trying to moving ion 0... to 0
Ion assignment after moving ion 0: {0: 6, 1: 7, 2: 2, 3: 10, 4: 0, 5: 8, 6: 4, 7: 12}
Gate position gate updated to [ 0 10]--------------c
Trying to moving ion 10... to 1
Ion assignment after moving ion 10: {0: 6, 1: 7, 2: 2, 3: 1, 4: 0, 5: 9, 6: 4, 7: 12}
Executing gate at point (3, 3).
Best move: (1, 8)
Best move: (2, 3)
Best move: (2, 3)
Best move: (8, 10)
Best move: (8, 10)
Try bruteforce due to multiple steps (5) to solve one gate
Trying to solve brute-force congestion at gate [2, 8] with {0: 6, 1: 7, 2: 2, 3: 8, 4: 0, 5: 9, 6: 4, 7: 12}
Trying to moving ion 2... to 2
Ion assignment after moving ion 2: {0: 6, 1: 7, 2: 2, 3: 8, 4: 0, 5: 9, 6: 4, 7: 12}
Gate position gate updated to [2 8]--------------c
Trying to moving ion 8... to 3
Ion assignment after moving ion 8: {0: 6, 1: 7, 2: 2, 3: 3, 4: 0, 5: 10, 6: 4, 7: 12}
Executing gate at point (4, 2).
Trying to solve brute-force congestion at gate [7, 2] with {0: 6, 1: 7, 2: 2, 3: 3, 4: 0, 5: 10, 6: 4, 7: 12}
Trying to moving ion 2... to 2
Ion assignment after moving ion 2: {0: 6, 1: 7, 2: 2, 3: 3, 4: 0, 5: 10, 6: 4, 7: 12}
Clearing endpoint 3.........
Gate position gate updated to [2 7]--------------c
Trying to moving ion 7... to 3
Ion assignment after moving ion 7: {0: 6, 1: 3, 2: 2, 3: 8, 4: 0, 5: 1, 6: 4, 7: 11}
Executing gate at point (5, 1).
Trying to solve brute-force congestion at gate [1, 4] with {0: 6, 1: 3, 2: 2, 3: 8, 4: 0, 5: 1, 6: 4, 7: 11}
Trying to moving ion 4... to 4
Ion assignment after moving ion 4: {0: 6, 1: 3, 2: 2, 3: 8, 4: 0, 5: 1, 6: 4, 7: 11}
Gate position gate updated to [4 1]--------------c
Trying to moving ion 1... to 5
Ion assignment after moving ion 1: {0: 6, 1: 3, 2: 2, 3: 7, 4: 0, 5: 5, 6: 4, 7: 12}
Executing gate at point (3, 5).
Best move: (5, 11)
Best move: (10, 11)
Best move: (8, 10)
Best move: (0, 1)
Best move: (0, 1)
Try bruteforce due to multiple steps (5) to solve one gate
Trying to solve brute-force congestion at gate [0, 8] with {0: 6, 1: 3, 2: 2, 3: 7, 4: 0, 5: 8, 6: 4, 7: 12}
Trying to moving ion 0... to 0
Ion assignment after moving ion 0: {0: 6, 1: 3, 2: 2, 3: 7, 4: 0, 5: 8, 6: 4, 7: 12}
Gate position gate updated to [0 8]--------------c
Trying to moving ion 8... to 1
Ion assignment after moving ion 8: {0: 6, 1: 3, 2: 2, 3: 7, 4: 0, 5: 1, 6: 4, 7: 12}
Executing gate at point (4, 4).
Trying to solve brute-force congestion at gate [7, 0] with {0: 6, 1: 3, 2: 2, 3: 7, 4: 0, 5: 1, 6: 4, 7: 12}
Trying to moving ion 0... to 0
Ion assignment after moving ion 0: {0: 6, 1: 3, 2: 2, 3: 7, 4: 0, 5: 1, 6: 4, 7: 12}
Clearing endpoint 1.........
Gate position gate updated to [0 7]--------------c
Trying to moving ion 7... to 1
Ion assignment after moving ion 7: {0: 6, 1: 3, 2: 2, 3: 1, 4: 0, 5: 9, 6: 4, 7: 11}
Executing gate at point (5, 3).
Best move: (4, 5)
Best move: (4, 5)
Best move: (5, 11)
Executing gate at point (4, 6).
Trying to solve brute-force congestion at gate [9, 4] with {0: 6, 1: 3, 2: 2, 3: 1, 4: 0, 5: 9, 6: 4, 7: 5}
Trying to moving ion 4... to 4
Ion assignment after moving ion 4: {0: 6, 1: 3, 2: 2, 3: 1, 4: 0, 5: 9, 6: 4, 7: 5}
Clearing endpoint 5.........
Gate position gate updated to [4 9]--------------c
Trying to moving ion 9... to 5
Ion assignment after moving ion 9: {0: 6, 1: 3, 2: 2, 3: 1, 4: 0, 5: 5, 6: 4, 7: 12}
Executing gate at point (5, 5).
Trying to solve brute-force congestion at gate [0, 5] with {0: 6, 1: 3, 2: 2, 3: 1, 4: 0, 5: 5, 6: 4, 7: 12}
Trying to moving ion 0... to 0
Ion assignment after moving ion 0: {0: 6, 1: 3, 2: 2, 3: 1, 4: 0, 5: 5, 6: 4, 7: 12}
Clearing endpoint 1.........
Gate position gate updated to [0 5]--------------c
Trying to moving ion 5... to 1
Ion assignment after moving ion 5: {0: 6, 1: 3, 2: 2, 3: 9, 4: 0, 5: 1, 6: 4, 7: 12}
Trying to solve brute-force congestion at gate [4, 12] with {0: 6, 1: 3, 2: 2, 3: 9, 4: 0, 5: 1, 6: 4, 7: 12}
Trying to moving ion 4... to 4
Ion assignment after moving ion 4: {0: 6, 1: 3, 2: 2, 3: 9, 4: 0, 5: 1, 6: 4, 7: 12}
Gate position gate updated to [ 4 12]--------------c
Trying to moving ion 12... to 5
Ion assignment after moving ion 12: {0: 6, 1: 3, 2: 2, 3: 9, 4: 0, 5: 1, 6: 4, 7: 5}
Trying to solve brute-force congestion at gate [1, 4] with {0: 6, 1: 3, 2: 2, 3: 9, 4: 0, 5: 1, 6: 4, 7: 5}
Trying to moving ion 4... to 4
Ion assignment after moving ion 4: {0: 6, 1: 3, 2: 2, 3: 9, 4: 0, 5: 1, 6: 4, 7: 5}
Clearing endpoint 5.........
Gate position gate updated to [4 1]--------------c
Trying to moving ion 1... to 5
Ion assignment after moving ion 1: {0: 6, 1: 3, 2: 2, 3: 9, 4: 0, 5: 5, 6: 4, 7: 12}
Trying to solve brute-force congestion at gate [2, 9] with {0: 6, 1: 3, 2: 2, 3: 9, 4: 0, 5: 5, 6: 4, 7: 12}
Trying to moving ion 2... to 2
Ion assignment after moving ion 2: {0: 6, 1: 3, 2: 2, 3: 9, 4: 0, 5: 5, 6: 4, 7: 12}
Clearing endpoint 3.........
Gate position gate updated to [2 8]--------------c
Trying to moving ion 8... to 3
Ion assignment after moving ion 8: {0: 6, 1: 10, 2: 2, 3: 3, 4: 0, 5: 5, 6: 4, 7: 12}
Trying to solve brute-force congestion at gate [1, 0] with {0: 6, 1: 10, 2: 2, 3: 1, 4: 0, 5: 5, 6: 4, 7: 12}
Trying to moving ion 1... to 0
Ion assignment after moving ion 1: {0: 6, 1: 10, 2: 2, 3: 0, 4: 1, 5: 5, 6: 4, 7: 12}
Gate position gate updated to [0 1]--------------c
Trying to moving ion 1... to 1
Ion assignment after moving ion 1: {0: 6, 1: 10, 2: 2, 3: 0, 4: 1, 5: 5, 6: 4, 7: 12}
Trying to solve brute-force congestion at gate [1, 5] with {0: 6, 1: 10, 2: 2, 3: 0, 4: 1, 5: 5, 6: 4, 7: 12}
Trying to moving ion 1... to 0
Ion assignment after moving ion 1: {0: 6, 1: 10, 2: 2, 3: 1, 4: 0, 5: 5, 6: 4, 7: 12}
Clearing endpoint 1.........
Gate position gate updated to [0 5]--------------c
Trying to moving ion 5... to 1
Ion assignment after moving ion 5: {0: 6, 1: 3, 2: 2, 3: 9, 4: 0, 5: 1, 6: 4, 7: 12}
Trying to solve brute-force congestion at gate [1, 4] with {0: 6, 1: 3, 2: 2, 3: 9, 4: 0, 5: 1, 6: 4, 7: 12}
Trying to moving ion 4... to 4
Ion assignment after moving ion 4: {0: 6, 1: 3, 2: 2, 3: 9, 4: 0, 5: 1, 6: 4, 7: 12}
Gate position gate updated to [4 1]--------------c
Trying to moving ion 1... to 5
Ion assignment after moving ion 1: {0: 6, 1: 3, 2: 2, 3: 9, 4: 0, 5: 5, 6: 4, 7: 12}
Trying to solve brute-force congestion at gate [4, 12] with {0: 6, 1: 3, 2: 2, 3: 9, 4: 0, 5: 5, 6: 4, 7: 12}
Trying to moving ion 4... to 4
Ion assignment after moving ion 4: {0: 6, 1: 3, 2: 2, 3: 9, 4: 0, 5: 5, 6: 4, 7: 12}
Clearing endpoint 5.........
Gate position gate updated to [ 4 12]--------------c
Trying to moving ion 12... to 5
Ion assignment after moving ion 12: {0: 6, 1: 3, 2: 2, 3: 9, 4: 0, 5: 10, 6: 4, 7: 5}
Trying to solve brute-force congestion at gate [6, 3] with {0: 6, 1: 3, 2: 2, 3: 9, 4: 0, 5: 10, 6: 4, 7: 5}
Trying to moving ion 6... to 6
Ion assignment after moving ion 6: {0: 6, 1: 3, 2: 2, 3: 9, 4: 0, 5: 10, 6: 4, 7: 5}
Gate position gate updated to [6 3]--------------c
Trying to moving ion 3... to 7
Ion assignment after moving ion 3: {0: 6, 1: 7, 2: 2, 3: 8, 4: 0, 5: 11, 6: 4, 7: 5}
Trying to solve brute-force congestion at gate [7, 2] with {0: 6, 1: 7, 2: 2, 3: 8, 4: 0, 5: 11, 6: 4, 7: 5}
Trying to moving ion 2... to 2
Ion assignment after moving ion 2: {0: 6, 1: 7, 2: 2, 3: 8, 4: 0, 5: 11, 6: 4, 7: 5}
Gate position gate updated to [2 7]--------------c
Trying to moving ion 7... to 3
Ion assignment after moving ion 7: {0: 6, 1: 3, 2: 2, 3: 8, 4: 0, 5: 11, 6: 4, 7: 5}
Trying to solve brute-force congestion at gate [2, 8] with {0: 6, 1: 3, 2: 2, 3: 8, 4: 0, 5: 11, 6: 4, 7: 5}
Trying to moving ion 2... to 2
Ion assignment after moving ion 2: {0: 6, 1: 3, 2: 2, 3: 8, 4: 0, 5: 11, 6: 4, 7: 5}
Clearing endpoint 3.........
Gate position gate updated to [2 8]--------------c
Trying to moving ion 8... to 3
Ion assignment after moving ion 8: {0: 6, 1: 10, 2: 2, 3: 3, 4: 0, 5: 11, 6: 4, 7: 5}
Trying to solve brute-force congestion at gate [3, 0] with {0: 6, 1: 10, 2: 2, 3: 3, 4: 0, 5: 11, 6: 4, 7: 5}
Trying to moving ion 0... to 0
Ion assignment after moving ion 0: {0: 6, 1: 10, 2: 2, 3: 3, 4: 0, 5: 11, 6: 4, 7: 5}
Gate position gate updated to [0 3]--------------c
Trying to moving ion 3... to 1
Ion assignment after moving ion 3: {0: 6, 1: 10, 2: 2, 3: 1, 4: 0, 5: 11, 6: 4, 7: 5}
Executing gate at point (0, 3).
Executing gate at point (0, 6).
Trying to solve brute-force congestion at gate [2, 1] with {0: 6, 1: 10, 2: 2, 3: 1, 4: 0, 5: 11, 6: 4, 7: 5}
Trying to moving ion 2... to 2
Ion assignment after moving ion 2: {0: 6, 1: 10, 2: 2, 3: 1, 4: 0, 5: 11, 6: 4, 7: 5}
Gate position gate updated to [2 1]--------------c
Trying to moving ion 1... to 3
Ion assignment after moving ion 1: {0: 6, 1: 10, 2: 2, 3: 3, 4: 0, 5: 11, 6: 4, 7: 5}
Executing gate at point (1, 2).
Trying to solve brute-force congestion at gate [10, 2] with {0: 6, 1: 10, 2: 2, 3: 3, 4: 0, 5: 11, 6: 4, 7: 5}
Trying to moving ion 2... to 2
Ion assignment after moving ion 2: {0: 6, 1: 10, 2: 2, 3: 3, 4: 0, 5: 11, 6: 4, 7: 5}
Clearing endpoint 3.........
Gate position gate updated to [ 2 10]--------------c
Trying to moving ion 10... to 3
Ion assignment after moving ion 10: {0: 6, 1: 3, 2: 2, 3: 8, 4: 0, 5: 11, 6: 4, 7: 5}
Executing gate at point (2, 1).
Trying to solve brute-force congestion at gate [6, 3] with {0: 6, 1: 3, 2: 2, 3: 8, 4: 0, 5: 11, 6: 4, 7: 5}
Trying to moving ion 6... to 6
Ion assignment after moving ion 6: {0: 6, 1: 3, 2: 2, 3: 8, 4: 0, 5: 11, 6: 4, 7: 5}
Gate position gate updated to [6 3]--------------c
Trying to moving ion 3... to 7
Ion assignment after moving ion 3: {0: 6, 1: 7, 2: 2, 3: 8, 4: 0, 5: 11, 6: 4, 7: 5}
Executing gate at point (3, 0).
Trying to solve brute-force congestion at gate [11, 4] with {0: 6, 1: 7, 2: 2, 3: 8, 4: 0, 5: 11, 6: 4, 7: 5}
Trying to moving ion 4... to 4
Ion assignment after moving ion 4: {0: 6, 1: 7, 2: 2, 3: 8, 4: 0, 5: 11, 6: 4, 7: 5}
Clearing endpoint 5.........
Gate position gate updated to [ 4 10]--------------c
Trying to moving ion 10... to 5
Ion assignment after moving ion 10: {0: 6, 1: 7, 2: 2, 3: 8, 4: 0, 5: 5, 6: 4, 7: 12}
Executing gate at point (1, 5).
Best move: (5, 11)
Best move: (10, 11)
Best move: (9, 10)
Best move: (9, 10)
Try bruteforce due to repeated pattern...
Trying to solve brute-force congestion at gate [0, 10] with {0: 6, 1: 7, 2: 2, 3: 8, 4: 0, 5: 10, 6: 4, 7: 12}
Trying to moving ion 0... to 0
Ion assignment after moving ion 0: {0: 6, 1: 7, 2: 2, 3: 8, 4: 0, 5: 10, 6: 4, 7: 12}
Gate position gate updated to [ 0 10]--------------c
Trying to moving ion 10... to 1
Ion assignment after moving ion 10: {0: 6, 1: 7, 2: 2, 3: 9, 4: 0, 5: 1, 6: 4, 7: 12}
Executing gate at point (2, 4).
Best move: (1, 8)
Best move: (9, 10)
Best move: (9, 10)
Best move: (9, 10)
Try bruteforce due to repeated pattern...
Trying to solve brute-force congestion at gate [10, 0] with {0: 6, 1: 7, 2: 2, 3: 10, 4: 0, 5: 8, 6: 4, 7: 12}Input filename:  TFIM_n8_s100_compiled
Algorithm:  SHAPER
Trap type:  H
Trap capacity:  2
Num layout passes:  2
Gate type:  FM
Run index:  10
Creating a QCCD machine ...
QCCD physical machine:
### Traps ### 
Trap(id='trap_0', max_num_ions=2, initial_num_ions=0, executable=True, measureable=False)
Trap(id='trap_1', max_num_ions=2, initial_num_ions=0, executable=True, measureable=True)
Trap(id='trap_2', max_num_ions=2, initial_num_ions=0, executable=True, measureable=False)
Trap(id='trap_3', max_num_ions=2, initial_num_ions=0, executable=True, measureable=True)
### Junctions ### 
Junction(id='junction_0')
Junction(id='junction_1')
### Segments ### 
Segment(id='segment_0', left=Trap(id='trap_0', max_num_ions=2, initial_num_ions=0, executable=True, measureable=False), right=Junction(id='junction_0'))
Segment(id='segment_1', left=Trap(id='trap_1', max_num_ions=2, initial_num_ions=0, executable=True, measureable=True), right=Junction(id='junction_0'))
Segment(id='segment_2', left=Junction(id='junction_0'), right=Junction(id='junction_1'))
Segment(id='segment_3', left=Trap(id='trap_2', max_num_ions=2, initial_num_ions=0, executable=True, measureable=False), right=Junction(id='junction_1'))
Segment(id='segment_4', left=Trap(id='trap_3', max_num_ions=2, initial_num_ions=0, executable=True, measureable=True), right=Junction(id='junction_1'))
Finished creating the QCCD physical machine.
Position graph:  CouplingGraph({(0, 1), (9, 10), (10, 11), (5, 11), (1, 8), (8, 10), (2, 3), (6, 7), (4, 5), (8, 9), (3, 9), (7, 12), (11, 12), (10, 12)})
Initial ion assignment:  {0: 6, 1: 2, 2: 0, 3: 1, 4: 7, 5: 3, 6: 4, 7: 5}
Congestion rate:  0.5
Scheduling QCCD: 1040005839.9999999 us, costing 5.465080800000578 s to compile
1040.0058399999998
5.465080800000578
{0: 6, 1: 10, 2: 2, 3: 1, 4: 0, 5: 11, 6: 4, 7: 5}
[0, 1, 2, 3, 4, 5, 6, 7]
