Executing gate at point (0, 3).
Executing gate at point (0, 0).
Trying to solve brute-force congestion at gate [3, 7] with {0: 0, 1: 3, 2: 6, 3: 4, 4: 2, 5: 7, 6: 5, 7: 1}
Trying to moving ion 3... to 2
Ion assignment after moving ion 3: {0: 0, 1: 2, 2: 6, 3: 4, 4: 3, 5: 7, 6: 5, 7: 1}
Clearing endpoint 3.........
Gate position gate updated to [2 7]--------------c
Trying to moving ion 7... to 3
Ion assignment after moving ion 7: {0: 0, 1: 2, 2: 6, 3: 4, 4: 8, 5: 3, 6: 5, 7: 1}
Executing gate at point (0, 1).
Trying to solve brute-force congestion at gate [2, 1] with {0: 0, 1: 2, 2: 6, 3: 4, 4: 8, 5: 3, 6: 5, 7: 1}
Trying to moving ion 2... to 2
Ion assignment after moving ion 2: {0: 0, 1: 2, 2: 6, 3: 4, 4: 8, 5: 3, 6: 5, 7: 1}
Clearing endpoint 3.........
Gate position gate updated to [2 1]--------------c
Trying to moving ion 1... to 3
Ion assignment after moving ion 1: {0: 0, 1: 2, 2: 6, 3: 4, 4: 12, 5: 10, 6: 5, 7: 3}
Executing gate at point (1, 1).
Trying to solve brute-force congestion at gate [4, 3] with {0: 0, 1: 2, 2: 6, 3: 4, 4: 12, 5: 10, 6: 5, 7: 3}
Trying to moving ion 4... to 4
Ion assignment after moving ion 4: {0: 0, 1: 2, 2: 6, 3: 4, 4: 12, 5: 10, 6: 5, 7: 3}
Clearing endpoint 5.........
Gate position gate updated to [4 3]--------------c
Trying to moving ion 3... to 5
Ion assignment after moving ion 3: {0: 0, 1: 2, 2: 6, 3: 4, 4: 7, 5: 8, 6: 12, 7: 5}
Executing gate at point (2, 3).
Trying to solve brute-force congestion at gate [6, 8] with {0: 0, 1: 2, 2: 6, 3: 4, 4: 7, 5: 8, 6: 12, 7: 5}
Trying to moving ion 6... to 6
Ion assignment after moving ion 6: {0: 0, 1: 2, 2: 6, 3: 4, 4: 7, 5: 8, 6: 12, 7: 5}
Clearing endpoint 7.........
Gate position gate updated to [6 8]--------------c
Trying to moving ion 8... to 7
Ion assignment after moving ion 8: {0: 0, 1: 2, 2: 6, 3: 4, 4: 11, 5: 7, 6: 9, 7: 5}
Executing gate at point (1, 2).
Trying to solve brute-force congestion at gate [11, 9] with {0: 0, 1: 2, 2: 6, 3: 4, 4: 11, 5: 7, 6: 9, 7: 5}
Trying to moving ion 9... to 2
Ion assignment after moving ion 9: {0: 0, 1: 3, 2: 6, 3: 4, 4: 11, 5: 7, 6: 2, 7: 5}
Clearing endpoint 3.........
Gate position gate updated to [ 2 11]--------------c
Trying to moving ion 11... to 3
Ion assignment after moving ion 11: {0: 0, 1: 8, 2: 6, 3: 4, 4: 3, 5: 7, 6: 2, 7: 5}
Executing gate at point (1, 4).
Trying to solve brute-force congestion at gate [3, 5] with {0: 0, 1: 8, 2: 6, 3: 4, 4: 3, 5: 7, 6: 2, 7: 5}
Trying to moving ion 3... to 2
Ion assignment after moving ion 3: {0: 0, 1: 8, 2: 6, 3: 4, 4: 2, 5: 7, 6: 3, 7: 5}
Clearing endpoint 3.........
Gate position gate updated to [2 5]--------------c
Trying to moving ion 5... to 3
Ion assignment after moving ion 5: {0: 0, 1: 1, 2: 6, 3: 4, 4: 2, 5: 7, 6: 8, 7: 3}
Executing gate at point (3, 4).
Trying to solve brute-force congestion at gate [7, 3] with {0: 0, 1: 1, 2: 6, 3: 4, 4: 2, 5: 7, 6: 8, 7: 3}
Trying to moving ion 3... to 2
Ion assignment after moving ion 3: {0: 0, 1: 1, 2: 6, 3: 4, 4: 3, 5: 7, 6: 8, 7: 2}
Clearing endpoint 3.........
Gate position gate updated to [2 7]--------------c
Trying to moving ion 7... to 3
Ion assignment after moving ion 7: {0: 0, 1: 1, 2: 6, 3: 4, 4: 11, 5: 3, 6: 8, 7: 2}
Executing gate at point (4, 5).
Trying to solve brute-force congestion at gate [7, 9] with {0: 0, 1: 1, 2: 7, 3: 4, 4: 10, 5: 9, 6: 8, 7: 2}
Trying to moving ion 7... to 6
Ion assignment after moving ion 7: {0: 0, 1: 1, 2: 6, 3: 4, 4: 10, 5: 9, 6: 8, 7: 2}
Gate position gate updated to [6 9]--------------c
Trying to moving ion 9... to 7
Ion assignment after moving ion 9: {0: 0, 1: 1, 2: 6, 3: 4, 4: 11, 5: 7, 6: 8, 7: 2}
Trying to solve brute-force congestion at gate [11, 2] with {0: 0, 1: 1, 2: 6, 3: 4, 4: 11, 5: 7, 6: 8, 7: 2}
Trying to moving ion 2... to 2
Ion assignment after moving ion 2: {0: 0, 1: 1, 2: 6, 3: 4, 4: 11, 5: 7, 6: 8, 7: 2}
Gate position gate updated to [ 2 11]--------------c
Trying to moving ion 11... to 3
Ion assignment after moving ion 11: {0: 0, 1: 1, 2: 6, 3: 4, 4: 3, 5: 7, 6: 8, 7: 2}
Trying to solve brute-force congestion at gate [4, 2] with {0: 0, 1: 1, 2: 6, 3: 4, 4: 3, 5: 7, 6: 8, 7: 2}
Trying to moving ion 4... to 4
Ion assignment after moving ion 4: {0: 0, 1: 1, 2: 6, 3: 4, 4: 3, 5: 7, 6: 8, 7: 2}
Gate position gate updated to [4 2]--------------c
Trying to moving ion 2... to 5
Ion assignment after moving ion 2: {0: 0, 1: 1, 2: 6, 3: 4, 4: 2, 5: 7, 6: 8, 7: 5}
Trying to solve brute-force congestion at gate [1, 5] with {0: 0, 1: 1, 2: 6, 3: 4, 4: 2, 5: 7, 6: 8, 7: 5}
Trying to moving ion 1... to 0
Ion assignment after moving ion 1: {0: 1, 1: 0, 2: 6, 3: 4, 4: 2, 5: 7, 6: 8, 7: 5}
Clearing endpoint 1.........
Gate position gate updated to [0 5]--------------c
Trying to moving ion 5... to 1
Ion assignment after moving ion 5: {0: 9, 1: 0, 2: 6, 3: 4, 4: 2, 5: 7, 6: 3, 7: 1}
Trying to solve brute-force congestion at gate [0, 7] with {0: 9, 1: 0, 2: 6, 3: 4, 4: 2, 5: 7, 6: 3, 7: 1}
Trying to moving ion 0... to 0
Ion assignment after moving ion 0: {0: 9, 1: 0, 2: 6, 3: 4, 4: 2, 5: 7, 6: 3, 7: 1}
Clearing endpoint 1.........
Gate position gate updated to [0 7]--------------c
Trying to moving ion 7... to 1
Ion assignment after moving ion 7: {0: 9, 1: 0, 2: 6, 3: 4, 4: 2, 5: 1, 6: 3, 7: 11}
Trying to solve brute-force congestion at gate [4, 3] with {0: 9, 1: 0, 2: 6, 3: 4, 4: 2, 5: 1, 6: 3, 7: 11}
Trying to moving ion 4... to 4
Ion assignment after moving ion 4: {0: 9, 1: 0, 2: 6, 3: 4, 4: 2, 5: 1, 6: 3, 7: 11}
Gate position gate updated to [4 3]--------------c
Trying to moving ion 3... to 5
Ion assignment after moving ion 3: {0: 7, 1: 0, 2: 6, 3: 4, 4: 2, 5: 1, 6: 5, 7: 12}
Trying to solve brute-force congestion at gate [7, 12] with {0: 7, 1: 0, 2: 6, 3: 4, 4: 2, 5: 1, 6: 5, 7: 12}
Trying to moving ion 7... to 6
Ion assignment after moving ion 7: {0: 6, 1: 0, 2: 7, 3: 4, 4: 2, 5: 1, 6: 5, 7: 12}
Clearing endpoint 7.........
Gate position gate updated to [ 6 10]--------------c
Trying to moving ion 10... to 7
Ion assignment after moving ion 10: {0: 6, 1: 0, 2: 11, 3: 4, 4: 2, 5: 1, 6: 5, 7: 7}
Executing gate at point (0, 1).
Executing gate at point (0, 3).
Executing gate at point (0, 0).
Trying to solve brute-force congestion at gate [11, 1] with {0: 6, 1: 0, 2: 11, 3: 4, 4: 2, 5: 1, 6: 5, 7: 7}
Trying to moving ion 1... to 0
Ion assignment after moving ion 1: {0: 6, 1: 1, 2: 11, 3: 4, 4: 2, 5: 0, 6: 5, 7: 7}
Clearing endpoint 1.........
Gate position gate updated to [ 0 11]--------------c
Trying to moving ion 11... to 1
Ion assignment after moving ion 11: {0: 6, 1: 9, 2: 1, 3: 4, 4: 2, 5: 0, 6: 5, 7: 7}
Executing gate at point (1, 2).
Trying to solve brute-force congestion at gate [9, 7] with {0: 6, 1: 9, 2: 1, 3: 4, 4: 2, 5: 0, 6: 5, 7: 7}
Trying to moving ion 7... to 6
Ion assignment after moving ion 7: {0: 7, 1: 9, 2: 1, 3: 4, 4: 2, 5: 0, 6: 5, 7: 6}
Clearing endpoint 7.........
Gate position gate updated to [6 9]--------------c
Trying to moving ion 9... to 7
Ion assignment after moving ion 9: {0: 11, 1: 7, 2: 1, 3: 4, 4: 2, 5: 0, 6: 5, 7: 6}
Executing gate at point (1, 1).
Trying to solve brute-force congestion at gate [4, 6] with {0: 11, 1: 7, 2: 1, 3: 4, 4: 2, 5: 0, 6: 5, 7: 6}
Trying to moving ion 4... to 4
Ion assignment after moving ion 4: {0: 11, 1: 7, 2: 1, 3: 4, 4: 2, 5: 0, 6: 5, 7: 6}
Clearing endpoint 5.........
Gate position gate updated to [4 6]--------------c
Trying to moving ion 6... to 5
Ion assignment after moving ion 6: {0: 9, 1: 6, 2: 1, 3: 4, 4: 2, 5: 0, 6: 10, 7: 5}
Executing gate at point (2, 3).
Trying to solve brute-force congestion at gate [2, 10] with {0: 9, 1: 6, 2: 1, 3: 4, 4: 2, 5: 0, 6: 10, 7: 5}
Trying to moving ion 2... to 2
Ion assignment after moving ion 2: {0: 9, 1: 6, 2: 1, 3: 4, 4: 2, 5: 0, 6: 10, 7: 5}
Gate position gate updated to [ 2 10]--------------c
Trying to moving ion 10... to 3
Ion assignment after moving ion 10: {0: 8, 1: 6, 2: 1, 3: 4, 4: 2, 5: 0, 6: 3, 7: 5}
Executing gate at point (1, 4).
Trying to solve brute-force congestion at gate [2, 5] with {0: 8, 1: 6, 2: 1, 3: 4, 4: 2, 5: 0, 6: 3, 7: 5}Input filename:  QAOA_8_compiled
Algorithm:  SHAPER
Trap type:  H
Trap capacity:  2
Num layout passes:  2
Gate type:  FM
Run index:  8
Creating a QCCD machine ...
QCCD physical machine:
### Traps ### 
Trap(id='trap_0', max_num_ions=2, initial_num_ions=0, executable=True, measureable=False)
Trap(id='trap_1', max_num_ions=2, initial_num_ions=0, executable=True, measureable=True)
Trap(id='trap_2', max_num_ions=2, initial_num_ions=0, executable=True, measureable=False)
Trap(id='trap_3', max_num_ions=2, initial_num_ions=0, executable=True, measureable=True)
### Junctions ### 
Junction(id='junction_0')
Junction(id='junction_1')
### Segments ### 
Segment(id='segment_0', left=Trap(id='trap_0', max_num_ions=2, initial_num_ions=0, executable=True, measureable=False), right=Junction(id='junction_0'))
Segment(id='segment_1', left=Trap(id='trap_1', max_num_ions=2, initial_num_ions=0, executable=True, measureable=True), right=Junction(id='junction_0'))
Segment(id='segment_2', left=Junction(id='junction_0'), right=Junction(id='junction_1'))
Segment(id='segment_3', left=Trap(id='trap_2', max_num_ions=2, initial_num_ions=0, executable=True, measureable=False), right=Junction(id='junction_1'))
Segment(id='segment_4', left=Trap(id='trap_3', max_num_ions=2, initial_num_ions=0, executable=True, measureable=True), right=Junction(id='junction_1'))
Finished creating the QCCD physical machine.
Position graph:  CouplingGraph({(0, 1), (9, 10), (10, 11), (5, 11), (1, 8), (8, 10), (2, 3), (6, 7), (4, 5), (8, 9), (3, 9), (7, 12), (11, 12), (10, 12)})
Initial ion assignment:  {0: 0, 1: 3, 2: 6, 3: 4, 4: 2, 5: 7, 6: 5, 7: 1}
Congestion rate:  0.5
Scheduling QCCD: 480001959.99999994 us, costing 6.41078039992135 s to compile
480.00195999999994
6.41078039992135
{0: 7, 1: 1, 2: 11, 3: 4, 4: 2, 5: 0, 6: 5, 7: 6}
[0, 1, 2, 3, 4, 5, 6, 7]
