Executing gate at point (0, 2).
Executing gate at point (0, 0).
Executing gate at point (1, 0).
Executing gate at point (2, 0).
Executing gate at point (3, 0).
Trying to solve brute-force congestion at gate [6, 1] with {0: 3, 1: 6, 2: 4, 3: 5, 4: 0, 5: 1, 6: 7, 7: 2}
Trying to moving ion 6... to 6
Ion assignment after moving ion 6: {0: 3, 1: 6, 2: 4, 3: 5, 4: 0, 5: 1, 6: 7, 7: 2}
Clearing endpoint 7.........
Gate position gate updated to [6 1]--------------c
Trying to moving ion 1... to 7
Ion assignment after moving ion 1: {0: 3, 1: 6, 2: 4, 3: 5, 4: 0, 5: 7, 6: 11, 7: 2}
Executing gate at point (0, 1).
Executing gate at point (1, 1).
Executing gate at point (2, 1).
Executing gate at point (3, 5).
Trying to solve brute-force congestion at gate [6, 2] with {0: 3, 1: 6, 2: 4, 3: 5, 4: 0, 5: 7, 6: 11, 7: 2}
Trying to moving ion 2... to 2
Ion assignment after moving ion 2: {0: 3, 1: 6, 2: 4, 3: 5, 4: 0, 5: 7, 6: 11, 7: 2}
Clearing endpoint 3.........
Gate position gate updated to [2 6]--------------c
Trying to moving ion 6... to 3
Ion assignment after moving ion 6: {0: 8, 1: 3, 2: 4, 3: 5, 4: 0, 5: 6, 6: 11, 7: 2}
Executing gate at point (3, 1).
Executing gate at point (4, 1).
Executing gate at point (5, 1).
Executing gate at point (6, 1).
Executing gate at point (6, 7).
Executing gate at point (7, 7).
Trying to solve brute-force congestion at gate [5, 11] with {0: 8, 1: 3, 2: 4, 3: 5, 4: 0, 5: 6, 6: 11, 7: 2}
Trying to moving ion 5... to 4
Ion assignment after moving ion 5: {0: 8, 1: 3, 2: 5, 3: 4, 4: 0, 5: 6, 6: 11, 7: 2}
Clearing endpoint 5.........
Gate position gate updated to [ 4 12]--------------c
Trying to moving ion 12... to 5
Ion assignment after moving ion 12: {0: 8, 1: 3, 2: 10, 3: 4, 4: 0, 5: 6, 6: 5, 7: 2}
Executing gate at point (0, 3).
Executing gate at point (1, 3).
Executing gate at point (2, 3).
Executing gate at point (3, 3).
Best move: (5, 11)
Best move: (2, 3)
Best move: (3, 9)
Best move: (4, 5)
Best move: (4, 5)
Try bruteforce due to multiple steps (5) to solve one gate
Trying to solve brute-force congestion at gate [4, 9] with {0: 8, 1: 2, 2: 10, 3: 4, 4: 0, 5: 6, 6: 11, 7: 9}
Trying to moving ion 4... to 4
Ion assignment after moving ion 4: {0: 8, 1: 2, 2: 10, 3: 4, 4: 0, 5: 6, 6: 11, 7: 9}
Gate position gate updated to [4 9]--------------c
Trying to moving ion 9... to 5
Ion assignment after moving ion 9: {0: 8, 1: 2, 2: 7, 3: 4, 4: 0, 5: 6, 6: 12, 7: 5}
Executing gate at point (8, 3).
Executing gate at point (9, 7).
Executing gate at point (4, 2).
Executing gate at point (5, 5).
Executing gate at point (10, 3).
Executing gate at point (11, 7).
Executing gate at point (6, 2).
Executing gate at point (11, 3).
Executing gate at point (7, 2).
Best move: (10, 12)
Best move: (9, 10)
Best move: (9, 10)
Try bruteforce due to repeated pattern...
Trying to solve brute-force congestion at gate [0, 10] with {0: 8, 1: 2, 2: 7, 3: 4, 4: 0, 5: 6, 6: 10, 7: 5}
Trying to moving ion 0... to 0
Ion assignment after moving ion 0: {0: 8, 1: 2, 2: 7, 3: 4, 4: 0, 5: 6, 6: 10, 7: 5}
Gate position gate updated to [ 0 10]--------------c
Trying to moving ion 10... to 1
Ion assignment after moving ion 10: {0: 9, 1: 2, 2: 7, 3: 4, 4: 0, 5: 6, 6: 1, 7: 5}
Executing gate at point (3, 4).
Executing gate at point (4, 4).
Executing gate at point (4, 6).
Executing gate at point (5, 4).
Executing gate at point (6, 6).
Executing gate at point (6, 4).
Trying to solve brute-force congestion at gate [0, 5] with {0: 9, 1: 2, 2: 7, 3: 4, 4: 0, 5: 6, 6: 1, 7: 5}
Trying to moving ion 0... to 0
Ion assignment after moving ion 0: {0: 9, 1: 2, 2: 7, 3: 4, 4: 0, 5: 6, 6: 1, 7: 5}
Clearing endpoint 1.........
Gate position gate updated to [0 5]--------------c
Trying to moving ion 5... to 1
Ion assignment after moving ion 5: {0: 3, 1: 2, 2: 7, 3: 4, 4: 0, 5: 6, 6: 9, 7: 1}
Executing gate at point (12, 4).
Executing gate at point (13, 4).
Executing gate at point (14, 4).
Executing gate at point (15, 4).
Trying to solve brute-force congestion at gate [6, 1] with {0: 3, 1: 2, 2: 7, 3: 4, 4: 0, 5: 6, 6: 9, 7: 1}
Trying to moving ion 6... to 6
Ion assignment after moving ion 6: {0: 3, 1: 2, 2: 7, 3: 4, 4: 0, 5: 6, 6: 9, 7: 1}
Clearing endpoint 7.........
Gate position gate updated to [6 1]--------------c
Trying to moving ion 1... to 7
Ion assignment after moving ion 1: {0: 3, 1: 2, 2: 11, 3: 4, 4: 0, 5: 6, 6: 9, 7: 7}
Executing gate at point (15, 5).
Executing gate at point (16, 7).
Executing gate at point (16, 5).
Executing gate at point (17, 5).
Executing gate at point (18, 5).
Executing gate at point (18, 7).
Trying to solve brute-force congestion at gate [12] with {0: 3, 1: 2, 2: 11, 3: 4, 4: 0, 5: 6, 6: 12, 7: 8}
Trying to moving ion 12... to 6
Ion assignment after moving ion 12: {0: 3, 1: 2, 2: 11, 3: 4, 4: 0, 5: 7, 6: 6, 7: 8}
Trying to solve brute-force congestion at gate [0, 8] with {0: 3, 1: 2, 2: 11, 3: 4, 4: 0, 5: 7, 6: 6, 7: 8}
Trying to moving ion 0... to 0
Ion assignment after moving ion 0: {0: 3, 1: 2, 2: 11, 3: 4, 4: 0, 5: 7, 6: 6, 7: 8}
Gate position gate updated to [0 8]--------------c
Trying to moving ion 8... to 1
Ion assignment after moving ion 8: {0: 3, 1: 2, 2: 11, 3: 4, 4: 0, 5: 7, 6: 6, 7: 1}
Trying to solve brute-force congestion at gate [0] with {0: 3, 1: 2, 2: 11, 3: 4, 4: 0, 5: 7, 6: 6, 7: 1}
Trying to moving ion 0... to 0
Ion assignment after moving ion 0: {0: 3, 1: 2, 2: 11, 3: 4, 4: 0, 5: 7, 6: 6, 7: 1}
Trying to solve brute-force congestion at gate [0, 1] with {0: 3, 1: 2, 2: 11, 3: 4, 4: 0, 5: 7, 6: 6, 7: 1}
Trying to moving ion 0... to 0
Ion assignment after moving ion 0: {0: 3, 1: 2, 2: 11, 3: 4, 4: 0, 5: 7, 6: 6, 7: 1}
Gate position gate updated to [0 1]--------------c
Trying to moving ion 1... to 1
Ion assignment after moving ion 1: {0: 3, 1: 2, 2: 11, 3: 4, 4: 0, 5: 7, 6: 6, 7: 1}
Trying to solve brute-force congestion at gate [1] with {0: 3, 1: 2, 2: 11, 3: 4, 4: 0, 5: 7, 6: 6, 7: 1}
Trying to moving ion 1... to 0
Ion assignment after moving ion 1: {0: 3, 1: 2, 2: 11, 3: 4, 4: 1, 5: 7, 6: 6, 7: 0}
Trying to solve brute-force congestion at gate [11] with {0: 3, 1: 2, 2: 11, 3: 4, 4: 1, 5: 7, 6: 6, 7: 0}
Trying to moving ion 11... to 4
Ion assignment after moving ion 11: {0: 3, 1: 2, 2: 4, 3: 5, 4: 1, 5: 7, 6: 6, 7: 0}
Trying to solve brute-force congestion at gate [1, 6] with {0: 3, 1: 2, 2: 4, 3: 5, 4: 1, 5: 7, 6: 6, 7: 0}
Trying to moving ion 6... to 6
Ion assignment after moving ion 6: {0: 3, 1: 2, 2: 4, 3: 5, 4: 1, 5: 7, 6: 6, 7: 0}
Clearing endpoint 7.........
Gate position gate updated to [6 1]--------------c
Trying to moving ion 1... to 7
Ion assignment after moving ion 1: {0: 3, 1: 2, 2: 4, 3: 5, 4: 7, 5: 11, 6: 6, 7: 0}
Trying to solve brute-force congestion at gate [7] with {0: 3, 1: 2, 2: 4, 3: 5, 4: 7, 5: 11, 6: 6, 7: 0}
Trying to moving ion 7... to 6
Ion assignment after moving ion 7: {0: 3, 1: 2, 2: 4, 3: 5, 4: 6, 5: 11, 6: 7, 7: 0}
Trying to solve brute-force congestion at gate [4, 11] with {0: 3, 1: 2, 2: 4, 3: 5, 4: 6, 5: 11, 6: 7, 7: 0}
Trying to moving ion 4... to 4
Ion assignment after moving ion 4: {0: 3, 1: 2, 2: 4, 3: 5, 4: 6, 5: 11, 6: 7, 7: 0}
Clearing endpoint 5.........
Gate position gate updated to [ 4 10]--------------c
Trying to moving ion 10... to 5
Ion assignment after moving ion 10: {0: 3, 1: 2, 2: 4, 3: 12, 4: 6, 5: 5, 6: 7, 7: 0}
Trying to solve brute-force congestion at gate [5] with {0: 3, 1: 2, 2: 4, 3: 12, 4: 6, 5: 5, 6: 7, 7: 0}
Trying to moving ion 5... to 4
Ion assignment after moving ion 5: {0: 3, 1: 2, 2: 5, 3: 12, 4: 6, 5: 4, 6: 7, 7: 0}
Trying to solve brute-force congestion at gate [5, 4] with {0: 3, 1: 2, 2: 5, 3: 12, 4: 6, 5: 4, 6: 7, 7: 0}
Trying to moving ion 5... to 4
Ion assignment after moving ion 5: {0: 3, 1: 2, 2: 4, 3: 12, 4: 6, 5: 5, 6: 7, 7: 0}
Gate position gate updated to [4 5]--------------c
Trying to moving ion 5... to 5
Ion assignment after moving ion 5: {0: 3, 1: 2, 2: 4, 3: 12, 4: 6, 5: 5, 6: 7, 7: 0}
Trying to solve brute-force congestion at gate [4] with {0: 3, 1: 2, 2: 4, 3: 12, 4: 6, 5: 5, 6: 7, 7: 0}
Trying to moving ion 4... to 4
Ion assignment after moving ion 4: {0: 3, 1: 2, 2: 4, 3: 12, 4: 6, 5: 5, 6: 7, 7: 0}
Trying to solve brute-force congestion at gate [12, 0] with {0: 3, 1: 2, 2: 4, 3: 12, 4: 6, 5: 5, 6: 7, 7: 0}
Trying to moving ion 0... to 0
Ion assignment after moving ion 0: {0: 3, 1: 2, 2: 4, 3: 12, 4: 6, 5: 5, 6: 7, 7: 0}
Gate position gate updated to [ 0 12]--------------c
Trying to moving ion 12... to 1
Ion assignment after moving ion 12: {0: 3, 1: 2, 2: 4, 3: 1, 4: 6, 5: 5, 6: 7, 7: 0}
Trying to solve brute-force congestion at gate [0] with {0: 3, 1: 2, 2: 4, 3: 1, 4: 6, 5: 5, 6: 7, 7: 0}
Trying to moving ion 0... to 0
Ion assignment after moving ion 0: {0: 3, 1: 2, 2: 4, 3: 1, 4: 6, 5: 5, 6: 7, 7: 0}
Trying to solve brute-force congestion at gate [1, 0] with {0: 3, 1: 2, 2: 4, 3: 1, 4: 6, 5: 5, 6: 7, 7: 0}
Trying to moving ion 1... to 0
Ion assignment after moving ion 1: {0: 3, 1: 2, 2: 4, 3: 0, 4: 6, 5: 5, 6: 7, 7: 1}
Gate position gate updated to [0 1]--------------c
Trying to moving ion 1... to 1
Ion assignment after moving ion 1: {0: 3, 1: 2, 2: 4, 3: 0, 4: 6, 5: 5, 6: 7, 7: 1}
Trying to solve brute-force congestion at gate [0] with {0: 3, 1: 2, 2: 4, 3: 0, 4: 6, 5: 5, 6: 7, 7: 1}
Trying to moving ion 0... to 0
Ion assignment after moving ion 0: {0: 3, 1: 2, 2: 4, 3: 0, 4: 6, 5: 5, 6: 7, 7: 1}
Trying to solve brute-force congestion at gate [0, 7] with {0: 3, 1: 2, 2: 4, 3: 0, 4: 6, 5: 5, 6: 7, 7: 1}
Trying to moving ion 0... to 0
Ion assignment after moving ion 0: {0: 3, 1: 2, 2: 4, 3: 0, 4: 6, 5: 5, 6: 7, 7: 1}
Clearing endpoint 1.........
Gate position gate updated to [0 7]--------------c
Trying to moving ion 7... to 1
Ion assignment after moving ion 7: {0: 3, 1: 2, 2: 4, 3: 0, 4: 6, 5: 5, 6: 1, 7: 9}
Trying to solve brute-force congestion at gate [9] with {0: 3, 1: 2, 2: 4, 3: 0, 4: 6, 5: 5, 6: 1, 7: 9}
Trying to moving ion 9... to 2
Ion assignment after moving ion 9: {0: 10, 1: 3, 2: 4, 3: 0, 4: 6, 5: 5, 6: 1, 7: 2}
Trying to solve brute-force congestion at gate [0, 1] with {0: 10, 1: 3, 2: 4, 3: 0, 4: 6, 5: 5, 6: 1, 7: 2}
Trying to moving ion 0... to 0
Ion assignment after moving ion 0: {0: 10, 1: 3, 2: 4, 3: 0, 4: 6, 5: 5, 6: 1, 7: 2}
Gate position gate updated to [0 1]--------------c
Trying to moving ion 1... to 1
Ion assignment after moving ion 1: {0: 10, 1: 3, 2: 4, 3: 0, 4: 6, 5: 5, 6: 1, 7: 2}
Trying to solve brute-force congestion at gate [3] with {0: 10, 1: 3, 2: 4, 3: 0, 4: 6, 5: 5, 6: 1, 7: 2}
Trying to moving ion 3... to 2
Ion assignment after moving ion 3: {0: 10, 1: 2, 2: 4, 3: 0, 4: 6, 5: 5, 6: 1, 7: 3}
Trying to solve brute-force congestion at gate [2, 3] with {0: 10, 1: 2, 2: 4, 3: 0, 4: 6, 5: 5, 6: 1, 7: 3}
Trying to moving ion 2... to 2
Ion assignment after moving ion 2: {0: 10, 1: 2, 2: 4, 3: 0, 4: 6, 5: 5, 6: 1, 7: 3}
Gate position gate updated to [2 3]--------------c
Trying to moving ion 3... to 3
Ion assignment after moving ion 3: {0: 10, 1: 2, 2: 4, 3: 0, 4: 6, 5: 5, 6: 1, 7: 3}
Trying to solve brute-force congestion at gate [10, 3] with {0: 10, 1: 2, 2: 4, 3: 0, 4: 6, 5: 5, 6: 1, 7: 3}
Trying to moving ion 3... to 2
Ion assignment after moving ion 3: {0: 10, 1: 3, 2: 4, 3: 0, 4: 6, 5: 5, 6: 1, 7: 2}
Clearing endpoint 3.........
Gate position gate updated to [ 2 10]--------------c
Trying to moving ion 10... to 3
Ion assignment after moving ion 10: {0: 3, 1: 8, 2: 4, 3: 0, 4: 6, 5: 5, 6: 1, 7: 2}
Trying to solve brute-force congestion at gate [3] with {0: 3, 1: 8, 2: 4, 3: 0, 4: 6, 5: 5, 6: 1, 7: 2}
Trying to moving ion 3... to 2
Ion assignment after moving ion 3: {0: 2, 1: 8, 2: 4, 3: 0, 4: 6, 5: 5, 6: 1, 7: 3}
Trying to solve brute-force congestion at gate [8, 5] with {0: 2, 1: 8, 2: 4, 3: 0, 4: 6, 5: 5, 6: 1, 7: 3}
Trying to moving ion 5... to 4
Ion assignment after moving ion 5: {0: 2, 1: 8, 2: 5, 3: 0, 4: 6, 5: 4, 6: 1, 7: 3}
Clearing endpoint 5.........
Gate position gate updated to [4 8]--------------c
Trying to moving ion 8... to 5
Ion assignment after moving ion 8: {0: 2, 1: 5, 2: 12, 3: 0, 4: 6, 5: 4, 6: 1, 7: 3}
Trying to solve brute-force congestion at gate [5] with {0: 2, 1: 5, 2: 12, 3: 0, 4: 6, 5: 4, 6: 1, 7: 3}
Trying to moving ion 5... to 4
Ion assignment after moving ion 5: {0: 2, 1: 4, 2: 12, 3: 0, 4: 6, 5: 5, 6: 1, 7: 3}
Trying to solve brute-force congestion at gate [4, 5] with {0: 2, 1: 4, 2: 12, 3: 0, 4: 6, 5: 5, 6: 1, 7: 3}
Trying to moving ion 4... to 4
Ion assignment after moving ion 4: {0: 2, 1: 4, 2: 12, 3: 0, 4: 6, 5: 5, 6: 1, 7: 3}
Gate position gate updated to [4 5]--------------c
Trying to moving ion 5... to 5
Ion assignment after moving ion 5: {0: 2, 1: 4, 2: 12, 3: 0, 4: 6, 5: 5, 6: 1, 7: 3}
Executing gate at point (0, 1).
Executing gate at point (0, 3).
Executing gate at point (0, 0).
Executing gate at point (1, 1).
Executing gate at point (1, 0).
Executing gate at point (1, 3).
Executing gate at point (2, 1).
Executing gate at point (2, 0).
Executing gate at point (2, 3).
Executing gate at point (3, 0).
Executing gate at point (3, 3).
Executing gate at point (3, 5).
Trying to solve brute-force congestion at gate [12] with {0: 2, 1: 4, 2: 12, 3: 0, 4: 6, 5: 5, 6: 1, 7: 3}
Trying to moving ion 12... to 6
Ion assignment after moving ion 12: {0: 2, 1: 4, 2: 6, 3: 0, 4: 7, 5: 5, 6: 1, 7: 3}
Executing gate at point (0, 2).
Trying to solve brute-force congestion at gate [4, 3] with {0: 2, 1: 4, 2: 6, 3: 0, 4: 7, 5: 5, 6: 1, 7: 3}
Trying to moving ion 4... to 4
Ion assignment after moving ion 4: {0: 2, 1: 4, 2: 6, 3: 0, 4: 7, 5: 5, 6: 1, 7: 3}
Clearing endpoint 5.........
Gate position gate updated to [4 3]--------------c
Trying to moving ion 3... to 5
Ion assignment after moving ion 3: {0: 2, 1: 4, 2: 6, 3: 0, 4: 7, 5: 12, 6: 1, 7: 5}
Executing gate at point (3, 1).
Executing gate at point (4, 1).
Executing gate at point (5, 1).
Executing gate at point (6, 1).
Executing gate at point (6, 7).
Executing gate at point (7, 7).
Trying to solve brute-force congestion at gate [0, 5] with {0: 2, 1: 4, 2: 6, 3: 0, 4: 7, 5: 12, 6: 1, 7: 5}
Trying to moving ion 0... to 0
Ion assignment after moving ion 0: {0: 2, 1: 4, 2: 6, 3: 0, 4: 7, 5: 12, 6: 1, 7: 5}
Clearing endpoint 1.........
Gate position gate updated to [0 5]--------------c
Trying to moving ion 5... to 1
Ion assignment after moving ion 5: {0: 2, 1: 4, 2: 6, 3: 0, 4: 7, 5: 12, 6: 9, 7: 1}
Executing gate at point (8, 3).
Executing gate at point (9, 7).
Executing gate at point (10, 3).
Executing gate at point (11, 7).
Executing gate at point (11, 3).
Trying to solve brute-force congestion at gate [7, 9] with {0: 2, 1: 4, 2: 6, 3: 0, 4: 7, 5: 12, 6: 9, 7: 1}
Trying to moving ion 7... to 6
Ion assignment after moving ion 7: {0: 2, 1: 4, 2: 7, 3: 0, 4: 6, 5: 12, 6: 9, 7: 1}
Clearing endpoint 7.........
Gate position gate updated to [6 9]--------------c
Trying to moving ion 9... to 7
Ion assignment after moving ion 9: {0: 2, 1: 4, 2: 11, 3: 0, 4: 6, 5: 5, 6: 7, 7: 1}
Executing gate at point (3, 4).
Executing gate at point (4, 4).
Executing gate at point (4, 6).
Executing gate at point (5, 4).
Executing gate at point (6, 6).
Executing gate at point (6, 4).
Trying to solve brute-force congestion at gate [6, 1] with {0: 2, 1: 4, 2: 11, 3: 0, 4: 6, 5: 5, 6: 7, 7: 1}
Trying to moving ion 6... to 6
Ion assignment after moving ion 6: {0: 2, 1: 4, 2: 11, 3: 0, 4: 6, 5: 5, 6: 7, 7: 1}
Clearing endpoint 7.........
Gate position gate updated to [6 1]--------------c
Trying to moving ion 1... to 7
Ion assignment after moving ion 1: {0: 2, 1: 4, 2: 11, 3: 0, 4: 6, 5: 5, 6: 8, 7: 7}
Executing gate at point (12, 4).
Executing gate at point (13, 4).
Executing gate at point (14, 4).
Executing gate at point (15, 4).
Trying to solve brute-force congestion at gate [11, 5] with {0: 2, 1: 4, 2: 11, 3: 0, 4: 6, 5: 5, 6: 8, 7: 7}
Trying to moving ion 5... to 4
Ion assignment after moving ion 5: {0: 2, 1: 5, 2: 11, 3: 0, 4: 6, 5: 4, 6: 8, 7: 7}
Clearing endpoint 5.........
Gate position gate updated to [ 4 10]--------------c
Trying to moving ion 10... to 5
Ion assignment after moving ion 10: {0: 2, 1: 12, 2: 5, 3: 0, 4: 6, 5: 4, 6: 8, 7: 7}
Executing gate at point (4, 2).
Executing gate at point (5, 5).
Executing gate at point (6, 2).
Executing gate at point (7, 2).
Trying to solve brute-force congestion at gate [4, 7] with {0: 2, 1: 12, 2: 5, 3: 0, 4: 6, 5: 4, 6: 8, 7: 7}
Trying to moving ion 4... to 4
Ion assignment after moving ion 4: {0: 2, 1: 12, 2: 5, 3: 0, 4: 6, 5: 4, 6: 8, 7: 7}
Clearing endpoint 5.........
Gate position gate updated to [4 7]--------------c
Trying to moving ion 7... to 5
Ion assignment after moving ion 7: {0: 2, 1: 9, 2: 10, 3: 0, 4: 6, 5: 4, 6: 8, 7: 5}
Executing gate at point (15, 5).
Executing gate at point (16, 7).
Executing gate at point (16, 5).
Executing gate at point (17, 5).
Executing gate at point (18, 5).
Executing gate at point (18, 7).
Trying to solve brute-force congestion at gate [6, 7] with {0: 2, 1: 9, 2: 10, 3: 0, 4: 6, 5: 4, 6: 8, 7: 7}
Trying to moving ion 6... to 6
Ion assignment after moving ion 6: {0: 2, 1: 9, 2: 10, 3: 0, 4: 6, 5: 4, 6: 8, 7: 7}
Gate position gate updated to [6 7]--------------c
Trying to moving ion 7... to 7
Ion assignment after moving ion 7: {0: 2, 1: 9, 2: 10, 3: 0, 4: 6, 5: 4, 6: 8, 7: 7}
Trying to solve brute-force congestion at gate [6] with {0: 2, 1: 9, 2: 10, 3: 0, 4: 6, 5: 4, 6: 8, 7: 7}
Trying to moving ion 6... to 6
Ion assignment after moving ion 6: {0: 2, 1: 9, 2: 10, 3: 0, 4: 6, 5: 4, 6: 8, 7: 7}
Trying to solve brute-force congestion at gate [6, 7] with {0: 2, 1: 9, 2: 10, 3: 0, 4: 6, 5: 4, 6: 8, 7: 7}
Trying to moving ion 6... to 6
Ion assignment after moving ion 6: {0: 2, 1: 9, 2: 10, 3: 0, 4: 6, 5: 4, 6: 8, 7: 7}
Gate position gate updated to [6 7]--------------c
Trying to moving ion 7... to 7
Ion assignment after moving ion 7: {0: 2, 1: 9, 2: 10, 3: 0, 4: 6, 5: 4, 6: 8, 7: 7}
Trying to solve brute-force congestion at gate [7] with {0: 2, 1: 9, 2: 10, 3: 0, 4: 6, 5: 4, 6: 8, 7: 7}
Trying to moving ion 7... to 6
Ion assignment after moving ion 7: {0: 2, 1: 9, 2: 10, 3: 0, 4: 7, 5: 4, 6: 8, 7: 6}
Trying to solve brute-force congestion at gate [10] with {0: 2, 1: 9, 2: 10, 3: 0, 4: 7, 5: 4, 6: 8, 7: 6}
Trying to moving ion 10... to 4
Ion assignment after moving ion 10: {0: 2, 1: 9, 2: 4, 3: 0, 4: 7, 5: 5, 6: 8, 7: 6}
Trying to solve brute-force congestion at gate [4, 5] with {0: 2, 1: 9, 2: 4, 3: 0, 4: 7, 5: 5, 6: 8, 7: 6}
Trying to moving ion 4... to 4
Ion assignment after moving ion 4: {0: 2, 1: 9, 2: 4, 3: 0, 4: 7, 5: 5, 6: 8, 7: 6}
Gate position gate updated to [4 5]--------------c
Trying to moving ion 5... to 5
Ion assignment after moving ion 5: {0: 2, 1: 9, 2: 4, 3: 0, 4: 7, 5: 5, 6: 8, 7: 6}
Trying to solve brute-force congestion at gate [5] with {0: 2, 1: 9, 2: 4, 3: 0, 4: 7, 5: 5, 6: 8, 7: 6}
Trying to moving ion 5... to 4
Ion assignment after moving ion 5: {0: 2, 1: 9, 2: 5, 3: 0, 4: 7, 5: 4, 6: 8, 7: 6}
Trying to solve brute-force congestion at gate [9] with {0: 2, 1: 9, 2: 5, 3: 0, 4: 7, 5: 4, 6: 8, 7: 6}
Trying to moving ion 9... to 2
Ion assignment after moving ion 9: {0: 3, 1: 2, 2: 5, 3: 0, 4: 7, 5: 4, 6: 8, 7: 6}
Trying to solve brute-force congestion at gate [5] with {0: 3, 1: 2, 2: 5, 3: 0, 4: 7, 5: 4, 6: 8, 7: 6}
Trying to moving ion 5... to 4
Ion assignment after moving ion 5: {0: 3, 1: 2, 2: 4, 3: 0, 4: 7, 5: 5, 6: 8, 7: 6}
Trying to solve brute-force congestion at gate [8] with {0: 3, 1: 2, 2: 4, 3: 0, 4: 7, 5: 5, 6: 8, 7: 6}
Trying to moving ion 8... to 0
Ion assignment after moving ion 8: {0: 3, 1: 2, 2: 4, 3: 1, 4: 7, 5: 5, 6: 0, 7: 6}
Trying to solve brute-force congestion at gate [7, 0] with {0: 3, 1: 2, 2: 4, 3: 1, 4: 7, 5: 5, 6: 0, 7: 6}
Trying to moving ion 0... to 0
Ion assignment after moving ion 0: {0: 3, 1: 2, 2: 4, 3: 1, 4: 7, 5: 5, 6: 0, 7: 6}
Clearing endpoint 1.........
Gate position gate updated to [0 7]--------------c
Trying to moving ion 7... to 1
Ion assignment after moving ion 7: {0: 3, 1: 2, 2: 4, 3: 9, 4: 1, 5: 5, 6: 0, 7: 6}
Trying to solve brute-force congestion at gate [1] with {0: 3, 1: 2, 2: 4, 3: 9, 4: 1, 5: 5, 6: 0, 7: 6}
Trying to moving ion 1... to 0
Ion assignment after moving ion 1: {0: 3, 1: 2, 2: 4, 3: 9, 4: 0, 5: 5, 6: 1, 7: 6}
Trying to solve brute-force congestion at gate [0, 1] with {0: 3, 1: 2, 2: 4, 3: 9, 4: 0, 5: 5, 6: 1, 7: 6}
Trying to moving ion 0... to 0
Ion assignment after moving ion 0: {0: 3, 1: 2, 2: 4, 3: 9, 4: 0, 5: 5, 6: 1, 7: 6}
Gate position gate updated to [0 1]--------------c
Trying to moving ion 1... to 1
Ion assignment after moving ion 1: {0: 3, 1: 2, 2: 4, 3: 9, 4: 0, 5: 5, 6: 1, 7: 6}
Trying to solve brute-force congestion at gate [9, 6] with {0: 3, 1: 2, 2: 4, 3: 9, 4: 0, 5: 5, 6: 1, 7: 6}
Trying to moving ion 6... to 6
Ion assignment after moving ion 6: {0: 3, 1: 2, 2: 4, 3: 9, 4: 0, 5: 5, 6: 1, 7: 6}
Gate position gate updated to [6 9]--------------c
Trying to moving ion 9... to 7
Ion assignment after moving ion 9: {0: 3, 1: 2, 2: 4, 3: 7, 4: 0, 5: 5, 6: 1, 7: 6}
Trying to solve brute-force congestion at gate [6] with {0: 3, 1: 2, 2: 4, 3: 7, 4: 0, 5: 5, 6: 1, 7: 6}
Trying to moving ion 6... to 6
Ion assignment after moving ion 6: {0: 3, 1: 2, 2: 4, 3: 7, 4: 0, 5: 5, 6: 1, 7: 6}
Trying to solve brute-force congestion at gate [7, 6] with {0: 3, 1: 2, 2: 4, 3: 7, 4: 0, 5: 5, 6: 1, 7: 6}
Trying to moving ion 7... to 6
Ion assignment after moving ion 7: {0: 3, 1: 2, 2: 4, 3: 6, 4: 0, 5: 5, 6: 1, 7: 7}
Gate position gate updated to [6 7]--------------c
Trying to moving ion 7... to 7
Ion assignment after moving ion 7: {0: 3, 1: 2, 2: 4, 3: 6, 4: 0, 5: 5, 6: 1, 7: 7}
Trying to solve brute-force congestion at gate [6] with {0: 3, 1: 2, 2: 4, 3: 6, 4: 0, 5: 5, 6: 1, 7: 7}
Trying to moving ion 6... to 6
Ion assignment after moving ion 6: {0: 3, 1: 2, 2: 4, 3: 6, 4: 0, 5: 5, 6: 1, 7: 7}
Trying to solve brute-force congestion at gate [6, 1] with {0: 3, 1: 2, 2: 4, 3: 6, 4: 0, 5: 5, 6: 1, 7: 7}
Trying to moving ion 6... to 6
Ion assignment after moving ion 6: {0: 3, 1: 2, 2: 4, 3: 6, 4: 0, 5: 5, 6: 1, 7: 7}
Clearing endpoint 7.........
Gate position gate updated to [6 1]--------------c
Trying to moving ion 1... to 7
Ion assignment after moving ion 1: {0: 3, 1: 2, 2: 4, 3: 6, 4: 0, 5: 5, 6: 7, 7: 11}
Trying to solve brute-force congestion at gate [11] with {0: 3, 1: 2, 2: 4, 3: 6, 4: 0, 5: 5, 6: 7, 7: 11}
Trying to moving ion 11... to 4
Ion assignment after moving ion 11: {0: 3, 1: 2, 2: 5, 3: 6, 4: 0, 5: 10, 6: 7, 7: 4}
Trying to solve brute-force congestion at gate [6, 7] with {0: 3, 1: 2, 2: 5, 3: 6, 4: 0, 5: 10, 6: 7, 7: 4}
Trying to moving ion 6... to 6
Ion assignment after moving ion 6: {0: 3, 1: 2, 2: 5, 3: 6, 4: 0, 5: 10, 6: 7, 7: 4}
Gate position gate updated to [6 7]--------------c
Trying to moving ion 7... to 7
Ion assignment after moving ion 7: {0: 3, 1: 2, 2: 5, 3: 6, 4: 0, 5: 10, 6: 7, 7: 4}
Trying to solve brute-force congestion at gate [2, 4] with {0: 3, 1: 2, 2: 5, 3: 6, 4: 0, 5: 10, 6: 7, 7: 4}
Trying to moving ion 2... to 2
Ion assignment after moving ion 2: {0: 3, 1: 2, 2: 5, 3: 6, 4: 0, 5: 10, 6: 7, 7: 4}
Clearing endpoint 3.........
Gate position gate updated to [2 4]--------------c
Trying to moving ion 4... to 3
Ion assignment after moving ion 4: {0: 8, 1: 2, 2: 4, 3: 6, 4: 0, 5: 1, 6: 7, 7: 3}
Trying to solve brute-force congestion at gate [2] with {0: 8, 1: 2, 2: 4, 3: 6, 4: 0, 5: 1, 6: 7, 7: 3}
Trying to moving ion 2... to 2
Ion assignment after moving ion 2: {0: 8, 1: 2, 2: 4, 3: 6, 4: 0, 5: 1, 6: 7, 7: 3}
Trying to solve brute-force congestion at gate [2, 3] with {0: 8, 1: 2, 2: 4, 3: 6, 4: 0, 5: 1, 6: 7, 7: 3}
Trying to moving ion 2... to 2
Ion assignment after moving ion 2: {0: 8, 1: 2, 2: 4, 3: 6, 4: 0, 5: 1, 6: 7, 7: 3}
Gate position gate updated to [2 3]--------------c
Trying to moving ion 3... to 3
Ion assignment after moving ion 3: {0: 8, 1: 2, 2: 4, 3: 6, 4: 0, 5: 1, 6: 7, 7: 3}
Trying to solve brute-force congestion at gate [8, 3] with {0: 8, 1: 2, 2: 4, 3: 6, 4: 0, 5: 1, 6: 7, 7: 3}
Trying to moving ion 3... to 2
Ion assignment after moving ion 3: {0: 8, 1: 3, 2: 4, 3: 6, 4: 0, 5: 1, 6: 7, 7: 2}
Clearing endpoint 3.........
Gate position gate updated to [2 8]--------------cInput filename:  QAOA_8_compiled
Algorithm:  SHAW
Trap type:  H
Trap capacity:  2
Num layout passes:  2
Gate type:  FM
Run index:  6
Creating a QCCD machine ...
QCCD physical machine:
### Traps ### 
Trap(id='trap_0', max_num_ions=2, initial_num_ions=0, executable=True, measureable=False)
Trap(id='trap_1', max_num_ions=2, initial_num_ions=0, executable=True, measureable=True)
Trap(id='trap_2', max_num_ions=2, initial_num_ions=0, executable=True, measureable=False)
Trap(id='trap_3', max_num_ions=2, initial_num_ions=0, executable=True, measureable=True)
### Junctions ### 
Junction(id='junction_0')
Junction(id='junction_1')
### Segments ### 
Segment(id='segment_0', left=Trap(id='trap_0', max_num_ions=2, initial_num_ions=0, executable=True, measureable=False), right=Junction(id='junction_0'))
Segment(id='segment_1', left=Trap(id='trap_1', max_num_ions=2, initial_num_ions=0, executable=True, measureable=True), right=Junction(id='junction_0'))
Segment(id='segment_2', left=Junction(id='junction_0'), right=Junction(id='junction_1'))
Segment(id='segment_3', left=Trap(id='trap_2', max_num_ions=2, initial_num_ions=0, executable=True, measureable=False), right=Junction(id='junction_1'))
Segment(id='segment_4', left=Trap(id='trap_3', max_num_ions=2, initial_num_ions=0, executable=True, measureable=True), right=Junction(id='junction_1'))
Finished creating the QCCD physical machine.
Position graph:  CouplingGraph({(0, 1), (9, 10), (10, 11), (5, 11), (1, 8), (8, 10), (2, 3), (6, 7), (4, 5), (8, 9), (3, 9), (7, 12), (11, 12), (10, 12)})
Initial ion assignment:  {0: 3, 1: 6, 2: 4, 3: 5, 4: 0, 5: 1, 6: 7, 7: 2}
Congestion rate:  0.5
Scheduling QCCD: 480002280.0 us, costing 1.872195400064811 s to compile
480.00228
1.872195400064811
{0: 2, 1: 0, 2: 4, 3: 6, 4: 9, 5: 1, 6: 7, 7: 3}
[0, 1, 2, 3, 4, 5, 6, 7]
