Trying to solve brute-force congestion at gate [1, 2] with {0: 0, 1: 7, 2: 1, 3: 2, 4: 6, 5: 4, 6: 3, 7: 5}
Trying to moving ion 2... to 2
Ion assignment after moving ion 2: {0: 0, 1: 7, 2: 1, 3: 2, 4: 6, 5: 4, 6: 3, 7: 5}
Clearing endpoint 3.........
Gate position gate updated to [2 1]--------------c
Trying to moving ion 1... to 3
Ion assignment after moving ion 1: {0: 0, 1: 7, 2: 3, 3: 2, 4: 6, 5: 4, 6: 10, 7: 5}
Executing gate at point (0, 2).
Executing gate at point (1, 2).
Trying to solve brute-force congestion at gate [6, 4] with {0: 0, 1: 7, 2: 3, 3: 2, 4: 6, 5: 4, 6: 10, 7: 5}
Trying to moving ion 4... to 4
Ion assignment after moving ion 4: {0: 0, 1: 7, 2: 3, 3: 2, 4: 6, 5: 4, 6: 10, 7: 5}
Clearing endpoint 5.........
Gate position gate updated to [4 6]--------------c
Trying to moving ion 6... to 5
Ion assignment after moving ion 6: {0: 0, 1: 6, 2: 3, 3: 2, 4: 5, 5: 4, 6: 8, 7: 10}
Executing gate at point (0, 4).
Executing gate at point (1, 4).
Trying to solve brute-force congestion at gate [2, 5] with {0: 0, 1: 6, 2: 3, 3: 2, 4: 5, 5: 4, 6: 8, 7: 10}
Trying to moving ion 2... to 2
Ion assignment after moving ion 2: {0: 0, 1: 6, 2: 3, 3: 2, 4: 5, 5: 4, 6: 8, 7: 10}
Clearing endpoint 3.........
Gate position gate updated to [2 5]--------------c
Trying to moving ion 5... to 3
Ion assignment after moving ion 5: {0: 0, 1: 6, 2: 8, 3: 2, 4: 3, 5: 4, 6: 1, 7: 12}
Executing gate at point (2, 3).
Executing gate at point (3, 3).
Trying to solve brute-force congestion at gate [1, 12] with {0: 0, 1: 6, 2: 8, 3: 2, 4: 3, 5: 4, 6: 1, 7: 12}
Trying to moving ion 1... to 0
Ion assignment after moving ion 1: {0: 1, 1: 6, 2: 8, 3: 2, 4: 3, 5: 4, 6: 0, 7: 12}
Clearing endpoint 1.........
Gate position gate updated to [ 0 12]--------------c
Trying to moving ion 12... to 1
Ion assignment after moving ion 12: {0: 9, 1: 6, 2: 11, 3: 2, 4: 3, 5: 4, 6: 0, 7: 1}
Executing gate at point (0, 6).
Executing gate at point (1, 6).
Best move: (9, 10)
Best move: (10, 12)
Best move: (0, 1)
Best move: (1, 8)
Best move: (8, 10)
Try bruteforce due to multiple steps (5) to solve one gate
Trying to solve brute-force congestion at gate [4, 10] with {0: 12, 1: 6, 2: 11, 3: 2, 4: 3, 5: 4, 6: 10, 7: 0}
Trying to moving ion 4... to 4
Ion assignment after moving ion 4: {0: 12, 1: 6, 2: 11, 3: 2, 4: 3, 5: 4, 6: 10, 7: 0}
Gate position gate updated to [ 4 10]--------------c
Trying to moving ion 10... to 5
Ion assignment after moving ion 10: {0: 7, 1: 6, 2: 12, 3: 2, 4: 3, 5: 4, 6: 5, 7: 0}
Executing gate at point (2, 5).
Executing gate at point (0, 0).
Executing gate at point (1, 0).
Executing gate at point (3, 5).
Trying to solve brute-force congestion at gate [5, 0] with {0: 7, 1: 6, 2: 12, 3: 2, 4: 3, 5: 4, 6: 5, 7: 0}
Trying to moving ion 0... to 0
Ion assignment after moving ion 0: {0: 7, 1: 6, 2: 12, 3: 2, 4: 3, 5: 4, 6: 5, 7: 0}
Gate position gate updated to [0 5]--------------c
Trying to moving ion 5... to 1
Ion assignment after moving ion 5: {0: 7, 1: 6, 2: 12, 3: 2, 4: 3, 5: 4, 6: 1, 7: 0}
Executing gate at point (4, 6).
Executing gate at point (5, 6).
Trying to solve brute-force congestion at gate [3, 4] with {0: 7, 1: 6, 2: 12, 3: 2, 4: 3, 5: 4, 6: 1, 7: 0}
Trying to moving ion 4... to 4
Ion assignment after moving ion 4: {0: 7, 1: 6, 2: 12, 3: 2, 4: 3, 5: 4, 6: 1, 7: 0}
Gate position gate updated to [4 3]--------------c
Trying to moving ion 3... to 5
Ion assignment after moving ion 3: {0: 7, 1: 6, 2: 12, 3: 2, 4: 5, 5: 4, 6: 1, 7: 0}
Executing gate at point (4, 4).
Executing gate at point (5, 4).
Trying to solve brute-force congestion at gate [6, 12] with {0: 7, 1: 6, 2: 12, 3: 2, 4: 5, 5: 4, 6: 1, 7: 0}
Trying to moving ion 6... to 6
Ion assignment after moving ion 6: {0: 7, 1: 6, 2: 12, 3: 2, 4: 5, 5: 4, 6: 1, 7: 0}
Clearing endpoint 7.........
Gate position gate updated to [ 6 10]--------------c
Trying to moving ion 10... to 7
Ion assignment after moving ion 10: {0: 11, 1: 6, 2: 7, 3: 2, 4: 5, 5: 4, 6: 1, 7: 0}
Executing gate at point (2, 1).
Executing gate at point (3, 1).
Trying to solve brute-force congestion at gate [7, 2] with {0: 11, 1: 6, 2: 7, 3: 2, 4: 5, 5: 4, 6: 1, 7: 0}
Trying to moving ion 2... to 2
Ion assignment after moving ion 2: {0: 11, 1: 6, 2: 7, 3: 2, 4: 5, 5: 4, 6: 1, 7: 0}
Gate position gate updated to [2 7]--------------c
Trying to moving ion 7... to 3
Ion assignment after moving ion 7: {0: 11, 1: 6, 2: 3, 3: 2, 4: 5, 5: 4, 6: 1, 7: 0}
Executing gate at point (4, 2).
Executing gate at point (5, 2).
Trying to solve brute-force congestion at gate [11, 6] with {0: 11, 1: 6, 2: 3, 3: 2, 4: 5, 5: 4, 6: 1, 7: 0}
Trying to moving ion 6... to 6
Ion assignment after moving ion 6: {0: 11, 1: 6, 2: 3, 3: 2, 4: 5, 5: 4, 6: 1, 7: 0}
Gate position gate updated to [ 6 11]--------------c
Trying to moving ion 11... to 7
Ion assignment after moving ion 11: {0: 7, 1: 6, 2: 3, 3: 2, 4: 5, 5: 4, 6: 1, 7: 0}
Executing gate at point (4, 0).
Executing gate at point (5, 0).
Trying to solve brute-force congestion at gate [6, 3] with {0: 7, 1: 6, 2: 3, 3: 2, 4: 5, 5: 4, 6: 1, 7: 0}
Trying to moving ion 6... to 6
Ion assignment after moving ion 6: {0: 7, 1: 6, 2: 3, 3: 2, 4: 5, 5: 4, 6: 1, 7: 0}
Clearing endpoint 7.........
Gate position gate updated to [6 3]--------------c
Trying to moving ion 3... to 7
Ion assignment after moving ion 3: {0: 11, 1: 6, 2: 7, 3: 2, 4: 5, 5: 4, 6: 1, 7: 0}
Executing gate at point (6, 1).
Executing gate at point (7, 1).
Trying to solve brute-force congestion at gate [2, 5] with {0: 11, 1: 6, 2: 7, 3: 2, 4: 5, 5: 4, 6: 1, 7: 0}
Trying to moving ion 2... to 2
Ion assignment after moving ion 2: {0: 11, 1: 6, 2: 7, 3: 2, 4: 5, 5: 4, 6: 1, 7: 0}
Gate position gate updated to [2 5]--------------c
Trying to moving ion 5... to 3
Ion assignment after moving ion 5: {0: 8, 1: 6, 2: 7, 3: 2, 4: 3, 5: 4, 6: 1, 7: 0}
Executing gate at point (6, 3).
Executing gate at point (7, 3).
Trying to solve brute-force congestion at gate [7, 2] with {0: 8, 1: 6, 2: 7, 3: 2, 4: 3, 5: 4, 6: 1, 7: 0}
Trying to moving ion 2... to 2
Ion assignment after moving ion 2: {0: 8, 1: 6, 2: 7, 3: 2, 4: 3, 5: 4, 6: 1, 7: 0}
Clearing endpoint 3.........
Gate position gate updated to [2 7]--------------c
Trying to moving ion 7... to 3
Ion assignment after moving ion 7: {0: 8, 1: 6, 2: 3, 3: 2, 4: 11, 5: 4, 6: 1, 7: 0}
Executing gate at point (8, 2).
Executing gate at point (9, 2).
Best move: (8, 10)
Best move: (10, 12)
Best move: (1, 8)
Best move: (8, 10)
Best move: (4, 5)
Try bruteforce due to multiple steps (5) to solve one gate
Trying to solve brute-force congestion at gate [5, 10] with {0: 12, 1: 6, 2: 3, 3: 2, 4: 11, 5: 5, 6: 10, 7: 0}
Trying to moving ion 5... to 4
Ion assignment after moving ion 5: {0: 12, 1: 6, 2: 3, 3: 2, 4: 11, 5: 4, 6: 10, 7: 0}
Gate position gate updated to [ 4 10]--------------c
Trying to moving ion 10... to 5
Ion assignment after moving ion 10: {0: 7, 1: 6, 2: 3, 3: 2, 4: 12, 5: 4, 6: 5, 7: 0}
Executing gate at point (6, 5).
Executing gate at point (8, 0).
Executing gate at point (9, 0).
Executing gate at point (7, 5).
Trying to solve brute-force congestion at gate [12, 4] with {0: 7, 1: 6, 2: 3, 3: 2, 4: 12, 5: 4, 6: 5, 7: 0}
Trying to moving ion 4... to 4
Ion assignment after moving ion 4: {0: 7, 1: 6, 2: 3, 3: 2, 4: 12, 5: 4, 6: 5, 7: 0}
Clearing endpoint 5.........
Gate position gate updated to [ 4 12]--------------c
Trying to moving ion 12... to 5
Ion assignment after moving ion 12: {0: 7, 1: 6, 2: 3, 3: 2, 4: 5, 5: 4, 6: 10, 7: 0}
Executing gate at point (8, 4).
Executing gate at point (9, 4).
Trying to solve brute-force congestion at gate [6, 3] with {0: 7, 1: 6, 2: 3, 3: 2, 4: 5, 5: 4, 6: 10, 7: 0}
Trying to moving ion 6... to 6
Ion assignment after moving ion 6: {0: 7, 1: 6, 2: 3, 3: 2, 4: 5, 5: 4, 6: 10, 7: 0}
Clearing endpoint 7.........
Gate position gate updated to [6 3]--------------c
Trying to moving ion 3... to 7
Ion assignment after moving ion 3: {0: 11, 1: 6, 2: 7, 3: 2, 4: 5, 5: 4, 6: 8, 7: 0}
Executing gate at point (10, 1).
Executing gate at point (11, 1).
Trying to solve brute-force congestion at gate [11, 6] with {0: 11, 1: 6, 2: 7, 3: 2, 4: 5, 5: 4, 6: 8, 7: 0}
Trying to moving ion 6... to 6
Ion assignment after moving ion 6: {0: 11, 1: 6, 2: 7, 3: 2, 4: 5, 5: 4, 6: 8, 7: 0}
Clearing endpoint 7.........
Gate position gate updated to [ 6 11]--------------c
Trying to moving ion 11... to 7
Ion assignment after moving ion 11: {0: 7, 1: 6, 2: 10, 3: 2, 4: 5, 5: 4, 6: 8, 7: 0}
Executing gate at point (12, 0).
Executing gate at point (13, 0).
Best move: (5, 11)
Best move: (1, 8)
Executing gate at point (8, 6).
Executing gate at point (9, 6).
Best move: (1, 8)
Best move: (8, 9)
Best move: (8, 9)
Best move: (8, 9)
Try bruteforce due to repeated pattern...
Trying to solve brute-force congestion at gate [4, 9] with {0: 7, 1: 6, 2: 10, 3: 2, 4: 11, 5: 4, 6: 9, 7: 0}
Trying to moving ion 4... to 4
Ion assignment after moving ion 4: {0: 7, 1: 6, 2: 10, 3: 2, 4: 11, 5: 4, 6: 9, 7: 0}
Gate position gate updated to [4 9]--------------c
Trying to moving ion 9... to 5
Ion assignment after moving ion 9: {0: 7, 1: 6, 2: 8, 3: 2, 4: 12, 5: 4, 6: 5, 7: 0}
Executing gate at point (10, 5).
Executing gate at point (11, 5).
Best move: (5, 11)
Best move: (10, 11)
Best move: (0, 1)
Best move: (0, 1)
Best move: (9, 10)
Try bruteforce due to multiple steps (5) to solve one gate
Trying to solve brute-force congestion at gate [9, 0] with {0: 7, 1: 6, 2: 8, 3: 2, 4: 12, 5: 4, 6: 9, 7: 0}
Trying to moving ion 0... to 0
Ion assignment after moving ion 0: {0: 7, 1: 6, 2: 8, 3: 2, 4: 12, 5: 4, 6: 9, 7: 0}
Gate position gate updated to [0 9]--------------c
Trying to moving ion 9... to 1
Ion assignment after moving ion 9: {0: 7, 1: 6, 2: 10, 3: 2, 4: 12, 5: 4, 6: 1, 7: 0}
Executing gate at point (12, 6).
Executing gate at point (13, 6).
Best move: (11, 12)
Best move: (11, 12)
Best move: (11, 12)
Try bruteforce due to repeated pattern...
Trying to solve brute-force congestion at gate [2, 11] with {0: 7, 1: 6, 2: 10, 3: 2, 4: 11, 5: 4, 6: 1, 7: 0}
Trying to moving ion 2... to 2
Ion assignment after moving ion 2: {0: 7, 1: 6, 2: 10, 3: 2, 4: 11, 5: 4, 6: 1, 7: 0}
Gate position gate updated to [ 2 11]--------------c
Trying to moving ion 11... to 3
Ion assignment after moving ion 11: {0: 7, 1: 6, 2: 8, 3: 2, 4: 3, 5: 4, 6: 1, 7: 0}
Executing gate at point (10, 3).
Executing gate at point (11, 3).
Trying to solve brute-force congestion at gate [3, 4] with {0: 7, 1: 6, 2: 8, 3: 2, 4: 3, 5: 4, 6: 1, 7: 0}
Trying to moving ion 4... to 4
Ion assignment after moving ion 4: {0: 7, 1: 6, 2: 8, 3: 2, 4: 3, 5: 4, 6: 1, 7: 0}
Gate position gate updated to [4 3]--------------c
Trying to moving ion 3... to 5
Ion assignment after moving ion 3: {0: 7, 1: 6, 2: 8, 3: 2, 4: 5, 5: 4, 6: 1, 7: 0}
Executing gate at point (12, 4).
Executing gate at point (13, 4).
Trying to solve brute-force congestion at gate [8, 2] with {0: 7, 1: 6, 2: 8, 3: 2, 4: 5, 5: 4, 6: 1, 7: 0}
Trying to moving ion 2... to 2
Ion assignment after moving ion 2: {0: 7, 1: 6, 2: 8, 3: 2, 4: 5, 5: 4, 6: 1, 7: 0}
Gate position gate updated to [2 8]--------------c
Trying to moving ion 8... to 3
Ion assignment after moving ion 8: {0: 7, 1: 6, 2: 3, 3: 2, 4: 5, 5: 4, 6: 1, 7: 0}
Executing gate at point (12, 2).
Executing gate at point (13, 2).
Trying to solve brute-force congestion at gate [6, 3] with {0: 7, 1: 6, 2: 3, 3: 2, 4: 5, 5: 4, 6: 1, 7: 0}
Trying to moving ion 6... to 6
Ion assignment after moving ion 6: {0: 7, 1: 6, 2: 3, 3: 2, 4: 5, 5: 4, 6: 1, 7: 0}
Clearing endpoint 7.........
Gate position gate updated to [6 3]--------------c
Trying to moving ion 3... to 7
Ion assignment after moving ion 3: {0: 11, 1: 6, 2: 7, 3: 2, 4: 5, 5: 4, 6: 1, 7: 0}
Executing gate at point (14, 1).
Executing gate at point (15, 1).
Trying to solve brute-force congestion at gate [2, 5] with {0: 11, 1: 6, 2: 7, 3: 2, 4: 5, 5: 4, 6: 1, 7: 0}
Trying to moving ion 2... to 2
Ion assignment after moving ion 2: {0: 11, 1: 6, 2: 7, 3: 2, 4: 5, 5: 4, 6: 1, 7: 0}
Gate position gate updated to [2 5]--------------c
Trying to moving ion 5... to 3
Ion assignment after moving ion 5: {0: 8, 1: 6, 2: 7, 3: 2, 4: 3, 5: 4, 6: 1, 7: 0}
Executing gate at point (14, 3).
Executing gate at point (15, 3).
Best move: (4, 5)
Best move: (4, 5)
Best move: (4, 5)
Try bruteforce due to repeated pattern...
Trying to solve brute-force congestion at gate [5, 1] with {0: 8, 1: 6, 2: 7, 3: 2, 4: 3, 5: 5, 6: 1, 7: 0}
Trying to moving ion 5... to 4
Ion assignment after moving ion 5: {0: 8, 1: 6, 2: 7, 3: 2, 4: 3, 5: 4, 6: 1, 7: 0}
Gate position gate updated to [4 1]--------------c
Trying to moving ion 1... to 5
Ion assignment after moving ion 1: {0: 12, 1: 6, 2: 7, 3: 2, 4: 3, 5: 4, 6: 5, 7: 0}
Executing gate at point (14, 5).
Executing gate at point (15, 5).
Trying to solve brute-force congestion at gate [3, 4] with {0: 12, 1: 6, 2: 7, 3: 2, 4: 3, 5: 4, 6: 5, 7: 0}
Trying to moving ion 4... to 4
Ion assignment after moving ion 4: {0: 12, 1: 6, 2: 7, 3: 2, 4: 3, 5: 4, 6: 5, 7: 0}
Clearing endpoint 5.........
Gate position gate updated to [4 3]--------------c
Trying to moving ion 3... to 5
Ion assignment after moving ion 3: {0: 12, 1: 6, 2: 7, 3: 2, 4: 5, 5: 4, 6: 8, 7: 0}
Trying to solve brute-force congestion at gate [8, 0] with {0: 12, 1: 6, 2: 7, 3: 2, 4: 5, 5: 4, 6: 8, 7: 0}
Trying to moving ion 0... to 0
Ion assignment after moving ion 0: {0: 12, 1: 6, 2: 7, 3: 2, 4: 5, 5: 4, 6: 8, 7: 0}
Gate position gate updated to [0 8]--------------c
Trying to moving ion 8... to 1
Ion assignment after moving ion 8: {0: 12, 1: 6, 2: 7, 3: 2, 4: 5, 5: 4, 6: 1, 7: 0}
Trying to solve brute-force congestion at gate [7, 2] with {0: 12, 1: 6, 2: 7, 3: 2, 4: 5, 5: 4, 6: 1, 7: 0}
Trying to moving ion 2... to 2
Ion assignment after moving ion 2: {0: 12, 1: 6, 2: 7, 3: 2, 4: 5, 5: 4, 6: 1, 7: 0}
Gate position gate updated to [2 7]--------------c
Trying to moving ion 7... to 3
Ion assignment after moving ion 7: {0: 8, 1: 6, 2: 3, 3: 2, 4: 5, 5: 4, 6: 1, 7: 0}
Trying to solve brute-force congestion at gate [2, 5] with {0: 8, 1: 6, 2: 3, 3: 2, 4: 5, 5: 4, 6: 1, 7: 0}
Trying to moving ion 2... to 2
Ion assignment after moving ion 2: {0: 8, 1: 6, 2: 3, 3: 2, 4: 5, 5: 4, 6: 1, 7: 0}
Clearing endpoint 3.........
Gate position gate updated to [2 5]--------------c
Trying to moving ion 5... to 3
Ion assignment after moving ion 5: {0: 8, 1: 6, 2: 11, 3: 2, 4: 3, 5: 4, 6: 1, 7: 0}
Trying to solve brute-force congestion at gate [12, 6] with {0: 12, 1: 6, 2: 11, 3: 2, 4: 3, 5: 5, 6: 10, 7: 0}
Trying to moving ion 6... to 6
Ion assignment after moving ion 6: {0: 12, 1: 6, 2: 11, 3: 2, 4: 3, 5: 5, 6: 10, 7: 0}
Gate position gate updated to [ 6 12]--------------c
Trying to moving ion 12... to 7
Ion assignment after moving ion 12: {0: 7, 1: 6, 2: 11, 3: 2, 4: 3, 5: 5, 6: 10, 7: 0}
Trying to solve brute-force congestion at gate [7, 6] with {0: 7, 1: 6, 2: 11, 3: 2, 4: 3, 5: 5, 6: 10, 7: 0}
Trying to moving ion 7... to 6
Ion assignment after moving ion 7: {0: 6, 1: 7, 2: 11, 3: 2, 4: 3, 5: 5, 6: 10, 7: 0}
Gate position gate updated to [6 7]--------------c
Trying to moving ion 7... to 7
Ion assignment after moving ion 7: {0: 6, 1: 7, 2: 11, 3: 2, 4: 3, 5: 5, 6: 10, 7: 0}
Trying to solve brute-force congestion at gate [7, 11] with {0: 6, 1: 7, 2: 11, 3: 2, 4: 3, 5: 5, 6: 10, 7: 0}
Trying to moving ion 7... to 6
Ion assignment after moving ion 7: {0: 7, 1: 6, 2: 11, 3: 2, 4: 3, 5: 5, 6: 10, 7: 0}
Clearing endpoint 7.........
Gate position gate updated to [ 6 11]--------------c
Trying to moving ion 11... to 7
Ion assignment after moving ion 11: {0: 10, 1: 6, 2: 7, 3: 2, 4: 3, 5: 5, 6: 8, 7: 0}
Trying to solve brute-force congestion at gate [6, 7] with {0: 10, 1: 6, 2: 7, 3: 2, 4: 3, 5: 5, 6: 8, 7: 0}
Trying to moving ion 6... to 6
Ion assignment after moving ion 6: {0: 10, 1: 6, 2: 7, 3: 2, 4: 3, 5: 5, 6: 8, 7: 0}
Gate position gate updated to [6 7]--------------c
Trying to moving ion 7... to 7
Ion assignment after moving ion 7: {0: 10, 1: 6, 2: 7, 3: 2, 4: 3, 5: 5, 6: 8, 7: 0}
Trying to solve brute-force congestion at gate [10, 6] with {0: 10, 1: 6, 2: 7, 3: 2, 4: 3, 5: 5, 6: 8, 7: 0}
Trying to moving ion 6... to 6
Ion assignment after moving ion 6: {0: 10, 1: 6, 2: 7, 3: 2, 4: 3, 5: 5, 6: 8, 7: 0}
Clearing endpoint 7.........
Gate position gate updated to [ 6 10]--------------c
Trying to moving ion 10... to 7
Ion assignment after moving ion 10: {0: 7, 1: 6, 2: 11, 3: 2, 4: 3, 5: 5, 6: 8, 7: 0}
Trying to solve brute-force congestion at gate [11, 2] with {0: 7, 1: 6, 2: 11, 3: 2, 4: 3, 5: 5, 6: 8, 7: 0}
Trying to moving ion 2... to 2
Ion assignment after moving ion 2: {0: 7, 1: 6, 2: 11, 3: 2, 4: 3, 5: 5, 6: 8, 7: 0}
Clearing endpoint 3.........
Gate position gate updated to [ 2 11]--------------c
Trying to moving ion 11... to 3
Ion assignment after moving ion 11: {0: 7, 1: 6, 2: 3, 3: 2, 4: 8, 5: 5, 6: 1, 7: 0}
Trying to solve brute-force congestion at gate [3, 2] with {0: 7, 1: 6, 2: 3, 3: 2, 4: 8, 5: 5, 6: 1, 7: 0}
Trying to moving ion 3... to 2
Ion assignment after moving ion 3: {0: 7, 1: 6, 2: 2, 3: 3, 4: 8, 5: 5, 6: 1, 7: 0}
Gate position gate updated to [2 3]--------------c
Trying to moving ion 3... to 3
Ion assignment after moving ion 3: {0: 7, 1: 6, 2: 2, 3: 3, 4: 8, 5: 5, 6: 1, 7: 0}
Trying to solve brute-force congestion at gate [6, 2] with {0: 7, 1: 6, 2: 2, 3: 3, 4: 8, 5: 5, 6: 1, 7: 0}
Trying to moving ion 2... to 2
Ion assignment after moving ion 2: {0: 7, 1: 6, 2: 2, 3: 3, 4: 8, 5: 5, 6: 1, 7: 0}
Clearing endpoint 3.........
Gate position gate updated to [2 6]--------------c
Trying to moving ion 6... to 3
Ion assignment after moving ion 6: {0: 6, 1: 3, 2: 2, 3: 11, 4: 8, 5: 5, 6: 1, 7: 0}
Trying to solve brute-force congestion at gate [3, 2] with {0: 6, 1: 3, 2: 2, 3: 11, 4: 8, 5: 5, 6: 1, 7: 0}
Trying to moving ion 3... to 2
Ion assignment after moving ion 3: {0: 6, 1: 2, 2: 3, 3: 11, 4: 8, 5: 5, 6: 1, 7: 0}
Gate position gate updated to [2 3]--------------c
Trying to moving ion 3... to 3
Ion assignment after moving ion 3: {0: 6, 1: 2, 2: 3, 3: 11, 4: 8, 5: 5, 6: 1, 7: 0}
Trying to solve brute-force congestion at gate [6, 2] with {0: 6, 1: 2, 2: 3, 3: 11, 4: 8, 5: 5, 6: 1, 7: 0}
Trying to moving ion 6... to 6
Ion assignment after moving ion 6: {0: 6, 1: 2, 2: 3, 3: 11, 4: 8, 5: 5, 6: 1, 7: 0}
Gate position gate updated to [6 2]--------------c
Trying to moving ion 2... to 7
Ion assignment after moving ion 2: {0: 6, 1: 7, 2: 2, 3: 11, 4: 8, 5: 5, 6: 1, 7: 0}
Trying to solve brute-force congestion at gate [6, 7] with {0: 6, 1: 7, 2: 2, 3: 11, 4: 8, 5: 5, 6: 1, 7: 0}
Trying to moving ion 6... to 6
Ion assignment after moving ion 6: {0: 6, 1: 7, 2: 2, 3: 11, 4: 8, 5: 5, 6: 1, 7: 0}
Gate position gate updated to [6 7]--------------c
Trying to moving ion 7... to 7
Ion assignment after moving ion 7: {0: 6, 1: 7, 2: 2, 3: 11, 4: 8, 5: 5, 6: 1, 7: 0}
Trying to solve brute-force congestion at gate [5, 1] with {0: 6, 1: 7, 2: 2, 3: 11, 4: 8, 5: 5, 6: 1, 7: 0}
Trying to moving ion 5... to 4
Ion assignment after moving ion 5: {0: 6, 1: 7, 2: 2, 3: 11, 4: 8, 5: 4, 6: 1, 7: 0}
Gate position gate updated to [4 1]--------------c
Trying to moving ion 1... to 5
Ion assignment after moving ion 1: {0: 6, 1: 7, 2: 2, 3: 12, 4: 9, 5: 4, 6: 5, 7: 0}
Trying to solve brute-force congestion at gate [4, 5] with {0: 6, 1: 7, 2: 2, 3: 12, 4: 9, 5: 4, 6: 5, 7: 0}
Trying to moving ion 4... to 4
Ion assignment after moving ion 4: {0: 6, 1: 7, 2: 2, 3: 12, 4: 9, 5: 4, 6: 5, 7: 0}
Gate position gate updated to [4 5]--------------c
Trying to moving ion 5... to 5
Ion assignment after moving ion 5: {0: 6, 1: 7, 2: 2, 3: 12, 4: 9, 5: 4, 6: 5, 7: 0}
Trying to solve brute-force congestion at gate [5, 0] with {0: 6, 1: 7, 2: 2, 3: 12, 4: 9, 5: 4, 6: 5, 7: 0}
Trying to moving ion 0... to 0
Ion assignment after moving ion 0: {0: 6, 1: 7, 2: 2, 3: 12, 4: 9, 5: 4, 6: 5, 7: 0}
Gate position gate updated to [0 5]--------------c
Trying to moving ion 5... to 1
Ion assignment after moving ion 5: {0: 6, 1: 7, 2: 2, 3: 12, 4: 9, 5: 4, 6: 1, 7: 0}
Trying to solve brute-force congestion at gate [1, 0] with {0: 6, 1: 7, 2: 2, 3: 12, 4: 9, 5: 4, 6: 1, 7: 0}
Trying to moving ion 1... to 0
Ion assignment after moving ion 1: {0: 6, 1: 7, 2: 2, 3: 12, 4: 9, 5: 4, 6: 0, 7: 1}
Gate position gate updated to [0 1]--------------c
Trying to moving ion 1... to 1
Ion assignment after moving ion 1: {0: 6, 1: 7, 2: 2, 3: 12, 4: 9, 5: 4, 6: 0, 7: 1}
Trying to solve brute-force congestion at gate [9, 4] with {0: 6, 1: 7, 2: 2, 3: 12, 4: 9, 5: 4, 6: 0, 7: 1}
Trying to moving ion 4... to 4
Ion assignment after moving ion 4: {0: 6, 1: 7, 2: 2, 3: 12, 4: 9, 5: 4, 6: 0, 7: 1}
Gate position gate updated to [4 9]--------------c
Trying to moving ion 9... to 5
Ion assignment after moving ion 9: {0: 6, 1: 7, 2: 2, 3: 12, 4: 5, 5: 4, 6: 0, 7: 1}
Trying to solve brute-force congestion at gate [5, 4] with {0: 6, 1: 7, 2: 2, 3: 12, 4: 5, 5: 4, 6: 0, 7: 1}
Trying to moving ion 5... to 4
Ion assignment after moving ion 5: {0: 6, 1: 7, 2: 2, 3: 12, 4: 4, 5: 5, 6: 0, 7: 1}
Gate position gate updated to [4 5]--------------c
Trying to moving ion 5... to 5
Ion assignment after moving ion 5: {0: 6, 1: 7, 2: 2, 3: 12, 4: 4, 5: 5, 6: 0, 7: 1}
Trying to solve brute-force congestion at gate [5, 0] with {0: 6, 1: 7, 2: 2, 3: 12, 4: 4, 5: 5, 6: 0, 7: 1}
Trying to moving ion 0... to 0
Ion assignment after moving ion 0: {0: 6, 1: 7, 2: 2, 3: 12, 4: 4, 5: 5, 6: 0, 7: 1}
Clearing endpoint 1.........
Gate position gate updated to [0 5]--------------c
Trying to moving ion 5... to 1
Ion assignment after moving ion 5: {0: 6, 1: 7, 2: 2, 3: 12, 4: 4, 5: 1, 6: 0, 7: 9}
Trying to solve brute-force congestion at gate [1, 0] with {0: 6, 1: 7, 2: 2, 3: 12, 4: 4, 5: 1, 6: 0, 7: 9}
Trying to moving ion 1... to 0
Ion assignment after moving ion 1: {0: 6, 1: 7, 2: 2, 3: 12, 4: 4, 5: 0, 6: 1, 7: 9}
Gate position gate updated to [0 1]--------------c
Trying to moving ion 1... to 1
Ion assignment after moving ion 1: {0: 6, 1: 7, 2: 2, 3: 12, 4: 4, 5: 0, 6: 1, 7: 9}
Trying to solve brute-force congestion at gate [1, 9] with {0: 6, 1: 7, 2: 2, 3: 12, 4: 4, 5: 0, 6: 1, 7: 9}
Trying to moving ion 1... to 0
Ion assignment after moving ion 1: {0: 6, 1: 7, 2: 2, 3: 12, 4: 4, 5: 1, 6: 0, 7: 9}
Clearing endpoint 1.........
Gate position gate updated to [0 9]--------------c
Trying to moving ion 9... to 1
Ion assignment after moving ion 9: {0: 6, 1: 7, 2: 2, 3: 12, 4: 4, 5: 10, 6: 0, 7: 1}
Trying to solve brute-force congestion at gate [0, 1] with {0: 6, 1: 7, 2: 2, 3: 12, 4: 4, 5: 10, 6: 0, 7: 1}
Trying to moving ion 0... to 0
Ion assignment after moving ion 0: {0: 6, 1: 7, 2: 2, 3: 12, 4: 4, 5: 10, 6: 0, 7: 1}
Gate position gate updated to [0 1]--------------c
Trying to moving ion 1... to 1
Ion assignment after moving ion 1: {0: 6, 1: 7, 2: 2, 3: 12, 4: 4, 5: 10, 6: 0, 7: 1}
Trying to solve brute-force congestion at gate [12, 4] with {0: 6, 1: 7, 2: 2, 3: 12, 4: 4, 5: 10, 6: 0, 7: 1}
Trying to moving ion 4... to 4
Ion assignment after moving ion 4: {0: 6, 1: 7, 2: 2, 3: 12, 4: 4, 5: 10, 6: 0, 7: 1}
Gate position gate updated to [ 4 12]--------------c
Trying to moving ion 12... to 5
Ion assignment after moving ion 12: {0: 6, 1: 7, 2: 2, 3: 5, 4: 4, 5: 10, 6: 0, 7: 1}
Trying to solve brute-force congestion at gate [5, 4] with {0: 6, 1: 7, 2: 2, 3: 5, 4: 4, 5: 10, 6: 0, 7: 1}
Trying to moving ion 5... to 4
Ion assignment after moving ion 5: {0: 6, 1: 7, 2: 2, 3: 4, 4: 5, 5: 10, 6: 0, 7: 1}
Gate position gate updated to [4 5]--------------c
Trying to moving ion 5... to 5
Ion assignment after moving ion 5: {0: 6, 1: 7, 2: 2, 3: 4, 4: 5, 5: 10, 6: 0, 7: 1}
Trying to solve brute-force congestion at gate [5, 10] with {0: 6, 1: 7, 2: 2, 3: 4, 4: 5, 5: 10, 6: 0, 7: 1}
Trying to moving ion 5... to 4
Ion assignment after moving ion 5: {0: 6, 1: 7, 2: 2, 3: 5, 4: 4, 5: 10, 6: 0, 7: 1}
Clearing endpoint 5.........
Gate position gate updated to [ 4 10]--------------c
Trying to moving ion 10... to 5
Ion assignment after moving ion 10: {0: 6, 1: 7, 2: 2, 3: 12, 4: 4, 5: 5, 6: 0, 7: 1}
Trying to solve brute-force congestion at gate [4, 5] with {0: 6, 1: 7, 2: 2, 3: 12, 4: 4, 5: 5, 6: 0, 7: 1}
Trying to moving ion 4... to 4
Ion assignment after moving ion 4: {0: 6, 1: 7, 2: 2, 3: 12, 4: 4, 5: 5, 6: 0, 7: 1}
Gate position gate updated to [4 5]--------------c
Trying to moving ion 5... to 5
Ion assignment after moving ion 5: {0: 6, 1: 7, 2: 2, 3: 12, 4: 4, 5: 5, 6: 0, 7: 1}
Trying to solve brute-force congestion at gate [5, 0] with {0: 6, 1: 7, 2: 2, 3: 12, 4: 4, 5: 5, 6: 0, 7: 1}
Trying to moving ion 0... to 0
Ion assignment after moving ion 0: {0: 6, 1: 7, 2: 2, 3: 12, 4: 4, 5: 5, 6: 0, 7: 1}
Clearing endpoint 1.........
Gate position gate updated to [0 5]--------------c
Trying to moving ion 5... to 1
Ion assignment after moving ion 5: {0: 6, 1: 7, 2: 2, 3: 12, 4: 4, 5: 1, 6: 0, 7: 9}
Trying to solve brute-force congestion at gate [1, 0] with {0: 6, 1: 7, 2: 2, 3: 12, 4: 4, 5: 1, 6: 0, 7: 9}
Trying to moving ion 1... to 0
Ion assignment after moving ion 1: {0: 6, 1: 7, 2: 2, 3: 12, 4: 4, 5: 0, 6: 1, 7: 9}
Gate position gate updated to [0 1]--------------c
Trying to moving ion 1... to 1
Ion assignment after moving ion 1: {0: 6, 1: 7, 2: 2, 3: 12, 4: 4, 5: 0, 6: 1, 7: 9}
Trying to solve brute-force congestion at gate [1, 9] with {0: 6, 1: 7, 2: 2, 3: 12, 4: 4, 5: 0, 6: 1, 7: 9}
Trying to moving ion 1... to 0
Ion assignment after moving ion 1: {0: 6, 1: 7, 2: 2, 3: 12, 4: 4, 5: 1, 6: 0, 7: 9}
Clearing endpoint 1.........
Gate position gate updated to [0 9]--------------c
Trying to moving ion 9... to 1
Ion assignment after moving ion 9: {0: 6, 1: 7, 2: 2, 3: 12, 4: 4, 5: 10, 6: 0, 7: 1}
Trying to solve brute-force congestion at gate [0, 1] with {0: 6, 1: 7, 2: 2, 3: 12, 4: 4, 5: 10, 6: 0, 7: 1}
Trying to moving ion 0... to 0
Ion assignment after moving ion 0: {0: 6, 1: 7, 2: 2, 3: 12, 4: 4, 5: 10, 6: 0, 7: 1}
Gate position gate updated to [0 1]--------------c
Trying to moving ion 1... to 1
Ion assignment after moving ion 1: {0: 6, 1: 7, 2: 2, 3: 12, 4: 4, 5: 10, 6: 0, 7: 1}
Trying to solve brute-force congestion at gate [2, 12] with {0: 6, 1: 7, 2: 2, 3: 12, 4: 4, 5: 10, 6: 0, 7: 1}
Trying to moving ion 2... to 2
Ion assignment after moving ion 2: {0: 6, 1: 7, 2: 2, 3: 12, 4: 4, 5: 10, 6: 0, 7: 1}
Gate position gate updated to [ 2 12]--------------c
Trying to moving ion 12... to 3
Ion assignment after moving ion 12: {0: 6, 1: 7, 2: 2, 3: 3, 4: 4, 5: 8, 6: 0, 7: 1}
Trying to solve brute-force congestion at gate [2, 3] with {0: 6, 1: 7, 2: 2, 3: 3, 4: 4, 5: 8, 6: 0, 7: 1}
Trying to moving ion 2... to 2
Ion assignment after moving ion 2: {0: 6, 1: 7, 2: 2, 3: 3, 4: 4, 5: 8, 6: 0, 7: 1}
Gate position gate updated to [2 3]--------------c
Trying to moving ion 3... to 3
Ion assignment after moving ion 3: {0: 6, 1: 7, 2: 2, 3: 3, 4: 4, 5: 8, 6: 0, 7: 1}
Trying to solve brute-force congestion at gate [7, 2] with {0: 6, 1: 7, 2: 2, 3: 3, 4: 4, 5: 8, 6: 0, 7: 1}
Trying to moving ion 2... to 2
Ion assignment after moving ion 2: {0: 6, 1: 7, 2: 2, 3: 3, 4: 4, 5: 8, 6: 0, 7: 1}
Clearing endpoint 3.........
Gate position gate updated to [2 7]--------------c
Trying to moving ion 7... to 3
Ion assignment after moving ion 7: {0: 6, 1: 3, 2: 2, 3: 11, 4: 4, 5: 8, 6: 0, 7: 1}
Trying to solve brute-force congestion at gate [11, 4] with {0: 6, 1: 3, 2: 2, 3: 11, 4: 4, 5: 8, 6: 0, 7: 1}
Trying to moving ion 4... to 4
Ion assignment after moving ion 4: {0: 6, 1: 3, 2: 2, 3: 11, 4: 4, 5: 8, 6: 0, 7: 1}
Gate position gate updated to [ 4 11]--------------c
Trying to moving ion 11... to 5
Ion assignment after moving ion 11: {0: 6, 1: 3, 2: 2, 3: 5, 4: 4, 5: 8, 6: 0, 7: 1}
Trying to solve brute-force congestion at gate [5, 4] with {0: 6, 1: 3, 2: 2, 3: 5, 4: 4, 5: 8, 6: 0, 7: 1}
Trying to moving ion 5... to 4
Ion assignment after moving ion 5: {0: 6, 1: 3, 2: 2, 3: 4, 4: 5, 5: 8, 6: 0, 7: 1}
Gate position gate updated to [4 5]--------------c
Trying to moving ion 5... to 5
Ion assignment after moving ion 5: {0: 6, 1: 3, 2: 2, 3: 4, 4: 5, 5: 8, 6: 0, 7: 1}
Trying to solve brute-force congestion at gate [6, 3] with {0: 6, 1: 3, 2: 2, 3: 4, 4: 5, 5: 8, 6: 0, 7: 1}
Trying to moving ion 6... to 6
Ion assignment after moving ion 6: {0: 6, 1: 3, 2: 2, 3: 4, 4: 5, 5: 8, 6: 0, 7: 1}
Gate position gate updated to [6 3]--------------c
Trying to moving ion 3... to 7
Ion assignment after moving ion 3: {0: 6, 1: 7, 2: 2, 3: 4, 4: 5, 5: 8, 6: 0, 7: 1}
Trying to solve brute-force congestion at gate [2, 4] with {0: 6, 1: 7, 2: 2, 3: 4, 4: 5, 5: 8, 6: 0, 7: 1}
Trying to moving ion 2... to 2
Ion assignment after moving ion 2: {0: 6, 1: 7, 2: 2, 3: 4, 4: 5, 5: 8, 6: 0, 7: 1}
Gate position gate updated to [2 4]--------------c
Trying to moving ion 4... to 3
Ion assignment after moving ion 4: {0: 6, 1: 7, 2: 2, 3: 3, 4: 4, 5: 8, 6: 0, 7: 1}
Trying to solve brute-force congestion at gate [2, 3] with {0: 6, 1: 7, 2: 2, 3: 3, 4: 4, 5: 8, 6: 0, 7: 1}
Trying to moving ion 2... to 2
Ion assignment after moving ion 2: {0: 6, 1: 7, 2: 2, 3: 3, 4: 4, 5: 8, 6: 0, 7: 1}
Gate position gate updated to [2 3]--------------c
Trying to moving ion 3... to 3
Ion assignment after moving ion 3: {0: 6, 1: 7, 2: 2, 3: 3, 4: 4, 5: 8, 6: 0, 7: 1}
Trying to solve brute-force congestion at gate [4, 8] with {0: 6, 1: 7, 2: 2, 3: 3, 4: 4, 5: 8, 6: 0, 7: 1}
Trying to moving ion 4... to 4
Ion assignment after moving ion 4: {0: 6, 1: 7, 2: 2, 3: 3, 4: 4, 5: 8, 6: 0, 7: 1}
Gate position gate updated to [4 8]--------------c
Trying to moving ion 8... to 5
Ion assignment after moving ion 8: {0: 6, 1: 7, 2: 2, 3: 3, 4: 4, 5: 5, 6: 0, 7: 1}
Trying to solve brute-force congestion at gate [4, 5] with {0: 6, 1: 7, 2: 2, 3: 3, 4: 4, 5: 5, 6: 0, 7: 1}
Trying to moving ion 4... to 4
Ion assignment after moving ion 4: {0: 6, 1: 7, 2: 2, 3: 3, 4: 4, 5: 5, 6: 0, 7: 1}
Gate position gate updated to [4 5]--------------c
Trying to moving ion 5... to 5
Ion assignment after moving ion 5: {0: 6, 1: 7, 2: 2, 3: 3, 4: 4, 5: 5, 6: 0, 7: 1}
Executing gate at point (0, 2).
Executing gate at point (0, 4).
Executing gate at point (0, 6).
Executing gate at point (0, 0).
Executing gate at point (1, 2).
Executing gate at point (1, 4).
Executing gate at point (1, 0).
Executing gate at point (1, 6).
Trying to solve brute-force congestion at gate [3, 4] with {0: 6, 1: 7, 2: 2, 3: 3, 4: 4, 5: 5, 6: 0, 7: 1}
Trying to moving ion 4... to 4
Ion assignment after moving ion 4: {0: 6, 1: 7, 2: 2, 3: 3, 4: 4, 5: 5, 6: 0, 7: 1}
Clearing endpoint 5.........
Gate position gate updated to [4 3]--------------c
Trying to moving ion 3... to 5
Ion assignment after moving ion 3: {0: 6, 1: 7, 2: 2, 3: 5, 4: 4, 5: 12, 6: 0, 7: 1}
Executing gate at point (2, 3).
Executing gate at point (3, 3).
Trying to solve brute-force congestion at gate [12, 0] with {0: 6, 1: 7, 2: 2, 3: 5, 4: 4, 5: 12, 6: 0, 7: 1}
Trying to moving ion 0... to 0
Ion assignment after moving ion 0: {0: 6, 1: 7, 2: 2, 3: 5, 4: 4, 5: 12, 6: 0, 7: 1}
Clearing endpoint 1.........
Gate position gate updated to [ 0 12]--------------c
Trying to moving ion 12... to 1
Ion assignment after moving ion 12: {0: 6, 1: 7, 2: 2, 3: 5, 4: 4, 5: 1, 6: 0, 7: 9}
Executing gate at point (2, 5).
Executing gate at point (3, 5).
Trying to solve brute-force congestion at gate [4, 1] with {0: 6, 1: 7, 2: 2, 3: 5, 4: 4, 5: 1, 6: 0, 7: 9}
Trying to moving ion 4... to 4
Ion assignment after moving ion 4: {0: 6, 1: 7, 2: 2, 3: 5, 4: 4, 5: 1, 6: 0, 7: 9}
Clearing endpoint 5.........
Gate position gate updated to [4 1]--------------c
Trying to moving ion 1... to 5
Ion assignment after moving ion 1: {0: 6, 1: 7, 2: 2, 3: 12, 4: 4, 5: 5, 6: 0, 7: 9}
Executing gate at point (4, 4).
Executing gate at point (5, 4).
Best move: (8, 9)
Best move: (2, 3)
Best move: (2, 3)
Best move: (0, 1)
Best move: (0, 1)
Try bruteforce due to multiple steps (5) to solve one gate
Trying to solve brute-force congestion at gate [0, 8] with {0: 6, 1: 7, 2: 2, 3: 12, 4: 4, 5: 5, 6: 0, 7: 8}
Trying to moving ion 0... to 0
Ion assignment after moving ion 0: {0: 6, 1: 7, 2: 2, 3: 12, 4: 4, 5: 5, 6: 0, 7: 8}
Gate position gate updated to [0 8]--------------c
Trying to moving ion 8... to 1
Ion assignment after moving ion 8: {0: 6, 1: 7, 2: 2, 3: 12, 4: 4, 5: 5, 6: 0, 7: 1}
Executing gate at point (4, 6).
Executing gate at point (5, 6).
Best move: (2, 3)
Best move: (2, 3)
Best move: (2, 3)
Try bruteforce due to repeated pattern...
Trying to solve brute-force congestion at gate [7, 3] with {0: 6, 1: 7, 2: 3, 3: 12, 4: 4, 5: 5, 6: 0, 7: 1}
Trying to moving ion 3... to 2
Ion assignment after moving ion 3: {0: 6, 1: 7, 2: 2, 3: 12, 4: 4, 5: 5, 6: 0, 7: 1}
Gate position gate updated to [2 7]--------------c
Trying to moving ion 7... to 3
Ion assignment after moving ion 7: {0: 6, 1: 3, 2: 2, 3: 8, 4: 4, 5: 5, 6: 0, 7: 1}
Executing gate at point (2, 1).
Executing gate at point (3, 1).
Trying to solve brute-force congestion at gate [2, 8] with {0: 6, 1: 3, 2: 2, 3: 8, 4: 4, 5: 5, 6: 0, 7: 1}
Trying to moving ion 2... to 2
Ion assignment after moving ion 2: {0: 6, 1: 3, 2: 2, 3: 8, 4: 4, 5: 5, 6: 0, 7: 1}
Clearing endpoint 3.........
Gate position gate updated to [2 8]--------------c
Trying to moving ion 8... to 3
Ion assignment after moving ion 8: {0: 6, 1: 10, 2: 2, 3: 3, 4: 4, 5: 5, 6: 0, 7: 1}
Executing gate at point (4, 2).
Executing gate at point (5, 2).
Trying to solve brute-force congestion at gate [6, 10] with {0: 6, 1: 10, 2: 2, 3: 3, 4: 4, 5: 5, 6: 0, 7: 1}
Trying to moving ion 6... to 6
Ion assignment after moving ion 6: {0: 6, 1: 10, 2: 2, 3: 3, 4: 4, 5: 5, 6: 0, 7: 1}
Gate position gate updated to [ 6 10]--------------c
Trying to moving ion 10... to 7
Ion assignment after moving ion 10: {0: 6, 1: 7, 2: 2, 3: 3, 4: 4, 5: 5, 6: 0, 7: 1}
Executing gate at point (4, 0).
Executing gate at point (5, 0).
Trying to solve brute-force congestion at gate [7, 2] with {0: 6, 1: 7, 2: 2, 3: 3, 4: 4, 5: 5, 6: 0, 7: 1}
Trying to moving ion 2... to 2
Ion assignment after moving ion 2: {0: 6, 1: 7, 2: 2, 3: 3, 4: 4, 5: 5, 6: 0, 7: 1}
Clearing endpoint 3.........
Gate position gate updated to [2 7]--------------c
Trying to moving ion 7... to 3
Ion assignment after moving ion 7: {0: 6, 1: 3, 2: 2, 3: 8, 4: 4, 5: 5, 6: 0, 7: 1}
Executing gate at point (6, 1).
Executing gate at point (7, 1).
Trying to solve brute-force congestion at gate [8, 4] with {0: 6, 1: 3, 2: 2, 3: 8, 4: 4, 5: 5, 6: 0, 7: 1}
Trying to moving ion 4... to 4
Ion assignment after moving ion 4: {0: 6, 1: 3, 2: 2, 3: 8, 4: 4, 5: 5, 6: 0, 7: 1}
Clearing endpoint 5.........
Gate position gate updated to [4 8]--------------c
Trying to moving ion 8... to 5
Ion assignment after moving ion 8: {0: 6, 1: 3, 2: 2, 3: 5, 4: 4, 5: 12, 6: 0, 7: 1}
Executing gate at point (6, 3).
Executing gate at point (7, 3).
Trying to solve brute-force congestion at gate [2, 5] with {0: 6, 1: 3, 2: 2, 3: 5, 4: 4, 5: 12, 6: 0, 7: 1}
Trying to moving ion 2... to 2
Ion assignment after moving ion 2: {0: 6, 1: 3, 2: 2, 3: 5, 4: 4, 5: 12, 6: 0, 7: 1}
Clearing endpoint 3.........
Gate position gate updated to [2 5]--------------c
Trying to moving ion 5... to 3
Ion assignment after moving ion 5: {0: 6, 1: 8, 2: 2, 3: 3, 4: 4, 5: 12, 6: 0, 7: 1}
Executing gate at point (8, 2).
Executing gate at point (9, 2).
Trying to solve brute-force congestion at gate [12, 0] with {0: 6, 1: 8, 2: 2, 3: 3, 4: 4, 5: 12, 6: 0, 7: 1}
Trying to moving ion 0... to 0
Ion assignment after moving ion 0: {0: 6, 1: 8, 2: 2, 3: 3, 4: 4, 5: 12, 6: 0, 7: 1}
Clearing endpoint 1.........
Gate position gate updated to [ 0 12]--------------c
Trying to moving ion 12... to 1
Ion assignment after moving ion 12: {0: 6, 1: 11, 2: 2, 3: 3, 4: 4, 5: 1, 6: 0, 7: 9}
Executing gate at point (6, 5).
Executing gate at point (7, 5).
Best move: (1, 8)
Best move: (8, 10)
Best move: (10, 12)
Best move: (10, 12)
Best move: (10, 12)
Try bruteforce due to multiple steps (5) to solve one gate
Trying to solve brute-force congestion at gate [4, 12] with {0: 6, 1: 11, 2: 2, 3: 3, 4: 4, 5: 12, 6: 0, 7: 9}
Trying to moving ion 4... to 4
Ion assignment after moving ion 4: {0: 6, 1: 11, 2: 2, 3: 3, 4: 4, 5: 12, 6: 0, 7: 9}
Gate position gate updated to [ 4 12]--------------c
Trying to moving ion 12... to 5
Ion assignment after moving ion 12: {0: 6, 1: 10, 2: 2, 3: 3, 4: 4, 5: 5, 6: 0, 7: 9}
Executing gate at point (8, 4).
Executing gate at point (9, 4).
Best move: (8, 9)
Best move: (0, 1)
Best move: (0, 1)
Best move: (1, 8)
Executing gate at point (8, 6).
Executing gate at point (9, 6).
Trying to solve brute-force congestion at gate [5, 0] with {0: 6, 1: 10, 2: 2, 3: 3, 4: 4, 5: 5, 6: 0, 7: 1}
Trying to moving ion 0... to 0
Ion assignment after moving ion 0: {0: 6, 1: 10, 2: 2, 3: 3, 4: 4, 5: 5, 6: 0, 7: 1}
Clearing endpoint 1.........
Gate position gate updated to [0 5]--------------c
Trying to moving ion 5... to 1
Ion assignment after moving ion 5: {0: 6, 1: 12, 2: 2, 3: 3, 4: 4, 5: 1, 6: 0, 7: 9}
Executing gate at point (10, 5).
Executing gate at point (11, 5).
Trying to solve brute-force congestion at gate [0, 9] with {0: 6, 1: 12, 2: 2, 3: 3, 4: 4, 5: 1, 6: 0, 7: 9}
Trying to moving ion 0... to 0
Ion assignment after moving ion 0: {0: 6, 1: 12, 2: 2, 3: 3, 4: 4, 5: 1, 6: 0, 7: 9}
Clearing endpoint 1.........
Gate position gate updated to [0 9]--------------c
Trying to moving ion 9... to 1
Ion assignment after moving ion 9: {0: 6, 1: 12, 2: 2, 3: 3, 4: 4, 5: 10, 6: 0, 7: 1}
Executing gate at point (12, 6).
Executing gate at point (13, 6).
Best move: (3, 9)
Best move: (7, 12)
Executing gate at point (8, 0).
Executing gate at point (9, 0).
Best move: (7, 12)
Best move: (11, 12)
Best move: (11, 12)
Best move: (11, 12)
Try bruteforce due to repeated pattern...
Trying to solve brute-force congestion at gate [11, 2] with {0: 6, 1: 11, 2: 2, 3: 9, 4: 4, 5: 10, 6: 0, 7: 1}
Trying to moving ion 2... to 2
Ion assignment after moving ion 2: {0: 6, 1: 11, 2: 2, 3: 9, 4: 4, 5: 10, 6: 0, 7: 1}
Gate position gate updated to [ 2 11]--------------c
Trying to moving ion 11... to 3
Ion assignment after moving ion 11: {0: 6, 1: 3, 2: 2, 3: 8, 4: 4, 5: 12, 6: 0, 7: 1}
Executing gate at point (10, 1).
Executing gate at point (11, 1).
Best move: (3, 9)
Best move: (9, 10)
Best move: (6, 7)
Best move: (6, 7)
Best move: (10, 11)
Try bruteforce due to multiple steps (5) to solve one gate
Trying to solve brute-force congestion at gate [6, 11] with {0: 6, 1: 11, 2: 2, 3: 8, 4: 4, 5: 12, 6: 0, 7: 1}
Trying to moving ion 6... to 6
Ion assignment after moving ion 6: {0: 6, 1: 11, 2: 2, 3: 8, 4: 4, 5: 12, 6: 0, 7: 1}
Gate position gate updated to [ 6 11]--------------c
Trying to moving ion 11... to 7
Ion assignment after moving ion 11: {0: 6, 1: 7, 2: 2, 3: 8, 4: 4, 5: 10, 6: 0, 7: 1}
Executing gate at point (12, 0).
Executing gate at point (13, 0).
Best move: (8, 9)
Best move: (8, 9)
Best move: (8, 9)
Try bruteforce due to repeated pattern...
Trying to solve brute-force congestion at gate [9, 4] with {0: 6, 1: 7, 2: 2, 3: 9, 4: 4, 5: 10, 6: 0, 7: 1}
Trying to moving ion 4... to 4
Ion assignment after moving ion 4: {0: 6, 1: 7, 2: 2, 3: 9, 4: 4, 5: 10, 6: 0, 7: 1}
Gate position gate updated to [4 9]--------------c
Trying to moving ion 9... to 5
Ion assignment after moving ion 9: {0: 6, 1: 7, 2: 2, 3: 5, 4: 4, 5: 12, 6: 0, 7: 1}
Executing gate at point (10, 3).
Executing gate at point (11, 3).
Trying to solve brute-force congestion at gate [4, 12] with {0: 6, 1: 7, 2: 2, 3: 5, 4: 4, 5: 12, 6: 0, 7: 1}
Trying to moving ion 4... to 4
Ion assignment after moving ion 4: {0: 6, 1: 7, 2: 2, 3: 5, 4: 4, 5: 12, 6: 0, 7: 1}
Clearing endpoint 5.........
Gate position gate updated to [ 4 12]--------------c
Trying to moving ion 12... to 5
Ion assignment after moving ion 12: {0: 6, 1: 7, 2: 2, 3: 10, 4: 4, 5: 5, 6: 0, 7: 1}
Executing gate at point (12, 4).
Executing gate at point (13, 4).
Trying to solve brute-force congestion at gate [2, 10] with {0: 6, 1: 7, 2: 2, 3: 10, 4: 4, 5: 5, 6: 0, 7: 1}
Trying to moving ion 2... to 2
Ion assignment after moving ion 2: {0: 6, 1: 7, 2: 2, 3: 10, 4: 4, 5: 5, 6: 0, 7: 1}
Gate position gate updated to [ 2 10]--------------c
Trying to moving ion 10... to 3
Ion assignment after moving ion 10: {0: 6, 1: 7, 2: 2, 3: 3, 4: 4, 5: 5, 6: 0, 7: 1}
Executing gate at point (12, 2).
Executing gate at point (13, 2).
Trying to solve brute-force congestion at gate [7, 2] with {0: 6, 1: 7, 2: 2, 3: 3, 4: 4, 5: 5, 6: 0, 7: 1}
Trying to moving ion 2... to 2
Ion assignment after moving ion 2: {0: 6, 1: 7, 2: 2, 3: 3, 4: 4, 5: 5, 6: 0, 7: 1}
Clearing endpoint 3.........
Gate position gate updated to [2 7]--------------c
Trying to moving ion 7... to 3
Ion assignment after moving ion 7: {0: 6, 1: 3, 2: 2, 3: 8, 4: 4, 5: 5, 6: 0, 7: 1}
Executing gate at point (14, 1).
Executing gate at point (15, 1).
Trying to solve brute-force congestion at gate [8, 4] with {0: 6, 1: 3, 2: 2, 3: 8, 4: 4, 5: 5, 6: 0, 7: 1}
Trying to moving ion 4... to 4
Ion assignment after moving ion 4: {0: 6, 1: 3, 2: 2, 3: 8, 4: 4, 5: 5, 6: 0, 7: 1}
Clearing endpoint 5.........
Gate position gate updated to [4 8]--------------c
Trying to moving ion 8... to 5
Ion assignment after moving ion 8: {0: 6, 1: 3, 2: 2, 3: 5, 4: 4, 5: 12, 6: 0, 7: 1}
Executing gate at point (14, 3).
Executing gate at point (15, 3).
Trying to solve brute-force congestion at gate [12, 0] with {0: 6, 1: 3, 2: 2, 3: 5, 4: 4, 5: 12, 6: 0, 7: 1}
Trying to moving ion 0... to 0
Ion assignment after moving ion 0: {0: 6, 1: 3, 2: 2, 3: 5, 4: 4, 5: 12, 6: 0, 7: 1}
Clearing endpoint 1.........
Gate position gate updated to [ 0 12]--------------c
Trying to moving ion 12... to 1
Ion assignment after moving ion 12: {0: 6, 1: 3, 2: 2, 3: 5, 4: 4, 5: 1, 6: 0, 7: 9}
Executing gate at point (14, 5).
Executing gate at point (15, 5).
Trying to solve brute-force congestion at gate [4, 1] with {0: 6, 1: 3, 2: 2, 3: 5, 4: 4, 5: 1, 6: 0, 7: 9}
Trying to moving ion 4... to 4
Ion assignment after moving ion 4: {0: 6, 1: 3, 2: 2, 3: 5, 4: 4, 5: 1, 6: 0, 7: 9}
Clearing endpoint 5.........
Gate position gate updated to [4 1]--------------c
Trying to moving ion 1... to 5
Ion assignment after moving ion 1: {0: 6, 1: 3, 2: 2, 3: 12, 4: 4, 5: 5, 6: 0, 7: 9}
Trying to solve brute-force congestion at gate [0, 9] with {0: 6, 1: 3, 2: 2, 3: 12, 4: 4, 5: 5, 6: 0, 7: 9}
Trying to moving ion 0... to 0
Ion assignment after moving ion 0: {0: 6, 1: 3, 2: 2, 3: 12, 4: 4, 5: 5, 6: 0, 7: 9}
Gate position gate updated to [0 9]--------------c
Trying to moving ion 9... to 1
Ion assignment after moving ion 9: {0: 6, 1: 3, 2: 2, 3: 12, 4: 4, 5: 5, 6: 0, 7: 1}
Trying to solve brute-force congestion at gate [2, 12] with {0: 6, 1: 3, 2: 2, 3: 12, 4: 4, 5: 5, 6: 0, 7: 1}
Trying to moving ion 2... to 2
Ion assignment after moving ion 2: {0: 6, 1: 3, 2: 2, 3: 12, 4: 4, 5: 5, 6: 0, 7: 1}
Clearing endpoint 3.........
Gate position gate updated to [ 2 12]--------------c
Trying to moving ion 12... to 3
Ion assignment after moving ion 12: {0: 6, 1: 8, 2: 2, 3: 3, 4: 4, 5: 5, 6: 0, 7: 1}
Trying to solve brute-force congestion at gate [3, 4] with {0: 6, 1: 8, 2: 2, 3: 3, 4: 4, 5: 5, 6: 0, 7: 1}
Trying to moving ion 4... to 4
Ion assignment after moving ion 4: {0: 6, 1: 8, 2: 2, 3: 3, 4: 4, 5: 5, 6: 0, 7: 1}
Clearing endpoint 5.........
Gate position gate updated to [4 3]--------------c
Trying to moving ion 3... to 5
Ion assignment after moving ion 3: {0: 6, 1: 8, 2: 2, 3: 5, 4: 4, 5: 12, 6: 0, 7: 1}
Trying to solve brute-force congestion at gate [6, 8] with {0: 6, 1: 8, 2: 2, 3: 5, 4: 4, 5: 12, 6: 0, 7: 1}
Trying to moving ion 6... to 6
Ion assignment after moving ion 6: {0: 6, 1: 8, 2: 2, 3: 5, 4: 4, 5: 12, 6: 0, 7: 1}
Gate position gate updated to [6 8]--------------c
Trying to moving ion 8... to 7
Ion assignment after moving ion 8: {0: 6, 1: 7, 2: 2, 3: 5, 4: 4, 5: 11, 6: 0, 7: 1}
Trying to solve brute-force congestion at gate [7, 2] with {0: 6, 1: 7, 2: 2, 3: 5, 4: 4, 5: 11, 6: 0, 7: 1}
Trying to moving ion 2... to 2
Ion assignment after moving ion 2: {0: 6, 1: 7, 2: 2, 3: 5, 4: 4, 5: 11, 6: 0, 7: 1}
Gate position gate updated to [2 7]--------------c
Trying to moving ion 7... to 3
Ion assignment after moving ion 7: {0: 6, 1: 3, 2: 2, 3: 5, 4: 4, 5: 11, 6: 0, 7: 1}
Trying to solve brute-force congestion at gate [6, 3] with {0: 6, 1: 3, 2: 2, 3: 5, 4: 4, 5: 11, 6: 0, 7: 1}
Trying to moving ion 6... to 6
Ion assignment after moving ion 6: {0: 6, 1: 3, 2: 2, 3: 5, 4: 4, 5: 11, 6: 0, 7: 1}
Gate position gate updated to [6 3]--------------c
Trying to moving ion 3... to 7
Ion assignment after moving ion 3: {0: 6, 1: 7, 2: 2, 3: 5, 4: 4, 5: 11, 6: 0, 7: 1}
Trying to solve brute-force congestion at gate [2, 5] with {0: 6, 1: 7, 2: 2, 3: 5, 4: 4, 5: 11, 6: 0, 7: 1}
Trying to moving ion 2... to 2
Ion assignment after moving ion 2: {0: 6, 1: 7, 2: 2, 3: 5, 4: 4, 5: 11, 6: 0, 7: 1}
Gate position gate updated to [2 5]--------------c
Trying to moving ion 5... to 3
Ion assignment after moving ion 5: {0: 6, 1: 7, 2: 2, 3: 3, 4: 4, 5: 8, 6: 0, 7: 1}
Trying to solve brute-force congestion at gate [7, 2] with {0: 6, 1: 7, 2: 2, 3: 3, 4: 4, 5: 8, 6: 0, 7: 1}
Trying to moving ion 2... to 2
Ion assignment after moving ion 2: {0: 6, 1: 7, 2: 2, 3: 3, 4: 4, 5: 8, 6: 0, 7: 1}
Clearing endpoint 3.........
Gate position gate updated to [2 7]--------------c
Trying to moving ion 7... to 3
Ion assignment after moving ion 7: {0: 6, 1: 3, 2: 2, 3: 11, 4: 4, 5: 8, 6: 0, 7: 1}
Trying to solve brute-force congestion at gate [6, 3] with {0: 6, 1: 3, 2: 2, 3: 11, 4: 4, 5: 8, 6: 0, 7: 1}
Trying to moving ion 6... to 6
Ion assignment after moving ion 6: {0: 6, 1: 3, 2: 2, 3: 11, 4: 4, 5: 8, 6: 0, 7: 1}
Gate position gate updated to [6 3]--------------c
Trying to moving ion 3... to 7
Ion assignment after moving ion 3: {0: 6, 1: 7, 2: 2, 3: 11, 4: 4, 5: 8, 6: 0, 7: 1}
Trying to solve brute-force congestion at gate [8, 0] with {0: 6, 1: 7, 2: 2, 3: 11, 4: 4, 5: 8, 6: 0, 7: 1}
Trying to moving ion 0... to 0
Ion assignment after moving ion 0: {0: 6, 1: 7, 2: 2, 3: 11, 4: 4, 5: 8, 6: 0, 7: 1}
Clearing endpoint 1.........
Gate position gate updated to [0 9]--------------c
Trying to moving ion 9... to 1
Ion assignment after moving ion 9: {0: 6, 1: 7, 2: 2, 3: 11, 4: 4, 5: 1, 6: 0, 7: 10}
Trying to solve brute-force congestion at gate [0, 9] with {0: 6, 1: 7, 2: 2, 3: 11, 4: 4, 5: 8, 6: 0, 7: 9}
Trying to moving ion 0... to 0
Ion assignment after moving ion 0: {0: 6, 1: 7, 2: 2, 3: 11, 4: 4, 5: 8, 6: 0, 7: 9}
Gate position gate updated to [0 9]--------------c
Trying to moving ion 9... to 1
Ion assignment after moving ion 9: {0: 6, 1: 7, 2: 2, 3: 11, 4: 4, 5: 10, 6: 0, 7: 1}
Trying to solve brute-force congestion at gate [4, 10] with {0: 6, 1: 7, 2: 2, 3: 11, 4: 4, 5: 10, 6: 0, 7: 1}
Trying to moving ion 4... to 4
Ion assignment after moving ion 4: {0: 6, 1: 7, 2: 2, 3: 11, 4: 4, 5: 10, 6: 0, 7: 1}
Gate position gate updated to [ 4 10]--------------c
Trying to moving ion 10... to 5
Ion assignment after moving ion 10: {0: 6, 1: 7, 2: 2, 3: 12, 4: 4, 5: 5, 6: 0, 7: 1}
Trying to solve brute-force congestion at gate [5, 0] with {0: 6, 1: 7, 2: 2, 3: 12, 4: 4, 5: 5, 6: 0, 7: 1}
Trying to moving ion 0... to 0
Ion assignment after moving ion 0: {0: 6, 1: 7, 2: 2, 3: 12, 4: 4, 5: 5, 6: 0, 7: 1}
Clearing endpoint 1.........
Gate position gate updated to [0 5]--------------c
Trying to moving ion 5... to 1
Ion assignment after moving ion 5: {0: 6, 1: 7, 2: 2, 3: 12, 4: 4, 5: 1, 6: 0, 7: 9}
Trying to solve brute-force congestion at gate [0, 9] with {0: 6, 1: 7, 2: 2, 3: 12, 4: 4, 5: 1, 6: 0, 7: 9}
Trying to moving ion 0... to 0
Ion assignment after moving ion 0: {0: 6, 1: 7, 2: 2, 3: 12, 4: 4, 5: 1, 6: 0, 7: 9}
Clearing endpoint 1.........
Gate position gate updated to [0 9]--------------c
Trying to moving ion 9... to 1
Ion assignment after moving ion 9: {0: 6, 1: 7, 2: 2, 3: 12, 4: 4, 5: 10, 6: 0, 7: 1}
Trying to solve brute-force congestion at gate [11, 4] with {0: 6, 1: 7, 2: 2, 3: 11, 4: 4, 5: 10, 6: 0, 7: 1}
Trying to moving ion 4... to 4
Ion assignment after moving ion 4: {0: 6, 1: 7, 2: 2, 3: 11, 4: 4, 5: 10, 6: 0, 7: 1}
Gate position gate updated to [ 4 11]--------------c
Trying to moving ion 11... to 5
Ion assignment after moving ion 11: {0: 6, 1: 7, 2: 2, 3: 5, 4: 4, 5: 10, 6: 0, 7: 1}
Trying to solve brute-force congestion at gate [5, 4] with {0: 6, 1: 7, 2: 2, 3: 5, 4: 4, 5: 10, 6: 0, 7: 1}
Trying to moving ion 5... to 4
Ion assignment after moving ion 5: {0: 6, 1: 7, 2: 2, 3: 4, 4: 5, 5: 10, 6: 0, 7: 1}
Gate position gate updated to [4 5]--------------c
Trying to moving ion 5... to 5
Ion assignment after moving ion 5: {0: 6, 1: 7, 2: 2, 3: 4, 4: 5, 5: 10, 6: 0, 7: 1}
Trying to solve brute-force congestion at gate [5, 10] with {0: 6, 1: 7, 2: 2, 3: 4, 4: 5, 5: 10, 6: 0, 7: 1}
Trying to moving ion 5... to 4
Ion assignment after moving ion 5: {0: 6, 1: 7, 2: 2, 3: 5, 4: 4, 5: 10, 6: 0, 7: 1}
Clearing endpoint 5.........
Gate position gate updated to [ 4 10]--------------c
Trying to moving ion 10... to 5
Ion assignment after moving ion 10: {0: 6, 1: 7, 2: 2, 3: 12, 4: 4, 5: 5, 6: 0, 7: 1}
Trying to solve brute-force congestion at gate [4, 5] with {0: 6, 1: 7, 2: 2, 3: 12, 4: 4, 5: 5, 6: 0, 7: 1}
Trying to moving ion 4... to 4
Ion assignment after moving ion 4: {0: 6, 1: 7, 2: 2, 3: 12, 4: 4, 5: 5, 6: 0, 7: 1}
Gate position gate updated to [4 5]--------------c
Trying to moving ion 5... to 5
Ion assignment after moving ion 5: {0: 6, 1: 7, 2: 2, 3: 12, 4: 4, 5: 5, 6: 0, 7: 1}
Trying to solve brute-force congestion at gate [5, 0] with {0: 6, 1: 7, 2: 2, 3: 12, 4: 4, 5: 5, 6: 0, 7: 1}
Trying to moving ion 0... to 0
Ion assignment after moving ion 0: {0: 6, 1: 7, 2: 2, 3: 12, 4: 4, 5: 5, 6: 0, 7: 1}
Clearing endpoint 1.........
Gate position gate updated to [0 5]--------------c
Trying to moving ion 5... to 1
Ion assignment after moving ion 5: {0: 6, 1: 7, 2: 2, 3: 12, 4: 4, 5: 1, 6: 0, 7: 9}
Trying to solve brute-force congestion at gate [1, 0] with {0: 6, 1: 7, 2: 2, 3: 12, 4: 4, 5: 1, 6: 0, 7: 9}
Trying to moving ion 1... to 0
Ion assignment after moving ion 1: {0: 6, 1: 7, 2: 2, 3: 12, 4: 4, 5: 0, 6: 1, 7: 9}
Gate position gate updated to [0 1]--------------c
Trying to moving ion 1... to 1
Ion assignment after moving ion 1: {0: 6, 1: 7, 2: 2, 3: 12, 4: 4, 5: 0, 6: 1, 7: 9}
Trying to solve brute-force congestion at gate [1, 9] with {0: 6, 1: 7, 2: 2, 3: 12, 4: 4, 5: 0, 6: 1, 7: 9}
Trying to moving ion 1... to 0
Ion assignment after moving ion 1: {0: 6, 1: 7, 2: 2, 3: 12, 4: 4, 5: 1, 6: 0, 7: 9}
Clearing endpoint 1.........
Gate position gate updated to [0 9]--------------c
Trying to moving ion 9... to 1
Ion assignment after moving ion 9: {0: 6, 1: 7, 2: 2, 3: 12, 4: 4, 5: 10, 6: 0, 7: 1}
Trying to solve brute-force congestion at gate [0, 1] with {0: 6, 1: 7, 2: 2, 3: 12, 4: 4, 5: 10, 6: 0, 7: 1}
Trying to moving ion 0... to 0
Ion assignment after moving ion 0: {0: 6, 1: 7, 2: 2, 3: 12, 4: 4, 5: 10, 6: 0, 7: 1}
Gate position gate updated to [0 1]--------------c
Trying to moving ion 1... to 1
Ion assignment after moving ion 1: {0: 6, 1: 7, 2: 2, 3: 12, 4: 4, 5: 10, 6: 0, 7: 1}
Trying to solve brute-force congestion at gate [2, 12] with {0: 6, 1: 7, 2: 2, 3: 12, 4: 4, 5: 10, 6: 0, 7: 1}
Trying to moving ion 2... to 2
Ion assignment after moving ion 2: {0: 6, 1: 7, 2: 2, 3: 12, 4: 4, 5: 10, 6: 0, 7: 1}
Gate position gate updated to [ 2 12]--------------c
Trying to moving ion 12... to 3
Ion assignment after moving ion 12: {0: 6, 1: 7, 2: 2, 3: 3, 4: 4, 5: 8, 6: 0, 7: 1}
Trying to solve brute-force congestion at gate [2, 3] with {0: 6, 1: 7, 2: 2, 3: 3, 4: 4, 5: 8, 6: 0, 7: 1}
Trying to moving ion 2... to 2
Ion assignment after moving ion 2: {0: 6, 1: 7, 2: 2, 3: 3, 4: 4, 5: 8, 6: 0, 7: 1}
Gate position gate updated to [2 3]--------------c
Trying to moving ion 3... to 3
Ion assignment after moving ion 3: {0: 6, 1: 7, 2: 2, 3: 3, 4: 4, 5: 8, 6: 0, 7: 1}
Trying to solve brute-force congestion at gate [7, 2] with {0: 6, 1: 7, 2: 2, 3: 3, 4: 4, 5: 8, 6: 0, 7: 1}
Trying to moving ion 2... to 2
Ion assignment after moving ion 2: {0: 6, 1: 7, 2: 2, 3: 3, 4: 4, 5: 8, 6: 0, 7: 1}
Clearing endpoint 3.........
Gate position gate updated to [2 7]--------------c
Trying to moving ion 7... to 3
Ion assignment after moving ion 7: {0: 6, 1: 3, 2: 2, 3: 11, 4: 4, 5: 8, 6: 0, 7: 1}
Trying to solve brute-force congestion at gate [11, 4] with {0: 6, 1: 3, 2: 2, 3: 11, 4: 4, 5: 8, 6: 0, 7: 1}
Trying to moving ion 4... to 4
Ion assignment after moving ion 4: {0: 6, 1: 3, 2: 2, 3: 11, 4: 4, 5: 8, 6: 0, 7: 1}
Gate position gate updated to [ 4 11]--------------c
Trying to moving ion 11... to 5
Ion assignment after moving ion 11: {0: 6, 1: 3, 2: 2, 3: 5, 4: 4, 5: 8, 6: 0, 7: 1}
Trying to solve brute-force congestion at gate [5, 4] with {0: 6, 1: 3, 2: 2, 3: 5, 4: 4, 5: 8, 6: 0, 7: 1}
Trying to moving ion 5... to 4
Ion assignment after moving ion 5: {0: 6, 1: 3, 2: 2, 3: 4, 4: 5, 5: 8, 6: 0, 7: 1}
Gate position gate updated to [4 5]--------------c
Trying to moving ion 5... to 5
Ion assignment after moving ion 5: {0: 6, 1: 3, 2: 2, 3: 4, 4: 5, 5: 8, 6: 0, 7: 1}
Trying to solve brute-force congestion at gate [6, 3] with {0: 6, 1: 3, 2: 2, 3: 4, 4: 5, 5: 8, 6: 0, 7: 1}
Trying to moving ion 6... to 6
Ion assignment after moving ion 6: {0: 6, 1: 3, 2: 2, 3: 4, 4: 5, 5: 8, 6: 0, 7: 1}
Gate position gate updated to [6 3]--------------c
Trying to moving ion 3... to 7
Ion assignment after moving ion 3: {0: 6, 1: 7, 2: 2, 3: 4, 4: 5, 5: 8, 6: 0, 7: 1}
Trying to solve brute-force congestion at gate [2, 4] with {0: 6, 1: 7, 2: 2, 3: 4, 4: 5, 5: 8, 6: 0, 7: 1}
Trying to moving ion 2... to 2
Ion assignment after moving ion 2: {0: 6, 1: 7, 2: 2, 3: 4, 4: 5, 5: 8, 6: 0, 7: 1}
Gate position gate updated to [2 4]--------------c
Trying to moving ion 4... to 3
Ion assignment after moving ion 4: {0: 6, 1: 7, 2: 2, 3: 3, 4: 4, 5: 8, 6: 0, 7: 1}
Trying to solve brute-force congestion at gate [2, 3] with {0: 6, 1: 7, 2: 2, 3: 3, 4: 4, 5: 8, 6: 0, 7: 1}
Trying to moving ion 2... to 2
Ion assignment after moving ion 2: {0: 6, 1: 7, 2: 2, 3: 3, 4: 4, 5: 8, 6: 0, 7: 1}
Gate position gate updated to [2 3]--------------c
Trying to moving ion 3... to 3
Ion assignment after moving ion 3: {0: 6, 1: 7, 2: 2, 3: 3, 4: 4, 5: 8, 6: 0, 7: 1}
Trying to solve brute-force congestion at gate [4, 8] with {0: 6, 1: 7, 2: 2, 3: 3, 4: 4, 5: 8, 6: 0, 7: 1}
Trying to moving ion 4... to 4
Ion assignment after moving ion 4: {0: 6, 1: 7, 2: 2, 3: 3, 4: 4, 5: 8, 6: 0, 7: 1}
Gate position gate updated to [4 8]--------------c
Trying to moving ion 8... to 5
Ion assignment after moving ion 8: {0: 6, 1: 7, 2: 2, 3: 3, 4: 4, 5: 5, 6: 0, 7: 1}
Trying to solve brute-force congestion at gate [4, 5] with {0: 6, 1: 7, 2: 2, 3: 3, 4: 4, 5: 5, 6: 0, 7: 1}
Trying to moving ion 4... to 4
Ion assignment after moving ion 4: {0: 6, 1: 7, 2: 2, 3: 3, 4: 4, 5: 5, 6: 0, 7: 1}
Gate position gate updated to [4 5]--------------c
Trying to moving ion 5... to 5
Ion assignment after moving ion 5: {0: 6, 1: 7, 2: 2, 3: 3, 4: 4, 5: 5, 6: 0, 7: 1}
Executing gate at point (0, 2).
Executing gate at point (0, 4).
Executing gate at point (0, 6).
Executing gate at point (0, 0).
Executing gate at point (1, 2).
Executing gate at point (1, 4).
Executing gate at point (1, 0).
Executing gate at point (1, 6).
Trying to solve brute-force congestion at gate [3, 4] with {0: 6, 1: 7, 2: 2, 3: 3, 4: 4, 5: 5, 6: 0, 7: 1}
Trying to moving ion 4... to 4
Ion assignment after moving ion 4: {0: 6, 1: 7, 2: 2, 3: 3, 4: 4, 5: 5, 6: 0, 7: 1}
Clearing endpoint 5.........
Gate position gate updated to [4 3]--------------c
Trying to moving ion 3... to 5
Ion assignment after moving ion 3: {0: 6, 1: 7, 2: 2, 3: 5, 4: 4, 5: 12, 6: 0, 7: 1}
Executing gate at point (2, 3).
Executing gate at point (3, 3).
Trying to solve brute-force congestion at gate [12, 0] with {0: 6, 1: 7, 2: 2, 3: 5, 4: 4, 5: 12, 6: 0, 7: 1}
Trying to moving ion 0... to 0
Ion assignment after moving ion 0: {0: 6, 1: 7, 2: 2, 3: 5, 4: 4, 5: 12, 6: 0, 7: 1}
Clearing endpoint 1.........
Gate position gate updated to [ 0 12]--------------c
Trying to moving ion 12... to 1
Ion assignment after moving ion 12: {0: 6, 1: 7, 2: 2, 3: 5, 4: 4, 5: 1, 6: 0, 7: 9}
Executing gate at point (2, 5).
Executing gate at point (3, 5).
Trying to solve brute-force congestion at gate [4, 1] with {0: 6, 1: 7, 2: 2, 3: 5, 4: 4, 5: 1, 6: 0, 7: 9}
Trying to moving ion 4... to 4
Ion assignment after moving ion 4: {0: 6, 1: 7, 2: 2, 3: 5, 4: 4, 5: 1, 6: 0, 7: 9}
Clearing endpoint 5.........
Gate position gate updated to [4 1]--------------c
Trying to moving ion 1... to 5
Ion assignment after moving ion 1: {0: 6, 1: 7, 2: 2, 3: 12, 4: 4, 5: 5, 6: 0, 7: 9}
Executing gate at point (4, 4).
Executing gate at point (5, 4).
Best move: (8, 9)
Best move: (2, 3)
Best move: (2, 3)
Best move: (0, 1)
Best move: (0, 1)
Try bruteforce due to multiple steps (5) to solve one gate
Trying to solve brute-force congestion at gate [0, 8] with {0: 6, 1: 7, 2: 2, 3: 12, 4: 4, 5: 5, 6: 0, 7: 8}
Trying to moving ion 0... to 0
Ion assignment after moving ion 0: {0: 6, 1: 7, 2: 2, 3: 12, 4: 4, 5: 5, 6: 0, 7: 8}
Gate position gate updated to [0 8]--------------c
Trying to moving ion 8... to 1
Ion assignment after moving ion 8: {0: 6, 1: 7, 2: 2, 3: 12, 4: 4, 5: 5, 6: 0, 7: 1}
Executing gate at point (4, 6).
Executing gate at point (5, 6).
Best move: (2, 3)
Best move: (2, 3)
Best move: (2, 3)
Try bruteforce due to repeated pattern...
Trying to solve brute-force congestion at gate [7, 3] with {0: 6, 1: 7, 2: 3, 3: 12, 4: 4, 5: 5, 6: 0, 7: 1}
Trying to moving ion 3... to 2
Ion assignment after moving ion 3: {0: 6, 1: 7, 2: 2, 3: 12, 4: 4, 5: 5, 6: 0, 7: 1}
Gate position gate updated to [2 7]--------------c
Trying to moving ion 7... to 3
Ion assignment after moving ion 7: {0: 6, 1: 3, 2: 2, 3: 8, 4: 4, 5: 5, 6: 0, 7: 1}
Executing gate at point (2, 1).
Executing gate at point (3, 1).
Trying to solve brute-force congestion at gate [2, 8] with {0: 6, 1: 3, 2: 2, 3: 8, 4: 4, 5: 5, 6: 0, 7: 1}
Trying to moving ion 2... to 2
Ion assignment after moving ion 2: {0: 6, 1: 3, 2: 2, 3: 8, 4: 4, 5: 5, 6: 0, 7: 1}
Clearing endpoint 3.........
Gate position gate updated to [2 8]--------------c
Trying to moving ion 8... to 3
Ion assignment after moving ion 8: {0: 6, 1: 10, 2: 2, 3: 3, 4: 4, 5: 5, 6: 0, 7: 1}
Executing gate at point (4, 2).
Executing gate at point (5, 2).
Trying to solve brute-force congestion at gate [6, 10] with {0: 6, 1: 10, 2: 2, 3: 3, 4: 4, 5: 5, 6: 0, 7: 1}
Trying to moving ion 6... to 6
Ion assignment after moving ion 6: {0: 6, 1: 10, 2: 2, 3: 3, 4: 4, 5: 5, 6: 0, 7: 1}
Gate position gate updated to [ 6 10]--------------c
Trying to moving ion 10... to 7
Ion assignment after moving ion 10: {0: 6, 1: 7, 2: 2, 3: 3, 4: 4, 5: 5, 6: 0, 7: 1}
Executing gate at point (4, 0).
Executing gate at point (5, 0).
Trying to solve brute-force congestion at gate [7, 2] with {0: 6, 1: 7, 2: 2, 3: 3, 4: 4, 5: 5, 6: 0, 7: 1}
Trying to moving ion 2... to 2
Ion assignment after moving ion 2: {0: 6, 1: 7, 2: 2, 3: 3, 4: 4, 5: 5, 6: 0, 7: 1}
Clearing endpoint 3.........
Gate position gate updated to [2 7]--------------c
Trying to moving ion 7... to 3
Ion assignment after moving ion 7: {0: 6, 1: 3, 2: 2, 3: 8, 4: 4, 5: 5, 6: 0, 7: 1}
Executing gate at point (6, 1).
Executing gate at point (7, 1).
Trying to solve brute-force congestion at gate [8, 4] with {0: 6, 1: 3, 2: 2, 3: 8, 4: 4, 5: 5, 6: 0, 7: 1}
Trying to moving ion 4... to 4
Ion assignment after moving ion 4: {0: 6, 1: 3, 2: 2, 3: 8, 4: 4, 5: 5, 6: 0, 7: 1}
Clearing endpoint 5.........
Gate position gate updated to [4 8]--------------c
Trying to moving ion 8... to 5
Ion assignment after moving ion 8: {0: 6, 1: 3, 2: 2, 3: 5, 4: 4, 5: 12, 6: 0, 7: 1}
Executing gate at point (6, 3).
Executing gate at point (7, 3).
Trying to solve brute-force congestion at gate [2, 5] with {0: 6, 1: 3, 2: 2, 3: 5, 4: 4, 5: 12, 6: 0, 7: 1}
Trying to moving ion 2... to 2
Ion assignment after moving ion 2: {0: 6, 1: 3, 2: 2, 3: 5, 4: 4, 5: 12, 6: 0, 7: 1}
Clearing endpoint 3.........
Gate position gate updated to [2 5]--------------c
Trying to moving ion 5... to 3
Ion assignment after moving ion 5: {0: 6, 1: 8, 2: 2, 3: 3, 4: 4, 5: 12, 6: 0, 7: 1}
Executing gate at point (8, 2).
Executing gate at point (9, 2).
Trying to solve brute-force congestion at gate [12, 0] with {0: 6, 1: 8, 2: 2, 3: 3, 4: 4, 5: 12, 6: 0, 7: 1}
Trying to moving ion 0... to 0
Ion assignment after moving ion 0: {0: 6, 1: 8, 2: 2, 3: 3, 4: 4, 5: 12, 6: 0, 7: 1}
Clearing endpoint 1.........
Gate position gate updated to [ 0 12]--------------c
Trying to moving ion 12... to 1
Ion assignment after moving ion 12: {0: 6, 1: 11, 2: 2, 3: 3, 4: 4, 5: 1, 6: 0, 7: 9}
Executing gate at point (6, 5).
Executing gate at point (7, 5).
Best move: (1, 8)
Best move: (8, 10)
Best move: (10, 12)
Best move: (10, 12)
Best move: (10, 12)
Try bruteforce due to multiple steps (5) to solve one gate
Trying to solve brute-force congestion at gate [4, 12] with {0: 6, 1: 11, 2: 2, 3: 3, 4: 4, 5: 12, 6: 0, 7: 9}
Trying to moving ion 4... to 4
Ion assignment after moving ion 4: {0: 6, 1: 11, 2: 2, 3: 3, 4: 4, 5: 12, 6: 0, 7: 9}
Gate position gate updated to [ 4 12]--------------c
Trying to moving ion 12... to 5
Ion assignment after moving ion 12: {0: 6, 1: 10, 2: 2, 3: 3, 4: 4, 5: 5, 6: 0, 7: 9}
Executing gate at point (8, 4).
Executing gate at point (9, 4).
Best move: (8, 9)
Best move: (0, 1)
Best move: (0, 1)
Best move: (1, 8)
Executing gate at point (8, 6).
Executing gate at point (9, 6).
Trying to solve brute-force congestion at gate [5, 0] with {0: 6, 1: 10, 2: 2, 3: 3, 4: 4, 5: 5, 6: 0, 7: 1}
Trying to moving ion 0... to 0
Ion assignment after moving ion 0: {0: 6, 1: 10, 2: 2, 3: 3, 4: 4, 5: 5, 6: 0, 7: 1}
Clearing endpoint 1.........
Gate position gate updated to [0 5]--------------c
Trying to moving ion 5... to 1
Ion assignment after moving ion 5: {0: 6, 1: 12, 2: 2, 3: 3, 4: 4, 5: 1, 6: 0, 7: 9}
Executing gate at point (10, 5).
Executing gate at point (11, 5).
Trying to solve brute-force congestion at gate [0, 9] with {0: 6, 1: 12, 2: 2, 3: 3, 4: 4, 5: 1, 6: 0, 7: 9}
Trying to moving ion 0... to 0
Ion assignment after moving ion 0: {0: 6, 1: 12, 2: 2, 3: 3, 4: 4, 5: 1, 6: 0, 7: 9}
Clearing endpoint 1.........
Gate position gate updated to [0 9]--------------c
Trying to moving ion 9... to 1
Ion assignment after moving ion 9: {0: 6, 1: 12, 2: 2, 3: 3, 4: 4, 5: 10, 6: 0, 7: 1}
Executing gate at point (12, 6).
Executing gate at point (13, 6).
Best move: (3, 9)
Best move: (7, 12)
Executing gate at point (8, 0).
Executing gate at point (9, 0).
Best move: (7, 12)
Best move: (11, 12)
Best move: (11, 12)
Best move: (11, 12)
Try bruteforce due to repeated pattern...
Trying to solve brute-force congestion at gate [11, 2] with {0: 6, 1: 11, 2: 2, 3: 9, 4: 4, 5: 10, 6: 0, 7: 1}
Trying to moving ion 2... to 2
Ion assignment after moving ion 2: {0: 6, 1: 11, 2: 2, 3: 9, 4: 4, 5: 10, 6: 0, 7: 1}
Gate position gate updated to [ 2 11]--------------c
Trying to moving ion 11... to 3
Ion assignment after moving ion 11: {0: 6, 1: 3, 2: 2, 3: 8, 4: 4, 5: 12, 6: 0, 7: 1}
Executing gate at point (10, 1).
Executing gate at point (11, 1).
Best move: (3, 9)
Best move: (9, 10)
Best move: (6, 7)
Best move: (6, 7)
Best move: (10, 11)
Try bruteforce due to multiple steps (5) to solve one gate
Trying to solve brute-force congestion at gate [6, 11] with {0: 6, 1: 11, 2: 2, 3: 8, 4: 4, 5: 12, 6: 0, 7: 1}
Trying to moving ion 6... to 6
Ion assignment after moving ion 6: {0: 6, 1: 11, 2: 2, 3: 8, 4: 4, 5: 12, 6: 0, 7: 1}
Gate position gate updated to [ 6 11]--------------c
Trying to moving ion 11... to 7
Ion assignment after moving ion 11: {0: 6, 1: 7, 2: 2, 3: 8, 4: 4, 5: 10, 6: 0, 7: 1}
Executing gate at point (12, 0).
Executing gate at point (13, 0).
Best move: (8, 9)
Best move: (8, 9)
Best move: (8, 9)
Try bruteforce due to repeated pattern...
Trying to solve brute-force congestion at gate [9, 4] with {0: 6, 1: 7, 2: 2, 3: 9, 4: 4, 5: 10, 6: 0, 7: 1}
Trying to moving ion 4... to 4
Ion assignment after moving ion 4: {0: 6, 1: 7, 2: 2, 3: 9, 4: 4, 5: 10, 6: 0, 7: 1}
Gate position gate updated to [4 9]--------------c
Trying to moving ion 9... to 5
Ion assignment after moving ion 9: {0: 6, 1: 7, 2: 2, 3: 5, 4: 4, 5: 12, 6: 0, 7: 1}
Executing gate at point (10, 3).
Executing gate at point (11, 3).
Trying to solve brute-force congestion at gate [4, 12] with {0: 6, 1: 7, 2: 2, 3: 5, 4: 4, 5: 12, 6: 0, 7: 1}
Trying to moving ion 4... to 4
Ion assignment after moving ion 4: {0: 6, 1: 7, 2: 2, 3: 5, 4: 4, 5: 12, 6: 0, 7: 1}Input filename:  TFXY_wsq_n8_s100_compiled
Algorithm:  SHAW
Trap type:  H
Trap capacity:  2
Num layout passes:  2
Gate type:  FM
Run index:  9
Creating a QCCD machine ...
QCCD physical machine:
### Traps ### 
Trap(id='trap_0', max_num_ions=2, initial_num_ions=0, executable=True, measureable=False)
Trap(id='trap_1', max_num_ions=2, initial_num_ions=0, executable=True, measureable=True)
Trap(id='trap_2', max_num_ions=2, initial_num_ions=0, executable=True, measureable=False)
Trap(id='trap_3', max_num_ions=2, initial_num_ions=0, executable=True, measureable=True)
### Junctions ### 
Junction(id='junction_0')
Junction(id='junction_1')
### Segments ### 
Segment(id='segment_0', left=Trap(id='trap_0', max_num_ions=2, initial_num_ions=0, executable=True, measureable=False), right=Junction(id='junction_0'))
Segment(id='segment_1', left=Trap(id='trap_1', max_num_ions=2, initial_num_ions=0, executable=True, measureable=True), right=Junction(id='junction_0'))
Segment(id='segment_2', left=Junction(id='junction_0'), right=Junction(id='junction_1'))
Segment(id='segment_3', left=Trap(id='trap_2', max_num_ions=2, initial_num_ions=0, executable=True, measureable=False), right=Junction(id='junction_1'))
Segment(id='segment_4', left=Trap(id='trap_3', max_num_ions=2, initial_num_ions=0, executable=True, measureable=True), right=Junction(id='junction_1'))
Finished creating the QCCD physical machine.
Position graph:  CouplingGraph({(0, 1), (9, 10), (10, 11), (5, 11), (1, 8), (8, 10), (2, 3), (6, 7), (4, 5), (8, 9), (3, 9), (7, 12), (11, 12), (10, 12)})
Initial ion assignment:  {0: 0, 1: 7, 2: 1, 3: 2, 4: 6, 5: 4, 6: 3, 7: 5}
Congestion rate:  0.5
Scheduling QCCD: 11840.000000000002 us, costing 2.5998033999931067 s to compile
0.011840000000000002
2.5998033999931067
{0: 6, 1: 7, 2: 2, 3: 3, 4: 4, 5: 5, 6: 0, 7: 1}
[0, 1, 2, 3, 4, 5, 6, 7]
