Executing gate at point (0, 6).
Trying to solve brute-force congestion at gate [4, 0] with {0: 1, 1: 7, 2: 5, 3: 4, 4: 0, 5: 6, 6: 3, 7: 2}
Trying to moving ion 0... to 0
Ion assignment after moving ion 0: {0: 1, 1: 7, 2: 5, 3: 4, 4: 0, 5: 6, 6: 3, 7: 2}
Clearing endpoint 1.........
Gate position gate updated to [0 4]--------------c
Trying to moving ion 4... to 1
Ion assignment after moving ion 4: {0: 9, 1: 7, 2: 4, 3: 1, 4: 0, 5: 6, 6: 3, 7: 2}
Executing gate at point (0, 3).
Trying to solve brute-force congestion at gate [4, 1] with {0: 9, 1: 7, 2: 4, 3: 1, 4: 0, 5: 6, 6: 3, 7: 2}
Trying to moving ion 4... to 4
Ion assignment after moving ion 4: {0: 9, 1: 7, 2: 4, 3: 1, 4: 0, 5: 6, 6: 3, 7: 2}
Gate position gate updated to [4 1]--------------c
Trying to moving ion 1... to 5
Ion assignment after moving ion 1: {0: 9, 1: 7, 2: 4, 3: 5, 4: 0, 5: 6, 6: 3, 7: 2}
Executing gate at point (1, 2).
Trying to solve brute-force congestion at gate [7, 4] with {0: 9, 1: 7, 2: 4, 3: 5, 4: 0, 5: 6, 6: 3, 7: 2}
Trying to moving ion 4... to 4
Ion assignment after moving ion 4: {0: 9, 1: 7, 2: 4, 3: 5, 4: 0, 5: 6, 6: 3, 7: 2}
Clearing endpoint 5.........
Gate position gate updated to [4 7]--------------c
Trying to moving ion 7... to 5
Ion assignment after moving ion 7: {0: 9, 1: 5, 2: 4, 3: 10, 4: 0, 5: 6, 6: 3, 7: 2}
Executing gate at point (2, 1).
Trying to solve brute-force congestion at gate [9, 5] with {0: 9, 1: 5, 2: 4, 3: 10, 4: 0, 5: 6, 6: 3, 7: 2}
Trying to moving ion 5... to 4
Ion assignment after moving ion 5: {0: 9, 1: 4, 2: 5, 3: 10, 4: 0, 5: 6, 6: 3, 7: 2}
Clearing endpoint 5.........
Gate position gate updated to [4 9]--------------c
Trying to moving ion 9... to 5
Ion assignment after moving ion 9: {0: 5, 1: 4, 2: 12, 3: 8, 4: 0, 5: 6, 6: 3, 7: 2}
Executing gate at point (3, 0).
Best move: (3, 9)
Best move: (9, 10)
Best move: (10, 11)
Best move: (10, 11)
Best move: (10, 11)
Try bruteforce due to multiple steps (5) to solve one gate
Trying to solve brute-force congestion at gate [6, 11] with {0: 5, 1: 4, 2: 12, 3: 8, 4: 0, 5: 6, 6: 11, 7: 2}
Trying to moving ion 6... to 6
Ion assignment after moving ion 6: {0: 5, 1: 4, 2: 12, 3: 8, 4: 0, 5: 6, 6: 11, 7: 2}
Gate position gate updated to [ 6 11]--------------c
Trying to moving ion 11... to 7
Ion assignment after moving ion 11: {0: 5, 1: 4, 2: 10, 3: 8, 4: 0, 5: 6, 6: 7, 7: 2}
Executing gate at point (1, 5).
Best move: (6, 7)
Best move: (7, 12)
Best move: (11, 12)
Best move: (11, 12)
Try bruteforce due to repeated pattern...
Trying to solve brute-force congestion at gate [0, 12] with {0: 5, 1: 4, 2: 10, 3: 8, 4: 0, 5: 12, 6: 6, 7: 2}
Trying to moving ion 0... to 0
Ion assignment after moving ion 0: {0: 5, 1: 4, 2: 10, 3: 8, 4: 0, 5: 12, 6: 6, 7: 2}
Gate position gate updated to [ 0 12]--------------c
Trying to moving ion 12... to 1
Ion assignment after moving ion 12: {0: 5, 1: 4, 2: 3, 3: 9, 4: 0, 5: 1, 6: 6, 7: 2}
Executing gate at point (2, 4).
Trying to solve brute-force congestion at gate [9, 0] with {0: 5, 1: 4, 2: 3, 3: 9, 4: 0, 5: 1, 6: 6, 7: 2}
Trying to moving ion 0... to 0
Ion assignment after moving ion 0: {0: 5, 1: 4, 2: 3, 3: 9, 4: 0, 5: 1, 6: 6, 7: 2}
Clearing endpoint 1.........
Gate position gate updated to [0 9]--------------c
Trying to moving ion 9... to 1
Ion assignment after moving ion 9: {0: 5, 1: 4, 2: 3, 3: 1, 4: 0, 5: 10, 6: 6, 7: 2}
Executing gate at point (3, 3).
Trying to solve brute-force congestion at gate [3, 1] with {0: 5, 1: 4, 2: 3, 3: 1, 4: 0, 5: 10, 6: 6, 7: 2}
Trying to moving ion 1... to 0
Ion assignment after moving ion 1: {0: 5, 1: 4, 2: 3, 3: 0, 4: 1, 5: 10, 6: 6, 7: 2}
Clearing endpoint 1.........
Gate position gate updated to [0 3]--------------c
Trying to moving ion 3... to 1
Ion assignment after moving ion 3: {0: 5, 1: 4, 2: 1, 3: 0, 4: 10, 5: 12, 6: 6, 7: 2}
Executing gate at point (4, 2).
Trying to solve brute-force congestion at gate [4, 1] with {0: 5, 1: 4, 2: 1, 3: 0, 4: 10, 5: 12, 6: 6, 7: 2}
Trying to moving ion 4... to 4
Ion assignment after moving ion 4: {0: 5, 1: 4, 2: 1, 3: 0, 4: 10, 5: 12, 6: 6, 7: 2}
Clearing endpoint 5.........
Gate position gate updated to [4 1]--------------c
Trying to moving ion 1... to 5
Ion assignment after moving ion 1: {0: 12, 1: 4, 2: 5, 3: 0, 4: 9, 5: 7, 6: 6, 7: 2}
Executing gate at point (5, 1).
Executing gate at point (3, 5).
Trying to solve brute-force congestion at gate [9, 7] with {0: 12, 1: 4, 2: 5, 3: 0, 4: 9, 5: 7, 6: 6, 7: 2}
Trying to moving ion 7... to 6
Ion assignment after moving ion 7: {0: 12, 1: 4, 2: 5, 3: 0, 4: 9, 5: 6, 6: 7, 7: 2}
Clearing endpoint 7.........
Gate position gate updated to [6 9]--------------c
Trying to moving ion 9... to 7
Ion assignment after moving ion 9: {0: 8, 1: 4, 2: 5, 3: 0, 4: 7, 5: 6, 6: 11, 7: 2}
Executing gate at point (4, 4).
Best move: (7, 12)
Best move: (10, 12)
Best move: (9, 10)
Best move: (9, 10)
Best move: (9, 10)
Try bruteforce due to multiple steps (5) to solve one gate
Trying to solve brute-force congestion at gate [0, 9] with {0: 8, 1: 4, 2: 5, 3: 0, 4: 9, 5: 6, 6: 11, 7: 2}
Trying to moving ion 0... to 0
Ion assignment after moving ion 0: {0: 8, 1: 4, 2: 5, 3: 0, 4: 9, 5: 6, 6: 11, 7: 2}
Gate position gate updated to [0 9]--------------c
Trying to moving ion 9... to 1
Ion assignment after moving ion 9: {0: 10, 1: 4, 2: 5, 3: 0, 4: 1, 5: 6, 6: 11, 7: 2}
Executing gate at point (5, 3).
Best move: (11, 12)
Best move: (11, 12)
Best move: (11, 12)
Try bruteforce due to repeated pattern...
Trying to solve brute-force congestion at gate [12, 2] with {0: 10, 1: 4, 2: 5, 3: 0, 4: 1, 5: 6, 6: 12, 7: 2}
Trying to moving ion 2... to 2
Ion assignment after moving ion 2: {0: 10, 1: 4, 2: 5, 3: 0, 4: 1, 5: 6, 6: 12, 7: 2}
Gate position gate updated to [ 2 12]--------------c
Trying to moving ion 12... to 3
Ion assignment after moving ion 12: {0: 8, 1: 4, 2: 5, 3: 0, 4: 1, 5: 6, 6: 3, 7: 2}
Executing gate at point (4, 6).
Best move: (3, 9)
Best move: (9, 10)
Best move: (10, 12)
Best move: (7, 12)
Executing gate at point (5, 5).
Trying to solve brute-force congestion at gate [1, 6] with {0: 8, 1: 4, 2: 5, 3: 0, 4: 1, 5: 6, 6: 7, 7: 2}
Trying to moving ion 6... to 6
Ion assignment after moving ion 6: {0: 8, 1: 4, 2: 5, 3: 0, 4: 1, 5: 6, 6: 7, 7: 2}
Clearing endpoint 7.........
Gate position gate updated to [6 1]--------------c
Trying to moving ion 1... to 7
Ion assignment after moving ion 1: {0: 9, 1: 4, 2: 5, 3: 0, 4: 7, 5: 6, 6: 11, 7: 2}
Trying to solve brute-force congestion at gate [11, 2] with {0: 9, 1: 4, 2: 5, 3: 0, 4: 7, 5: 6, 6: 11, 7: 2}
Trying to moving ion 2... to 2
Ion assignment after moving ion 2: {0: 9, 1: 4, 2: 5, 3: 0, 4: 7, 5: 6, 6: 11, 7: 2}
Gate position gate updated to [ 2 11]--------------c
Trying to moving ion 11... to 3
Ion assignment after moving ion 11: {0: 8, 1: 4, 2: 5, 3: 0, 4: 7, 5: 6, 6: 3, 7: 2}
Trying to solve brute-force congestion at gate [6, 3] with {0: 8, 1: 4, 2: 5, 3: 0, 4: 7, 5: 6, 6: 3, 7: 2}
Trying to moving ion 6... to 6
Ion assignment after moving ion 6: {0: 8, 1: 4, 2: 5, 3: 0, 4: 7, 5: 6, 6: 3, 7: 2}
Clearing endpoint 7.........
Gate position gate updated to [6 3]--------------c
Trying to moving ion 3... to 7
Ion assignment after moving ion 3: {0: 8, 1: 4, 2: 5, 3: 0, 4: 11, 5: 6, 6: 7, 7: 2}
Trying to solve brute-force congestion at gate [5, 0] with {0: 8, 1: 4, 2: 5, 3: 0, 4: 11, 5: 6, 6: 7, 7: 2}
Trying to moving ion 0... to 0
Ion assignment after moving ion 0: {0: 8, 1: 4, 2: 5, 3: 0, 4: 11, 5: 6, 6: 7, 7: 2}
Gate position gate updated to [0 5]--------------c
Trying to moving ion 5... to 1
Ion assignment after moving ion 5: {0: 9, 1: 4, 2: 1, 3: 0, 4: 3, 5: 6, 6: 7, 7: 2}
Trying to solve brute-force congestion at gate [0, 3] with {0: 9, 1: 4, 2: 1, 3: 0, 4: 3, 5: 6, 6: 7, 7: 2}
Trying to moving ion 0... to 0
Ion assignment after moving ion 0: {0: 9, 1: 4, 2: 1, 3: 0, 4: 3, 5: 6, 6: 7, 7: 2}
Clearing endpoint 1.........
Gate position gate updated to [0 3]--------------c
Trying to moving ion 3... to 1
Ion assignment after moving ion 3: {0: 11, 1: 4, 2: 10, 3: 0, 4: 1, 5: 6, 6: 7, 7: 2}
Trying to solve brute-force congestion at gate [1, 6] with {0: 11, 1: 4, 2: 10, 3: 0, 4: 1, 5: 6, 6: 7, 7: 2}
Trying to moving ion 6... to 6
Ion assignment after moving ion 6: {0: 11, 1: 4, 2: 10, 3: 0, 4: 1, 5: 6, 6: 7, 7: 2}
Clearing endpoint 7.........
Gate position gate updated to [6 1]--------------c
Trying to moving ion 1... to 7
Ion assignment after moving ion 1: {0: 5, 1: 4, 2: 9, 3: 0, 4: 7, 5: 6, 6: 11, 7: 2}
Trying to solve brute-force congestion at gate [6, 11] with {0: 5, 1: 4, 2: 9, 3: 0, 4: 7, 5: 6, 6: 11, 7: 2}
Trying to moving ion 6... to 6
Ion assignment after moving ion 6: {0: 5, 1: 4, 2: 9, 3: 0, 4: 7, 5: 6, 6: 11, 7: 2}
Clearing endpoint 7.........
Gate position gate updated to [ 6 11]--------------c
Trying to moving ion 11... to 7
Ion assignment after moving ion 11: {0: 5, 1: 4, 2: 9, 3: 0, 4: 10, 5: 6, 6: 7, 7: 2}
Trying to solve brute-force congestion at gate [4, 9] with {0: 5, 1: 4, 2: 9, 3: 0, 4: 10, 5: 6, 6: 7, 7: 2}
Trying to moving ion 4... to 4
Ion assignment after moving ion 4: {0: 5, 1: 4, 2: 9, 3: 0, 4: 10, 5: 6, 6: 7, 7: 2}
Clearing endpoint 5.........
Gate position gate updated to [4 9]--------------c
Trying to moving ion 9... to 5
Ion assignment after moving ion 9: {0: 12, 1: 4, 2: 5, 3: 0, 4: 8, 5: 6, 6: 7, 7: 2}
Trying to solve brute-force congestion at gate [5, 0] with {0: 12, 1: 4, 2: 5, 3: 0, 4: 8, 5: 6, 6: 7, 7: 2}
Trying to moving ion 0... to 0
Ion assignment after moving ion 0: {0: 12, 1: 4, 2: 5, 3: 0, 4: 8, 5: 6, 6: 7, 7: 2}
Gate position gate updated to [0 5]--------------c
Trying to moving ion 5... to 1
Ion assignment after moving ion 5: {0: 12, 1: 4, 2: 1, 3: 0, 4: 9, 5: 6, 6: 7, 7: 2}
Trying to solve brute-force congestion at gate [0, 9] with {0: 12, 1: 4, 2: 1, 3: 0, 4: 9, 5: 6, 6: 7, 7: 2}
Trying to moving ion 0... to 0
Ion assignment after moving ion 0: {0: 12, 1: 4, 2: 1, 3: 0, 4: 9, 5: 6, 6: 7, 7: 2}
Clearing endpoint 1.........
Gate position gate updated to [0 9]--------------c
Trying to moving ion 9... to 1
Ion assignment after moving ion 9: {0: 12, 1: 4, 2: 10, 3: 0, 4: 1, 5: 6, 6: 7, 7: 2}
Trying to solve brute-force congestion at gate [7, 2] with {0: 12, 1: 4, 2: 10, 3: 0, 4: 1, 5: 6, 6: 7, 7: 2}
Trying to moving ion 2... to 2
Ion assignment after moving ion 2: {0: 12, 1: 4, 2: 10, 3: 0, 4: 1, 5: 6, 6: 7, 7: 2}
Gate position gate updated to [2 7]--------------c
Trying to moving ion 7... to 3
Ion assignment after moving ion 7: {0: 11, 1: 4, 2: 8, 3: 0, 4: 1, 5: 6, 6: 3, 7: 2}
Executing gate at point (0, 3).
Executing gate at point (0, 6).
Trying to solve brute-force congestion at gate [8, 0] with {0: 11, 1: 4, 2: 8, 3: 0, 4: 1, 5: 6, 6: 3, 7: 2}
Trying to moving ion 0... to 0
Ion assignment after moving ion 0: {0: 11, 1: 4, 2: 8, 3: 0, 4: 1, 5: 6, 6: 3, 7: 2}
Clearing endpoint 1.........
Gate position gate updated to [ 0 10]--------------c
Trying to moving ion 10... to 1
Ion assignment after moving ion 10: {0: 11, 1: 4, 2: 1, 3: 0, 4: 9, 5: 6, 6: 3, 7: 2}
Executing gate at point (1, 2).
Best move: (1, 8)
Best move: (8, 10)
Best move: (10, 12)
Best move: (10, 12)
Best move: (10, 12)
Try bruteforce due to multiple steps (5) to solve one gate
Trying to solve brute-force congestion at gate [4, 12] with {0: 11, 1: 4, 2: 12, 3: 0, 4: 9, 5: 6, 6: 3, 7: 2}
Trying to moving ion 4... to 4
Ion assignment after moving ion 4: {0: 11, 1: 4, 2: 12, 3: 0, 4: 9, 5: 6, 6: 3, 7: 2}
Gate position gate updated to [ 4 12]--------------c
Trying to moving ion 12... to 5
Ion assignment after moving ion 12: {0: 10, 1: 4, 2: 5, 3: 0, 4: 9, 5: 6, 6: 3, 7: 2}
Executing gate at point (2, 1).
Trying to solve brute-force congestion at gate [10, 4] with {0: 10, 1: 4, 2: 5, 3: 0, 4: 9, 5: 6, 6: 3, 7: 2}
Trying to moving ion 4... to 4
Ion assignment after moving ion 4: {0: 10, 1: 4, 2: 5, 3: 0, 4: 9, 5: 6, 6: 3, 7: 2}
Clearing endpoint 5.........
Gate position gate updated to [ 4 10]--------------c
Trying to moving ion 10... to 5
Ion assignment after moving ion 10: {0: 5, 1: 4, 2: 12, 3: 0, 4: 9, 5: 6, 6: 3, 7: 2}
Executing gate at point (3, 0).
Best move: (6, 7)
Best move: (6, 7)
Best move: (6, 7)
Try bruteforce due to repeated pattern...
Trying to solve brute-force congestion at gate [7, 3] with {0: 5, 1: 4, 2: 12, 3: 0, 4: 9, 5: 7, 6: 3, 7: 2}
Trying to moving ion 7... to 6
Ion assignment after moving ion 7: {0: 5, 1: 4, 2: 12, 3: 0, 4: 9, 5: 6, 6: 3, 7: 2}
Gate position gate updated to [6 3]--------------c
Trying to moving ion 3... to 7
Ion assignment after moving ion 3: {0: 5, 1: 4, 2: 11, 3: 0, 4: 8, 5: 6, 6: 7, 7: 2}
Executing gate at point (1, 5).
Trying to solve brute-force congestion at gate [8, 6] with {0: 5, 1: 4, 2: 11, 3: 0, 4: 8, 5: 6, 6: 7, 7: 2}
Trying to moving ion 6... to 6
Ion assignment after moving ion 6: {0: 5, 1: 4, 2: 11, 3: 0, 4: 8, 5: 6, 6: 7, 7: 2}
Clearing endpoint 7.........
Gate position gate updated to [6 8]--------------c
Trying to moving ion 8... to 7
Ion assignment after moving ion 8: {0: 5, 1: 4, 2: 11, 3: 0, 4: 7, 5: 6, 6: 8, 7: 2}
Executing gate at point (2, 4).
Best move: (7, 12)
Trying to solve brute-force congestion at gate [0, 12] with {0: 5, 1: 4, 2: 11, 3: 0, 4: 12, 5: 6, 6: 8, 7: 2}
Trying to moving ion 0... to 0
Ion assignment after moving ion 0: {0: 5, 1: 4, 2: 11, 3: 0, 4: 12, 5: 6, 6: 8, 7: 2}
Gate position gate updated to [ 0 12]--------------c
Trying to moving ion 12... to 1
Ion assignment after moving ion 12: {0: 5, 1: 4, 2: 11, 3: 0, 4: 1, 5: 6, 6: 9, 7: 2}
Executing gate at point (3, 3).
Trying to solve brute-force congestion at gate [11, 0] with {0: 5, 1: 4, 2: 11, 3: 0, 4: 1, 5: 6, 6: 9, 7: 2}
Trying to moving ion 0... to 0
Ion assignment after moving ion 0: {0: 5, 1: 4, 2: 11, 3: 0, 4: 1, 5: 6, 6: 9, 7: 2}
Clearing endpoint 1.........
Gate position gate updated to [ 0 11]--------------c
Trying to moving ion 11... to 1
Ion assignment after moving ion 11: {0: 5, 1: 4, 2: 1, 3: 0, 4: 9, 5: 6, 6: 3, 7: 2}
Executing gate at point (4, 2).
Trying to solve brute-force congestion at gate [4, 1] with {0: 5, 1: 4, 2: 1, 3: 0, 4: 9, 5: 6, 6: 3, 7: 2}
Trying to moving ion 4... to 4
Ion assignment after moving ion 4: {0: 5, 1: 4, 2: 1, 3: 0, 4: 9, 5: 6, 6: 3, 7: 2}
Clearing endpoint 5.........
Gate position gate updated to [4 1]--------------c
Trying to moving ion 1... to 5
Ion assignment after moving ion 1: {0: 12, 1: 4, 2: 5, 3: 0, 4: 9, 5: 6, 6: 3, 7: 2}
Executing gate at point (5, 1).
Best move: (6, 7)
Best move: (6, 7)
Best move: (6, 7)
Try bruteforce due to repeated pattern...
Trying to solve brute-force congestion at gate [7, 3] with {0: 12, 1: 4, 2: 5, 3: 0, 4: 9, 5: 7, 6: 3, 7: 2}
Trying to moving ion 7... to 6
Ion assignment after moving ion 7: {0: 12, 1: 4, 2: 5, 3: 0, 4: 9, 5: 6, 6: 3, 7: 2}
Gate position gate updated to [6 3]--------------c
Trying to moving ion 3... to 7
Ion assignment after moving ion 3: {0: 11, 1: 4, 2: 5, 3: 0, 4: 8, 5: 6, 6: 7, 7: 2}
Executing gate at point (3, 5).
Best move: (7, 12)
Best move: (8, 10)
Best move: (6, 7)
Best move: (6, 7)
Best move: (6, 7)
Try bruteforce due to multiple steps (5) to solve one gate
Trying to solve brute-force congestion at gate [10, 7] with {0: 11, 1: 4, 2: 5, 3: 0, 4: 10, 5: 7, 6: 12, 7: 2}
Trying to moving ion 7... to 6
Ion assignment after moving ion 7: {0: 11, 1: 4, 2: 5, 3: 0, 4: 10, 5: 6, 6: 12, 7: 2}
Gate position gate updated to [ 6 10]--------------c
Trying to moving ion 10... to 7
Ion assignment after moving ion 10: {0: 11, 1: 4, 2: 5, 3: 0, 4: 7, 5: 6, 6: 8, 7: 2}
Executing gate at point (4, 4).
Best move: (7, 12)
Best move: (10, 12)
Best move: (9, 10)
Best move: (9, 10)
Try bruteforce due to repeated pattern...
Trying to solve brute-force congestion at gate [0, 10] with {0: 11, 1: 4, 2: 5, 3: 0, 4: 10, 5: 6, 6: 8, 7: 2}
Trying to moving ion 0... to 0
Ion assignment after moving ion 0: {0: 11, 1: 4, 2: 5, 3: 0, 4: 10, 5: 6, 6: 8, 7: 2}
Gate position gate updated to [ 0 10]--------------c
Trying to moving ion 10... to 1
Ion assignment after moving ion 10: {0: 11, 1: 4, 2: 5, 3: 0, 4: 1, 5: 6, 6: 9, 7: 2}
Executing gate at point (5, 3).
Best move: (3, 9)
Executing gate at point (4, 6).
Best move: (3, 9)
Best move: (9, 10)
Best move: (10, 12)
Best move: (7, 12)
Executing gate at point (5, 5).
Trying to solve brute-force congestion at gate [1, 6] with {0: 11, 1: 4, 2: 5, 3: 0, 4: 1, 5: 6, 6: 7, 7: 2}
Trying to moving ion 6... to 6
Ion assignment after moving ion 6: {0: 11, 1: 4, 2: 5, 3: 0, 4: 1, 5: 6, 6: 7, 7: 2}
Clearing endpoint 7.........
Gate position gate updated to [6 1]--------------c
Trying to moving ion 1... to 7
Ion assignment after moving ion 1: {0: 11, 1: 4, 2: 5, 3: 0, 4: 7, 5: 6, 6: 8, 7: 2}
Trying to solve brute-force congestion at gate [8, 2] with {0: 11, 1: 4, 2: 5, 3: 0, 4: 7, 5: 6, 6: 8, 7: 2}
Trying to moving ion 2... to 2
Ion assignment after moving ion 2: {0: 11, 1: 4, 2: 5, 3: 0, 4: 7, 5: 6, 6: 8, 7: 2}
Gate position gate updated to [2 8]--------------c
Trying to moving ion 8... to 3
Ion assignment after moving ion 8: {0: 11, 1: 4, 2: 5, 3: 0, 4: 7, 5: 6, 6: 3, 7: 2}
Trying to solve brute-force congestion at gate [6, 3] with {0: 11, 1: 4, 2: 5, 3: 0, 4: 7, 5: 6, 6: 3, 7: 2}
Trying to moving ion 6... to 6
Ion assignment after moving ion 6: {0: 11, 1: 4, 2: 5, 3: 0, 4: 7, 5: 6, 6: 3, 7: 2}
Clearing endpoint 7.........
Gate position gate updated to [6 3]--------------c
Trying to moving ion 3... to 7
Ion assignment after moving ion 3: {0: 11, 1: 4, 2: 5, 3: 0, 4: 8, 5: 6, 6: 7, 7: 2}
Trying to solve brute-force congestion at gate [5, 0] with {0: 11, 1: 4, 2: 5, 3: 0, 4: 8, 5: 6, 6: 7, 7: 2}
Trying to moving ion 0... to 0
Ion assignment after moving ion 0: {0: 11, 1: 4, 2: 5, 3: 0, 4: 8, 5: 6, 6: 7, 7: 2}
Gate position gate updated to [0 5]--------------c
Trying to moving ion 5... to 1
Ion assignment after moving ion 5: {0: 3, 1: 4, 2: 1, 3: 0, 4: 9, 5: 6, 6: 7, 7: 2}
Trying to solve brute-force congestion at gate [0, 9] with {0: 3, 1: 4, 2: 1, 3: 0, 4: 9, 5: 6, 6: 7, 7: 2}
Trying to moving ion 0... to 0
Ion assignment after moving ion 0: {0: 3, 1: 4, 2: 1, 3: 0, 4: 9, 5: 6, 6: 7, 7: 2}
Clearing endpoint 1.........
Gate position gate updated to [0 9]--------------c
Trying to moving ion 9... to 1
Ion assignment after moving ion 9: {0: 3, 1: 4, 2: 10, 3: 0, 4: 1, 5: 6, 6: 7, 7: 2}
Trying to solve brute-force congestion at gate [1, 6] with {0: 3, 1: 4, 2: 10, 3: 0, 4: 1, 5: 6, 6: 7, 7: 2}
Trying to moving ion 6... to 6
Ion assignment after moving ion 6: {0: 3, 1: 4, 2: 10, 3: 0, 4: 1, 5: 6, 6: 7, 7: 2}
Clearing endpoint 7.........
Gate position gate updated to [6 1]--------------c
Trying to moving ion 1... to 7
Ion assignment after moving ion 1: {0: 3, 1: 4, 2: 5, 3: 0, 4: 7, 5: 6, 6: 11, 7: 2}
Trying to solve brute-force congestion at gate [6, 11] with {0: 3, 1: 4, 2: 5, 3: 0, 4: 7, 5: 6, 6: 11, 7: 2}
Trying to moving ion 6... to 6
Ion assignment after moving ion 6: {0: 3, 1: 4, 2: 5, 3: 0, 4: 7, 5: 6, 6: 11, 7: 2}
Clearing endpoint 7.........
Gate position gate updated to [ 6 11]--------------c
Trying to moving ion 11... to 7
Ion assignment after moving ion 11: {0: 3, 1: 4, 2: 5, 3: 0, 4: 10, 5: 6, 6: 7, 7: 2}
Trying to solve brute-force congestion at gate [7, 2] with {0: 3, 1: 4, 2: 5, 3: 0, 4: 10, 5: 6, 6: 7, 7: 2}
Trying to moving ion 2... to 2
Ion assignment after moving ion 2: {0: 3, 1: 4, 2: 5, 3: 0, 4: 10, 5: 6, 6: 7, 7: 2}
Clearing endpoint 3.........
Gate position gate updated to [2 7]--------------c
Trying to moving ion 7... to 3
Ion assignment after moving ion 7: {0: 8, 1: 4, 2: 5, 3: 0, 4: 1, 5: 6, 6: 3, 7: 2}
Trying to solve brute-force congestion at gate [8, 4] with {0: 8, 1: 4, 2: 5, 3: 0, 4: 1, 5: 6, 6: 3, 7: 2}
Trying to moving ion 4... to 4
Ion assignment after moving ion 4: {0: 8, 1: 4, 2: 5, 3: 0, 4: 1, 5: 6, 6: 3, 7: 2}
Clearing endpoint 5.........
Gate position gate updated to [4 8]--------------c
Trying to moving ion 8... to 5
Ion assignment after moving ion 8: {0: 5, 1: 4, 2: 12, 3: 0, 4: 1, 5: 6, 6: 3, 7: 2}
Trying to solve brute-force congestion at gate [4, 12] with {0: 5, 1: 4, 2: 12, 3: 0, 4: 1, 5: 6, 6: 3, 7: 2}
Trying to moving ion 4... to 4
Ion assignment after moving ion 4: {0: 5, 1: 4, 2: 12, 3: 0, 4: 1, 5: 6, 6: 3, 7: 2}
Clearing endpoint 5.........
Gate position gate updated to [ 4 12]--------------c
Trying to moving ion 12... to 5
Ion assignment after moving ion 12: {0: 10, 1: 4, 2: 5, 3: 0, 4: 1, 5: 6, 6: 3, 7: 2}
Trying to solve brute-force congestion at gate [5, 0] with {0: 10, 1: 4, 2: 5, 3: 0, 4: 1, 5: 6, 6: 3, 7: 2}
Trying to moving ion 0... to 0
Ion assignment after moving ion 0: {0: 10, 1: 4, 2: 5, 3: 0, 4: 1, 5: 6, 6: 3, 7: 2}
Clearing endpoint 1.........
Gate position gate updated to [0 5]--------------c
Trying to moving ion 5... to 1
Ion assignment after moving ion 5: {0: 12, 1: 4, 2: 1, 3: 0, 4: 9, 5: 6, 6: 3, 7: 2}
Trying to solve brute-force congestion at gate [0, 9] with {0: 12, 1: 4, 2: 1, 3: 0, 4: 9, 5: 6, 6: 3, 7: 2}
Trying to moving ion 0... to 0
Ion assignment after moving ion 0: {0: 12, 1: 4, 2: 1, 3: 0, 4: 9, 5: 6, 6: 3, 7: 2}
Clearing endpoint 1.........
Gate position gate updated to [0 9]--------------c
Trying to moving ion 9... to 1
Ion assignment after moving ion 9: {0: 12, 1: 4, 2: 10, 3: 0, 4: 1, 5: 6, 6: 3, 7: 2}
Executing gate at point (0, 3).
Executing gate at point (0, 6).
Trying to solve brute-force congestion at gate [10, 0] with {0: 12, 1: 4, 2: 10, 3: 0, 4: 1, 5: 6, 6: 3, 7: 2}
Trying to moving ion 0... to 0
Ion assignment after moving ion 0: {0: 12, 1: 4, 2: 10, 3: 0, 4: 1, 5: 6, 6: 3, 7: 2}
Clearing endpoint 1.........
Gate position gate updated to [ 0 10]--------------c
Trying to moving ion 10... to 1
Ion assignment after moving ion 10: {0: 12, 1: 4, 2: 1, 3: 0, 4: 9, 5: 6, 6: 3, 7: 2}
Executing gate at point (1, 2).
Best move: (1, 8)
Best move: (8, 10)
Best move: (10, 11)
Best move: (4, 5)
Best move: (4, 5)
Try bruteforce due to multiple steps (5) to solve one gate
Trying to solve brute-force congestion at gate [4, 11] with {0: 12, 1: 4, 2: 11, 3: 0, 4: 9, 5: 6, 6: 3, 7: 2}
Trying to moving ion 4... to 4
Ion assignment after moving ion 4: {0: 12, 1: 4, 2: 11, 3: 0, 4: 9, 5: 6, 6: 3, 7: 2}
Gate position gate updated to [ 4 11]--------------c
Trying to moving ion 11... to 5
Ion assignment after moving ion 11: {0: 12, 1: 4, 2: 5, 3: 0, 4: 9, 5: 6, 6: 3, 7: 2}
Executing gate at point (2, 1).
Trying to solve brute-force congestion at gate [12, 4] with {0: 12, 1: 4, 2: 5, 3: 0, 4: 9, 5: 6, 6: 3, 7: 2}
Trying to moving ion 4... to 4
Ion assignment after moving ion 4: {0: 12, 1: 4, 2: 5, 3: 0, 4: 9, 5: 6, 6: 3, 7: 2}
Clearing endpoint 5.........
Gate position gate updated to [ 4 12]--------------c
Trying to moving ion 12... to 5
Ion assignment after moving ion 12: {0: 5, 1: 4, 2: 10, 3: 0, 4: 9, 5: 6, 6: 3, 7: 2}
Executing gate at point (3, 0).
Best move: (6, 7)
Best move: (6, 7)
Best move: (6, 7)
Try bruteforce due to repeated pattern...
Trying to solve brute-force congestion at gate [7, 3] with {0: 5, 1: 4, 2: 10, 3: 0, 4: 9, 5: 7, 6: 3, 7: 2}
Trying to moving ion 7... to 6
Ion assignment after moving ion 7: {0: 5, 1: 4, 2: 10, 3: 0, 4: 9, 5: 6, 6: 3, 7: 2}
Gate position gate updated to [6 3]--------------c
Trying to moving ion 3... to 7
Ion assignment after moving ion 3: {0: 5, 1: 4, 2: 11, 3: 0, 4: 8, 5: 6, 6: 7, 7: 2}
Executing gate at point (1, 5).
Trying to solve brute-force congestion at gate [8, 6] with {0: 5, 1: 4, 2: 11, 3: 0, 4: 8, 5: 6, 6: 7, 7: 2}
Trying to moving ion 6... to 6
Ion assignment after moving ion 6: {0: 5, 1: 4, 2: 11, 3: 0, 4: 8, 5: 6, 6: 7, 7: 2}
Clearing endpoint 7.........
Gate position gate updated to [6 8]--------------c
Trying to moving ion 8... to 7
Ion assignment after moving ion 8: {0: 5, 1: 4, 2: 11, 3: 0, 4: 7, 5: 6, 6: 8, 7: 2}
Executing gate at point (2, 4).
Best move: (7, 12)
Trying to solve brute-force congestion at gate [0, 12] with {0: 5, 1: 4, 2: 11, 3: 0, 4: 12, 5: 6, 6: 8, 7: 2}
Trying to moving ion 0... to 0
Ion assignment after moving ion 0: {0: 5, 1: 4, 2: 11, 3: 0, 4: 12, 5: 6, 6: 8, 7: 2}
Gate position gate updated to [ 0 12]--------------c
Trying to moving ion 12... to 1
Ion assignment after moving ion 12: {0: 5, 1: 4, 2: 11, 3: 0, 4: 1, 5: 6, 6: 9, 7: 2}Input filename:  TFIM_n8_s100_compiled
Algorithm:  SHAPER
Trap type:  H
Trap capacity:  2
Num layout passes:  2
Gate type:  FM
Run index:  9
Creating a QCCD machine ...
QCCD physical machine:
### Traps ### 
Trap(id='trap_0', max_num_ions=2, initial_num_ions=0, executable=True, measureable=False)
Trap(id='trap_1', max_num_ions=2, initial_num_ions=0, executable=True, measureable=True)
Trap(id='trap_2', max_num_ions=2, initial_num_ions=0, executable=True, measureable=False)
Trap(id='trap_3', max_num_ions=2, initial_num_ions=0, executable=True, measureable=True)
### Junctions ### 
Junction(id='junction_0')
Junction(id='junction_1')
### Segments ### 
Segment(id='segment_0', left=Trap(id='trap_0', max_num_ions=2, initial_num_ions=0, executable=True, measureable=False), right=Junction(id='junction_0'))
Segment(id='segment_1', left=Trap(id='trap_1', max_num_ions=2, initial_num_ions=0, executable=True, measureable=True), right=Junction(id='junction_0'))
Segment(id='segment_2', left=Junction(id='junction_0'), right=Junction(id='junction_1'))
Segment(id='segment_3', left=Trap(id='trap_2', max_num_ions=2, initial_num_ions=0, executable=True, measureable=False), right=Junction(id='junction_1'))
Segment(id='segment_4', left=Trap(id='trap_3', max_num_ions=2, initial_num_ions=0, executable=True, measureable=True), right=Junction(id='junction_1'))
Finished creating the QCCD physical machine.
Position graph:  CouplingGraph({(0, 1), (9, 10), (10, 11), (5, 11), (1, 8), (8, 10), (2, 3), (6, 7), (4, 5), (8, 9), (3, 9), (7, 12), (11, 12), (10, 12)})
Initial ion assignment:  {0: 1, 1: 7, 2: 5, 3: 4, 4: 0, 5: 6, 6: 3, 7: 2}
Congestion rate:  0.5
Scheduling QCCD: 1040005879.9999998 us, costing 5.5436345000052825 s to compile
1040.0058799999997
5.5436345000052825
{0: 12, 1: 4, 2: 10, 3: 0, 4: 1, 5: 6, 6: 3, 7: 2}
[0, 1, 2, 3, 4, 5, 6, 7]
