Executing gate at point (0, 1).
Executing gate at point (0, 3).
Executing gate at point (0, 0).
Trying to solve brute-force congestion at gate [7, 3] with {0: 4, 1: 2, 2: 7, 3: 1, 4: 6, 5: 3, 6: 0, 7: 5}
Trying to moving ion 3... to 2
Ion assignment after moving ion 3: {0: 4, 1: 3, 2: 7, 3: 1, 4: 6, 5: 2, 6: 0, 7: 5}
Clearing endpoint 3.........
Gate position gate updated to [2 7]--------------c
Trying to moving ion 7... to 3
Ion assignment after moving ion 7: {0: 4, 1: 8, 2: 3, 3: 1, 4: 6, 5: 2, 6: 0, 7: 5}
Executing gate at point (1, 2).
Trying to solve brute-force congestion at gate [8, 5] with {0: 4, 1: 8, 2: 3, 3: 1, 4: 6, 5: 2, 6: 0, 7: 5}
Trying to moving ion 5... to 4
Ion assignment after moving ion 5: {0: 5, 1: 8, 2: 3, 3: 1, 4: 6, 5: 2, 6: 0, 7: 4}
Clearing endpoint 5.........
Gate position gate updated to [4 8]--------------c
Trying to moving ion 8... to 5
Ion assignment after moving ion 8: {0: 12, 1: 5, 2: 3, 3: 1, 4: 6, 5: 2, 6: 0, 7: 4}
Executing gate at point (1, 1).
Trying to solve brute-force congestion at gate [1, 4] with {0: 12, 1: 5, 2: 3, 3: 1, 4: 6, 5: 2, 6: 0, 7: 4}
Trying to moving ion 4... to 4
Ion assignment after moving ion 4: {0: 12, 1: 5, 2: 3, 3: 1, 4: 6, 5: 2, 6: 0, 7: 4}
Clearing endpoint 5.........
Gate position gate updated to [4 1]--------------c
Trying to moving ion 1... to 5
Ion assignment after moving ion 1: {0: 7, 1: 12, 2: 3, 3: 5, 4: 6, 5: 2, 6: 0, 7: 4}
Executing gate at point (2, 3).
Trying to solve brute-force congestion at gate [6, 0] with {0: 7, 1: 12, 2: 3, 3: 5, 4: 6, 5: 2, 6: 0, 7: 4}
Trying to moving ion 0... to 0
Ion assignment after moving ion 0: {0: 7, 1: 12, 2: 3, 3: 5, 4: 6, 5: 2, 6: 0, 7: 4}
Gate position gate updated to [0 6]--------------c
Trying to moving ion 6... to 1
Ion assignment after moving ion 6: {0: 6, 1: 9, 2: 3, 3: 5, 4: 1, 5: 2, 6: 0, 7: 4}
Executing gate at point (1, 4).
Trying to solve brute-force congestion at gate [1, 4] with {0: 6, 1: 9, 2: 3, 3: 5, 4: 1, 5: 2, 6: 0, 7: 4}
Trying to moving ion 4... to 4
Ion assignment after moving ion 4: {0: 6, 1: 9, 2: 3, 3: 5, 4: 1, 5: 2, 6: 0, 7: 4}
Clearing endpoint 5.........
Gate position gate updated to [4 1]--------------c
Trying to moving ion 1... to 5
Ion assignment after moving ion 1: {0: 6, 1: 9, 2: 3, 3: 12, 4: 5, 5: 2, 6: 0, 7: 4}
Executing gate at point (3, 4).
Trying to solve brute-force congestion at gate [2, 4] with {0: 6, 1: 9, 2: 3, 3: 12, 4: 5, 5: 2, 6: 0, 7: 4}
Trying to moving ion 2... to 2
Ion assignment after moving ion 2: {0: 6, 1: 9, 2: 3, 3: 12, 4: 5, 5: 2, 6: 0, 7: 4}
Clearing endpoint 3.........
Gate position gate updated to [2 4]--------------c
Trying to moving ion 4... to 3
Ion assignment after moving ion 4: {0: 6, 1: 1, 2: 8, 3: 12, 4: 4, 5: 2, 6: 0, 7: 3}
Executing gate at point (4, 5).
Trying to solve brute-force congestion at gate [9, 2] with {0: 6, 1: 1, 2: 9, 3: 12, 4: 4, 5: 2, 6: 0, 7: 5}
Trying to moving ion 2... to 2
Ion assignment after moving ion 2: {0: 6, 1: 1, 2: 9, 3: 12, 4: 4, 5: 2, 6: 0, 7: 5}
Gate position gate updated to [2 9]--------------c
Trying to moving ion 9... to 3
Ion assignment after moving ion 9: {0: 6, 1: 1, 2: 3, 3: 12, 4: 4, 5: 2, 6: 0, 7: 5}
Trying to solve brute-force congestion at gate [12, 5] with {0: 6, 1: 1, 2: 3, 3: 12, 4: 4, 5: 2, 6: 0, 7: 5}
Trying to moving ion 5... to 4
Ion assignment after moving ion 5: {0: 6, 1: 1, 2: 3, 3: 12, 4: 5, 5: 2, 6: 0, 7: 4}
Clearing endpoint 5.........
Gate position gate updated to [ 4 12]--------------c
Trying to moving ion 12... to 5
Ion assignment after moving ion 12: {0: 6, 1: 1, 2: 3, 3: 5, 4: 10, 5: 2, 6: 0, 7: 4}
Trying to solve brute-force congestion at gate [1, 4] with {0: 6, 1: 1, 2: 3, 3: 5, 4: 10, 5: 2, 6: 0, 7: 4}
Trying to moving ion 4... to 4
Ion assignment after moving ion 4: {0: 6, 1: 1, 2: 3, 3: 5, 4: 10, 5: 2, 6: 0, 7: 4}
Clearing endpoint 5.........
Gate position gate updated to [4 1]--------------c
Trying to moving ion 1... to 5
Ion assignment after moving ion 1: {0: 6, 1: 5, 2: 3, 3: 12, 4: 7, 5: 2, 6: 0, 7: 4}
Trying to solve brute-force congestion at gate [5, 2] with {0: 6, 1: 5, 2: 3, 3: 12, 4: 7, 5: 2, 6: 0, 7: 4}
Trying to moving ion 2... to 2
Ion assignment after moving ion 2: {0: 6, 1: 5, 2: 3, 3: 12, 4: 7, 5: 2, 6: 0, 7: 4}
Clearing endpoint 3.........
Gate position gate updated to [2 5]--------------c
Trying to moving ion 5... to 3
Ion assignment after moving ion 5: {0: 6, 1: 3, 2: 8, 3: 12, 4: 7, 5: 2, 6: 0, 7: 4}
Trying to solve brute-force congestion at gate [7, 0] with {0: 6, 1: 3, 2: 8, 3: 12, 4: 7, 5: 2, 6: 0, 7: 4}
Trying to moving ion 0... to 0
Ion assignment after moving ion 0: {0: 6, 1: 3, 2: 8, 3: 12, 4: 7, 5: 2, 6: 0, 7: 4}
Gate position gate updated to [0 7]--------------c
Trying to moving ion 7... to 1
Ion assignment after moving ion 7: {0: 6, 1: 3, 2: 9, 3: 11, 4: 1, 5: 2, 6: 0, 7: 4}
Trying to solve brute-force congestion at gate [11, 0] with {0: 6, 1: 3, 2: 9, 3: 11, 4: 1, 5: 2, 6: 0, 7: 4}
Trying to moving ion 0... to 0
Ion assignment after moving ion 0: {0: 6, 1: 3, 2: 9, 3: 11, 4: 1, 5: 2, 6: 0, 7: 4}
Clearing endpoint 1.........
Gate position gate updated to [ 0 11]--------------c
Trying to moving ion 11... to 1
Ion assignment after moving ion 11: {0: 6, 1: 3, 2: 9, 3: 1, 4: 11, 5: 2, 6: 0, 7: 4}
Trying to solve brute-force congestion at gate [6, 4] with {0: 6, 1: 3, 2: 9, 3: 1, 4: 11, 5: 2, 6: 0, 7: 4}
Trying to moving ion 4... to 4
Ion assignment after moving ion 4: {0: 6, 1: 3, 2: 9, 3: 1, 4: 11, 5: 2, 6: 0, 7: 4}
Gate position gate updated to [4 6]--------------c
Trying to moving ion 6... to 5
Ion assignment after moving ion 6: {0: 5, 1: 3, 2: 9, 3: 1, 4: 10, 5: 2, 6: 0, 7: 4}
Executing gate at point (0, 1).
Executing gate at point (0, 3).
Executing gate at point (0, 0).
Best move: (4, 5)
Best move: (5, 11)
Best move: (8, 10)
Best move: (0, 1)
Best move: (2, 3)
Try bruteforce due to multiple steps (5) to solve one gate
Trying to solve brute-force congestion at gate [9, 3] with {0: 4, 1: 2, 2: 9, 3: 0, 4: 8, 5: 3, 6: 1, 7: 11}
Trying to moving ion 3... to 2
Ion assignment after moving ion 3: {0: 4, 1: 3, 2: 9, 3: 0, 4: 8, 5: 2, 6: 1, 7: 11}
Clearing endpoint 3.........
Gate position gate updated to [ 2 10]--------------c
Trying to moving ion 10... to 3
Ion assignment after moving ion 10: {0: 4, 1: 12, 2: 3, 3: 0, 4: 8, 5: 2, 6: 1, 7: 11}
Executing gate at point (1, 2).
Best move: (10, 12)
Best move: (9, 10)
Best move: (9, 10)
Best move: (11, 12)
Best move: (10, 11)
Try bruteforce due to multiple steps (5) to solve one gate
Trying to solve brute-force congestion at gate [11, 12] with {0: 4, 1: 11, 2: 3, 3: 0, 4: 8, 5: 2, 6: 1, 7: 12}
Trying to moving ion 12... to 6
Ion assignment after moving ion 12: {0: 4, 1: 11, 2: 3, 3: 0, 4: 8, 5: 2, 6: 1, 7: 6}
Gate position gate updated to [ 6 11]--------------c
Trying to moving ion 11... to 7
Ion assignment after moving ion 11: {0: 4, 1: 7, 2: 3, 3: 0, 4: 8, 5: 2, 6: 1, 7: 6}
Executing gate at point (1, 1).
Trying to solve brute-force congestion at gate [0, 6] with {0: 4, 1: 7, 2: 3, 3: 0, 4: 8, 5: 2, 6: 1, 7: 6}
Trying to moving ion 0... to 0
Ion assignment after moving ion 0: {0: 4, 1: 7, 2: 3, 3: 0, 4: 8, 5: 2, 6: 1, 7: 6}
Clearing endpoint 1.........
Gate position gate updated to [0 6]--------------c
Trying to moving ion 6... to 1
Ion assignment after moving ion 6: {0: 4, 1: 6, 2: 3, 3: 0, 4: 11, 5: 2, 6: 9, 7: 1}
Executing gate at point (2, 3).
Trying to solve brute-force congestion at gate [11, 9] with {0: 4, 1: 6, 2: 3, 3: 0, 4: 11, 5: 2, 6: 9, 7: 1}
Trying to moving ion 11... to 4
Ion assignment after moving ion 11: {0: 5, 1: 6, 2: 3, 3: 0, 4: 4, 5: 2, 6: 9, 7: 1}
Clearing endpoint 5.........
Gate position gate updated to [4 9]--------------c
Trying to moving ion 9... to 5
Ion assignment after moving ion 9: {0: 12, 1: 6, 2: 3, 3: 0, 4: 4, 5: 2, 6: 5, 7: 1}
Executing gate at point (1, 4).
Trying to solve brute-force congestion at gate [4, 1] with {0: 12, 1: 6, 2: 3, 3: 0, 4: 4, 5: 2, 6: 5, 7: 1}
Trying to moving ion 4... to 4
Ion assignment after moving ion 4: {0: 12, 1: 6, 2: 3, 3: 0, 4: 4, 5: 2, 6: 5, 7: 1}Input filename:  QAOA_wsq_8_compiled
Algorithm:  SHAPER
Trap type:  H
Trap capacity:  2
Num layout passes:  2
Gate type:  FM
Run index:  10
Creating a QCCD machine ...
QCCD physical machine:
### Traps ### 
Trap(id='trap_0', max_num_ions=2, initial_num_ions=0, executable=True, measureable=False)
Trap(id='trap_1', max_num_ions=2, initial_num_ions=0, executable=True, measureable=True)
Trap(id='trap_2', max_num_ions=2, initial_num_ions=0, executable=True, measureable=False)
Trap(id='trap_3', max_num_ions=2, initial_num_ions=0, executable=True, measureable=True)
### Junctions ### 
Junction(id='junction_0')
Junction(id='junction_1')
### Segments ### 
Segment(id='segment_0', left=Trap(id='trap_0', max_num_ions=2, initial_num_ions=0, executable=True, measureable=False), right=Junction(id='junction_0'))
Segment(id='segment_1', left=Trap(id='trap_1', max_num_ions=2, initial_num_ions=0, executable=True, measureable=True), right=Junction(id='junction_0'))
Segment(id='segment_2', left=Junction(id='junction_0'), right=Junction(id='junction_1'))
Segment(id='segment_3', left=Trap(id='trap_2', max_num_ions=2, initial_num_ions=0, executable=True, measureable=False), right=Junction(id='junction_1'))
Segment(id='segment_4', left=Trap(id='trap_3', max_num_ions=2, initial_num_ions=0, executable=True, measureable=True), right=Junction(id='junction_1'))
Finished creating the QCCD physical machine.
Position graph:  CouplingGraph({(0, 1), (9, 10), (10, 11), (5, 11), (1, 8), (8, 10), (2, 3), (6, 7), (4, 5), (8, 9), (3, 9), (7, 12), (11, 12), (10, 12)})
Initial ion assignment:  {0: 4, 1: 2, 2: 7, 3: 1, 4: 6, 5: 3, 6: 0, 7: 5}
Congestion rate:  0.5
Scheduling QCCD: 3120.0000000000005 us, costing 4.515287399990484 s to compile
0.0031200000000000004
4.515287399990484
{0: 7, 1: 3, 2: 9, 3: 0, 4: 4, 5: 2, 6: 1, 7: 6}
[0, 1, 2, 3, 4, 5, 6, 7]
