Best move: (10, 11)
Best move: (11, 16)
Best move: (15, 16)
Best move: (7, 8)
Best move: (4, 5)
Best move: (5, 13)
Try bruteforce due to multiple steps (6) to solve one gate
Trying to solve brute-force congestion at gate [13, 9] with {0: 3, 1: 10, 2: 6, 3: 13, 4: 9, 5: 7, 6: 15, 7: 8}
Trying to moving ion 9... to 9
Ion assignment after moving ion 9: {0: 3, 1: 10, 2: 6, 3: 13, 4: 9, 5: 7, 6: 15, 7: 8}
Gate position gate updated to [ 9 13]--------------c
Trying to moving ion 13... to 10
Ion assignment after moving ion 13: {0: 3, 1: 11, 2: 6, 3: 10, 4: 9, 5: 7, 6: 15, 7: 8}
Executing gate at point (0, 3).
Best move: (6, 7)
Best move: (10, 11)
Best move: (11, 16)
Best move: (7, 8)
Best move: (7, 8)
Best move: (7, 8)
Try bruteforce due to multiple steps (6) to solve one gate
Trying to solve brute-force congestion at gate [8, 16] with {0: 3, 1: 10, 2: 8, 3: 16, 4: 9, 5: 6, 6: 15, 7: 7}
Trying to moving ion 8... to 6
Ion assignment after moving ion 8: {0: 3, 1: 10, 2: 6, 3: 16, 4: 9, 5: 7, 6: 15, 7: 8}
Clearing endpoint 8.........
Gate position gate updated to [ 6 16]--------------c
Trying to moving ion 16... to 7
Ion assignment after moving ion 16: {0: 3, 1: 10, 2: 6, 3: 7, 4: 9, 5: 8, 6: 12, 7: 14}
Executing gate at point (1, 2).
Best move: (6, 7)
Best move: (7, 8)
Best move: (8, 15)
Best move: (15, 16)
Best move: (11, 16)
Executing gate at point (2, 1).
Best move: (10, 11)
Best move: (11, 16)
Best move: (13, 14)
Best move: (14, 16)
Best move: (5, 13)
Best move: (12, 13)
Try bruteforce due to multiple steps (6) to solve one gate
Trying to solve brute-force congestion at gate [3, 14] with {0: 3, 1: 14, 2: 10, 3: 6, 4: 9, 5: 7, 6: 13, 7: 5}
Trying to moving ion 3... to 3
Ion assignment after moving ion 3: {0: 3, 1: 14, 2: 10, 3: 6, 4: 9, 5: 7, 6: 13, 7: 5}
Clearing endpoint 5.........
Gate position gate updated to [ 3 14]--------------c
Trying to moving ion 14... to 4
Ion assignment after moving ion 14: {0: 3, 1: 4, 2: 10, 3: 6, 4: 9, 5: 7, 6: 12, 7: 5}
Executing gate at point (3, 0).
Best move: (5, 13)
Best move: (12, 14)
Best move: (12, 13)
Best move: (2, 12)
Best move: (12, 14)
Best move: (1, 2)
Try bruteforce due to multiple steps (6) to solve one gate
Trying to solve brute-force congestion at gate [12, 1] with {0: 3, 1: 4, 2: 10, 3: 6, 4: 9, 5: 7, 6: 12, 7: 1}
Trying to moving ion 1... to 0
Ion assignment after moving ion 1: {0: 3, 1: 4, 2: 10, 3: 6, 4: 9, 5: 7, 6: 12, 7: 0}
Gate position gate updated to [ 0 12]--------------c
Trying to moving ion 12... to 1
Ion assignment after moving ion 12: {0: 3, 1: 4, 2: 10, 3: 6, 4: 9, 5: 7, 6: 1, 7: 0}
Executing gate at point (0, 6).
Best move: (7, 8)
Best move: (8, 15)
Best move: (14, 15)
Best move: (12, 14)
Best move: (2, 12)
Executing gate at point (1, 5).
Best move: (2, 12)
Best move: (12, 14)
Best move: (14, 16)
Best move: (11, 16)
Executing gate at point (2, 4).
Best move: (11, 16)
Best move: (6, 7)
Best move: (7, 8)
Best move: (8, 15)
Best move: (9, 10)
Best move: (14, 15)
Try bruteforce due to multiple steps (6) to solve one gate
Trying to solve brute-force congestion at gate [14, 10] with {0: 3, 1: 4, 2: 9, 3: 14, 4: 10, 5: 16, 6: 1, 7: 0}
Trying to moving ion 10... to 9
Ion assignment after moving ion 10: {0: 3, 1: 4, 2: 10, 3: 14, 4: 9, 5: 16, 6: 1, 7: 0}
Gate position gate updated to [ 9 14]--------------c
Trying to moving ion 14... to 10
Ion assignment after moving ion 14: {0: 3, 1: 4, 2: 11, 3: 10, 4: 9, 5: 15, 6: 1, 7: 0}
Executing gate at point (3, 3).
Executing gate at point (4, 2).
Best move: (11, 16)
Best move: (14, 15)
Best move: (12, 14)
Best move: (14, 16)
Best move: (13, 14)
Best move: (2, 12)
Try bruteforce due to multiple steps (6) to solve one gate
Trying to solve brute-force congestion at gate [4, 13] with {0: 3, 1: 4, 2: 13, 3: 10, 4: 9, 5: 2, 6: 1, 7: 0}
Trying to moving ion 4... to 3
Ion assignment after moving ion 4: {0: 4, 1: 3, 2: 13, 3: 10, 4: 9, 5: 2, 6: 1, 7: 0}
Gate position gate updated to [ 3 13]--------------c
Trying to moving ion 13... to 4
Ion assignment after moving ion 13: {0: 5, 1: 3, 2: 4, 3: 10, 4: 9, 5: 2, 6: 1, 7: 0}
Executing gate at point (5, 1).
Executing gate at point (3, 5).
Executing gate at point (4, 6).
Best move: (2, 12)
Best move: (12, 14)
Best move: (14, 16)
Best move: (11, 16)
Executing gate at point (4, 4).
Executing gate at point (5, 3).
Best move: (11, 16)
Best move: (14, 16)
Best move: (12, 14)
Best move: (2, 12)
Executing gate at point (5, 5).
Trying to solve brute-force congestion at gate [9, 14] with {0: 4, 1: 3, 2: 16, 3: 10, 4: 9, 5: 14, 6: 1, 7: 0}
Trying to moving ion 9... to 9
Ion assignment after moving ion 9: {0: 4, 1: 3, 2: 16, 3: 10, 4: 9, 5: 14, 6: 1, 7: 0}
Gate position gate updated to [ 9 14]--------------c
Trying to moving ion 14... to 10
Ion assignment after moving ion 14: {0: 4, 1: 3, 2: 15, 3: 11, 4: 9, 5: 10, 6: 1, 7: 0}
Trying to solve brute-force congestion at gate [10, 1] with {0: 4, 1: 3, 2: 15, 3: 11, 4: 9, 5: 10, 6: 1, 7: 0}
Trying to moving ion 1... to 0
Ion assignment after moving ion 1: {0: 4, 1: 3, 2: 15, 3: 11, 4: 9, 5: 10, 6: 0, 7: 1}
Gate position gate updated to [ 0 10]--------------c
Trying to moving ion 10... to 1
Ion assignment after moving ion 10: {0: 4, 1: 3, 2: 15, 3: 10, 4: 9, 5: 1, 6: 0, 7: 2}
Trying to solve brute-force congestion at gate [15, 10] with {0: 4, 1: 3, 2: 15, 3: 10, 4: 9, 5: 1, 6: 0, 7: 2}
Trying to moving ion 10... to 9
Ion assignment after moving ion 10: {0: 4, 1: 3, 2: 15, 3: 9, 4: 10, 5: 1, 6: 0, 7: 2}
Gate position gate updated to [ 9 15]--------------c
Trying to moving ion 15... to 10
Ion assignment after moving ion 15: {0: 4, 1: 3, 2: 10, 3: 9, 4: 11, 5: 1, 6: 0, 7: 2}
Trying to solve brute-force congestion at gate [9, 11] with {0: 4, 1: 3, 2: 10, 3: 9, 4: 11, 5: 1, 6: 0, 7: 2}
Trying to moving ion 9... to 9
Ion assignment after moving ion 9: {0: 4, 1: 3, 2: 10, 3: 9, 4: 11, 5: 1, 6: 0, 7: 2}
Gate position gate updated to [ 9 11]--------------c
Trying to moving ion 11... to 10
Ion assignment after moving ion 11: {0: 4, 1: 3, 2: 11, 3: 9, 4: 10, 5: 1, 6: 0, 7: 2}
Trying to solve brute-force congestion at gate [10, 1] with {0: 4, 1: 3, 2: 11, 3: 9, 4: 10, 5: 1, 6: 0, 7: 2}
Trying to moving ion 1... to 0
Ion assignment after moving ion 1: {0: 4, 1: 3, 2: 11, 3: 9, 4: 10, 5: 0, 6: 1, 7: 2}
Clearing endpoint 2.........
Gate position gate updated to [ 0 10]--------------c
Trying to moving ion 10... to 1
Ion assignment after moving ion 10: {0: 4, 1: 3, 2: 10, 3: 9, 4: 1, 5: 0, 6: 2, 7: 13}
Trying to solve brute-force congestion at gate [3, 10] with {0: 4, 1: 3, 2: 10, 3: 9, 4: 1, 5: 0, 6: 2, 7: 13}
Trying to moving ion 3... to 3
Ion assignment after moving ion 3: {0: 4, 1: 3, 2: 10, 3: 9, 4: 1, 5: 0, 6: 2, 7: 13}
Gate position gate updated to [ 3 10]--------------c
Trying to moving ion 10... to 4
Ion assignment after moving ion 10: {0: 5, 1: 3, 2: 4, 3: 9, 4: 1, 5: 0, 6: 2, 7: 12}
Trying to solve brute-force congestion at gate [4, 9] with {0: 5, 1: 3, 2: 4, 3: 9, 4: 1, 5: 0, 6: 2, 7: 12}
Trying to moving ion 9... to 9
Ion assignment after moving ion 9: {0: 5, 1: 3, 2: 4, 3: 9, 4: 1, 5: 0, 6: 2, 7: 12}
Gate position gate updated to [9 4]--------------c
Trying to moving ion 4... to 10
Ion assignment after moving ion 4: {0: 4, 1: 3, 2: 10, 3: 9, 4: 1, 5: 0, 6: 2, 7: 12}
Trying to solve brute-force congestion at gate [9, 1] with {0: 4, 1: 3, 2: 10, 3: 9, 4: 1, 5: 0, 6: 2, 7: 12}
Trying to moving ion 9... to 9
Ion assignment after moving ion 9: {0: 4, 1: 3, 2: 10, 3: 9, 4: 1, 5: 0, 6: 2, 7: 12}
Gate position gate updated to [9 1]--------------c
Trying to moving ion 1... to 10
Ion assignment after moving ion 1: {0: 4, 1: 3, 2: 11, 3: 9, 4: 10, 5: 0, 6: 1, 7: 15}
Trying to solve brute-force congestion at gate [1, 15] with {0: 4, 1: 3, 2: 11, 3: 9, 4: 10, 5: 0, 6: 1, 7: 15}
Trying to moving ion 1... to 0
Ion assignment after moving ion 1: {0: 4, 1: 3, 2: 11, 3: 9, 4: 10, 5: 1, 6: 0, 7: 15}
Gate position gate updated to [ 0 15]--------------c
Trying to moving ion 15... to 1
Ion assignment after moving ion 15: {0: 4, 1: 3, 2: 11, 3: 9, 4: 10, 5: 2, 6: 0, 7: 1}
Executing gate at point (0, 3).
Executing gate at point (0, 6).
Executing gate at point (1, 2).
Executing gate at point (1, 5).
Best move: (11, 16)
Best move: (14, 16)
Best move: (13, 14)
Best move: (2, 12)
Best move: (12, 14)
Best move: (14, 16)
Try bruteforce due to multiple steps (6) to solve one gate
Trying to solve brute-force congestion at gate [10, 16] with {0: 4, 1: 3, 2: 13, 3: 9, 4: 10, 5: 16, 6: 0, 7: 1}
Trying to moving ion 10... to 9
Ion assignment after moving ion 10: {0: 4, 1: 3, 2: 13, 3: 10, 4: 9, 5: 16, 6: 0, 7: 1}
Gate position gate updated to [ 9 16]--------------c
Trying to moving ion 16... to 10
Ion assignment after moving ion 16: {0: 4, 1: 3, 2: 13, 3: 11, 4: 9, 5: 10, 6: 0, 7: 1}
Executing gate at point (2, 4).
Executing gate at point (3, 3).
Best move: (5, 13)
Executing gate at point (2, 1).
Executing gate at point (3, 0).
Best move: (5, 13)
Best move: (10, 11)
Best move: (11, 16)
Best move: (14, 16)
Best move: (12, 14)
Best move: (2, 12)
Try bruteforce due to multiple steps (6) to solve one gate
Trying to solve brute-force congestion at gate [2, 0] with {0: 4, 1: 3, 2: 13, 3: 10, 4: 9, 5: 2, 6: 0, 7: 1}
Trying to moving ion 2... to 0
Ion assignment after moving ion 2: {0: 4, 1: 3, 2: 13, 3: 10, 4: 9, 5: 0, 6: 1, 7: 2}
Clearing endpoint 2.........
Gate position gate updated to [0 1]--------------c
Trying to moving ion 1... to 1
Ion assignment after moving ion 1: {0: 4, 1: 3, 2: 13, 3: 10, 4: 9, 5: 0, 6: 1, 7: 12}
Executing gate at point (3, 5).
Best move: (2, 12)
Executing gate at point (4, 6).
Best move: (13, 14)
Best move: (14, 16)
Best move: (11, 16)
Executing gate at point (4, 2).
Best move: (11, 16)
Best move: (0, 1)
Best move: (1, 2)
Best move: (2, 12)
Best move: (12, 14)
Best move: (9, 10)
Try bruteforce due to multiple steps (6) to solve one gate
Trying to solve brute-force congestion at gate [10, 14] with {0: 4, 1: 3, 2: 16, 3: 9, 4: 10, 5: 14, 6: 0, 7: 1}
Trying to moving ion 10... to 9
Ion assignment after moving ion 10: {0: 4, 1: 3, 2: 16, 3: 10, 4: 9, 5: 14, 6: 0, 7: 1}
Gate position gate updated to [ 9 14]--------------c
Trying to moving ion 14... to 10
Ion assignment after moving ion 14: {0: 4, 1: 3, 2: 15, 3: 11, 4: 9, 5: 10, 6: 0, 7: 1}
Executing gate at point (4, 4).
Executing gate at point (5, 3).
Best move: (14, 15)
Best move: (13, 14)
Best move: (5, 13)
Executing gate at point (5, 1).
Best move: (10, 11)
Best move: (11, 16)
Best move: (14, 16)
Best move: (12, 14)
Best move: (2, 12)
Executing gate at point (5, 5).
Trying to solve brute-force congestion at gate [10, 14] with {0: 4, 1: 3, 2: 16, 3: 9, 4: 10, 5: 14, 6: 0, 7: 1}
Trying to moving ion 10... to 9
Ion assignment after moving ion 10: {0: 4, 1: 3, 2: 16, 3: 10, 4: 9, 5: 14, 6: 0, 7: 1}
Gate position gate updated to [ 9 14]--------------c
Trying to moving ion 14... to 10
Ion assignment after moving ion 14: {0: 4, 1: 3, 2: 15, 3: 11, 4: 9, 5: 10, 6: 0, 7: 1}
Trying to solve brute-force congestion at gate [10, 0] with {0: 4, 1: 3, 2: 15, 3: 11, 4: 9, 5: 10, 6: 0, 7: 1}
Trying to moving ion 0... to 0
Ion assignment after moving ion 0: {0: 4, 1: 3, 2: 15, 3: 11, 4: 9, 5: 10, 6: 0, 7: 1}
Gate position gate updated to [ 0 10]--------------c
Trying to moving ion 10... to 1
Ion assignment after moving ion 10: {0: 4, 1: 3, 2: 15, 3: 10, 4: 9, 5: 1, 6: 0, 7: 2}
Trying to solve brute-force congestion at gate [15, 10] with {0: 4, 1: 3, 2: 15, 3: 10, 4: 9, 5: 1, 6: 0, 7: 2}
Trying to moving ion 10... to 9
Ion assignment after moving ion 10: {0: 4, 1: 3, 2: 15, 3: 9, 4: 10, 5: 1, 6: 0, 7: 2}
Gate position gate updated to [ 9 15]--------------c
Trying to moving ion 15... to 10
Ion assignment after moving ion 15: {0: 4, 1: 3, 2: 10, 3: 9, 4: 11, 5: 1, 6: 0, 7: 2}
Trying to solve brute-force congestion at gate [9, 11] with {0: 4, 1: 3, 2: 10, 3: 9, 4: 11, 5: 1, 6: 0, 7: 2}
Trying to moving ion 9... to 9
Ion assignment after moving ion 9: {0: 4, 1: 3, 2: 10, 3: 9, 4: 11, 5: 1, 6: 0, 7: 2}
Gate position gate updated to [ 9 11]--------------c
Trying to moving ion 11... to 10
Ion assignment after moving ion 11: {0: 4, 1: 3, 2: 11, 3: 9, 4: 10, 5: 1, 6: 0, 7: 2}
Trying to solve brute-force congestion at gate [10, 1] with {0: 4, 1: 3, 2: 11, 3: 9, 4: 10, 5: 1, 6: 0, 7: 2}
Trying to moving ion 1... to 0
Ion assignment after moving ion 1: {0: 4, 1: 3, 2: 11, 3: 9, 4: 10, 5: 0, 6: 1, 7: 2}
Clearing endpoint 2.........
Gate position gate updated to [ 0 10]--------------c
Trying to moving ion 10... to 1
Ion assignment after moving ion 10: {0: 4, 1: 3, 2: 10, 3: 9, 4: 1, 5: 0, 6: 2, 7: 13}
Trying to solve brute-force congestion at gate [3, 10] with {0: 4, 1: 3, 2: 10, 3: 9, 4: 1, 5: 0, 6: 2, 7: 13}
Trying to moving ion 3... to 3
Ion assignment after moving ion 3: {0: 4, 1: 3, 2: 10, 3: 9, 4: 1, 5: 0, 6: 2, 7: 13}
Gate position gate updated to [ 3 10]--------------c
Trying to moving ion 10... to 4
Ion assignment after moving ion 10: {0: 5, 1: 3, 2: 4, 3: 9, 4: 1, 5: 0, 6: 2, 7: 12}
Trying to solve brute-force congestion at gate [4, 9] with {0: 5, 1: 3, 2: 4, 3: 9, 4: 1, 5: 0, 6: 2, 7: 12}
Trying to moving ion 9... to 9
Ion assignment after moving ion 9: {0: 5, 1: 3, 2: 4, 3: 9, 4: 1, 5: 0, 6: 2, 7: 12}
Gate position gate updated to [9 4]--------------c
Trying to moving ion 4... to 10
Ion assignment after moving ion 4: {0: 4, 1: 3, 2: 10, 3: 9, 4: 1, 5: 0, 6: 2, 7: 12}
Trying to solve brute-force congestion at gate [9, 1] with {0: 4, 1: 3, 2: 10, 3: 9, 4: 1, 5: 0, 6: 2, 7: 12}
Trying to moving ion 9... to 9
Ion assignment after moving ion 9: {0: 4, 1: 3, 2: 10, 3: 9, 4: 1, 5: 0, 6: 2, 7: 12}
Gate position gate updated to [9 1]--------------c
Trying to moving ion 1... to 10
Ion assignment after moving ion 1: {0: 4, 1: 3, 2: 11, 3: 9, 4: 10, 5: 0, 6: 1, 7: 15}
Trying to solve brute-force congestion at gate [1, 15] with {0: 4, 1: 3, 2: 11, 3: 9, 4: 10, 5: 0, 6: 1, 7: 15}
Trying to moving ion 1... to 0
Ion assignment after moving ion 1: {0: 4, 1: 3, 2: 11, 3: 9, 4: 10, 5: 1, 6: 0, 7: 15}
Gate position gate updated to [ 0 15]--------------c
Trying to moving ion 15... to 1
Ion assignment after moving ion 15: {0: 4, 1: 3, 2: 11, 3: 9, 4: 10, 5: 2, 6: 0, 7: 1}
Executing gate at point (0, 3).
Executing gate at point (0, 6).
Executing gate at point (1, 2).
Executing gate at point (1, 5).
Best move: (11, 16)
Best move: (14, 16)
Best move: (13, 14)
Best move: (2, 12)
Best move: (12, 14)
Best move: (14, 16)
Try bruteforce due to multiple steps (6) to solve one gate
Trying to solve brute-force congestion at gate [10, 16] with {0: 4, 1: 3, 2: 13, 3: 9, 4: 10, 5: 16, 6: 0, 7: 1}
Trying to moving ion 10... to 9
Ion assignment after moving ion 10: {0: 4, 1: 3, 2: 13, 3: 10, 4: 9, 5: 16, 6: 0, 7: 1}
Gate position gate updated to [ 9 16]--------------c
Trying to moving ion 16... to 10
Ion assignment after moving ion 16: {0: 4, 1: 3, 2: 13, 3: 11, 4: 9, 5: 10, 6: 0, 7: 1}
Executing gate at point (2, 4).
Executing gate at point (3, 3).
Best move: (5, 13)
Executing gate at point (2, 1).
Executing gate at point (3, 0).
Best move: (5, 13)
Best move: (10, 11)
Best move: (11, 16)
Best move: (14, 16)
Best move: (12, 14)
Best move: (2, 12)
Try bruteforce due to multiple steps (6) to solve one gate
Trying to solve brute-force congestion at gate [2, 0] with {0: 4, 1: 3, 2: 13, 3: 10, 4: 9, 5: 2, 6: 0, 7: 1}
Trying to moving ion 2... to 0
Ion assignment after moving ion 2: {0: 4, 1: 3, 2: 13, 3: 10, 4: 9, 5: 0, 6: 1, 7: 2}
Clearing endpoint 2.........
Gate position gate updated to [0 1]--------------c
Trying to moving ion 1... to 1
Ion assignment after moving ion 1: {0: 4, 1: 3, 2: 13, 3: 10, 4: 9, 5: 0, 6: 1, 7: 12}
Executing gate at point (3, 5).
Best move: (2, 12)
Executing gate at point (4, 6).
Best move: (13, 14)
Best move: (14, 16)
Best move: (11, 16)
Executing gate at point (4, 2).
Best move: (11, 16)
Best move: (0, 1)
Best move: (1, 2)
Best move: (2, 12)
Best move: (12, 14)
Best move: (9, 10)
Try bruteforce due to multiple steps (6) to solve one gate
Trying to solve brute-force congestion at gate [10, 14] with {0: 4, 1: 3, 2: 16, 3: 9, 4: 10, 5: 14, 6: 0, 7: 1}Input filename:  TFIM_wsq_n8_s100_compiled
Algorithm:  SHAPER
Trap type:  H
Trap capacity:  3
Num layout passes:  2
Gate type:  FM
Run index:  7
Creating a QCCD machine ...
QCCD physical machine:
### Traps ### 
Trap(id='trap_0', max_num_ions=3, initial_num_ions=0, executable=True, measureable=False)
Trap(id='trap_1', max_num_ions=3, initial_num_ions=0, executable=True, measureable=True)
Trap(id='trap_2', max_num_ions=3, initial_num_ions=0, executable=True, measureable=False)
Trap(id='trap_3', max_num_ions=3, initial_num_ions=0, executable=True, measureable=True)
### Junctions ### 
Junction(id='junction_0')
Junction(id='junction_1')
### Segments ### 
Segment(id='segment_0', left=Trap(id='trap_0', max_num_ions=3, initial_num_ions=0, executable=True, measureable=False), right=Junction(id='junction_0'))
Segment(id='segment_1', left=Trap(id='trap_1', max_num_ions=3, initial_num_ions=0, executable=True, measureable=True), right=Junction(id='junction_0'))
Segment(id='segment_2', left=Junction(id='junction_0'), right=Junction(id='junction_1'))
Segment(id='segment_3', left=Trap(id='trap_2', max_num_ions=3, initial_num_ions=0, executable=True, measureable=False), right=Junction(id='junction_1'))
Segment(id='segment_4', left=Trap(id='trap_3', max_num_ions=3, initial_num_ions=0, executable=True, measureable=True), right=Junction(id='junction_1'))
Finished creating the QCCD physical machine.
Position graph:  CouplingGraph({(0, 1), (9, 10), (13, 14), (1, 2), (10, 11), (3, 4), (11, 16), (12, 13), (14, 16), (5, 13), (6, 7), (4, 5), (12, 14), (15, 16), (2, 12), (8, 15), (14, 15), (7, 8)})
Initial ion assignment:  {0: 3, 1: 11, 2: 6, 3: 4, 4: 9, 5: 8, 6: 10, 7: 7}
Congestion rate:  1.0
Scheduling QCCD: 2799.9999999999995 us, costing 8.929838299984112 s to compile
0.0027999999999999995
8.929838299984112
{0: 4, 1: 3, 2: 11, 3: 9, 4: 10, 5: 2, 6: 0, 7: 1}
[0, 1, 2, 3, 4, 5, 6, 7]
