Executing gate at point (0, 1).
Best move: (8, 15)
Best move: (15, 16)
Best move: (5, 13)
Best move: (1, 2)
Best move: (2, 12)
Best move: (13, 14)
Try bruteforce due to multiple steps (6) to solve one gate
Trying to solve brute-force congestion at gate [16, 0] with {0: 12, 1: 1, 2: 16, 3: 14, 4: 3, 5: 0, 6: 6, 7: 7}
Trying to moving ion 0... to 0
Ion assignment after moving ion 0: {0: 12, 1: 1, 2: 16, 3: 14, 4: 3, 5: 0, 6: 6, 7: 7}
Gate position gate updated to [ 0 16]--------------c
Trying to moving ion 16... to 1
Ion assignment after moving ion 16: {0: 13, 1: 2, 2: 1, 3: 5, 4: 3, 5: 0, 6: 6, 7: 7}
Executing gate at point (1, 2).
Best move: (13, 14)
Best move: (14, 15)
Best move: (5, 13)
Best move: (13, 14)
Best move: (14, 16)
Best move: (6, 7)
Try bruteforce due to multiple steps (6) to solve one gate
Trying to solve brute-force congestion at gate [15, 6] with {0: 15, 1: 2, 2: 1, 3: 16, 4: 3, 5: 0, 6: 7, 7: 6}
Trying to moving ion 6... to 6
Ion assignment after moving ion 6: {0: 15, 1: 2, 2: 1, 3: 16, 4: 3, 5: 0, 6: 7, 7: 6}
Gate position gate updated to [ 6 15]--------------c
Trying to moving ion 15... to 7
Ion assignment after moving ion 15: {0: 7, 1: 2, 2: 1, 3: 16, 4: 3, 5: 0, 6: 8, 7: 6}
Executing gate at point (0, 0).
Best move: (8, 15)
Best move: (2, 12)
Best move: (12, 14)
Best move: (6, 7)
Best move: (11, 16)
Best move: (15, 16)
Try bruteforce due to multiple steps (6) to solve one gate
Trying to solve brute-force congestion at gate [14, 7] with {0: 6, 1: 14, 2: 1, 3: 11, 4: 3, 5: 0, 6: 16, 7: 7}
Trying to moving ion 7... to 6
Ion assignment after moving ion 7: {0: 7, 1: 14, 2: 1, 3: 11, 4: 3, 5: 0, 6: 16, 7: 6}
Gate position gate updated to [ 6 14]--------------c
Trying to moving ion 14... to 7
Ion assignment after moving ion 14: {0: 8, 1: 7, 2: 1, 3: 11, 4: 3, 5: 0, 6: 16, 7: 6}
Executing gate at point (1, 1).
Best move: (10, 11)
Best move: (11, 16)
Executing gate at point (0, 3).
Best move: (11, 16)
Best move: (6, 7)
Best move: (7, 8)
Best move: (8, 15)
Best move: (14, 15)
Best move: (9, 10)
Try bruteforce due to multiple steps (6) to solve one gate
Trying to solve brute-force congestion at gate [9, 14] with {0: 7, 1: 6, 2: 1, 3: 9, 4: 3, 5: 0, 6: 16, 7: 14}
Trying to moving ion 9... to 9
Ion assignment after moving ion 9: {0: 7, 1: 6, 2: 1, 3: 9, 4: 3, 5: 0, 6: 16, 7: 14}
Gate position gate updated to [ 9 14]--------------c
Trying to moving ion 14... to 10
Ion assignment after moving ion 14: {0: 7, 1: 6, 2: 1, 3: 9, 4: 3, 5: 0, 6: 15, 7: 10}
Executing gate at point (2, 3).
Best move: (14, 15)
Best move: (13, 14)
Best move: (5, 13)
Executing gate at point (1, 4).
Best move: (10, 11)
Best move: (11, 16)
Best move: (14, 16)
Best move: (13, 14)
Best move: (3, 4)
Best move: (3, 4)
Try bruteforce due to multiple steps (6) to solve one gate
Trying to solve brute-force congestion at gate [3, 13] with {0: 7, 1: 6, 2: 1, 3: 9, 4: 3, 5: 0, 6: 5, 7: 13}
Trying to moving ion 3... to 3
Ion assignment after moving ion 3: {0: 7, 1: 6, 2: 1, 3: 9, 4: 3, 5: 0, 6: 5, 7: 13}
Clearing endpoint 5.........
Gate position gate updated to [ 3 13]--------------c
Trying to moving ion 13... to 4
Ion assignment after moving ion 13: {0: 7, 1: 6, 2: 1, 3: 9, 4: 3, 5: 0, 6: 5, 7: 4}
Executing gate at point (3, 4).
Best move: (4, 5)
Best move: (5, 13)
Best move: (12, 13)
Best move: (2, 12)
Executing gate at point (4, 5).
Trying to solve brute-force congestion at gate [9, 16] with {0: 7, 1: 6, 2: 1, 3: 9, 4: 3, 5: 0, 6: 4, 7: 16}
Trying to moving ion 9... to 9
Ion assignment after moving ion 9: {0: 7, 1: 6, 2: 1, 3: 9, 4: 3, 5: 0, 6: 4, 7: 16}
Gate position gate updated to [ 9 16]--------------c
Trying to moving ion 16... to 10
Ion assignment after moving ion 16: {0: 7, 1: 6, 2: 1, 3: 9, 4: 3, 5: 0, 6: 4, 7: 10}
Trying to solve brute-force congestion at gate [6, 10] with {0: 7, 1: 6, 2: 1, 3: 9, 4: 3, 5: 0, 6: 4, 7: 10}
Trying to moving ion 6... to 6
Ion assignment after moving ion 6: {0: 7, 1: 6, 2: 1, 3: 9, 4: 3, 5: 0, 6: 4, 7: 10}
Gate position gate updated to [ 6 10]--------------c
Trying to moving ion 10... to 7
Ion assignment after moving ion 10: {0: 8, 1: 6, 2: 1, 3: 9, 4: 3, 5: 0, 6: 4, 7: 7}
Trying to solve brute-force congestion at gate [6, 0] with {0: 8, 1: 6, 2: 1, 3: 9, 4: 3, 5: 0, 6: 4, 7: 7}
Trying to moving ion 0... to 0
Ion assignment after moving ion 0: {0: 8, 1: 6, 2: 1, 3: 9, 4: 3, 5: 0, 6: 4, 7: 7}
Gate position gate updated to [0 6]--------------c
Trying to moving ion 6... to 1
Ion assignment after moving ion 6: {0: 7, 1: 1, 2: 2, 3: 9, 4: 3, 5: 0, 6: 4, 7: 6}
Trying to solve brute-force congestion at gate [9, 4] with {0: 7, 1: 1, 2: 2, 3: 9, 4: 3, 5: 0, 6: 4, 7: 6}
Trying to moving ion 9... to 9
Ion assignment after moving ion 9: {0: 7, 1: 1, 2: 2, 3: 9, 4: 3, 5: 0, 6: 4, 7: 6}
Gate position gate updated to [9 4]--------------c
Trying to moving ion 4... to 10
Ion assignment after moving ion 4: {0: 7, 1: 1, 2: 2, 3: 9, 4: 3, 5: 0, 6: 10, 7: 6}
Executing gate at point (0, 1).
Executing gate at point (0, 3).
Executing gate at point (0, 0).
Executing gate at point (1, 2).
Best move: (1, 2)
Best move: (2, 12)
Best move: (6, 7)
Best move: (12, 14)
Best move: (14, 15)
Best move: (8, 15)
Try bruteforce due to multiple steps (6) to solve one gate
Trying to solve brute-force congestion at gate [8, 7] with {0: 6, 1: 8, 2: 1, 3: 9, 4: 3, 5: 0, 6: 10, 7: 7}
Trying to moving ion 8... to 6
Ion assignment after moving ion 8: {0: 7, 1: 6, 2: 1, 3: 9, 4: 3, 5: 0, 6: 10, 7: 8}
Gate position gate updated to [6 8]--------------c
Trying to moving ion 8... to 7
Ion assignment after moving ion 8: {0: 8, 1: 6, 2: 1, 3: 9, 4: 3, 5: 0, 6: 10, 7: 7}
Executing gate at point (1, 1).
Best move: (7, 8)
Best move: (8, 15)
Best move: (15, 16)
Best move: (11, 16)
Executing gate at point (2, 3).
Best move: (10, 11)
Best move: (11, 16)
Best move: (14, 16)
Best move: (13, 14)
Best move: (5, 13)
Executing gate at point (1, 4).
Best move: (10, 11)
Best move: (11, 16)
Best move: (14, 16)
Best move: (13, 14)
Best move: (3, 4)
Best move: (3, 4)
Try bruteforce due to multiple steps (6) to solve one gate
Trying to solve brute-force congestion at gate [3, 13] with {0: 7, 1: 6, 2: 1, 3: 9, 4: 3, 5: 0, 6: 5, 7: 13}
Trying to moving ion 3... to 3
Ion assignment after moving ion 3: {0: 7, 1: 6, 2: 1, 3: 9, 4: 3, 5: 0, 6: 5, 7: 13}
Clearing endpoint 5.........
Gate position gate updated to [ 3 13]--------------c
Trying to moving ion 13... to 4
Ion assignment after moving ion 13: {0: 7, 1: 6, 2: 1, 3: 9, 4: 3, 5: 0, 6: 5, 7: 4}
Executing gate at point (3, 4).
Best move: (4, 5)
Best move: (5, 13)
Best move: (12, 13)
Best move: (2, 12)
Executing gate at point (4, 5).
Trying to solve brute-force congestion at gate [9, 16] with {0: 7, 1: 6, 2: 1, 3: 9, 4: 3, 5: 0, 6: 4, 7: 16}
Trying to moving ion 9... to 9
Ion assignment after moving ion 9: {0: 7, 1: 6, 2: 1, 3: 9, 4: 3, 5: 0, 6: 4, 7: 16}
Gate position gate updated to [ 9 16]--------------c
Trying to moving ion 16... to 10
Ion assignment after moving ion 16: {0: 7, 1: 6, 2: 1, 3: 9, 4: 3, 5: 0, 6: 4, 7: 10}
Trying to solve brute-force congestion at gate [6, 10] with {0: 7, 1: 6, 2: 1, 3: 9, 4: 3, 5: 0, 6: 4, 7: 10}
Trying to moving ion 6... to 6
Ion assignment after moving ion 6: {0: 7, 1: 6, 2: 1, 3: 9, 4: 3, 5: 0, 6: 4, 7: 10}
Gate position gate updated to [ 6 10]--------------c
Trying to moving ion 10... to 7
Ion assignment after moving ion 10: {0: 8, 1: 6, 2: 1, 3: 9, 4: 3, 5: 0, 6: 4, 7: 7}
Trying to solve brute-force congestion at gate [6, 0] with {0: 8, 1: 6, 2: 1, 3: 9, 4: 3, 5: 0, 6: 4, 7: 7}
Trying to moving ion 0... to 0
Ion assignment after moving ion 0: {0: 8, 1: 6, 2: 1, 3: 9, 4: 3, 5: 0, 6: 4, 7: 7}
Gate position gate updated to [0 6]--------------c
Trying to moving ion 6... to 1
Ion assignment after moving ion 6: {0: 7, 1: 1, 2: 2, 3: 9, 4: 3, 5: 0, 6: 4, 7: 6}
Trying to solve brute-force congestion at gate [9, 4] with {0: 7, 1: 1, 2: 2, 3: 9, 4: 3, 5: 0, 6: 4, 7: 6}
Trying to moving ion 9... to 9
Ion assignment after moving ion 9: {0: 7, 1: 1, 2: 2, 3: 9, 4: 3, 5: 0, 6: 4, 7: 6}Input filename:  QAOA_wsq_8_compiled
Algorithm:  SHAPER
Trap type:  H
Trap capacity:  3
Num layout passes:  2
Gate type:  FM
Run index:  1
Creating a QCCD machine ...
QCCD physical machine:
### Traps ### 
Trap(id='trap_0', max_num_ions=3, initial_num_ions=0, executable=True, measureable=False)
Trap(id='trap_1', max_num_ions=3, initial_num_ions=0, executable=True, measureable=True)
Trap(id='trap_2', max_num_ions=3, initial_num_ions=0, executable=True, measureable=False)
Trap(id='trap_3', max_num_ions=3, initial_num_ions=0, executable=True, measureable=True)
### Junctions ### 
Junction(id='junction_0')
Junction(id='junction_1')
### Segments ### 
Segment(id='segment_0', left=Trap(id='trap_0', max_num_ions=3, initial_num_ions=0, executable=True, measureable=False), right=Junction(id='junction_0'))
Segment(id='segment_1', left=Trap(id='trap_1', max_num_ions=3, initial_num_ions=0, executable=True, measureable=True), right=Junction(id='junction_0'))
Segment(id='segment_2', left=Junction(id='junction_0'), right=Junction(id='junction_1'))
Segment(id='segment_3', left=Trap(id='trap_2', max_num_ions=3, initial_num_ions=0, executable=True, measureable=False), right=Junction(id='junction_1'))
Segment(id='segment_4', left=Trap(id='trap_3', max_num_ions=3, initial_num_ions=0, executable=True, measureable=True), right=Junction(id='junction_1'))
Finished creating the QCCD physical machine.
Position graph:  CouplingGraph({(0, 1), (9, 10), (13, 14), (1, 2), (10, 11), (3, 4), (11, 16), (12, 13), (14, 16), (5, 13), (6, 7), (4, 5), (12, 14), (15, 16), (2, 12), (8, 15), (14, 15), (7, 8)})
Initial ion assignment:  {0: 1, 1: 2, 2: 8, 3: 5, 4: 3, 5: 0, 6: 6, 7: 7}
Congestion rate:  1.0
Scheduling QCCD: 2480.0000000000005 us, costing 6.090144000016153 s to compile
0.0024800000000000004
6.090144000016153
{0: 7, 1: 1, 2: 2, 3: 9, 4: 3, 5: 0, 6: 10, 7: 6}
[0, 1, 2, 3, 4, 5, 6, 7]
