Best move: (5, 13)
Best move: (12, 13)
Best move: (9, 10)
Best move: (10, 11)
Best move: (11, 16)
Best move: (15, 16)
Try bruteforce due to multiple steps (6) to solve one gate
Trying to solve brute-force congestion at gate [6, 15] with {0: 1, 1: 6, 2: 4, 3: 7, 4: 10, 5: 15, 6: 3, 7: 12}
Trying to moving ion 6... to 6
Ion assignment after moving ion 6: {0: 1, 1: 6, 2: 4, 3: 7, 4: 10, 5: 15, 6: 3, 7: 12}
Gate position gate updated to [ 6 15]--------------c
Trying to moving ion 15... to 7
Ion assignment after moving ion 15: {0: 1, 1: 6, 2: 4, 3: 8, 4: 10, 5: 7, 6: 3, 7: 12}
Executing gate at point (0, 1).
Best move: (8, 15)
Best move: (14, 15)
Best move: (13, 14)
Best move: (5, 13)
Executing gate at point (0, 3).
Best move: (4, 5)
Best move: (5, 13)
Best move: (13, 14)
Best move: (14, 15)
Best move: (10, 11)
Best move: (11, 16)
Try bruteforce due to multiple steps (6) to solve one gate
Trying to solve brute-force congestion at gate [1, 12] with {0: 1, 1: 6, 2: 15, 3: 4, 4: 16, 5: 7, 6: 3, 7: 12}
Trying to moving ion 1... to 0
Ion assignment after moving ion 1: {0: 0, 1: 6, 2: 15, 3: 4, 4: 16, 5: 7, 6: 3, 7: 12}
Gate position gate updated to [ 0 12]--------------c
Trying to moving ion 12... to 1
Ion assignment after moving ion 12: {0: 0, 1: 6, 2: 15, 3: 4, 4: 16, 5: 7, 6: 3, 7: 1}
Executing gate at point (0, 0).
Best move: (14, 16)
Best move: (13, 14)
Best move: (5, 13)
Executing gate at point (1, 4).
Best move: (8, 15)
Executing gate at point (1, 2).
Best move: (6, 7)
Best move: (7, 8)
Best move: (8, 15)
Best move: (14, 15)
Best move: (12, 14)
Best move: (2, 12)
Try bruteforce due to multiple steps (6) to solve one gate
Trying to solve brute-force congestion at gate [2, 1] with {0: 0, 1: 2, 2: 7, 3: 4, 4: 5, 5: 6, 6: 3, 7: 1}
Trying to moving ion 2... to 0
Ion assignment after moving ion 2: {0: 1, 1: 0, 2: 7, 3: 4, 4: 5, 5: 6, 6: 3, 7: 2}
Gate position gate updated to [0 2]--------------c
Trying to moving ion 2... to 1
Ion assignment after moving ion 2: {0: 2, 1: 0, 2: 7, 3: 4, 4: 5, 5: 6, 6: 3, 7: 1}
Executing gate at point (1, 1).
Best move: (1, 2)
Best move: (2, 12)
Best move: (4, 5)
Best move: (5, 13)
Best move: (13, 14)
Best move: (12, 13)
Try bruteforce due to multiple steps (6) to solve one gate
Trying to solve brute-force congestion at gate [14, 13] with {0: 1, 1: 0, 2: 7, 3: 14, 4: 4, 5: 6, 6: 3, 7: 13}
Trying to moving ion 13... to 3
Ion assignment after moving ion 13: {0: 1, 1: 0, 2: 7, 3: 14, 4: 5, 5: 6, 6: 4, 7: 3}
Clearing endpoint 5.........
Gate position gate updated to [ 3 14]--------------c
Trying to moving ion 14... to 4
Ion assignment after moving ion 14: {0: 1, 1: 0, 2: 7, 3: 4, 4: 12, 5: 6, 6: 5, 7: 3}
Executing gate at point (2, 3).
Best move: (3, 4)
Best move: (4, 5)
Best move: (5, 13)
Best move: (13, 14)
Best move: (14, 15)
Best move: (12, 14)
Try bruteforce due to multiple steps (6) to solve one gate
Trying to solve brute-force congestion at gate [14, 15] with {0: 1, 1: 0, 2: 7, 3: 3, 4: 14, 5: 6, 6: 4, 7: 15}
Trying to moving ion 14... to 9
Ion assignment after moving ion 14: {0: 1, 1: 0, 2: 7, 3: 3, 4: 9, 5: 6, 6: 4, 7: 15}
Gate position gate updated to [ 9 15]--------------c
Trying to moving ion 15... to 10
Ion assignment after moving ion 15: {0: 1, 1: 0, 2: 7, 3: 3, 4: 9, 5: 6, 6: 4, 7: 10}
Executing gate at point (3, 4).
Best move: (10, 11)
Best move: (11, 16)
Best move: (15, 16)
Best move: (8, 15)
Executing gate at point (4, 5).
Trying to solve brute-force congestion at gate [3, 13] with {0: 1, 1: 0, 2: 7, 3: 3, 4: 9, 5: 6, 6: 4, 7: 13}
Trying to moving ion 3... to 3
Ion assignment after moving ion 3: {0: 1, 1: 0, 2: 7, 3: 3, 4: 9, 5: 6, 6: 4, 7: 13}
Gate position gate updated to [ 3 13]--------------c
Trying to moving ion 13... to 4
Ion assignment after moving ion 13: {0: 1, 1: 0, 2: 7, 3: 3, 4: 9, 5: 6, 6: 5, 7: 4}
Trying to solve brute-force congestion at gate [0, 4] with {0: 1, 1: 0, 2: 7, 3: 3, 4: 9, 5: 6, 6: 5, 7: 4}
Trying to moving ion 0... to 0
Ion assignment after moving ion 0: {0: 1, 1: 0, 2: 7, 3: 3, 4: 9, 5: 6, 6: 5, 7: 4}
Gate position gate updated to [0 4]--------------c
Trying to moving ion 4... to 1
Ion assignment after moving ion 4: {0: 2, 1: 0, 2: 7, 3: 3, 4: 9, 5: 6, 6: 4, 7: 1}
Trying to solve brute-force congestion at gate [0, 6] with {0: 2, 1: 0, 2: 7, 3: 3, 4: 9, 5: 6, 6: 4, 7: 1}
Trying to moving ion 6... to 6
Ion assignment after moving ion 6: {0: 2, 1: 0, 2: 7, 3: 3, 4: 9, 5: 6, 6: 4, 7: 1}
Gate position gate updated to [6 0]--------------c
Trying to moving ion 0... to 7
Ion assignment after moving ion 0: {0: 1, 1: 7, 2: 8, 3: 3, 4: 9, 5: 6, 6: 4, 7: 0}
Trying to solve brute-force congestion at gate [9, 4] with {0: 1, 1: 7, 2: 8, 3: 3, 4: 9, 5: 6, 6: 4, 7: 0}
Trying to moving ion 9... to 9
Ion assignment after moving ion 9: {0: 1, 1: 7, 2: 8, 3: 3, 4: 9, 5: 6, 6: 4, 7: 0}
Gate position gate updated to [9 4]--------------c
Trying to moving ion 4... to 10
Ion assignment after moving ion 4: {0: 1, 1: 7, 2: 8, 3: 3, 4: 9, 5: 6, 6: 10, 7: 0}
Trying to solve brute-force congestion at gate [3, 10] with {0: 1, 1: 7, 2: 8, 3: 3, 4: 9, 5: 6, 6: 10, 7: 0}
Trying to moving ion 3... to 3
Ion assignment after moving ion 3: {0: 1, 1: 7, 2: 8, 3: 3, 4: 9, 5: 6, 6: 10, 7: 0}
Gate position gate updated to [ 3 10]--------------c
Trying to moving ion 10... to 4
Ion assignment after moving ion 10: {0: 1, 1: 7, 2: 8, 3: 3, 4: 9, 5: 6, 6: 4, 7: 0}
Executing gate at point (0, 1).
Executing gate at point (0, 3).
Executing gate at point (0, 0).
Executing gate at point (1, 2).
Best move: (7, 8)
Best move: (8, 15)
Best move: (0, 1)
Best move: (14, 15)
Best move: (12, 14)
Best move: (2, 12)
Try bruteforce due to multiple steps (6) to solve one gate
Trying to solve brute-force congestion at gate [2, 1] with {0: 0, 1: 2, 2: 7, 3: 3, 4: 9, 5: 6, 6: 4, 7: 1}
Trying to moving ion 2... to 0
Ion assignment after moving ion 2: {0: 1, 1: 0, 2: 7, 3: 3, 4: 9, 5: 6, 6: 4, 7: 2}
Gate position gate updated to [0 2]--------------c
Trying to moving ion 2... to 1
Ion assignment after moving ion 2: {0: 2, 1: 0, 2: 7, 3: 3, 4: 9, 5: 6, 6: 4, 7: 1}
Executing gate at point (1, 1).
Best move: (1, 2)
Best move: (2, 12)
Best move: (12, 13)
Best move: (5, 13)
Executing gate at point (2, 3).
Best move: (4, 5)
Best move: (5, 13)
Best move: (13, 14)
Best move: (14, 16)
Best move: (11, 16)
Executing gate at point (1, 4).
Best move: (4, 5)
Best move: (5, 13)
Best move: (13, 14)
Best move: (14, 16)
Best move: (9, 10)
Best move: (9, 10)
Try bruteforce due to multiple steps (6) to solve one gate
Trying to solve brute-force congestion at gate [9, 16] with {0: 1, 1: 0, 2: 7, 3: 3, 4: 9, 5: 6, 6: 11, 7: 16}
Trying to moving ion 9... to 9
Ion assignment after moving ion 9: {0: 1, 1: 0, 2: 7, 3: 3, 4: 9, 5: 6, 6: 11, 7: 16}
Clearing endpoint 11.........
Gate position gate updated to [ 9 16]--------------c
Trying to moving ion 16... to 10
Ion assignment after moving ion 16: {0: 1, 1: 0, 2: 7, 3: 3, 4: 9, 5: 6, 6: 11, 7: 10}
Executing gate at point (3, 4).
Best move: (10, 11)
Best move: (11, 16)
Best move: (15, 16)
Best move: (8, 15)
Executing gate at point (4, 5).
Trying to solve brute-force congestion at gate [3, 13] with {0: 1, 1: 0, 2: 7, 3: 3, 4: 9, 5: 6, 6: 10, 7: 13}
Trying to moving ion 3... to 3
Ion assignment after moving ion 3: {0: 1, 1: 0, 2: 7, 3: 3, 4: 9, 5: 6, 6: 10, 7: 13}
Gate position gate updated to [ 3 13]--------------c
Trying to moving ion 13... to 4
Ion assignment after moving ion 13: {0: 1, 1: 0, 2: 7, 3: 3, 4: 9, 5: 6, 6: 10, 7: 4}
Trying to solve brute-force congestion at gate [0, 4] with {0: 1, 1: 0, 2: 7, 3: 3, 4: 9, 5: 6, 6: 10, 7: 4}
Trying to moving ion 0... to 0
Ion assignment after moving ion 0: {0: 1, 1: 0, 2: 7, 3: 3, 4: 9, 5: 6, 6: 10, 7: 4}
Gate position gate updated to [0 4]--------------c
Trying to moving ion 4... to 1
Ion assignment after moving ion 4: {0: 2, 1: 0, 2: 7, 3: 3, 4: 9, 5: 6, 6: 10, 7: 1}
Trying to solve brute-force congestion at gate [0, 6] with {0: 2, 1: 0, 2: 7, 3: 3, 4: 9, 5: 6, 6: 10, 7: 1}
Trying to moving ion 6... to 6Input filename:  QAOA_wsq_8_compiled
Algorithm:  SHAPER
Trap type:  H
Trap capacity:  3
Num layout passes:  2
Gate type:  FM
Run index:  6
Creating a QCCD machine ...
QCCD physical machine:
### Traps ### 
Trap(id='trap_0', max_num_ions=3, initial_num_ions=0, executable=True, measureable=False)
Trap(id='trap_1', max_num_ions=3, initial_num_ions=0, executable=True, measureable=True)
Trap(id='trap_2', max_num_ions=3, initial_num_ions=0, executable=True, measureable=False)
Trap(id='trap_3', max_num_ions=3, initial_num_ions=0, executable=True, measureable=True)
### Junctions ### 
Junction(id='junction_0')
Junction(id='junction_1')
### Segments ### 
Segment(id='segment_0', left=Trap(id='trap_0', max_num_ions=3, initial_num_ions=0, executable=True, measureable=False), right=Junction(id='junction_0'))
Segment(id='segment_1', left=Trap(id='trap_1', max_num_ions=3, initial_num_ions=0, executable=True, measureable=True), right=Junction(id='junction_0'))
Segment(id='segment_2', left=Junction(id='junction_0'), right=Junction(id='junction_1'))
Segment(id='segment_3', left=Trap(id='trap_2', max_num_ions=3, initial_num_ions=0, executable=True, measureable=False), right=Junction(id='junction_1'))
Segment(id='segment_4', left=Trap(id='trap_3', max_num_ions=3, initial_num_ions=0, executable=True, measureable=True), right=Junction(id='junction_1'))
Finished creating the QCCD physical machine.
Position graph:  CouplingGraph({(0, 1), (9, 10), (13, 14), (1, 2), (10, 11), (3, 4), (11, 16), (12, 13), (14, 16), (5, 13), (6, 7), (4, 5), (12, 14), (15, 16), (2, 12), (8, 15), (14, 15), (7, 8)})
Initial ion assignment:  {0: 1, 1: 6, 2: 4, 3: 7, 4: 11, 5: 9, 6: 3, 7: 5}
Congestion rate:  1.0
Scheduling QCCD: 2480.0000000000005 us, costing 6.385214100009762 s to compile
0.0024800000000000004
6.385214100009762
{0: 1, 1: 7, 2: 8, 3: 3, 4: 9, 5: 6, 6: 4, 7: 0}
[0, 1, 2, 3, 4, 5, 6, 7]
