Best move: (7, 8)
Best move: (8, 15)
Best move: (14, 15)
Best move: (12, 14)
Best move: (1, 2)
Best move: (2, 12)
Try bruteforce due to multiple steps (6) to solve one gate
Trying to solve brute-force congestion at gate [2, 1] with {0: 7, 1: 6, 2: 5, 3: 4, 4: 11, 5: 0, 6: 2, 7: 1}
Trying to moving ion 2... to 0
Ion assignment after moving ion 2: {0: 7, 1: 6, 2: 5, 3: 4, 4: 11, 5: 1, 6: 0, 7: 2}
Gate position gate updated to [0 2]--------------c
Trying to moving ion 2... to 1
Ion assignment after moving ion 2: {0: 7, 1: 6, 2: 5, 3: 4, 4: 11, 5: 2, 6: 0, 7: 1}
Executing gate at point (0, 6).
Executing gate at point (1, 6).
Executing gate at point (2, 5).
Executing gate at point (3, 5).
Executing gate at point (4, 5).
Executing gate at point (5, 5).
Best move: (1, 2)
Best move: (2, 12)
Best move: (12, 14)
Best move: (14, 16)
Best move: (10, 11)
Best move: (11, 16)
Try bruteforce due to multiple steps (6) to solve one gate
Trying to solve brute-force congestion at gate [10, 11] with {0: 7, 1: 6, 2: 5, 3: 4, 4: 10, 5: 1, 6: 0, 7: 11}
Trying to moving ion 10... to 9
Ion assignment after moving ion 10: {0: 7, 1: 6, 2: 5, 3: 4, 4: 9, 5: 1, 6: 0, 7: 11}
Gate position gate updated to [ 9 11]--------------c
Trying to moving ion 11... to 10
Ion assignment after moving ion 11: {0: 7, 1: 6, 2: 5, 3: 4, 4: 9, 5: 1, 6: 0, 7: 10}
Executing gate at point (4, 4).
Executing gate at point (5, 4).
Best move: (0, 1)
Best move: (4, 5)
Best move: (5, 13)
Best move: (13, 14)
Best move: (14, 16)
Best move: (11, 16)
Try bruteforce due to multiple steps (6) to solve one gate
Trying to solve brute-force congestion at gate [11, 10] with {0: 7, 1: 6, 2: 4, 3: 11, 4: 9, 5: 0, 6: 1, 7: 10}
Trying to moving ion 11... to 9
Ion assignment after moving ion 11: {0: 7, 1: 6, 2: 4, 3: 9, 4: 10, 5: 0, 6: 1, 7: 11}
Gate position gate updated to [ 9 11]--------------c
Trying to moving ion 11... to 10
Ion assignment after moving ion 11: {0: 7, 1: 6, 2: 4, 3: 9, 4: 11, 5: 0, 6: 1, 7: 10}
Executing gate at point (6, 3).
Executing gate at point (7, 3).
Best move: (11, 16)
Best move: (14, 16)
Best move: (12, 14)
Best move: (2, 12)
Executing gate at point (6, 4).
Executing gate at point (7, 4).
Executing gate at point (8, 4).
Executing gate at point (9, 4).
Best move: (1, 2)
Best move: (2, 12)
Best move: (12, 14)
Best move: (14, 16)
Best move: (11, 16)
Executing gate at point (8, 3).
Executing gate at point (9, 3).
Best move: (10, 11)
Best move: (11, 16)
Best move: (14, 16)
Best move: (13, 14)
Best move: (5, 13)
Executing gate at point (8, 2).
Executing gate at point (9, 2).
Best move: (5, 13)
Best move: (13, 14)
Best move: (14, 15)
Best move: (8, 15)
Executing gate at point (10, 1).
Executing gate at point (11, 1).
Executing gate at point (12, 0).
Executing gate at point (13, 0).
Best move: (0, 1)
Best move: (1, 2)
Best move: (2, 12)
Best move: (12, 14)
Best move: (14, 16)
Best move: (11, 16)
Try bruteforce due to multiple steps (6) to solve one gate
Trying to solve brute-force congestion at gate [4, 10] with {0: 7, 1: 6, 2: 4, 3: 9, 4: 0, 5: 11, 6: 10, 7: 8}
Trying to moving ion 4... to 3
Ion assignment after moving ion 4: {0: 7, 1: 6, 2: 3, 3: 9, 4: 0, 5: 11, 6: 10, 7: 8}
Gate position gate updated to [ 3 10]--------------c
Trying to moving ion 10... to 4
Ion assignment after moving ion 10: {0: 7, 1: 6, 2: 3, 3: 9, 4: 0, 5: 10, 6: 4, 7: 8}
Executing gate at point (10, 2).
Executing gate at point (10, 3).
Executing gate at point (11, 2).
Executing gate at point (11, 3).
Best move: (6, 7)
Best move: (7, 8)
Best move: (8, 15)
Best move: (0, 1)
Best move: (1, 2)
Best move: (2, 12)
Try bruteforce due to multiple steps (6) to solve one gate
Trying to solve brute-force congestion at gate [15, 4] with {0: 6, 1: 15, 2: 3, 3: 9, 4: 12, 5: 10, 6: 4, 7: 7}
Trying to moving ion 4... to 3
Ion assignment after moving ion 4: {0: 6, 1: 15, 2: 4, 3: 9, 4: 12, 5: 10, 6: 3, 7: 7}
Gate position gate updated to [ 3 15]--------------c
Trying to moving ion 15... to 4
Ion assignment after moving ion 15: {0: 6, 1: 4, 2: 5, 3: 9, 4: 12, 5: 10, 6: 3, 7: 7}
Executing gate at point (12, 1).
Executing gate at point (13, 1).
Best move: (5, 13)
Best move: (6, 7)
Best move: (13, 14)
Best move: (14, 16)
Best move: (12, 14)
Best move: (7, 8)
Try bruteforce due to multiple steps (6) to solve one gate
Trying to solve brute-force congestion at gate [9, 14] with {0: 8, 1: 4, 2: 16, 3: 9, 4: 14, 5: 10, 6: 3, 7: 6}
Trying to moving ion 9... to 9
Ion assignment after moving ion 9: {0: 8, 1: 4, 2: 16, 3: 9, 4: 14, 5: 10, 6: 3, 7: 6}
Gate position gate updated to [ 9 14]--------------c
Trying to moving ion 14... to 10
Ion assignment after moving ion 14: {0: 8, 1: 4, 2: 15, 3: 9, 4: 10, 5: 11, 6: 3, 7: 6}
Executing gate at point (12, 3).
Executing gate at point (13, 3).
Best move: (11, 16)
Best move: (14, 15)
Best move: (8, 15)
Best move: (12, 14)
Best move: (14, 16)
Best move: (3, 4)
Try bruteforce due to multiple steps (6) to solve one gate
Trying to solve brute-force congestion at gate [12, 14] with {0: 15, 1: 3, 2: 12, 3: 9, 4: 10, 5: 14, 6: 4, 7: 6}
Trying to moving ion 12... to 0
Ion assignment after moving ion 12: {0: 15, 1: 3, 2: 0, 3: 9, 4: 10, 5: 14, 6: 4, 7: 6}
Gate position gate updated to [ 0 14]--------------c
Trying to moving ion 14... to 1
Ion assignment after moving ion 14: {0: 15, 1: 3, 2: 0, 3: 9, 4: 10, 5: 1, 6: 4, 7: 6}
Executing gate at point (12, 2).
Executing gate at point (13, 2).
Best move: (14, 15)
Best move: (13, 14)
Best move: (10, 11)
Best move: (11, 16)
Best move: (14, 16)
Best move: (12, 14)
Try bruteforce due to multiple steps (6) to solve one gate
Trying to solve brute-force congestion at gate [3, 1] with {0: 13, 1: 3, 2: 0, 3: 9, 4: 12, 5: 1, 6: 4, 7: 6}
Trying to moving ion 3... to 3
Ion assignment after moving ion 3: {0: 13, 1: 3, 2: 0, 3: 9, 4: 12, 5: 1, 6: 4, 7: 6}
Gate position gate updated to [3 1]--------------c
Trying to moving ion 1... to 4
Ion assignment after moving ion 1: {0: 14, 1: 3, 2: 0, 3: 9, 4: 16, 5: 4, 6: 5, 7: 6}
Executing gate at point (14, 1).
Executing gate at point (15, 1).
Best move: (5, 13)
Best move: (12, 14)
Best move: (14, 16)
Best move: (2, 12)
Best move: (1, 2)
Best move: (12, 14)
Try bruteforce due to multiple steps (6) to solve one gate
Trying to solve brute-force congestion at gate [0, 12] with {0: 1, 1: 3, 2: 0, 3: 9, 4: 12, 5: 4, 6: 13, 7: 6}
Trying to moving ion 0... to 0
Ion assignment after moving ion 0: {0: 1, 1: 3, 2: 0, 3: 9, 4: 12, 5: 4, 6: 13, 7: 6}
Gate position gate updated to [ 0 12]--------------c
Trying to moving ion 12... to 1
Ion assignment after moving ion 12: {0: 2, 1: 3, 2: 0, 3: 9, 4: 1, 5: 4, 6: 13, 7: 6}
Executing gate at point (14, 2).
Executing gate at point (15, 2).
Best move: (2, 12)
Best move: (12, 14)
Best move: (14, 15)
Best move: (13, 14)
Best move: (3, 4)
Best move: (4, 5)
Try bruteforce due to multiple steps (6) to solve one gate
Trying to solve brute-force congestion at gate [5, 1] with {0: 15, 1: 5, 2: 0, 3: 9, 4: 1, 5: 3, 6: 14, 7: 6}
Trying to moving ion 1... to 0
Ion assignment after moving ion 1: {0: 15, 1: 5, 2: 1, 3: 9, 4: 0, 5: 3, 6: 14, 7: 6}
Gate position gate updated to [0 5]--------------c
Trying to moving ion 5... to 1
Ion assignment after moving ion 5: {0: 15, 1: 1, 2: 2, 3: 9, 4: 0, 5: 3, 6: 14, 7: 6}
Executing gate at point (16, 1).
Executing gate at point (17, 1).
Best move: (2, 12)
Best move: (9, 10)
Best move: (8, 15)
Best move: (14, 15)
Best move: (12, 14)
Best move: (14, 16)
Try bruteforce due to multiple steps (6) to solve one gate
Trying to solve brute-force congestion at gate [16, 10] with {0: 8, 1: 1, 2: 16, 3: 10, 4: 0, 5: 3, 6: 15, 7: 6}
Trying to moving ion 10... to 9
Ion assignment after moving ion 10: {0: 8, 1: 1, 2: 16, 3: 9, 4: 0, 5: 3, 6: 15, 7: 6}
Gate position gate updated to [ 9 16]--------------c
Trying to moving ion 16... to 10
Ion assignment after moving ion 16: {0: 8, 1: 1, 2: 10, 3: 9, 4: 0, 5: 3, 6: 15, 7: 6}
Executing gate at point (16, 2).
Executing gate at point (17, 2).
Best move: (1, 2)
Best move: (2, 12)
Best move: (12, 14)
Best move: (14, 16)
Best move: (11, 16)
Executing gate at point (18, 1).
Executing gate at point (19, 1).
Executing gate at point (20, 1).
Executing gate at point (21, 1).
Best move: (7, 8)
Best move: (8, 15)
Executing gate at point (14, 0).
Executing gate at point (15, 0).
Best move: (7, 8)
Best move: (8, 15)
Best move: (14, 15)
Best move: (13, 14)
Best move: (5, 13)
Executing gate at point (16, 0).
Executing gate at point (17, 0).
Best move: (5, 13)
Best move: (12, 13)
Best move: (2, 12)
Executing gate at point (18, 0).
Executing gate at point (19, 0).
Best move: (9, 10)
Best move: (10, 11)
Best move: (11, 16)
Best move: (14, 16)
Best move: (12, 14)
Best move: (1, 2)
Try bruteforce due to multiple steps (6) to solve one gate
Trying to solve brute-force congestion at gate [1, 12] with {0: 1, 1: 10, 2: 9, 3: 12, 4: 0, 5: 3, 6: 7, 7: 6}
Trying to moving ion 1... to 0
Ion assignment after moving ion 1: {0: 0, 1: 10, 2: 9, 3: 12, 4: 1, 5: 3, 6: 7, 7: 6}
Gate position gate updated to [ 0 12]--------------c
Trying to moving ion 12... to 1
Ion assignment after moving ion 12: {0: 0, 1: 10, 2: 9, 3: 1, 4: 2, 5: 3, 6: 7, 7: 6}
Executing gate at point (20, 0).
Executing gate at point (21, 0).
Executing gate at point (22, 3).
Executing gate at point (23, 3).
Executing gate at point (24, 3).
Best move: (0, 1)
Best move: (1, 2)
Best move: (2, 12)
Best move: (12, 14)
Best move: (14, 16)
Best move: (11, 16)
Try bruteforce due to multiple steps (6) to solve one gate
Trying to solve brute-force congestion at gate [11, 9] with {0: 11, 1: 10, 2: 9, 3: 0, 4: 1, 5: 3, 6: 7, 7: 6}
Trying to moving ion 11... to 9
Ion assignment after moving ion 11: {0: 9, 1: 11, 2: 10, 3: 0, 4: 1, 5: 3, 6: 7, 7: 6}
Clearing endpoint 11.........
Gate position gate updated to [ 9 10]--------------c
Trying to moving ion 10... to 10
Ion assignment after moving ion 10: {0: 9, 1: 16, 2: 10, 3: 0, 4: 1, 5: 3, 6: 7, 7: 6}
Executing gate at point (22, 0).
Executing gate at point (23, 0).
Best move: (11, 16)
Executing gate at point (24, 0).
Executing gate at point (25, 0).
Best move: (10, 11)
Best move: (11, 16)
Best move: (14, 16)
Best move: (13, 14)
Best move: (5, 13)
Executing gate at point (24, 2).
Executing gate at point (25, 2).
Executing gate at point (26, 2).
Best move: (9, 10)
Best move: (7, 8)
Best move: (8, 15)
Best move: (15, 16)
Best move: (11, 16)
Executing gate at point (26, 1).
Executing gate at point (27, 1).
Executing gate at point (28, 1).
Best move: (10, 11)
Best move: (11, 16)
Best move: (15, 16)
Best move: (8, 15)
Executing gate at point (26, 0).
Executing gate at point (27, 0).
Executing gate at point (28, 0).
Trying to solve brute-force congestion at gate [13, 5] with {0: 13, 1: 9, 2: 5, 3: 0, 4: 1, 5: 3, 6: 10, 7: 6}
Trying to moving ion 5... to 3
Ion assignment after moving ion 5: {0: 13, 1: 9, 2: 3, 3: 0, 4: 1, 5: 4, 6: 10, 7: 6}
Gate position gate updated to [ 3 13]--------------c
Trying to moving ion 13... to 4
Ion assignment after moving ion 13: {0: 4, 1: 9, 2: 3, 3: 0, 4: 1, 5: 5, 6: 10, 7: 6}
Trying to solve brute-force congestion at gate [4, 3] with {0: 4, 1: 9, 2: 3, 3: 0, 4: 1, 5: 5, 6: 10, 7: 6}
Trying to moving ion 4... to 3
Ion assignment after moving ion 4: {0: 3, 1: 9, 2: 4, 3: 0, 4: 1, 5: 5, 6: 10, 7: 6}
Clearing endpoint 5.........
Gate position gate updated to [3 4]--------------c
Trying to moving ion 4... to 4
Ion assignment after moving ion 4: {0: 3, 1: 9, 2: 4, 3: 0, 4: 1, 5: 13, 6: 10, 7: 6}
Trying to solve brute-force congestion at gate [3, 0] with {0: 3, 1: 9, 2: 4, 3: 0, 4: 1, 5: 13, 6: 10, 7: 6}
Trying to moving ion 0... to 0
Ion assignment after moving ion 0: {0: 3, 1: 9, 2: 4, 3: 0, 4: 1, 5: 13, 6: 10, 7: 6}
Gate position gate updated to [0 3]--------------c
Trying to moving ion 3... to 1
Ion assignment after moving ion 3: {0: 1, 1: 9, 2: 3, 3: 0, 4: 2, 5: 14, 6: 10, 7: 6}
Trying to solve brute-force congestion at gate [1, 0] with {0: 1, 1: 9, 2: 3, 3: 0, 4: 2, 5: 14, 6: 10, 7: 6}
Trying to moving ion 1... to 0
Ion assignment after moving ion 1: {0: 0, 1: 9, 2: 3, 3: 1, 4: 2, 5: 14, 6: 10, 7: 6}
Clearing endpoint 2.........
Gate position gate updated to [0 1]--------------c
Trying to moving ion 1... to 1
Ion assignment after moving ion 1: {0: 0, 1: 9, 2: 3, 3: 1, 4: 12, 5: 14, 6: 10, 7: 6}
Trying to solve brute-force congestion at gate [9, 3] with {0: 0, 1: 9, 2: 3, 3: 1, 4: 12, 5: 14, 6: 10, 7: 6}
Trying to moving ion 9... to 9
Ion assignment after moving ion 9: {0: 0, 1: 9, 2: 3, 3: 1, 4: 12, 5: 14, 6: 10, 7: 6}
Gate position gate updated to [9 3]--------------c
Trying to moving ion 3... to 10
Ion assignment after moving ion 3: {0: 0, 1: 9, 2: 10, 3: 1, 4: 12, 5: 15, 6: 11, 7: 6}
Trying to solve brute-force congestion at gate [9, 10] with {0: 0, 1: 9, 2: 10, 3: 1, 4: 12, 5: 15, 6: 11, 7: 6}
Trying to moving ion 9... to 9
Ion assignment after moving ion 9: {0: 0, 1: 9, 2: 10, 3: 1, 4: 12, 5: 15, 6: 11, 7: 6}
Clearing endpoint 11.........
Gate position gate updated to [ 9 10]--------------c
Trying to moving ion 10... to 10
Ion assignment after moving ion 10: {0: 0, 1: 9, 2: 10, 3: 1, 4: 12, 5: 15, 6: 16, 7: 6}
Trying to solve brute-force congestion at gate [0, 12] with {0: 0, 1: 9, 2: 10, 3: 1, 4: 12, 5: 15, 6: 16, 7: 6}
Trying to moving ion 0... to 0
Ion assignment after moving ion 0: {0: 0, 1: 9, 2: 10, 3: 1, 4: 12, 5: 15, 6: 16, 7: 6}
Gate position gate updated to [ 0 12]--------------c
Trying to moving ion 12... to 1
Ion assignment after moving ion 12: {0: 0, 1: 9, 2: 10, 3: 2, 4: 1, 5: 15, 6: 16, 7: 6}
Trying to solve brute-force congestion at gate [0, 1] with {0: 0, 1: 9, 2: 10, 3: 2, 4: 1, 5: 15, 6: 16, 7: 6}
Trying to moving ion 0... to 0
Ion assignment after moving ion 0: {0: 0, 1: 9, 2: 10, 3: 2, 4: 1, 5: 15, 6: 16, 7: 6}
Clearing endpoint 2.........
Gate position gate updated to [0 1]--------------c
Trying to moving ion 1... to 1
Ion assignment after moving ion 1: {0: 0, 1: 9, 2: 10, 3: 12, 4: 1, 5: 15, 6: 16, 7: 6}
Trying to solve brute-force congestion at gate [0, 15] with {0: 0, 1: 9, 2: 10, 3: 12, 4: 1, 5: 15, 6: 16, 7: 6}
Trying to moving ion 0... to 0
Ion assignment after moving ion 0: {0: 0, 1: 9, 2: 10, 3: 12, 4: 1, 5: 15, 6: 16, 7: 6}
Gate position gate updated to [ 0 15]--------------c
Trying to moving ion 15... to 1
Ion assignment after moving ion 15: {0: 0, 1: 9, 2: 10, 3: 13, 4: 2, 5: 1, 6: 16, 7: 6}
Trying to solve brute-force congestion at gate [0, 1] with {0: 0, 1: 9, 2: 10, 3: 13, 4: 2, 5: 1, 6: 16, 7: 6}
Trying to moving ion 0... to 0
Ion assignment after moving ion 0: {0: 0, 1: 9, 2: 10, 3: 13, 4: 2, 5: 1, 6: 16, 7: 6}
Clearing endpoint 2.........
Gate position gate updated to [0 1]--------------c
Trying to moving ion 1... to 1
Ion assignment after moving ion 1: {0: 0, 1: 9, 2: 10, 3: 13, 4: 12, 5: 1, 6: 16, 7: 6}
Trying to solve brute-force congestion at gate [0, 16] with {0: 0, 1: 9, 2: 10, 3: 13, 4: 12, 5: 1, 6: 16, 7: 6}
Trying to moving ion 0... to 0
Ion assignment after moving ion 0: {0: 0, 1: 9, 2: 10, 3: 13, 4: 12, 5: 1, 6: 16, 7: 6}
Gate position gate updated to [ 0 16]--------------c
Trying to moving ion 16... to 1
Ion assignment after moving ion 16: {0: 0, 1: 9, 2: 10, 3: 5, 4: 13, 5: 2, 6: 1, 7: 6}
Trying to solve brute-force congestion at gate [0, 1] with {0: 0, 1: 9, 2: 10, 3: 5, 4: 13, 5: 2, 6: 1, 7: 6}
Trying to moving ion 0... to 0
Ion assignment after moving ion 0: {0: 0, 1: 9, 2: 10, 3: 5, 4: 13, 5: 2, 6: 1, 7: 6}
Clearing endpoint 2.........
Gate position gate updated to [0 1]--------------c
Trying to moving ion 1... to 1
Ion assignment after moving ion 1: {0: 0, 1: 9, 2: 10, 3: 5, 4: 13, 5: 12, 6: 1, 7: 6}
Trying to solve brute-force congestion at gate [9, 5] with {0: 0, 1: 9, 2: 10, 3: 5, 4: 13, 5: 12, 6: 1, 7: 6}
Trying to moving ion 9... to 9
Ion assignment after moving ion 9: {0: 0, 1: 9, 2: 10, 3: 5, 4: 13, 5: 12, 6: 1, 7: 6}
Gate position gate updated to [9 5]--------------c
Trying to moving ion 5... to 10
Ion assignment after moving ion 5: {0: 0, 1: 9, 2: 11, 3: 10, 4: 15, 5: 12, 6: 1, 7: 6}
Trying to solve brute-force congestion at gate [9, 10] with {0: 0, 1: 9, 2: 11, 3: 10, 4: 15, 5: 12, 6: 1, 7: 6}
Trying to moving ion 9... to 9
Ion assignment after moving ion 9: {0: 0, 1: 9, 2: 11, 3: 10, 4: 15, 5: 12, 6: 1, 7: 6}
Clearing endpoint 11.........
Gate position gate updated to [ 9 10]--------------c
Trying to moving ion 10... to 10
Ion assignment after moving ion 10: {0: 0, 1: 9, 2: 16, 3: 10, 4: 15, 5: 12, 6: 1, 7: 6}
Trying to solve brute-force congestion at gate [9, 15] with {0: 0, 1: 9, 2: 16, 3: 10, 4: 15, 5: 12, 6: 1, 7: 6}
Trying to moving ion 9... to 9
Ion assignment after moving ion 9: {0: 0, 1: 9, 2: 16, 3: 10, 4: 15, 5: 12, 6: 1, 7: 6}
Gate position gate updated to [ 9 15]--------------c
Trying to moving ion 15... to 10
Ion assignment after moving ion 15: {0: 0, 1: 9, 2: 14, 3: 11, 4: 10, 5: 12, 6: 1, 7: 6}
Trying to solve brute-force congestion at gate [14, 11] with {0: 0, 1: 9, 2: 14, 3: 11, 4: 10, 5: 12, 6: 1, 7: 6}
Trying to moving ion 11... to 9
Ion assignment after moving ion 11: {0: 0, 1: 10, 2: 14, 3: 9, 4: 11, 5: 12, 6: 1, 7: 6}
Clearing endpoint 11.........
Gate position gate updated to [ 9 14]--------------c
Trying to moving ion 14... to 10
Ion assignment after moving ion 14: {0: 0, 1: 11, 2: 10, 3: 9, 4: 15, 5: 12, 6: 1, 7: 6}
Trying to solve brute-force congestion at gate [10, 9] with {0: 0, 1: 11, 2: 10, 3: 9, 4: 15, 5: 12, 6: 1, 7: 6}
Trying to moving ion 10... to 9
Ion assignment after moving ion 10: {0: 0, 1: 11, 2: 9, 3: 10, 4: 15, 5: 12, 6: 1, 7: 6}
Clearing endpoint 11.........
Gate position gate updated to [ 9 10]--------------c
Trying to moving ion 10... to 10
Ion assignment after moving ion 10: {0: 0, 1: 16, 2: 9, 3: 10, 4: 15, 5: 12, 6: 1, 7: 6}
Trying to solve brute-force congestion at gate [0, 6] with {0: 0, 1: 16, 2: 9, 3: 10, 4: 15, 5: 12, 6: 1, 7: 6}
Trying to moving ion 0... to 0
Ion assignment after moving ion 0: {0: 0, 1: 16, 2: 9, 3: 10, 4: 15, 5: 12, 6: 1, 7: 6}
Gate position gate updated to [0 6]--------------c
Trying to moving ion 6... to 1
Ion assignment after moving ion 6: {0: 0, 1: 16, 2: 9, 3: 10, 4: 5, 5: 13, 6: 2, 7: 1}
Trying to solve brute-force congestion at gate [0, 1] with {0: 0, 1: 16, 2: 9, 3: 10, 4: 5, 5: 13, 6: 2, 7: 1}
Trying to moving ion 0... to 0
Ion assignment after moving ion 0: {0: 0, 1: 16, 2: 9, 3: 10, 4: 5, 5: 13, 6: 2, 7: 1}
Clearing endpoint 2.........
Gate position gate updated to [0 1]--------------c
Trying to moving ion 1... to 1
Ion assignment after moving ion 1: {0: 0, 1: 16, 2: 9, 3: 10, 4: 5, 5: 13, 6: 12, 7: 1}
Trying to solve brute-force congestion at gate [16, 5] with {0: 0, 1: 16, 2: 9, 3: 10, 4: 5, 5: 13, 6: 12, 7: 1}
Trying to moving ion 5... to 3
Ion assignment after moving ion 5: {0: 0, 1: 16, 2: 9, 3: 10, 4: 3, 5: 13, 6: 12, 7: 1}
Gate position gate updated to [ 3 16]--------------c
Trying to moving ion 16... to 4
Ion assignment after moving ion 16: {0: 0, 1: 4, 2: 9, 3: 10, 4: 3, 5: 12, 6: 2, 7: 1}
Trying to solve brute-force congestion at gate [4, 12] with {0: 0, 1: 4, 2: 9, 3: 10, 4: 3, 5: 12, 6: 2, 7: 1}
Trying to moving ion 4... to 3
Ion assignment after moving ion 4: {0: 0, 1: 3, 2: 9, 3: 10, 4: 4, 5: 12, 6: 2, 7: 1}
Gate position gate updated to [ 3 12]--------------c
Trying to moving ion 12... to 4
Ion assignment after moving ion 12: {0: 0, 1: 3, 2: 9, 3: 10, 4: 5, 5: 4, 6: 2, 7: 1}
Trying to solve brute-force congestion at gate [3, 4] with {0: 0, 1: 3, 2: 9, 3: 10, 4: 5, 5: 4, 6: 2, 7: 1}
Trying to moving ion 3... to 3
Ion assignment after moving ion 3: {0: 0, 1: 3, 2: 9, 3: 10, 4: 5, 5: 4, 6: 2, 7: 1}
Clearing endpoint 5.........
Gate position gate updated to [3 4]--------------c
Trying to moving ion 4... to 4
Ion assignment after moving ion 4: {0: 0, 1: 3, 2: 9, 3: 10, 4: 13, 5: 4, 6: 2, 7: 1}
Trying to solve brute-force congestion at gate [9, 13] with {0: 0, 1: 3, 2: 9, 3: 10, 4: 13, 5: 4, 6: 2, 7: 1}
Trying to moving ion 9... to 9
Ion assignment after moving ion 9: {0: 0, 1: 3, 2: 9, 3: 10, 4: 13, 5: 4, 6: 2, 7: 1}
Gate position gate updated to [ 9 13]--------------c
Trying to moving ion 13... to 10
Ion assignment after moving ion 13: {0: 0, 1: 3, 2: 9, 3: 11, 4: 10, 5: 4, 6: 2, 7: 1}
Trying to solve brute-force congestion at gate [9, 10] with {0: 0, 1: 3, 2: 9, 3: 11, 4: 10, 5: 4, 6: 2, 7: 1}
Trying to moving ion 9... to 9
Ion assignment after moving ion 9: {0: 0, 1: 3, 2: 9, 3: 11, 4: 10, 5: 4, 6: 2, 7: 1}
Clearing endpoint 11.........
Gate position gate updated to [ 9 10]--------------c
Trying to moving ion 10... to 10
Ion assignment after moving ion 10: {0: 0, 1: 3, 2: 9, 3: 16, 4: 10, 5: 4, 6: 2, 7: 1}
Trying to solve brute-force congestion at gate [9, 4] with {0: 0, 1: 3, 2: 9, 3: 16, 4: 10, 5: 4, 6: 2, 7: 1}
Trying to moving ion 9... to 9
Ion assignment after moving ion 9: {0: 0, 1: 3, 2: 9, 3: 16, 4: 10, 5: 4, 6: 2, 7: 1}
Gate position gate updated to [9 4]--------------c
Trying to moving ion 4... to 10
Ion assignment after moving ion 4: {0: 0, 1: 3, 2: 9, 3: 15, 4: 11, 5: 10, 6: 2, 7: 1}
Trying to solve brute-force congestion at gate [15, 11] with {0: 0, 1: 3, 2: 9, 3: 15, 4: 11, 5: 10, 6: 2, 7: 1}
Trying to moving ion 11... to 9
Ion assignment after moving ion 11: {0: 0, 1: 3, 2: 10, 3: 15, 4: 9, 5: 11, 6: 2, 7: 1}
Clearing endpoint 11.........
Gate position gate updated to [ 9 15]--------------c
Trying to moving ion 15... to 10
Ion assignment after moving ion 15: {0: 0, 1: 3, 2: 11, 3: 10, 4: 9, 5: 14, 6: 2, 7: 1}
Trying to solve brute-force congestion at gate [10, 9] with {0: 0, 1: 3, 2: 11, 3: 10, 4: 9, 5: 14, 6: 2, 7: 1}
Trying to moving ion 10... to 9
Ion assignment after moving ion 10: {0: 0, 1: 3, 2: 11, 3: 9, 4: 10, 5: 14, 6: 2, 7: 1}
Clearing endpoint 11.........
Gate position gate updated to [ 9 10]--------------c
Trying to moving ion 10... to 10
Ion assignment after moving ion 10: {0: 0, 1: 3, 2: 16, 3: 9, 4: 10, 5: 14, 6: 2, 7: 1}
Trying to solve brute-force congestion at gate [3, 2] with {0: 0, 1: 3, 2: 16, 3: 9, 4: 10, 5: 14, 6: 2, 7: 1}
Trying to moving ion 3... to 3
Ion assignment after moving ion 3: {0: 0, 1: 3, 2: 16, 3: 9, 4: 10, 5: 14, 6: 2, 7: 1}
Gate position gate updated to [3 2]--------------c
Trying to moving ion 2... to 4
Ion assignment after moving ion 2: {0: 0, 1: 3, 2: 16, 3: 9, 4: 10, 5: 14, 6: 4, 7: 1}
Trying to solve brute-force congestion at gate [3, 4] with {0: 0, 1: 3, 2: 16, 3: 9, 4: 10, 5: 14, 6: 4, 7: 1}
Trying to moving ion 3... to 3
Ion assignment after moving ion 3: {0: 0, 1: 3, 2: 16, 3: 9, 4: 10, 5: 14, 6: 4, 7: 1}
Gate position gate updated to [3 4]--------------c
Trying to moving ion 4... to 4
Ion assignment after moving ion 4: {0: 0, 1: 3, 2: 16, 3: 9, 4: 10, 5: 14, 6: 4, 7: 1}
Trying to solve brute-force congestion at gate [3, 1] with {0: 0, 1: 3, 2: 16, 3: 9, 4: 10, 5: 14, 6: 4, 7: 1}
Trying to moving ion 3... to 3
Ion assignment after moving ion 3: {0: 0, 1: 3, 2: 16, 3: 9, 4: 10, 5: 14, 6: 4, 7: 1}
Gate position gate updated to [3 1]--------------c
Trying to moving ion 1... to 4
Ion assignment after moving ion 1: {0: 0, 1: 3, 2: 16, 3: 9, 4: 10, 5: 14, 6: 5, 7: 4}
Trying to solve brute-force congestion at gate [3, 4] with {0: 0, 1: 3, 2: 16, 3: 9, 4: 10, 5: 14, 6: 5, 7: 4}
Trying to moving ion 3... to 3
Ion assignment after moving ion 3: {0: 0, 1: 3, 2: 16, 3: 9, 4: 10, 5: 14, 6: 5, 7: 4}
Clearing endpoint 5.........
Gate position gate updated to [3 4]--------------c
Trying to moving ion 4... to 4
Ion assignment after moving ion 4: {0: 0, 1: 3, 2: 16, 3: 9, 4: 10, 5: 14, 6: 13, 7: 4}
Trying to solve brute-force congestion at gate [16, 14] with {0: 0, 1: 3, 2: 16, 3: 9, 4: 10, 5: 14, 6: 13, 7: 4}
Trying to moving ion 16... to 6
Ion assignment after moving ion 16: {0: 0, 1: 3, 2: 6, 3: 9, 4: 10, 5: 14, 6: 13, 7: 4}
Gate position gate updated to [ 6 14]--------------c
Trying to moving ion 14... to 7
Ion assignment after moving ion 14: {0: 0, 1: 3, 2: 6, 3: 9, 4: 10, 5: 7, 6: 13, 7: 4}
Trying to solve brute-force congestion at gate [6, 13] with {0: 0, 1: 3, 2: 6, 3: 9, 4: 10, 5: 7, 6: 13, 7: 4}
Trying to moving ion 6... to 6
Ion assignment after moving ion 6: {0: 0, 1: 3, 2: 6, 3: 9, 4: 10, 5: 7, 6: 13, 7: 4}
Gate position gate updated to [ 6 13]--------------c
Trying to moving ion 13... to 7
Ion assignment after moving ion 13: {0: 0, 1: 3, 2: 6, 3: 9, 4: 10, 5: 8, 6: 7, 7: 4}
Trying to solve brute-force congestion at gate [9, 8] with {0: 0, 1: 3, 2: 6, 3: 9, 4: 10, 5: 8, 6: 7, 7: 4}
Trying to moving ion 9... to 9
Ion assignment after moving ion 9: {0: 0, 1: 3, 2: 6, 3: 9, 4: 10, 5: 8, 6: 7, 7: 4}
Gate position gate updated to [9 8]--------------c
Trying to moving ion 8... to 10
Ion assignment after moving ion 8: {0: 0, 1: 3, 2: 6, 3: 9, 4: 11, 5: 10, 6: 7, 7: 4}
Trying to solve brute-force congestion at gate [6, 4] with {0: 0, 1: 3, 2: 6, 3: 9, 4: 11, 5: 10, 6: 7, 7: 4}
Trying to moving ion 6... to 6
Ion assignment after moving ion 6: {0: 0, 1: 3, 2: 6, 3: 9, 4: 11, 5: 10, 6: 7, 7: 4}
Gate position gate updated to [6 4]--------------c
Trying to moving ion 4... to 7
Ion assignment after moving ion 4: {0: 0, 1: 3, 2: 6, 3: 9, 4: 11, 5: 10, 6: 8, 7: 7}
Trying to solve brute-force congestion at gate [6, 7] with {0: 0, 1: 3, 2: 6, 3: 9, 4: 11, 5: 10, 6: 8, 7: 7}
Trying to moving ion 6... to 6
Ion assignment after moving ion 6: {0: 0, 1: 3, 2: 6, 3: 9, 4: 11, 5: 10, 6: 8, 7: 7}
Clearing endpoint 8.........
Gate position gate updated to [6 7]--------------c
Trying to moving ion 7... to 7
Ion assignment after moving ion 7: {0: 0, 1: 3, 2: 6, 3: 9, 4: 11, 5: 10, 6: 15, 7: 7}
Trying to solve brute-force congestion at gate [11, 10] with {0: 0, 1: 3, 2: 6, 3: 9, 4: 11, 5: 10, 6: 15, 7: 7}
Trying to moving ion 11... to 9
Ion assignment after moving ion 11: {0: 0, 1: 3, 2: 6, 3: 10, 4: 9, 5: 11, 6: 15, 7: 7}
Gate position gate updated to [ 9 11]--------------c
Trying to moving ion 11... to 10
Ion assignment after moving ion 11: {0: 0, 1: 3, 2: 6, 3: 11, 4: 9, 5: 10, 6: 15, 7: 7}
Trying to solve brute-force congestion at gate [11, 15] with {0: 0, 1: 3, 2: 6, 3: 11, 4: 9, 5: 10, 6: 15, 7: 7}
Trying to moving ion 11... to 9
Ion assignment after moving ion 11: {0: 0, 1: 3, 2: 6, 3: 9, 4: 10, 5: 11, 6: 15, 7: 7}
Clearing endpoint 11.........
Gate position gate updated to [ 9 15]--------------c
Trying to moving ion 15... to 10
Ion assignment after moving ion 15: {0: 0, 1: 3, 2: 6, 3: 9, 4: 11, 5: 14, 6: 10, 7: 7}
Trying to solve brute-force congestion at gate [9, 10] with {0: 0, 1: 3, 2: 6, 3: 9, 4: 11, 5: 14, 6: 10, 7: 7}
Trying to moving ion 9... to 9
Ion assignment after moving ion 9: {0: 0, 1: 3, 2: 6, 3: 9, 4: 11, 5: 14, 6: 10, 7: 7}
Clearing endpoint 11.........
Gate position gate updated to [ 9 10]--------------c
Trying to moving ion 10... to 10
Ion assignment after moving ion 10: {0: 0, 1: 3, 2: 6, 3: 9, 4: 16, 5: 14, 6: 10, 7: 7}
Trying to solve brute-force congestion at gate [16, 10] with {0: 0, 1: 3, 2: 6, 3: 9, 4: 16, 5: 14, 6: 10, 7: 7}
Trying to moving ion 10... to 9
Ion assignment after moving ion 10: {0: 0, 1: 3, 2: 6, 3: 10, 4: 16, 5: 14, 6: 9, 7: 7}
Gate position gate updated to [ 9 16]--------------c
Trying to moving ion 16... to 10
Ion assignment after moving ion 16: {0: 0, 1: 3, 2: 6, 3: 11, 4: 10, 5: 14, 6: 9, 7: 7}
Trying to solve brute-force congestion at gate [10, 9] with {0: 0, 1: 3, 2: 6, 3: 11, 4: 10, 5: 14, 6: 9, 7: 7}
Trying to moving ion 10... to 9
Ion assignment after moving ion 10: {0: 0, 1: 3, 2: 6, 3: 11, 4: 9, 5: 14, 6: 10, 7: 7}
Clearing endpoint 11.........
Gate position gate updated to [ 9 10]--------------c
Trying to moving ion 10... to 10
Ion assignment after moving ion 10: {0: 0, 1: 3, 2: 6, 3: 16, 4: 9, 5: 14, 6: 10, 7: 7}
Trying to solve brute-force congestion at gate [14, 10] with {0: 0, 1: 3, 2: 6, 3: 16, 4: 9, 5: 14, 6: 10, 7: 7}
Trying to moving ion 10... to 9
Ion assignment after moving ion 10: {0: 0, 1: 3, 2: 6, 3: 16, 4: 10, 5: 14, 6: 9, 7: 7}
Gate position gate updated to [ 9 14]--------------c
Trying to moving ion 14... to 10
Ion assignment after moving ion 14: {0: 0, 1: 3, 2: 6, 3: 15, 4: 11, 5: 10, 6: 9, 7: 7}
Trying to solve brute-force congestion at gate [10, 9] with {0: 0, 1: 3, 2: 6, 3: 15, 4: 11, 5: 10, 6: 9, 7: 7}
Trying to moving ion 10... to 9
Ion assignment after moving ion 10: {0: 0, 1: 3, 2: 6, 3: 15, 4: 11, 5: 9, 6: 10, 7: 7}
Clearing endpoint 11.........
Gate position gate updated to [ 9 10]--------------c
Trying to moving ion 10... to 10
Ion assignment after moving ion 10: {0: 0, 1: 3, 2: 6, 3: 15, 4: 16, 5: 9, 6: 10, 7: 7}
Trying to solve brute-force congestion at gate [15, 7] with {0: 0, 1: 3, 2: 6, 3: 15, 4: 16, 5: 9, 6: 10, 7: 7}
Trying to moving ion 7... to 6
Ion assignment after moving ion 7: {0: 0, 1: 3, 2: 7, 3: 15, 4: 16, 5: 9, 6: 10, 7: 6}
Gate position gate updated to [ 6 15]--------------c
Trying to moving ion 15... to 7
Ion assignment after moving ion 15: {0: 0, 1: 3, 2: 8, 3: 7, 4: 16, 5: 9, 6: 10, 7: 6}
Trying to solve brute-force congestion at gate [7, 6] with {0: 0, 1: 3, 2: 8, 3: 7, 4: 16, 5: 9, 6: 10, 7: 6}
Trying to moving ion 7... to 6
Ion assignment after moving ion 7: {0: 0, 1: 3, 2: 8, 3: 6, 4: 16, 5: 9, 6: 10, 7: 7}
Clearing endpoint 8.........
Gate position gate updated to [6 7]--------------c
Trying to moving ion 7... to 7
Ion assignment after moving ion 7: {0: 0, 1: 3, 2: 15, 3: 6, 4: 16, 5: 9, 6: 10, 7: 7}
Trying to solve brute-force congestion at gate [16, 7] with {0: 0, 1: 3, 2: 15, 3: 6, 4: 16, 5: 9, 6: 10, 7: 7}
Trying to moving ion 7... to 6
Ion assignment after moving ion 7: {0: 0, 1: 3, 2: 15, 3: 7, 4: 16, 5: 9, 6: 10, 7: 6}
Gate position gate updated to [ 6 16]--------------c
Trying to moving ion 16... to 7
Ion assignment after moving ion 16: {0: 0, 1: 3, 2: 14, 3: 8, 4: 7, 5: 9, 6: 10, 7: 6}
Trying to solve brute-force congestion at gate [7, 6] with {0: 0, 1: 3, 2: 14, 3: 8, 4: 7, 5: 9, 6: 10, 7: 6}
Trying to moving ion 7... to 6
Ion assignment after moving ion 7: {0: 0, 1: 3, 2: 14, 3: 8, 4: 6, 5: 9, 6: 10, 7: 7}
Clearing endpoint 8.........
Gate position gate updated to [6 7]--------------c
Trying to moving ion 7... to 7
Ion assignment after moving ion 7: {0: 0, 1: 3, 2: 14, 3: 15, 4: 6, 5: 9, 6: 10, 7: 7}
Trying to solve brute-force congestion at gate [9, 7] with {0: 0, 1: 3, 2: 14, 3: 15, 4: 6, 5: 9, 6: 10, 7: 7}
Trying to moving ion 9... to 9
Ion assignment after moving ion 9: {0: 0, 1: 3, 2: 14, 3: 15, 4: 6, 5: 9, 6: 10, 7: 7}
Gate position gate updated to [9 7]--------------c
Trying to moving ion 7... to 10
Ion assignment after moving ion 7: {0: 0, 1: 3, 2: 12, 3: 14, 4: 6, 5: 9, 6: 11, 7: 10}
Trying to solve brute-force congestion at gate [9, 10] with {0: 0, 1: 3, 2: 12, 3: 14, 4: 6, 5: 9, 6: 11, 7: 10}
Trying to moving ion 9... to 9
Ion assignment after moving ion 9: {0: 0, 1: 3, 2: 12, 3: 14, 4: 6, 5: 9, 6: 11, 7: 10}
Clearing endpoint 11.........
Gate position gate updated to [ 9 10]--------------c
Trying to moving ion 10... to 10
Ion assignment after moving ion 10: {0: 0, 1: 3, 2: 12, 3: 14, 4: 6, 5: 9, 6: 16, 7: 10}
Trying to solve brute-force congestion at gate [16, 10] with {0: 0, 1: 3, 2: 12, 3: 14, 4: 6, 5: 9, 6: 16, 7: 10}
Trying to moving ion 10... to 9
Ion assignment after moving ion 10: {0: 0, 1: 3, 2: 12, 3: 14, 4: 6, 5: 10, 6: 16, 7: 9}
Gate position gate updated to [ 9 16]--------------c
Trying to moving ion 16... to 10
Ion assignment after moving ion 16: {0: 0, 1: 3, 2: 12, 3: 14, 4: 6, 5: 11, 6: 10, 7: 9}
Trying to solve brute-force congestion at gate [10, 9] with {0: 0, 1: 3, 2: 12, 3: 14, 4: 6, 5: 11, 6: 10, 7: 9}
Trying to moving ion 10... to 9
Ion assignment after moving ion 10: {0: 0, 1: 3, 2: 12, 3: 14, 4: 6, 5: 11, 6: 9, 7: 10}
Clearing endpoint 11.........
Gate position gate updated to [ 9 10]--------------c
Trying to moving ion 10... to 10
Ion assignment after moving ion 10: {0: 0, 1: 3, 2: 12, 3: 14, 4: 6, 5: 16, 6: 9, 7: 10}
Executing gate at point (0, 6).
Executing gate at point (1, 6).
Best move: (11, 16)
Executing gate at point (2, 5).
Executing gate at point (3, 5).
Executing gate at point (4, 5).
Executing gate at point (5, 5).
Best move: (10, 11)
Best move: (11, 16)
Best move: (15, 16)
Best move: (8, 15)
Executing gate at point (4, 4).
Executing gate at point (5, 4).
Best move: (14, 15)
Best move: (7, 8)
Best move: (9, 10)
Best move: (10, 11)
Best move: (11, 16)
Best move: (6, 7)
Try bruteforce due to multiple steps (6) to solve one gate
Trying to solve brute-force congestion at gate [15, 6] with {0: 0, 1: 3, 2: 12, 3: 15, 4: 7, 5: 9, 6: 16, 7: 6}
Trying to moving ion 6... to 6
Ion assignment after moving ion 6: {0: 0, 1: 3, 2: 12, 3: 15, 4: 7, 5: 9, 6: 16, 7: 6}
Gate position gate updated to [ 6 15]--------------c
Trying to moving ion 15... to 7
Ion assignment after moving ion 15: {0: 0, 1: 3, 2: 12, 3: 7, 4: 8, 5: 9, 6: 16, 7: 6}
Executing gate at point (6, 3).
Executing gate at point (7, 3).
Best move: (8, 15)
Best move: (12, 14)
Best move: (6, 7)
Best move: (11, 16)
Best move: (15, 16)
Best move: (14, 15)
Try bruteforce due to multiple steps (6) to solve one gate
Trying to solve brute-force congestion at gate [15, 7] with {0: 0, 1: 3, 2: 15, 3: 6, 4: 16, 5: 9, 6: 11, 7: 7}
Trying to moving ion 7... to 6
Ion assignment after moving ion 7: {0: 0, 1: 3, 2: 15, 3: 7, 4: 16, 5: 9, 6: 11, 7: 6}
Gate position gate updated to [ 6 15]--------------c
Trying to moving ion 15... to 7
Ion assignment after moving ion 15: {0: 0, 1: 3, 2: 7, 3: 8, 4: 16, 5: 9, 6: 11, 7: 6}
Executing gate at point (8, 2).
Executing gate at point (9, 2).
Best move: (6, 7)
Best move: (7, 8)
Best move: (8, 15)
Best move: (14, 15)
Best move: (13, 14)
Best move: (5, 13)
Try bruteforce due to multiple steps (6) to solve one gate
Trying to solve brute-force congestion at gate [3, 5] with {0: 0, 1: 3, 2: 6, 3: 7, 4: 16, 5: 9, 6: 11, 7: 5}
Trying to moving ion 3... to 3
Ion assignment after moving ion 3: {0: 0, 1: 3, 2: 6, 3: 7, 4: 16, 5: 9, 6: 11, 7: 5}
Gate position gate updated to [3 5]--------------c
Trying to moving ion 5... to 4
Ion assignment after moving ion 5: {0: 0, 1: 3, 2: 6, 3: 7, 4: 16, 5: 9, 6: 11, 7: 4}
Executing gate at point (10, 1).
Executing gate at point (11, 1).
Best move: (4, 5)
Best move: (5, 13)
Best move: (12, 13)
Best move: (2, 12)
Executing gate at point (12, 0).
Executing gate at point (13, 0).
Best move: (10, 11)
Best move: (11, 16)
Executing gate at point (6, 4).
Executing gate at point (7, 4).
Executing gate at point (8, 4).
Executing gate at point (9, 4).
Best move: (10, 11)
Best move: (11, 16)
Best move: (15, 16)
Best move: (8, 15)
Executing gate at point (8, 3).
Executing gate at point (9, 3).
Executing gate at point (10, 2).
Executing gate at point (11, 2).
Best move: (8, 15)
Best move: (14, 15)
Best move: (13, 14)
Best move: (5, 13)
Executing gate at point (12, 1).
Executing gate at point (13, 1).
Best move: (5, 13)
Best move: (12, 13)
Best move: (0, 1)
Best move: (0, 1)
Best move: (0, 1)
Try bruteforce due to repeated pattern...
Trying to solve brute-force congestion at gate [1, 12] with {0: 1, 1: 3, 2: 6, 3: 7, 4: 10, 5: 9, 6: 12, 7: 2}
Trying to moving ion 1... to 0
Ion assignment after moving ion 1: {0: 0, 1: 3, 2: 6, 3: 7, 4: 10, 5: 9, 6: 12, 7: 2}
Clearing endpoint 2.........
Gate position gate updated to [ 0 12]--------------c
Trying to moving ion 12... to 1
Ion assignment after moving ion 12: {0: 0, 1: 3, 2: 6, 3: 7, 4: 10, 5: 9, 6: 1, 7: 2}
Executing gate at point (14, 0).
Executing gate at point (15, 0).
Best move: (7, 8)
Best move: (8, 15)
Best move: (15, 16)
Best move: (11, 16)
Executing gate at point (10, 3).
Executing gate at point (11, 3).
Executing gate at point (12, 3).
Executing gate at point (13, 3).
Best move: (9, 10)
Best move: (10, 11)
Best move: (11, 16)
Best move: (15, 16)
Best move: (8, 15)
Executing gate at point (12, 2).
Executing gate at point (13, 2).
Best move: (8, 15)
Best move: (14, 15)
Best move: (13, 14)
Best move: (5, 13)
Executing gate at point (14, 1).
Executing gate at point (15, 1).
Best move: (0, 1)
Best move: (1, 2)
Best move: (2, 12)
Best move: (12, 13)
Best move: (6, 7)
Best move: (7, 8)
Try bruteforce due to multiple steps (6) to solve one gate
Trying to solve brute-force congestion at gate [8, 9] with {0: 13, 1: 3, 2: 8, 3: 10, 4: 9, 5: 5, 6: 0, 7: 1}
Trying to moving ion 9... to 9
Ion assignment after moving ion 9: {0: 13, 1: 3, 2: 8, 3: 10, 4: 9, 5: 5, 6: 0, 7: 1}
Gate position gate updated to [9 8]--------------c
Trying to moving ion 8... to 10
Ion assignment after moving ion 8: {0: 13, 1: 3, 2: 10, 3: 11, 4: 9, 5: 5, 6: 0, 7: 1}
Executing gate at point (14, 2).
Executing gate at point (15, 2).
Executing gate at point (16, 2).
Executing gate at point (17, 2).
Best move: (4, 5)
Best move: (9, 10)
Best move: (10, 11)
Best move: (11, 16)
Best move: (14, 16)
Best move: (12, 14)
Try bruteforce due to multiple steps (6) to solve one gate
Trying to solve brute-force congestion at gate [13, 4] with {0: 13, 1: 3, 2: 9, 3: 10, 4: 12, 5: 4, 6: 0, 7: 1}
Trying to moving ion 4... to 3
Ion assignment after moving ion 4: {0: 13, 1: 4, 2: 9, 3: 10, 4: 12, 5: 3, 6: 0, 7: 1}
Gate position gate updated to [ 3 13]--------------c
Trying to moving ion 13... to 4
Ion assignment after moving ion 13: {0: 4, 1: 5, 2: 9, 3: 10, 4: 12, 5: 3, 6: 0, 7: 1}
Executing gate at point (16, 0).
Executing gate at point (17, 0).
Best move: (5, 13)
Best move: (13, 14)
Best move: (12, 13)
Best move: (14, 16)
Best move: (13, 14)
Best move: (15, 16)
Try bruteforce due to multiple steps (6) to solve one gate
Trying to solve brute-force congestion at gate [15, 14] with {0: 4, 1: 15, 2: 9, 3: 10, 4: 14, 5: 3, 6: 0, 7: 1}
Trying to moving ion 15... to 6
Ion assignment after moving ion 15: {0: 4, 1: 6, 2: 9, 3: 10, 4: 14, 5: 3, 6: 0, 7: 1}
Gate position gate updated to [ 6 14]--------------c
Trying to moving ion 14... to 7
Ion assignment after moving ion 14: {0: 4, 1: 6, 2: 9, 3: 10, 4: 7, 5: 3, 6: 0, 7: 1}
Executing gate at point (16, 1).
Executing gate at point (17, 1).
Best move: (10, 11)
Best move: (11, 16)
Best move: (15, 16)
Best move: (8, 15)
Executing gate at point (18, 1).
Executing gate at point (19, 1).
Best move: (7, 8)
Best move: (8, 15)
Best move: (14, 15)
Best move: (13, 14)
Best move: (5, 13)
Executing gate at point (18, 0).
Executing gate at point (19, 0).
Best move: (4, 5)
Best move: (5, 13)
Best move: (13, 14)
Best move: (14, 15)
Best move: (8, 15)
Executing gate at point (20, 0).
Executing gate at point (21, 0).
Best move: (7, 8)
Best move: (8, 15)
Best move: (14, 15)
Best move: (13, 14)
Best move: (5, 13)
Executing gate at point (22, 3).
Executing gate at point (23, 3).
Executing gate at point (24, 3).
Best move: (9, 10)
Best move: (10, 11)
Best move: (11, 16)
Best move: (15, 16)
Best move: (8, 15)
Executing gate at point (20, 1).
Executing gate at point (21, 1).
Executing gate at point (22, 0).
Executing gate at point (23, 0).
Executing gate at point (24, 0).
Executing gate at point (25, 0).
Best move: (3, 4)
Best move: (8, 15)
Best move: (15, 16)
Best move: (4, 5)
Best move: (5, 13)
Best move: (0, 1)
Try bruteforce due to multiple steps (6) to solve one gate
Trying to solve brute-force congestion at gate [16, 13] with {0: 7, 1: 6, 2: 16, 3: 4, 4: 3, 5: 13, 6: 1, 7: 0}
Trying to moving ion 16... to 9
Ion assignment after moving ion 16: {0: 7, 1: 6, 2: 9, 3: 4, 4: 3, 5: 13, 6: 1, 7: 0}
Gate position gate updated to [ 9 13]--------------c
Trying to moving ion 13... to 10
Ion assignment after moving ion 13: {0: 7, 1: 6, 2: 9, 3: 4, 4: 3, 5: 10, 6: 1, 7: 0}
Executing gate at point (24, 2).
Executing gate at point (25, 2).
Executing gate at point (26, 2).
Best move: (1, 2)
Best move: (2, 12)
Best move: (12, 14)
Best move: (14, 15)
Best move: (8, 15)
Executing gate at point (26, 1).
Executing gate at point (27, 1).
Executing gate at point (28, 1).
Best move: (7, 8)
Best move: (8, 15)
Best move: (14, 15)
Best move: (12, 14)
Best move: (2, 12)
Executing gate at point (26, 0).
Executing gate at point (27, 0).
Executing gate at point (28, 0).
Trying to solve brute-force congestion at gate [16, 9] with {0: 16, 1: 6, 2: 9, 3: 4, 4: 3, 5: 10, 6: 7, 7: 0}
Trying to moving ion 9... to 9
Ion assignment after moving ion 9: {0: 16, 1: 6, 2: 9, 3: 4, 4: 3, 5: 10, 6: 7, 7: 0}
Gate position gate updated to [ 9 16]--------------c
Trying to moving ion 16... to 10
Ion assignment after moving ion 16: {0: 10, 1: 6, 2: 9, 3: 4, 4: 3, 5: 11, 6: 7, 7: 0}
Trying to solve brute-force congestion at gate [10, 9] with {0: 10, 1: 6, 2: 9, 3: 4, 4: 3, 5: 11, 6: 7, 7: 0}
Trying to moving ion 10... to 9
Ion assignment after moving ion 10: {0: 9, 1: 6, 2: 10, 3: 4, 4: 3, 5: 11, 6: 7, 7: 0}
Clearing endpoint 11.........
Gate position gate updated to [ 9 10]--------------c
Trying to moving ion 10... to 10
Ion assignment after moving ion 10: {0: 9, 1: 6, 2: 10, 3: 4, 4: 3, 5: 16, 6: 7, 7: 0}
Trying to solve brute-force congestion at gate [9, 4] with {0: 9, 1: 6, 2: 10, 3: 4, 4: 3, 5: 16, 6: 7, 7: 0}
Trying to moving ion 9... to 9
Ion assignment after moving ion 9: {0: 9, 1: 6, 2: 10, 3: 4, 4: 3, 5: 16, 6: 7, 7: 0}
Gate position gate updated to [9 4]--------------c
Trying to moving ion 4... to 10
Ion assignment after moving ion 4: {0: 9, 1: 6, 2: 11, 3: 10, 4: 3, 5: 15, 6: 7, 7: 0}
Trying to solve brute-force congestion at gate [9, 10] with {0: 9, 1: 6, 2: 11, 3: 10, 4: 3, 5: 15, 6: 7, 7: 0}
Trying to moving ion 9... to 9
Ion assignment after moving ion 9: {0: 9, 1: 6, 2: 11, 3: 10, 4: 3, 5: 15, 6: 7, 7: 0}
Clearing endpoint 11.........
Gate position gate updated to [ 9 10]--------------c
Trying to moving ion 10... to 10
Ion assignment after moving ion 10: {0: 9, 1: 6, 2: 16, 3: 10, 4: 3, 5: 15, 6: 7, 7: 0}
Trying to solve brute-force congestion at gate [6, 16] with {0: 9, 1: 6, 2: 16, 3: 10, 4: 3, 5: 15, 6: 7, 7: 0}
Trying to moving ion 6... to 6
Ion assignment after moving ion 6: {0: 9, 1: 6, 2: 16, 3: 10, 4: 3, 5: 15, 6: 7, 7: 0}
Gate position gate updated to [ 6 16]--------------c
Trying to moving ion 16... to 7
Ion assignment after moving ion 16: {0: 9, 1: 6, 2: 7, 3: 10, 4: 3, 5: 14, 6: 8, 7: 0}
Trying to solve brute-force congestion at gate [6, 7] with {0: 9, 1: 6, 2: 7, 3: 10, 4: 3, 5: 14, 6: 8, 7: 0}
Trying to moving ion 6... to 6
Ion assignment after moving ion 6: {0: 9, 1: 6, 2: 7, 3: 10, 4: 3, 5: 14, 6: 8, 7: 0}
Clearing endpoint 8.........
Gate position gate updated to [6 7]--------------c
Trying to moving ion 7... to 7
Ion assignment after moving ion 7: {0: 9, 1: 6, 2: 7, 3: 10, 4: 3, 5: 14, 6: 15, 7: 0}
Trying to solve brute-force congestion at gate [9, 3] with {0: 9, 1: 6, 2: 7, 3: 10, 4: 3, 5: 14, 6: 15, 7: 0}
Trying to moving ion 9... to 9
Ion assignment after moving ion 9: {0: 9, 1: 6, 2: 7, 3: 10, 4: 3, 5: 14, 6: 15, 7: 0}
Gate position gate updated to [9 3]--------------c
Trying to moving ion 3... to 10
Ion assignment after moving ion 3: {0: 9, 1: 6, 2: 7, 3: 11, 4: 10, 5: 12, 6: 15, 7: 0}
Trying to solve brute-force congestion at gate [9, 10] with {0: 9, 1: 6, 2: 7, 3: 11, 4: 10, 5: 12, 6: 15, 7: 0}
Trying to moving ion 9... to 9
Ion assignment after moving ion 9: {0: 9, 1: 6, 2: 7, 3: 11, 4: 10, 5: 12, 6: 15, 7: 0}
Clearing endpoint 11.........
Gate position gate updated to [ 9 10]--------------c
Trying to moving ion 10... to 10
Ion assignment after moving ion 10: {0: 9, 1: 6, 2: 7, 3: 16, 4: 10, 5: 12, 6: 15, 7: 0}
Trying to solve brute-force congestion at gate [9, 12] with {0: 9, 1: 6, 2: 7, 3: 16, 4: 10, 5: 12, 6: 15, 7: 0}
Trying to moving ion 9... to 9
Ion assignment after moving ion 9: {0: 9, 1: 6, 2: 7, 3: 16, 4: 10, 5: 12, 6: 15, 7: 0}
Gate position gate updated to [ 9 12]--------------c
Trying to moving ion 12... to 10
Ion assignment after moving ion 12: {0: 9, 1: 6, 2: 7, 3: 15, 4: 11, 5: 10, 6: 8, 7: 0}
Trying to solve brute-force congestion at gate [9, 10] with {0: 9, 1: 6, 2: 7, 3: 15, 4: 11, 5: 10, 6: 8, 7: 0}
Trying to moving ion 9... to 9
Ion assignment after moving ion 9: {0: 9, 1: 6, 2: 7, 3: 15, 4: 11, 5: 10, 6: 8, 7: 0}
Clearing endpoint 11.........
Gate position gate updated to [ 9 10]--------------c
Trying to moving ion 10... to 10
Ion assignment after moving ion 10: {0: 9, 1: 6, 2: 7, 3: 15, 4: 16, 5: 10, 6: 8, 7: 0}
Trying to solve brute-force congestion at gate [9, 8] with {0: 9, 1: 6, 2: 7, 3: 15, 4: 16, 5: 10, 6: 8, 7: 0}
Trying to moving ion 9... to 9
Ion assignment after moving ion 9: {0: 9, 1: 6, 2: 7, 3: 15, 4: 16, 5: 10, 6: 8, 7: 0}
Gate position gate updated to [9 8]--------------c
Trying to moving ion 8... to 10
Ion assignment after moving ion 8: {0: 9, 1: 6, 2: 7, 3: 13, 4: 14, 5: 11, 6: 10, 7: 0}
Trying to solve brute-force congestion at gate [9, 10] with {0: 9, 1: 6, 2: 7, 3: 13, 4: 14, 5: 11, 6: 10, 7: 0}
Trying to moving ion 9... to 9
Ion assignment after moving ion 9: {0: 9, 1: 6, 2: 7, 3: 13, 4: 14, 5: 11, 6: 10, 7: 0}
Clearing endpoint 11.........
Gate position gate updated to [ 9 10]--------------c
Trying to moving ion 10... to 10
Ion assignment after moving ion 10: {0: 9, 1: 6, 2: 7, 3: 13, 4: 14, 5: 16, 6: 10, 7: 0}
Trying to solve brute-force congestion at gate [6, 13] with {0: 9, 1: 6, 2: 7, 3: 13, 4: 14, 5: 16, 6: 10, 7: 0}
Trying to moving ion 6... to 6
Ion assignment after moving ion 6: {0: 9, 1: 6, 2: 7, 3: 13, 4: 14, 5: 16, 6: 10, 7: 0}
Gate position gate updated to [ 6 13]--------------c
Trying to moving ion 13... to 7
Ion assignment after moving ion 13: {0: 9, 1: 6, 2: 8, 3: 7, 4: 12, 5: 16, 6: 10, 7: 0}
Trying to solve brute-force congestion at gate [6, 7] with {0: 9, 1: 6, 2: 8, 3: 7, 4: 12, 5: 16, 6: 10, 7: 0}
Trying to moving ion 6... to 6
Ion assignment after moving ion 6: {0: 9, 1: 6, 2: 8, 3: 7, 4: 12, 5: 16, 6: 10, 7: 0}
Clearing endpoint 8.........
Gate position gate updated to [6 7]--------------c
Trying to moving ion 7... to 7
Ion assignment after moving ion 7: {0: 9, 1: 6, 2: 15, 3: 7, 4: 12, 5: 16, 6: 10, 7: 0}
Trying to solve brute-force congestion at gate [6, 12] with {0: 9, 1: 6, 2: 15, 3: 7, 4: 12, 5: 16, 6: 10, 7: 0}
Trying to moving ion 6... to 6
Ion assignment after moving ion 6: {0: 9, 1: 6, 2: 15, 3: 7, 4: 12, 5: 16, 6: 10, 7: 0}
Gate position gate updated to [ 6 12]--------------c
Trying to moving ion 12... to 7
Ion assignment after moving ion 12: {0: 9, 1: 6, 2: 16, 3: 8, 4: 7, 5: 11, 6: 10, 7: 0}
Trying to solve brute-force congestion at gate [16, 8] with {0: 9, 1: 6, 2: 16, 3: 8, 4: 7, 5: 11, 6: 10, 7: 0}
Trying to moving ion 8... to 6
Ion assignment after moving ion 8: {0: 9, 1: 7, 2: 16, 3: 6, 4: 8, 5: 11, 6: 10, 7: 0}
Clearing endpoint 8.........
Gate position gate updated to [ 6 16]--------------c
Trying to moving ion 16... to 7
Ion assignment after moving ion 16: {0: 9, 1: 8, 2: 7, 3: 6, 4: 14, 5: 11, 6: 10, 7: 0}
Trying to solve brute-force congestion at gate [7, 6] with {0: 9, 1: 8, 2: 7, 3: 6, 4: 14, 5: 11, 6: 10, 7: 0}
Trying to moving ion 7... to 6
Ion assignment after moving ion 7: {0: 9, 1: 8, 2: 6, 3: 7, 4: 14, 5: 11, 6: 10, 7: 0}
Clearing endpoint 8.........
Gate position gate updated to [6 7]--------------c
Trying to moving ion 7... to 7
Ion assignment after moving ion 7: {0: 9, 1: 15, 2: 6, 3: 7, 4: 14, 5: 11, 6: 10, 7: 0}
Trying to solve brute-force congestion at gate [9, 0] with {0: 9, 1: 15, 2: 6, 3: 7, 4: 14, 5: 11, 6: 10, 7: 0}
Trying to moving ion 9... to 9
Ion assignment after moving ion 9: {0: 9, 1: 15, 2: 6, 3: 7, 4: 14, 5: 11, 6: 10, 7: 0}
Clearing endpoint 11.........
Gate position gate updated to [9 0]--------------c
Trying to moving ion 0... to 10
Ion assignment after moving ion 0: {0: 9, 1: 8, 2: 6, 3: 7, 4: 13, 5: 15, 6: 11, 7: 10}
Trying to solve brute-force congestion at gate [9, 10] with {0: 9, 1: 8, 2: 6, 3: 7, 4: 13, 5: 15, 6: 11, 7: 10}
Trying to moving ion 9... to 9
Ion assignment after moving ion 9: {0: 9, 1: 8, 2: 6, 3: 7, 4: 13, 5: 15, 6: 11, 7: 10}
Clearing endpoint 11.........
Gate position gate updated to [ 9 10]--------------c
Trying to moving ion 10... to 10
Ion assignment after moving ion 10: {0: 9, 1: 8, 2: 6, 3: 7, 4: 13, 5: 15, 6: 16, 7: 10}
Trying to solve brute-force congestion at gate [8, 13] with {0: 9, 1: 8, 2: 6, 3: 7, 4: 13, 5: 15, 6: 16, 7: 10}
Trying to moving ion 8... to 6
Ion assignment after moving ion 8: {0: 9, 1: 6, 2: 7, 3: 8, 4: 13, 5: 15, 6: 16, 7: 10}
Clearing endpoint 8.........
Gate position gate updated to [ 6 13]--------------c
Trying to moving ion 13... to 7
Ion assignment after moving ion 13: {0: 9, 1: 6, 2: 8, 3: 16, 4: 7, 5: 12, 6: 11, 7: 10}
Trying to solve brute-force congestion at gate [6, 12] with {0: 9, 1: 6, 2: 8, 3: 16, 4: 7, 5: 12, 6: 11, 7: 10}
Trying to moving ion 6... to 6
Ion assignment after moving ion 6: {0: 9, 1: 6, 2: 8, 3: 16, 4: 7, 5: 12, 6: 11, 7: 10}
Clearing endpoint 8.........
Gate position gate updated to [ 6 12]--------------c
Trying to moving ion 12... to 7
Ion assignment after moving ion 12: {0: 9, 1: 6, 2: 16, 3: 14, 4: 8, 5: 7, 6: 11, 7: 10}
Trying to solve brute-force congestion at gate [6, 7] with {0: 9, 1: 6, 2: 16, 3: 14, 4: 8, 5: 7, 6: 11, 7: 10}
Trying to moving ion 6... to 6
Ion assignment after moving ion 6: {0: 9, 1: 6, 2: 16, 3: 14, 4: 8, 5: 7, 6: 11, 7: 10}
Clearing endpoint 8.........
Gate position gate updated to [6 7]--------------c
Trying to moving ion 7... to 7
Ion assignment after moving ion 7: {0: 9, 1: 6, 2: 16, 3: 14, 4: 15, 5: 7, 6: 11, 7: 10}
Trying to solve brute-force congestion at gate [16, 15] with {0: 9, 1: 6, 2: 16, 3: 14, 4: 15, 5: 7, 6: 11, 7: 10}
Trying to moving ion 15... to 6
Ion assignment after moving ion 15: {0: 9, 1: 7, 2: 16, 3: 14, 4: 6, 5: 8, 6: 11, 7: 10}
Clearing endpoint 8.........
Gate position gate updated to [ 6 16]--------------c
Trying to moving ion 16... to 7
Ion assignment after moving ion 16: {0: 9, 1: 8, 2: 7, 3: 12, 4: 6, 5: 14, 6: 11, 7: 10}
Trying to solve brute-force congestion at gate [7, 6] with {0: 9, 1: 8, 2: 7, 3: 12, 4: 6, 5: 14, 6: 11, 7: 10}
Trying to moving ion 7... to 6
Ion assignment after moving ion 7: {0: 9, 1: 8, 2: 6, 3: 12, 4: 7, 5: 14, 6: 11, 7: 10}
Clearing endpoint 8.........
Gate position gate updated to [6 7]--------------c
Trying to moving ion 7... to 7
Ion assignment after moving ion 7: {0: 9, 1: 15, 2: 6, 3: 12, 4: 7, 5: 14, 6: 11, 7: 10}
Trying to solve brute-force congestion at gate [6, 14] with {0: 9, 1: 15, 2: 6, 3: 12, 4: 7, 5: 14, 6: 11, 7: 10}
Trying to moving ion 6... to 6
Ion assignment after moving ion 6: {0: 9, 1: 15, 2: 6, 3: 12, 4: 7, 5: 14, 6: 11, 7: 10}
Gate position gate updated to [ 6 14]--------------c
Trying to moving ion 14... to 7
Ion assignment after moving ion 14: {0: 9, 1: 16, 2: 6, 3: 12, 4: 8, 5: 7, 6: 11, 7: 10}
Trying to solve brute-force congestion at gate [12, 8] with {0: 9, 1: 16, 2: 6, 3: 12, 4: 8, 5: 7, 6: 11, 7: 10}
Trying to moving ion 8... to 6
Ion assignment after moving ion 8: {0: 9, 1: 16, 2: 7, 3: 12, 4: 6, 5: 8, 6: 11, 7: 10}
Clearing endpoint 8.........
Gate position gate updated to [ 6 12]--------------c
Trying to moving ion 12... to 7
Ion assignment after moving ion 12: {0: 9, 1: 14, 2: 8, 3: 7, 4: 6, 5: 16, 6: 11, 7: 10}
Trying to solve brute-force congestion at gate [7, 6] with {0: 9, 1: 14, 2: 8, 3: 7, 4: 6, 5: 16, 6: 11, 7: 10}
Trying to moving ion 7... to 6
Ion assignment after moving ion 7: {0: 9, 1: 14, 2: 8, 3: 6, 4: 7, 5: 16, 6: 11, 7: 10}
Clearing endpoint 8.........
Gate position gate updated to [6 7]--------------c
Trying to moving ion 7... to 7
Ion assignment after moving ion 7: {0: 9, 1: 14, 2: 15, 3: 6, 4: 7, 5: 16, 6: 11, 7: 10}
Trying to solve brute-force congestion at gate [14, 11] with {0: 9, 1: 14, 2: 15, 3: 6, 4: 7, 5: 16, 6: 11, 7: 10}
Trying to moving ion 11... to 9
Ion assignment after moving ion 11: {0: 10, 1: 14, 2: 15, 3: 6, 4: 7, 5: 16, 6: 9, 7: 11}
Clearing endpoint 11.........
Gate position gate updated to [ 9 12]--------------c
Trying to moving ion 12... to 10
Ion assignment after moving ion 12: {0: 11, 1: 10, 2: 8, 3: 6, 4: 7, 5: 13, 6: 9, 7: 15}
Trying to solve brute-force congestion at gate [10, 9] with {0: 11, 1: 10, 2: 8, 3: 6, 4: 7, 5: 13, 6: 9, 7: 15}
Trying to moving ion 10... to 9
Ion assignment after moving ion 10: {0: 11, 1: 9, 2: 8, 3: 6, 4: 7, 5: 13, 6: 10, 7: 15}
Clearing endpoint 11.........
Gate position gate updated to [ 9 10]--------------c
Trying to moving ion 10... to 10
Ion assignment after moving ion 10: {0: 16, 1: 9, 2: 8, 3: 6, 4: 7, 5: 13, 6: 10, 7: 15}
Trying to solve brute-force congestion at gate [9, 15] with {0: 16, 1: 9, 2: 8, 3: 6, 4: 7, 5: 13, 6: 10, 7: 15}
Trying to moving ion 9... to 9
Ion assignment after moving ion 9: {0: 16, 1: 9, 2: 8, 3: 6, 4: 7, 5: 13, 6: 10, 7: 15}
Gate position gate updated to [ 9 15]--------------c
Trying to moving ion 15... to 10
Ion assignment after moving ion 15: {0: 14, 1: 9, 2: 8, 3: 6, 4: 7, 5: 13, 6: 11, 7: 10}
Trying to solve brute-force congestion at gate [9, 10] with {0: 14, 1: 9, 2: 8, 3: 6, 4: 7, 5: 13, 6: 11, 7: 10}
Trying to moving ion 9... to 9
Ion assignment after moving ion 9: {0: 14, 1: 9, 2: 8, 3: 6, 4: 7, 5: 13, 6: 11, 7: 10}
Clearing endpoint 11.........
Gate position gate updated to [ 9 10]--------------c
Trying to moving ion 10... to 10
Ion assignment after moving ion 10: {0: 14, 1: 9, 2: 8, 3: 6, 4: 7, 5: 13, 6: 16, 7: 10}
Trying to solve brute-force congestion at gate [8, 13] with {0: 14, 1: 9, 2: 8, 3: 6, 4: 7, 5: 13, 6: 16, 7: 10}
Trying to moving ion 8... to 6
Ion assignment after moving ion 8: {0: 14, 1: 9, 2: 6, 3: 7, 4: 8, 5: 13, 6: 16, 7: 10}
Clearing endpoint 8.........
Gate position gate updated to [ 6 13]--------------c
Trying to moving ion 13... to 7
Ion assignment after moving ion 13: {0: 12, 1: 9, 2: 6, 3: 8, 4: 16, 5: 7, 6: 11, 7: 10}
Trying to solve brute-force congestion at gate [6, 11] with {0: 12, 1: 9, 2: 6, 3: 8, 4: 16, 5: 7, 6: 11, 7: 10}
Trying to moving ion 6... to 6
Ion assignment after moving ion 6: {0: 12, 1: 9, 2: 6, 3: 8, 4: 16, 5: 7, 6: 11, 7: 10}
Clearing endpoint 8.........
Gate position gate updated to [ 6 11]--------------c
Trying to moving ion 11... to 7
Ion assignment after moving ion 11: {0: 12, 1: 9, 2: 6, 3: 14, 4: 13, 5: 8, 6: 7, 7: 10}
Trying to solve brute-force congestion at gate [14, 8] with {0: 12, 1: 9, 2: 6, 3: 14, 4: 13, 5: 8, 6: 7, 7: 10}
Trying to moving ion 8... to 6
Ion assignment after moving ion 8: {0: 12, 1: 9, 2: 7, 3: 14, 4: 13, 5: 6, 6: 8, 7: 10}
Clearing endpoint 8.........
Gate position gate updated to [ 6 14]--------------c
Trying to moving ion 14... to 7
Ion assignment after moving ion 14: {0: 12, 1: 9, 2: 8, 3: 7, 4: 13, 5: 6, 6: 16, 7: 10}
Trying to solve brute-force congestion at gate [8, 16] with {0: 12, 1: 9, 2: 8, 3: 7, 4: 13, 5: 6, 6: 16, 7: 10}
Trying to moving ion 8... to 6
Ion assignment after moving ion 8: {0: 12, 1: 9, 2: 6, 3: 8, 4: 13, 5: 7, 6: 16, 7: 10}
Clearing endpoint 8.........
Gate position gate updated to [ 6 16]--------------c
Trying to moving ion 16... to 7
Ion assignment after moving ion 16: {0: 12, 1: 9, 2: 6, 3: 14, 4: 13, 5: 8, 6: 7, 7: 10}
Trying to solve brute-force congestion at gate [6, 10] with {0: 12, 1: 9, 2: 6, 3: 14, 4: 13, 5: 8, 6: 7, 7: 10}
Trying to moving ion 6... to 6
Ion assignment after moving ion 6: {0: 12, 1: 9, 2: 6, 3: 14, 4: 13, 5: 8, 6: 7, 7: 10}
Clearing endpoint 8.........
Gate position gate updated to [ 6 10]--------------c
Trying to moving ion 10... to 7
Ion assignment after moving ion 10: {0: 2, 1: 9, 2: 6, 3: 12, 4: 13, 5: 14, 6: 8, 7: 7}
Trying to solve brute-force congestion at gate [6, 7] with {0: 2, 1: 9, 2: 6, 3: 12, 4: 13, 5: 14, 6: 8, 7: 7}
Trying to moving ion 6... to 6
Ion assignment after moving ion 6: {0: 2, 1: 9, 2: 6, 3: 12, 4: 13, 5: 14, 6: 8, 7: 7}
Clearing endpoint 8.........
Gate position gate updated to [6 7]--------------c
Trying to moving ion 7... to 7
Ion assignment after moving ion 7: {0: 2, 1: 9, 2: 6, 3: 12, 4: 13, 5: 14, 6: 15, 7: 7}
Trying to solve brute-force congestion at gate [12, 14] with {0: 2, 1: 9, 2: 6, 3: 12, 4: 13, 5: 14, 6: 15, 7: 7}
Trying to moving ion 12... to 0
Ion assignment after moving ion 12: {0: 2, 1: 9, 2: 6, 3: 0, 4: 13, 5: 14, 6: 15, 7: 7}
Clearing endpoint 2.........
Gate position gate updated to [ 0 14]--------------c
Trying to moving ion 14... to 1
Ion assignment after moving ion 14: {0: 2, 1: 9, 2: 6, 3: 0, 4: 13, 5: 1, 6: 15, 7: 7}
Trying to solve brute-force congestion at gate [0, 15] with {0: 2, 1: 9, 2: 6, 3: 0, 4: 13, 5: 1, 6: 15, 7: 7}
Trying to moving ion 0... to 0
Ion assignment after moving ion 0: {0: 2, 1: 9, 2: 6, 3: 0, 4: 13, 5: 1, 6: 15, 7: 7}
Clearing endpoint 2.........
Gate position gate updated to [ 0 15]--------------cInput filename:  QFT_wsq_8_compiled
Algorithm:  SHAW
Trap type:  H
Trap capacity:  3
Num layout passes:  2
Gate type:  FM
Run index:  1
Creating a QCCD machine ...
QCCD physical machine:
### Traps ### 
Trap(id='trap_0', max_num_ions=3, initial_num_ions=0, executable=True, measureable=False)
Trap(id='trap_1', max_num_ions=3, initial_num_ions=0, executable=True, measureable=True)
Trap(id='trap_2', max_num_ions=3, initial_num_ions=0, executable=True, measureable=False)
Trap(id='trap_3', max_num_ions=3, initial_num_ions=0, executable=True, measureable=True)
### Junctions ### 
Junction(id='junction_0')
Junction(id='junction_1')
### Segments ### 
Segment(id='segment_0', left=Trap(id='trap_0', max_num_ions=3, initial_num_ions=0, executable=True, measureable=False), right=Junction(id='junction_0'))
Segment(id='segment_1', left=Trap(id='trap_1', max_num_ions=3, initial_num_ions=0, executable=True, measureable=True), right=Junction(id='junction_0'))
Segment(id='segment_2', left=Junction(id='junction_0'), right=Junction(id='junction_1'))
Segment(id='segment_3', left=Trap(id='trap_2', max_num_ions=3, initial_num_ions=0, executable=True, measureable=False), right=Junction(id='junction_1'))
Segment(id='segment_4', left=Trap(id='trap_3', max_num_ions=3, initial_num_ions=0, executable=True, measureable=True), right=Junction(id='junction_1'))
Finished creating the QCCD physical machine.
Position graph:  CouplingGraph({(0, 1), (9, 10), (13, 14), (1, 2), (10, 11), (3, 4), (11, 16), (12, 13), (14, 16), (5, 13), (6, 7), (4, 5), (12, 14), (15, 16), (2, 12), (8, 15), (14, 15), (7, 8)})
Initial ion assignment:  {0: 8, 1: 6, 2: 5, 3: 4, 4: 11, 5: 0, 6: 7, 7: 2}
Congestion rate:  1.0
Scheduling QCCD: 13080.000000000004 us, costing 11.751907899975777 s to compile
0.013080000000000003
11.751907899975777
{0: 16, 1: 9, 2: 6, 3: 14, 4: 3, 5: 12, 6: 0, 7: 1}
[0, 1, 2, 3, 4, 5, 6, 7]
