Best move: (5, 13)
Best move: (13, 14)
Best move: (14, 15)
Best move: (10, 11)
Best move: (11, 16)
Best move: (14, 16)
Try bruteforce due to multiple steps (6) to solve one gate
Trying to solve brute-force congestion at gate [4, 14] with {0: 15, 1: 4, 2: 6, 3: 3, 4: 9, 5: 14, 6: 0, 7: 8}
Trying to moving ion 4... to 3
Ion assignment after moving ion 4: {0: 15, 1: 3, 2: 6, 3: 4, 4: 9, 5: 14, 6: 0, 7: 8}
Gate position gate updated to [ 3 14]--------------c
Trying to moving ion 14... to 4
Ion assignment after moving ion 14: {0: 15, 1: 3, 2: 6, 3: 5, 4: 9, 5: 4, 6: 0, 7: 8}
Executing gate at point (0, 1).
Executing gate at point (1, 1).
Best move: (5, 13)
Best move: (12, 13)
Best move: (7, 8)
Best move: (2, 12)
Executing gate at point (0, 3).
Executing gate at point (1, 3).
Best move: (8, 15)
Executing gate at point (0, 0).
Executing gate at point (1, 0).
Best move: (7, 8)
Best move: (8, 15)
Best move: (14, 15)
Best move: (13, 14)
Best move: (5, 13)
Executing gate at point (2, 1).
Executing gate at point (3, 1).
Best move: (5, 13)
Best move: (12, 13)
Best move: (1, 2)
Best move: (2, 12)
Executing gate at point (4, 3).
Executing gate at point (5, 3).
Best move: (0, 1)
Best move: (1, 2)
Best move: (2, 12)
Best move: (12, 14)
Best move: (14, 16)
Best move: (11, 16)
Try bruteforce due to multiple steps (6) to solve one gate
Trying to solve brute-force congestion at gate [9, 11] with {0: 7, 1: 3, 2: 6, 3: 0, 4: 9, 5: 4, 6: 11, 7: 1}
Trying to moving ion 9... to 9
Ion assignment after moving ion 9: {0: 7, 1: 3, 2: 6, 3: 0, 4: 9, 5: 4, 6: 11, 7: 1}
Gate position gate updated to [ 9 11]--------------c
Trying to moving ion 11... to 10
Ion assignment after moving ion 11: {0: 7, 1: 3, 2: 6, 3: 0, 4: 9, 5: 4, 6: 10, 7: 1}
Executing gate at point (2, 4).
Executing gate at point (3, 4).
Best move: (4, 5)
Best move: (5, 13)
Best move: (13, 14)
Best move: (14, 15)
Best move: (8, 15)
Executing gate at point (2, 2).
Executing gate at point (3, 2).
Best move: (1, 2)
Best move: (2, 12)
Best move: (12, 14)
Best move: (14, 16)
Best move: (11, 16)
Executing gate at point (6, 4).
Executing gate at point (7, 4).
Best move: (11, 16)
Best move: (8, 15)
Best move: (14, 15)
Best move: (13, 14)
Best move: (14, 16)
Best move: (5, 13)
Try bruteforce due to multiple steps (6) to solve one gate
Trying to solve brute-force congestion at gate [5, 14] with {0: 7, 1: 3, 2: 6, 3: 0, 4: 9, 5: 5, 6: 10, 7: 14}
Trying to moving ion 5... to 3
Ion assignment after moving ion 5: {0: 7, 1: 4, 2: 6, 3: 0, 4: 9, 5: 3, 6: 10, 7: 14}
Gate position gate updated to [ 3 14]--------------c
Trying to moving ion 14... to 4
Ion assignment after moving ion 14: {0: 7, 1: 5, 2: 6, 3: 0, 4: 9, 5: 3, 6: 10, 7: 4}
Executing gate at point (8, 5).
Executing gate at point (9, 5).
Trying to solve brute-force congestion at gate [10, 5] with {0: 6, 1: 3, 2: 7, 3: 0, 4: 10, 5: 4, 6: 9, 7: 5}
Trying to moving ion 10... to 9
Ion assignment after moving ion 10: {0: 6, 1: 3, 2: 7, 3: 0, 4: 9, 5: 4, 6: 10, 7: 5}
Gate position gate updated to [9 5]--------------c
Trying to moving ion 5... to 10
Ion assignment after moving ion 5: {0: 6, 1: 3, 2: 7, 3: 0, 4: 9, 5: 4, 6: 11, 7: 10}
Trying to solve brute-force congestion at gate [7, 4] with {0: 6, 1: 3, 2: 7, 3: 0, 4: 9, 5: 4, 6: 11, 7: 10}
Trying to moving ion 4... to 3
Ion assignment after moving ion 4: {0: 6, 1: 4, 2: 7, 3: 0, 4: 9, 5: 3, 6: 11, 7: 10}
Gate position gate updated to [3 7]--------------c
Trying to moving ion 7... to 4
Ion assignment after moving ion 7: {0: 6, 1: 5, 2: 4, 3: 0, 4: 9, 5: 3, 6: 11, 7: 10}
Trying to solve brute-force congestion at gate [0, 10] with {0: 6, 1: 5, 2: 4, 3: 0, 4: 9, 5: 3, 6: 11, 7: 10}
Trying to moving ion 0... to 0
Ion assignment after moving ion 0: {0: 6, 1: 5, 2: 4, 3: 0, 4: 9, 5: 3, 6: 11, 7: 10}
Gate position gate updated to [ 0 10]--------------c
Trying to moving ion 10... to 1
Ion assignment after moving ion 10: {0: 6, 1: 5, 2: 4, 3: 0, 4: 9, 5: 3, 6: 10, 7: 1}
Trying to solve brute-force congestion at gate [0, 1] with {0: 6, 1: 5, 2: 4, 3: 0, 4: 9, 5: 3, 6: 10, 7: 1}
Trying to moving ion 0... to 0
Ion assignment after moving ion 0: {0: 6, 1: 5, 2: 4, 3: 0, 4: 9, 5: 3, 6: 10, 7: 1}
Gate position gate updated to [0 1]--------------c
Trying to moving ion 1... to 1
Ion assignment after moving ion 1: {0: 6, 1: 5, 2: 4, 3: 0, 4: 9, 5: 3, 6: 10, 7: 1}
Trying to solve brute-force congestion at gate [5, 1] with {0: 6, 1: 5, 2: 4, 3: 0, 4: 9, 5: 3, 6: 10, 7: 1}
Trying to moving ion 1... to 0
Ion assignment after moving ion 1: {0: 6, 1: 5, 2: 4, 3: 1, 4: 9, 5: 3, 6: 10, 7: 0}
Gate position gate updated to [0 5]--------------c
Trying to moving ion 5... to 1
Ion assignment after moving ion 5: {0: 6, 1: 1, 2: 4, 3: 2, 4: 9, 5: 3, 6: 10, 7: 0}
Trying to solve brute-force congestion at gate [2, 10] with {0: 6, 1: 1, 2: 4, 3: 2, 4: 9, 5: 3, 6: 10, 7: 0}
Trying to moving ion 10... to 9
Ion assignment after moving ion 10: {0: 6, 1: 1, 2: 4, 3: 2, 4: 10, 5: 3, 6: 9, 7: 0}
Gate position gate updated to [9 2]--------------c
Trying to moving ion 2... to 10
Ion assignment after moving ion 2: {0: 6, 1: 1, 2: 4, 3: 10, 4: 11, 5: 3, 6: 9, 7: 0}
Trying to solve brute-force congestion at gate [6, 0] with {0: 6, 1: 1, 2: 4, 3: 10, 4: 11, 5: 3, 6: 9, 7: 0}
Trying to moving ion 0... to 0
Ion assignment after moving ion 0: {0: 6, 1: 1, 2: 4, 3: 10, 4: 11, 5: 3, 6: 9, 7: 0}
Gate position gate updated to [0 6]--------------c
Trying to moving ion 6... to 1
Ion assignment after moving ion 6: {0: 1, 1: 2, 2: 4, 3: 10, 4: 11, 5: 3, 6: 9, 7: 0}
Trying to solve brute-force congestion at gate [2, 3] with {0: 1, 1: 2, 2: 4, 3: 10, 4: 11, 5: 3, 6: 9, 7: 0}
Trying to moving ion 3... to 3
Ion assignment after moving ion 3: {0: 1, 1: 2, 2: 4, 3: 10, 4: 11, 5: 3, 6: 9, 7: 0}
Gate position gate updated to [3 2]--------------c
Trying to moving ion 2... to 4
Ion assignment after moving ion 2: {0: 1, 1: 4, 2: 5, 3: 10, 4: 11, 5: 3, 6: 9, 7: 0}
Trying to solve brute-force congestion at gate [4, 3] with {0: 1, 1: 4, 2: 5, 3: 10, 4: 11, 5: 3, 6: 9, 7: 0}
Trying to moving ion 4... to 3
Ion assignment after moving ion 4: {0: 1, 1: 3, 2: 5, 3: 10, 4: 11, 5: 4, 6: 9, 7: 0}
Clearing endpoint 5.........
Gate position gate updated to [3 4]--------------c
Trying to moving ion 4... to 4
Ion assignment after moving ion 4: {0: 1, 1: 3, 2: 13, 3: 10, 4: 11, 5: 4, 6: 9, 7: 0}
Executing gate at point (0, 1).
Executing gate at point (0, 3).
Executing gate at point (0, 0).
Executing gate at point (1, 0).
Executing gate at point (1, 1).
Executing gate at point (1, 3).
Executing gate at point (2, 4).
Executing gate at point (3, 4).
Best move: (5, 13)
Executing gate at point (2, 2).
Executing gate at point (3, 2).
Best move: (3, 4)
Best move: (4, 5)
Best move: (5, 13)
Best move: (12, 13)
Best move: (0, 1)
Best move: (2, 12)
Try bruteforce due to multiple steps (6) to solve one gate
Trying to solve brute-force congestion at gate [2, 1] with {0: 0, 1: 2, 2: 4, 3: 10, 4: 11, 5: 3, 6: 9, 7: 1}
Trying to moving ion 2... to 0
Ion assignment after moving ion 2: {0: 1, 1: 0, 2: 4, 3: 10, 4: 11, 5: 3, 6: 9, 7: 2}
Gate position gate updated to [0 2]--------------c
Trying to moving ion 2... to 1
Ion assignment after moving ion 2: {0: 2, 1: 0, 2: 4, 3: 10, 4: 11, 5: 3, 6: 9, 7: 1}
Executing gate at point (2, 1).
Executing gate at point (3, 1).
Best move: (1, 2)
Best move: (2, 12)
Best move: (12, 14)
Best move: (10, 11)
Best move: (11, 16)
Best move: (15, 16)
Try bruteforce due to multiple steps (6) to solve one gate
Trying to solve brute-force congestion at gate [15, 14] with {0: 1, 1: 0, 2: 4, 3: 15, 4: 10, 5: 3, 6: 9, 7: 14}
Trying to moving ion 15... to 6
Ion assignment after moving ion 15: {0: 1, 1: 0, 2: 4, 3: 6, 4: 10, 5: 3, 6: 9, 7: 14}
Gate position gate updated to [ 6 14]--------------c
Trying to moving ion 14... to 7
Ion assignment after moving ion 14: {0: 1, 1: 0, 2: 4, 3: 6, 4: 10, 5: 3, 6: 9, 7: 7}
Executing gate at point (4, 3).
Executing gate at point (5, 3).
Best move: (7, 8)
Best move: (8, 15)
Best move: (15, 16)Input filename:  QAOA_wsq_8_compiled
Algorithm:  SHAW
Trap type:  H
Trap capacity:  3
Num layout passes:  2
Gate type:  FM
Run index:  4
Creating a QCCD machine ...
QCCD physical machine:
### Traps ### 
Trap(id='trap_0', max_num_ions=3, initial_num_ions=0, executable=True, measureable=False)
Trap(id='trap_1', max_num_ions=3, initial_num_ions=0, executable=True, measureable=True)
Trap(id='trap_2', max_num_ions=3, initial_num_ions=0, executable=True, measureable=False)
Trap(id='trap_3', max_num_ions=3, initial_num_ions=0, executable=True, measureable=True)
### Junctions ### 
Junction(id='junction_0')
Junction(id='junction_1')
### Segments ### 
Segment(id='segment_0', left=Trap(id='trap_0', max_num_ions=3, initial_num_ions=0, executable=True, measureable=False), right=Junction(id='junction_0'))
Segment(id='segment_1', left=Trap(id='trap_1', max_num_ions=3, initial_num_ions=0, executable=True, measureable=True), right=Junction(id='junction_0'))
Segment(id='segment_2', left=Junction(id='junction_0'), right=Junction(id='junction_1'))
Segment(id='segment_3', left=Trap(id='trap_2', max_num_ions=3, initial_num_ions=0, executable=True, measureable=False), right=Junction(id='junction_1'))
Segment(id='segment_4', left=Trap(id='trap_3', max_num_ions=3, initial_num_ions=0, executable=True, measureable=True), right=Junction(id='junction_1'))
Finished creating the QCCD physical machine.
Position graph:  CouplingGraph({(0, 1), (9, 10), (13, 14), (1, 2), (10, 11), (3, 4), (11, 16), (12, 13), (14, 16), (5, 13), (6, 7), (4, 5), (12, 14), (15, 16), (2, 12), (8, 15), (14, 15), (7, 8)})
Initial ion assignment:  {0: 5, 1: 4, 2: 6, 3: 3, 4: 9, 5: 10, 6: 0, 7: 8}
Congestion rate:  1.0
Scheduling QCCD: 2280.0 us, costing 3.4264753999887034 s to compile
0.00228
3.4264753999887034
{0: 0, 1: 3, 2: 13, 3: 10, 4: 11, 5: 4, 6: 9, 7: 1}
[0, 1, 2, 3, 4, 5, 6, 7]
