Executing gate at point (0, 1).
Executing gate at point (1, 1).
Best move: (8, 15)
Best move: (14, 15)
Best move: (13, 14)
Best move: (10, 11)
Best move: (11, 16)
Best move: (15, 16)
Try bruteforce due to multiple steps (6) to solve one gate
Trying to solve brute-force congestion at gate [6, 15] with {0: 1, 1: 4, 2: 13, 3: 6, 4: 10, 5: 5, 6: 15, 7: 7}
Trying to moving ion 6... to 6
Ion assignment after moving ion 6: {0: 1, 1: 4, 2: 13, 3: 6, 4: 10, 5: 5, 6: 15, 7: 7}
Gate position gate updated to [ 6 15]--------------c
Trying to moving ion 15... to 7
Ion assignment after moving ion 15: {0: 1, 1: 4, 2: 13, 3: 6, 4: 10, 5: 5, 6: 7, 7: 8}
Executing gate at point (0, 3).
Executing gate at point (1, 3).
Best move: (8, 15)
Best move: (14, 15)
Best move: (12, 14)
Best move: (2, 12)
Executing gate at point (0, 0).
Executing gate at point (1, 0).
Best move: (2, 12)
Best move: (7, 8)
Best move: (8, 15)
Best move: (15, 16)
Best move: (11, 16)
Executing gate at point (2, 4).
Executing gate at point (3, 4).
Best move: (3, 4)
Best move: (4, 5)
Best move: (12, 14)
Best move: (3, 4)
Best move: (3, 4)
Best move: (3, 4)
Try bruteforce due to multiple steps (6) to solve one gate
Trying to solve brute-force congestion at gate [4, 14] with {0: 1, 1: 4, 2: 13, 3: 6, 4: 10, 5: 3, 6: 11, 7: 14}
Trying to moving ion 4... to 3
Ion assignment after moving ion 4: {0: 1, 1: 3, 2: 13, 3: 6, 4: 10, 5: 4, 6: 11, 7: 14}
Gate position gate updated to [ 3 14]--------------c
Trying to moving ion 14... to 4
Ion assignment after moving ion 14: {0: 1, 1: 3, 2: 12, 3: 6, 4: 10, 5: 5, 6: 11, 7: 4}
Executing gate at point (2, 1).
Executing gate at point (3, 1).
Best move: (4, 5)
Best move: (5, 13)
Best move: (13, 14)
Best move: (14, 15)
Best move: (8, 15)
Executing gate at point (4, 3).
Executing gate at point (5, 3).
Best move: (8, 15)
Best move: (15, 16)
Best move: (9, 10)
Best move: (9, 10)
Best move: (9, 10)
Try bruteforce due to repeated pattern...
Trying to solve brute-force congestion at gate [9, 16] with {0: 1, 1: 3, 2: 12, 3: 6, 4: 9, 5: 4, 6: 11, 7: 16}
Trying to moving ion 9... to 9
Ion assignment after moving ion 9: {0: 1, 1: 3, 2: 12, 3: 6, 4: 9, 5: 4, 6: 11, 7: 16}
Clearing endpoint 11.........
Gate position gate updated to [ 9 16]--------------c
Trying to moving ion 16... to 10
Ion assignment after moving ion 16: {0: 1, 1: 3, 2: 12, 3: 6, 4: 9, 5: 4, 6: 11, 7: 10}
Executing gate at point (6, 4).
Executing gate at point (7, 4).
Best move: (12, 13)
Best move: (5, 13)
Executing gate at point (2, 2).
Executing gate at point (3, 2).
Best move: (4, 5)
Best move: (5, 13)
Best move: (13, 14)
Best move: (10, 11)
Best move: (11, 16)
Best move: (15, 16)
Try bruteforce due to multiple steps (6) to solve one gate
Trying to solve brute-force congestion at gate [14, 15] with {0: 1, 1: 3, 2: 4, 3: 6, 4: 9, 5: 14, 6: 10, 7: 15}
Trying to moving ion 15... to 6
Ion assignment after moving ion 15: {0: 1, 1: 3, 2: 4, 3: 7, 4: 9, 5: 14, 6: 10, 7: 6}
Gate position gate updated to [ 6 14]--------------c
Trying to moving ion 14... to 7
Ion assignment after moving ion 14: {0: 1, 1: 3, 2: 4, 3: 8, 4: 9, 5: 7, 6: 10, 7: 6}
Executing gate at point (8, 5).
Executing gate at point (9, 5).
Trying to solve brute-force congestion at gate [10, 8] with {0: 1, 1: 3, 2: 4, 3: 6, 4: 10, 5: 7, 6: 9, 7: 8}
Trying to moving ion 10... to 9
Ion assignment after moving ion 10: {0: 1, 1: 3, 2: 4, 3: 6, 4: 9, 5: 7, 6: 10, 7: 8}
Gate position gate updated to [9 8]--------------c
Trying to moving ion 8... to 10
Ion assignment after moving ion 8: {0: 1, 1: 3, 2: 4, 3: 6, 4: 9, 5: 7, 6: 11, 7: 10}
Trying to solve brute-force congestion at gate [4, 7] with {0: 1, 1: 3, 2: 4, 3: 6, 4: 9, 5: 7, 6: 11, 7: 10}
Trying to moving ion 4... to 3
Ion assignment after moving ion 4: {0: 1, 1: 4, 2: 3, 3: 6, 4: 9, 5: 7, 6: 11, 7: 10}
Gate position gate updated to [3 7]--------------c
Trying to moving ion 7... to 4
Ion assignment after moving ion 7: {0: 1, 1: 5, 2: 3, 3: 6, 4: 9, 5: 4, 6: 11, 7: 10}
Trying to solve brute-force congestion at gate [6, 10] with {0: 1, 1: 5, 2: 3, 3: 6, 4: 9, 5: 4, 6: 11, 7: 10}
Trying to moving ion 6... to 6
Ion assignment after moving ion 6: {0: 1, 1: 5, 2: 3, 3: 6, 4: 9, 5: 4, 6: 11, 7: 10}
Gate position gate updated to [ 6 10]--------------c
Trying to moving ion 10... to 7
Ion assignment after moving ion 10: {0: 1, 1: 5, 2: 3, 3: 6, 4: 9, 5: 4, 6: 10, 7: 7}
Trying to solve brute-force congestion at gate [6, 7] with {0: 1, 1: 5, 2: 3, 3: 6, 4: 9, 5: 4, 6: 10, 7: 7}
Trying to moving ion 6... to 6
Ion assignment after moving ion 6: {0: 1, 1: 5, 2: 3, 3: 6, 4: 9, 5: 4, 6: 10, 7: 7}
Gate position gate updated to [6 7]--------------c
Trying to moving ion 7... to 7
Ion assignment after moving ion 7: {0: 1, 1: 5, 2: 3, 3: 6, 4: 9, 5: 4, 6: 10, 7: 7}
Trying to solve brute-force congestion at gate [5, 7] with {0: 1, 1: 5, 2: 3, 3: 6, 4: 9, 5: 4, 6: 10, 7: 7}
Trying to moving ion 7... to 6
Ion assignment after moving ion 7: {0: 1, 1: 5, 2: 3, 3: 7, 4: 9, 5: 4, 6: 10, 7: 6}
Gate position gate updated to [6 5]--------------c
Trying to moving ion 5... to 7
Ion assignment after moving ion 5: {0: 1, 1: 7, 2: 3, 3: 8, 4: 9, 5: 4, 6: 10, 7: 6}
Trying to solve brute-force congestion at gate [8, 10] with {0: 1, 1: 7, 2: 3, 3: 8, 4: 9, 5: 4, 6: 10, 7: 6}
Trying to moving ion 10... to 9
Ion assignment after moving ion 10: {0: 1, 1: 7, 2: 3, 3: 8, 4: 10, 5: 4, 6: 9, 7: 6}
Gate position gate updated to [9 8]--------------c
Trying to moving ion 8... to 10
Ion assignment after moving ion 8: {0: 1, 1: 7, 2: 3, 3: 10, 4: 11, 5: 4, 6: 9, 7: 6}
Trying to solve brute-force congestion at gate [1, 6] with {0: 1, 1: 7, 2: 3, 3: 10, 4: 11, 5: 4, 6: 9, 7: 6}
Trying to moving ion 6... to 6
Ion assignment after moving ion 6: {0: 1, 1: 7, 2: 3, 3: 10, 4: 11, 5: 4, 6: 9, 7: 6}
Gate position gate updated to [6 1]--------------c
Trying to moving ion 1... to 7
Ion assignment after moving ion 1: {0: 7, 1: 8, 2: 3, 3: 10, 4: 11, 5: 4, 6: 9, 7: 6}
Trying to solve brute-force congestion at gate [8, 4] with {0: 7, 1: 8, 2: 3, 3: 10, 4: 11, 5: 4, 6: 9, 7: 6}
Trying to moving ion 4... to 3
Ion assignment after moving ion 4: {0: 7, 1: 8, 2: 4, 3: 10, 4: 11, 5: 3, 6: 9, 7: 6}
Gate position gate updated to [3 8]--------------c
Trying to moving ion 8... to 4
Ion assignment after moving ion 8: {0: 7, 1: 4, 2: 5, 3: 10, 4: 11, 5: 3, 6: 9, 7: 6}
Trying to solve brute-force congestion at gate [4, 3] with {0: 7, 1: 4, 2: 5, 3: 10, 4: 11, 5: 3, 6: 9, 7: 6}
Trying to moving ion 4... to 3
Ion assignment after moving ion 4: {0: 7, 1: 3, 2: 5, 3: 10, 4: 11, 5: 4, 6: 9, 7: 6}
Clearing endpoint 5.........
Gate position gate updated to [3 4]--------------c
Trying to moving ion 4... to 4
Ion assignment after moving ion 4: {0: 7, 1: 3, 2: 13, 3: 10, 4: 11, 5: 4, 6: 9, 7: 6}
Executing gate at point (0, 1).
Executing gate at point (0, 3).
Executing gate at point (0, 0).
Executing gate at point (1, 0).
Executing gate at point (1, 1).
Executing gate at point (1, 3).
Executing gate at point (2, 4).
Executing gate at point (3, 4).
Best move: (5, 13)
Executing gate at point (2, 2).
Executing gate at point (3, 2).
Best move: (3, 4)
Best move: (4, 5)
Best move: (5, 13)
Best move: (13, 14)
Best move: (14, 15)
Best move: (6, 7)
Try bruteforce due to multiple steps (6) to solve one gate
Trying to solve brute-force congestion at gate [15, 7] with {0: 6, 1: 15, 2: 4, 3: 10, 4: 11, 5: 3, 6: 9, 7: 7}
Trying to moving ion 7... to 6
Ion assignment after moving ion 7: {0: 7, 1: 15, 2: 4, 3: 10, 4: 11, 5: 3, 6: 9, 7: 6}
Gate position gate updated to [ 6 15]--------------c
Trying to moving ion 15... to 7
Ion assignment after moving ion 15: {0: 8, 1: 7, 2: 4, 3: 10, 4: 11, 5: 3, 6: 9, 7: 6}
Executing gate at point (2, 1).
Executing gate at point (3, 1).
Best move: (6, 7)
Best move: (7, 8)
Best move: (8, 15)
Best move: (10, 11)
Best move: (11, 16)
Best move: (14, 15)
Try bruteforce due to multiple steps (6) to solve one gate
Trying to solve brute-force congestion at gate [16, 14] with {0: 7, 1: 6, 2: 4, 3: 16, 4: 10, 5: 3, 6: 9, 7: 14}
Trying to moving ion 16... to 9
Ion assignment after moving ion 16: {0: 7, 1: 6, 2: 4, 3: 9, 4: 11, 5: 3, 6: 10, 7: 14}
Clearing endpoint 11.........
Gate position gate updated to [ 9 14]--------------c
Trying to moving ion 14... to 10
Ion assignment after moving ion 14: {0: 7, 1: 6, 2: 4, 3: 9, 4: 15, 5: 3, 6: 11, 7: 10}
Executing gate at point (4, 3).
Executing gate at point (5, 3).
Best move: (10, 11)
Best move: (11, 16)
Best move: (14, 15)
Best move: (15, 16)
Best move: (15, 16)
Try bruteforce due to repeated pattern...
Trying to solve brute-force congestion at gate [14, 16] with {0: 7, 1: 6, 2: 4, 3: 9, 4: 14, 5: 3, 6: 10, 7: 16}
Trying to moving ion 16... to 9
Ion assignment after moving ion 16: {0: 7, 1: 6, 2: 4, 3: 10, 4: 14, 5: 3, 6: 11, 7: 9}
Clearing endpoint 11.........
Gate position gate updated to [ 9 14]--------------c
Trying to moving ion 14... to 10
Ion assignment after moving ion 14: {0: 7, 1: 6, 2: 4, 3: 11, 4: 10, 5: 3, 6: 15, 7: 9}
Executing gate at point (6, 4).
Executing gate at point (7, 4).
Best move: (9, 10)
Best move: (10, 11)
Best move: (11, 16)
Best move: (14, 16)
Best move: (13, 14)
Best move: (5, 13)
Try bruteforce due to multiple steps (6) to solve one gate
Trying to solve brute-force congestion at gate [3, 5] with {0: 7, 1: 6, 2: 4, 3: 10, 4: 9, 5: 3, 6: 15, 7: 5}
Trying to moving ion 3... to 3
Ion assignment after moving ion 3: {0: 7, 1: 6, 2: 4, 3: 10, 4: 9, 5: 3, 6: 15, 7: 5}
Gate position gate updated to [3 5]--------------c
Trying to moving ion 5... to 4
Ion assignment after moving ion 5: {0: 7, 1: 6, 2: 5, 3: 10, 4: 9, 5: 3, 6: 15, 7: 4}
Executing gate at point (8, 5).
Executing gate at point (9, 5).
Trying to solve brute-force congestion at gate [6, 16] with {0: 7, 1: 6, 2: 4, 3: 10, 4: 9, 5: 3, 6: 15, 7: 16}
Trying to moving ion 6... to 6
Ion assignment after moving ion 6: {0: 7, 1: 6, 2: 4, 3: 10, 4: 9, 5: 3, 6: 15, 7: 16}
Gate position gate updated to [ 6 16]--------------c
Trying to moving ion 16... to 7
Ion assignment after moving ion 16: {0: 8, 1: 6, 2: 4, 3: 10, 4: 9, 5: 3, 6: 14, 7: 7}
Trying to solve brute-force congestion at gate [6, 7] with {0: 8, 1: 6, 2: 4, 3: 10, 4: 9, 5: 3, 6: 14, 7: 7}
Trying to moving ion 6... to 6
Ion assignment after moving ion 6: {0: 8, 1: 6, 2: 4, 3: 10, 4: 9, 5: 3, 6: 14, 7: 7}
Clearing endpoint 8.........
Gate position gate updated to [6 7]--------------c
Trying to moving ion 7... to 7
Ion assignment after moving ion 7: {0: 15, 1: 6, 2: 4, 3: 10, 4: 9, 5: 3, 6: 14, 7: 7}
Trying to solve brute-force congestion at gate [15, 7] with {0: 15, 1: 6, 2: 4, 3: 10, 4: 9, 5: 3, 6: 14, 7: 7}
Trying to moving ion 7... to 6
Ion assignment after moving ion 7: {0: 15, 1: 7, 2: 4, 3: 10, 4: 9, 5: 3, 6: 14, 7: 6}
Gate position gate updated to [ 6 15]--------------c
Trying to moving ion 15... to 7
Ion assignment after moving ion 15: {0: 7, 1: 8, 2: 4, 3: 10, 4: 9, 5: 3, 6: 14, 7: 6}
Trying to solve brute-force congestion at gate [8, 3] with {0: 7, 1: 8, 2: 4, 3: 10, 4: 9, 5: 3, 6: 14, 7: 6}
Trying to moving ion 3... to 3
Ion assignment after moving ion 3: {0: 7, 1: 8, 2: 4, 3: 10, 4: 9, 5: 3, 6: 14, 7: 6}
Gate position gate updated to [3 8]--------------c
Trying to moving ion 8... to 4
Ion assignment after moving ion 8: {0: 7, 1: 4, 2: 5, 3: 10, 4: 9, 5: 3, 6: 12, 7: 6}
Trying to solve brute-force congestion at gate [4, 3] with {0: 7, 1: 4, 2: 5, 3: 10, 4: 9, 5: 3, 6: 12, 7: 6}
Trying to moving ion 4... to 3
Ion assignment after moving ion 4: {0: 7, 1: 3, 2: 5, 3: 10, 4: 9, 5: 4, 6: 12, 7: 6}
Clearing endpoint 5.........
Gate position gate updated to [3 4]--------------c
Trying to moving ion 4... to 4
Ion assignment after moving ion 4: {0: 7, 1: 3, 2: 13, 3: 10, 4: 9, 5: 4, 6: 12, 7: 6}
Trying to solve brute-force congestion at gate [9, 12] with {0: 7, 1: 3, 2: 13, 3: 10, 4: 9, 5: 4, 6: 12, 7: 6}
Trying to moving ion 9... to 9
Ion assignment after moving ion 9: {0: 7, 1: 3, 2: 13, 3: 10, 4: 9, 5: 4, 6: 12, 7: 6}
Gate position gate updated to [ 9 12]--------------c
Trying to moving ion 12... to 10
Ion assignment after moving ion 12: {0: 7, 1: 3, 2: 13, 3: 11, 4: 9, 5: 4, 6: 10, 7: 6}
Trying to solve brute-force congestion at gate [9, 10] with {0: 7, 1: 3, 2: 13, 3: 11, 4: 9, 5: 4, 6: 10, 7: 6}
Trying to moving ion 9... to 9
Ion assignment after moving ion 9: {0: 7, 1: 3, 2: 13, 3: 11, 4: 9, 5: 4, 6: 10, 7: 6}
Clearing endpoint 11.........
Gate position gate updated to [ 9 10]--------------c
Trying to moving ion 10... to 10
Ion assignment after moving ion 10: {0: 7, 1: 3, 2: 13, 3: 16, 4: 9, 5: 4, 6: 10, 7: 6}
Trying to solve brute-force congestion at gate [16, 10] with {0: 7, 1: 3, 2: 13, 3: 16, 4: 9, 5: 4, 6: 10, 7: 6}
Trying to moving ion 10... to 9
Ion assignment after moving ion 10: {0: 7, 1: 3, 2: 13, 3: 16, 4: 10, 5: 4, 6: 9, 7: 6}
Gate position gate updated to [ 9 16]--------------c
Trying to moving ion 16... to 10
Ion assignment after moving ion 16: {0: 7, 1: 3, 2: 13, 3: 10, 4: 11, 5: 4, 6: 9, 7: 6}
Trying to solve brute-force congestion at gate [10, 9] with {0: 7, 1: 3, 2: 13, 3: 10, 4: 11, 5: 4, 6: 9, 7: 6}
Trying to moving ion 10... to 9
Ion assignment after moving ion 10: {0: 7, 1: 3, 2: 13, 3: 9, 4: 11, 5: 4, 6: 10, 7: 6}
Clearing endpoint 11.........
Gate position gate updated to [ 9 10]--------------c
Trying to moving ion 10... to 10
Ion assignment after moving ion 10: {0: 7, 1: 3, 2: 13, 3: 9, 4: 16, 5: 4, 6: 10, 7: 6}
Executing gate at point (0, 1).
Executing gate at point (0, 3).
Executing gate at point (0, 0).
Executing gate at point (1, 0).
Executing gate at point (1, 1).
Executing gate at point (1, 3).
Best move: (5, 13)
Executing gate at point (2, 2).
Executing gate at point (3, 2).
Best move: (3, 4)
Best move: (11, 16)
Executing gate at point (2, 4).
Executing gate at point (3, 4).
Best move: (4, 5)
Best move: (5, 13)
Best move: (13, 14)
Best move: (14, 15)
Best move: (6, 7)
Best move: (8, 15)
Try bruteforce due to multiple steps (6) to solve one gate
Trying to solve brute-force congestion at gate [8, 7] with {0: 6, 1: 8, 2: 4, 3: 9, 4: 11, 5: 3, 6: 10, 7: 7}
Trying to moving ion 8... to 6
Ion assignment after moving ion 8: {0: 7, 1: 6, 2: 4, 3: 9, 4: 11, 5: 3, 6: 10, 7: 8}
Gate position gate updated to [6 8]--------------c
Trying to moving ion 8... to 7
Ion assignment after moving ion 8: {0: 8, 1: 6, 2: 4, 3: 9, 4: 11, 5: 3, 6: 10, 7: 7}
Executing gate at point (2, 1).
Executing gate at point (3, 1).
Best move: (7, 8)
Best move: (8, 15)
Best move: (9, 10)
Best move: (10, 11)
Best move: (11, 16)
Best move: (14, 15)
Try bruteforce due to multiple steps (6) to solve one gate
Trying to solve brute-force congestion at gate [16, 14] with {0: 7, 1: 6, 2: 4, 3: 16, 4: 10, 5: 3, 6: 9, 7: 14}
Trying to moving ion 16... to 9
Ion assignment after moving ion 16: {0: 7, 1: 6, 2: 4, 3: 9, 4: 11, 5: 3, 6: 10, 7: 14}
Clearing endpoint 11.........
Gate position gate updated to [ 9 14]--------------c
Trying to moving ion 14... to 10
Ion assignment after moving ion 14: {0: 7, 1: 6, 2: 4, 3: 9, 4: 15, 5: 3, 6: 11, 7: 10}
Executing gate at point (4, 3).
Executing gate at point (5, 3).
Best move: (10, 11)
Best move: (11, 16)
Best move: (14, 15)
Best move: (15, 16)
Best move: (15, 16)
Try bruteforce due to repeated pattern...
Trying to solve brute-force congestion at gate [14, 16] with {0: 7, 1: 6, 2: 4, 3: 9, 4: 14, 5: 3, 6: 10, 7: 16}
Trying to moving ion 16... to 9
Ion assignment after moving ion 16: {0: 7, 1: 6, 2: 4, 3: 10, 4: 14, 5: 3, 6: 11, 7: 9}
Clearing endpoint 11.........
Gate position gate updated to [ 9 14]--------------c
Trying to moving ion 14... to 10
Ion assignment after moving ion 14: {0: 7, 1: 6, 2: 4, 3: 11, 4: 10, 5: 3, 6: 15, 7: 9}
Executing gate at point (6, 4).
Executing gate at point (7, 4).
Best move: (9, 10)
Best move: (10, 11)
Best move: (11, 16)
Best move: (14, 16)
Best move: (13, 14)
Best move: (5, 13)
Try bruteforce due to multiple steps (6) to solve one gate
Trying to solve brute-force congestion at gate [3, 5] with {0: 7, 1: 6, 2: 4, 3: 10, 4: 9, 5: 3, 6: 15, 7: 5}
Trying to moving ion 3... to 3Input filename:  QAOA_wsq_8_compiled
Algorithm:  SHAW
Trap type:  H
Trap capacity:  3
Num layout passes:  2
Gate type:  FM
Run index:  5
Creating a QCCD machine ...
QCCD physical machine:
### Traps ### 
Trap(id='trap_0', max_num_ions=3, initial_num_ions=0, executable=True, measureable=False)
Trap(id='trap_1', max_num_ions=3, initial_num_ions=0, executable=True, measureable=True)
Trap(id='trap_2', max_num_ions=3, initial_num_ions=0, executable=True, measureable=False)
Trap(id='trap_3', max_num_ions=3, initial_num_ions=0, executable=True, measureable=True)
### Junctions ### 
Junction(id='junction_0')
Junction(id='junction_1')
### Segments ### 
Segment(id='segment_0', left=Trap(id='trap_0', max_num_ions=3, initial_num_ions=0, executable=True, measureable=False), right=Junction(id='junction_0'))
Segment(id='segment_1', left=Trap(id='trap_1', max_num_ions=3, initial_num_ions=0, executable=True, measureable=True), right=Junction(id='junction_0'))
Segment(id='segment_2', left=Junction(id='junction_0'), right=Junction(id='junction_1'))
Segment(id='segment_3', left=Trap(id='trap_2', max_num_ions=3, initial_num_ions=0, executable=True, measureable=False), right=Junction(id='junction_1'))
Segment(id='segment_4', left=Trap(id='trap_3', max_num_ions=3, initial_num_ions=0, executable=True, measureable=True), right=Junction(id='junction_1'))
Finished creating the QCCD physical machine.
Position graph:  CouplingGraph({(0, 1), (9, 10), (13, 14), (1, 2), (10, 11), (3, 4), (11, 16), (12, 13), (14, 16), (5, 13), (6, 7), (4, 5), (12, 14), (15, 16), (2, 12), (8, 15), (14, 15), (7, 8)})
Initial ion assignment:  {0: 1, 1: 4, 2: 8, 3: 6, 4: 11, 5: 5, 6: 10, 7: 7}
Congestion rate:  1.0
Scheduling QCCD: 2720.0000000000005 us, costing 3.7259090999141335 s to compile
0.00272
3.7259090999141335
{0: 7, 1: 3, 2: 13, 3: 9, 4: 16, 5: 4, 6: 10, 7: 6}
[0, 1, 2, 3, 4, 5, 6, 7]
