Executing gate at point (0, 3).
Best move: (8, 15)
Best move: (11, 16)
Best move: (1, 2)
Best move: (14, 16)
Best move: (12, 14)
Best move: (14, 15)
Try bruteforce due to multiple steps (6) to solve one gate
Trying to solve brute-force congestion at gate [1, 12] with {0: 7, 1: 3, 2: 1, 3: 12, 4: 10, 5: 6, 6: 14, 7: 0}
Trying to moving ion 1... to 0
Ion assignment after moving ion 1: {0: 7, 1: 3, 2: 0, 3: 12, 4: 10, 5: 6, 6: 14, 7: 1}
Gate position gate updated to [ 0 12]--------------c
Trying to moving ion 12... to 1
Ion assignment after moving ion 12: {0: 7, 1: 3, 2: 0, 3: 1, 4: 10, 5: 6, 6: 14, 7: 2}
Executing gate at point (1, 2).
Best move: (2, 12)
Best move: (0, 1)
Best move: (1, 2)
Best move: (12, 13)
Best move: (2, 12)
Best move: (5, 13)
Try bruteforce due to multiple steps (6) to solve one gate
Trying to solve brute-force congestion at gate [3, 12] with {0: 7, 1: 3, 2: 12, 3: 0, 4: 10, 5: 6, 6: 14, 7: 5}
Trying to moving ion 3... to 3
Ion assignment after moving ion 3: {0: 7, 1: 3, 2: 12, 3: 0, 4: 10, 5: 6, 6: 14, 7: 5}
Clearing endpoint 5.........
Gate position gate updated to [ 3 12]--------------c
Trying to moving ion 12... to 4
Ion assignment after moving ion 12: {0: 7, 1: 3, 2: 4, 3: 0, 4: 10, 5: 6, 6: 14, 7: 5}
Executing gate at point (2, 1).
Best move: (5, 13)
Best move: (12, 13)
Best move: (2, 12)
Best move: (12, 14)
Best move: (1, 2)
Best move: (2, 12)
Try bruteforce due to multiple steps (6) to solve one gate
Trying to solve brute-force congestion at gate [7, 3] with {0: 7, 1: 3, 2: 4, 3: 0, 4: 10, 5: 6, 6: 2, 7: 1}
Trying to moving ion 3... to 3
Ion assignment after moving ion 3: {0: 7, 1: 3, 2: 4, 3: 0, 4: 10, 5: 6, 6: 2, 7: 1}
Gate position gate updated to [3 7]--------------c
Trying to moving ion 7... to 4
Ion assignment after moving ion 7: {0: 4, 1: 3, 2: 5, 3: 0, 4: 10, 5: 6, 6: 2, 7: 1}
Executing gate at point (3, 0).
Executing gate at point (0, 6).
Best move: (2, 12)
Best move: (12, 14)
Best move: (14, 15)
Best move: (8, 15)
Executing gate at point (1, 5).
Best move: (10, 11)
Best move: (11, 16)
Best move: (15, 16)
Best move: (6, 7)
Best move: (6, 7)
Best move: (6, 7)
Try bruteforce due to multiple steps (6) to solve one gate
Trying to solve brute-force congestion at gate [15, 7] with {0: 4, 1: 3, 2: 5, 3: 0, 4: 15, 5: 7, 6: 8, 7: 1}
Trying to moving ion 7... to 6
Ion assignment after moving ion 7: {0: 4, 1: 3, 2: 5, 3: 0, 4: 15, 5: 6, 6: 8, 7: 1}
Clearing endpoint 8.........
Gate position gate updated to [ 6 15]--------------c
Trying to moving ion 15... to 7
Ion assignment after moving ion 15: {0: 4, 1: 3, 2: 5, 3: 0, 4: 7, 5: 6, 6: 8, 7: 1}
Executing gate at point (2, 4).
Executing gate at point (3, 5).
Best move: (8, 15)
Best move: (14, 15)
Best move: (12, 14)
Best move: (2, 12)
Executing gate at point (4, 6).
Best move: (0, 1)
Best move: (1, 2)
Best move: (2, 12)
Best move: (12, 14)
Best move: (14, 15)
Best move: (8, 15)
Try bruteforce due to multiple steps (6) to solve one gate
Trying to solve brute-force congestion at gate [8, 7] with {0: 4, 1: 3, 2: 5, 3: 8, 4: 7, 5: 6, 6: 1, 7: 0}
Trying to moving ion 8... to 6
Ion assignment after moving ion 8: {0: 4, 1: 3, 2: 5, 3: 6, 4: 8, 5: 7, 6: 1, 7: 0}
Gate position gate updated to [6 8]--------------c
Trying to moving ion 8... to 7
Ion assignment after moving ion 8: {0: 4, 1: 3, 2: 5, 3: 6, 4: 7, 5: 8, 6: 1, 7: 0}
Executing gate at point (3, 3).
Executing gate at point (4, 4).
Best move: (8, 15)
Best move: (14, 15)
Best move: (12, 14)
Best move: (2, 12)
Executing gate at point (5, 5).
Best move: (5, 13)
Best move: (13, 14)
Best move: (14, 15)
Best move: (8, 15)
Executing gate at point (4, 2).
Executing gate at point (5, 3).
Best move: (8, 15)
Best move: (14, 15)
Best move: (13, 14)
Best move: (5, 13)
Executing gate at point (5, 1).
Trying to solve brute-force congestion at gate [6, 14] with {0: 4, 1: 3, 2: 15, 3: 7, 4: 6, 5: 14, 6: 1, 7: 0}
Trying to moving ion 6... to 6
Ion assignment after moving ion 6: {0: 4, 1: 3, 2: 15, 3: 7, 4: 6, 5: 14, 6: 1, 7: 0}
Gate position gate updated to [ 6 14]--------------c
Trying to moving ion 14... to 7
Ion assignment after moving ion 14: {0: 4, 1: 3, 2: 16, 3: 8, 4: 6, 5: 7, 6: 1, 7: 0}
Trying to solve brute-force congestion at gate [7, 1] with {0: 4, 1: 3, 2: 16, 3: 8, 4: 6, 5: 7, 6: 1, 7: 0}
Trying to moving ion 1... to 0
Ion assignment after moving ion 1: {0: 4, 1: 3, 2: 16, 3: 8, 4: 6, 5: 7, 6: 0, 7: 1}
Gate position gate updated to [0 7]--------------c
Trying to moving ion 7... to 1
Ion assignment after moving ion 7: {0: 4, 1: 3, 2: 16, 3: 7, 4: 6, 5: 1, 6: 0, 7: 2}
Trying to solve brute-force congestion at gate [16, 7] with {0: 4, 1: 3, 2: 16, 3: 7, 4: 6, 5: 1, 6: 0, 7: 2}
Trying to moving ion 7... to 6
Ion assignment after moving ion 7: {0: 4, 1: 3, 2: 16, 3: 6, 4: 7, 5: 1, 6: 0, 7: 2}
Gate position gate updated to [ 6 16]--------------c
Trying to moving ion 16... to 7
Ion assignment after moving ion 16: {0: 4, 1: 3, 2: 7, 3: 6, 4: 8, 5: 1, 6: 0, 7: 2}
Trying to solve brute-force congestion at gate [6, 8] with {0: 4, 1: 3, 2: 7, 3: 6, 4: 8, 5: 1, 6: 0, 7: 2}
Trying to moving ion 6... to 6
Ion assignment after moving ion 6: {0: 4, 1: 3, 2: 7, 3: 6, 4: 8, 5: 1, 6: 0, 7: 2}
Gate position gate updated to [6 8]--------------c
Trying to moving ion 8... to 7
Ion assignment after moving ion 8: {0: 4, 1: 3, 2: 8, 3: 6, 4: 7, 5: 1, 6: 0, 7: 2}
Trying to solve brute-force congestion at gate [7, 1] with {0: 4, 1: 3, 2: 8, 3: 6, 4: 7, 5: 1, 6: 0, 7: 2}
Trying to moving ion 1... to 0
Ion assignment after moving ion 1: {0: 4, 1: 3, 2: 8, 3: 6, 4: 7, 5: 0, 6: 1, 7: 2}
Clearing endpoint 2.........
Gate position gate updated to [0 7]--------------c
Trying to moving ion 7... to 1
Ion assignment after moving ion 7: {0: 4, 1: 3, 2: 7, 3: 6, 4: 1, 5: 0, 6: 2, 7: 13}
Trying to solve brute-force congestion at gate [3, 7] with {0: 4, 1: 3, 2: 7, 3: 6, 4: 1, 5: 0, 6: 2, 7: 13}
Trying to moving ion 3... to 3
Ion assignment after moving ion 3: {0: 4, 1: 3, 2: 7, 3: 6, 4: 1, 5: 0, 6: 2, 7: 13}
Gate position gate updated to [3 7]--------------c
Trying to moving ion 7... to 4
Ion assignment after moving ion 7: {0: 5, 1: 3, 2: 4, 3: 6, 4: 1, 5: 0, 6: 2, 7: 12}
Trying to solve brute-force congestion at gate [4, 6] with {0: 5, 1: 3, 2: 4, 3: 6, 4: 1, 5: 0, 6: 2, 7: 12}
Trying to moving ion 6... to 6
Ion assignment after moving ion 6: {0: 5, 1: 3, 2: 4, 3: 6, 4: 1, 5: 0, 6: 2, 7: 12}
Gate position gate updated to [6 4]--------------c
Trying to moving ion 4... to 7
Ion assignment after moving ion 4: {0: 4, 1: 3, 2: 7, 3: 6, 4: 1, 5: 0, 6: 2, 7: 12}
Trying to solve brute-force congestion at gate [6, 1] with {0: 4, 1: 3, 2: 7, 3: 6, 4: 1, 5: 0, 6: 2, 7: 12}
Trying to moving ion 6... to 6
Ion assignment after moving ion 6: {0: 4, 1: 3, 2: 7, 3: 6, 4: 1, 5: 0, 6: 2, 7: 12}
Gate position gate updated to [6 1]--------------c
Trying to moving ion 1... to 7
Ion assignment after moving ion 1: {0: 4, 1: 3, 2: 8, 3: 6, 4: 7, 5: 0, 6: 1, 7: 16}
Trying to solve brute-force congestion at gate [1, 16] with {0: 4, 1: 3, 2: 8, 3: 6, 4: 7, 5: 0, 6: 1, 7: 16}
Trying to moving ion 1... to 0
Ion assignment after moving ion 1: {0: 4, 1: 3, 2: 8, 3: 6, 4: 7, 5: 1, 6: 0, 7: 16}
Gate position gate updated to [ 0 16]--------------c
Trying to moving ion 16... to 1
Ion assignment after moving ion 16: {0: 4, 1: 3, 2: 8, 3: 6, 4: 7, 5: 2, 6: 0, 7: 1}
Executing gate at point (0, 3).
Executing gate at point (0, 6).
Executing gate at point (1, 2).
Executing gate at point (1, 5).
Best move: (8, 15)
Best move: (14, 15)
Best move: (13, 14)
Best move: (2, 12)
Best move: (12, 14)
Best move: (14, 15)
Try bruteforce due to multiple steps (6) to solve one gate
Trying to solve brute-force congestion at gate [7, 15] with {0: 4, 1: 3, 2: 13, 3: 6, 4: 7, 5: 15, 6: 0, 7: 1}
Trying to moving ion 7... to 6
Ion assignment after moving ion 7: {0: 4, 1: 3, 2: 13, 3: 7, 4: 6, 5: 15, 6: 0, 7: 1}
Gate position gate updated to [ 6 15]--------------c
Trying to moving ion 15... to 7
Ion assignment after moving ion 15: {0: 4, 1: 3, 2: 13, 3: 8, 4: 6, 5: 7, 6: 0, 7: 1}Input filename:  TFIM_wsq_n8_s100_compiled
Algorithm:  SHAPER
Trap type:  H
Trap capacity:  3
Num layout passes:  2
Gate type:  FM
Run index:  3
Creating a QCCD machine ...
QCCD physical machine:
### Traps ### 
Trap(id='trap_0', max_num_ions=3, initial_num_ions=0, executable=True, measureable=False)
Trap(id='trap_1', max_num_ions=3, initial_num_ions=0, executable=True, measureable=True)
Trap(id='trap_2', max_num_ions=3, initial_num_ions=0, executable=True, measureable=False)
Trap(id='trap_3', max_num_ions=3, initial_num_ions=0, executable=True, measureable=True)
### Junctions ### 
Junction(id='junction_0')
Junction(id='junction_1')
### Segments ### 
Segment(id='segment_0', left=Trap(id='trap_0', max_num_ions=3, initial_num_ions=0, executable=True, measureable=False), right=Junction(id='junction_0'))
Segment(id='segment_1', left=Trap(id='trap_1', max_num_ions=3, initial_num_ions=0, executable=True, measureable=True), right=Junction(id='junction_0'))
Segment(id='segment_2', left=Junction(id='junction_0'), right=Junction(id='junction_1'))
Segment(id='segment_3', left=Trap(id='trap_2', max_num_ions=3, initial_num_ions=0, executable=True, measureable=False), right=Junction(id='junction_1'))
Segment(id='segment_4', left=Trap(id='trap_3', max_num_ions=3, initial_num_ions=0, executable=True, measureable=True), right=Junction(id='junction_1'))
Finished creating the QCCD physical machine.
Position graph:  CouplingGraph({(0, 1), (9, 10), (13, 14), (1, 2), (10, 11), (3, 4), (11, 16), (12, 13), (14, 16), (5, 13), (6, 7), (4, 5), (12, 14), (15, 16), (2, 12), (8, 15), (14, 15), (7, 8)})
Initial ion assignment:  {0: 7, 1: 3, 2: 2, 3: 11, 4: 10, 5: 6, 6: 8, 7: 0}
Congestion rate:  1.0
Scheduling QCCD: 2799.9999999999995 us, costing 6.924816700047813 s to compile
0.0027999999999999995
6.924816700047813
{0: 4, 1: 3, 2: 8, 3: 6, 4: 7, 5: 2, 6: 0, 7: 1}
[0, 1, 2, 3, 4, 5, 6, 7]
