Best move: (11, 16)
Best move: (15, 16)
Best move: (4, 5)
Best move: (5, 13)
Best move: (12, 13)
Best move: (8, 15)
Try bruteforce due to multiple steps (6) to solve one gate
Trying to solve brute-force congestion at gate [12, 2] with {0: 3, 1: 4, 2: 10, 3: 12, 4: 2, 5: 0, 6: 8, 7: 6}
Trying to moving ion 2... to 0
Ion assignment after moving ion 2: {0: 3, 1: 4, 2: 10, 3: 12, 4: 0, 5: 1, 6: 8, 7: 6}
Gate position gate updated to [ 0 12]--------------c
Trying to moving ion 12... to 1
Ion assignment after moving ion 12: {0: 3, 1: 4, 2: 10, 3: 1, 4: 0, 5: 2, 6: 8, 7: 6}
Executing gate at point (0, 3).
Executing gate at point (0, 6).
Best move: (2, 12)
Best move: (12, 14)
Best move: (14, 15)
Best move: (10, 11)
Best move: (11, 16)
Best move: (14, 16)
Try bruteforce due to multiple steps (6) to solve one gate
Trying to solve brute-force congestion at gate [14, 1] with {0: 3, 1: 4, 2: 14, 3: 1, 4: 0, 5: 15, 6: 8, 7: 6}
Trying to moving ion 1... to 0
Ion assignment after moving ion 1: {0: 3, 1: 4, 2: 14, 3: 0, 4: 1, 5: 15, 6: 8, 7: 6}
Gate position gate updated to [ 0 14]--------------c
Trying to moving ion 14... to 1
Ion assignment after moving ion 14: {0: 3, 1: 4, 2: 1, 3: 0, 4: 2, 5: 15, 6: 8, 7: 6}
Executing gate at point (1, 2).
Best move: (1, 2)
Best move: (2, 12)
Best move: (12, 13)
Best move: (5, 13)
Executing gate at point (2, 1).
Executing gate at point (3, 0).
Best move: (7, 8)
Best move: (8, 15)
Executing gate at point (1, 5).
Best move: (8, 15)
Best move: (14, 15)
Best move: (12, 14)
Best move: (2, 12)
Executing gate at point (2, 4).
Executing gate at point (3, 3).
Best move: (2, 12)
Best move: (5, 13)
Best move: (0, 1)
Best move: (0, 1)
Best move: (0, 1)
Try bruteforce due to repeated pattern...
Trying to solve brute-force congestion at gate [13, 1] with {0: 3, 1: 4, 2: 13, 3: 1, 4: 0, 5: 12, 6: 7, 7: 6}
Trying to moving ion 1... to 0
Ion assignment after moving ion 1: {0: 3, 1: 4, 2: 13, 3: 0, 4: 1, 5: 12, 6: 7, 7: 6}
Gate position gate updated to [ 0 13]--------------c
Trying to moving ion 13... to 1
Ion assignment after moving ion 13: {0: 3, 1: 4, 2: 1, 3: 0, 4: 2, 5: 14, 6: 7, 7: 6}
Executing gate at point (4, 2).
Best move: (14, 15)
Best move: (8, 15)
Executing gate at point (3, 5).
Executing gate at point (4, 6).
Best move: (8, 15)
Best move: (2, 12)
Best move: (12, 14)
Best move: (14, 16)
Best move: (14, 16)
Best move: (14, 16)
Try bruteforce due to multiple steps (6) to solve one gate
Trying to solve brute-force congestion at gate [16, 15] with {0: 3, 1: 4, 2: 1, 3: 0, 4: 16, 5: 15, 6: 7, 7: 6}
Trying to moving ion 16... to 9
Ion assignment after moving ion 16: {0: 3, 1: 4, 2: 1, 3: 0, 4: 9, 5: 15, 6: 7, 7: 6}
Gate position gate updated to [ 9 15]--------------c
Trying to moving ion 15... to 10
Ion assignment after moving ion 15: {0: 3, 1: 4, 2: 1, 3: 0, 4: 9, 5: 10, 6: 7, 7: 6}
Executing gate at point (4, 4).
Best move: (0, 1)
Best move: (1, 2)
Best move: (2, 12)
Best move: (12, 14)
Best move: (14, 16)
Best move: (11, 16)
Try bruteforce due to multiple steps (6) to solve one gate
Trying to solve brute-force congestion at gate [11, 9] with {0: 3, 1: 4, 2: 0, 3: 11, 4: 9, 5: 10, 6: 7, 7: 6}
Trying to moving ion 11... to 9
Ion assignment after moving ion 11: {0: 3, 1: 4, 2: 0, 3: 9, 4: 10, 5: 11, 6: 7, 7: 6}
Clearing endpoint 11.........
Gate position gate updated to [ 9 10]--------------c
Trying to moving ion 10... to 10
Ion assignment after moving ion 10: {0: 3, 1: 4, 2: 0, 3: 9, 4: 10, 5: 16, 6: 7, 7: 6}
Executing gate at point (5, 3).
Best move: (15, 16)
Best move: (8, 15)
Executing gate at point (5, 5).
Best move: (4, 5)
Best move: (5, 13)
Best move: (12, 13)
Best move: (2, 12)
Executing gate at point (5, 1).
Trying to solve brute-force congestion at gate [10, 16] with {0: 3, 1: 5, 2: 1, 3: 9, 4: 10, 5: 16, 6: 7, 7: 6}
Trying to moving ion 10... to 9
Ion assignment after moving ion 10: {0: 3, 1: 5, 2: 1, 3: 10, 4: 9, 5: 16, 6: 7, 7: 6}
Gate position gate updated to [ 9 16]--------------c
Trying to moving ion 16... to 10
Ion assignment after moving ion 16: {0: 3, 1: 5, 2: 1, 3: 11, 4: 9, 5: 10, 6: 7, 7: 6}
Trying to solve brute-force congestion at gate [10, 7] with {0: 3, 1: 5, 2: 1, 3: 11, 4: 9, 5: 10, 6: 7, 7: 6}
Trying to moving ion 7... to 6
Ion assignment after moving ion 7: {0: 3, 1: 5, 2: 1, 3: 11, 4: 9, 5: 10, 6: 6, 7: 7}
Gate position gate updated to [ 6 10]--------------c
Trying to moving ion 10... to 7
Ion assignment after moving ion 10: {0: 3, 1: 5, 2: 1, 3: 10, 4: 9, 5: 7, 6: 6, 7: 8}
Trying to solve brute-force congestion at gate [1, 10] with {0: 3, 1: 5, 2: 1, 3: 10, 4: 9, 5: 7, 6: 6, 7: 8}
Trying to moving ion 1... to 0
Ion assignment after moving ion 1: {0: 3, 1: 5, 2: 0, 3: 10, 4: 9, 5: 7, 6: 6, 7: 8}
Gate position gate updated to [ 0 10]--------------c
Trying to moving ion 10... to 1
Ion assignment after moving ion 10: {0: 3, 1: 5, 2: 0, 3: 1, 4: 9, 5: 7, 6: 6, 7: 8}
Trying to solve brute-force congestion at gate [1, 9] with {0: 3, 1: 5, 2: 0, 3: 1, 4: 9, 5: 7, 6: 6, 7: 8}
Trying to moving ion 9... to 9
Ion assignment after moving ion 9: {0: 3, 1: 5, 2: 0, 3: 1, 4: 9, 5: 7, 6: 6, 7: 8}
Gate position gate updated to [9 1]--------------c
Trying to moving ion 1... to 10
Ion assignment after moving ion 1: {0: 3, 1: 5, 2: 0, 3: 10, 4: 9, 5: 7, 6: 6, 7: 8}
Trying to solve brute-force congestion at gate [9, 7] with {0: 3, 1: 5, 2: 0, 3: 10, 4: 9, 5: 7, 6: 6, 7: 8}
Trying to moving ion 9... to 9
Ion assignment after moving ion 9: {0: 3, 1: 5, 2: 0, 3: 10, 4: 9, 5: 7, 6: 6, 7: 8}
Gate position gate updated to [9 7]--------------c
Trying to moving ion 7... to 10
Ion assignment after moving ion 7: {0: 3, 1: 5, 2: 0, 3: 11, 4: 9, 5: 10, 6: 6, 7: 7}
Trying to solve brute-force congestion at gate [5, 0] with {0: 3, 1: 5, 2: 0, 3: 11, 4: 9, 5: 10, 6: 6, 7: 7}
Trying to moving ion 0... to 0
Ion assignment after moving ion 0: {0: 3, 1: 5, 2: 0, 3: 11, 4: 9, 5: 10, 6: 6, 7: 7}
Gate position gate updated to [0 5]--------------c
Trying to moving ion 5... to 1
Ion assignment after moving ion 5: {0: 3, 1: 1, 2: 0, 3: 11, 4: 9, 5: 10, 6: 6, 7: 7}
Trying to solve brute-force congestion at gate [0, 11] with {0: 3, 1: 1, 2: 0, 3: 11, 4: 9, 5: 10, 6: 6, 7: 7}
Trying to moving ion 0... to 0
Ion assignment after moving ion 0: {0: 3, 1: 1, 2: 0, 3: 11, 4: 9, 5: 10, 6: 6, 7: 7}
Gate position gate updated to [ 0 11]--------------c
Trying to moving ion 11... to 1
Ion assignment after moving ion 11: {0: 3, 1: 2, 2: 0, 3: 1, 4: 9, 5: 10, 6: 6, 7: 7}
Trying to solve brute-force congestion at gate [1, 9] with {0: 3, 1: 2, 2: 0, 3: 1, 4: 9, 5: 10, 6: 6, 7: 7}
Trying to moving ion 9... to 9
Ion assignment after moving ion 9: {0: 3, 1: 2, 2: 0, 3: 1, 4: 9, 5: 10, 6: 6, 7: 7}
Gate position gate updated to [9 1]--------------c
Trying to moving ion 1... to 10
Ion assignment after moving ion 1: {0: 3, 1: 1, 2: 0, 3: 10, 4: 9, 5: 11, 6: 6, 7: 7}
Trying to solve brute-force congestion at gate [11, 6] with {0: 3, 1: 1, 2: 0, 3: 10, 4: 9, 5: 11, 6: 6, 7: 7}
Trying to moving ion 6... to 6
Ion assignment after moving ion 6: {0: 3, 1: 1, 2: 0, 3: 10, 4: 9, 5: 11, 6: 6, 7: 7}
Gate position gate updated to [ 6 11]--------------c
Trying to moving ion 11... to 7
Ion assignment after moving ion 11: {0: 3, 1: 1, 2: 0, 3: 10, 4: 9, 5: 7, 6: 6, 7: 8}
Trying to solve brute-force congestion at gate [6, 8] with {0: 3, 1: 1, 2: 0, 3: 10, 4: 9, 5: 7, 6: 6, 7: 8}
Trying to moving ion 6... to 6
Ion assignment after moving ion 6: {0: 3, 1: 1, 2: 0, 3: 10, 4: 9, 5: 7, 6: 6, 7: 8}
Gate position gate updated to [6 8]--------------c
Trying to moving ion 8... to 7
Ion assignment after moving ion 8: {0: 3, 1: 1, 2: 0, 3: 10, 4: 9, 5: 8, 6: 6, 7: 7}
Executing gate at point (0, 3).
Executing gate at point (0, 6).
Executing gate at point (1, 5).
Best move: (8, 15)
Best move: (15, 16)
Best move: (11, 16)
Executing gate at point (2, 4).
Best move: (11, 16)
Best move: (10, 11)
Best move: (0, 1)
Best move: (0, 1)
Best move: (0, 1)
Try bruteforce due to repeated pattern...
Trying to solve brute-force congestion at gate [1, 11] with {0: 3, 1: 0, 2: 1, 3: 11, 4: 9, 5: 16, 6: 6, 7: 7}Input filename:  TFIM_wsq_n8_s100_compiled
Algorithm:  SHAPER
Trap type:  H
Trap capacity:  3
Num layout passes:  2
Gate type:  FM
Run index:  10
Creating a QCCD machine ...
QCCD physical machine:
### Traps ### 
Trap(id='trap_0', max_num_ions=3, initial_num_ions=0, executable=True, measureable=False)
Trap(id='trap_1', max_num_ions=3, initial_num_ions=0, executable=True, measureable=True)
Trap(id='trap_2', max_num_ions=3, initial_num_ions=0, executable=True, measureable=False)
Trap(id='trap_3', max_num_ions=3, initial_num_ions=0, executable=True, measureable=True)
### Junctions ### 
Junction(id='junction_0')
Junction(id='junction_1')
### Segments ### 
Segment(id='segment_0', left=Trap(id='trap_0', max_num_ions=3, initial_num_ions=0, executable=True, measureable=False), right=Junction(id='junction_0'))
Segment(id='segment_1', left=Trap(id='trap_1', max_num_ions=3, initial_num_ions=0, executable=True, measureable=True), right=Junction(id='junction_0'))
Segment(id='segment_2', left=Junction(id='junction_0'), right=Junction(id='junction_1'))
Segment(id='segment_3', left=Trap(id='trap_2', max_num_ions=3, initial_num_ions=0, executable=True, measureable=False), right=Junction(id='junction_1'))
Segment(id='segment_4', left=Trap(id='trap_3', max_num_ions=3, initial_num_ions=0, executable=True, measureable=True), right=Junction(id='junction_1'))
Finished creating the QCCD physical machine.
Position graph:  CouplingGraph({(0, 1), (9, 10), (13, 14), (1, 2), (10, 11), (3, 4), (11, 16), (12, 13), (14, 16), (5, 13), (6, 7), (4, 5), (12, 14), (15, 16), (2, 12), (8, 15), (14, 15), (7, 8)})
Initial ion assignment:  {0: 3, 1: 5, 2: 10, 3: 4, 4: 2, 5: 0, 6: 11, 7: 6}
Congestion rate:  1.0
Scheduling QCCD: 3920.000000000001 us, costing 6.019532199949026 s to compile
0.003920000000000001
6.019532199949026
{0: 3, 1: 1, 2: 0, 3: 10, 4: 9, 5: 8, 6: 6, 7: 7}
[0, 1, 2, 3, 4, 5, 6, 7]
