Best move: (2, 12)
Best move: (12, 14)
Best move: (11, 16)
Best move: (15, 16)
Best move: (5, 13)
Best move: (4, 5)
Try bruteforce due to multiple steps (6) to solve one gate
Trying to solve brute-force congestion at gate [0, 5] with {0: 15, 1: 6, 2: 0, 3: 5, 4: 9, 5: 13, 6: 14, 7: 7}
Trying to moving ion 0... to 0
Ion assignment after moving ion 0: {0: 15, 1: 6, 2: 0, 3: 5, 4: 9, 5: 13, 6: 14, 7: 7}
Gate position gate updated to [0 5]--------------c
Trying to moving ion 5... to 1
Ion assignment after moving ion 5: {0: 15, 1: 6, 2: 0, 3: 1, 4: 9, 5: 14, 6: 16, 7: 7}
Executing gate at point (0, 2).
Best move: (6, 7)
Best move: (9, 10)
Best move: (9, 10)
Best move: (9, 10)
Best move: (9, 10)
Try bruteforce due to repeated pattern...
Trying to solve brute-force congestion at gate [9, 14] with {0: 15, 1: 7, 2: 0, 3: 1, 4: 9, 5: 14, 6: 16, 7: 6}
Trying to moving ion 9... to 9
Ion assignment after moving ion 9: {0: 15, 1: 7, 2: 0, 3: 1, 4: 9, 5: 14, 6: 16, 7: 6}
Gate position gate updated to [ 9 14]--------------c
Trying to moving ion 14... to 10
Ion assignment after moving ion 14: {0: 8, 1: 7, 2: 0, 3: 1, 4: 9, 5: 10, 6: 15, 7: 6}
Executing gate at point (0, 4).
Executing gate at point (0, 0).
Best move: (7, 8)
Best move: (6, 7)
Best move: (7, 8)
Best move: (15, 16)
Best move: (8, 15)
Best move: (7, 8)
Try bruteforce due to multiple steps (6) to solve one gate
Trying to solve brute-force congestion at gate [8, 0] with {0: 6, 1: 8, 2: 0, 3: 1, 4: 9, 5: 10, 6: 16, 7: 15}
Trying to moving ion 0... to 0
Ion assignment after moving ion 0: {0: 6, 1: 8, 2: 0, 3: 1, 4: 9, 5: 10, 6: 16, 7: 15}
Gate position gate updated to [0 8]--------------c
Trying to moving ion 8... to 1
Ion assignment after moving ion 8: {0: 6, 1: 1, 2: 0, 3: 2, 4: 9, 5: 10, 6: 16, 7: 13}
Executing gate at point (1, 1).
Best move: (14, 16)
Best move: (2, 12)
Best move: (1, 2)
Best move: (5, 13)
Best move: (13, 14)
Best move: (12, 14)
Try bruteforce due to multiple steps (6) to solve one gate
Trying to solve brute-force congestion at gate [6, 2] with {0: 6, 1: 2, 2: 0, 3: 14, 4: 9, 5: 10, 6: 13, 7: 5}
Trying to moving ion 6... to 6
Ion assignment after moving ion 6: {0: 6, 1: 2, 2: 0, 3: 14, 4: 9, 5: 10, 6: 13, 7: 5}
Gate position gate updated to [6 2]--------------c
Trying to moving ion 2... to 7
Ion assignment after moving ion 2: {0: 6, 1: 7, 2: 0, 3: 16, 4: 9, 5: 10, 6: 13, 7: 5}
Executing gate at point (2, 0).
Best move: (11, 16)
Executing gate at point (1, 3).
Best move: (11, 16)
Best move: (14, 16)
Best move: (12, 14)
Best move: (2, 12)
Executing gate at point (2, 2).
Best move: (0, 1)
Best move: (1, 2)
Best move: (2, 12)
Best move: (12, 14)
Best move: (14, 15)
Best move: (8, 15)
Try bruteforce due to multiple steps (6) to solve one gate
Trying to solve brute-force congestion at gate [7, 8] with {0: 6, 1: 7, 2: 8, 3: 1, 4: 9, 5: 10, 6: 13, 7: 5}
Trying to moving ion 7... to 6
Ion assignment after moving ion 7: {0: 7, 1: 6, 2: 8, 3: 1, 4: 9, 5: 10, 6: 13, 7: 5}
Gate position gate updated to [6 8]--------------c
Trying to moving ion 8... to 7
Ion assignment after moving ion 8: {0: 8, 1: 6, 2: 7, 3: 1, 4: 9, 5: 10, 6: 13, 7: 5}
Executing gate at point (3, 1).
Executing gate at point (4, 0).
Best move: (4, 5)
Best move: (5, 13)
Executing gate at point (0, 6).
Best move: (5, 13)
Best move: (13, 14)
Best move: (14, 16)
Best move: (11, 16)
Executing gate at point (1, 5).
Executing gate at point (2, 4).
Best move: (11, 16)
Best move: (1, 2)
Best move: (2, 12)
Best move: (12, 14)
Best move: (9, 10)
Best move: (14, 15)
Try bruteforce due to multiple steps (6) to solve one gate
Trying to solve brute-force congestion at gate [15, 10] with {0: 8, 1: 6, 2: 7, 3: 15, 4: 10, 5: 9, 6: 16, 7: 4}
Trying to moving ion 10... to 9
Ion assignment after moving ion 10: {0: 8, 1: 6, 2: 7, 3: 15, 4: 9, 5: 10, 6: 16, 7: 4}
Gate position gate updated to [ 9 15]--------------c
Trying to moving ion 15... to 10
Ion assignment after moving ion 15: {0: 8, 1: 6, 2: 7, 3: 10, 4: 9, 5: 11, 6: 14, 7: 4}
Executing gate at point (3, 3).
Best move: (13, 14)
Best move: (5, 13)
Executing gate at point (2, 6).
Best move: (11, 16)
Best move: (14, 16)
Best move: (13, 14)
Best move: (7, 8)
Best move: (8, 15)
Best move: (15, 16)
Try bruteforce due to multiple steps (6) to solve one gate
Trying to solve brute-force congestion at gate [13, 5] with {0: 7, 1: 6, 2: 16, 3: 10, 4: 9, 5: 13, 6: 5, 7: 4}
Trying to moving ion 5... to 3
Ion assignment after moving ion 5: {0: 7, 1: 6, 2: 16, 3: 10, 4: 9, 5: 13, 6: 3, 7: 5}
Clearing endpoint 5.........
Gate position gate updated to [ 3 13]--------------c
Trying to moving ion 13... to 4
Ion assignment after moving ion 13: {0: 7, 1: 6, 2: 16, 3: 10, 4: 9, 5: 4, 6: 3, 7: 5}
Executing gate at point (3, 5).
Executing gate at point (4, 6).
Best move: (4, 5)
Best move: (11, 16)
Executing gate at point (4, 2).
Best move: (11, 16)
Best move: (5, 13)
Best move: (13, 14)
Best move: (9, 10)
Best move: (14, 15)
Best move: (14, 15)
Try bruteforce due to multiple steps (6) to solve one gate
Trying to solve brute-force congestion at gate [10, 14] with {0: 7, 1: 6, 2: 16, 3: 9, 4: 10, 5: 14, 6: 3, 7: 4}
Trying to moving ion 10... to 9
Ion assignment after moving ion 10: {0: 7, 1: 6, 2: 16, 3: 10, 4: 9, 5: 14, 6: 3, 7: 4}
Gate position gate updated to [ 9 14]--------------c
Trying to moving ion 14... to 10
Ion assignment after moving ion 14: {0: 7, 1: 6, 2: 15, 3: 11, 4: 9, 5: 10, 6: 3, 7: 4}
Executing gate at point (4, 4).
Executing gate at point (5, 3).
Best move: (10, 11)
Best move: (11, 16)
Best move: (14, 16)
Best move: (13, 14)
Best move: (5, 13)
Executing gate at point (5, 5).
Executing gate at point (6, 6).
Best move: (8, 15)
Executing gate at point (5, 1).
Executing gate at point (6, 0).
Best move: (8, 15)
Best move: (15, 16)
Best move: (11, 16)
Executing gate at point (6, 2).
Best move: (11, 16)
Best move: (15, 16)
Best move: (8, 15)
Executing gate at point (7, 1).
Best move: (5, 13)
Best move: (13, 14)
Best move: (14, 16)
Best move: (11, 16)
Executing gate at point (6, 4).
Executing gate at point (7, 3).
Best move: (11, 16)
Best move: (14, 16)
Best move: (13, 14)
Best move: (5, 13)
Executing gate at point (7, 5).
Trying to solve brute-force congestion at gate [15, 10] with {0: 7, 1: 6, 2: 15, 3: 10, 4: 9, 5: 16, 6: 3, 7: 4}
Trying to moving ion 10... to 9
Ion assignment after moving ion 10: {0: 7, 1: 6, 2: 15, 3: 9, 4: 10, 5: 16, 6: 3, 7: 4}
Gate position gate updated to [ 9 15]--------------c
Trying to moving ion 15... to 10
Ion assignment after moving ion 15: {0: 7, 1: 6, 2: 10, 3: 9, 4: 11, 5: 14, 6: 3, 7: 4}
Trying to solve brute-force congestion at gate [6, 10] with {0: 7, 1: 6, 2: 10, 3: 9, 4: 11, 5: 14, 6: 3, 7: 4}
Trying to moving ion 6... to 6
Ion assignment after moving ion 6: {0: 7, 1: 6, 2: 10, 3: 9, 4: 11, 5: 14, 6: 3, 7: 4}
Gate position gate updated to [ 6 10]--------------c
Trying to moving ion 10... to 7
Ion assignment after moving ion 10: {0: 8, 1: 6, 2: 7, 3: 9, 4: 10, 5: 14, 6: 3, 7: 4}
Trying to solve brute-force congestion at gate [8, 6] with {0: 8, 1: 6, 2: 7, 3: 9, 4: 10, 5: 14, 6: 3, 7: 4}
Trying to moving ion 8... to 6
Ion assignment after moving ion 8: {0: 6, 1: 7, 2: 8, 3: 9, 4: 10, 5: 14, 6: 3, 7: 4}
Clearing endpoint 8.........
Gate position gate updated to [6 7]--------------c
Trying to moving ion 7... to 7
Ion assignment after moving ion 7: {0: 6, 1: 7, 2: 15, 3: 9, 4: 10, 5: 14, 6: 3, 7: 4}
Trying to solve brute-force congestion at gate [10, 14] with {0: 6, 1: 7, 2: 15, 3: 9, 4: 10, 5: 14, 6: 3, 7: 4}
Trying to moving ion 10... to 9
Ion assignment after moving ion 10: {0: 6, 1: 7, 2: 15, 3: 10, 4: 9, 5: 14, 6: 3, 7: 4}
Gate position gate updated to [ 9 14]--------------c
Trying to moving ion 14... to 10
Ion assignment after moving ion 14: {0: 6, 1: 7, 2: 15, 3: 11, 4: 9, 5: 10, 6: 3, 7: 4}
Trying to solve brute-force congestion at gate [11, 9] with {0: 6, 1: 7, 2: 15, 3: 11, 4: 9, 5: 10, 6: 3, 7: 4}
Trying to moving ion 11... to 9
Ion assignment after moving ion 11: {0: 6, 1: 7, 2: 15, 3: 9, 4: 10, 5: 11, 6: 3, 7: 4}
Clearing endpoint 11.........
Gate position gate updated to [ 9 10]--------------c
Trying to moving ion 10... to 10
Ion assignment after moving ion 10: {0: 6, 1: 7, 2: 15, 3: 9, 4: 10, 5: 16, 6: 3, 7: 4}
Trying to solve brute-force congestion at gate [16, 3] with {0: 6, 1: 7, 2: 15, 3: 9, 4: 10, 5: 16, 6: 3, 7: 4}
Trying to moving ion 3... to 3
Ion assignment after moving ion 3: {0: 6, 1: 7, 2: 15, 3: 9, 4: 10, 5: 16, 6: 3, 7: 4}
Gate position gate updated to [ 3 16]--------------c
Trying to moving ion 16... to 4
Ion assignment after moving ion 16: {0: 6, 1: 7, 2: 15, 3: 9, 4: 10, 5: 4, 6: 3, 7: 5}
Trying to solve brute-force congestion at gate [10, 4] with {0: 6, 1: 7, 2: 15, 3: 9, 4: 10, 5: 4, 6: 3, 7: 5}
Trying to moving ion 10... to 9
Ion assignment after moving ion 10: {0: 6, 1: 7, 2: 15, 3: 10, 4: 9, 5: 4, 6: 3, 7: 5}
Gate position gate updated to [9 4]--------------c
Trying to moving ion 4... to 10
Ion assignment after moving ion 4: {0: 6, 1: 7, 2: 15, 3: 11, 4: 9, 5: 10, 6: 3, 7: 4}
Trying to solve brute-force congestion at gate [10, 3] with {0: 6, 1: 7, 2: 15, 3: 11, 4: 9, 5: 10, 6: 3, 7: 4}
Trying to moving ion 3... to 3
Ion assignment after moving ion 3: {0: 6, 1: 7, 2: 15, 3: 11, 4: 9, 5: 10, 6: 3, 7: 4}
Gate position gate updated to [ 3 10]--------------c
Trying to moving ion 10... to 4
Ion assignment after moving ion 10: {0: 6, 1: 7, 2: 15, 3: 10, 4: 9, 5: 4, 6: 3, 7: 5}
Trying to solve brute-force congestion at gate [15, 10] with {0: 6, 1: 7, 2: 15, 3: 10, 4: 9, 5: 4, 6: 3, 7: 5}
Trying to moving ion 10... to 9
Ion assignment after moving ion 10: {0: 6, 1: 7, 2: 15, 3: 9, 4: 10, 5: 4, 6: 3, 7: 5}
Gate position gate updated to [ 9 15]--------------c
Trying to moving ion 15... to 10
Ion assignment after moving ion 15: {0: 6, 1: 7, 2: 10, 3: 9, 4: 11, 5: 4, 6: 3, 7: 5}
Trying to solve brute-force congestion at gate [7, 10] with {0: 6, 1: 7, 2: 10, 3: 9, 4: 11, 5: 4, 6: 3, 7: 5}
Trying to moving ion 7... to 6
Ion assignment after moving ion 7: {0: 7, 1: 6, 2: 10, 3: 9, 4: 11, 5: 4, 6: 3, 7: 5}
Gate position gate updated to [ 6 10]--------------c
Trying to moving ion 10... to 7
Ion assignment after moving ion 10: {0: 8, 1: 6, 2: 7, 3: 9, 4: 10, 5: 4, 6: 3, 7: 5}
Trying to solve brute-force congestion at gate [10, 4] with {0: 8, 1: 6, 2: 7, 3: 9, 4: 10, 5: 4, 6: 3, 7: 5}
Trying to moving ion 10... to 9
Ion assignment after moving ion 10: {0: 8, 1: 6, 2: 7, 3: 10, 4: 9, 5: 4, 6: 3, 7: 5}
Gate position gate updated to [9 4]--------------c
Trying to moving ion 4... to 10
Ion assignment after moving ion 4: {0: 8, 1: 6, 2: 7, 3: 11, 4: 9, 5: 10, 6: 3, 7: 4}
Trying to solve brute-force congestion at gate [10, 3] with {0: 8, 1: 6, 2: 7, 3: 11, 4: 9, 5: 10, 6: 3, 7: 4}
Trying to moving ion 3... to 3
Ion assignment after moving ion 3: {0: 8, 1: 6, 2: 7, 3: 11, 4: 9, 5: 10, 6: 3, 7: 4}
Gate position gate updated to [ 3 10]--------------c
Trying to moving ion 10... to 4
Ion assignment after moving ion 10: {0: 8, 1: 6, 2: 7, 3: 10, 4: 9, 5: 4, 6: 3, 7: 5}
Trying to solve brute-force congestion at gate [7, 10] with {0: 8, 1: 6, 2: 7, 3: 10, 4: 9, 5: 4, 6: 3, 7: 5}
Trying to moving ion 10... to 9
Ion assignment after moving ion 10: {0: 8, 1: 6, 2: 7, 3: 9, 4: 10, 5: 4, 6: 3, 7: 5}
Gate position gate updated to [9 7]--------------c
Trying to moving ion 7... to 10
Ion assignment after moving ion 7: {0: 7, 1: 6, 2: 10, 3: 9, 4: 11, 5: 4, 6: 3, 7: 5}
Trying to solve brute-force congestion at gate [6, 10] with {0: 7, 1: 6, 2: 10, 3: 9, 4: 11, 5: 4, 6: 3, 7: 5}
Trying to moving ion 6... to 6
Ion assignment after moving ion 6: {0: 7, 1: 6, 2: 10, 3: 9, 4: 11, 5: 4, 6: 3, 7: 5}
Gate position gate updated to [ 6 10]--------------c
Trying to moving ion 10... to 7
Ion assignment after moving ion 10: {0: 8, 1: 6, 2: 7, 3: 9, 4: 10, 5: 4, 6: 3, 7: 5}
Trying to solve brute-force congestion at gate [7, 9] with {0: 8, 1: 6, 2: 7, 3: 9, 4: 10, 5: 4, 6: 3, 7: 5}
Trying to moving ion 9... to 9
Ion assignment after moving ion 9: {0: 8, 1: 6, 2: 7, 3: 9, 4: 10, 5: 4, 6: 3, 7: 5}
Gate position gate updated to [9 7]--------------c
Trying to moving ion 7... to 10
Ion assignment after moving ion 7: {0: 7, 1: 6, 2: 10, 3: 9, 4: 11, 5: 4, 6: 3, 7: 5}
Trying to solve brute-force congestion at gate [11, 4] with {0: 7, 1: 6, 2: 10, 3: 9, 4: 11, 5: 4, 6: 3, 7: 5}
Trying to moving ion 4... to 3
Ion assignment after moving ion 4: {0: 7, 1: 6, 2: 10, 3: 9, 4: 11, 5: 3, 6: 4, 7: 5}
Clearing endpoint 5.........
Gate position gate updated to [ 3 11]--------------c
Trying to moving ion 11... to 4
Ion assignment after moving ion 11: {0: 7, 1: 6, 2: 10, 3: 9, 4: 4, 5: 3, 6: 5, 7: 12}
Executing gate at point (0, 2).
Executing gate at point (0, 4).
Executing gate at point (0, 0).
Best move: (5, 13)
Best move: (2, 12)
Best move: (12, 13)
Best move: (1, 2)
Best move: (2, 12)
Executing gate at point (0, 6).
Best move: (2, 12)
Best move: (10, 11)
Best move: (11, 16)
Best move: (15, 16)
Best move: (8, 15)
Executing gate at point (1, 1).
Executing gate at point (2, 0).
Best move: (12, 13)
Best move: (5, 13)
Executing gate at point (1, 5).
Best move: (5, 13)
Best move: (4, 5)
Best move: (9, 10)
Best move: (9, 10)
Best move: (9, 10)
Try bruteforce due to repeated pattern...
Trying to solve brute-force congestion at gate [10, 5] with {0: 7, 1: 6, 2: 8, 3: 10, 4: 5, 5: 3, 6: 13, 7: 1}
Trying to moving ion 10... to 9
Ion assignment after moving ion 10: {0: 7, 1: 6, 2: 8, 3: 9, 4: 5, 5: 3, 6: 13, 7: 1}
Gate position gate updated to [9 5]--------------c
Trying to moving ion 5... to 10
Ion assignment after moving ion 5: {0: 7, 1: 6, 2: 8, 3: 9, 4: 10, 5: 3, 6: 15, 7: 1}
Executing gate at point (1, 3).
Best move: (14, 15)
Best move: (12, 14)
Best move: (8, 15)
Best move: (2, 12)
Executing gate at point (2, 6).
Best move: (15, 16)
Best move: (11, 16)
Executing gate at point (2, 2).
Best move: (11, 16)
Best move: (15, 16)
Best move: (8, 15)
Executing gate at point (3, 1).
Executing gate at point (4, 0).
Best move: (10, 11)
Best move: (11, 16)
Best move: (14, 16)
Best move: (13, 14)
Best move: (5, 13)
Executing gate at point (2, 4).
Best move: (2, 12)
Best move: (5, 13)
Best move: (13, 14)
Best move: (12, 13)
Best move: (14, 16)
Best move: (11, 16)
Try bruteforce due to multiple steps (6) to solve one gate
Trying to solve brute-force congestion at gate [9, 11] with {0: 7, 1: 6, 2: 8, 3: 9, 4: 11, 5: 3, 6: 13, 7: 1}
Trying to moving ion 9... to 9
Ion assignment after moving ion 9: {0: 7, 1: 6, 2: 8, 3: 9, 4: 11, 5: 3, 6: 13, 7: 1}
Gate position gate updated to [ 9 11]--------------c
Trying to moving ion 11... to 10
Ion assignment after moving ion 11: {0: 7, 1: 6, 2: 8, 3: 9, 4: 10, 5: 3, 6: 13, 7: 1}
Executing gate at point (3, 3).
Best move: (5, 13)
Executing gate at point (3, 5).
Best move: (5, 13)
Best move: (10, 11)
Best move: (11, 16)
Best move: (14, 16)
Best move: (3, 4)
Best move: (12, 14)
Try bruteforce due to multiple steps (6) to solve one gate
Trying to solve brute-force congestion at gate [12, 4] with {0: 7, 1: 6, 2: 8, 3: 9, 4: 12, 5: 4, 6: 13, 7: 1}
Trying to moving ion 4... to 3
Ion assignment after moving ion 4: {0: 7, 1: 6, 2: 8, 3: 9, 4: 12, 5: 3, 6: 13, 7: 1}
Gate position gate updated to [ 3 12]--------------c
Trying to moving ion 12... to 4
Ion assignment after moving ion 12: {0: 7, 1: 6, 2: 8, 3: 9, 4: 4, 5: 3, 6: 14, 7: 1}
Executing gate at point (4, 4).
Best move: (12, 14)
Best move: (2, 12)
Executing gate at point (4, 6).
Best move: (2, 12)
Best move: (12, 13)
Best move: (5, 13)
Executing gate at point (5, 5).
Best move: (8, 15)
Best move: (15, 16)
Best move: (11, 16)
Executing gate at point (4, 2).
Best move: (11, 16)
Best move: (5, 13)
Best move: (12, 13)
Best move: (2, 12)
Executing gate at point (6, 6).
Best move: (15, 16)
Best move: (8, 15)
Executing gate at point (5, 1).
Executing gate at point (6, 0).
Best move: (4, 5)
Best move: (5, 13)
Best move: (13, 14)
Best move: (14, 16)
Best move: (11, 16)
Executing gate at point (5, 3).
Best move: (11, 16)
Best move: (8, 15)
Best move: (9, 10)
Best move: (9, 10)
Best move: (9, 10)
Try bruteforce due to repeated pattern...
Trying to solve brute-force congestion at gate [15, 10] with {0: 7, 1: 6, 2: 15, 3: 10, 4: 16, 5: 3, 6: 2, 7: 1}
Trying to moving ion 10... to 9
Ion assignment after moving ion 10: {0: 7, 1: 6, 2: 15, 3: 9, 4: 16, 5: 3, 6: 2, 7: 1}
Gate position gate updated to [ 9 15]--------------c
Trying to moving ion 15... to 10
Ion assignment after moving ion 15: {0: 7, 1: 6, 2: 10, 3: 9, 4: 14, 5: 3, 6: 2, 7: 1}
Executing gate at point (6, 2).
Best move: (13, 14)
Best move: (5, 13)
Executing gate at point (6, 4).
Best move: (5, 13)
Best move: (2, 12)
Best move: (3, 4)
Best move: (12, 14)
Best move: (12, 14)
Best move: (12, 14)
Try bruteforce due to multiple steps (6) to solve one gate
Trying to solve brute-force congestion at gate [4, 14] with {0: 7, 1: 6, 2: 10, 3: 9, 4: 13, 5: 4, 6: 14, 7: 1}
Trying to moving ion 4... to 3
Ion assignment after moving ion 4: {0: 7, 1: 6, 2: 10, 3: 9, 4: 13, 5: 3, 6: 14, 7: 1}
Gate position gate updated to [ 3 14]--------------c
Trying to moving ion 14... to 4
Ion assignment after moving ion 14: {0: 7, 1: 6, 2: 10, 3: 9, 4: 12, 5: 3, 6: 4, 7: 1}
Executing gate at point (7, 5).
Best move: (10, 11)
Best move: (11, 16)
Best move: (15, 16)
Best move: (8, 15)
Executing gate at point (7, 1).
Best move: (12, 14)
Best move: (14, 16)
Best move: (11, 16)
Executing gate at point (7, 3).
Trying to solve brute-force congestion at gate [4, 1] with {0: 7, 1: 6, 2: 16, 3: 9, 4: 14, 5: 3, 6: 4, 7: 1}
Trying to moving ion 1... to 0
Ion assignment after moving ion 1: {0: 7, 1: 6, 2: 16, 3: 9, 4: 14, 5: 3, 6: 4, 7: 0}
Gate position gate updated to [0 4]--------------c
Trying to moving ion 4... to 1
Ion assignment after moving ion 4: {0: 7, 1: 6, 2: 16, 3: 9, 4: 14, 5: 3, 6: 1, 7: 0}
Trying to solve brute-force congestion at gate [6, 16] with {0: 7, 1: 6, 2: 16, 3: 9, 4: 14, 5: 3, 6: 1, 7: 0}
Trying to moving ion 6... to 6
Ion assignment after moving ion 6: {0: 7, 1: 6, 2: 16, 3: 9, 4: 14, 5: 3, 6: 1, 7: 0}
Gate position gate updated to [ 6 16]--------------c
Trying to moving ion 16... to 7
Ion assignment after moving ion 16: {0: 8, 1: 6, 2: 7, 3: 9, 4: 14, 5: 3, 6: 1, 7: 0}
Trying to solve brute-force congestion at gate [8, 6] with {0: 8, 1: 6, 2: 7, 3: 9, 4: 14, 5: 3, 6: 1, 7: 0}
Trying to moving ion 8... to 6
Ion assignment after moving ion 8: {0: 6, 1: 7, 2: 8, 3: 9, 4: 14, 5: 3, 6: 1, 7: 0}
Clearing endpoint 8.........
Gate position gate updated to [6 7]--------------c
Trying to moving ion 7... to 7
Ion assignment after moving ion 7: {0: 6, 1: 7, 2: 15, 3: 9, 4: 14, 5: 3, 6: 1, 7: 0}
Trying to solve brute-force congestion at gate [14, 3] with {0: 6, 1: 7, 2: 15, 3: 9, 4: 14, 5: 3, 6: 1, 7: 0}
Trying to moving ion 3... to 3
Ion assignment after moving ion 3: {0: 6, 1: 7, 2: 15, 3: 9, 4: 14, 5: 3, 6: 1, 7: 0}
Gate position gate updated to [ 3 14]--------------c
Trying to moving ion 14... to 4
Ion assignment after moving ion 14: {0: 6, 1: 7, 2: 15, 3: 9, 4: 4, 5: 3, 6: 1, 7: 0}
Trying to solve brute-force congestion at gate [9, 4] with {0: 6, 1: 7, 2: 15, 3: 9, 4: 4, 5: 3, 6: 1, 7: 0}
Trying to moving ion 9... to 9
Ion assignment after moving ion 9: {0: 6, 1: 7, 2: 15, 3: 9, 4: 4, 5: 3, 6: 1, 7: 0}
Gate position gate updated to [9 4]--------------c
Trying to moving ion 4... to 10
Ion assignment after moving ion 4: {0: 6, 1: 7, 2: 15, 3: 9, 4: 10, 5: 3, 6: 1, 7: 0}
Trying to solve brute-force congestion at gate [3, 1] with {0: 6, 1: 7, 2: 15, 3: 9, 4: 10, 5: 3, 6: 1, 7: 0}
Trying to moving ion 3... to 3
Ion assignment after moving ion 3: {0: 6, 1: 7, 2: 15, 3: 9, 4: 10, 5: 3, 6: 1, 7: 0}
Gate position gate updated to [3 1]--------------c
Trying to moving ion 1... to 4
Ion assignment after moving ion 1: {0: 6, 1: 7, 2: 15, 3: 9, 4: 10, 5: 3, 6: 4, 7: 0}
Trying to solve brute-force congestion at gate [10, 3] with {0: 6, 1: 7, 2: 15, 3: 9, 4: 10, 5: 3, 6: 4, 7: 0}
Trying to moving ion 3... to 3
Ion assignment after moving ion 3: {0: 6, 1: 7, 2: 15, 3: 9, 4: 10, 5: 3, 6: 4, 7: 0}
Gate position gate updated to [ 3 10]--------------c
Trying to moving ion 10... to 4
Ion assignment after moving ion 10: {0: 6, 1: 7, 2: 15, 3: 9, 4: 4, 5: 3, 6: 5, 7: 0}
Trying to solve brute-force congestion at gate [5, 0] with {0: 6, 1: 7, 2: 15, 3: 9, 4: 4, 5: 3, 6: 5, 7: 0}
Trying to moving ion 0... to 0
Ion assignment after moving ion 0: {0: 6, 1: 7, 2: 15, 3: 9, 4: 4, 5: 3, 6: 5, 7: 0}
Gate position gate updated to [0 5]--------------c
Trying to moving ion 5... to 1
Ion assignment after moving ion 5: {0: 6, 1: 7, 2: 15, 3: 9, 4: 4, 5: 3, 6: 1, 7: 0}
Trying to solve brute-force congestion at gate [3, 1] with {0: 6, 1: 7, 2: 15, 3: 9, 4: 4, 5: 3, 6: 1, 7: 0}
Trying to moving ion 3... to 3
Ion assignment after moving ion 3: {0: 6, 1: 7, 2: 15, 3: 9, 4: 4, 5: 3, 6: 1, 7: 0}
Gate position gate updated to [3 1]--------------c
Trying to moving ion 1... to 4
Ion assignment after moving ion 1: {0: 6, 1: 7, 2: 15, 3: 9, 4: 5, 5: 3, 6: 4, 7: 0}
Trying to solve brute-force congestion at gate [15, 9] with {0: 6, 1: 7, 2: 15, 3: 9, 4: 5, 5: 3, 6: 4, 7: 0}
Trying to moving ion 9... to 9
Ion assignment after moving ion 9: {0: 6, 1: 7, 2: 15, 3: 9, 4: 5, 5: 3, 6: 4, 7: 0}
Gate position gate updated to [ 9 15]--------------c
Trying to moving ion 15... to 10
Ion assignment after moving ion 15: {0: 6, 1: 7, 2: 10, 3: 9, 4: 5, 5: 3, 6: 4, 7: 0}
Trying to solve brute-force congestion at gate [7, 10] with {0: 6, 1: 7, 2: 10, 3: 9, 4: 5, 5: 3, 6: 4, 7: 0}
Trying to moving ion 7... to 6
Ion assignment after moving ion 7: {0: 7, 1: 6, 2: 10, 3: 9, 4: 5, 5: 3, 6: 4, 7: 0}
Gate position gate updated to [ 6 10]--------------c
Trying to moving ion 10... to 7
Ion assignment after moving ion 10: {0: 8, 1: 6, 2: 7, 3: 9, 4: 5, 5: 3, 6: 4, 7: 0}
Trying to solve brute-force congestion at gate [8, 6] with {0: 8, 1: 6, 2: 7, 3: 9, 4: 5, 5: 3, 6: 4, 7: 0}
Trying to moving ion 8... to 6
Ion assignment after moving ion 8: {0: 6, 1: 7, 2: 8, 3: 9, 4: 5, 5: 3, 6: 4, 7: 0}
Clearing endpoint 8.........
Gate position gate updated to [6 7]--------------c
Trying to moving ion 7... to 7
Ion assignment after moving ion 7: {0: 6, 1: 7, 2: 15, 3: 9, 4: 5, 5: 3, 6: 4, 7: 0}
Trying to solve brute-force congestion at gate [9, 5] with {0: 6, 1: 7, 2: 15, 3: 9, 4: 5, 5: 3, 6: 4, 7: 0}
Trying to moving ion 9... to 9
Ion assignment after moving ion 9: {0: 6, 1: 7, 2: 15, 3: 9, 4: 5, 5: 3, 6: 4, 7: 0}
Gate position gate updated to [9 5]--------------c
Trying to moving ion 5... to 10
Ion assignment after moving ion 5: {0: 6, 1: 7, 2: 15, 3: 9, 4: 10, 5: 3, 6: 4, 7: 0}
Trying to solve brute-force congestion at gate [10, 3] with {0: 6, 1: 7, 2: 15, 3: 9, 4: 10, 5: 3, 6: 4, 7: 0}
Trying to moving ion 3... to 3
Ion assignment after moving ion 3: {0: 6, 1: 7, 2: 15, 3: 9, 4: 10, 5: 3, 6: 4, 7: 0}
Gate position gate updated to [ 3 10]--------------c
Trying to moving ion 10... to 4
Ion assignment after moving ion 10: {0: 6, 1: 7, 2: 15, 3: 9, 4: 4, 5: 3, 6: 5, 7: 0}
Trying to solve brute-force congestion at gate [5, 0] with {0: 6, 1: 7, 2: 15, 3: 9, 4: 4, 5: 3, 6: 5, 7: 0}
Trying to moving ion 0... to 0
Ion assignment after moving ion 0: {0: 6, 1: 7, 2: 15, 3: 9, 4: 4, 5: 3, 6: 5, 7: 0}
Gate position gate updated to [0 5]--------------c
Trying to moving ion 5... to 1
Ion assignment after moving ion 5: {0: 6, 1: 7, 2: 15, 3: 9, 4: 4, 5: 3, 6: 1, 7: 0}
Trying to solve brute-force congestion at gate [3, 1] with {0: 6, 1: 7, 2: 15, 3: 9, 4: 4, 5: 3, 6: 1, 7: 0}
Trying to moving ion 3... to 3
Ion assignment after moving ion 3: {0: 6, 1: 7, 2: 15, 3: 9, 4: 4, 5: 3, 6: 1, 7: 0}
Gate position gate updated to [3 1]--------------c
Trying to moving ion 1... to 4
Ion assignment after moving ion 1: {0: 6, 1: 7, 2: 15, 3: 9, 4: 5, 5: 3, 6: 4, 7: 0}
Trying to solve brute-force congestion at gate [15, 9] with {0: 6, 1: 7, 2: 15, 3: 9, 4: 5, 5: 3, 6: 4, 7: 0}
Trying to moving ion 9... to 9
Ion assignment after moving ion 9: {0: 6, 1: 7, 2: 15, 3: 9, 4: 5, 5: 3, 6: 4, 7: 0}
Gate position gate updated to [ 9 15]--------------c
Trying to moving ion 15... to 10
Ion assignment after moving ion 15: {0: 6, 1: 7, 2: 10, 3: 9, 4: 5, 5: 3, 6: 4, 7: 0}
Trying to solve brute-force congestion at gate [7, 10] with {0: 6, 1: 7, 2: 10, 3: 9, 4: 5, 5: 3, 6: 4, 7: 0}
Trying to moving ion 7... to 6
Ion assignment after moving ion 7: {0: 7, 1: 6, 2: 10, 3: 9, 4: 5, 5: 3, 6: 4, 7: 0}
Gate position gate updated to [ 6 10]--------------c
Trying to moving ion 10... to 7
Ion assignment after moving ion 10: {0: 8, 1: 6, 2: 7, 3: 9, 4: 5, 5: 3, 6: 4, 7: 0}
Trying to solve brute-force congestion at gate [8, 6] with {0: 8, 1: 6, 2: 7, 3: 9, 4: 5, 5: 3, 6: 4, 7: 0}
Trying to moving ion 8... to 6
Ion assignment after moving ion 8: {0: 6, 1: 7, 2: 8, 3: 9, 4: 5, 5: 3, 6: 4, 7: 0}
Clearing endpoint 8.........
Gate position gate updated to [6 7]--------------c
Trying to moving ion 7... to 7
Ion assignment after moving ion 7: {0: 6, 1: 7, 2: 15, 3: 9, 4: 5, 5: 3, 6: 4, 7: 0}
Trying to solve brute-force congestion at gate [9, 5] with {0: 6, 1: 7, 2: 15, 3: 9, 4: 5, 5: 3, 6: 4, 7: 0}
Trying to moving ion 9... to 9
Ion assignment after moving ion 9: {0: 6, 1: 7, 2: 15, 3: 9, 4: 5, 5: 3, 6: 4, 7: 0}
Gate position gate updated to [9 5]--------------c
Trying to moving ion 5... to 10
Ion assignment after moving ion 5: {0: 6, 1: 7, 2: 15, 3: 9, 4: 10, 5: 3, 6: 4, 7: 0}
Trying to solve brute-force congestion at gate [15, 9] with {0: 6, 1: 7, 2: 15, 3: 9, 4: 10, 5: 3, 6: 4, 7: 0}
Trying to moving ion 9... to 9
Ion assignment after moving ion 9: {0: 6, 1: 7, 2: 15, 3: 9, 4: 10, 5: 3, 6: 4, 7: 0}
Gate position gate updated to [ 9 15]--------------c
Trying to moving ion 15... to 10
Ion assignment after moving ion 15: {0: 6, 1: 7, 2: 10, 3: 9, 4: 11, 5: 3, 6: 4, 7: 0}
Trying to solve brute-force congestion at gate [11, 3] with {0: 6, 1: 7, 2: 10, 3: 9, 4: 11, 5: 3, 6: 4, 7: 0}
Trying to moving ion 3... to 3
Ion assignment after moving ion 3: {0: 6, 1: 7, 2: 10, 3: 9, 4: 11, 5: 3, 6: 4, 7: 0}
Gate position gate updated to [ 3 11]--------------c
Trying to moving ion 11... to 4
Ion assignment after moving ion 11: {0: 6, 1: 7, 2: 10, 3: 9, 4: 4, 5: 3, 6: 5, 7: 0}
Trying to solve brute-force congestion at gate [5, 0] with {0: 6, 1: 7, 2: 10, 3: 9, 4: 4, 5: 3, 6: 5, 7: 0}
Trying to moving ion 0... to 0
Ion assignment after moving ion 0: {0: 6, 1: 7, 2: 10, 3: 9, 4: 4, 5: 3, 6: 5, 7: 0}
Gate position gate updated to [0 5]--------------c
Trying to moving ion 5... to 1
Ion assignment after moving ion 5: {0: 6, 1: 7, 2: 10, 3: 9, 4: 4, 5: 3, 6: 1, 7: 0}
Executing gate at point (0, 2).
Executing gate at point (0, 4).
Executing gate at point (0, 6).
Executing gate at point (0, 0).
Best move: (7, 8)
Best move: (8, 15)
Best move: (15, 16)
Best move: (1, 2)
Best move: (2, 12)
Best move: (12, 13)
Try bruteforce due to multiple steps (6) to solve one gate
Trying to solve brute-force congestion at gate [16, 10] with {0: 6, 1: 16, 2: 10, 3: 9, 4: 4, 5: 3, 6: 13, 7: 0}
Trying to moving ion 10... to 9
Ion assignment after moving ion 10: {0: 6, 1: 16, 2: 9, 3: 10, 4: 4, 5: 3, 6: 13, 7: 0}
Gate position gate updated to [ 9 16]--------------c
Trying to moving ion 16... to 10
Ion assignment after moving ion 16: {0: 6, 1: 10, 2: 9, 3: 11, 4: 4, 5: 3, 6: 13, 7: 0}
Executing gate at point (1, 1).
Best move: (11, 16)
Best move: (14, 16)
Best move: (10, 11)
Best move: (11, 16)
Best move: (15, 16)
Best move: (8, 15)
Try bruteforce due to multiple steps (6) to solve one gate
Trying to solve brute-force congestion at gate [6, 8] with {0: 6, 1: 8, 2: 9, 3: 14, 4: 4, 5: 3, 6: 13, 7: 0}
Trying to moving ion 6... to 6
Ion assignment after moving ion 6: {0: 6, 1: 8, 2: 9, 3: 14, 4: 4, 5: 3, 6: 13, 7: 0}
Gate position gate updated to [6 8]--------------c
Trying to moving ion 8... to 7
Ion assignment after moving ion 8: {0: 6, 1: 7, 2: 9, 3: 14, 4: 4, 5: 3, 6: 13, 7: 0}
Executing gate at point (2, 0).
Best move: (3, 4)
Best move: (3, 4)
Best move: (12, 14)
Best move: (12, 14)
Best move: (12, 14)
Try bruteforce due to repeated pattern...
Trying to solve brute-force congestion at gate [12, 4] with {0: 6, 1: 7, 2: 9, 3: 12, 4: 4, 5: 3, 6: 13, 7: 0}
Trying to moving ion 4... to 3
Ion assignment after moving ion 4: {0: 6, 1: 7, 2: 9, 3: 12, 4: 3, 5: 4, 6: 13, 7: 0}
Gate position gate updated to [ 3 12]--------------c
Trying to moving ion 12... to 4
Ion assignment after moving ion 12: {0: 6, 1: 7, 2: 9, 3: 4, 4: 3, 5: 5, 6: 14, 7: 0}
Executing gate at point (1, 3).
Best move: (12, 14)
Best move: (5, 13)
Best move: (2, 12)
Best move: (12, 13)
Best move: (1, 2)
Best move: (2, 12)
Try bruteforce due to multiple steps (6) to solve one gate
Trying to solve brute-force congestion at gate [9, 4] with {0: 6, 1: 7, 2: 9, 3: 4, 4: 3, 5: 2, 6: 1, 7: 0}
Trying to moving ion 9... to 9
Ion assignment after moving ion 9: {0: 6, 1: 7, 2: 9, 3: 4, 4: 3, 5: 2, 6: 1, 7: 0}
Gate position gate updated to [9 4]--------------c
Trying to moving ion 4... to 10
Ion assignment after moving ion 4: {0: 6, 1: 7, 2: 9, 3: 10, 4: 3, 5: 2, 6: 1, 7: 0}
Executing gate at point (2, 2).
Executing gate at point (1, 5).
Executing gate at point (2, 6).
Best move: (2, 12)
Best move: (12, 13)
Best move: (5, 13)
Executing gate at point (2, 4).
Best move: (5, 13)
Best move: (7, 8)
Best move: (8, 15)
Best move: (15, 16)
Best move: (11, 16)
Executing gate at point (3, 1).
Best move: (12, 13)
Best move: (11, 16)
Best move: (15, 16)
Best move: (8, 15)
Executing gate at point (4, 0).
Best move: (2, 12)
Executing gate at point (3, 5).
Executing gate at point (4, 6).
Best move: (10, 11)
Best move: (11, 16)
Best move: (14, 16)
Best move: (13, 14)
Best move: (5, 13)
Executing gate at point (3, 3).
Best move: (5, 13)
Best move: (2, 12)
Best move: (3, 4)
Best move: (12, 14)
Best move: (12, 14)
Best move: (12, 14)
Try bruteforce due to multiple steps (6) to solve one gate
Trying to solve brute-force congestion at gate [4, 14] with {0: 6, 1: 8, 2: 9, 3: 13, 4: 4, 5: 14, 6: 1, 7: 0}
Trying to moving ion 4... to 3
Ion assignment after moving ion 4: {0: 6, 1: 8, 2: 9, 3: 13, 4: 3, 5: 14, 6: 1, 7: 0}
Gate position gate updated to [ 3 14]--------------c
Trying to moving ion 14... to 4
Ion assignment after moving ion 14: {0: 6, 1: 8, 2: 9, 3: 12, 4: 3, 5: 4, 6: 1, 7: 0}
Executing gate at point (4, 4).
Best move: (1, 2)
Best move: (3, 4)
Best move: (3, 4)
Best move: (3, 4)
Try bruteforce due to repeated pattern...
Trying to solve brute-force congestion at gate [3, 2] with {0: 6, 1: 8, 2: 9, 3: 12, 4: 4, 5: 3, 6: 2, 7: 0}
Trying to moving ion 3... to 3
Ion assignment after moving ion 3: {0: 6, 1: 8, 2: 9, 3: 12, 4: 4, 5: 3, 6: 2, 7: 0}
Gate position gate updated to [3 2]--------------c
Trying to moving ion 2... to 4
Ion assignment after moving ion 2: {0: 6, 1: 8, 2: 9, 3: 14, 4: 5, 5: 3, 6: 4, 7: 0}
Executing gate at point (5, 5).
Best move: (14, 16)
Best move: (11, 16)
Executing gate at point (4, 2).
Best move: (10, 11)
Best move: (8, 15)
Best move: (5, 13)
Best move: (13, 14)
Best move: (14, 16)
Best move: (0, 1)
Try bruteforce due to multiple steps (6) to solve one gate
Trying to solve brute-force congestion at gate [4, 1] with {0: 6, 1: 15, 2: 9, 3: 10, 4: 16, 5: 3, 6: 4, 7: 1}
Trying to moving ion 1... to 0
Ion assignment after moving ion 1: {0: 6, 1: 15, 2: 9, 3: 10, 4: 16, 5: 3, 6: 4, 7: 0}
Gate position gate updated to [0 4]--------------c
Trying to moving ion 4... to 1
Ion assignment after moving ion 4: {0: 6, 1: 15, 2: 9, 3: 10, 4: 16, 5: 3, 6: 1, 7: 0}
Executing gate at point (6, 6).
Best move: (9, 10)
Best move: (9, 10)
Best move: (11, 16)
Executing gate at point (5, 3).
Best move: (11, 16)
Best move: (14, 16)
Best move: (13, 14)
Best move: (5, 13)
Executing gate at point (6, 4).
Best move: (15, 16)
Best move: (11, 16)
Executing gate at point (5, 1).
Executing gate at point (6, 2).
Best move: (4, 5)
Best move: (1, 2)
Best move: (2, 12)
Best move: (12, 13)
Best move: (10, 11)
Best move: (11, 16)
Try bruteforce due to multiple steps (6) to solve one gate
Trying to solve brute-force congestion at gate [3, 13] with {0: 6, 1: 10, 2: 9, 3: 16, 4: 4, 5: 3, 6: 13, 7: 0}Input filename:  TFXY_wsq_n8_s100_compiled
Algorithm:  SHAPER
Trap type:  H
Trap capacity:  3
Num layout passes:  2
Gate type:  FM
Run index:  5
Creating a QCCD machine ...
QCCD physical machine:
### Traps ### 
Trap(id='trap_0', max_num_ions=3, initial_num_ions=0, executable=True, measureable=False)
Trap(id='trap_1', max_num_ions=3, initial_num_ions=0, executable=True, measureable=True)
Trap(id='trap_2', max_num_ions=3, initial_num_ions=0, executable=True, measureable=False)
Trap(id='trap_3', max_num_ions=3, initial_num_ions=0, executable=True, measureable=True)
### Junctions ### 
Junction(id='junction_0')
Junction(id='junction_1')
### Segments ### 
Segment(id='segment_0', left=Trap(id='trap_0', max_num_ions=3, initial_num_ions=0, executable=True, measureable=False), right=Junction(id='junction_0'))
Segment(id='segment_1', left=Trap(id='trap_1', max_num_ions=3, initial_num_ions=0, executable=True, measureable=True), right=Junction(id='junction_0'))
Segment(id='segment_2', left=Junction(id='junction_0'), right=Junction(id='junction_1'))
Segment(id='segment_3', left=Trap(id='trap_2', max_num_ions=3, initial_num_ions=0, executable=True, measureable=False), right=Junction(id='junction_1'))
Segment(id='segment_4', left=Trap(id='trap_3', max_num_ions=3, initial_num_ions=0, executable=True, measureable=True), right=Junction(id='junction_1'))
Finished creating the QCCD physical machine.
Position graph:  CouplingGraph({(0, 1), (9, 10), (13, 14), (1, 2), (10, 11), (3, 4), (11, 16), (12, 13), (14, 16), (5, 13), (6, 7), (4, 5), (12, 14), (15, 16), (2, 12), (8, 15), (14, 15), (7, 8)})
Initial ion assignment:  {0: 11, 1: 6, 2: 0, 3: 4, 4: 9, 5: 5, 6: 2, 7: 7}
Congestion rate:  1.0
Scheduling QCCD: 7840.000000000004 us, costing 10.059854499995708 s to compile
0.007840000000000003
10.059854499995708
{0: 6, 1: 7, 2: 10, 3: 9, 4: 4, 5: 3, 6: 1, 7: 0}
[0, 1, 2, 3, 4, 5, 6, 7]
