Best move: (8, 15)
Best move: (15, 16)
Best move: (5, 13)
Best move: (13, 14)
Best move: (14, 15)
Best move: (8, 15)
Try bruteforce due to multiple steps (6) to solve one gate
Trying to solve brute-force congestion at gate [11, 16] with {0: 0, 1: 11, 2: 1, 3: 8, 4: 6, 5: 16, 6: 7, 7: 3}
Trying to moving ion 11... to 9
Ion assignment after moving ion 11: {0: 0, 1: 9, 2: 1, 3: 8, 4: 6, 5: 16, 6: 7, 7: 3}
Gate position gate updated to [ 9 16]--------------c
Trying to moving ion 16... to 10
Ion assignment after moving ion 16: {0: 0, 1: 9, 2: 1, 3: 8, 4: 6, 5: 10, 6: 7, 7: 3}
Executing gate at point (0, 1).
Executing gate at point (0, 3).
Executing gate at point (1, 4).
Best move: (3, 4)
Best move: (4, 5)
Best move: (5, 13)
Best move: (12, 13)
Best move: (2, 12)
Executing gate at point (0, 0).
Best move: (2, 12)
Best move: (12, 14)
Best move: (14, 16)
Best move: (11, 16)
Executing gate at point (1, 1).
Best move: (8, 15)
Best move: (11, 16)
Best move: (1, 2)
Best move: (2, 12)
Best move: (12, 14)
Best move: (9, 10)
Try bruteforce due to multiple steps (6) to solve one gate
Trying to solve brute-force congestion at gate [15, 16] with {0: 0, 1: 10, 2: 14, 3: 15, 4: 6, 5: 9, 6: 7, 7: 16}
Trying to moving ion 15... to 6
Ion assignment after moving ion 15: {0: 0, 1: 10, 2: 14, 3: 6, 4: 7, 5: 9, 6: 8, 7: 16}
Clearing endpoint 8.........
Gate position gate updated to [ 6 16]--------------c
Trying to moving ion 16... to 7
Ion assignment after moving ion 16: {0: 0, 1: 10, 2: 13, 3: 6, 4: 8, 5: 9, 6: 14, 7: 7}
Executing gate at point (2, 3).
Executing gate at point (3, 4).
Best move: (9, 10)
Best move: (12, 13)
Best move: (12, 13)
Best move: (12, 13)
Try bruteforce due to repeated pattern...
Trying to solve brute-force congestion at gate [12, 10] with {0: 0, 1: 9, 2: 12, 3: 6, 4: 8, 5: 10, 6: 14, 7: 7}
Trying to moving ion 10... to 9
Ion assignment after moving ion 10: {0: 0, 1: 10, 2: 12, 3: 6, 4: 8, 5: 9, 6: 14, 7: 7}
Gate position gate updated to [ 9 12]--------------c
Trying to moving ion 12... to 10
Ion assignment after moving ion 12: {0: 0, 1: 11, 2: 10, 3: 6, 4: 8, 5: 9, 6: 13, 7: 7}
Executing gate at point (1, 2).
Best move: (9, 10)
Best move: (10, 11)
Best move: (11, 16)
Best move: (7, 8)
Best move: (8, 15)
Best move: (14, 15)
Try bruteforce due to multiple steps (6) to solve one gate
Trying to solve brute-force congestion at gate [16, 14] with {0: 0, 1: 10, 2: 9, 3: 6, 4: 7, 5: 16, 6: 13, 7: 14}
Trying to moving ion 16... to 9
Ion assignment after moving ion 16: {0: 0, 1: 11, 2: 10, 3: 6, 4: 7, 5: 9, 6: 13, 7: 14}
Clearing endpoint 11.........
Gate position gate updated to [ 9 14]--------------c
Trying to moving ion 14... to 10
Ion assignment after moving ion 14: {0: 0, 1: 15, 2: 11, 3: 6, 4: 7, 5: 9, 6: 13, 7: 10}
Executing gate at point (4, 5).
Trying to solve brute-force congestion at gate [7, 16] with {0: 0, 1: 15, 2: 10, 3: 6, 4: 7, 5: 9, 6: 13, 7: 16}
Trying to moving ion 7... to 6
Ion assignment after moving ion 7: {0: 0, 1: 15, 2: 10, 3: 7, 4: 6, 5: 9, 6: 13, 7: 16}
Gate position gate updated to [ 6 16]--------------c
Trying to moving ion 16... to 7
Ion assignment after moving ion 16: {0: 0, 1: 14, 2: 10, 3: 8, 4: 6, 5: 9, 6: 13, 7: 7}
Trying to solve brute-force congestion at gate [8, 7] with {0: 0, 1: 14, 2: 10, 3: 8, 4: 6, 5: 9, 6: 13, 7: 7}
Trying to moving ion 8... to 6
Ion assignment after moving ion 8: {0: 0, 1: 14, 2: 10, 3: 6, 4: 7, 5: 9, 6: 13, 7: 8}
Gate position gate updated to [6 8]--------------c
Trying to moving ion 8... to 7
Ion assignment after moving ion 8: {0: 0, 1: 14, 2: 10, 3: 6, 4: 8, 5: 9, 6: 13, 7: 7}
Trying to solve brute-force congestion at gate [14, 7] with {0: 0, 1: 14, 2: 10, 3: 6, 4: 8, 5: 9, 6: 13, 7: 7}
Trying to moving ion 7... to 6
Ion assignment after moving ion 7: {0: 0, 1: 14, 2: 10, 3: 7, 4: 8, 5: 9, 6: 13, 7: 6}
Clearing endpoint 8.........
Gate position gate updated to [ 6 14]--------------c
Trying to moving ion 14... to 7
Ion assignment after moving ion 14: {0: 0, 1: 7, 2: 10, 3: 8, 4: 16, 5: 9, 6: 13, 7: 6}
Trying to solve brute-force congestion at gate [7, 9] with {0: 0, 1: 7, 2: 10, 3: 8, 4: 16, 5: 9, 6: 13, 7: 6}
Trying to moving ion 9... to 9
Ion assignment after moving ion 9: {0: 0, 1: 7, 2: 10, 3: 8, 4: 16, 5: 9, 6: 13, 7: 6}
Gate position gate updated to [9 7]--------------c
Trying to moving ion 7... to 10
Ion assignment after moving ion 7: {0: 0, 1: 10, 2: 11, 3: 7, 4: 14, 5: 9, 6: 13, 7: 6}
Trying to solve brute-force congestion at gate [14, 13] with {0: 0, 1: 10, 2: 11, 3: 7, 4: 14, 5: 9, 6: 13, 7: 6}
Trying to moving ion 13... to 3
Ion assignment after moving ion 13: {0: 0, 1: 10, 2: 11, 3: 7, 4: 14, 5: 9, 6: 3, 7: 6}
Gate position gate updated to [ 3 14]--------------c
Trying to moving ion 14... to 4
Ion assignment after moving ion 14: {0: 0, 1: 10, 2: 11, 3: 7, 4: 4, 5: 9, 6: 3, 7: 6}
Trying to solve brute-force congestion at gate [7, 3] with {0: 0, 1: 10, 2: 11, 3: 7, 4: 4, 5: 9, 6: 3, 7: 6}
Trying to moving ion 3... to 3
Ion assignment after moving ion 3: {0: 0, 1: 10, 2: 11, 3: 7, 4: 4, 5: 9, 6: 3, 7: 6}
Gate position gate updated to [3 7]--------------c
Trying to moving ion 7... to 4
Ion assignment after moving ion 7: {0: 0, 1: 10, 2: 11, 3: 4, 4: 5, 5: 9, 6: 3, 7: 6}
Trying to solve brute-force congestion at gate [0, 6] with {0: 0, 1: 10, 2: 11, 3: 4, 4: 5, 5: 9, 6: 3, 7: 6}
Trying to moving ion 6... to 6
Ion assignment after moving ion 6: {0: 0, 1: 10, 2: 11, 3: 4, 4: 5, 5: 9, 6: 3, 7: 6}
Gate position gate updated to [6 0]--------------c
Trying to moving ion 0... to 7
Ion assignment after moving ion 0: {0: 7, 1: 10, 2: 11, 3: 4, 4: 5, 5: 9, 6: 3, 7: 6}
Executing gate at point (0, 1).
Executing gate at point (0, 3).
Executing gate at point (0, 0).
Executing gate at point (1, 2).
Executing gate at point (1, 4).
Best move: (10, 11)
Best move: (11, 16)
Best move: (15, 16)
Best move: (6, 7)
Best move: (8, 15)
Executing gate at point (1, 1).
Best move: (7, 8)
Best move: (8, 15)
Best move: (14, 15)
Best move: (4, 5)
Best move: (5, 13)
Best move: (12, 13)
Try bruteforce due to multiple steps (6) to solve one gate
Trying to solve brute-force congestion at gate [12, 14] with {0: 6, 1: 7, 2: 10, 3: 12, 4: 4, 5: 9, 6: 3, 7: 14}
Trying to moving ion 12... to 0
Ion assignment after moving ion 12: {0: 6, 1: 7, 2: 10, 3: 0, 4: 4, 5: 9, 6: 3, 7: 14}
Gate position gate updated to [ 0 14]--------------c
Trying to moving ion 14... to 1
Ion assignment after moving ion 14: {0: 6, 1: 7, 2: 10, 3: 0, 4: 4, 5: 9, 6: 3, 7: 1}
Executing gate at point (2, 3).
Best move: (1, 2)
Best move: (2, 12)
Best move: (12, 13)
Best move: (5, 13)
Executing gate at point (3, 4).
Best move: (5, 13)
Best move: (13, 14)
Best move: (14, 16)
Best move: (11, 16)
Executing gate at point (4, 5).
Trying to solve brute-force congestion at gate [0, 12] with {0: 6, 1: 7, 2: 10, 3: 0, 4: 4, 5: 9, 6: 3, 7: 12}
Trying to moving ion 0... to 0
Ion assignment after moving ion 0: {0: 6, 1: 7, 2: 10, 3: 0, 4: 4, 5: 9, 6: 3, 7: 12}
Gate position gate updated to [ 0 12]--------------c
Trying to moving ion 12... to 1
Ion assignment after moving ion 12: {0: 6, 1: 7, 2: 10, 3: 0, 4: 4, 5: 9, 6: 3, 7: 1}
Trying to solve brute-force congestion at gate [7, 1] with {0: 6, 1: 7, 2: 10, 3: 0, 4: 4, 5: 9, 6: 3, 7: 1}
Trying to moving ion 1... to 0
Ion assignment after moving ion 1: {0: 6, 1: 7, 2: 10, 3: 1, 4: 4, 5: 9, 6: 3, 7: 0}
Gate position gate updated to [0 7]--------------c
Trying to moving ion 7... to 1
Ion assignment after moving ion 7: {0: 6, 1: 1, 2: 10, 3: 2, 4: 4, 5: 9, 6: 3, 7: 0}
Trying to solve brute-force congestion at gate [1, 9] with {0: 6, 1: 1, 2: 10, 3: 2, 4: 4, 5: 9, 6: 3, 7: 0}
Trying to moving ion 9... to 9
Ion assignment after moving ion 9: {0: 6, 1: 1, 2: 10, 3: 2, 4: 4, 5: 9, 6: 3, 7: 0}
Gate position gate updated to [9 1]--------------c
Trying to moving ion 1... to 10
Ion assignment after moving ion 1: {0: 6, 1: 10, 2: 11, 3: 1, 4: 4, 5: 9, 6: 3, 7: 0}
Trying to solve brute-force congestion at gate [1, 3] with {0: 6, 1: 10, 2: 11, 3: 1, 4: 4, 5: 9, 6: 3, 7: 0}Input filename:  QAOA_8_compiled
Algorithm:  SHAPER
Trap type:  H
Trap capacity:  3
Num layout passes:  2
Gate type:  FM
Run index:  2
Creating a QCCD machine ...
QCCD physical machine:
### Traps ### 
Trap(id='trap_0', max_num_ions=3, initial_num_ions=0, executable=True, measureable=False)
Trap(id='trap_1', max_num_ions=3, initial_num_ions=0, executable=True, measureable=True)
Trap(id='trap_2', max_num_ions=3, initial_num_ions=0, executable=True, measureable=False)
Trap(id='trap_3', max_num_ions=3, initial_num_ions=0, executable=True, measureable=True)
### Junctions ### 
Junction(id='junction_0')
Junction(id='junction_1')
### Segments ### 
Segment(id='segment_0', left=Trap(id='trap_0', max_num_ions=3, initial_num_ions=0, executable=True, measureable=False), right=Junction(id='junction_0'))
Segment(id='segment_1', left=Trap(id='trap_1', max_num_ions=3, initial_num_ions=0, executable=True, measureable=True), right=Junction(id='junction_0'))
Segment(id='segment_2', left=Junction(id='junction_0'), right=Junction(id='junction_1'))
Segment(id='segment_3', left=Trap(id='trap_2', max_num_ions=3, initial_num_ions=0, executable=True, measureable=False), right=Junction(id='junction_1'))
Segment(id='segment_4', left=Trap(id='trap_3', max_num_ions=3, initial_num_ions=0, executable=True, measureable=True), right=Junction(id='junction_1'))
Finished creating the QCCD physical machine.
Position graph:  CouplingGraph({(0, 1), (9, 10), (13, 14), (1, 2), (10, 11), (3, 4), (11, 16), (12, 13), (14, 16), (5, 13), (6, 7), (4, 5), (12, 14), (15, 16), (2, 12), (8, 15), (14, 15), (7, 8)})
Initial ion assignment:  {0: 0, 1: 11, 2: 1, 3: 5, 4: 6, 5: 8, 6: 7, 7: 3}
Congestion rate:  1.0
Scheduling QCCD: 400001920.0 us, costing 6.3814001000719145 s to compile
400.00192
6.3814001000719145
{0: 6, 1: 10, 2: 11, 3: 4, 4: 5, 5: 9, 6: 3, 7: 7}
[0, 1, 2, 3, 4, 5, 6, 7]
