Best move: (11, 16)
Best move: (14, 16)
Best move: (13, 14)
Best move: (4, 5)
Best move: (3, 4)
Best move: (3, 4)
Try bruteforce due to multiple steps (6) to solve one gate
Trying to solve brute-force congestion at gate [4, 13] with {0: 8, 1: 1, 2: 5, 3: 10, 4: 0, 5: 9, 6: 4, 7: 13}
Trying to moving ion 4... to 3
Ion assignment after moving ion 4: {0: 8, 1: 1, 2: 5, 3: 10, 4: 0, 5: 9, 6: 3, 7: 13}
Clearing endpoint 5.........
Gate position gate updated to [ 3 13]--------------c
Trying to moving ion 13... to 4
Ion assignment after moving ion 13: {0: 8, 1: 1, 2: 5, 3: 10, 4: 0, 5: 9, 6: 3, 7: 4}
Executing gate at point (0, 6).
Best move: (4, 5)
Best move: (5, 13)
Best move: (13, 14)
Best move: (14, 16)
Best move: (11, 16)
Executing gate at point (1, 5).
Best move: (9, 10)
Best move: (11, 16)
Best move: (14, 16)
Best move: (12, 14)
Best move: (2, 12)
Executing gate at point (2, 4).
Best move: (2, 12)
Best move: (10, 11)
Best move: (11, 16)
Best move: (14, 16)
Best move: (13, 14)
Best move: (5, 13)
Try bruteforce due to multiple steps (6) to solve one gate
Trying to solve brute-force congestion at gate [5, 3] with {0: 8, 1: 1, 2: 4, 3: 9, 4: 0, 5: 5, 6: 3, 7: 12}
Trying to moving ion 5... to 3
Ion assignment after moving ion 5: {0: 8, 1: 1, 2: 5, 3: 9, 4: 0, 5: 3, 6: 4, 7: 12}
Clearing endpoint 5.........
Gate position gate updated to [3 4]--------------c
Trying to moving ion 4... to 4
Ion assignment after moving ion 4: {0: 8, 1: 1, 2: 13, 3: 9, 4: 0, 5: 3, 6: 4, 7: 12}
Executing gate at point (2, 5).
Best move: (12, 14)
Best move: (14, 16)
Best move: (11, 16)
Executing gate at point (3, 3).
Best move: (13, 14)
Best move: (14, 16)
Best move: (10, 11)
Best move: (11, 16)
Executing gate at point (4, 2).
Best move: (10, 11)
Best move: (11, 16)
Best move: (14, 16)
Best move: (12, 14)
Best move: (2, 12)
Executing gate at point (5, 1).
Best move: (2, 12)
Best move: (4, 5)
Best move: (5, 13)
Best move: (0, 1)
Best move: (13, 14)
Best move: (13, 14)
Try bruteforce due to multiple steps (6) to solve one gate
Trying to solve brute-force congestion at gate [1, 13] with {0: 8, 1: 0, 2: 10, 3: 9, 4: 1, 5: 3, 6: 13, 7: 12}
Trying to moving ion 1... to 0
Ion assignment after moving ion 1: {0: 8, 1: 1, 2: 10, 3: 9, 4: 0, 5: 3, 6: 13, 7: 12}
Gate position gate updated to [ 0 13]--------------c
Trying to moving ion 13... to 1
Ion assignment after moving ion 13: {0: 8, 1: 2, 2: 10, 3: 9, 4: 0, 5: 3, 6: 1, 7: 14}
Executing gate at point (3, 4).
Best move: (0, 1)
Best move: (1, 2)
Best move: (2, 12)
Best move: (12, 13)
Best move: (5, 13)
Executing gate at point (4, 4).
Best move: (14, 15)
Best move: (0, 1)
Best move: (1, 2)
Best move: (2, 12)
Best move: (12, 14)
Best move: (14, 16)
Try bruteforce due to multiple steps (6) to solve one gate
Trying to solve brute-force congestion at gate [8, 15] with {0: 8, 1: 0, 2: 10, 3: 9, 4: 5, 5: 3, 6: 16, 7: 15}
Trying to moving ion 8... to 6
Ion assignment after moving ion 8: {0: 6, 1: 0, 2: 10, 3: 9, 4: 5, 5: 3, 6: 16, 7: 15}
Gate position gate updated to [ 6 15]--------------c
Trying to moving ion 15... to 7
Ion assignment after moving ion 15: {0: 6, 1: 0, 2: 10, 3: 9, 4: 5, 5: 3, 6: 16, 7: 7}
Executing gate at point (6, 0).
Best move: (11, 16)
Executing gate at point (4, 3).
Executing gate at point (5, 2).
Best move: (11, 16)
Best move: (3, 4)
Best move: (4, 5)
Best move: (5, 13)
Best move: (13, 14)
Best move: (9, 10)
Try bruteforce due to multiple steps (6) to solve one gate
Trying to solve brute-force congestion at gate [10, 14] with {0: 6, 1: 0, 2: 9, 3: 10, 4: 4, 5: 14, 6: 16, 7: 7}
Trying to moving ion 10... to 9
Ion assignment after moving ion 10: {0: 6, 1: 0, 2: 10, 3: 9, 4: 4, 5: 14, 6: 16, 7: 7}
Gate position gate updated to [ 9 14]--------------c
Trying to moving ion 14... to 10
Ion assignment after moving ion 14: {0: 6, 1: 0, 2: 11, 3: 9, 4: 4, 5: 10, 6: 15, 7: 7}
Executing gate at point (5, 3).
Executing gate at point (6, 2).
Best move: (14, 15)
Best move: (12, 14)
Best move: (2, 12)
Executing gate at point (6, 1).
Best move: (10, 11)
Best move: (11, 16)
Best move: (14, 16)
Best move: (12, 14)
Best move: (4, 5)
Best move: (5, 13)
Try bruteforce due to multiple steps (6) to solve one gate
Trying to solve brute-force congestion at gate [9, 13] with {0: 6, 1: 0, 2: 10, 3: 9, 4: 13, 5: 12, 6: 2, 7: 7}
Trying to moving ion 9... to 9
Ion assignment after moving ion 9: {0: 6, 1: 0, 2: 10, 3: 9, 4: 13, 5: 12, 6: 2, 7: 7}
Gate position gate updated to [ 9 13]--------------c
Trying to moving ion 13... to 10
Ion assignment after moving ion 13: {0: 6, 1: 0, 2: 11, 3: 9, 4: 10, 5: 12, 6: 2, 7: 7}
Executing gate at point (6, 3).
Executing gate at point (7, 2).
Executing gate at point (8, 2).
Best move: (1, 2)
Best move: (2, 12)
Executing gate at point (7, 1).
Best move: (10, 11)
Best move: (11, 16)
Best move: (14, 16)
Best move: (13, 14)
Best move: (1, 2)
Best move: (2, 12)
Try bruteforce due to multiple steps (6) to solve one gate
Trying to solve brute-force congestion at gate [6, 12] with {0: 6, 1: 0, 2: 10, 3: 9, 4: 13, 5: 1, 6: 12, 7: 7}
Trying to moving ion 6... to 6
Ion assignment after moving ion 6: {0: 6, 1: 0, 2: 10, 3: 9, 4: 13, 5: 1, 6: 12, 7: 7}
Gate position gate updated to [ 6 12]--------------c
Trying to moving ion 12... to 7
Ion assignment after moving ion 12: {0: 6, 1: 0, 2: 10, 3: 9, 4: 13, 5: 1, 6: 7, 7: 8}
Executing gate at point (7, 0).
Best move: (6, 7)
Best move: (7, 8)
Best move: (8, 15)
Best move: (14, 15)
Best move: (12, 14)
Best move: (0, 1)
Try bruteforce due to multiple steps (6) to solve one gate
Trying to solve brute-force congestion at gate [12, 0] with {0: 12, 1: 1, 2: 10, 3: 9, 4: 13, 5: 0, 6: 6, 7: 7}
Trying to moving ion 0... to 0
Ion assignment after moving ion 0: {0: 12, 1: 1, 2: 10, 3: 9, 4: 13, 5: 0, 6: 6, 7: 7}
Gate position gate updated to [ 0 12]--------------c
Trying to moving ion 12... to 1
Ion assignment after moving ion 12: {0: 1, 1: 2, 2: 10, 3: 9, 4: 13, 5: 0, 6: 6, 7: 7}
Executing gate at point (8, 0).
Best move: (2, 12)
Best move: (12, 14)
Best move: (5, 13)
Best move: (13, 14)
Best move: (4, 5)
Best move: (5, 13)
Try bruteforce due to multiple steps (6) to solve one gate
Trying to solve brute-force congestion at gate [5, 4] with {0: 1, 1: 5, 2: 10, 3: 9, 4: 4, 5: 0, 6: 6, 7: 7}
Trying to moving ion 5... to 3
Ion assignment after moving ion 5: {0: 1, 1: 3, 2: 10, 3: 9, 4: 5, 5: 0, 6: 6, 7: 7}
Gate position gate updated to [3 5]--------------c
Trying to moving ion 5... to 4
Ion assignment after moving ion 5: {0: 1, 1: 3, 2: 10, 3: 9, 4: 4, 5: 0, 6: 6, 7: 7}
Executing gate at point (8, 1).
Best move: (9, 10)
Best move: (1, 2)
Best move: (2, 12)
Best move: (12, 13)
Best move: (5, 13)
Executing gate at point (9, 0).
Best move: (3, 4)
Best move: (4, 5)
Best move: (5, 13)
Best move: (13, 14)
Best move: (14, 16)
Best move: (11, 16)
Try bruteforce due to multiple steps (6) to solve one gate
Trying to solve brute-force congestion at gate [11, 10] with {0: 4, 1: 11, 2: 9, 3: 10, 4: 3, 5: 0, 6: 6, 7: 7}
Trying to moving ion 11... to 9
Ion assignment after moving ion 11: {0: 4, 1: 9, 2: 10, 3: 11, 4: 3, 5: 0, 6: 6, 7: 7}
Gate position gate updated to [ 9 11]--------------c
Trying to moving ion 11... to 10
Ion assignment after moving ion 11: {0: 4, 1: 9, 2: 11, 3: 10, 4: 3, 5: 0, 6: 6, 7: 7}
Executing gate at point (9, 1).
Executing gate at point (10, 1).
Best move: (10, 11)
Best move: (11, 16)
Best move: (14, 16)
Best move: (13, 14)
Best move: (5, 13)
Executing gate at point (10, 0).
Executing gate at point (11, 3).
Best move: (4, 5)
Best move: (5, 13)
Best move: (13, 14)
Best move: (14, 16)
Best move: (11, 16)
Executing gate at point (11, 0).
Executing gate at point (12, 0).
Best move: (11, 16)
Best move: (15, 16)
Best move: (8, 15)
Executing gate at point (13, 0).
Best move: (6, 7)
Best move: (7, 8)
Best move: (8, 15)
Best move: (15, 16)
Best move: (11, 16)
Executing gate at point (13, 1).
Best move: (10, 11)
Best move: (11, 16)
Best move: (14, 16)
Best move: (12, 14)
Best move: (2, 12)
Executing gate at point (12, 2).
Trying to solve brute-force congestion at gate [14, 2] with {0: 14, 1: 9, 2: 2, 3: 4, 4: 3, 5: 0, 6: 10, 7: 6}
Trying to moving ion 2... to 0
Ion assignment after moving ion 2: {0: 14, 1: 9, 2: 0, 3: 4, 4: 3, 5: 1, 6: 10, 7: 6}
Gate position gate updated to [ 0 14]--------------c
Trying to moving ion 14... to 1
Ion assignment after moving ion 14: {0: 1, 1: 9, 2: 0, 3: 4, 4: 3, 5: 2, 6: 10, 7: 6}
Trying to solve brute-force congestion at gate [1, 4] with {0: 1, 1: 9, 2: 0, 3: 4, 4: 3, 5: 2, 6: 10, 7: 6}
Trying to moving ion 4... to 3
Ion assignment after moving ion 4: {0: 1, 1: 9, 2: 0, 3: 3, 4: 4, 5: 2, 6: 10, 7: 6}
Gate position gate updated to [3 1]--------------c
Trying to moving ion 1... to 4
Ion assignment after moving ion 1: {0: 4, 1: 9, 2: 0, 3: 3, 4: 5, 5: 1, 6: 10, 7: 6}
Trying to solve brute-force congestion at gate [4, 5] with {0: 4, 1: 9, 2: 0, 3: 3, 4: 5, 5: 1, 6: 10, 7: 6}
Trying to moving ion 4... to 3
Ion assignment after moving ion 4: {0: 3, 1: 9, 2: 0, 3: 4, 4: 5, 5: 1, 6: 10, 7: 6}
Gate position gate updated to [3 5]--------------c
Trying to moving ion 5... to 4
Ion assignment after moving ion 5: {0: 3, 1: 9, 2: 0, 3: 5, 4: 4, 5: 1, 6: 10, 7: 6}
Trying to solve brute-force congestion at gate [9, 0] with {0: 3, 1: 9, 2: 0, 3: 5, 4: 4, 5: 1, 6: 10, 7: 6}
Trying to moving ion 9... to 9
Ion assignment after moving ion 9: {0: 3, 1: 9, 2: 0, 3: 5, 4: 4, 5: 1, 6: 10, 7: 6}
Gate position gate updated to [9 0]--------------c
Trying to moving ion 0... to 10
Ion assignment after moving ion 0: {0: 3, 1: 9, 2: 10, 3: 5, 4: 4, 5: 0, 6: 11, 7: 6}
Trying to solve brute-force congestion at gate [9, 5] with {0: 3, 1: 9, 2: 10, 3: 5, 4: 4, 5: 0, 6: 11, 7: 6}
Trying to moving ion 9... to 9
Ion assignment after moving ion 9: {0: 3, 1: 9, 2: 10, 3: 5, 4: 4, 5: 0, 6: 11, 7: 6}
Clearing endpoint 11.........
Gate position gate updated to [9 5]--------------c
Trying to moving ion 5... to 10
Ion assignment after moving ion 5: {0: 3, 1: 9, 2: 11, 3: 10, 4: 4, 5: 0, 6: 15, 7: 6}
Trying to solve brute-force congestion at gate [11, 10] with {0: 3, 1: 9, 2: 11, 3: 10, 4: 4, 5: 0, 6: 15, 7: 6}
Trying to moving ion 11... to 9
Ion assignment after moving ion 11: {0: 3, 1: 10, 2: 9, 3: 11, 4: 4, 5: 0, 6: 15, 7: 6}
Gate position gate updated to [ 9 11]--------------c
Trying to moving ion 11... to 10
Ion assignment after moving ion 11: {0: 3, 1: 11, 2: 9, 3: 10, 4: 4, 5: 0, 6: 15, 7: 6}
Trying to solve brute-force congestion at gate [3, 0] with {0: 3, 1: 11, 2: 9, 3: 10, 4: 4, 5: 0, 6: 15, 7: 6}
Trying to moving ion 3... to 3
Ion assignment after moving ion 3: {0: 3, 1: 11, 2: 9, 3: 10, 4: 4, 5: 0, 6: 15, 7: 6}
Gate position gate updated to [3 0]--------------c
Trying to moving ion 0... to 4
Ion assignment after moving ion 0: {0: 3, 1: 11, 2: 9, 3: 10, 4: 5, 5: 4, 6: 15, 7: 6}
Trying to solve brute-force congestion at gate [3, 15] with {0: 3, 1: 11, 2: 9, 3: 10, 4: 5, 5: 4, 6: 15, 7: 6}
Trying to moving ion 3... to 3
Ion assignment after moving ion 3: {0: 3, 1: 11, 2: 9, 3: 10, 4: 5, 5: 4, 6: 15, 7: 6}
Clearing endpoint 5.........
Gate position gate updated to [ 3 15]--------------c
Trying to moving ion 15... to 4
Ion assignment after moving ion 15: {0: 3, 1: 11, 2: 9, 3: 10, 4: 12, 5: 5, 6: 4, 7: 6}
Trying to solve brute-force congestion at gate [3, 6] with {0: 3, 1: 11, 2: 9, 3: 10, 4: 12, 5: 5, 6: 4, 7: 6}
Trying to moving ion 6... to 6
Ion assignment after moving ion 6: {0: 3, 1: 11, 2: 9, 3: 10, 4: 12, 5: 5, 6: 4, 7: 6}
Gate position gate updated to [6 3]--------------c
Trying to moving ion 3... to 7
Ion assignment after moving ion 3: {0: 7, 1: 11, 2: 9, 3: 10, 4: 12, 5: 4, 6: 3, 7: 6}
Trying to solve brute-force congestion at gate [11, 12] with {0: 7, 1: 11, 2: 9, 3: 10, 4: 12, 5: 4, 6: 3, 7: 6}
Trying to moving ion 11... to 9
Ion assignment after moving ion 11: {0: 7, 1: 9, 2: 10, 3: 11, 4: 12, 5: 4, 6: 3, 7: 6}
Clearing endpoint 11.........
Gate position gate updated to [ 9 12]--------------c
Trying to moving ion 12... to 10
Ion assignment after moving ion 12: {0: 7, 1: 9, 2: 11, 3: 15, 4: 10, 5: 4, 6: 3, 7: 6}
Trying to solve brute-force congestion at gate [9, 4] with {0: 7, 1: 9, 2: 11, 3: 15, 4: 10, 5: 4, 6: 3, 7: 6}
Trying to moving ion 9... to 9
Ion assignment after moving ion 9: {0: 7, 1: 9, 2: 11, 3: 15, 4: 10, 5: 4, 6: 3, 7: 6}
Clearing endpoint 11.........
Gate position gate updated to [9 4]--------------c
Trying to moving ion 4... to 10
Ion assignment after moving ion 4: {0: 7, 1: 9, 2: 15, 3: 8, 4: 11, 5: 10, 6: 3, 7: 6}
Trying to solve brute-force congestion at gate [9, 3] with {0: 7, 1: 9, 2: 15, 3: 8, 4: 11, 5: 10, 6: 3, 7: 6}
Trying to moving ion 9... to 9
Ion assignment after moving ion 9: {0: 7, 1: 9, 2: 15, 3: 8, 4: 11, 5: 10, 6: 3, 7: 6}
Clearing endpoint 11.........
Gate position gate updated to [9 3]--------------c
Trying to moving ion 3... to 10
Ion assignment after moving ion 3: {0: 7, 1: 9, 2: 14, 3: 8, 4: 15, 5: 11, 6: 10, 7: 6}
Trying to solve brute-force congestion at gate [9, 6] with {0: 7, 1: 9, 2: 14, 3: 8, 4: 15, 5: 11, 6: 10, 7: 6}
Trying to moving ion 6... to 6
Ion assignment after moving ion 6: {0: 7, 1: 9, 2: 14, 3: 8, 4: 15, 5: 11, 6: 10, 7: 6}
Clearing endpoint 8.........
Gate position gate updated to [6 9]--------------c
Trying to moving ion 9... to 7
Ion assignment after moving ion 9: {0: 8, 1: 7, 2: 12, 3: 14, 4: 13, 5: 10, 6: 9, 7: 6}
Trying to solve brute-force congestion at gate [12, 13] with {0: 8, 1: 7, 2: 12, 3: 14, 4: 13, 5: 10, 6: 9, 7: 6}
Trying to moving ion 12... to 0
Ion assignment after moving ion 12: {0: 8, 1: 7, 2: 0, 3: 14, 4: 13, 5: 10, 6: 9, 7: 6}
Gate position gate updated to [ 0 13]--------------c
Trying to moving ion 13... to 1
Ion assignment after moving ion 13: {0: 8, 1: 7, 2: 0, 3: 14, 4: 1, 5: 10, 6: 9, 7: 6}
Trying to solve brute-force congestion at gate [0, 10] with {0: 8, 1: 7, 2: 0, 3: 14, 4: 1, 5: 10, 6: 9, 7: 6}
Trying to moving ion 0... to 0
Ion assignment after moving ion 0: {0: 8, 1: 7, 2: 0, 3: 14, 4: 1, 5: 10, 6: 9, 7: 6}
Gate position gate updated to [ 0 10]--------------c
Trying to moving ion 10... to 1
Ion assignment after moving ion 10: {0: 8, 1: 7, 2: 0, 3: 13, 4: 2, 5: 1, 6: 9, 7: 6}
Trying to solve brute-force congestion at gate [13, 2] with {0: 8, 1: 7, 2: 0, 3: 13, 4: 2, 5: 1, 6: 9, 7: 6}
Trying to moving ion 2... to 0
Ion assignment after moving ion 2: {0: 8, 1: 7, 2: 1, 3: 13, 4: 0, 5: 2, 6: 9, 7: 6}
Clearing endpoint 2.........
Gate position gate updated to [ 0 13]--------------c
Trying to moving ion 13... to 1
Ion assignment after moving ion 13: {0: 8, 1: 7, 2: 2, 3: 1, 4: 0, 5: 14, 6: 9, 7: 6}
Trying to solve brute-force congestion at gate [1, 14] with {0: 8, 1: 7, 2: 2, 3: 1, 4: 0, 5: 14, 6: 9, 7: 6}
Trying to moving ion 1... to 0
Ion assignment after moving ion 1: {0: 8, 1: 7, 2: 2, 3: 0, 4: 1, 5: 14, 6: 9, 7: 6}
Clearing endpoint 2.........
Gate position gate updated to [ 0 14]--------------c
Trying to moving ion 14... to 1
Ion assignment after moving ion 14: {0: 8, 1: 7, 2: 13, 3: 0, 4: 2, 5: 1, 6: 9, 7: 6}
Trying to solve brute-force congestion at gate [2, 1] with {0: 8, 1: 7, 2: 13, 3: 0, 4: 2, 5: 1, 6: 9, 7: 6}
Trying to moving ion 2... to 0
Ion assignment after moving ion 2: {0: 8, 1: 7, 2: 13, 3: 1, 4: 0, 5: 2, 6: 9, 7: 6}
Gate position gate updated to [0 2]--------------c
Trying to moving ion 2... to 1
Ion assignment after moving ion 2: {0: 8, 1: 7, 2: 13, 3: 2, 4: 0, 5: 1, 6: 9, 7: 6}
Trying to solve brute-force congestion at gate [13, 9] with {0: 8, 1: 7, 2: 13, 3: 2, 4: 0, 5: 1, 6: 9, 7: 6}
Trying to moving ion 9... to 9
Ion assignment after moving ion 9: {0: 8, 1: 7, 2: 13, 3: 2, 4: 0, 5: 1, 6: 9, 7: 6}
Gate position gate updated to [ 9 13]--------------c
Trying to moving ion 13... to 10
Ion assignment after moving ion 13: {0: 8, 1: 7, 2: 10, 3: 2, 4: 0, 5: 1, 6: 9, 7: 6}
Trying to solve brute-force congestion at gate [10, 6] with {0: 8, 1: 7, 2: 10, 3: 2, 4: 0, 5: 1, 6: 9, 7: 6}
Trying to moving ion 6... to 6
Ion assignment after moving ion 6: {0: 8, 1: 7, 2: 10, 3: 2, 4: 0, 5: 1, 6: 9, 7: 6}
Clearing endpoint 8.........
Gate position gate updated to [ 6 10]--------------c
Trying to moving ion 10... to 7
Ion assignment after moving ion 10: {0: 14, 1: 8, 2: 7, 3: 2, 4: 0, 5: 1, 6: 9, 7: 6}
Trying to solve brute-force congestion at gate [2, 9] with {0: 14, 1: 8, 2: 7, 3: 2, 4: 0, 5: 1, 6: 9, 7: 6}
Trying to moving ion 9... to 9
Ion assignment after moving ion 9: {0: 14, 1: 8, 2: 7, 3: 2, 4: 0, 5: 1, 6: 9, 7: 6}
Gate position gate updated to [9 2]--------------c
Trying to moving ion 2... to 10
Ion assignment after moving ion 2: {0: 15, 1: 8, 2: 7, 3: 10, 4: 0, 5: 1, 6: 9, 7: 6}
Trying to solve brute-force congestion at gate [10, 6] with {0: 15, 1: 8, 2: 7, 3: 10, 4: 0, 5: 1, 6: 9, 7: 6}
Trying to moving ion 6... to 6
Ion assignment after moving ion 6: {0: 15, 1: 8, 2: 7, 3: 10, 4: 0, 5: 1, 6: 9, 7: 6}
Clearing endpoint 8.........
Gate position gate updated to [ 6 10]--------------c
Trying to moving ion 10... to 7
Ion assignment after moving ion 10: {0: 13, 1: 14, 2: 8, 3: 7, 4: 0, 5: 1, 6: 9, 7: 6}
Trying to solve brute-force congestion at gate [0, 9] with {0: 13, 1: 14, 2: 8, 3: 7, 4: 0, 5: 1, 6: 9, 7: 6}
Trying to moving ion 0... to 0
Ion assignment after moving ion 0: {0: 13, 1: 14, 2: 8, 3: 7, 4: 0, 5: 1, 6: 9, 7: 6}
Gate position gate updated to [0 9]--------------c
Trying to moving ion 9... to 1
Ion assignment after moving ion 9: {0: 13, 1: 15, 2: 8, 3: 7, 4: 0, 5: 2, 6: 1, 7: 6}
Trying to solve brute-force congestion at gate [0, 6] with {0: 13, 1: 15, 2: 8, 3: 7, 4: 0, 5: 2, 6: 1, 7: 6}
Trying to moving ion 6... to 6
Ion assignment after moving ion 6: {0: 13, 1: 15, 2: 8, 3: 7, 4: 0, 5: 2, 6: 1, 7: 6}
Clearing endpoint 8.........
Gate position gate updated to [6 0]--------------c
Trying to moving ion 0... to 7
Ion assignment after moving ion 0: {0: 13, 1: 11, 2: 16, 3: 8, 4: 7, 5: 1, 6: 0, 7: 6}
Trying to solve brute-force congestion at gate [1, 6] with {0: 13, 1: 11, 2: 16, 3: 8, 4: 7, 5: 1, 6: 0, 7: 6}
Trying to moving ion 6... to 6
Ion assignment after moving ion 6: {0: 13, 1: 11, 2: 16, 3: 8, 4: 7, 5: 1, 6: 0, 7: 6}
Clearing endpoint 8.........
Gate position gate updated to [6 1]--------------c
Trying to moving ion 1... to 7
Ion assignment after moving ion 1: {0: 13, 1: 10, 2: 11, 3: 16, 4: 8, 5: 7, 6: 0, 7: 6}
Trying to solve brute-force congestion at gate [0, 6] with {0: 13, 1: 10, 2: 11, 3: 16, 4: 8, 5: 7, 6: 0, 7: 6}
Trying to moving ion 6... to 6
Ion assignment after moving ion 6: {0: 13, 1: 10, 2: 11, 3: 16, 4: 8, 5: 7, 6: 0, 7: 6}
Clearing endpoint 8.........
Gate position gate updated to [6 0]--------------c
Trying to moving ion 0... to 7
Ion assignment after moving ion 0: {0: 13, 1: 9, 2: 10, 3: 11, 4: 16, 5: 8, 6: 7, 7: 6}
Executing gate at point (0, 6).
Executing gate at point (1, 5).
Executing gate at point (2, 5).
Best move: (6, 7)
Best move: (7, 8)
Best move: (8, 15)
Best move: (14, 15)
Best move: (15, 16)
Best move: (12, 14)
Try bruteforce due to multiple steps (6) to solve one gate
Trying to solve brute-force congestion at gate [15, 12] with {0: 13, 1: 9, 2: 10, 3: 11, 4: 15, 5: 7, 6: 6, 7: 12}
Trying to moving ion 12... to 0
Ion assignment after moving ion 12: {0: 13, 1: 9, 2: 10, 3: 11, 4: 15, 5: 7, 6: 6, 7: 0}
Gate position gate updated to [ 0 15]--------------c
Trying to moving ion 15... to 1
Ion assignment after moving ion 15: {0: 13, 1: 9, 2: 10, 3: 11, 4: 1, 5: 7, 6: 6, 7: 0}
Executing gate at point (2, 4).
Best move: (11, 16)
Best move: (14, 16)
Best move: (12, 14)
Best move: (2, 12)
Executing gate at point (3, 3).
Best move: (1, 2)
Best move: (2, 12)
Best move: (12, 14)
Best move: (14, 15)
Best move: (8, 15)
Executing gate at point (3, 4).
Executing gate at point (4, 4).
Best move: (6, 7)
Best move: (7, 8)
Best move: (8, 15)
Best move: (14, 15)
Best move: (12, 14)
Best move: (10, 11)
Try bruteforce due to multiple steps (6) to solve one gate
Trying to solve brute-force congestion at gate [11, 0] with {0: 13, 1: 9, 2: 11, 3: 1, 4: 7, 5: 6, 6: 12, 7: 0}
Trying to moving ion 0... to 0
Ion assignment after moving ion 0: {0: 13, 1: 9, 2: 11, 3: 1, 4: 7, 5: 6, 6: 12, 7: 0}
Gate position gate updated to [ 0 11]--------------c
Trying to moving ion 11... to 1
Ion assignment after moving ion 11: {0: 5, 1: 9, 2: 1, 3: 2, 4: 7, 5: 6, 6: 13, 7: 0}
Executing gate at point (4, 2).
Best move: (2, 12)
Best move: (9, 10)
Best move: (10, 11)
Best move: (11, 16)
Best move: (14, 16)
Best move: (0, 1)
Try bruteforce due to multiple steps (6) to solve one gate
Trying to solve brute-force congestion at gate [14, 1] with {0: 5, 1: 14, 2: 0, 3: 12, 4: 7, 5: 6, 6: 13, 7: 1}
Trying to moving ion 1... to 0
Ion assignment after moving ion 1: {0: 5, 1: 14, 2: 1, 3: 12, 4: 7, 5: 6, 6: 13, 7: 0}
Gate position gate updated to [ 0 14]--------------c
Trying to moving ion 14... to 1
Ion assignment after moving ion 14: {0: 4, 1: 1, 2: 2, 3: 13, 4: 7, 5: 6, 6: 5, 7: 0}
Executing gate at point (5, 1).
Best move: (3, 4)
Best move: (4, 5)
Best move: (0, 1)
Best move: (1, 2)
Best move: (2, 12)
Best move: (3, 4)
Try bruteforce due to multiple steps (6) to solve one gate
Trying to solve brute-force congestion at gate [4, 12] with {0: 4, 1: 0, 2: 1, 3: 13, 4: 7, 5: 6, 6: 3, 7: 12}
Trying to moving ion 4... to 3
Ion assignment after moving ion 4: {0: 3, 1: 0, 2: 1, 3: 13, 4: 7, 5: 6, 6: 4, 7: 12}
Gate position gate updated to [ 3 12]--------------c
Trying to moving ion 12... to 4
Ion assignment after moving ion 12: {0: 3, 1: 0, 2: 1, 3: 14, 4: 7, 5: 6, 6: 5, 7: 4}
Executing gate at point (6, 0).
Best move: (5, 13)
Best move: (12, 13)
Best move: (14, 15)
Best move: (12, 14)
Best move: (14, 16)
Best move: (14, 16)
Try bruteforce due to multiple steps (6) to solve one gate
Trying to solve brute-force congestion at gate [15, 14] with {0: 3, 1: 0, 2: 1, 3: 15, 4: 7, 5: 6, 6: 14, 7: 4}
Trying to moving ion 15... to 9
Ion assignment after moving ion 15: {0: 3, 1: 0, 2: 1, 3: 9, 4: 7, 5: 6, 6: 14, 7: 4}
Gate position gate updated to [ 9 14]--------------c
Trying to moving ion 14... to 10
Ion assignment after moving ion 14: {0: 3, 1: 0, 2: 1, 3: 9, 4: 7, 5: 6, 6: 10, 7: 4}
Executing gate at point (4, 3).
Best move: (9, 10)
Best move: (10, 11)
Best move: (11, 16)
Best move: (15, 16)
Best move: (8, 15)
Executing gate at point (5, 3).
Executing gate at point (6, 3).
Best move: (9, 10)
Best move: (10, 11)
Best move: (11, 16)
Best move: (14, 16)
Best move: (12, 14)
Best move: (2, 12)
Try bruteforce due to multiple steps (6) to solve one gate
Trying to solve brute-force congestion at gate [1, 2] with {0: 3, 1: 0, 2: 1, 3: 8, 4: 7, 5: 6, 6: 2, 7: 4}
Trying to moving ion 1... to 0
Ion assignment after moving ion 1: {0: 3, 1: 1, 2: 0, 3: 8, 4: 7, 5: 6, 6: 2, 7: 4}
Gate position gate updated to [0 2]--------------c
Trying to moving ion 2... to 1
Ion assignment after moving ion 2: {0: 3, 1: 2, 2: 0, 3: 8, 4: 7, 5: 6, 6: 1, 7: 4}
Executing gate at point (5, 2).
Executing gate at point (6, 1).
Best move: (6, 7)
Best move: (7, 8)
Best move: (8, 15)
Best move: (14, 15)
Best move: (1, 2)
Best move: (2, 12)
Try bruteforce due to multiple steps (6) to solve one gate
Trying to solve brute-force congestion at gate [0, 14] with {0: 3, 1: 1, 2: 0, 3: 7, 4: 6, 5: 14, 6: 12, 7: 4}
Trying to moving ion 0... to 0
Ion assignment after moving ion 0: {0: 3, 1: 1, 2: 0, 3: 7, 4: 6, 5: 14, 6: 12, 7: 4}
Gate position gate updated to [ 0 14]--------------c
Trying to moving ion 14... to 1
Ion assignment after moving ion 14: {0: 3, 1: 2, 2: 0, 3: 7, 4: 6, 5: 1, 6: 13, 7: 4}
Executing gate at point (6, 2).
Executing gate at point (7, 1).
Best move: (0, 1)
Best move: (1, 2)
Best move: (2, 12)
Best move: (12, 14)
Best move: (14, 15)
Best move: (8, 15)
Try bruteforce due to multiple steps (6) to solve one gate
Trying to solve brute-force congestion at gate [3, 13] with {0: 3, 1: 1, 2: 8, 3: 7, 4: 6, 5: 0, 6: 13, 7: 4}
Trying to moving ion 3... to 3
Ion assignment after moving ion 3: {0: 3, 1: 1, 2: 8, 3: 7, 4: 6, 5: 0, 6: 13, 7: 4}
Gate position gate updated to [ 3 13]--------------c
Trying to moving ion 13... to 4
Ion assignment after moving ion 13: {0: 3, 1: 1, 2: 8, 3: 7, 4: 6, 5: 0, 6: 4, 7: 5}
Executing gate at point (7, 0).
Executing gate at point (7, 2).
Executing gate at point (8, 2).
Best move: (3, 4)
Best move: (4, 5)
Best move: (5, 13)
Best move: (6, 7)
Best move: (12, 13)
Best move: (7, 8)
Try bruteforce due to multiple steps (6) to solve one gate
Trying to solve brute-force congestion at gate [12, 0] with {0: 12, 1: 1, 2: 7, 3: 6, 4: 8, 5: 0, 6: 3, 7: 4}
Trying to moving ion 0... to 0
Ion assignment after moving ion 0: {0: 12, 1: 1, 2: 7, 3: 6, 4: 8, 5: 0, 6: 3, 7: 4}
Gate position gate updated to [ 0 12]--------------c
Trying to moving ion 12... to 1
Ion assignment after moving ion 12: {0: 1, 1: 2, 2: 7, 3: 6, 4: 8, 5: 0, 6: 3, 7: 4}
Executing gate at point (8, 0).
Best move: (8, 15)
Best move: (2, 12)
Best move: (12, 14)
Best move: (14, 16)
Best move: (14, 15)
Best move: (15, 16)
Try bruteforce due to multiple steps (6) to solve one gate
Trying to solve brute-force congestion at gate [15, 14] with {0: 1, 1: 15, 2: 7, 3: 6, 4: 14, 5: 0, 6: 3, 7: 4}
Trying to moving ion 15... to 9
Ion assignment after moving ion 15: {0: 1, 1: 9, 2: 7, 3: 6, 4: 14, 5: 0, 6: 3, 7: 4}
Gate position gate updated to [ 9 14]--------------c
Trying to moving ion 14... to 10
Ion assignment after moving ion 14: {0: 1, 1: 9, 2: 7, 3: 6, 4: 10, 5: 0, 6: 3, 7: 4}
Executing gate at point (8, 1).
Best move: (6, 7)
Best move: (1, 2)
Best move: (2, 12)
Best move: (12, 14)
Best move: (14, 16)
Best move: (11, 16)
Try bruteforce due to multiple steps (6) to solve one gate
Trying to solve brute-force congestion at gate [11, 10] with {0: 11, 1: 9, 2: 6, 3: 7, 4: 10, 5: 0, 6: 3, 7: 4}
Trying to moving ion 11... to 9
Ion assignment after moving ion 11: {0: 9, 1: 10, 2: 6, 3: 7, 4: 11, 5: 0, 6: 3, 7: 4}
Gate position gate updated to [ 9 11]--------------c
Trying to moving ion 11... to 10
Ion assignment after moving ion 11: {0: 9, 1: 11, 2: 6, 3: 7, 4: 10, 5: 0, 6: 3, 7: 4}
Executing gate at point (9, 0).
Best move: (11, 16)
Best move: (15, 16)
Best move: (8, 15)
Executing gate at point (9, 1).
Executing gate at point (10, 1).
Best move: (7, 8)
Best move: (8, 15)
Best move: (15, 16)
Best move: (11, 16)
Executing gate at point (10, 0).
Executing gate at point (11, 3).
Best move: (9, 10)
Best move: (10, 11)
Best move: (11, 16)
Best move: (15, 16)
Best move: (8, 15)
Executing gate at point (11, 0).
Executing gate at point (12, 0).
Best move: (8, 15)
Best move: (14, 15)
Best move: (13, 14)
Best move: (5, 13)
Executing gate at point (13, 0).
Best move: (3, 4)
Best move: (4, 5)
Best move: (5, 13)
Best move: (13, 14)
Best move: (14, 15)
Best move: (8, 15)
Try bruteforce due to multiple steps (6) to solve one gate
Trying to solve brute-force congestion at gate [6, 0] with {0: 4, 1: 7, 2: 6, 3: 10, 4: 9, 5: 0, 6: 8, 7: 3}
Trying to moving ion 6... to 6
Ion assignment after moving ion 6: {0: 4, 1: 7, 2: 6, 3: 10, 4: 9, 5: 0, 6: 8, 7: 3}
Clearing endpoint 8.........
Gate position gate updated to [6 0]--------------c
Trying to moving ion 0... to 7
Ion assignment after moving ion 0: {0: 4, 1: 8, 2: 6, 3: 10, 4: 9, 5: 7, 6: 16, 7: 3}
Executing gate at point (12, 2).
Best move: (8, 15)
Best move: (14, 15)
Best move: (15, 16)
Best move: (15, 16)
Best move: (15, 16)
Try bruteforce due to repeated pattern...
Trying to solve brute-force congestion at gate [14, 15] with {0: 4, 1: 14, 2: 6, 3: 10, 4: 9, 5: 7, 6: 15, 7: 3}
Trying to moving ion 15... to 6
Ion assignment after moving ion 15: {0: 4, 1: 14, 2: 7, 3: 10, 4: 9, 5: 8, 6: 6, 7: 3}
Clearing endpoint 8.........
Gate position gate updated to [ 6 14]--------------c
Trying to moving ion 14... to 7
Ion assignment after moving ion 14: {0: 4, 1: 7, 2: 8, 3: 10, 4: 9, 5: 16, 6: 6, 7: 3}
Executing gate at point (13, 1).
Trying to solve brute-force congestion at gate [12, 14] with {0: 13, 1: 7, 2: 12, 3: 10, 4: 9, 5: 14, 6: 6, 7: 3}
Trying to moving ion 12... to 0
Ion assignment after moving ion 12: {0: 13, 1: 7, 2: 0, 3: 10, 4: 9, 5: 14, 6: 6, 7: 3}
Gate position gate updated to [ 0 14]--------------c
Trying to moving ion 14... to 1
Ion assignment after moving ion 14: {0: 13, 1: 7, 2: 0, 3: 10, 4: 9, 5: 1, 6: 6, 7: 3}
Trying to solve brute-force congestion at gate [13, 7] with {0: 13, 1: 7, 2: 0, 3: 10, 4: 9, 5: 1, 6: 6, 7: 3}
Trying to moving ion 7... to 6
Ion assignment after moving ion 7: {0: 13, 1: 6, 2: 0, 3: 10, 4: 9, 5: 1, 6: 7, 7: 3}
Gate position gate updated to [ 6 13]--------------c
Trying to moving ion 13... to 7
Ion assignment after moving ion 13: {0: 7, 1: 6, 2: 0, 3: 10, 4: 9, 5: 1, 6: 8, 7: 3}
Trying to solve brute-force congestion at gate [7, 0] with {0: 7, 1: 6, 2: 0, 3: 10, 4: 9, 5: 1, 6: 8, 7: 3}
Trying to moving ion 0... to 0
Ion assignment after moving ion 0: {0: 7, 1: 6, 2: 0, 3: 10, 4: 9, 5: 1, 6: 8, 7: 3}
Gate position gate updated to [0 7]--------------c
Trying to moving ion 7... to 1
Ion assignment after moving ion 7: {0: 1, 1: 6, 2: 0, 3: 10, 4: 9, 5: 2, 6: 7, 7: 3}
Trying to solve brute-force congestion at gate [1, 10] with {0: 1, 1: 6, 2: 0, 3: 10, 4: 9, 5: 2, 6: 7, 7: 3}
Trying to moving ion 10... to 9
Ion assignment after moving ion 10: {0: 1, 1: 6, 2: 0, 3: 9, 4: 10, 5: 2, 6: 7, 7: 3}
Gate position gate updated to [9 1]--------------c
Trying to moving ion 1... to 10
Ion assignment after moving ion 1: {0: 10, 1: 6, 2: 0, 3: 9, 4: 11, 5: 1, 6: 7, 7: 3}
Trying to solve brute-force congestion at gate [10, 11] with {0: 10, 1: 6, 2: 0, 3: 9, 4: 11, 5: 1, 6: 7, 7: 3}
Trying to moving ion 10... to 9
Ion assignment after moving ion 10: {0: 9, 1: 6, 2: 0, 3: 10, 4: 11, 5: 1, 6: 7, 7: 3}
Gate position gate updated to [ 9 11]--------------c
Trying to moving ion 11... to 10
Ion assignment after moving ion 11: {0: 9, 1: 6, 2: 0, 3: 11, 4: 10, 5: 1, 6: 7, 7: 3}
Trying to solve brute-force congestion at gate [6, 0] with {0: 9, 1: 6, 2: 0, 3: 11, 4: 10, 5: 1, 6: 7, 7: 3}
Trying to moving ion 6... to 6
Ion assignment after moving ion 6: {0: 9, 1: 6, 2: 0, 3: 11, 4: 10, 5: 1, 6: 7, 7: 3}
Gate position gate updated to [6 0]--------------c
Trying to moving ion 0... to 7
Ion assignment after moving ion 0: {0: 9, 1: 6, 2: 7, 3: 11, 4: 10, 5: 0, 6: 8, 7: 3}
Trying to solve brute-force congestion at gate [6, 11] with {0: 9, 1: 6, 2: 7, 3: 11, 4: 10, 5: 0, 6: 8, 7: 3}
Trying to moving ion 6... to 6
Ion assignment after moving ion 6: {0: 9, 1: 6, 2: 7, 3: 11, 4: 10, 5: 0, 6: 8, 7: 3}
Clearing endpoint 8.........
Gate position gate updated to [ 6 11]--------------c
Trying to moving ion 11... to 7
Ion assignment after moving ion 11: {0: 9, 1: 6, 2: 8, 3: 7, 4: 10, 5: 0, 6: 14, 7: 3}
Trying to solve brute-force congestion at gate [8, 7] with {0: 9, 1: 6, 2: 8, 3: 7, 4: 10, 5: 0, 6: 14, 7: 3}
Trying to moving ion 8... to 6
Ion assignment after moving ion 8: {0: 9, 1: 7, 2: 6, 3: 8, 4: 10, 5: 0, 6: 14, 7: 3}
Gate position gate updated to [6 8]--------------c
Trying to moving ion 8... to 7
Ion assignment after moving ion 8: {0: 9, 1: 8, 2: 6, 3: 7, 4: 10, 5: 0, 6: 14, 7: 3}
Trying to solve brute-force congestion at gate [9, 0] with {0: 9, 1: 8, 2: 6, 3: 7, 4: 10, 5: 0, 6: 14, 7: 3}
Trying to moving ion 9... to 9
Ion assignment after moving ion 9: {0: 9, 1: 8, 2: 6, 3: 7, 4: 10, 5: 0, 6: 14, 7: 3}
Gate position gate updated to [9 0]--------------c
Trying to moving ion 0... to 10
Ion assignment after moving ion 0: {0: 9, 1: 8, 2: 6, 3: 7, 4: 11, 5: 10, 6: 13, 7: 3}
Trying to solve brute-force congestion at gate [9, 13] with {0: 9, 1: 8, 2: 6, 3: 7, 4: 11, 5: 10, 6: 13, 7: 3}
Trying to moving ion 9... to 9
Ion assignment after moving ion 9: {0: 9, 1: 8, 2: 6, 3: 7, 4: 11, 5: 10, 6: 13, 7: 3}
Clearing endpoint 11.........
Gate position gate updated to [ 9 13]--------------c
Trying to moving ion 13... to 10
Ion assignment after moving ion 13: {0: 9, 1: 8, 2: 6, 3: 7, 4: 15, 5: 11, 6: 10, 7: 3}
Trying to solve brute-force congestion at gate [9, 3] with {0: 9, 1: 8, 2: 6, 3: 7, 4: 15, 5: 11, 6: 10, 7: 3}
Trying to moving ion 9... to 9
Ion assignment after moving ion 9: {0: 9, 1: 8, 2: 6, 3: 7, 4: 15, 5: 11, 6: 10, 7: 3}
Clearing endpoint 11.........
Gate position gate updated to [9 3]--------------c
Trying to moving ion 3... to 10
Ion assignment after moving ion 3: {0: 9, 1: 8, 2: 6, 3: 7, 4: 14, 5: 15, 6: 11, 7: 10}
Trying to solve brute-force congestion at gate [8, 14] with {0: 9, 1: 8, 2: 6, 3: 7, 4: 14, 5: 15, 6: 11, 7: 10}
Trying to moving ion 8... to 6
Ion assignment after moving ion 8: {0: 9, 1: 6, 2: 7, 3: 8, 4: 14, 5: 15, 6: 11, 7: 10}
Clearing endpoint 8.........
Gate position gate updated to [ 6 14]--------------c
Trying to moving ion 14... to 7
Ion assignment after moving ion 14: {0: 9, 1: 6, 2: 8, 3: 16, 4: 7, 5: 14, 6: 11, 7: 10}
Trying to solve brute-force congestion at gate [6, 14] with {0: 9, 1: 6, 2: 8, 3: 16, 4: 7, 5: 14, 6: 11, 7: 10}
Trying to moving ion 6... to 6
Ion assignment after moving ion 6: {0: 9, 1: 6, 2: 8, 3: 16, 4: 7, 5: 14, 6: 11, 7: 10}
Clearing endpoint 8.........
Gate position gate updated to [ 6 14]--------------c
Trying to moving ion 14... to 7
Ion assignment after moving ion 14: {0: 9, 1: 6, 2: 16, 3: 14, 4: 8, 5: 7, 6: 11, 7: 10}
Trying to solve brute-force congestion at gate [6, 11] with {0: 9, 1: 6, 2: 16, 3: 14, 4: 8, 5: 7, 6: 11, 7: 10}
Trying to moving ion 6... to 6
Ion assignment after moving ion 6: {0: 9, 1: 6, 2: 16, 3: 14, 4: 8, 5: 7, 6: 11, 7: 10}
Clearing endpoint 8.........
Gate position gate updated to [ 6 11]--------------c
Trying to moving ion 11... to 7
Ion assignment after moving ion 11: {0: 9, 1: 6, 2: 13, 3: 12, 4: 14, 5: 8, 6: 7, 7: 10}
Trying to solve brute-force congestion at gate [6, 10] with {0: 9, 1: 6, 2: 13, 3: 12, 4: 14, 5: 8, 6: 7, 7: 10}
Trying to moving ion 6... to 6
Ion assignment after moving ion 6: {0: 9, 1: 6, 2: 13, 3: 12, 4: 14, 5: 8, 6: 7, 7: 10}
Clearing endpoint 8.........
Gate position gate updated to [ 6 10]--------------c
Trying to moving ion 10... to 7
Ion assignment after moving ion 10: {0: 9, 1: 6, 2: 13, 3: 2, 4: 12, 5: 14, 6: 8, 7: 7}
Trying to solve brute-force congestion at gate [13, 12] with {0: 9, 1: 6, 2: 13, 3: 2, 4: 12, 5: 14, 6: 8, 7: 7}
Trying to moving ion 13... to 3
Ion assignment after moving ion 13: {0: 9, 1: 6, 2: 3, 3: 2, 4: 12, 5: 14, 6: 8, 7: 7}
Gate position gate updated to [ 3 12]--------------c
Trying to moving ion 12... to 4
Ion assignment after moving ion 12: {0: 9, 1: 6, 2: 3, 3: 2, 4: 4, 5: 14, 6: 8, 7: 7}
Trying to solve brute-force congestion at gate [3, 14] with {0: 9, 1: 6, 2: 3, 3: 2, 4: 4, 5: 14, 6: 8, 7: 7}
Trying to moving ion 3... to 3
Ion assignment after moving ion 3: {0: 9, 1: 6, 2: 3, 3: 2, 4: 4, 5: 14, 6: 8, 7: 7}
Gate position gate updated to [ 3 14]--------------c
Trying to moving ion 14... to 4
Ion assignment after moving ion 14: {0: 9, 1: 6, 2: 3, 3: 2, 4: 5, 5: 4, 6: 8, 7: 7}
Trying to solve brute-force congestion at gate [2, 5] with {0: 9, 1: 6, 2: 3, 3: 2, 4: 5, 5: 4, 6: 8, 7: 7}
Trying to moving ion 2... to 0
Ion assignment after moving ion 2: {0: 9, 1: 6, 2: 3, 3: 0, 4: 5, 5: 4, 6: 8, 7: 7}
Gate position gate updated to [0 5]--------------c
Trying to moving ion 5... to 1
Ion assignment after moving ion 5: {0: 9, 1: 6, 2: 3, 3: 0, 4: 1, 5: 4, 6: 8, 7: 7}
Trying to solve brute-force congestion at gate [0, 4] with {0: 9, 1: 6, 2: 3, 3: 0, 4: 1, 5: 4, 6: 8, 7: 7}
Trying to moving ion 0... to 0
Ion assignment after moving ion 0: {0: 9, 1: 6, 2: 3, 3: 0, 4: 1, 5: 4, 6: 8, 7: 7}
Gate position gate updated to [0 4]--------------c
Trying to moving ion 4... to 1
Ion assignment after moving ion 4: {0: 9, 1: 6, 2: 3, 3: 0, 4: 2, 5: 1, 6: 8, 7: 7}
Trying to solve brute-force congestion at gate [2, 1] with {0: 9, 1: 6, 2: 3, 3: 0, 4: 2, 5: 1, 6: 8, 7: 7}
Trying to moving ion 2... to 0
Ion assignment after moving ion 2: {0: 9, 1: 6, 2: 3, 3: 1, 4: 0, 5: 2, 6: 8, 7: 7}
Gate position gate updated to [0 2]--------------c
Trying to moving ion 2... to 1
Ion assignment after moving ion 2: {0: 9, 1: 6, 2: 3, 3: 2, 4: 0, 5: 1, 6: 8, 7: 7}
Trying to solve brute-force congestion at gate [3, 8] with {0: 9, 1: 6, 2: 3, 3: 2, 4: 0, 5: 1, 6: 8, 7: 7}
Trying to moving ion 3... to 3
Ion assignment after moving ion 3: {0: 9, 1: 6, 2: 3, 3: 2, 4: 0, 5: 1, 6: 8, 7: 7}
Gate position gate updated to [3 8]--------------c
Trying to moving ion 8... to 4
Ion assignment after moving ion 8: {0: 9, 1: 6, 2: 3, 3: 2, 4: 0, 5: 1, 6: 4, 7: 7}
Trying to solve brute-force congestion at gate [3, 7] with {0: 9, 1: 6, 2: 3, 3: 2, 4: 0, 5: 1, 6: 4, 7: 7}
Trying to moving ion 3... to 3
Ion assignment after moving ion 3: {0: 9, 1: 6, 2: 3, 3: 2, 4: 0, 5: 1, 6: 4, 7: 7}
Gate position gate updated to [3 7]--------------c
Trying to moving ion 7... to 4
Ion assignment after moving ion 7: {0: 9, 1: 6, 2: 3, 3: 2, 4: 0, 5: 1, 6: 5, 7: 4}
Trying to solve brute-force congestion at gate [2, 5] with {0: 9, 1: 6, 2: 3, 3: 2, 4: 0, 5: 1, 6: 5, 7: 4}
Trying to moving ion 2... to 0
Ion assignment after moving ion 2: {0: 9, 1: 6, 2: 3, 3: 0, 4: 1, 5: 2, 6: 5, 7: 4}
Clearing endpoint 2.........
Gate position gate updated to [0 5]--------------c
Trying to moving ion 5... to 1
Ion assignment after moving ion 5: {0: 9, 1: 6, 2: 3, 3: 0, 4: 2, 5: 14, 6: 1, 7: 4}
Trying to solve brute-force congestion at gate [0, 4] with {0: 9, 1: 6, 2: 3, 3: 0, 4: 2, 5: 14, 6: 1, 7: 4}
Trying to moving ion 0... to 0
Ion assignment after moving ion 0: {0: 9, 1: 6, 2: 3, 3: 0, 4: 2, 5: 14, 6: 1, 7: 4}
Clearing endpoint 2.........
Gate position gate updated to [0 4]--------------c
Trying to moving ion 4... to 1
Ion assignment after moving ion 4: {0: 9, 1: 6, 2: 3, 3: 0, 4: 14, 5: 16, 6: 2, 7: 1}
Trying to solve brute-force congestion at gate [14, 2] with {0: 9, 1: 6, 2: 3, 3: 0, 4: 14, 5: 16, 6: 2, 7: 1}
Trying to moving ion 2... to 0
Ion assignment after moving ion 2: {0: 9, 1: 6, 2: 3, 3: 1, 4: 14, 5: 16, 6: 0, 7: 2}
Clearing endpoint 2.........
Gate position gate updated to [ 0 14]--------------c
Trying to moving ion 14... to 1
Ion assignment after moving ion 14: {0: 9, 1: 6, 2: 3, 3: 2, 4: 1, 5: 16, 6: 0, 7: 13}
Trying to solve brute-force congestion at gate [1, 13] with {0: 9, 1: 6, 2: 3, 3: 2, 4: 1, 5: 16, 6: 0, 7: 13}
Trying to moving ion 1... to 0
Ion assignment after moving ion 1: {0: 9, 1: 6, 2: 3, 3: 2, 4: 0, 5: 16, 6: 1, 7: 13}
Clearing endpoint 2.........
Gate position gate updated to [ 0 13]--------------c
Trying to moving ion 13... to 1
Ion assignment after moving ion 13: {0: 9, 1: 6, 2: 3, 3: 14, 4: 0, 5: 16, 6: 2, 7: 1}
Trying to solve brute-force congestion at gate [16, 2] with {0: 9, 1: 6, 2: 3, 3: 14, 4: 0, 5: 16, 6: 2, 7: 1}
Trying to moving ion 2... to 0
Ion assignment after moving ion 2: {0: 9, 1: 6, 2: 3, 3: 14, 4: 1, 5: 16, 6: 0, 7: 2}
Clearing endpoint 2.........
Gate position gate updated to [ 0 16]--------------c
Trying to moving ion 16... to 1
Ion assignment after moving ion 16: {0: 9, 1: 6, 2: 3, 3: 5, 4: 2, 5: 1, 6: 0, 7: 13}
Trying to solve brute-force congestion at gate [1, 13] with {0: 9, 1: 6, 2: 3, 3: 5, 4: 2, 5: 1, 6: 0, 7: 13}
Trying to moving ion 1... to 0
Ion assignment after moving ion 1: {0: 9, 1: 6, 2: 3, 3: 5, 4: 2, 5: 0, 6: 1, 7: 13}
Clearing endpoint 2.........
Gate position gate updated to [ 0 13]--------------c
Trying to moving ion 13... to 1
Ion assignment after moving ion 13: {0: 9, 1: 6, 2: 3, 3: 5, 4: 14, 5: 0, 6: 2, 7: 1}
Trying to solve brute-force congestion at gate [2, 1] with {0: 9, 1: 6, 2: 3, 3: 5, 4: 14, 5: 0, 6: 2, 7: 1}
Trying to moving ion 2... to 0
Ion assignment after moving ion 2: {0: 9, 1: 6, 2: 3, 3: 5, 4: 14, 5: 1, 6: 0, 7: 2}
Gate position gate updated to [0 2]--------------c
Trying to moving ion 2... to 1
Ion assignment after moving ion 2: {0: 9, 1: 6, 2: 3, 3: 5, 4: 14, 5: 2, 6: 0, 7: 1}
Executing gate at point (0, 6).
Executing gate at point (1, 5).
Executing gate at point (2, 5).
Best move: (1, 2)
Best move: (2, 12)
Best move: (12, 13)
Best move: (12, 14)
Best move: (13, 14)
Best move: (13, 14)
Try bruteforce due to multiple steps (6) to solve one gate
Trying to solve brute-force congestion at gate [12, 13] with {0: 9, 1: 6, 2: 3, 3: 5, 4: 12, 5: 1, 6: 0, 7: 13}
Trying to moving ion 12... to 0
Ion assignment after moving ion 12: {0: 9, 1: 6, 2: 3, 3: 5, 4: 0, 5: 2, 6: 1, 7: 13}Input filename:  QFT_8_compiled
Algorithm:  SHAPER
Trap type:  H
Trap capacity:  3
Num layout passes:  2
Gate type:  FM
Run index:  5
Creating a QCCD machine ...
QCCD physical machine:
### Traps ### 
Trap(id='trap_0', max_num_ions=3, initial_num_ions=0, executable=True, measureable=False)
Trap(id='trap_1', max_num_ions=3, initial_num_ions=0, executable=True, measureable=True)
Trap(id='trap_2', max_num_ions=3, initial_num_ions=0, executable=True, measureable=False)
Trap(id='trap_3', max_num_ions=3, initial_num_ions=0, executable=True, measureable=True)
### Junctions ### 
Junction(id='junction_0')
Junction(id='junction_1')
### Segments ### 
Segment(id='segment_0', left=Trap(id='trap_0', max_num_ions=3, initial_num_ions=0, executable=True, measureable=False), right=Junction(id='junction_0'))
Segment(id='segment_1', left=Trap(id='trap_1', max_num_ions=3, initial_num_ions=0, executable=True, measureable=True), right=Junction(id='junction_0'))
Segment(id='segment_2', left=Junction(id='junction_0'), right=Junction(id='junction_1'))
Segment(id='segment_3', left=Trap(id='trap_2', max_num_ions=3, initial_num_ions=0, executable=True, measureable=False), right=Junction(id='junction_1'))
Segment(id='segment_4', left=Trap(id='trap_3', max_num_ions=3, initial_num_ions=0, executable=True, measureable=True), right=Junction(id='junction_1'))
Finished creating the QCCD physical machine.
Position graph:  CouplingGraph({(0, 1), (9, 10), (13, 14), (1, 2), (10, 11), (3, 4), (11, 16), (12, 13), (14, 16), (5, 13), (6, 7), (4, 5), (12, 14), (15, 16), (2, 12), (8, 15), (14, 15), (7, 8)})
Initial ion assignment:  {0: 8, 1: 1, 2: 4, 3: 10, 4: 0, 5: 9, 6: 5, 7: 11}
Congestion rate:  1.0
Scheduling QCCD: 2480007160.0 us, costing 13.751045100041665 s to compile
2480.00716
13.751045100041665
{0: 9, 1: 6, 2: 3, 3: 5, 4: 14, 5: 2, 6: 0, 7: 1}
[0, 1, 2, 3, 4, 5, 6, 7]
