Best move: (11, 16)
Best move: (15, 16)
Best move: (1, 2)
Best move: (2, 12)
Best move: (12, 14)
Best move: (14, 16)
Try bruteforce due to multiple steps (6) to solve one gate
Trying to solve brute-force congestion at gate [16, 9] with {0: 0, 1: 16, 2: 8, 3: 7, 4: 1, 5: 9, 6: 15, 7: 10}
Trying to moving ion 9... to 9
Ion assignment after moving ion 9: {0: 0, 1: 16, 2: 8, 3: 7, 4: 1, 5: 9, 6: 15, 7: 10}
Gate position gate updated to [ 9 16]--------------c
Trying to moving ion 16... to 10
Ion assignment after moving ion 16: {0: 0, 1: 10, 2: 8, 3: 7, 4: 1, 5: 9, 6: 15, 7: 11}
Executing gate at point (0, 1).
Best move: (11, 16)
Best move: (14, 16)
Best move: (6, 7)
Best move: (12, 14)
Best move: (7, 8)
Best move: (9, 10)
Try bruteforce due to multiple steps (6) to solve one gate
Trying to solve brute-force congestion at gate [7, 10] with {0: 0, 1: 9, 2: 7, 3: 6, 4: 1, 5: 10, 6: 15, 7: 12}
Trying to moving ion 7... to 6
Ion assignment after moving ion 7: {0: 0, 1: 9, 2: 6, 3: 7, 4: 1, 5: 10, 6: 15, 7: 12}
Gate position gate updated to [ 6 10]--------------c
Trying to moving ion 10... to 7
Ion assignment after moving ion 10: {0: 0, 1: 9, 2: 6, 3: 8, 4: 1, 5: 7, 6: 14, 7: 12}
Executing gate at point (1, 2).
Best move: (8, 15)
Best move: (2, 12)
Executing gate at point (0, 0).
Best move: (2, 12)
Best move: (9, 10)
Best move: (9, 10)
Best move: (9, 10)
Try bruteforce due to repeated pattern...
Trying to solve brute-force congestion at gate [10, 12] with {0: 0, 1: 10, 2: 6, 3: 15, 4: 1, 5: 7, 6: 14, 7: 12}
Trying to moving ion 10... to 9
Ion assignment after moving ion 10: {0: 0, 1: 9, 2: 6, 3: 15, 4: 1, 5: 7, 6: 14, 7: 12}
Gate position gate updated to [ 9 12]--------------c
Trying to moving ion 12... to 10
Ion assignment after moving ion 12: {0: 0, 1: 9, 2: 6, 3: 15, 4: 1, 5: 7, 6: 13, 7: 10}
Executing gate at point (1, 1).
Best move: (14, 15)
Best move: (5, 13)
Best move: (13, 14)
Best move: (4, 5)
Best move: (5, 13)
Executing gate at point (0, 3).
Best move: (5, 13)
Best move: (13, 14)
Best move: (14, 16)
Best move: (11, 16)
Executing gate at point (2, 3).
Best move: (4, 5)
Best move: (5, 13)
Best move: (12, 13)
Best move: (2, 12)
Executing gate at point (1, 4).
Best move: (10, 11)
Best move: (11, 16)
Best move: (14, 16)
Best move: (1, 2)
Best move: (2, 12)
Best move: (12, 13)
Try bruteforce due to multiple steps (6) to solve one gate
Trying to solve brute-force congestion at gate [13, 14] with {0: 0, 1: 9, 2: 6, 3: 10, 4: 13, 5: 7, 6: 1, 7: 14}
Trying to moving ion 13... to 3
Ion assignment after moving ion 13: {0: 0, 1: 9, 2: 6, 3: 10, 4: 3, 5: 7, 6: 1, 7: 14}
Gate position gate updated to [ 3 14]--------------c
Trying to moving ion 14... to 4
Ion assignment after moving ion 14: {0: 0, 1: 9, 2: 6, 3: 10, 4: 3, 5: 7, 6: 1, 7: 4}
Executing gate at point (3, 4).
Best move: (4, 5)
Best move: (5, 13)
Best move: (13, 14)
Best move: (14, 15)
Best move: (8, 15)
Executing gate at point (4, 5).
Trying to solve brute-force congestion at gate [10, 14] with {0: 0, 1: 9, 2: 6, 3: 10, 4: 3, 5: 7, 6: 1, 7: 14}
Trying to moving ion 10... to 9
Ion assignment after moving ion 10: {0: 0, 1: 10, 2: 6, 3: 9, 4: 3, 5: 7, 6: 1, 7: 14}
Gate position gate updated to [ 9 14]--------------c
Trying to moving ion 14... to 10
Ion assignment after moving ion 14: {0: 0, 1: 11, 2: 6, 3: 9, 4: 3, 5: 7, 6: 1, 7: 10}
Trying to solve brute-force congestion at gate [11, 10] with {0: 0, 1: 11, 2: 6, 3: 9, 4: 3, 5: 7, 6: 1, 7: 10}
Trying to moving ion 11... to 9
Ion assignment after moving ion 11: {0: 0, 1: 9, 2: 6, 3: 10, 4: 3, 5: 7, 6: 1, 7: 11}
Gate position gate updated to [ 9 11]--------------c
Trying to moving ion 11... to 10
Ion assignment after moving ion 11: {0: 0, 1: 9, 2: 6, 3: 11, 4: 3, 5: 7, 6: 1, 7: 10}
Trying to solve brute-force congestion at gate [9, 7] with {0: 0, 1: 9, 2: 6, 3: 11, 4: 3, 5: 7, 6: 1, 7: 10}
Trying to moving ion 9... to 9
Ion assignment after moving ion 9: {0: 0, 1: 9, 2: 6, 3: 11, 4: 3, 5: 7, 6: 1, 7: 10}
Clearing endpoint 11.........
Gate position gate updated to [9 7]--------------c
Trying to moving ion 7... to 10
Ion assignment after moving ion 7: {0: 0, 1: 9, 2: 6, 3: 14, 4: 3, 5: 10, 6: 1, 7: 11}
Trying to solve brute-force congestion at gate [3, 1] with {0: 0, 1: 9, 2: 6, 3: 14, 4: 3, 5: 10, 6: 1, 7: 11}
Trying to moving ion 3... to 3
Ion assignment after moving ion 3: {0: 0, 1: 9, 2: 6, 3: 14, 4: 3, 5: 10, 6: 1, 7: 11}
Gate position gate updated to [3 1]--------------c
Trying to moving ion 1... to 4
Ion assignment after moving ion 1: {0: 0, 1: 9, 2: 6, 3: 14, 4: 3, 5: 10, 6: 4, 7: 11}
Trying to solve brute-force congestion at gate [14, 4] with {0: 0, 1: 9, 2: 6, 3: 14, 4: 3, 5: 10, 6: 4, 7: 11}
Trying to moving ion 4... to 3
Ion assignment after moving ion 4: {0: 0, 1: 9, 2: 6, 3: 14, 4: 4, 5: 10, 6: 3, 7: 11}
Gate position gate updated to [ 3 14]--------------c
Trying to moving ion 14... to 4
Ion assignment after moving ion 14: {0: 0, 1: 9, 2: 6, 3: 4, 4: 5, 5: 10, 6: 3, 7: 11}
Trying to solve brute-force congestion at gate [0, 11] with {0: 0, 1: 9, 2: 6, 3: 4, 4: 5, 5: 10, 6: 3, 7: 11}
Trying to moving ion 0... to 0
Ion assignment after moving ion 0: {0: 0, 1: 9, 2: 6, 3: 4, 4: 5, 5: 10, 6: 3, 7: 11}
Gate position gate updated to [ 0 11]--------------c
Trying to moving ion 11... to 1
Ion assignment after moving ion 11: {0: 0, 1: 9, 2: 6, 3: 4, 4: 5, 5: 10, 6: 3, 7: 1}
Executing gate at point (0, 1).
Executing gate at point (0, 3).
Executing gate at point (0, 0).
Executing gate at point (1, 4).
Best move: (1, 2)
Best move: (2, 12)
Best move: (12, 14)
Best move: (14, 16)
Best move: (11, 16)
Executing gate at point (1, 1).
Best move: (11, 16)
Best move: (14, 16)
Best move: (4, 5)
Best move: (5, 13)
Best move: (12, 13)
Best move: (2, 12)
Try bruteforce due to multiple steps (6) to solve one gate
Trying to solve brute-force congestion at gate [2, 14] with {0: 0, 1: 9, 2: 6, 3: 2, 4: 4, 5: 10, 6: 3, 7: 14}
Trying to moving ion 2... to 0
Ion assignment after moving ion 2: {0: 1, 1: 9, 2: 6, 3: 0, 4: 4, 5: 10, 6: 3, 7: 14}
Gate position gate updated to [ 0 14]--------------c
Trying to moving ion 14... to 1
Ion assignment after moving ion 14: {0: 2, 1: 9, 2: 6, 3: 0, 4: 4, 5: 10, 6: 3, 7: 1}
Executing gate at point (2, 3).
Best move: (1, 2)
Best move: (6, 7)
Best move: (7, 8)
Best move: (8, 15)
Best move: (15, 16)
Best move: (11, 16)
Try bruteforce due to multiple steps (6) to solve one gate
Trying to solve brute-force congestion at gate [11, 10] with {0: 1, 1: 9, 2: 11, 3: 0, 4: 4, 5: 10, 6: 3, 7: 2}
Trying to moving ion 11... to 9
Ion assignment after moving ion 11: {0: 1, 1: 10, 2: 9, 3: 0, 4: 4, 5: 11, 6: 3, 7: 2}
Gate position gate updated to [ 9 11]--------------c
Trying to moving ion 11... to 10
Ion assignment after moving ion 11: {0: 1, 1: 11, 2: 9, 3: 0, 4: 4, 5: 10, 6: 3, 7: 2}
Executing gate at point (1, 2).
Best move: (2, 12)
Best move: (12, 13)
Best move: (5, 13)
Executing gate at point (3, 4).
Best move: (5, 13)
Best move: (13, 14)
Best move: (10, 11)
Best move: (11, 16)
Best move: (15, 16)
Best move: (8, 15)
Try bruteforce due to multiple steps (6) to solve one gate
Trying to solve brute-force congestion at gate [8, 14] with {0: 1, 1: 10, 2: 9, 3: 0, 4: 4, 5: 8, 6: 3, 7: 14}
Trying to moving ion 8... to 6
Ion assignment after moving ion 8: {0: 1, 1: 10, 2: 9, 3: 0, 4: 4, 5: 6, 6: 3, 7: 14}
Gate position gate updated to [ 6 14]--------------c
Trying to moving ion 14... to 7
Ion assignment after moving ion 14: {0: 1, 1: 10, 2: 9, 3: 0, 4: 4, 5: 6, 6: 3, 7: 7}
Executing gate at point (4, 5).
Trying to solve brute-force congestion at gate [10, 6] with {0: 1, 1: 9, 2: 10, 3: 0, 4: 8, 5: 6, 6: 3, 7: 7}
Trying to moving ion 6... to 6
Ion assignment after moving ion 6: {0: 1, 1: 9, 2: 10, 3: 0, 4: 8, 5: 6, 6: 3, 7: 7}
Clearing endpoint 8.........
Gate position gate updated to [ 6 10]--------------c
Trying to moving ion 10... to 7
Ion assignment after moving ion 10: {0: 1, 1: 9, 2: 7, 3: 0, 4: 14, 5: 6, 6: 3, 7: 8}
Trying to solve brute-force congestion at gate [14, 8] with {0: 1, 1: 9, 2: 7, 3: 0, 4: 14, 5: 6, 6: 3, 7: 8}Input filename:  QAOA_8_compiled
Algorithm:  SHAPER
Trap type:  H
Trap capacity:  3
Num layout passes:  2
Gate type:  FM
Run index:  7
Creating a QCCD machine ...
QCCD physical machine:
### Traps ### 
Trap(id='trap_0', max_num_ions=3, initial_num_ions=0, executable=True, measureable=False)
Trap(id='trap_1', max_num_ions=3, initial_num_ions=0, executable=True, measureable=True)
Trap(id='trap_2', max_num_ions=3, initial_num_ions=0, executable=True, measureable=False)
Trap(id='trap_3', max_num_ions=3, initial_num_ions=0, executable=True, measureable=True)
### Junctions ### 
Junction(id='junction_0')
Junction(id='junction_1')
### Segments ### 
Segment(id='segment_0', left=Trap(id='trap_0', max_num_ions=3, initial_num_ions=0, executable=True, measureable=False), right=Junction(id='junction_0'))
Segment(id='segment_1', left=Trap(id='trap_1', max_num_ions=3, initial_num_ions=0, executable=True, measureable=True), right=Junction(id='junction_0'))
Segment(id='segment_2', left=Junction(id='junction_0'), right=Junction(id='junction_1'))
Segment(id='segment_3', left=Trap(id='trap_2', max_num_ions=3, initial_num_ions=0, executable=True, measureable=False), right=Junction(id='junction_1'))
Segment(id='segment_4', left=Trap(id='trap_3', max_num_ions=3, initial_num_ions=0, executable=True, measureable=True), right=Junction(id='junction_1'))
Finished creating the QCCD physical machine.
Position graph:  CouplingGraph({(0, 1), (9, 10), (13, 14), (1, 2), (10, 11), (3, 4), (11, 16), (12, 13), (14, 16), (5, 13), (6, 7), (4, 5), (12, 14), (15, 16), (2, 12), (8, 15), (14, 15), (7, 8)})
Initial ion assignment:  {0: 0, 1: 1, 2: 8, 3: 7, 4: 2, 5: 9, 6: 11, 7: 10}
Congestion rate:  1.0
Scheduling QCCD: 560003200.0 us, costing 7.724908099975437 s to compile
560.0032
7.724908099975437
{0: 0, 1: 9, 2: 5, 3: 2, 4: 6, 5: 10, 6: 13, 7: 1}
[0, 1, 2, 3, 4, 5, 6, 7]
