Trying to solve brute-force congestion at gate [15, 6] with {0: 12, 1: 0, 2: 1, 3: 13, 4: 10, 5: 3, 6: 11, 7: 4, 8: 5, 9: 8, 10: 9, 11: 7, 12: 14, 13: 2, 14: 15, 15: 6}
Trying to moving ion 6... to 4
Ion assignment after moving ion 6: {0: 12, 1: 0, 2: 1, 3: 13, 4: 10, 5: 3, 6: 11, 7: 5, 8: 6, 9: 8, 10: 9, 11: 7, 12: 14, 13: 2, 14: 15, 15: 4}
Clearing endpoint 7.........
Gate position gate updated to [ 4 15]--------------c
Trying to moving ion 15... to 5
Ion assignment after moving ion 15: {0: 12, 1: 0, 2: 1, 3: 13, 4: 10, 5: 3, 6: 11, 7: 6, 8: 7, 9: 8, 10: 9, 11: 16, 12: 14, 13: 2, 14: 5, 15: 4}
Executing gate at point (0, 14).
Trying to solve brute-force congestion at gate [2, 4] with {0: 12, 1: 0, 2: 1, 3: 13, 4: 10, 5: 3, 6: 11, 7: 6, 8: 7, 9: 8, 10: 9, 11: 16, 12: 14, 13: 2, 14: 5, 15: 4}
Trying to moving ion 4... to 4
Ion assignment after moving ion 4: {0: 12, 1: 0, 2: 1, 3: 13, 4: 10, 5: 3, 6: 11, 7: 6, 8: 7, 9: 8, 10: 9, 11: 16, 12: 14, 13: 2, 14: 5, 15: 4}
Clearing endpoint 7.........
Gate position gate updated to [4 2]--------------c
Trying to moving ion 2... to 5
Ion assignment after moving ion 2: {0: 12, 1: 0, 2: 1, 3: 13, 4: 10, 5: 2, 6: 11, 7: 7, 8: 18, 9: 8, 10: 9, 11: 20, 12: 14, 13: 5, 14: 6, 15: 4}
Executing gate at point (1, 13).
Executing gate at point (2, 13).
Trying to solve brute-force congestion at gate [14, 4] with {0: 12, 1: 0, 2: 1, 3: 13, 4: 10, 5: 2, 6: 11, 7: 7, 8: 18, 9: 8, 10: 9, 11: 20, 12: 14, 13: 5, 14: 6, 15: 4}
Trying to moving ion 4... to 4
Ion assignment after moving ion 4: {0: 12, 1: 0, 2: 1, 3: 13, 4: 10, 5: 2, 6: 11, 7: 7, 8: 18, 9: 8, 10: 9, 11: 20, 12: 14, 13: 5, 14: 6, 15: 4}
Clearing endpoint 7.........
Gate position gate updated to [ 4 14]--------------c
Trying to moving ion 14... to 5
Ion assignment after moving ion 14: {0: 12, 1: 0, 2: 1, 3: 13, 4: 10, 5: 2, 6: 11, 7: 16, 8: 3, 9: 8, 10: 9, 11: 19, 12: 5, 13: 6, 14: 7, 15: 4}
Executing gate at point (2, 12).
Executing gate at point (3, 12).
Executing gate at point (4, 12).
Best move: (4, 5)
Best move: (5, 6)
Best move: (6, 7)
Best move: (7, 17)
Best move: (17, 18)
Best move: (18, 20)
Best move: (18, 19)
Try bruteforce due to multiple steps (7) to solve one gate
Trying to solve brute-force congestion at gate [18, 20] with {0: 12, 1: 0, 2: 1, 3: 13, 4: 10, 5: 2, 6: 11, 7: 16, 8: 3, 9: 8, 10: 9, 11: 18, 12: 4, 13: 5, 14: 6, 15: 20}
Trying to moving ion 20... to 12
Ion assignment after moving ion 20: {0: 13, 1: 0, 2: 1, 3: 14, 4: 10, 5: 2, 6: 11, 7: 16, 8: 3, 9: 8, 10: 9, 11: 18, 12: 4, 13: 5, 14: 6, 15: 12}
Gate position gate updated to [12 18]--------------c
Trying to moving ion 18... to 13
Ion assignment after moving ion 18: {0: 14, 1: 0, 2: 1, 3: 15, 4: 10, 5: 2, 6: 11, 7: 16, 8: 3, 9: 8, 10: 9, 11: 13, 12: 4, 13: 5, 14: 6, 15: 12}
Executing gate at point (3, 11).
Trying to solve brute-force congestion at gate [9, 12] with {0: 14, 1: 0, 2: 1, 3: 15, 4: 10, 5: 2, 6: 11, 7: 16, 8: 3, 9: 8, 10: 9, 11: 13, 12: 4, 13: 5, 14: 6, 15: 12}
Trying to moving ion 12... to 12
Ion assignment after moving ion 12: {0: 14, 1: 0, 2: 1, 3: 15, 4: 10, 5: 2, 6: 11, 7: 16, 8: 3, 9: 8, 10: 9, 11: 13, 12: 4, 13: 5, 14: 6, 15: 12}
Clearing endpoint 15.........
Gate position gate updated to [12  9]--------------c
Trying to moving ion 9... to 13
Ion assignment after moving ion 9: {0: 15, 1: 0, 2: 1, 3: 18, 4: 9, 5: 2, 6: 10, 7: 16, 8: 3, 9: 8, 10: 13, 11: 14, 12: 4, 13: 5, 14: 6, 15: 12}
Executing gate at point (4, 10).
Trying to solve brute-force congestion at gate [8, 12] with {0: 15, 1: 0, 2: 1, 3: 18, 4: 9, 5: 2, 6: 10, 7: 16, 8: 3, 9: 8, 10: 13, 11: 14, 12: 4, 13: 5, 14: 6, 15: 12}
Trying to moving ion 8... to 8
Ion assignment after moving ion 8: {0: 15, 1: 0, 2: 1, 3: 18, 4: 9, 5: 2, 6: 10, 7: 16, 8: 3, 9: 8, 10: 13, 11: 14, 12: 4, 13: 5, 14: 6, 15: 12}
Gate position gate updated to [ 8 12]--------------c
Trying to moving ion 12... to 9
Ion assignment after moving ion 12: {0: 14, 1: 0, 2: 1, 3: 18, 4: 10, 5: 2, 6: 11, 7: 16, 8: 3, 9: 8, 10: 12, 11: 13, 12: 4, 13: 5, 14: 6, 15: 9}
Executing gate at point (5, 9).
Trying to solve brute-force congestion at gate [13, 6] with {0: 14, 1: 0, 2: 1, 3: 18, 4: 10, 5: 2, 6: 11, 7: 16, 8: 3, 9: 8, 10: 12, 11: 13, 12: 4, 13: 5, 14: 6, 15: 9}
Trying to moving ion 13... to 12
Ion assignment after moving ion 13: {0: 14, 1: 0, 2: 1, 3: 18, 4: 10, 5: 2, 6: 11, 7: 16, 8: 3, 9: 8, 10: 13, 11: 12, 12: 4, 13: 5, 14: 6, 15: 9}
Gate position gate updated to [12  6]--------------c
Trying to moving ion 6... to 13
Ion assignment after moving ion 6: {0: 15, 1: 0, 2: 1, 3: 19, 4: 10, 5: 2, 6: 11, 7: 16, 8: 3, 9: 8, 10: 14, 11: 12, 12: 4, 13: 5, 14: 13, 15: 9}
Executing gate at point (4, 11).
Executing gate at point (5, 10).
Best move: (9, 10)
Best move: (8, 9)
Best move: (10, 11)
Best move: (9, 10)
Best move: (13, 14)
Best move: (12, 13)
Best move: (14, 15)
Try bruteforce due to multiple steps (7) to solve one gate
Trying to solve brute-force congestion at gate [10, 15] with {0: 14, 1: 0, 2: 1, 3: 19, 4: 8, 5: 2, 6: 9, 7: 16, 8: 3, 9: 10, 10: 12, 11: 13, 12: 4, 13: 5, 14: 15, 15: 11}
Trying to moving ion 10... to 8
Ion assignment after moving ion 10: {0: 14, 1: 0, 2: 1, 3: 19, 4: 9, 5: 2, 6: 10, 7: 16, 8: 3, 9: 8, 10: 12, 11: 13, 12: 4, 13: 5, 14: 15, 15: 11}
Clearing endpoint 11.........
Gate position gate updated to [ 8 15]--------------c
Trying to moving ion 15... to 9
Ion assignment after moving ion 15: {0: 14, 1: 0, 2: 1, 3: 17, 4: 10, 5: 2, 6: 11, 7: 16, 8: 3, 9: 8, 10: 12, 11: 13, 12: 4, 13: 5, 14: 9, 15: 18}
Executing gate at point (6, 9).
Best move: (13, 14)
Best move: (14, 15)
Best move: (15, 20)
Best move: (19, 20)
Best move: (18, 20)
Best move: (18, 19)
Best move: (5, 6)
Try bruteforce due to multiple steps (7) to solve one gate
Trying to solve brute-force congestion at gate [3, 20] with {0: 13, 1: 0, 2: 1, 3: 17, 4: 10, 5: 2, 6: 11, 7: 16, 8: 3, 9: 8, 10: 12, 11: 18, 12: 4, 13: 6, 14: 9, 15: 20}
Trying to moving ion 3... to 0
Ion assignment after moving ion 3: {0: 13, 1: 1, 2: 2, 3: 17, 4: 10, 5: 3, 6: 11, 7: 16, 8: 0, 9: 8, 10: 12, 11: 18, 12: 4, 13: 6, 14: 9, 15: 20}
Clearing endpoint 3.........
Gate position gate updated to [ 0 20]--------------c
Trying to moving ion 20... to 1
Ion assignment after moving ion 20: {0: 13, 1: 2, 2: 3, 3: 6, 4: 10, 5: 17, 6: 11, 7: 7, 8: 0, 9: 8, 10: 12, 11: 19, 12: 4, 13: 5, 14: 9, 15: 1}
Executing gate at point (6, 8).
Best move: (5, 6)
Best move: (1, 2)
Best move: (0, 1)
Best move: (9, 10)
Best move: (2, 3)
Best move: (3, 16)
Best move: (10, 11)
Try bruteforce due to multiple steps (7) to solve one gate
Trying to solve brute-force congestion at gate [19, 6] with {0: 13, 1: 0, 2: 2, 3: 5, 4: 9, 5: 17, 6: 10, 7: 7, 8: 1, 9: 8, 10: 12, 11: 19, 12: 4, 13: 6, 14: 11, 15: 16}
Trying to moving ion 6... to 4
Ion assignment after moving ion 6: {0: 13, 1: 0, 2: 2, 3: 6, 4: 9, 5: 17, 6: 10, 7: 7, 8: 1, 9: 8, 10: 12, 11: 19, 12: 5, 13: 4, 14: 11, 15: 16}
Clearing endpoint 7.........
Gate position gate updated to [ 4 19]--------------c
Trying to moving ion 19... to 5
Ion assignment after moving ion 19: {0: 13, 1: 0, 2: 2, 3: 7, 4: 9, 5: 20, 6: 10, 7: 16, 8: 1, 9: 8, 10: 12, 11: 5, 12: 6, 13: 4, 14: 11, 15: 3}
Executing gate at point (5, 11).
Executing gate at point (6, 11).
Best move: (11, 19)
Best move: (4, 5)
Best move: (1, 2)
Best move: (5, 6)
Best move: (6, 7)
Best move: (7, 17)
Best move: (12, 13)
Try bruteforce due to multiple steps (7) to solve one gate
Trying to solve brute-force congestion at gate [13, 17] with {0: 12, 1: 0, 2: 1, 3: 6, 4: 9, 5: 20, 6: 10, 7: 16, 8: 2, 9: 8, 10: 13, 11: 4, 12: 5, 13: 17, 14: 19, 15: 3}
Trying to moving ion 13... to 12
Ion assignment after moving ion 13: {0: 13, 1: 0, 2: 1, 3: 6, 4: 9, 5: 20, 6: 10, 7: 16, 8: 2, 9: 8, 10: 12, 11: 4, 12: 5, 13: 17, 14: 19, 15: 3}
Gate position gate updated to [12 17]--------------c
Trying to moving ion 17... to 13
Ion assignment after moving ion 17: {0: 14, 1: 0, 2: 1, 3: 6, 4: 9, 5: 19, 6: 10, 7: 16, 8: 2, 9: 8, 10: 12, 11: 4, 12: 5, 13: 13, 14: 11, 15: 3}
Executing gate at point (6, 10).
Trying to solve brute-force congestion at gate [16, 3] with {0: 14, 1: 0, 2: 1, 3: 6, 4: 9, 5: 19, 6: 10, 7: 16, 8: 2, 9: 8, 10: 12, 11: 4, 12: 5, 13: 13, 14: 11, 15: 3}
Trying to moving ion 3... to 0
Ion assignment after moving ion 3: {0: 14, 1: 1, 2: 2, 3: 6, 4: 9, 5: 19, 6: 10, 7: 16, 8: 3, 9: 8, 10: 12, 11: 4, 12: 5, 13: 13, 14: 11, 15: 0}
Clearing endpoint 3.........
Gate position gate updated to [ 0 17]--------------c
Trying to moving ion 17... to 1
Ion assignment after moving ion 17: {0: 14, 1: 2, 2: 3, 3: 6, 4: 9, 5: 19, 6: 10, 7: 1, 8: 18, 9: 8, 10: 12, 11: 4, 12: 5, 13: 13, 14: 11, 15: 0}
Executing gate at point (7, 7).
Trying to solve brute-force congestion at gate [12, 5] with {0: 14, 1: 2, 2: 3, 3: 6, 4: 9, 5: 19, 6: 10, 7: 1, 8: 18, 9: 8, 10: 12, 11: 4, 12: 5, 13: 13, 14: 11, 15: 0}
Trying to moving ion 12... to 12
Ion assignment after moving ion 12: {0: 14, 1: 2, 2: 3, 3: 6, 4: 9, 5: 19, 6: 10, 7: 1, 8: 18, 9: 8, 10: 12, 11: 4, 12: 5, 13: 13, 14: 11, 15: 0}
Gate position gate updated to [12  5]--------------c
Trying to moving ion 5... to 13
Ion assignment after moving ion 5: {0: 15, 1: 2, 2: 3, 3: 5, 4: 9, 5: 19, 6: 10, 7: 1, 8: 16, 9: 8, 10: 12, 11: 4, 12: 13, 13: 14, 14: 11, 15: 0}
Executing gate at point (7, 10).
Best move: (8, 9)
Best move: (9, 10)
Best move: (12, 13)
Best move: (14, 15)
Best move: (15, 20)
Best move: (13, 14)
Best move: (0, 1)
Try bruteforce due to multiple steps (7) to solve one gate
Trying to solve brute-force congestion at gate [14, 4] with {0: 13, 1: 2, 2: 3, 3: 5, 4: 8, 5: 19, 6: 9, 7: 0, 8: 16, 9: 10, 10: 14, 11: 4, 12: 12, 13: 20, 14: 11, 15: 1}
Trying to moving ion 4... to 4
Ion assignment after moving ion 4: {0: 13, 1: 2, 2: 3, 3: 5, 4: 8, 5: 19, 6: 9, 7: 0, 8: 16, 9: 10, 10: 14, 11: 4, 12: 12, 13: 20, 14: 11, 15: 1}
Gate position gate updated to [ 4 14]--------------c
Trying to moving ion 14... to 5
Ion assignment after moving ion 14: {0: 13, 1: 2, 2: 3, 3: 6, 4: 8, 5: 18, 6: 9, 7: 0, 8: 16, 9: 10, 10: 5, 11: 4, 12: 12, 13: 19, 14: 11, 15: 1}
Executing gate at point (8, 10).
Best move: (1, 2)
Best move: (2, 3)
Best move: (16, 17)
Best move: (3, 16)
Best move: (10, 11)
Best move: (10, 11)
Best move: (10, 11)
Try bruteforce due to multiple steps (7) to solve one gate
Trying to solve brute-force congestion at gate [11, 19] with {0: 13, 1: 1, 2: 2, 3: 6, 4: 8, 5: 18, 6: 9, 7: 0, 8: 17, 9: 11, 10: 5, 11: 4, 12: 12, 13: 19, 14: 10, 15: 16}
Trying to moving ion 11... to 8
Ion assignment after moving ion 11: {0: 13, 1: 1, 2: 2, 3: 6, 4: 9, 5: 18, 6: 10, 7: 0, 8: 17, 9: 8, 10: 5, 11: 4, 12: 12, 13: 19, 14: 11, 15: 16}
Clearing endpoint 11.........
Gate position gate updated to [ 8 20]--------------c
Trying to moving ion 20... to 9
Ion assignment after moving ion 20: {0: 13, 1: 1, 2: 2, 3: 6, 4: 10, 5: 16, 6: 11, 7: 0, 8: 17, 9: 8, 10: 5, 11: 4, 12: 12, 13: 9, 14: 18, 15: 3}
Executing gate at point (7, 9).
Best move: (8, 9)
Best move: (9, 10)
Best move: (10, 11)
Best move: (11, 19)
Best move: (19, 20)
Best move: (15, 20)
Executing gate at point (8, 9).
Best move: (15, 20)
Best move: (4, 5)
Best move: (5, 6)
Best move: (19, 20)
Best move: (19, 20)
Best move: (19, 20)
Try bruteforce due to repeated pattern...
Trying to solve brute-force congestion at gate [19, 6] with {0: 13, 1: 1, 2: 2, 3: 5, 4: 9, 5: 16, 6: 10, 7: 0, 8: 17, 9: 19, 10: 4, 11: 6, 12: 12, 13: 8, 14: 18, 15: 3}
Trying to moving ion 6... to 4
Ion assignment after moving ion 6: {0: 13, 1: 1, 2: 2, 3: 6, 4: 9, 5: 16, 6: 10, 7: 0, 8: 17, 9: 19, 10: 5, 11: 4, 12: 12, 13: 8, 14: 18, 15: 3}
Gate position gate updated to [ 4 19]--------------c
Trying to moving ion 19... to 5
Ion assignment after moving ion 19: {0: 13, 1: 1, 2: 2, 3: 7, 4: 9, 5: 18, 6: 10, 7: 0, 8: 16, 9: 5, 10: 6, 11: 4, 12: 12, 13: 8, 14: 20, 15: 3}
Executing gate at point (9, 9).
Executing gate at point (10, 9).
Best move: (16, 17)
Best move: (3, 16)
Best move: (9, 10)
Best move: (9, 10)
Best move: (15, 20)
Best move: (14, 15)
Best move: (13, 14)
Try bruteforce due to multiple steps (7) to solve one gate
Trying to solve brute-force congestion at gate [17, 13] with {0: 14, 1: 1, 2: 2, 3: 7, 4: 9, 5: 18, 6: 10, 7: 0, 8: 17, 9: 5, 10: 6, 11: 4, 12: 12, 13: 8, 14: 13, 15: 16}
Trying to moving ion 13... to 12
Ion assignment after moving ion 13: {0: 14, 1: 1, 2: 2, 3: 7, 4: 9, 5: 18, 6: 10, 7: 0, 8: 17, 9: 5, 10: 6, 11: 4, 12: 13, 13: 8, 14: 12, 15: 16}
Gate position gate updated to [12 17]--------------c
Trying to moving ion 17... to 13
Ion assignment after moving ion 17: {0: 15, 1: 1, 2: 2, 3: 7, 4: 9, 5: 19, 6: 10, 7: 0, 8: 13, 9: 5, 10: 6, 11: 4, 12: 14, 13: 8, 14: 12, 15: 16}
Executing gate at point (7, 8).
Trying to solve brute-force congestion at gate [0, 12] with {0: 15, 1: 1, 2: 2, 3: 7, 4: 9, 5: 19, 6: 10, 7: 0, 8: 13, 9: 5, 10: 6, 11: 4, 12: 14, 13: 8, 14: 12, 15: 16}
Trying to moving ion 0... to 0
Ion assignment after moving ion 0: {0: 15, 1: 1, 2: 2, 3: 7, 4: 9, 5: 19, 6: 10, 7: 0, 8: 13, 9: 5, 10: 6, 11: 4, 12: 14, 13: 8, 14: 12, 15: 16}
Gate position gate updated to [ 0 12]--------------c
Trying to moving ion 12... to 1
Ion assignment after moving ion 12: {0: 14, 1: 2, 2: 3, 3: 7, 4: 9, 5: 19, 6: 10, 7: 0, 8: 12, 9: 5, 10: 6, 11: 4, 12: 13, 13: 8, 14: 1, 15: 17}
Executing gate at point (8, 7).
Trying to solve brute-force congestion at gate [12, 8] with {0: 14, 1: 2, 2: 3, 3: 7, 4: 9, 5: 19, 6: 10, 7: 0, 8: 12, 9: 5, 10: 6, 11: 4, 12: 13, 13: 8, 14: 1, 15: 17}
Trying to moving ion 8... to 8
Ion assignment after moving ion 8: {0: 14, 1: 2, 2: 3, 3: 7, 4: 9, 5: 19, 6: 10, 7: 0, 8: 12, 9: 5, 10: 6, 11: 4, 12: 13, 13: 8, 14: 1, 15: 17}
Gate position gate updated to [ 8 12]--------------c
Trying to moving ion 12... to 9
Ion assignment after moving ion 12: {0: 13, 1: 2, 2: 3, 3: 7, 4: 10, 5: 18, 6: 11, 7: 0, 8: 9, 9: 5, 10: 6, 11: 4, 12: 12, 13: 8, 14: 1, 15: 17}
Executing gate at point (8, 8).
Best move: (11, 19)
Best move: (0, 1)
Best move: (1, 2)
Best move: (9, 10)
Best move: (2, 3)
Best move: (3, 16)
Best move: (8, 9)
Try bruteforce due to multiple steps (7) to solve one gate
Trying to solve brute-force congestion at gate [16, 9] with {0: 13, 1: 1, 2: 2, 3: 7, 4: 8, 5: 18, 6: 19, 7: 16, 8: 10, 9: 5, 10: 6, 11: 4, 12: 12, 13: 9, 14: 0, 15: 17}
Trying to moving ion 9... to 8
Ion assignment after moving ion 9: {0: 13, 1: 1, 2: 2, 3: 7, 4: 9, 5: 18, 6: 19, 7: 16, 8: 10, 9: 5, 10: 6, 11: 4, 12: 12, 13: 8, 14: 0, 15: 17}
Gate position gate updated to [ 8 16]--------------c
Trying to moving ion 16... to 9
Ion assignment after moving ion 16: {0: 13, 1: 1, 2: 2, 3: 7, 4: 10, 5: 15, 6: 20, 7: 9, 8: 11, 9: 5, 10: 6, 11: 4, 12: 12, 13: 8, 14: 0, 15: 17}
Executing gate at point (9, 7).
Trying to solve brute-force congestion at gate [11, 12] with {0: 13, 1: 1, 2: 2, 3: 7, 4: 10, 5: 15, 6: 20, 7: 9, 8: 11, 9: 5, 10: 6, 11: 4, 12: 12, 13: 8, 14: 0, 15: 17}
Trying to moving ion 12... to 12
Ion assignment after moving ion 12: {0: 13, 1: 1, 2: 2, 3: 7, 4: 10, 5: 15, 6: 20, 7: 9, 8: 11, 9: 5, 10: 6, 11: 4, 12: 12, 13: 8, 14: 0, 15: 17}
Clearing endpoint 15.........
Gate position gate updated to [12 11]--------------c
Trying to moving ion 11... to 13
Ion assignment after moving ion 11: {0: 14, 1: 1, 2: 2, 3: 7, 4: 10, 5: 15, 6: 18, 7: 9, 8: 13, 9: 5, 10: 6, 11: 4, 12: 12, 13: 8, 14: 0, 15: 17}
Executing gate at point (9, 8).
Trying to solve brute-force congestion at gate [13, 4] with {0: 14, 1: 1, 2: 2, 3: 7, 4: 10, 5: 15, 6: 18, 7: 9, 8: 13, 9: 5, 10: 6, 11: 4, 12: 12, 13: 8, 14: 0, 15: 17}
Trying to moving ion 4... to 4
Ion assignment after moving ion 4: {0: 14, 1: 1, 2: 2, 3: 7, 4: 10, 5: 15, 6: 18, 7: 9, 8: 13, 9: 5, 10: 6, 11: 4, 12: 12, 13: 8, 14: 0, 15: 17}
Clearing endpoint 7.........
Gate position gate updated to [ 4 13]--------------c
Trying to moving ion 13... to 5
Ion assignment after moving ion 13: {0: 13, 1: 1, 2: 2, 3: 16, 4: 10, 5: 14, 6: 19, 7: 9, 8: 5, 9: 6, 10: 7, 11: 4, 12: 12, 13: 8, 14: 0, 15: 3}
Executing gate at point (10, 8).
Executing gate at point (11, 8).
Executing gate at point (12, 8).
Trying to solve brute-force congestion at gate [9, 12] with {0: 13, 1: 1, 2: 2, 3: 16, 4: 10, 5: 14, 6: 19, 7: 9, 8: 5, 9: 6, 10: 7, 11: 4, 12: 12, 13: 8, 14: 0, 15: 3}
Trying to moving ion 12... to 12
Ion assignment after moving ion 12: {0: 13, 1: 1, 2: 2, 3: 16, 4: 10, 5: 14, 6: 19, 7: 9, 8: 5, 9: 6, 10: 7, 11: 4, 12: 12, 13: 8, 14: 0, 15: 3}
Gate position gate updated to [12  9]--------------c
Trying to moving ion 9... to 13
Ion assignment after moving ion 9: {0: 14, 1: 1, 2: 2, 3: 16, 4: 9, 5: 15, 6: 18, 7: 13, 8: 5, 9: 6, 10: 7, 11: 4, 12: 12, 13: 8, 14: 0, 15: 3}
Executing gate at point (10, 7).
Best move: (4, 5)
Best move: (5, 6)
Best move: (13, 14)
Best move: (6, 7)
Best move: (7, 17)
Best move: (14, 15)
Best move: (15, 20)
Try bruteforce due to multiple steps (7) to solve one gate
Trying to solve brute-force congestion at gate [20, 17] with {0: 13, 1: 1, 2: 2, 3: 16, 4: 9, 5: 14, 6: 18, 7: 20, 8: 4, 9: 5, 10: 6, 11: 17, 12: 12, 13: 8, 14: 0, 15: 3}
Trying to moving ion 20... to 8
Ion assignment after moving ion 20: {0: 13, 1: 1, 2: 2, 3: 16, 4: 10, 5: 14, 6: 18, 7: 8, 8: 4, 9: 5, 10: 6, 11: 17, 12: 12, 13: 9, 14: 0, 15: 3}
Gate position gate updated to [ 8 17]--------------c
Trying to moving ion 17... to 9
Ion assignment after moving ion 17: {0: 13, 1: 1, 2: 2, 3: 16, 4: 11, 5: 14, 6: 20, 7: 8, 8: 4, 9: 5, 10: 6, 11: 9, 12: 12, 13: 10, 14: 0, 15: 3}
Executing gate at point (11, 7).
Trying to solve brute-force congestion at gate [8, 6] with {0: 13, 1: 1, 2: 2, 3: 16, 4: 11, 5: 14, 6: 20, 7: 8, 8: 4, 9: 5, 10: 6, 11: 9, 12: 12, 13: 10, 14: 0, 15: 3}
Trying to moving ion 8... to 8
Ion assignment after moving ion 8: {0: 13, 1: 1, 2: 2, 3: 16, 4: 11, 5: 14, 6: 20, 7: 8, 8: 4, 9: 5, 10: 6, 11: 9, 12: 12, 13: 10, 14: 0, 15: 3}
Clearing endpoint 11.........
Gate position gate updated to [8 6]--------------c
Trying to moving ion 6... to 9
Ion assignment after moving ion 6: {0: 13, 1: 1, 2: 2, 3: 16, 4: 20, 5: 14, 6: 15, 7: 8, 8: 4, 9: 5, 10: 9, 11: 10, 12: 12, 13: 11, 14: 0, 15: 3}
Executing gate at point (12, 7).
Best move: (8, 9)
Best move: (9, 10)
Best move: (10, 11)
Best move: (11, 19)
Best move: (18, 19)
Best move: (17, 18)
Best move: (4, 5)
Try bruteforce due to multiple steps (7) to solve one gate
Trying to solve brute-force congestion at gate [15, 3] with {0: 13, 1: 1, 2: 2, 3: 16, 4: 20, 5: 14, 6: 15, 7: 17, 8: 5, 9: 4, 10: 8, 11: 9, 12: 12, 13: 10, 14: 0, 15: 3}
Trying to moving ion 3... to 0
Ion assignment after moving ion 3: {0: 13, 1: 2, 2: 3, 3: 16, 4: 20, 5: 14, 6: 15, 7: 17, 8: 5, 9: 4, 10: 8, 11: 9, 12: 12, 13: 10, 14: 1, 15: 0}
Clearing endpoint 3.........
Gate position gate updated to [ 0 15]--------------c
Trying to moving ion 15... to 1
Ion assignment after moving ion 15: {0: 13, 1: 3, 2: 17, 3: 7, 4: 19, 5: 14, 6: 1, 7: 6, 8: 5, 9: 4, 10: 8, 11: 9, 12: 12, 13: 10, 14: 2, 15: 0}
Executing gate at point (8, 6).
Executing gate at point (13, 7).
Executing gate at point (9, 6).
Executing gate at point (14, 7).
Trying to solve brute-force congestion at gate [14, 0] with {0: 13, 1: 3, 2: 17, 3: 7, 4: 19, 5: 14, 6: 1, 7: 6, 8: 5, 9: 4, 10: 8, 11: 9, 12: 12, 13: 10, 14: 2, 15: 0}
Trying to moving ion 0... to 0
Ion assignment after moving ion 0: {0: 13, 1: 3, 2: 17, 3: 7, 4: 19, 5: 14, 6: 1, 7: 6, 8: 5, 9: 4, 10: 8, 11: 9, 12: 12, 13: 10, 14: 2, 15: 0}
Clearing endpoint 3.........
Gate position gate updated to [ 0 14]--------------c
Trying to moving ion 14... to 1
Ion assignment after moving ion 14: {0: 13, 1: 17, 2: 18, 3: 7, 4: 19, 5: 1, 6: 2, 7: 6, 8: 5, 9: 4, 10: 8, 11: 9, 12: 12, 13: 10, 14: 3, 15: 0}
Executing gate at point (9, 5).
Executing gate at point (10, 5).
Best move: (0, 1)
Best move: (2, 3)
Best move: (3, 16)
Best move: (19, 20)
Best move: (1, 2)
Best move: (1, 2)
Best move: (1, 2)
Try bruteforce due to multiple steps (7) to solve one gate
Trying to solve brute-force congestion at gate [20, 2] with {0: 13, 1: 17, 2: 18, 3: 7, 4: 20, 5: 0, 6: 16, 7: 6, 8: 5, 9: 4, 10: 8, 11: 9, 12: 12, 13: 10, 14: 1, 15: 2}
Trying to moving ion 2... to 0
Ion assignment after moving ion 2: {0: 13, 1: 17, 2: 18, 3: 7, 4: 20, 5: 1, 6: 16, 7: 6, 8: 5, 9: 4, 10: 8, 11: 9, 12: 12, 13: 10, 14: 2, 15: 0}
Gate position gate updated to [ 0 20]--------------c
Trying to moving ion 20... to 1
Ion assignment after moving ion 20: {0: 13, 1: 18, 2: 19, 3: 7, 4: 1, 5: 2, 6: 17, 7: 6, 8: 5, 9: 4, 10: 8, 11: 9, 12: 12, 13: 10, 14: 3, 15: 0}
Executing gate at point (10, 4).
Executing gate at point (11, 4).
Best move: (0, 1)
Best move: (1, 2)
Best move: (2, 3)
Best move: (3, 16)
Best move: (6, 7)
Best move: (6, 7)
Best move: (6, 7)
Try bruteforce due to multiple steps (7) to solve one gate
Trying to solve brute-force congestion at gate [6, 16] with {0: 13, 1: 18, 2: 19, 3: 6, 4: 0, 5: 1, 6: 17, 7: 7, 8: 5, 9: 4, 10: 8, 11: 9, 12: 12, 13: 10, 14: 2, 15: 16}
Trying to moving ion 6... to 4
Ion assignment after moving ion 6: {0: 13, 1: 18, 2: 19, 3: 4, 4: 0, 5: 1, 6: 17, 7: 7, 8: 6, 9: 5, 10: 8, 11: 9, 12: 12, 13: 10, 14: 2, 15: 16}
Clearing endpoint 7.........
Gate position gate updated to [ 4 16]--------------c
Trying to moving ion 16... to 5
Ion assignment after moving ion 16: {0: 13, 1: 15, 2: 19, 3: 4, 4: 0, 5: 1, 6: 20, 7: 18, 8: 7, 9: 6, 10: 8, 11: 9, 12: 12, 13: 10, 14: 2, 15: 5}
Executing gate at point (11, 3).
Best move: (9, 10)
Best move: (9, 10)
Best move: (9, 10)
Try bruteforce due to repeated pattern...
Trying to solve brute-force congestion at gate [20, 9] with {0: 13, 1: 15, 2: 19, 3: 4, 4: 0, 5: 1, 6: 20, 7: 18, 8: 7, 9: 6, 10: 8, 11: 10, 12: 12, 13: 9, 14: 2, 15: 5}
Trying to moving ion 9... to 8
Ion assignment after moving ion 9: {0: 13, 1: 15, 2: 19, 3: 4, 4: 0, 5: 1, 6: 20, 7: 18, 8: 7, 9: 6, 10: 9, 11: 10, 12: 12, 13: 8, 14: 2, 15: 5}
Gate position gate updated to [ 8 20]--------------c
Trying to moving ion 20... to 9
Ion assignment after moving ion 20: {0: 13, 1: 15, 2: 18, 3: 4, 4: 0, 5: 1, 6: 9, 7: 16, 8: 7, 9: 6, 10: 10, 11: 11, 12: 12, 13: 8, 14: 2, 15: 5}
Executing gate at point (10, 6).
Trying to solve brute-force congestion at gate [9, 12] with {0: 13, 1: 15, 2: 18, 3: 4, 4: 0, 5: 1, 6: 9, 7: 16, 8: 7, 9: 6, 10: 10, 11: 11, 12: 12, 13: 8, 14: 2, 15: 5}
Trying to moving ion 12... to 12
Ion assignment after moving ion 12: {0: 13, 1: 15, 2: 18, 3: 4, 4: 0, 5: 1, 6: 9, 7: 16, 8: 7, 9: 6, 10: 10, 11: 11, 12: 12, 13: 8, 14: 2, 15: 5}
Clearing endpoint 15.........
Gate position gate updated to [12  9]--------------c
Trying to moving ion 9... to 13
Ion assignment after moving ion 9: {0: 14, 1: 18, 2: 17, 3: 4, 4: 0, 5: 1, 6: 13, 7: 16, 8: 7, 9: 6, 10: 9, 11: 10, 12: 12, 13: 8, 14: 2, 15: 5}
Executing gate at point (11, 6).
Best move: (4, 5)
Best move: (5, 6)
Best move: (1, 2)
Best move: (6, 7)
Best move: (8, 9)
Best move: (13, 14)
Best move: (14, 15)
Try bruteforce due to multiple steps (7) to solve one gate
Trying to solve brute-force congestion at gate [15, 10] with {0: 13, 1: 18, 2: 17, 3: 7, 4: 0, 5: 2, 6: 15, 7: 16, 8: 6, 9: 5, 10: 8, 11: 10, 12: 12, 13: 9, 14: 1, 15: 4}
Trying to moving ion 10... to 8
Ion assignment after moving ion 10: {0: 13, 1: 18, 2: 17, 3: 7, 4: 0, 5: 2, 6: 15, 7: 16, 8: 6, 9: 5, 10: 9, 11: 8, 12: 12, 13: 10, 14: 1, 15: 4}
Gate position gate updated to [ 8 15]--------------c
Trying to moving ion 15... to 9
Ion assignment after moving ion 15: {0: 13, 1: 18, 2: 17, 3: 7, 4: 0, 5: 2, 6: 9, 7: 16, 8: 6, 9: 5, 10: 10, 11: 8, 12: 12, 13: 11, 14: 1, 15: 4}
Executing gate at point (12, 6).
Executing gate at point (13, 6).
Best move: (11, 19)
Best move: (5, 6)
Best move: (19, 20)
Best move: (9, 10)
Best move: (6, 7)
Best move: (6, 7)
Best move: (6, 7)
Try bruteforce due to multiple steps (7) to solve one gate
Trying to solve brute-force congestion at gate [10, 7] with {0: 13, 1: 18, 2: 17, 3: 6, 4: 0, 5: 2, 6: 10, 7: 16, 8: 5, 9: 7, 10: 9, 11: 8, 12: 12, 13: 20, 14: 1, 15: 4}
Trying to moving ion 10... to 8
Ion assignment after moving ion 10: {0: 13, 1: 18, 2: 17, 3: 6, 4: 0, 5: 2, 6: 8, 7: 16, 8: 5, 9: 7, 10: 10, 11: 9, 12: 12, 13: 20, 14: 1, 15: 4}
Gate position gate updated to [8 7]--------------c
Trying to moving ion 7... to 9
Ion assignment after moving ion 7: {0: 13, 1: 20, 2: 16, 3: 6, 4: 0, 5: 2, 6: 8, 7: 3, 8: 5, 9: 9, 10: 11, 11: 10, 12: 12, 13: 15, 14: 1, 15: 4}
Executing gate at point (14, 6).
Trying to solve brute-force congestion at gate [8, 5] with {0: 13, 1: 20, 2: 16, 3: 6, 4: 0, 5: 2, 6: 8, 7: 3, 8: 5, 9: 9, 10: 11, 11: 10, 12: 12, 13: 15, 14: 1, 15: 4}
Trying to moving ion 8... to 8
Ion assignment after moving ion 8: {0: 13, 1: 20, 2: 16, 3: 6, 4: 0, 5: 2, 6: 8, 7: 3, 8: 5, 9: 9, 10: 11, 11: 10, 12: 12, 13: 15, 14: 1, 15: 4}
Clearing endpoint 11.........
Gate position gate updated to [8 5]--------------c
Trying to moving ion 5... to 9
Ion assignment after moving ion 5: {0: 13, 1: 15, 2: 16, 3: 5, 4: 0, 5: 2, 6: 8, 7: 3, 8: 9, 9: 10, 10: 20, 11: 11, 12: 12, 13: 14, 14: 1, 15: 4}
Executing gate at point (15, 6).
Best move: (8, 9)
Best move: (9, 10)
Best move: (14, 15)
Best move: (10, 11)
Best move: (11, 19)
Best move: (18, 19)
Best move: (2, 3)
Try bruteforce due to multiple steps (7) to solve one gate
Trying to solve brute-force congestion at gate [18, 2] with {0: 13, 1: 14, 2: 16, 3: 5, 4: 0, 5: 3, 6: 18, 7: 2, 8: 8, 9: 9, 10: 20, 11: 10, 12: 12, 13: 15, 14: 1, 15: 4}
Trying to moving ion 2... to 0
Ion assignment after moving ion 2: {0: 13, 1: 14, 2: 16, 3: 5, 4: 1, 5: 3, 6: 18, 7: 0, 8: 8, 9: 9, 10: 20, 11: 10, 12: 12, 13: 15, 14: 2, 15: 4}
Clearing endpoint 3.........
Gate position gate updated to [ 0 18]--------------c
Trying to moving ion 18... to 1
Ion assignment after moving ion 18: {0: 13, 1: 14, 2: 7, 3: 5, 4: 2, 5: 17, 6: 1, 7: 0, 8: 8, 9: 9, 10: 20, 11: 10, 12: 12, 13: 15, 14: 3, 15: 4}
Executing gate at point (16, 6).
Trying to solve brute-force congestion at gate [5, 3] with {0: 13, 1: 14, 2: 7, 3: 5, 4: 2, 5: 17, 6: 1, 7: 0, 8: 8, 9: 9, 10: 20, 11: 10, 12: 12, 13: 15, 14: 3, 15: 4}
Trying to moving ion 5... to 4
Ion assignment after moving ion 5: {0: 13, 1: 14, 2: 7, 3: 4, 4: 2, 5: 17, 6: 1, 7: 0, 8: 8, 9: 9, 10: 20, 11: 10, 12: 12, 13: 15, 14: 3, 15: 5}
Clearing endpoint 7.........
Gate position gate updated to [4 3]--------------c
Trying to moving ion 3... to 5
Ion assignment after moving ion 3: {0: 13, 1: 14, 2: 7, 3: 4, 4: 2, 5: 18, 6: 1, 7: 0, 8: 8, 9: 9, 10: 20, 11: 10, 12: 12, 13: 15, 14: 5, 15: 6}
Executing gate at point (12, 3).
Executing gate at point (13, 2).
Trying to solve brute-force congestion at gate [18, 15] with {0: 13, 1: 14, 2: 7, 3: 4, 4: 2, 5: 18, 6: 1, 7: 0, 8: 8, 9: 9, 10: 20, 11: 10, 12: 12, 13: 15, 14: 5, 15: 6}
Trying to moving ion 15... to 12
Ion assignment after moving ion 15: {0: 14, 1: 15, 2: 7, 3: 4, 4: 2, 5: 18, 6: 1, 7: 0, 8: 8, 9: 9, 10: 20, 11: 10, 12: 13, 13: 12, 14: 5, 15: 6}
Clearing endpoint 15.........
Gate position gate updated to [12 18]--------------c
Trying to moving ion 18... to 13
Ion assignment after moving ion 18: {0: 15, 1: 19, 2: 7, 3: 4, 4: 2, 5: 13, 6: 1, 7: 0, 8: 8, 9: 9, 10: 11, 11: 10, 12: 14, 13: 12, 14: 5, 15: 6}
Executing gate at point (11, 5).
Executing gate at point (12, 5).
Trying to solve brute-force congestion at gate [2, 12] with {0: 15, 1: 19, 2: 7, 3: 4, 4: 2, 5: 13, 6: 1, 7: 0, 8: 8, 9: 9, 10: 11, 11: 10, 12: 14, 13: 12, 14: 5, 15: 6}
Trying to moving ion 12... to 12
Ion assignment after moving ion 12: {0: 15, 1: 19, 2: 7, 3: 4, 4: 2, 5: 13, 6: 1, 7: 0, 8: 8, 9: 9, 10: 11, 11: 10, 12: 14, 13: 12, 14: 5, 15: 6}
Clearing endpoint 15.........
Gate position gate updated to [12  2]--------------c
Trying to moving ion 2... to 13
Ion assignment after moving ion 2: {0: 19, 1: 18, 2: 7, 3: 4, 4: 13, 5: 14, 6: 1, 7: 0, 8: 8, 9: 9, 10: 11, 11: 10, 12: 15, 13: 12, 14: 5, 15: 6}
Executing gate at point (12, 4).
Executing gate at point (13, 4).
Best move: (12, 13)
Best move: (4, 5)
Best move: (5, 6)
Best move: (10, 11)
Best move: (14, 15)
Best move: (15, 20)
Best move: (6, 7)
Try bruteforce due to multiple steps (7) to solve one gate
Trying to solve brute-force congestion at gate [7, 13] with {0: 19, 1: 18, 2: 6, 3: 7, 4: 12, 5: 20, 6: 1, 7: 0, 8: 8, 9: 9, 10: 10, 11: 11, 12: 14, 13: 13, 14: 4, 15: 5}
Trying to moving ion 13... to 12
Ion assignment after moving ion 13: {0: 19, 1: 18, 2: 6, 3: 7, 4: 13, 5: 20, 6: 1, 7: 0, 8: 8, 9: 9, 10: 10, 11: 11, 12: 14, 13: 12, 14: 4, 15: 5}
Gate position gate updated to [12  7]--------------c
Trying to moving ion 7... to 13
Ion assignment after moving ion 7: {0: 18, 1: 16, 2: 6, 3: 13, 4: 14, 5: 19, 6: 1, 7: 0, 8: 8, 9: 9, 10: 10, 11: 11, 12: 15, 13: 12, 14: 4, 15: 5}
Executing gate at point (13, 3).
Executing gate at point (14, 3).
Best move: (12, 13)
Best move: (13, 14)
Best move: (14, 15)
Best move: (15, 20)
Best move: (5, 6)
Best move: (5, 6)
Best move: (5, 6)
Try bruteforce due to multiple steps (7) to solve one gate
Trying to solve brute-force congestion at gate [5, 20] with {0: 18, 1: 16, 2: 5, 3: 12, 4: 13, 5: 19, 6: 1, 7: 0, 8: 8, 9: 9, 10: 10, 11: 11, 12: 14, 13: 20, 14: 4, 15: 6}
Trying to moving ion 5... to 4
Ion assignment after moving ion 5: {0: 18, 1: 16, 2: 4, 3: 12, 4: 13, 5: 19, 6: 1, 7: 0, 8: 8, 9: 9, 10: 10, 11: 11, 12: 14, 13: 20, 14: 5, 15: 6}
Gate position gate updated to [ 4 20]--------------c
Trying to moving ion 20... to 5
Ion assignment after moving ion 20: {0: 16, 1: 3, 2: 4, 3: 12, 4: 13, 5: 19, 6: 1, 7: 0, 8: 8, 9: 9, 10: 10, 11: 11, 12: 14, 13: 5, 14: 6, 15: 7}
Executing gate at point (14, 2).
Trying to solve brute-force congestion at gate [3, 5] with {0: 16, 1: 3, 2: 4, 3: 12, 4: 13, 5: 19, 6: 1, 7: 0, 8: 8, 9: 9, 10: 10, 11: 11, 12: 14, 13: 5, 14: 6, 15: 7}
Trying to moving ion 5... to 4
Ion assignment after moving ion 5: {0: 16, 1: 3, 2: 5, 3: 12, 4: 13, 5: 19, 6: 1, 7: 0, 8: 8, 9: 9, 10: 10, 11: 11, 12: 14, 13: 4, 14: 6, 15: 7}
Clearing endpoint 7.........
Gate position gate updated to [4 3]--------------c
Trying to moving ion 3... to 5
Ion assignment after moving ion 3: {0: 20, 1: 5, 2: 6, 3: 12, 4: 13, 5: 19, 6: 1, 7: 0, 8: 8, 9: 9, 10: 10, 11: 11, 12: 14, 13: 4, 14: 7, 15: 18}
Executing gate at point (15, 1).
Best move: (6, 7)
Best move: (7, 17)
Best move: (13, 14)
Best move: (13, 14)
Best move: (10, 11)
Best move: (10, 11)
Best move: (10, 11)
Try bruteforce due to multiple steps (7) to solve one gate
Trying to solve brute-force congestion at gate [19, 10] with {0: 20, 1: 5, 2: 17, 3: 12, 4: 13, 5: 19, 6: 1, 7: 0, 8: 8, 9: 9, 10: 11, 11: 10, 12: 14, 13: 4, 14: 6, 15: 18}
Trying to moving ion 10... to 8
Ion assignment after moving ion 10: {0: 20, 1: 5, 2: 17, 3: 12, 4: 13, 5: 19, 6: 1, 7: 0, 8: 9, 9: 10, 10: 11, 11: 8, 12: 14, 13: 4, 14: 6, 15: 18}
Clearing endpoint 11.........
Gate position gate updated to [ 8 18]--------------c
Trying to moving ion 18... to 9
Ion assignment after moving ion 18: {0: 15, 1: 5, 2: 17, 3: 12, 4: 13, 5: 9, 6: 1, 7: 0, 8: 10, 9: 11, 10: 20, 11: 8, 12: 14, 13: 4, 14: 6, 15: 16}
Executing gate at point (13, 5).
Best move: (9, 10)
Best move: (10, 11)
Best move: (11, 19)
Best move: (18, 19)
Best move: (19, 20)
Best move: (19, 20)
Try bruteforce due to repeated pattern...
Trying to solve brute-force congestion at gate [18, 20] with {0: 15, 1: 5, 2: 17, 3: 12, 4: 13, 5: 18, 6: 1, 7: 0, 8: 9, 9: 10, 10: 20, 11: 8, 12: 14, 13: 4, 14: 6, 15: 16}
Trying to moving ion 18... to 8
Ion assignment after moving ion 18: {0: 15, 1: 5, 2: 17, 3: 12, 4: 13, 5: 8, 6: 1, 7: 0, 8: 10, 9: 11, 10: 20, 11: 9, 12: 14, 13: 4, 14: 6, 15: 16}
Clearing endpoint 11.........
Gate position gate updated to [ 8 20]--------------c
Trying to moving ion 20... to 9
Ion assignment after moving ion 20: {0: 15, 1: 5, 2: 17, 3: 12, 4: 13, 5: 8, 6: 1, 7: 0, 8: 11, 9: 18, 10: 9, 11: 10, 12: 14, 13: 4, 14: 6, 15: 16}
Executing gate at point (14, 5).
Best move: (18, 19)
Best move: (10, 11)
Best move: (14, 15)
Best move: (15, 20)
Best move: (18, 20)
Best move: (8, 9)
Best move: (9, 10)
Try bruteforce due to multiple steps (7) to solve one gate
Trying to solve brute-force congestion at gate [10, 19] with {0: 14, 1: 5, 2: 17, 3: 12, 4: 13, 5: 10, 6: 1, 7: 0, 8: 9, 9: 19, 10: 8, 11: 11, 12: 18, 13: 4, 14: 6, 15: 16}
Trying to moving ion 10... to 8
Ion assignment after moving ion 10: {0: 14, 1: 5, 2: 17, 3: 12, 4: 13, 5: 8, 6: 1, 7: 0, 8: 10, 9: 19, 10: 9, 11: 11, 12: 18, 13: 4, 14: 6, 15: 16}
Clearing endpoint 11.........
Gate position gate updated to [ 8 20]--------------c
Trying to moving ion 20... to 9
Ion assignment after moving ion 20: {0: 14, 1: 5, 2: 17, 3: 12, 4: 13, 5: 8, 6: 1, 7: 0, 8: 11, 9: 9, 10: 10, 11: 18, 12: 16, 13: 4, 14: 6, 15: 3}
Executing gate at point (15, 5).
Executing gate at point (16, 5).
Trying to solve brute-force congestion at gate [8, 0] with {0: 14, 1: 5, 2: 17, 3: 12, 4: 13, 5: 8, 6: 1, 7: 0, 8: 11, 9: 9, 10: 10, 11: 18, 12: 16, 13: 4, 14: 6, 15: 3}
Trying to moving ion 8... to 8
Ion assignment after moving ion 8: {0: 14, 1: 5, 2: 17, 3: 12, 4: 13, 5: 8, 6: 1, 7: 0, 8: 11, 9: 9, 10: 10, 11: 18, 12: 16, 13: 4, 14: 6, 15: 3}
Clearing endpoint 11.........
Gate position gate updated to [8 0]--------------c
Trying to moving ion 0... to 9
Ion assignment after moving ion 0: {0: 14, 1: 5, 2: 7, 3: 12, 4: 13, 5: 8, 6: 0, 7: 9, 8: 20, 9: 10, 10: 11, 11: 15, 12: 17, 13: 4, 14: 6, 15: 2}
Executing gate at point (17, 5).
Executing gate at point (14, 4).
Executing gate at point (15, 3).
Best move: (11, 19)
Best move: (13, 14)
Best move: (14, 15)
Best move: (8, 9)
Best move: (9, 10)
Best move: (18, 19)
Best move: (10, 11)
Try bruteforce due to multiple steps (7) to solve one gate
Trying to solve brute-force congestion at gate [15, 18] with {0: 13, 1: 5, 2: 7, 3: 12, 4: 15, 5: 11, 6: 0, 7: 8, 8: 20, 9: 9, 10: 18, 11: 14, 12: 17, 13: 4, 14: 6, 15: 2}
Trying to moving ion 15... to 12
Ion assignment after moving ion 15: {0: 14, 1: 5, 2: 7, 3: 13, 4: 12, 5: 11, 6: 0, 7: 8, 8: 20, 9: 9, 10: 18, 11: 15, 12: 17, 13: 4, 14: 6, 15: 2}
Clearing endpoint 15.........
Gate position gate updated to [12 18]--------------c
Trying to moving ion 18... to 13
Ion assignment after moving ion 18: {0: 15, 1: 5, 2: 7, 3: 14, 4: 12, 5: 10, 6: 0, 7: 8, 8: 11, 9: 9, 10: 13, 11: 19, 12: 17, 13: 4, 14: 6, 15: 2}
Executing gate at point (15, 4).
Executing gate at point (16, 3).
Best move: (12, 13)
Best move: (13, 14)
Best move: (14, 15)
Best move: (15, 20)
Best move: (10, 11)
Best move: (9, 10)
Best move: (18, 20)
Try bruteforce due to multiple steps (7) to solve one gate
Trying to solve brute-force congestion at gate [18, 10] with {0: 14, 1: 5, 2: 7, 3: 13, 4: 18, 5: 11, 6: 0, 7: 8, 8: 9, 9: 10, 10: 12, 11: 19, 12: 17, 13: 4, 14: 6, 15: 2}
Trying to moving ion 10... to 8
Ion assignment after moving ion 10: {0: 14, 1: 5, 2: 7, 3: 13, 4: 18, 5: 11, 6: 0, 7: 9, 8: 10, 9: 8, 10: 12, 11: 19, 12: 17, 13: 4, 14: 6, 15: 2}
Clearing endpoint 11.........
Gate position gate updated to [ 8 18]--------------c
Trying to moving ion 18... to 9
Ion assignment after moving ion 18: {0: 14, 1: 5, 2: 7, 3: 13, 4: 9, 5: 20, 6: 0, 7: 10, 8: 11, 9: 8, 10: 12, 11: 15, 12: 17, 13: 4, 14: 6, 15: 2}
Executing gate at point (16, 4).
Executing gate at point (17, 4).
Executing gate at point (18, 4).
Best move: (13, 14)
Best move: (8, 9)
Best move: (9, 10)
Best move: (10, 11)
Best move: (11, 19)
Best move: (18, 20)
Best move: (14, 15)
Try bruteforce due to multiple steps (7) to solve one gate
Trying to solve brute-force congestion at gate [18, 0] with {0: 13, 1: 5, 2: 7, 3: 15, 4: 8, 5: 18, 6: 0, 7: 9, 8: 10, 9: 19, 10: 12, 11: 14, 12: 17, 13: 4, 14: 6, 15: 2}
Trying to moving ion 0... to 0
Ion assignment after moving ion 0: {0: 13, 1: 5, 2: 7, 3: 15, 4: 8, 5: 18, 6: 0, 7: 9, 8: 10, 9: 19, 10: 12, 11: 14, 12: 17, 13: 4, 14: 6, 15: 2}
Gate position gate updated to [ 0 18]--------------c
Trying to moving ion 18... to 1
Ion assignment after moving ion 18: {0: 13, 1: 5, 2: 7, 3: 15, 4: 8, 5: 1, 6: 0, 7: 9, 8: 10, 9: 19, 10: 12, 11: 14, 12: 17, 13: 4, 14: 6, 15: 3}
Executing gate at point (18, 5).
Trying to solve brute-force congestion at gate [8, 0] with {0: 13, 1: 5, 2: 7, 3: 15, 4: 8, 5: 1, 6: 0, 7: 9, 8: 10, 9: 19, 10: 12, 11: 14, 12: 17, 13: 4, 14: 6, 15: 3}
Trying to moving ion 8... to 8
Ion assignment after moving ion 8: {0: 13, 1: 5, 2: 7, 3: 15, 4: 8, 5: 1, 6: 0, 7: 9, 8: 10, 9: 19, 10: 12, 11: 14, 12: 17, 13: 4, 14: 6, 15: 3}
Gate position gate updated to [8 0]--------------c
Trying to moving ion 0... to 9
Ion assignment after moving ion 0: {0: 13, 1: 5, 2: 7, 3: 15, 4: 8, 5: 0, 6: 9, 7: 10, 8: 11, 9: 20, 10: 12, 11: 14, 12: 17, 13: 4, 14: 6, 15: 2}
Executing gate at point (19, 4).
Best move: (8, 9)
Best move: (9, 10)
Best move: (10, 11)
Best move: (11, 19)
Best move: (18, 19)
Best move: (19, 20)
Best move: (15, 20)
Try bruteforce due to multiple steps (7) to solve one gate
Trying to solve brute-force congestion at gate [20, 19] with {0: 13, 1: 5, 2: 7, 3: 20, 4: 18, 5: 0, 6: 8, 7: 9, 8: 10, 9: 19, 10: 12, 11: 14, 12: 17, 13: 4, 14: 6, 15: 2}
Trying to moving ion 19... to 8
Ion assignment after moving ion 19: {0: 13, 1: 5, 2: 7, 3: 20, 4: 18, 5: 0, 6: 9, 7: 10, 8: 11, 9: 8, 10: 12, 11: 14, 12: 17, 13: 4, 14: 6, 15: 2}
Clearing endpoint 11.........
Gate position gate updated to [ 8 20]--------------c
Trying to moving ion 20... to 9
Ion assignment after moving ion 20: {0: 13, 1: 5, 2: 7, 3: 9, 4: 16, 5: 0, 6: 10, 7: 11, 8: 18, 9: 8, 10: 12, 11: 14, 12: 17, 13: 4, 14: 6, 15: 2}
Executing gate at point (17, 3).
Best move: (9, 10)
Best move: (10, 11)
Best move: (11, 19)
Best move: (19, 20)
Best move: (19, 20)
Best move: (19, 20)
Try bruteforce due to repeated pattern...
Trying to solve brute-force congestion at gate [20, 18] with {0: 13, 1: 5, 2: 7, 3: 20, 4: 16, 5: 0, 6: 9, 7: 10, 8: 18, 9: 8, 10: 12, 11: 14, 12: 17, 13: 4, 14: 6, 15: 2}
Trying to moving ion 20... to 12
Ion assignment after moving ion 20: {0: 14, 1: 5, 2: 7, 3: 12, 4: 16, 5: 0, 6: 9, 7: 10, 8: 18, 9: 8, 10: 13, 11: 15, 12: 17, 13: 4, 14: 6, 15: 2}
Clearing endpoint 15.........
Gate position gate updated to [12 18]--------------c
Trying to moving ion 18... to 13
Ion assignment after moving ion 18: {0: 15, 1: 5, 2: 7, 3: 12, 4: 16, 5: 0, 6: 9, 7: 10, 8: 13, 9: 8, 10: 14, 11: 19, 12: 17, 13: 4, 14: 6, 15: 2}
Executing gate at point (18, 3).
Best move: (12, 13)
Best move: (13, 14)
Best move: (14, 15)
Best move: (15, 20)
Best move: (18, 20)
Best move: (9, 10)
Best move: (9, 10)
Try bruteforce due to multiple steps (7) to solve one gate
Trying to solve brute-force congestion at gate [16, 0] with {0: 14, 1: 5, 2: 7, 3: 18, 4: 16, 5: 0, 6: 9, 7: 10, 8: 12, 9: 8, 10: 13, 11: 19, 12: 17, 13: 4, 14: 6, 15: 2}
Trying to moving ion 0... to 0
Ion assignment after moving ion 0: {0: 14, 1: 5, 2: 7, 3: 18, 4: 16, 5: 0, 6: 9, 7: 10, 8: 12, 9: 8, 10: 13, 11: 19, 12: 17, 13: 4, 14: 6, 15: 2}
Gate position gate updated to [ 0 16]--------------c
Trying to moving ion 16... to 1
Ion assignment after moving ion 16: {0: 14, 1: 5, 2: 7, 3: 18, 4: 1, 5: 0, 6: 9, 7: 10, 8: 12, 9: 8, 10: 13, 11: 19, 12: 17, 13: 4, 14: 6, 15: 3}
Executing gate at point (20, 4).
Best move: (18, 20)
Best move: (18, 20)
Best move: (18, 20)
Try bruteforce due to repeated pattern...
Trying to solve brute-force congestion at gate [20, 10] with {0: 14, 1: 5, 2: 7, 3: 20, 4: 1, 5: 0, 6: 9, 7: 10, 8: 12, 9: 8, 10: 13, 11: 19, 12: 17, 13: 4, 14: 6, 15: 3}
Trying to moving ion 10... to 8
Ion assignment after moving ion 10: {0: 14, 1: 5, 2: 7, 3: 20, 4: 1, 5: 0, 6: 10, 7: 8, 8: 12, 9: 9, 10: 13, 11: 19, 12: 17, 13: 4, 14: 6, 15: 3}
Gate position gate updated to [ 8 20]--------------c
Trying to moving ion 20... to 9
Ion assignment after moving ion 20: {0: 14, 1: 5, 2: 7, 3: 9, 4: 1, 5: 0, 6: 11, 7: 8, 8: 12, 9: 10, 10: 13, 11: 18, 12: 17, 13: 4, 14: 6, 15: 3}
Executing gate at point (19, 3).
Executing gate at point (20, 3).
Trying to solve brute-force congestion at gate [9, 0] with {0: 14, 1: 5, 2: 7, 3: 9, 4: 1, 5: 0, 6: 11, 7: 8, 8: 12, 9: 10, 10: 13, 11: 18, 12: 17, 13: 4, 14: 6, 15: 3}
Trying to moving ion 0... to 0
Ion assignment after moving ion 0: {0: 14, 1: 5, 2: 7, 3: 9, 4: 1, 5: 0, 6: 11, 7: 8, 8: 12, 9: 10, 10: 13, 11: 18, 12: 17, 13: 4, 14: 6, 15: 3}
Clearing endpoint 3.........
Gate position gate updated to [0 9]--------------c
Trying to moving ion 9... to 1
Ion assignment after moving ion 9: {0: 14, 1: 5, 2: 7, 3: 1, 4: 2, 5: 0, 6: 10, 7: 8, 8: 12, 9: 9, 10: 13, 11: 20, 12: 18, 13: 4, 14: 6, 15: 17}
Executing gate at point (21, 3).
Executing gate at point (22, 3).
Trying to solve brute-force congestion at gate [7, 18] with {0: 14, 1: 5, 2: 7, 3: 1, 4: 2, 5: 0, 6: 10, 7: 8, 8: 12, 9: 9, 10: 13, 11: 20, 12: 18, 13: 4, 14: 6, 15: 17}
Trying to moving ion 7... to 4
Ion assignment after moving ion 7: {0: 14, 1: 6, 2: 4, 3: 1, 4: 2, 5: 0, 6: 10, 7: 8, 8: 12, 9: 9, 10: 13, 11: 20, 12: 18, 13: 5, 14: 7, 15: 17}
Clearing endpoint 7.........
Gate position gate updated to [ 4 18]--------------c
Trying to moving ion 18... to 5
Ion assignment after moving ion 18: {0: 14, 1: 7, 2: 4, 3: 1, 4: 2, 5: 0, 6: 10, 7: 8, 8: 12, 9: 9, 10: 13, 11: 20, 12: 5, 13: 6, 14: 16, 15: 3}
Executing gate at point (15, 2).
Executing gate at point (16, 1).
Trying to solve brute-force congestion at gate [4, 20] with {0: 14, 1: 7, 2: 4, 3: 1, 4: 2, 5: 0, 6: 10, 7: 8, 8: 12, 9: 9, 10: 13, 11: 20, 12: 5, 13: 6, 14: 16, 15: 3}
Trying to moving ion 4... to 4
Ion assignment after moving ion 4: {0: 14, 1: 7, 2: 4, 3: 1, 4: 2, 5: 0, 6: 10, 7: 8, 8: 12, 9: 9, 10: 13, 11: 20, 12: 5, 13: 6, 14: 16, 15: 3}
Clearing endpoint 7.........
Gate position gate updated to [ 4 20]--------------c
Trying to moving ion 20... to 5
Ion assignment after moving ion 20: {0: 14, 1: 16, 2: 4, 3: 1, 4: 2, 5: 0, 6: 10, 7: 8, 8: 12, 9: 9, 10: 13, 11: 5, 12: 6, 13: 7, 14: 18, 15: 3}
Executing gate at point (16, 2).
Trying to solve brute-force congestion at gate [16, 5] with {0: 14, 1: 16, 2: 4, 3: 1, 4: 2, 5: 0, 6: 10, 7: 8, 8: 12, 9: 9, 10: 13, 11: 5, 12: 6, 13: 7, 14: 18, 15: 3}
Trying to moving ion 5... to 4
Ion assignment after moving ion 5: {0: 14, 1: 16, 2: 5, 3: 1, 4: 2, 5: 0, 6: 10, 7: 8, 8: 12, 9: 9, 10: 13, 11: 4, 12: 6, 13: 7, 14: 18, 15: 3}
Clearing endpoint 7.........
Gate position gate updated to [ 4 16]--------------c
Trying to moving ion 16... to 5
Ion assignment after moving ion 16: {0: 14, 1: 5, 2: 6, 3: 1, 4: 2, 5: 0, 6: 10, 7: 8, 8: 12, 9: 9, 10: 13, 11: 4, 12: 7, 13: 18, 14: 19, 15: 3}
Executing gate at point (17, 1).
Trying to solve brute-force congestion at gate [14, 7] with {0: 14, 1: 5, 2: 6, 3: 1, 4: 2, 5: 0, 6: 10, 7: 8, 8: 12, 9: 9, 10: 13, 11: 4, 12: 7, 13: 18, 14: 19, 15: 3}
Trying to moving ion 14... to 12
Ion assignment after moving ion 14: {0: 12, 1: 5, 2: 6, 3: 1, 4: 2, 5: 0, 6: 10, 7: 8, 8: 13, 9: 9, 10: 14, 11: 4, 12: 7, 13: 18, 14: 19, 15: 3}
Gate position gate updated to [12  7]--------------c
Trying to moving ion 7... to 13
Ion assignment after moving ion 7: {0: 12, 1: 5, 2: 6, 3: 1, 4: 2, 5: 0, 6: 10, 7: 8, 8: 14, 9: 9, 10: 15, 11: 4, 12: 13, 13: 16, 14: 19, 15: 3}
Executing gate at point (17, 0).
Trying to solve brute-force congestion at gate [12, 4] with {0: 12, 1: 5, 2: 6, 3: 1, 4: 2, 5: 0, 6: 10, 7: 8, 8: 14, 9: 9, 10: 15, 11: 4, 12: 13, 13: 16, 14: 19, 15: 3}
Trying to moving ion 4... to 4
Ion assignment after moving ion 4: {0: 12, 1: 5, 2: 6, 3: 1, 4: 2, 5: 0, 6: 10, 7: 8, 8: 14, 9: 9, 10: 15, 11: 4, 12: 13, 13: 16, 14: 19, 15: 3}
Gate position gate updated to [ 4 12]--------------c
Trying to moving ion 12... to 5
Ion assignment after moving ion 12: {0: 5, 1: 6, 2: 7, 3: 1, 4: 2, 5: 0, 6: 10, 7: 8, 8: 13, 9: 9, 10: 14, 11: 4, 12: 12, 13: 16, 14: 19, 15: 3}
Executing gate at point (18, 0).
Best move: (7, 17)
Best move: (17, 18)
Best move: (18, 20)
Best move: (15, 20)
Executing gate at point (17, 2).
Best move: (15, 20)
Best move: (6, 7)
Best move: (7, 17)
Best move: (17, 18)
Best move: (13, 14)
Best move: (13, 14)
Best move: (13, 14)
Try bruteforce due to multiple steps (7) to solve one gate
Trying to solve brute-force congestion at gate [18, 13] with {0: 5, 1: 18, 2: 20, 3: 1, 4: 2, 5: 0, 6: 10, 7: 8, 8: 14, 9: 9, 10: 13, 11: 4, 12: 12, 13: 16, 14: 19, 15: 3}
Trying to moving ion 13... to 12
Ion assignment after moving ion 13: {0: 5, 1: 18, 2: 20, 3: 1, 4: 2, 5: 0, 6: 10, 7: 8, 8: 14, 9: 9, 10: 12, 11: 4, 12: 13, 13: 16, 14: 19, 15: 3}
Gate position gate updated to [12 18]--------------c
Trying to moving ion 18... to 13
Ion assignment after moving ion 18: {0: 5, 1: 13, 2: 19, 3: 1, 4: 2, 5: 0, 6: 10, 7: 8, 8: 15, 9: 9, 10: 12, 11: 4, 12: 14, 13: 16, 14: 11, 15: 3}
Executing gate at point (18, 1).
Best move: (9, 10)
Best move: (10, 11)
Best move: (18, 19)
Best move: (11, 19)
Best move: (19, 20)
Best move: (18, 19)
Best move: (18, 20)
Try bruteforce due to multiple steps (7) to solve one gate
Trying to solve brute-force congestion at gate [19, 18] with {0: 5, 1: 13, 2: 19, 3: 1, 4: 2, 5: 0, 6: 9, 7: 8, 8: 15, 9: 18, 10: 12, 11: 4, 12: 14, 13: 16, 14: 10, 15: 3}
Trying to moving ion 19... to 8
Ion assignment after moving ion 19: {0: 5, 1: 13, 2: 8, 3: 1, 4: 2, 5: 0, 6: 10, 7: 9, 8: 15, 9: 18, 10: 12, 11: 4, 12: 14, 13: 16, 14: 11, 15: 3}
Clearing endpoint 11.........
Gate position gate updated to [ 8 18]--------------c
Trying to moving ion 18... to 9
Ion assignment after moving ion 18: {0: 5, 1: 13, 2: 8, 3: 1, 4: 2, 5: 0, 6: 11, 7: 10, 8: 15, 9: 9, 10: 12, 11: 4, 12: 14, 13: 16, 14: 20, 15: 3}
Executing gate at point (18, 2).
Best move: (13, 14)
Best move: (12, 13)
Best move: (9, 10)
Best move: (10, 11)
Best move: (11, 19)
Best move: (18, 19)
Best move: (17, 18)
Try bruteforce due to multiple steps (7) to solve one gate
Trying to solve brute-force congestion at gate [8, 15] with {0: 5, 1: 14, 2: 8, 3: 1, 4: 2, 5: 0, 6: 10, 7: 9, 8: 15, 9: 17, 10: 13, 11: 4, 12: 12, 13: 16, 14: 20, 15: 3}
Trying to moving ion 8... to 8
Ion assignment after moving ion 8: {0: 5, 1: 14, 2: 8, 3: 1, 4: 2, 5: 0, 6: 10, 7: 9, 8: 15, 9: 17, 10: 13, 11: 4, 12: 12, 13: 16, 14: 20, 15: 3}
Gate position gate updated to [ 8 15]--------------c
Trying to moving ion 15... to 9
Ion assignment after moving ion 15: {0: 5, 1: 14, 2: 8, 3: 1, 4: 2, 5: 0, 6: 11, 7: 10, 8: 9, 9: 17, 10: 13, 11: 4, 12: 12, 13: 16, 14: 18, 15: 3}
Executing gate at point (19, 2).
Executing gate at point (20, 2).
Executing gate at point (21, 2).
Best move: (0, 1)
Best move: (1, 2)
Best move: (2, 3)
Best move: (8, 9)
Best move: (9, 10)
Best move: (10, 11)
Best move: (11, 19)
Try bruteforce due to multiple steps (7) to solve one gate
Trying to solve brute-force congestion at gate [19, 3] with {0: 5, 1: 14, 2: 19, 3: 0, 4: 1, 5: 3, 6: 10, 7: 9, 8: 8, 9: 17, 10: 13, 11: 4, 12: 12, 13: 16, 14: 18, 15: 2}
Trying to moving ion 3... to 0
Ion assignment after moving ion 3: {0: 5, 1: 14, 2: 19, 3: 1, 4: 2, 5: 0, 6: 10, 7: 9, 8: 8, 9: 17, 10: 13, 11: 4, 12: 12, 13: 16, 14: 18, 15: 3}
Clearing endpoint 3.........
Gate position gate updated to [ 0 19]--------------c
Trying to moving ion 19... to 1
Ion assignment after moving ion 19: {0: 5, 1: 14, 2: 1, 3: 2, 4: 3, 5: 0, 6: 10, 7: 9, 8: 8, 9: 6, 10: 13, 11: 4, 12: 12, 13: 7, 14: 20, 15: 17}
Executing gate at point (22, 2).
Executing gate at point (23, 2).
Executing gate at point (24, 2).
Best move: (6, 7)
Best move: (5, 6)
Best move: (6, 7)
Best move: (6, 7)
Best move: (6, 7)
Best move: (13, 14)
Best move: (13, 14)
Try bruteforce due to multiple steps (7) to solve one gate
Trying to solve brute-force congestion at gate [7, 13] with {0: 7, 1: 14, 2: 1, 3: 2, 4: 3, 5: 0, 6: 10, 7: 9, 8: 8, 9: 6, 10: 13, 11: 4, 12: 12, 13: 5, 14: 20, 15: 17}
Trying to moving ion 13... to 12
Ion assignment after moving ion 13: {0: 7, 1: 14, 2: 1, 3: 2, 4: 3, 5: 0, 6: 10, 7: 9, 8: 8, 9: 6, 10: 12, 11: 4, 12: 13, 13: 5, 14: 20, 15: 17}
Gate position gate updated to [12  7]--------------c
Trying to moving ion 7... to 13
Ion assignment after moving ion 7: {0: 13, 1: 15, 2: 1, 3: 2, 4: 3, 5: 0, 6: 10, 7: 9, 8: 8, 9: 6, 10: 12, 11: 4, 12: 14, 13: 5, 14: 19, 15: 16}
Executing gate at point (19, 0).
Best move: (15, 20)
Best move: (18, 20)
Best move: (17, 18)
Best move: (7, 17)
Executing gate at point (19, 1).
Best move: (7, 17)
Best move: (6, 7)
Best move: (13, 14)
Best move: (14, 15)
Best move: (15, 20)
Best move: (18, 20)
Best move: (6, 7)
Try bruteforce due to multiple steps (7) to solve one gate
Trying to solve brute-force congestion at gate [18, 6] with {0: 18, 1: 17, 2: 1, 3: 2, 4: 3, 5: 0, 6: 10, 7: 9, 8: 8, 9: 6, 10: 12, 11: 4, 12: 13, 13: 5, 14: 19, 15: 16}
Trying to moving ion 6... to 4
Ion assignment after moving ion 6: {0: 18, 1: 17, 2: 1, 3: 2, 4: 3, 5: 0, 6: 10, 7: 9, 8: 8, 9: 4, 10: 12, 11: 5, 12: 13, 13: 6, 14: 19, 15: 16}
Gate position gate updated to [ 4 18]--------------c
Trying to moving ion 18... to 5
Ion assignment after moving ion 18: {0: 5, 1: 16, 2: 1, 3: 2, 4: 3, 5: 0, 6: 10, 7: 9, 8: 8, 9: 4, 10: 12, 11: 6, 12: 13, 13: 7, 14: 19, 15: 18}
Executing gate at point (20, 0).
Best move: (8, 9)
Best move: (9, 10)
Best move: (16, 17)
Best move: (16, 17)
Best move: (16, 17)
Try bruteforce due to repeated pattern...
Trying to solve brute-force congestion at gate [17, 10] with {0: 5, 1: 17, 2: 1, 3: 2, 4: 3, 5: 0, 6: 9, 7: 8, 8: 10, 9: 4, 10: 12, 11: 6, 12: 13, 13: 7, 14: 19, 15: 18}
Trying to moving ion 10... to 8
Ion assignment after moving ion 10: {0: 5, 1: 17, 2: 1, 3: 2, 4: 3, 5: 0, 6: 10, 7: 9, 8: 8, 9: 4, 10: 12, 11: 6, 12: 13, 13: 7, 14: 19, 15: 18}
Gate position gate updated to [ 8 17]--------------c
Trying to moving ion 17... to 9
Ion assignment after moving ion 17: {0: 5, 1: 9, 2: 1, 3: 2, 4: 3, 5: 0, 6: 11, 7: 10, 8: 8, 9: 4, 10: 12, 11: 6, 12: 13, 13: 7, 14: 20, 15: 15}
Executing gate at point (20, 1).
Executing gate at point (21, 1).
Executing gate at point (22, 1).
Trying to solve brute-force congestion at gate [9, 0] with {0: 5, 1: 9, 2: 1, 3: 2, 4: 3, 5: 0, 6: 11, 7: 10, 8: 8, 9: 4, 10: 12, 11: 6, 12: 13, 13: 7, 14: 20, 15: 15}
Trying to moving ion 0... to 0
Ion assignment after moving ion 0: {0: 5, 1: 9, 2: 1, 3: 2, 4: 3, 5: 0, 6: 11, 7: 10, 8: 8, 9: 4, 10: 12, 11: 6, 12: 13, 13: 7, 14: 20, 15: 15}
Clearing endpoint 3.........
Gate position gate updated to [0 9]--------------c
Trying to moving ion 9... to 1
Ion assignment after moving ion 9: {0: 5, 1: 1, 2: 2, 3: 3, 4: 17, 5: 0, 6: 10, 7: 9, 8: 8, 9: 4, 10: 12, 11: 6, 12: 13, 13: 7, 14: 20, 15: 15}
Executing gate at point (23, 1).
Trying to solve brute-force congestion at gate [5, 8] with {0: 5, 1: 1, 2: 2, 3: 3, 4: 17, 5: 0, 6: 10, 7: 9, 8: 8, 9: 4, 10: 12, 11: 6, 12: 13, 13: 7, 14: 20, 15: 15}
Trying to moving ion 8... to 8
Ion assignment after moving ion 8: {0: 5, 1: 1, 2: 2, 3: 3, 4: 17, 5: 0, 6: 10, 7: 9, 8: 8, 9: 4, 10: 12, 11: 6, 12: 13, 13: 7, 14: 20, 15: 15}
Gate position gate updated to [8 5]--------------c
Trying to moving ion 5... to 9
Ion assignment after moving ion 5: {0: 9, 1: 1, 2: 2, 3: 3, 4: 16, 5: 0, 6: 11, 7: 10, 8: 8, 9: 4, 10: 12, 11: 5, 12: 13, 13: 6, 14: 20, 15: 15}
Executing gate at point (21, 0).
Executing gate at point (22, 0).
Executing gate at point (23, 0).
Executing gate at point (23, 7).
Trying to solve brute-force congestion at gate [11, 4] with {0: 9, 1: 1, 2: 2, 3: 3, 4: 16, 5: 0, 6: 11, 7: 10, 8: 8, 9: 4, 10: 12, 11: 5, 12: 13, 13: 6, 14: 20, 15: 15}
Trying to moving ion 4... to 4
Ion assignment after moving ion 4: {0: 9, 1: 1, 2: 2, 3: 3, 4: 16, 5: 0, 6: 11, 7: 10, 8: 8, 9: 4, 10: 12, 11: 5, 12: 13, 13: 6, 14: 20, 15: 15}
Gate position gate updated to [ 4 11]--------------c
Trying to moving ion 11... to 5
Ion assignment after moving ion 11: {0: 9, 1: 1, 2: 2, 3: 3, 4: 16, 5: 0, 6: 5, 7: 10, 8: 8, 9: 4, 10: 12, 11: 6, 12: 13, 13: 7, 14: 20, 15: 15}
Executing gate at point (24, 6).
Trying to solve brute-force congestion at gate [1, 16] with {0: 9, 1: 1, 2: 2, 3: 3, 4: 16, 5: 0, 6: 5, 7: 10, 8: 8, 9: 4, 10: 12, 11: 6, 12: 13, 13: 7, 14: 20, 15: 15}
Trying to moving ion 1... to 0
Ion assignment after moving ion 1: {0: 9, 1: 0, 2: 2, 3: 3, 4: 16, 5: 1, 6: 5, 7: 10, 8: 8, 9: 4, 10: 12, 11: 6, 12: 13, 13: 7, 14: 20, 15: 15}
Clearing endpoint 3.........
Gate position gate updated to [ 0 18]--------------c
Trying to moving ion 18... to 1
Ion assignment after moving ion 18: {0: 9, 1: 0, 2: 3, 3: 17, 4: 1, 5: 2, 6: 5, 7: 10, 8: 8, 9: 4, 10: 12, 11: 6, 12: 13, 13: 7, 14: 20, 15: 15}
Executing gate at point (24, 1).
Trying to solve brute-force congestion at gate [0, 17] with {0: 9, 1: 0, 2: 3, 3: 17, 4: 1, 5: 2, 6: 5, 7: 10, 8: 8, 9: 4, 10: 12, 11: 6, 12: 13, 13: 7, 14: 20, 15: 15}
Trying to moving ion 0... to 0
Ion assignment after moving ion 0: {0: 9, 1: 0, 2: 3, 3: 17, 4: 1, 5: 2, 6: 5, 7: 10, 8: 8, 9: 4, 10: 12, 11: 6, 12: 13, 13: 7, 14: 20, 15: 15}
Clearing endpoint 3.........
Gate position gate updated to [ 0 17]--------------c
Trying to moving ion 17... to 1
Ion assignment after moving ion 17: {0: 9, 1: 0, 2: 18, 3: 1, 4: 2, 5: 3, 6: 5, 7: 10, 8: 8, 9: 4, 10: 12, 11: 6, 12: 13, 13: 7, 14: 20, 15: 15}
Executing gate at point (25, 1).
Best move: (3, 16)
Best move: (16, 17)
Best move: (16, 18)
Best move: (17, 18)
Best move: (18, 19)
Best move: (9, 10)
Best move: (0, 1)
Try bruteforce due to multiple steps (7) to solve one gate
Trying to solve brute-force congestion at gate [1, 16] with {0: 10, 1: 1, 2: 16, 3: 0, 4: 2, 5: 19, 6: 5, 7: 9, 8: 8, 9: 4, 10: 12, 11: 6, 12: 13, 13: 7, 14: 20, 15: 15}
Trying to moving ion 1... to 0
Ion assignment after moving ion 1: {0: 10, 1: 0, 2: 16, 3: 1, 4: 2, 5: 19, 6: 5, 7: 9, 8: 8, 9: 4, 10: 12, 11: 6, 12: 13, 13: 7, 14: 20, 15: 15}
Gate position gate updated to [ 0 16]--------------c
Trying to moving ion 16... to 1
Ion assignment after moving ion 16: {0: 10, 1: 0, 2: 1, 3: 2, 4: 3, 5: 19, 6: 5, 7: 9, 8: 8, 9: 4, 10: 12, 11: 6, 12: 13, 13: 7, 14: 20, 15: 15}
Executing gate at point (26, 1).
Trying to solve brute-force congestion at gate [10, 19] with {0: 10, 1: 0, 2: 1, 3: 2, 4: 3, 5: 19, 6: 5, 7: 9, 8: 8, 9: 4, 10: 12, 11: 6, 12: 13, 13: 7, 14: 20, 15: 15}
Trying to moving ion 10... to 8
Ion assignment after moving ion 10: {0: 8, 1: 0, 2: 1, 3: 2, 4: 3, 5: 19, 6: 5, 7: 10, 8: 9, 9: 4, 10: 12, 11: 6, 12: 13, 13: 7, 14: 20, 15: 15}
Gate position gate updated to [ 8 19]--------------c
Trying to moving ion 19... to 9
Ion assignment after moving ion 19: {0: 8, 1: 0, 2: 1, 3: 2, 4: 3, 5: 9, 6: 5, 7: 11, 8: 10, 9: 4, 10: 12, 11: 6, 12: 13, 13: 7, 14: 20, 15: 15}
Executing gate at point (24, 0).
Trying to solve brute-force congestion at gate [9, 12] with {0: 8, 1: 0, 2: 1, 3: 2, 4: 3, 5: 9, 6: 5, 7: 11, 8: 10, 9: 4, 10: 12, 11: 6, 12: 13, 13: 7, 14: 20, 15: 15}
Trying to moving ion 12... to 12
Ion assignment after moving ion 12: {0: 8, 1: 0, 2: 1, 3: 2, 4: 3, 5: 9, 6: 5, 7: 11, 8: 10, 9: 4, 10: 12, 11: 6, 12: 13, 13: 7, 14: 20, 15: 15}
Clearing endpoint 15.........
Gate position gate updated to [12  9]--------------c
Trying to moving ion 9... to 13
Ion assignment after moving ion 9: {0: 8, 1: 0, 2: 1, 3: 2, 4: 3, 5: 13, 6: 5, 7: 10, 8: 9, 9: 4, 10: 12, 11: 6, 12: 14, 13: 7, 14: 18, 15: 15}
Executing gate at point (25, 5).
Trying to solve brute-force congestion at gate [8, 3] with {0: 8, 1: 0, 2: 1, 3: 2, 4: 3, 5: 13, 6: 5, 7: 10, 8: 9, 9: 4, 10: 12, 11: 6, 12: 14, 13: 7, 14: 18, 15: 15}
Trying to moving ion 8... to 8
Ion assignment after moving ion 8: {0: 8, 1: 0, 2: 1, 3: 2, 4: 3, 5: 13, 6: 5, 7: 10, 8: 9, 9: 4, 10: 12, 11: 6, 12: 14, 13: 7, 14: 18, 15: 15}
Gate position gate updated to [8 3]--------------c
Trying to moving ion 3... to 9
Ion assignment after moving ion 3: {0: 8, 1: 0, 2: 1, 3: 2, 4: 9, 5: 13, 6: 5, 7: 11, 8: 10, 9: 4, 10: 12, 11: 6, 12: 14, 13: 7, 14: 17, 15: 15}
Executing gate at point (25, 0).
Trying to solve brute-force congestion at gate [9, 6] with {0: 8, 1: 0, 2: 1, 3: 2, 4: 9, 5: 13, 6: 5, 7: 11, 8: 10, 9: 4, 10: 12, 11: 6, 12: 14, 13: 7, 14: 17, 15: 15}
Trying to moving ion 9... to 8
Ion assignment after moving ion 9: {0: 9, 1: 0, 2: 1, 3: 2, 4: 8, 5: 13, 6: 5, 7: 11, 8: 10, 9: 4, 10: 12, 11: 6, 12: 14, 13: 7, 14: 17, 15: 15}
Clearing endpoint 11.........
Gate position gate updated to [8 6]--------------c
Trying to moving ion 6... to 9
Ion assignment after moving ion 6: {0: 10, 1: 0, 2: 1, 3: 2, 4: 8, 5: 13, 6: 5, 7: 20, 8: 11, 9: 4, 10: 12, 11: 9, 12: 14, 13: 6, 14: 16, 15: 15}
Executing gate at point (26, 4).
Trying to solve brute-force congestion at gate [10, 2] with {0: 10, 1: 0, 2: 1, 3: 2, 4: 8, 5: 13, 6: 5, 7: 20, 8: 11, 9: 4, 10: 12, 11: 9, 12: 14, 13: 6, 14: 16, 15: 15}
Trying to moving ion 2... to 0
Ion assignment after moving ion 2: {0: 10, 1: 1, 2: 2, 3: 0, 4: 8, 5: 13, 6: 5, 7: 20, 8: 11, 9: 4, 10: 12, 11: 9, 12: 14, 13: 6, 14: 16, 15: 15}
Gate position gate updated to [ 0 10]--------------c
Trying to moving ion 10... to 1
Ion assignment after moving ion 10: {0: 1, 1: 2, 2: 3, 3: 0, 4: 8, 5: 13, 6: 5, 7: 20, 8: 10, 9: 4, 10: 12, 11: 9, 12: 14, 13: 6, 14: 17, 15: 15}
Executing gate at point (26, 0).
Executing gate at point (27, 0).
Executing gate at point (28, 0).
Best move: (3, 16)
Best move: (16, 18)
Best move: (16, 17)
Best move: (17, 18)
Best move: (7, 17)
Executing gate at point (28, 2).
Best move: (1, 2)
Best move: (0, 1)
Best move: (0, 1)
Best move: (14, 15)
Best move: (0, 1)
Best move: (1, 2)
Best move: (1, 2)
Try bruteforce due to multiple steps (7) to solve one gate
Trying to solve brute-force congestion at gate [1, 15] with {0: 2, 1: 0, 2: 7, 3: 1, 4: 8, 5: 13, 6: 5, 7: 20, 8: 10, 9: 4, 10: 12, 11: 9, 12: 15, 13: 6, 14: 16, 15: 14}
Trying to moving ion 1... to 0
Ion assignment after moving ion 1: {0: 2, 1: 1, 2: 7, 3: 0, 4: 8, 5: 13, 6: 5, 7: 20, 8: 10, 9: 4, 10: 12, 11: 9, 12: 15, 13: 6, 14: 16, 15: 14}
Gate position gate updated to [ 0 15]--------------c
Trying to moving ion 15... to 1
Ion assignment after moving ion 15: {0: 3, 1: 2, 2: 7, 3: 0, 4: 8, 5: 13, 6: 5, 7: 19, 8: 10, 9: 4, 10: 12, 11: 9, 12: 1, 13: 6, 14: 17, 15: 14}
Executing gate at point (27, 3).
Best move: (3, 16)
Best move: (16, 18)
Best move: (18, 20)
Best move: (15, 20)
Executing gate at point (29, 0).
Best move: (16, 17)
Best move: (3, 16)
Executing gate at point (29, 1).
Trying to solve brute-force congestion at gate [19, 10] with {0: 15, 1: 2, 2: 7, 3: 0, 4: 8, 5: 13, 6: 5, 7: 19, 8: 10, 9: 4, 10: 12, 11: 9, 12: 1, 13: 6, 14: 3, 15: 14}
Trying to moving ion 10... to 8
Ion assignment after moving ion 10: {0: 15, 1: 2, 2: 7, 3: 0, 4: 9, 5: 13, 6: 5, 7: 19, 8: 8, 9: 4, 10: 12, 11: 10, 12: 1, 13: 6, 14: 3, 15: 14}
Gate position gate updated to [ 8 19]--------------c
Trying to moving ion 19... to 9
Ion assignment after moving ion 19: {0: 15, 1: 2, 2: 7, 3: 0, 4: 10, 5: 13, 6: 5, 7: 9, 8: 8, 9: 4, 10: 12, 11: 11, 12: 1, 13: 6, 14: 3, 15: 14}
Trying to solve brute-force congestion at gate [15, 2] with {0: 15, 1: 2, 2: 7, 3: 0, 4: 10, 5: 13, 6: 5, 7: 9, 8: 8, 9: 4, 10: 12, 11: 11, 12: 1, 13: 6, 14: 3, 15: 14}
Trying to moving ion 2... to 0
Ion assignment after moving ion 2: {0: 15, 1: 0, 2: 7, 3: 1, 4: 10, 5: 13, 6: 5, 7: 9, 8: 8, 9: 4, 10: 12, 11: 11, 12: 2, 13: 6, 14: 3, 15: 14}
Clearing endpoint 3.........
Gate position gate updated to [ 0 15]--------------c
Trying to moving ion 15... to 1
Ion assignment after moving ion 15: {0: 1, 1: 0, 2: 7, 3: 2, 4: 10, 5: 13, 6: 5, 7: 9, 8: 8, 9: 4, 10: 12, 11: 11, 12: 3, 13: 6, 14: 17, 15: 14}
Trying to solve brute-force congestion at gate [1, 7] with {0: 1, 1: 0, 2: 7, 3: 2, 4: 10, 5: 13, 6: 5, 7: 9, 8: 8, 9: 4, 10: 12, 11: 11, 12: 3, 13: 6, 14: 17, 15: 14}
Trying to moving ion 1... to 0
Ion assignment after moving ion 1: {0: 0, 1: 1, 2: 7, 3: 2, 4: 10, 5: 13, 6: 5, 7: 9, 8: 8, 9: 4, 10: 12, 11: 11, 12: 3, 13: 6, 14: 17, 15: 14}
Clearing endpoint 3.........
Gate position gate updated to [0 7]--------------c
Trying to moving ion 7... to 1
Ion assignment after moving ion 7: {0: 0, 1: 2, 2: 1, 3: 3, 4: 10, 5: 13, 6: 5, 7: 9, 8: 8, 9: 4, 10: 12, 11: 11, 12: 18, 13: 6, 14: 20, 15: 14}
Trying to solve brute-force congestion at gate [0, 10] with {0: 0, 1: 2, 2: 1, 3: 3, 4: 10, 5: 13, 6: 5, 7: 9, 8: 8, 9: 4, 10: 12, 11: 11, 12: 18, 13: 6, 14: 20, 15: 14}
Trying to moving ion 0... to 0
Ion assignment after moving ion 0: {0: 0, 1: 2, 2: 1, 3: 3, 4: 10, 5: 13, 6: 5, 7: 9, 8: 8, 9: 4, 10: 12, 11: 11, 12: 18, 13: 6, 14: 20, 15: 14}
Clearing endpoint 3.........
Gate position gate updated to [ 0 10]--------------c
Trying to moving ion 10... to 1
Ion assignment after moving ion 10: {0: 0, 1: 3, 2: 2, 3: 17, 4: 1, 5: 13, 6: 5, 7: 9, 8: 8, 9: 4, 10: 12, 11: 10, 12: 7, 13: 6, 14: 20, 15: 14}
Trying to solve brute-force congestion at gate [0, 13] with {0: 0, 1: 3, 2: 2, 3: 17, 4: 1, 5: 13, 6: 5, 7: 9, 8: 8, 9: 4, 10: 12, 11: 10, 12: 7, 13: 6, 14: 20, 15: 14}
Trying to moving ion 0... to 0
Ion assignment after moving ion 0: {0: 0, 1: 3, 2: 2, 3: 17, 4: 1, 5: 13, 6: 5, 7: 9, 8: 8, 9: 4, 10: 12, 11: 10, 12: 7, 13: 6, 14: 20, 15: 14}
Clearing endpoint 3.........
Gate position gate updated to [ 0 13]--------------c
Trying to moving ion 13... to 1
Ion assignment after moving ion 13: {0: 0, 1: 17, 2: 3, 3: 18, 4: 2, 5: 1, 6: 5, 7: 9, 8: 8, 9: 4, 10: 12, 11: 10, 12: 7, 13: 6, 14: 19, 15: 13}
Trying to solve brute-force congestion at gate [2, 7] with {0: 2, 1: 17, 2: 0, 3: 16, 4: 3, 5: 1, 6: 7, 7: 9, 8: 8, 9: 4, 10: 12, 11: 10, 12: 6, 13: 5, 14: 19, 15: 13}
Trying to moving ion 2... to 0
Ion assignment after moving ion 2: {0: 0, 1: 17, 2: 1, 3: 16, 4: 3, 5: 2, 6: 7, 7: 9, 8: 8, 9: 4, 10: 12, 11: 10, 12: 6, 13: 5, 14: 19, 15: 13}
Clearing endpoint 3.........
Gate position gate updated to [0 7]--------------c
Trying to moving ion 7... to 1
Ion assignment after moving ion 7: {0: 0, 1: 20, 2: 2, 3: 15, 4: 18, 5: 3, 6: 1, 7: 9, 8: 8, 9: 4, 10: 12, 11: 10, 12: 6, 13: 5, 14: 19, 15: 13}
Trying to solve brute-force congestion at gate [20, 3] with {0: 0, 1: 20, 2: 2, 3: 15, 4: 18, 5: 3, 6: 1, 7: 9, 8: 8, 9: 4, 10: 12, 11: 10, 12: 6, 13: 5, 14: 19, 15: 13}
Trying to moving ion 3... to 0
Ion assignment after moving ion 3: {0: 1, 1: 20, 2: 3, 3: 15, 4: 18, 5: 0, 6: 2, 7: 9, 8: 8, 9: 4, 10: 12, 11: 10, 12: 6, 13: 5, 14: 19, 15: 13}
Clearing endpoint 3.........
Gate position gate updated to [ 0 20]--------------c
Trying to moving ion 20... to 1
Ion assignment after moving ion 20: {0: 2, 1: 1, 2: 17, 3: 15, 4: 7, 5: 0, 6: 3, 7: 9, 8: 8, 9: 4, 10: 12, 11: 10, 12: 6, 13: 5, 14: 19, 15: 13}
Trying to solve brute-force congestion at gate [17, 0] with {0: 2, 1: 1, 2: 17, 3: 15, 4: 7, 5: 0, 6: 3, 7: 9, 8: 8, 9: 4, 10: 12, 11: 10, 12: 6, 13: 5, 14: 19, 15: 13}
Trying to moving ion 0... to 0
Ion assignment after moving ion 0: {0: 2, 1: 1, 2: 17, 3: 15, 4: 7, 5: 0, 6: 3, 7: 9, 8: 8, 9: 4, 10: 12, 11: 10, 12: 6, 13: 5, 14: 19, 15: 13}
Clearing endpoint 3.........
Gate position gate updated to [ 0 17]--------------c
Trying to moving ion 17... to 1
Ion assignment after moving ion 17: {0: 3, 1: 2, 2: 1, 3: 15, 4: 7, 5: 0, 6: 18, 7: 9, 8: 8, 9: 4, 10: 12, 11: 10, 12: 6, 13: 5, 14: 19, 15: 13}
Trying to solve brute-force congestion at gate [2, 18] with {0: 3, 1: 2, 2: 1, 3: 15, 4: 7, 5: 0, 6: 18, 7: 9, 8: 8, 9: 4, 10: 12, 11: 10, 12: 6, 13: 5, 14: 19, 15: 13}
Trying to moving ion 2... to 0
Ion assignment after moving ion 2: {0: 3, 1: 0, 2: 2, 3: 15, 4: 7, 5: 1, 6: 18, 7: 9, 8: 8, 9: 4, 10: 12, 11: 10, 12: 6, 13: 5, 14: 19, 15: 13}
Clearing endpoint 3.........
Gate position gate updated to [ 0 18]--------------c
Trying to moving ion 18... to 1
Ion assignment after moving ion 18: {0: 17, 1: 0, 2: 3, 3: 15, 4: 7, 5: 2, 6: 1, 7: 9, 8: 8, 9: 4, 10: 12, 11: 10, 12: 6, 13: 5, 14: 19, 15: 13}
Trying to solve brute-force congestion at gate [3, 1] with {0: 17, 1: 0, 2: 3, 3: 15, 4: 7, 5: 2, 6: 1, 7: 9, 8: 8, 9: 4, 10: 12, 11: 10, 12: 6, 13: 5, 14: 19, 15: 13}
Trying to moving ion 3... to 0
Ion assignment after moving ion 3: {0: 17, 1: 1, 2: 0, 3: 15, 4: 7, 5: 3, 6: 2, 7: 9, 8: 8, 9: 4, 10: 12, 11: 10, 12: 6, 13: 5, 14: 19, 15: 13}
Clearing endpoint 3.........
Gate position gate updated to [0 2]--------------c
Trying to moving ion 2... to 1
Ion assignment after moving ion 2: {0: 17, 1: 2, 2: 0, 3: 15, 4: 7, 5: 16, 6: 1, 7: 9, 8: 8, 9: 4, 10: 12, 11: 10, 12: 6, 13: 5, 14: 19, 15: 13}
Trying to solve brute-force congestion at gate [15, 7] with {0: 17, 1: 2, 2: 0, 3: 15, 4: 7, 5: 16, 6: 1, 7: 9, 8: 8, 9: 4, 10: 12, 11: 10, 12: 6, 13: 5, 14: 19, 15: 13}
Trying to moving ion 15... to 12
Ion assignment after moving ion 15: {0: 17, 1: 2, 2: 0, 3: 12, 4: 7, 5: 16, 6: 1, 7: 9, 8: 8, 9: 4, 10: 13, 11: 10, 12: 6, 13: 5, 14: 19, 15: 14}
Gate position gate updated to [12  7]--------------c
Trying to moving ion 7... to 13
Ion assignment after moving ion 7: {0: 16, 1: 2, 2: 0, 3: 12, 4: 13, 5: 3, 6: 1, 7: 9, 8: 8, 9: 4, 10: 14, 11: 10, 12: 6, 13: 5, 14: 19, 15: 15}
Trying to solve brute-force congestion at gate [12, 3] with {0: 16, 1: 2, 2: 0, 3: 12, 4: 13, 5: 3, 6: 1, 7: 9, 8: 8, 9: 4, 10: 14, 11: 10, 12: 6, 13: 5, 14: 19, 15: 15}
Trying to moving ion 12... to 12
Ion assignment after moving ion 12: {0: 16, 1: 2, 2: 0, 3: 12, 4: 13, 5: 3, 6: 1, 7: 9, 8: 8, 9: 4, 10: 14, 11: 10, 12: 6, 13: 5, 14: 19, 15: 15}
Clearing endpoint 15.........
Gate position gate updated to [12  3]--------------c
Trying to moving ion 3... to 13
Ion assignment after moving ion 3: {0: 17, 1: 2, 2: 0, 3: 12, 4: 14, 5: 13, 6: 1, 7: 9, 8: 8, 9: 4, 10: 15, 11: 10, 12: 6, 13: 5, 14: 11, 15: 19}Input filename:  QFT_wsq_16_compiled
Algorithm:  SHAPER
Trap type:  H
Trap capacity:  4
Num layout passes:  2
Gate type:  FM
Run index:  10
Creating a QCCD machine ...
QCCD physical machine:
### Traps ### 
Trap(id='trap_0', max_num_ions=4, initial_num_ions=0, executable=True, measureable=False)
Trap(id='trap_1', max_num_ions=4, initial_num_ions=0, executable=True, measureable=True)
Trap(id='trap_2', max_num_ions=4, initial_num_ions=0, executable=True, measureable=False)
Trap(id='trap_3', max_num_ions=4, initial_num_ions=0, executable=True, measureable=True)
### Junctions ### 
Junction(id='junction_0')
Junction(id='junction_1')
### Segments ### 
Segment(id='segment_0', left=Trap(id='trap_0', max_num_ions=4, initial_num_ions=0, executable=True, measureable=False), right=Junction(id='junction_0'))
Segment(id='segment_1', left=Trap(id='trap_1', max_num_ions=4, initial_num_ions=0, executable=True, measureable=True), right=Junction(id='junction_0'))
Segment(id='segment_2', left=Junction(id='junction_0'), right=Junction(id='junction_1'))
Segment(id='segment_3', left=Trap(id='trap_2', max_num_ions=4, initial_num_ions=0, executable=True, measureable=False), right=Junction(id='junction_1'))
Segment(id='segment_4', left=Trap(id='trap_3', max_num_ions=4, initial_num_ions=0, executable=True, measureable=True), right=Junction(id='junction_1'))
Finished creating the QCCD physical machine.
Position graph:  CouplingGraph({(7, 17), (18, 20), (12, 13), (3, 16), (8, 9), (17, 18), (13, 14), (15, 20), (18, 19), (4, 5), (5, 6), (14, 15), (0, 1), (9, 10), (1, 2), (10, 11), (11, 19), (19, 20), (6, 7), (16, 18), (2, 3), (16, 17)})
Initial ion assignment:  {0: 12, 1: 0, 2: 1, 3: 13, 4: 10, 5: 3, 6: 11, 7: 4, 8: 5, 9: 8, 10: 9, 11: 7, 12: 14, 13: 2, 14: 15, 15: 6}
Congestion rate:  0.5
Traceback (most recent call last):
  File "C:\Users\PC\Documents\GitHub\bqskit-shuttling\venv\Lib\site-packages\bqskit\compiler\compiler.py", line 439, in _send_recv
    return self._recv_handle_log_error()
           ^^^^^^^^^^^^^^^^^^^^^^^^^^^^^
  File "C:\Users\PC\Documents\GitHub\bqskit-shuttling\venv\Lib\site-packages\bqskit\compiler\compiler.py", line 467, in _recv_handle_log_error
    raise RuntimeError(payload)
RuntimeError: Traceback (most recent call last):
  File "C:\Users\PC\Documents\GitHub\bqskit-shuttling\venv\Lib\site-packages\bqskit\runtime\worker.py", line 462, in _try_step_next_ready_task
    future = task.step(self._get_desired_result(task))
             ^^^^^^^^^^^^^^^^^^^^^^^^^^^^^^^^^^^^^^^^^
  File "C:\Users\PC\Documents\GitHub\bqskit-shuttling\venv\Lib\site-packages\bqskit\runtime\task.py", line 115, in step
    to_return = self.coro.send(send_val)
                ^^^^^^^^^^^^^^^^^^^^^^^^
  File "C:\Users\PC\Documents\GitHub\bqskit-shuttling\venv\Lib\site-packages\bqskit\runtime\task.py", line 149, in run
    return await self.fnargs[0](*self.fnargs[1], **self.fnargs[2])
           ^^^^^^^^^^^^^^^^^^^^^^^^^^^^^^^^^^^^^^^^^^^^^^^^^^^^^^^
  File "C:\Users\PC\Documents\GitHub\bqskit-shuttling\venv\Lib\site-packages\bqskit\compiler\task.py", line 54, in run
    await self.workflow.run(self.circuit, self.data)
  File "C:\Users\PC\Documents\GitHub\bqskit-shuttling\venv\Lib\site-packages\bqskit\compiler\workflow.py", line 75, in run
    await pass_obj.run(circuit, data)
  File "C:\Users\PC\Documents\GitHub\bqskit-shuttling\bqskit\shuttling\qccd\mapping\layout\naive.py", line 79, in run
    self.backward_pass(circuit, pi, ion_assignment)
  File "C:\Users\PC\Documents\GitHub\bqskit-shuttling\bqskit\shuttling\qccd\QCCD_mapping.py", line 749, in backward_pass
    leading_moves += self._brute_force_congestion(circuit[list(F)[0]], D, pi, ion_assignment)
                     ^^^^^^^^^^^^^^^^^^^^^^^^^^^^^^^^^^^^^^^^^^^^^^^^^^^^^^^^^^^^^^^^^^^^^^^^
  File "C:\Users\PC\Documents\GitHub\bqskit-shuttling\bqskit\shuttling\qccd\QCCD_mapping.py", line 367, in _brute_force_congestion
    leading_moves += self._brute_force_move(
                     ^^^^^^^^^^^^^^^^^^^^^^^
  File "C:\Users\PC\Documents\GitHub\bqskit-shuttling\bqskit\shuttling\qccd\QCCD_mapping.py", line 480, in _brute_force_move
    leading_moves += self._resolve_congestion(ion_pos, path, blockage, ion_assignment, ion_pos, blockage)
                     ^^^^^^^^^^^^^^^^^^^^^^^^^^^^^^^^^^^^^^^^^^^^^^^^^^^^^^^^^^^^^^^^^^^^^^^^^^^^^^^^^^^^
  File "C:\Users\PC\Documents\GitHub\bqskit-shuttling\bqskit\shuttling\qccd\QCCD_mapping.py", line 620, in _resolve_congestion
    leading_moves += self._resolve_congestion(blockage, path, potential_blockage[choosen_idx],
                     ^^^^^^^^^^^^^^^^^^^^^^^^^^^^^^^^^^^^^^^^^^^^^^^^^^^^^^^^^^^^^^^^^^^^^^^^^
  File "C:\Users\PC\Documents\GitHub\bqskit-shuttling\bqskit\shuttling\qccd\QCCD_mapping.py", line 597, in _resolve_congestion
    leading_moves += self._resolve_congestion(blockage, [], target, ion_assignment,
                     ^^^^^^^^^^^^^^^^^^^^^^^^^^^^^^^^^^^^^^^^^^^^^^^^^^^^^^^^^^^^^^
  File "C:\Users\PC\Documents\GitHub\bqskit-shuttling\bqskit\shuttling\qccd\QCCD_mapping.py", line 597, in _resolve_congestion
    leading_moves += self._resolve_congestion(blockage, [], target, ion_assignment,
                     ^^^^^^^^^^^^^^^^^^^^^^^^^^^^^^^^^^^^^^^^^^^^^^^^^^^^^^^^^^^^^^
  File "C:\Users\PC\Documents\GitHub\bqskit-shuttling\bqskit\shuttling\qccd\QCCD_mapping.py", line 597, in _resolve_congestion
    leading_moves += self._resolve_congestion(blockage, [], target, ion_assignment,
                     ^^^^^^^^^^^^^^^^^^^^^^^^^^^^^^^^^^^^^^^^^^^^^^^^^^^^^^^^^^^^^^
  [Previous line repeated 97 more times]
  File "C:\Users\PC\Documents\GitHub\bqskit-shuttling\bqskit\shuttling\qccd\QCCD_mapping.py", line 506, in _resolve_congestion
    raise ValueError("Too many repetitive call...")
ValueError: Too many repetitive call...


The above exception was the direct cause of the following exception:

Traceback (most recent call last):
  File "C:\Users\PC\Documents\GitHub\bqskit-shuttling\bqskit\shuttling\qccd\run.py", line 140, in <module>
    output_circuit, data = compiler.compile(target_unitary, workflow, request_data=True)
                           ^^^^^^^^^^^^^^^^^^^^^^^^^^^^^^^^^^^^^^^^^^^^^^^^^^^^^^^^^^^^^
  File "C:\Users\PC\Documents\GitHub\bqskit-shuttling\venv\Lib\site-packages\bqskit\compiler\compiler.py", line 397, in compile
    result = self.result(task_id)
             ^^^^^^^^^^^^^^^^^^^^
  File "C:\Users\PC\Documents\GitHub\bqskit-shuttling\venv\Lib\site-packages\bqskit\compiler\compiler.py", line 332, in result
    msg, payload = self._send_recv(RuntimeMessage.REQUEST, task_id)
                   ^^^^^^^^^^^^^^^^^^^^^^^^^^^^^^^^^^^^^^^^^^^^^^^^
  File "C:\Users\PC\Documents\GitHub\bqskit-shuttling\venv\Lib\site-packages\bqskit\compiler\compiler.py", line 444, in _send_recv
    raise RuntimeError('Server connection unexpectedly closed.') from e
RuntimeError: Server connection unexpectedly closed.
