Input filename:  QAOA_16_compiled
Algorithm:  SHAW
Trap type:  H
Trap capacity:  4
Num layout passes:  2
Gate type:  FM
Run index:  4
Creating a QCCD machine ...
QCCD physical machine:
### Traps ### 
Trap(id='trap_0', max_num_ions=4, initial_num_ions=0, executable=True, measureable=False)
Trap(id='trap_1', max_num_ions=4, initial_num_ions=0, executable=True, measureable=True)
Trap(id='trap_2', max_num_ions=4, initial_num_ions=0, executable=True, measureable=False)
Trap(id='trap_3', max_num_ions=4, initial_num_ions=0, executable=True, measureable=True)
### Junctions ### 
Junction(id='junction_0')
Junction(id='junction_1')
### Segments ### 
Segment(id='segment_0', left=Trap(id='trap_0', max_num_ions=4, initial_num_ions=0, executable=True, measureable=False), right=Junction(id='junction_0'))
Segment(id='segment_1', left=Trap(id='trap_1', max_num_ions=4, initial_num_ions=0, executable=True, measureable=True), right=Junction(id='junction_0'))
Segment(id='segment_2', left=Junction(id='junction_0'), right=Junction(id='junction_1'))
Segment(id='segment_3', left=Trap(id='trap_2', max_num_ions=4, initial_num_ions=0, executable=True, measureable=False), right=Junction(id='junction_1'))
Segment(id='segment_4', left=Trap(id='trap_3', max_num_ions=4, initial_num_ions=0, executable=True, measureable=True), right=Junction(id='junction_1'))
Finished creating the QCCD physical machine.
Position graph:  CouplingGraph({(7, 17), (18, 20), (12, 13), (3, 16), (8, 9), (17, 18), (13, 14), (15, 20), (18, 19), (4, 5), (5, 6), (14, 15), (0, 1), (9, 10), (1, 2), (10, 11), (11, 19), (19, 20), (6, 7), (16, 18), (2, 3), (16, 17)})
Initial ion assignment:  {0: 0, 1: 15, 2: 10, 3: 1, 4: 9, 5: 2, 6: 4, 7: 7, 8: 5, 9: 13, 10: 8, 11: 14, 12: 3, 13: 12, 14: 11, 15: 6}
Congestion rate:  0.5
Scheduling QCCD: 33074.99999999997 us, costing 7.735774383880198 s to compile
