Executing gate at point (0, 0).
Executing gate at point (0, 3).
Executing gate at point (0, 6).
Trying to solve brute-force congestion at gate [14, 10] with {0: 9, 1: 14, 2: 0, 3: 2, 4: 7, 5: 4, 6: 5, 7: 10, 8: 6, 9: 8, 10: 11, 11: 12, 12: 13, 13: 3, 14: 15, 15: 1}
Trying to moving ion 10... to 8
Ion assignment after moving ion 10: {0: 10, 1: 14, 2: 0, 3: 2, 4: 7, 5: 4, 6: 5, 7: 8, 8: 6, 9: 9, 10: 11, 11: 12, 12: 13, 13: 3, 14: 15, 15: 1}
Clearing endpoint 11.........
Gate position gate updated to [ 8 14]--------------c
Trying to moving ion 14... to 9
Ion assignment after moving ion 14: {0: 11, 1: 9, 2: 0, 3: 2, 4: 7, 5: 4, 6: 5, 7: 8, 8: 6, 9: 10, 10: 18, 11: 12, 12: 13, 13: 3, 14: 14, 15: 1}
Executing gate at point (0, 1).
Trying to solve brute-force congestion at gate [13, 3] with {0: 11, 1: 9, 2: 0, 3: 2, 4: 7, 5: 4, 6: 5, 7: 8, 8: 6, 9: 10, 10: 18, 11: 12, 12: 13, 13: 3, 14: 14, 15: 1}
Trying to moving ion 13... to 12
Ion assignment after moving ion 13: {0: 11, 1: 9, 2: 0, 3: 2, 4: 7, 5: 4, 6: 5, 7: 8, 8: 6, 9: 10, 10: 18, 11: 13, 12: 12, 13: 3, 14: 14, 15: 1}
Gate position gate updated to [12  3]--------------c
Trying to moving ion 3... to 13
Ion assignment after moving ion 3: {0: 11, 1: 9, 2: 0, 3: 2, 4: 7, 5: 4, 6: 5, 7: 8, 8: 6, 9: 10, 10: 19, 11: 14, 12: 12, 13: 13, 14: 15, 15: 1}
Executing gate at point (0, 12).
Trying to solve brute-force congestion at gate [0, 15] with {0: 11, 1: 9, 2: 0, 3: 2, 4: 7, 5: 4, 6: 5, 7: 8, 8: 6, 9: 10, 10: 19, 11: 14, 12: 12, 13: 13, 14: 15, 15: 1}
Trying to moving ion 0... to 0
Ion assignment after moving ion 0: {0: 11, 1: 9, 2: 0, 3: 2, 4: 7, 5: 4, 6: 5, 7: 8, 8: 6, 9: 10, 10: 19, 11: 14, 12: 12, 13: 13, 14: 15, 15: 1}
Gate position gate updated to [ 0 15]--------------c
Trying to moving ion 15... to 1
Ion assignment after moving ion 15: {0: 11, 1: 9, 2: 0, 3: 3, 4: 7, 5: 4, 6: 5, 7: 8, 8: 6, 9: 10, 10: 19, 11: 14, 12: 12, 13: 13, 14: 1, 15: 2}
Executing gate at point (0, 2).
Trying to solve brute-force congestion at gate [0, 5] with {0: 11, 1: 9, 2: 0, 3: 3, 4: 7, 5: 4, 6: 5, 7: 8, 8: 6, 9: 10, 10: 19, 11: 14, 12: 12, 13: 13, 14: 1, 15: 2}
Trying to moving ion 0... to 0
Ion assignment after moving ion 0: {0: 11, 1: 9, 2: 0, 3: 3, 4: 7, 5: 4, 6: 5, 7: 8, 8: 6, 9: 10, 10: 19, 11: 14, 12: 12, 13: 13, 14: 1, 15: 2}
Clearing endpoint 3.........
Gate position gate updated to [0 5]--------------c
Trying to moving ion 5... to 1
Ion assignment after moving ion 5: {0: 11, 1: 9, 2: 0, 3: 18, 4: 6, 5: 4, 6: 1, 7: 8, 8: 5, 9: 10, 10: 19, 11: 14, 12: 12, 13: 13, 14: 2, 15: 3}
Executing gate at point (1, 2).
Trying to solve brute-force congestion at gate [6, 19] with {0: 11, 1: 9, 2: 0, 3: 18, 4: 6, 5: 4, 6: 1, 7: 8, 8: 5, 9: 10, 10: 19, 11: 14, 12: 12, 13: 13, 14: 2, 15: 3}
Trying to moving ion 6... to 4
Ion assignment after moving ion 6: {0: 11, 1: 9, 2: 0, 3: 18, 4: 4, 5: 5, 6: 1, 7: 8, 8: 6, 9: 10, 10: 19, 11: 14, 12: 12, 13: 13, 14: 2, 15: 3}
Gate position gate updated to [ 4 19]--------------c
Trying to moving ion 19... to 5
Ion assignment after moving ion 19: {0: 11, 1: 9, 2: 0, 3: 16, 4: 4, 5: 6, 6: 1, 7: 8, 8: 7, 9: 10, 10: 5, 11: 14, 12: 12, 13: 13, 14: 2, 15: 3}
Executing gate at point (0, 4).
Trying to solve brute-force congestion at gate [9, 7] with {0: 11, 1: 9, 2: 0, 3: 16, 4: 4, 5: 6, 6: 1, 7: 8, 8: 7, 9: 10, 10: 5, 11: 14, 12: 12, 13: 13, 14: 2, 15: 3}
Trying to moving ion 9... to 8
Ion assignment after moving ion 9: {0: 11, 1: 8, 2: 0, 3: 16, 4: 4, 5: 6, 6: 1, 7: 9, 8: 7, 9: 10, 10: 5, 11: 14, 12: 12, 13: 13, 14: 2, 15: 3}
Clearing endpoint 11.........
Gate position gate updated to [8 7]--------------c
Trying to moving ion 7... to 9
Ion assignment after moving ion 7: {0: 20, 1: 8, 2: 0, 3: 16, 4: 4, 5: 6, 6: 1, 7: 10, 8: 9, 9: 11, 10: 5, 11: 14, 12: 12, 13: 13, 14: 2, 15: 3}
Executing gate at point (1, 1).
Trying to solve brute-force congestion at gate [6, 14] with {0: 20, 1: 8, 2: 0, 3: 16, 4: 4, 5: 6, 6: 1, 7: 10, 8: 9, 9: 11, 10: 5, 11: 14, 12: 12, 13: 13, 14: 2, 15: 3}
Trying to moving ion 6... to 4
Ion assignment after moving ion 6: {0: 20, 1: 8, 2: 0, 3: 16, 4: 5, 5: 4, 6: 1, 7: 10, 8: 9, 9: 11, 10: 6, 11: 14, 12: 12, 13: 13, 14: 2, 15: 3}
Gate position gate updated to [ 4 14]--------------c
Trying to moving ion 14... to 5
Ion assignment after moving ion 14: {0: 19, 1: 8, 2: 0, 3: 16, 4: 6, 5: 4, 6: 1, 7: 10, 8: 9, 9: 11, 10: 7, 11: 5, 12: 12, 13: 13, 14: 2, 15: 3}
Executing gate at point (0, 5).
Best move: (7, 17)
Best move: (17, 18)
Best move: (16, 17)
Best move: (3, 16)
Best move: (18, 20)
Best move: (18, 19)
Best move: (11, 19)
Try bruteforce due to multiple steps (7) to solve one gate
Trying to solve brute-force congestion at gate [4, 10] with {0: 18, 1: 8, 2: 0, 3: 17, 4: 6, 5: 4, 6: 1, 7: 10, 8: 9, 9: 19, 10: 20, 11: 5, 12: 12, 13: 13, 14: 2, 15: 16}
Trying to moving ion 4... to 4
Ion assignment after moving ion 4: {0: 18, 1: 8, 2: 0, 3: 17, 4: 6, 5: 4, 6: 1, 7: 10, 8: 9, 9: 19, 10: 20, 11: 5, 12: 12, 13: 13, 14: 2, 15: 16}
Gate position gate updated to [ 4 10]--------------c
Trying to moving ion 10... to 5
Ion assignment after moving ion 10: {0: 20, 1: 8, 2: 0, 3: 16, 4: 7, 5: 4, 6: 1, 7: 5, 8: 9, 9: 15, 10: 14, 11: 6, 12: 12, 13: 13, 14: 2, 15: 3}
Executing gate at point (1, 5).
Executing gate at point (1, 9).
Best move: (7, 17)
Best move: (5, 6)
Best move: (14, 15)
Best move: (13, 14)
Best move: (8, 9)
Best move: (14, 15)
Best move: (14, 15)
Try bruteforce due to multiple steps (7) to solve one gate
Trying to solve brute-force congestion at gate [20, 2] with {0: 20, 1: 9, 2: 0, 3: 16, 4: 17, 5: 4, 6: 1, 7: 6, 8: 8, 9: 13, 10: 15, 11: 5, 12: 12, 13: 14, 14: 2, 15: 3}
Trying to moving ion 2... to 0
Ion assignment after moving ion 2: {0: 20, 1: 9, 2: 1, 3: 16, 4: 17, 5: 4, 6: 2, 7: 6, 8: 8, 9: 13, 10: 15, 11: 5, 12: 12, 13: 14, 14: 0, 15: 3}
Clearing endpoint 3.........
Gate position gate updated to [ 0 20]--------------c
Trying to moving ion 20... to 1
Ion assignment after moving ion 20: {0: 1, 1: 9, 2: 2, 3: 19, 4: 7, 5: 4, 6: 3, 7: 6, 8: 8, 9: 13, 10: 15, 11: 5, 12: 12, 13: 14, 14: 0, 15: 17}
Executing gate at point (1, 0).
Best move: (5, 6)
Best move: (6, 7)
Best move: (17, 18)
Best move: (7, 17)
Best move: (18, 20)
Best move: (17, 18)
Best move: (17, 18)
Try bruteforce due to multiple steps (7) to solve one gate
Trying to solve brute-force congestion at gate [17, 20] with {0: 1, 1: 9, 2: 2, 3: 19, 4: 6, 5: 4, 6: 3, 7: 5, 8: 8, 9: 13, 10: 15, 11: 17, 12: 12, 13: 14, 14: 0, 15: 20}
Trying to moving ion 17... to 4
Ion assignment after moving ion 17: {0: 1, 1: 9, 2: 2, 3: 19, 4: 7, 5: 5, 6: 3, 7: 6, 8: 8, 9: 13, 10: 15, 11: 4, 12: 12, 13: 14, 14: 0, 15: 20}
Clearing endpoint 7.........
Gate position gate updated to [ 4 20]--------------c
Trying to moving ion 20... to 5
Ion assignment after moving ion 20: {0: 1, 1: 9, 2: 2, 3: 19, 4: 16, 5: 6, 6: 3, 7: 7, 8: 8, 9: 13, 10: 15, 11: 4, 12: 12, 13: 14, 14: 0, 15: 5}
Executing gate at point (1, 11).
Best move: (7, 17)
Best move: (17, 18)
Best move: (9, 10)
Best move: (18, 20)
Best move: (18, 20)
Best move: (18, 20)
Try bruteforce due to repeated pattern...
Trying to solve brute-force congestion at gate [10, 20] with {0: 1, 1: 10, 2: 2, 3: 19, 4: 16, 5: 6, 6: 3, 7: 20, 8: 8, 9: 13, 10: 15, 11: 4, 12: 12, 13: 14, 14: 0, 15: 5}
Trying to moving ion 10... to 8
Ion assignment after moving ion 10: {0: 1, 1: 8, 2: 2, 3: 19, 4: 16, 5: 6, 6: 3, 7: 20, 8: 9, 9: 13, 10: 15, 11: 4, 12: 12, 13: 14, 14: 0, 15: 5}
Gate position gate updated to [ 8 20]--------------c
Trying to moving ion 20... to 9
Ion assignment after moving ion 20: {0: 1, 1: 8, 2: 2, 3: 18, 4: 16, 5: 6, 6: 3, 7: 9, 8: 10, 9: 13, 10: 15, 11: 4, 12: 12, 13: 14, 14: 0, 15: 5}
Executing gate at point (2, 1).
Trying to solve brute-force congestion at gate [1, 12] with {0: 1, 1: 8, 2: 2, 3: 18, 4: 16, 5: 6, 6: 3, 7: 9, 8: 10, 9: 13, 10: 15, 11: 4, 12: 12, 13: 14, 14: 0, 15: 5}
Trying to moving ion 12... to 12
Ion assignment after moving ion 12: {0: 1, 1: 8, 2: 2, 3: 18, 4: 16, 5: 6, 6: 3, 7: 9, 8: 10, 9: 13, 10: 15, 11: 4, 12: 12, 13: 14, 14: 0, 15: 5}
Clearing endpoint 15.........
Gate position gate updated to [12  1]--------------c
Trying to moving ion 1... to 13
Ion assignment after moving ion 1: {0: 13, 1: 8, 2: 1, 3: 11, 4: 17, 5: 6, 6: 2, 7: 9, 8: 10, 9: 14, 10: 19, 11: 4, 12: 12, 13: 15, 14: 0, 15: 5}
Executing gate at point (2, 0).
Trying to solve brute-force congestion at gate [14, 5] with {0: 13, 1: 8, 2: 1, 3: 11, 4: 17, 5: 6, 6: 2, 7: 9, 8: 10, 9: 14, 10: 19, 11: 4, 12: 12, 13: 15, 14: 0, 15: 5}
Trying to moving ion 5... to 4
Ion assignment after moving ion 5: {0: 13, 1: 8, 2: 1, 3: 11, 4: 17, 5: 6, 6: 2, 7: 9, 8: 10, 9: 14, 10: 19, 11: 5, 12: 12, 13: 15, 14: 0, 15: 4}
Gate position gate updated to [ 4 14]--------------c
Trying to moving ion 14... to 5
Ion assignment after moving ion 14: {0: 13, 1: 8, 2: 1, 3: 11, 4: 16, 5: 7, 6: 2, 7: 9, 8: 10, 9: 5, 10: 19, 11: 6, 12: 12, 13: 14, 14: 0, 15: 4}
Executing gate at point (2, 9).
Trying to solve brute-force congestion at gate [2, 19] with {0: 13, 1: 8, 2: 1, 3: 11, 4: 16, 5: 7, 6: 2, 7: 9, 8: 10, 9: 5, 10: 19, 11: 6, 12: 12, 13: 14, 14: 0, 15: 4}
Trying to moving ion 2... to 0
Ion assignment after moving ion 2: {0: 13, 1: 8, 2: 2, 3: 11, 4: 16, 5: 7, 6: 0, 7: 9, 8: 10, 9: 5, 10: 19, 11: 6, 12: 12, 13: 14, 14: 1, 15: 4}
Gate position gate updated to [ 0 19]--------------c
Trying to moving ion 19... to 1
Ion assignment after moving ion 19: {0: 13, 1: 8, 2: 3, 3: 11, 4: 17, 5: 7, 6: 0, 7: 9, 8: 10, 9: 5, 10: 1, 11: 6, 12: 12, 13: 14, 14: 2, 15: 4}
Executing gate at point (2, 6).
Trying to solve brute-force congestion at gate [11, 17] with {0: 13, 1: 8, 2: 3, 3: 11, 4: 17, 5: 7, 6: 0, 7: 9, 8: 10, 9: 5, 10: 1, 11: 6, 12: 12, 13: 14, 14: 2, 15: 4}
Trying to moving ion 11... to 8
Ion assignment after moving ion 11: {0: 13, 1: 9, 2: 3, 3: 8, 4: 17, 5: 7, 6: 0, 7: 10, 8: 11, 9: 5, 10: 1, 11: 6, 12: 12, 13: 14, 14: 2, 15: 4}
Clearing endpoint 11.........
Gate position gate updated to [ 8 17]--------------c
Trying to moving ion 17... to 9
Ion assignment after moving ion 17: {0: 13, 1: 10, 2: 3, 3: 8, 4: 9, 5: 7, 6: 0, 7: 11, 8: 20, 9: 5, 10: 1, 11: 6, 12: 12, 13: 14, 14: 2, 15: 4}
Executing gate at point (1, 3).
Trying to solve brute-force congestion at gate [9, 6] with {0: 13, 1: 10, 2: 3, 3: 8, 4: 9, 5: 7, 6: 0, 7: 11, 8: 20, 9: 5, 10: 1, 11: 6, 12: 12, 13: 14, 14: 2, 15: 4}
Trying to moving ion 9... to 8
Ion assignment after moving ion 9: {0: 13, 1: 10, 2: 3, 3: 9, 4: 8, 5: 7, 6: 0, 7: 11, 8: 20, 9: 5, 10: 1, 11: 6, 12: 12, 13: 14, 14: 2, 15: 4}
Clearing endpoint 11.........
Gate position gate updated to [8 6]--------------c
Trying to moving ion 6... to 9
Ion assignment after moving ion 6: {0: 13, 1: 11, 2: 3, 3: 10, 4: 8, 5: 6, 6: 0, 7: 20, 8: 15, 9: 5, 10: 1, 11: 9, 12: 12, 13: 14, 14: 2, 15: 4}
Executing gate at point (2, 4).
Trying to solve brute-force congestion at gate [6, 14] with {0: 13, 1: 11, 2: 3, 3: 10, 4: 8, 5: 6, 6: 0, 7: 20, 8: 15, 9: 5, 10: 1, 11: 9, 12: 12, 13: 14, 14: 2, 15: 4}
Trying to moving ion 6... to 4
Ion assignment after moving ion 6: {0: 13, 1: 11, 2: 3, 3: 10, 4: 8, 5: 4, 6: 0, 7: 20, 8: 15, 9: 6, 10: 1, 11: 9, 12: 12, 13: 14, 14: 2, 15: 5}
Gate position gate updated to [ 4 14]--------------c
Trying to moving ion 14... to 5
Ion assignment after moving ion 14: {0: 13, 1: 11, 2: 3, 3: 10, 4: 8, 5: 4, 6: 0, 7: 19, 8: 14, 9: 7, 10: 1, 11: 9, 12: 12, 13: 5, 14: 2, 15: 6}
Executing gate at point (2, 5).
Trying to solve brute-force congestion at gate [14, 2] with {0: 13, 1: 11, 2: 3, 3: 10, 4: 8, 5: 4, 6: 0, 7: 19, 8: 14, 9: 7, 10: 1, 11: 9, 12: 12, 13: 5, 14: 2, 15: 6}
Trying to moving ion 14... to 12
Ion assignment after moving ion 14: {0: 14, 1: 11, 2: 3, 3: 10, 4: 8, 5: 4, 6: 0, 7: 19, 8: 12, 9: 7, 10: 1, 11: 9, 12: 13, 13: 5, 14: 2, 15: 6}
Gate position gate updated to [12  2]--------------c
Trying to moving ion 2... to 13
Ion assignment after moving ion 2: {0: 15, 1: 11, 2: 2, 3: 10, 4: 8, 5: 4, 6: 0, 7: 19, 8: 12, 9: 7, 10: 1, 11: 9, 12: 14, 13: 5, 14: 13, 15: 6}
Executing gate at point (2, 8).
Best move: (10, 11)
Best move: (1, 2)
Best move: (1, 2)
Best move: (1, 2)
Try bruteforce due to repeated pattern...
Trying to solve brute-force congestion at gate [1, 11] with {0: 15, 1: 10, 2: 1, 3: 11, 4: 8, 5: 4, 6: 0, 7: 19, 8: 12, 9: 7, 10: 2, 11: 9, 12: 14, 13: 5, 14: 13, 15: 6}
Trying to moving ion 1... to 0
Ion assignment after moving ion 1: {0: 15, 1: 10, 2: 0, 3: 11, 4: 8, 5: 4, 6: 1, 7: 19, 8: 12, 9: 7, 10: 2, 11: 9, 12: 14, 13: 5, 14: 13, 15: 6}
Gate position gate updated to [ 0 11]--------------c
Trying to moving ion 11... to 1
Ion assignment after moving ion 11: {0: 15, 1: 10, 2: 0, 3: 1, 4: 8, 5: 4, 6: 2, 7: 20, 8: 12, 9: 7, 10: 3, 11: 9, 12: 14, 13: 5, 14: 13, 15: 6}
Executing gate at point (2, 2).
Trying to solve brute-force congestion at gate [14, 5] with {0: 15, 1: 10, 2: 0, 3: 1, 4: 8, 5: 4, 6: 2, 7: 20, 8: 12, 9: 7, 10: 3, 11: 9, 12: 14, 13: 5, 14: 13, 15: 6}
Trying to moving ion 5... to 4
Ion assignment after moving ion 5: {0: 15, 1: 10, 2: 0, 3: 1, 4: 8, 5: 5, 6: 2, 7: 20, 8: 12, 9: 7, 10: 3, 11: 9, 12: 14, 13: 4, 14: 13, 15: 6}
Clearing endpoint 7.........
Gate position gate updated to [ 4 14]--------------c
Trying to moving ion 14... to 5
Ion assignment after moving ion 14: {0: 14, 1: 10, 2: 0, 3: 1, 4: 8, 5: 6, 6: 2, 7: 19, 8: 12, 9: 16, 10: 3, 11: 9, 12: 5, 13: 4, 14: 13, 15: 7}
Trying to solve brute-force congestion at gate [0, 13] with {0: 14, 1: 10, 2: 0, 3: 1, 4: 8, 5: 6, 6: 2, 7: 19, 8: 12, 9: 16, 10: 3, 11: 9, 12: 5, 13: 4, 14: 13, 15: 7}
Trying to moving ion 0... to 0
Ion assignment after moving ion 0: {0: 14, 1: 10, 2: 0, 3: 1, 4: 8, 5: 6, 6: 2, 7: 19, 8: 12, 9: 16, 10: 3, 11: 9, 12: 5, 13: 4, 14: 13, 15: 7}
Clearing endpoint 3.........
Gate position gate updated to [ 0 13]--------------c
Trying to moving ion 13... to 1
Ion assignment after moving ion 13: {0: 13, 1: 10, 2: 0, 3: 2, 4: 8, 5: 6, 6: 3, 7: 19, 8: 12, 9: 18, 10: 17, 11: 9, 12: 5, 13: 4, 14: 1, 15: 7}
Trying to solve brute-force congestion at gate [10, 19] with {0: 13, 1: 10, 2: 0, 3: 16, 4: 8, 5: 6, 6: 2, 7: 19, 8: 12, 9: 15, 10: 20, 11: 9, 12: 5, 13: 4, 14: 1, 15: 17}
Trying to moving ion 10... to 8
Ion assignment after moving ion 10: {0: 13, 1: 8, 2: 0, 3: 16, 4: 9, 5: 6, 6: 2, 7: 19, 8: 12, 9: 15, 10: 20, 11: 10, 12: 5, 13: 4, 14: 1, 15: 17}
Gate position gate updated to [ 8 19]--------------c
Trying to moving ion 19... to 9
Ion assignment after moving ion 19: {0: 13, 1: 8, 2: 0, 3: 16, 4: 10, 5: 6, 6: 2, 7: 9, 8: 12, 9: 15, 10: 20, 11: 11, 12: 5, 13: 4, 14: 1, 15: 17}
Trying to solve brute-force congestion at gate [6, 9] with {0: 13, 1: 8, 2: 0, 3: 16, 4: 10, 5: 6, 6: 2, 7: 9, 8: 12, 9: 15, 10: 20, 11: 11, 12: 5, 13: 4, 14: 1, 15: 17}
Trying to moving ion 9... to 8
Ion assignment after moving ion 9: {0: 13, 1: 9, 2: 0, 3: 16, 4: 10, 5: 6, 6: 2, 7: 8, 8: 12, 9: 15, 10: 20, 11: 11, 12: 5, 13: 4, 14: 1, 15: 17}
Clearing endpoint 11.........
Gate position gate updated to [8 6]--------------c
Trying to moving ion 6... to 9
Ion assignment after moving ion 6: {0: 13, 1: 10, 2: 0, 3: 3, 4: 11, 5: 9, 6: 2, 7: 8, 8: 12, 9: 14, 10: 15, 11: 20, 12: 5, 13: 4, 14: 1, 15: 16}
Trying to solve brute-force congestion at gate [13, 14] with {0: 13, 1: 10, 2: 0, 3: 3, 4: 11, 5: 9, 6: 2, 7: 8, 8: 12, 9: 14, 10: 15, 11: 20, 12: 5, 13: 4, 14: 1, 15: 16}
Trying to moving ion 13... to 12
Ion assignment after moving ion 13: {0: 12, 1: 10, 2: 0, 3: 3, 4: 11, 5: 9, 6: 2, 7: 8, 8: 13, 9: 14, 10: 15, 11: 20, 12: 5, 13: 4, 14: 1, 15: 16}
Clearing endpoint 15.........
Gate position gate updated to [12 14]--------------c
Trying to moving ion 14... to 13
Ion assignment after moving ion 14: {0: 12, 1: 10, 2: 0, 3: 3, 4: 11, 5: 9, 6: 2, 7: 8, 8: 14, 9: 13, 10: 20, 11: 18, 12: 5, 13: 4, 14: 1, 15: 16}
Trying to solve brute-force congestion at gate [18, 16] with {0: 12, 1: 10, 2: 0, 3: 3, 4: 11, 5: 9, 6: 2, 7: 8, 8: 14, 9: 13, 10: 20, 11: 18, 12: 5, 13: 4, 14: 1, 15: 16}
Trying to moving ion 18... to 4
Ion assignment after moving ion 18: {0: 12, 1: 10, 2: 0, 3: 3, 4: 11, 5: 9, 6: 2, 7: 8, 8: 14, 9: 13, 10: 20, 11: 4, 12: 6, 13: 5, 14: 1, 15: 16}
Gate position gate updated to [ 4 16]--------------c
Trying to moving ion 16... to 5
Ion assignment after moving ion 16: {0: 12, 1: 10, 2: 0, 3: 3, 4: 11, 5: 9, 6: 2, 7: 8, 8: 14, 9: 13, 10: 20, 11: 4, 12: 7, 13: 6, 14: 1, 15: 5}
Trying to solve brute-force congestion at gate [10, 14] with {0: 12, 1: 10, 2: 0, 3: 3, 4: 11, 5: 9, 6: 2, 7: 8, 8: 14, 9: 13, 10: 20, 11: 4, 12: 7, 13: 6, 14: 1, 15: 5}
Trying to moving ion 14... to 12
Ion assignment after moving ion 14: {0: 13, 1: 10, 2: 0, 3: 3, 4: 11, 5: 9, 6: 2, 7: 8, 8: 12, 9: 14, 10: 20, 11: 4, 12: 7, 13: 6, 14: 1, 15: 5}
Gate position gate updated to [12 10]--------------c
Trying to moving ion 10... to 13
Ion assignment after moving ion 10: {0: 14, 1: 13, 2: 0, 3: 3, 4: 10, 5: 9, 6: 2, 7: 8, 8: 12, 9: 15, 10: 18, 11: 4, 12: 7, 13: 6, 14: 1, 15: 5}
Trying to solve brute-force congestion at gate [13, 8] with {0: 14, 1: 13, 2: 0, 3: 3, 4: 10, 5: 9, 6: 2, 7: 8, 8: 12, 9: 15, 10: 18, 11: 4, 12: 7, 13: 6, 14: 1, 15: 5}
Trying to moving ion 8... to 8
Ion assignment after moving ion 8: {0: 14, 1: 13, 2: 0, 3: 3, 4: 10, 5: 9, 6: 2, 7: 8, 8: 12, 9: 15, 10: 18, 11: 4, 12: 7, 13: 6, 14: 1, 15: 5}
Gate position gate updated to [ 8 13]--------------c
Trying to moving ion 13... to 9
Ion assignment after moving ion 13: {0: 13, 1: 9, 2: 0, 3: 3, 4: 11, 5: 10, 6: 2, 7: 8, 8: 12, 9: 14, 10: 18, 11: 4, 12: 7, 13: 6, 14: 1, 15: 5}
Trying to solve brute-force congestion at gate [3, 11] with {0: 13, 1: 9, 2: 0, 3: 3, 4: 11, 5: 10, 6: 2, 7: 8, 8: 12, 9: 14, 10: 18, 11: 4, 12: 7, 13: 6, 14: 1, 15: 5}
Trying to moving ion 3... to 0
Ion assignment after moving ion 3: {0: 13, 1: 9, 2: 1, 3: 0, 4: 11, 5: 10, 6: 3, 7: 8, 8: 12, 9: 14, 10: 18, 11: 4, 12: 7, 13: 6, 14: 2, 15: 5}
Clearing endpoint 3.........
Gate position gate updated to [ 0 11]--------------c
Trying to moving ion 11... to 1
Ion assignment after moving ion 11: {0: 13, 1: 9, 2: 2, 3: 0, 4: 1, 5: 10, 6: 17, 7: 8, 8: 12, 9: 14, 10: 20, 11: 4, 12: 7, 13: 6, 14: 3, 15: 5}
Trying to solve brute-force congestion at gate [0, 5] with {0: 13, 1: 9, 2: 2, 3: 0, 4: 1, 5: 10, 6: 17, 7: 8, 8: 12, 9: 14, 10: 20, 11: 4, 12: 7, 13: 6, 14: 3, 15: 5}
Trying to moving ion 0... to 0
Ion assignment after moving ion 0: {0: 13, 1: 9, 2: 2, 3: 0, 4: 1, 5: 10, 6: 17, 7: 8, 8: 12, 9: 14, 10: 20, 11: 4, 12: 7, 13: 6, 14: 3, 15: 5}
Clearing endpoint 3.........
Gate position gate updated to [0 5]--------------c
Trying to moving ion 5... to 1
Ion assignment after moving ion 5: {0: 13, 1: 9, 2: 3, 3: 0, 4: 2, 5: 10, 6: 19, 7: 8, 8: 12, 9: 14, 10: 20, 11: 4, 12: 6, 13: 5, 14: 18, 15: 1}
Trying to solve brute-force congestion at gate [2, 20] with {0: 13, 1: 9, 2: 3, 3: 0, 4: 2, 5: 10, 6: 19, 7: 8, 8: 12, 9: 14, 10: 20, 11: 4, 12: 6, 13: 5, 14: 18, 15: 1}
Trying to moving ion 2... to 0
Ion assignment after moving ion 2: {0: 13, 1: 9, 2: 3, 3: 1, 4: 0, 5: 10, 6: 19, 7: 8, 8: 12, 9: 14, 10: 20, 11: 4, 12: 6, 13: 5, 14: 18, 15: 2}
Clearing endpoint 3.........
Gate position gate updated to [ 0 20]--------------c
Trying to moving ion 20... to 1
Ion assignment after moving ion 20: {0: 13, 1: 9, 2: 17, 3: 2, 4: 0, 5: 10, 6: 19, 7: 8, 8: 12, 9: 14, 10: 1, 11: 4, 12: 6, 13: 5, 14: 7, 15: 3}
Trying to solve brute-force congestion at gate [10, 4] with {0: 13, 1: 9, 2: 17, 3: 2, 4: 0, 5: 10, 6: 19, 7: 8, 8: 12, 9: 14, 10: 1, 11: 4, 12: 6, 13: 5, 14: 7, 15: 3}
Trying to moving ion 4... to 4
Ion assignment after moving ion 4: {0: 13, 1: 9, 2: 17, 3: 2, 4: 0, 5: 10, 6: 19, 7: 8, 8: 12, 9: 14, 10: 1, 11: 4, 12: 6, 13: 5, 14: 7, 15: 3}
Clearing endpoint 7.........
Gate position gate updated to [ 4 10]--------------c
Trying to moving ion 10... to 5
Ion assignment after moving ion 10: {0: 13, 1: 9, 2: 18, 3: 2, 4: 0, 5: 5, 6: 20, 7: 8, 8: 12, 9: 14, 10: 1, 11: 4, 12: 7, 13: 6, 14: 16, 15: 3}
Trying to solve brute-force congestion at gate [20, 12] with {0: 13, 1: 9, 2: 18, 3: 2, 4: 0, 5: 5, 6: 20, 7: 8, 8: 12, 9: 14, 10: 1, 11: 4, 12: 7, 13: 6, 14: 16, 15: 3}
Trying to moving ion 12... to 12
Ion assignment after moving ion 12: {0: 13, 1: 9, 2: 18, 3: 2, 4: 0, 5: 5, 6: 20, 7: 8, 8: 12, 9: 14, 10: 1, 11: 4, 12: 7, 13: 6, 14: 16, 15: 3}
Gate position gate updated to [12 20]--------------c
Trying to moving ion 20... to 13
Ion assignment after moving ion 20: {0: 14, 1: 9, 2: 18, 3: 2, 4: 0, 5: 5, 6: 13, 7: 8, 8: 12, 9: 15, 10: 1, 11: 4, 12: 7, 13: 6, 14: 16, 15: 3}
Executing gate at point (0, 1).
Executing gate at point (0, 4).
Executing gate at point (0, 0).
Executing gate at point (0, 3).
Executing gate at point (0, 6).
Executing gate at point (0, 12).
Executing gate at point (0, 5).
Executing gate at point (1, 3).
Best move: (15, 20)
Best move: (17, 18)
Best move: (5, 6)
Best move: (4, 5)
Best move: (1, 2)
Best move: (6, 7)
Best move: (5, 6)
Try bruteforce due to multiple steps (7) to solve one gate
Trying to solve brute-force congestion at gate [17, 16] with {0: 14, 1: 9, 2: 17, 3: 1, 4: 0, 5: 7, 6: 13, 7: 8, 8: 12, 9: 20, 10: 2, 11: 6, 12: 5, 13: 4, 14: 16, 15: 3}
Trying to moving ion 16... to 0
Ion assignment after moving ion 16: {0: 14, 1: 9, 2: 17, 3: 2, 4: 1, 5: 7, 6: 13, 7: 8, 8: 12, 9: 20, 10: 3, 11: 6, 12: 5, 13: 4, 14: 0, 15: 18}
Clearing endpoint 3.........
Gate position gate updated to [ 0 17]--------------c
Trying to moving ion 17... to 1
Ion assignment after moving ion 17: {0: 14, 1: 9, 2: 1, 3: 3, 4: 2, 5: 7, 6: 13, 7: 8, 8: 12, 9: 20, 10: 18, 11: 6, 12: 5, 13: 4, 14: 0, 15: 19}
Executing gate at point (0, 2).
Best move: (7, 17)
Best move: (1, 2)
Best move: (2, 3)
Best move: (3, 16)
Best move: (0, 1)
Best move: (1, 2)
Best move: (13, 14)
Try bruteforce due to multiple steps (7) to solve one gate
Trying to solve brute-force congestion at gate [13, 2] with {0: 13, 1: 9, 2: 16, 3: 1, 4: 0, 5: 17, 6: 14, 7: 8, 8: 12, 9: 20, 10: 18, 11: 6, 12: 5, 13: 4, 14: 2, 15: 19}
Trying to moving ion 13... to 12
Ion assignment after moving ion 13: {0: 12, 1: 9, 2: 16, 3: 1, 4: 0, 5: 17, 6: 14, 7: 8, 8: 13, 9: 20, 10: 18, 11: 6, 12: 5, 13: 4, 14: 2, 15: 19}
Gate position gate updated to [12  2]--------------c
Trying to moving ion 2... to 13
Ion assignment after moving ion 2: {0: 12, 1: 9, 2: 17, 3: 1, 4: 0, 5: 7, 6: 15, 7: 8, 8: 14, 9: 19, 10: 11, 11: 6, 12: 5, 13: 4, 14: 13, 15: 10}
Executing gate at point (1, 0).
Best move: (15, 20)
Best move: (6, 7)
Best move: (12, 13)
Best move: (5, 6)
Best move: (10, 11)
Best move: (10, 11)
Best move: (18, 20)
Try bruteforce due to multiple steps (7) to solve one gate
Trying to solve brute-force congestion at gate [17, 18] with {0: 13, 1: 9, 2: 17, 3: 1, 4: 0, 5: 5, 6: 18, 7: 8, 8: 14, 9: 19, 10: 11, 11: 7, 12: 6, 13: 4, 14: 12, 15: 10}
Trying to moving ion 17... to 0
Ion assignment after moving ion 17: {0: 13, 1: 9, 2: 0, 3: 2, 4: 1, 5: 5, 6: 18, 7: 8, 8: 14, 9: 19, 10: 11, 11: 7, 12: 6, 13: 4, 14: 12, 15: 10}
Gate position gate updated to [ 0 18]--------------c
Trying to moving ion 18... to 1
Ion assignment after moving ion 18: {0: 13, 1: 9, 2: 0, 3: 3, 4: 2, 5: 5, 6: 1, 7: 8, 8: 14, 9: 19, 10: 11, 11: 7, 12: 6, 13: 4, 14: 12, 15: 10}
Executing gate at point (1, 2).
Executing gate at point (2, 2).
Trying to solve brute-force congestion at gate [5, 8] with {0: 13, 1: 9, 2: 0, 3: 3, 4: 2, 5: 5, 6: 1, 7: 8, 8: 14, 9: 19, 10: 11, 11: 7, 12: 6, 13: 4, 14: 12, 15: 10}
Trying to moving ion 8... to 8
Ion assignment after moving ion 8: {0: 13, 1: 9, 2: 0, 3: 3, 4: 2, 5: 5, 6: 1, 7: 8, 8: 14, 9: 19, 10: 11, 11: 7, 12: 6, 13: 4, 14: 12, 15: 10}
Clearing endpoint 11.........
Gate position gate updated to [8 5]--------------c
Trying to moving ion 5... to 9
Ion assignment after moving ion 5: {0: 13, 1: 10, 2: 0, 3: 3, 4: 2, 5: 9, 6: 1, 7: 8, 8: 14, 9: 15, 10: 20, 11: 6, 12: 5, 13: 4, 14: 12, 15: 11}
Executing gate at point (1, 5).
Trying to solve brute-force congestion at gate [6, 11] with {0: 13, 1: 10, 2: 0, 3: 3, 4: 2, 5: 9, 6: 1, 7: 8, 8: 14, 9: 15, 10: 20, 11: 6, 12: 5, 13: 4, 14: 12, 15: 11}
Trying to moving ion 6... to 4
Ion assignment after moving ion 6: {0: 13, 1: 10, 2: 0, 3: 3, 4: 2, 5: 9, 6: 1, 7: 8, 8: 14, 9: 15, 10: 20, 11: 4, 12: 6, 13: 5, 14: 12, 15: 11}
Gate position gate updated to [ 4 11]--------------c
Trying to moving ion 11... to 5
Ion assignment after moving ion 11: {0: 13, 1: 10, 2: 0, 3: 3, 4: 2, 5: 9, 6: 1, 7: 8, 8: 14, 9: 15, 10: 20, 11: 4, 12: 7, 13: 6, 14: 12, 15: 5}
Executing gate at point (1, 11).
Trying to solve brute-force congestion at gate [2, 4] with {0: 13, 1: 10, 2: 0, 3: 3, 4: 2, 5: 9, 6: 1, 7: 8, 8: 14, 9: 15, 10: 20, 11: 4, 12: 7, 13: 6, 14: 12, 15: 5}
Trying to moving ion 4... to 4
Ion assignment after moving ion 4: {0: 13, 1: 10, 2: 0, 3: 3, 4: 2, 5: 9, 6: 1, 7: 8, 8: 14, 9: 15, 10: 20, 11: 4, 12: 7, 13: 6, 14: 12, 15: 5}
Clearing endpoint 7.........
Gate position gate updated to [4 2]--------------c
Trying to moving ion 2... to 5
Ion assignment after moving ion 2: {0: 13, 1: 10, 2: 0, 3: 2, 4: 5, 5: 9, 6: 1, 7: 8, 8: 14, 9: 15, 10: 20, 11: 4, 12: 18, 13: 7, 14: 12, 15: 6}
Executing gate at point (2, 4).
Trying to solve brute-force congestion at gate [10, 14] with {0: 13, 1: 10, 2: 0, 3: 2, 4: 5, 5: 9, 6: 1, 7: 8, 8: 14, 9: 15, 10: 20, 11: 4, 12: 18, 13: 7, 14: 12, 15: 6}
Trying to moving ion 10... to 8
Ion assignment after moving ion 10: {0: 13, 1: 8, 2: 0, 3: 2, 4: 5, 5: 10, 6: 1, 7: 9, 8: 14, 9: 15, 10: 20, 11: 4, 12: 18, 13: 7, 14: 12, 15: 6}
Gate position gate updated to [ 8 14]--------------c
Trying to moving ion 14... to 9
Ion assignment after moving ion 14: {0: 13, 1: 8, 2: 0, 3: 2, 4: 5, 5: 11, 6: 1, 7: 10, 8: 9, 9: 14, 10: 18, 11: 4, 12: 16, 13: 7, 14: 12, 15: 6}
Executing gate at point (1, 1).
Executing gate at point (2, 1).
Trying to solve brute-force congestion at gate [11, 7] with {0: 13, 1: 8, 2: 0, 3: 2, 4: 5, 5: 11, 6: 1, 7: 10, 8: 9, 9: 14, 10: 18, 11: 4, 12: 16, 13: 7, 14: 12, 15: 6}
Trying to moving ion 7... to 4
Ion assignment after moving ion 7: {0: 13, 1: 8, 2: 0, 3: 2, 4: 6, 5: 11, 6: 1, 7: 10, 8: 9, 9: 14, 10: 18, 11: 5, 12: 16, 13: 4, 14: 12, 15: 7}
Clearing endpoint 7.........
Gate position gate updated to [ 4 11]--------------c
Trying to moving ion 11... to 5
Ion assignment after moving ion 11: {0: 13, 1: 8, 2: 0, 3: 2, 4: 7, 5: 5, 6: 1, 7: 10, 8: 9, 9: 14, 10: 20, 11: 6, 12: 3, 13: 4, 14: 12, 15: 16}
Executing gate at point (2, 5).
Trying to solve brute-force congestion at gate [13, 3] with {0: 13, 1: 8, 2: 0, 3: 2, 4: 7, 5: 5, 6: 1, 7: 10, 8: 9, 9: 14, 10: 20, 11: 6, 12: 3, 13: 4, 14: 12, 15: 16}
Trying to moving ion 13... to 12
Ion assignment after moving ion 13: {0: 12, 1: 8, 2: 0, 3: 2, 4: 7, 5: 5, 6: 1, 7: 10, 8: 9, 9: 14, 10: 20, 11: 6, 12: 3, 13: 4, 14: 13, 15: 16}
Gate position gate updated to [12  3]--------------c
Trying to moving ion 3... to 13
Ion assignment after moving ion 3: {0: 12, 1: 8, 2: 0, 3: 2, 4: 7, 5: 5, 6: 1, 7: 10, 8: 9, 9: 15, 10: 19, 11: 6, 12: 13, 13: 4, 14: 14, 15: 17}
Executing gate at point (2, 0).
Trying to solve brute-force congestion at gate [15, 19] with {0: 12, 1: 8, 2: 0, 3: 2, 4: 7, 5: 5, 6: 1, 7: 10, 8: 9, 9: 15, 10: 19, 11: 6, 12: 13, 13: 4, 14: 14, 15: 17}
Trying to moving ion 15... to 12
Ion assignment after moving ion 15: {0: 13, 1: 8, 2: 0, 3: 2, 4: 7, 5: 5, 6: 1, 7: 10, 8: 9, 9: 12, 10: 19, 11: 6, 12: 14, 13: 4, 14: 15, 15: 17}
Clearing endpoint 15.........
Gate position gate updated to [12 19]--------------c
Trying to moving ion 19... to 13
Ion assignment after moving ion 19: {0: 14, 1: 8, 2: 0, 3: 2, 4: 7, 5: 5, 6: 1, 7: 10, 8: 9, 9: 12, 10: 13, 11: 6, 12: 15, 13: 4, 14: 18, 15: 17}
Executing gate at point (1, 9).
Trying to solve brute-force congestion at gate [12, 17] with {0: 14, 1: 8, 2: 0, 3: 2, 4: 7, 5: 5, 6: 1, 7: 10, 8: 9, 9: 12, 10: 13, 11: 6, 12: 15, 13: 4, 14: 18, 15: 17}
Trying to moving ion 12... to 12
Ion assignment after moving ion 12: {0: 14, 1: 8, 2: 0, 3: 2, 4: 7, 5: 5, 6: 1, 7: 10, 8: 9, 9: 12, 10: 13, 11: 6, 12: 15, 13: 4, 14: 18, 15: 17}
Clearing endpoint 15.........
Gate position gate updated to [12 17]--------------c
Trying to moving ion 17... to 13
Ion assignment after moving ion 17: {0: 15, 1: 8, 2: 0, 3: 2, 4: 7, 5: 5, 6: 1, 7: 10, 8: 9, 9: 12, 10: 14, 11: 6, 12: 19, 13: 4, 14: 11, 15: 13}
Executing gate at point (2, 9).
Executing gate at point (2, 8).
Best move: (14, 15)
Best move: (15, 20)
Best move: (18, 20)
Best move: (16, 18)
Best move: (3, 16)
Executing gate at point (2, 6).
Trying to solve brute-force congestion at gate [2, 7] with {0: 14, 1: 8, 2: 0, 3: 2, 4: 7, 5: 5, 6: 1, 7: 10, 8: 9, 9: 12, 10: 3, 11: 6, 12: 19, 13: 4, 14: 11, 15: 13}
Trying to moving ion 2... to 0
Ion assignment after moving ion 2: {0: 14, 1: 8, 2: 1, 3: 0, 4: 7, 5: 5, 6: 2, 7: 10, 8: 9, 9: 12, 10: 3, 11: 6, 12: 19, 13: 4, 14: 11, 15: 13}
Clearing endpoint 3.........
Gate position gate updated to [0 7]--------------c
Trying to moving ion 7... to 1
Ion assignment after moving ion 7: {0: 14, 1: 8, 2: 2, 3: 0, 4: 1, 5: 5, 6: 3, 7: 10, 8: 9, 9: 12, 10: 18, 11: 6, 12: 19, 13: 4, 14: 11, 15: 13}
Trying to solve brute-force congestion at gate [14, 19] with {0: 14, 1: 8, 2: 2, 3: 0, 4: 1, 5: 5, 6: 3, 7: 10, 8: 9, 9: 12, 10: 18, 11: 6, 12: 19, 13: 4, 14: 11, 15: 13}
Trying to moving ion 14... to 12
Ion assignment after moving ion 14: {0: 12, 1: 8, 2: 2, 3: 0, 4: 1, 5: 5, 6: 3, 7: 10, 8: 9, 9: 13, 10: 18, 11: 6, 12: 19, 13: 4, 14: 11, 15: 14}
Gate position gate updated to [12 19]--------------c
Trying to moving ion 19... to 13
Ion assignment after moving ion 19: {0: 12, 1: 8, 2: 2, 3: 0, 4: 1, 5: 5, 6: 3, 7: 10, 8: 9, 9: 14, 10: 18, 11: 6, 12: 13, 13: 4, 14: 11, 15: 15}
Trying to solve brute-force congestion at gate [13, 4] with {0: 12, 1: 8, 2: 2, 3: 0, 4: 1, 5: 5, 6: 3, 7: 10, 8: 9, 9: 14, 10: 18, 11: 6, 12: 13, 13: 4, 14: 11, 15: 15}
Trying to moving ion 4... to 4
Ion assignment after moving ion 4: {0: 12, 1: 8, 2: 2, 3: 0, 4: 1, 5: 5, 6: 3, 7: 10, 8: 9, 9: 14, 10: 18, 11: 6, 12: 13, 13: 4, 14: 11, 15: 15}
Gate position gate updated to [ 4 13]--------------c
Trying to moving ion 13... to 5
Ion assignment after moving ion 13: {0: 12, 1: 8, 2: 2, 3: 0, 4: 1, 5: 6, 6: 3, 7: 10, 8: 9, 9: 13, 10: 16, 11: 7, 12: 5, 13: 4, 14: 11, 15: 14}
Trying to solve brute-force congestion at gate [7, 14] with {0: 12, 1: 8, 2: 2, 3: 0, 4: 1, 5: 6, 6: 3, 7: 10, 8: 9, 9: 13, 10: 16, 11: 7, 12: 5, 13: 4, 14: 11, 15: 14}
Trying to moving ion 14... to 12
Ion assignment after moving ion 14: {0: 13, 1: 8, 2: 2, 3: 0, 4: 1, 5: 6, 6: 3, 7: 10, 8: 9, 9: 14, 10: 16, 11: 7, 12: 5, 13: 4, 14: 11, 15: 12}
Gate position gate updated to [12  7]--------------c
Trying to moving ion 7... to 13
Ion assignment after moving ion 7: {0: 14, 1: 8, 2: 2, 3: 0, 4: 1, 5: 6, 6: 3, 7: 10, 8: 9, 9: 15, 10: 16, 11: 13, 12: 5, 13: 4, 14: 11, 15: 12}
Trying to solve brute-force congestion at gate [14, 11] with {0: 14, 1: 8, 2: 2, 3: 0, 4: 1, 5: 6, 6: 3, 7: 10, 8: 9, 9: 15, 10: 16, 11: 13, 12: 5, 13: 4, 14: 11, 15: 12}
Trying to moving ion 14... to 12
Ion assignment after moving ion 14: {0: 12, 1: 8, 2: 2, 3: 0, 4: 1, 5: 6, 6: 3, 7: 10, 8: 9, 9: 15, 10: 16, 11: 14, 12: 5, 13: 4, 14: 11, 15: 13}
Clearing endpoint 15.........
Gate position gate updated to [12 11]--------------c
Trying to moving ion 11... to 13
Ion assignment after moving ion 11: {0: 12, 1: 8, 2: 2, 3: 0, 4: 1, 5: 6, 6: 3, 7: 10, 8: 9, 9: 18, 10: 16, 11: 15, 12: 5, 13: 4, 14: 13, 15: 14}
Trying to solve brute-force congestion at gate [2, 13] with {0: 12, 1: 8, 2: 2, 3: 0, 4: 1, 5: 6, 6: 3, 7: 10, 8: 9, 9: 18, 10: 16, 11: 15, 12: 5, 13: 4, 14: 13, 15: 14}
Trying to moving ion 13... to 12
Ion assignment after moving ion 13: {0: 13, 1: 8, 2: 2, 3: 0, 4: 1, 5: 6, 6: 3, 7: 10, 8: 9, 9: 18, 10: 16, 11: 15, 12: 5, 13: 4, 14: 12, 15: 14}
Clearing endpoint 15.........
Gate position gate updated to [12  2]--------------c
Trying to moving ion 2... to 13
Ion assignment after moving ion 2: {0: 14, 1: 8, 2: 13, 3: 0, 4: 1, 5: 6, 6: 2, 7: 10, 8: 9, 9: 11, 10: 17, 11: 19, 12: 5, 13: 4, 14: 12, 15: 15}
Trying to solve brute-force congestion at gate [6, 10] with {0: 14, 1: 8, 2: 13, 3: 0, 4: 1, 5: 6, 6: 2, 7: 10, 8: 9, 9: 11, 10: 17, 11: 19, 12: 5, 13: 4, 14: 12, 15: 15}
Trying to moving ion 6... to 4
Ion assignment after moving ion 6: {0: 14, 1: 8, 2: 13, 3: 0, 4: 1, 5: 4, 6: 2, 7: 10, 8: 9, 9: 11, 10: 17, 11: 19, 12: 6, 13: 5, 14: 12, 15: 15}
Gate position gate updated to [ 4 10]--------------c
Trying to moving ion 10... to 5
Ion assignment after moving ion 10: {0: 14, 1: 8, 2: 13, 3: 0, 4: 1, 5: 4, 6: 2, 7: 5, 8: 9, 9: 10, 10: 16, 11: 20, 12: 7, 13: 6, 14: 12, 15: 15}
Trying to solve brute-force congestion at gate [8, 5] with {0: 14, 1: 8, 2: 13, 3: 0, 4: 1, 5: 4, 6: 2, 7: 5, 8: 9, 9: 10, 10: 16, 11: 20, 12: 7, 13: 6, 14: 12, 15: 15}
Trying to moving ion 8... to 8
Ion assignment after moving ion 8: {0: 14, 1: 8, 2: 13, 3: 0, 4: 1, 5: 4, 6: 2, 7: 5, 8: 9, 9: 10, 10: 16, 11: 20, 12: 7, 13: 6, 14: 12, 15: 15}
Gate position gate updated to [8 5]--------------c
Trying to moving ion 5... to 9
Ion assignment after moving ion 5: {0: 14, 1: 8, 2: 13, 3: 0, 4: 1, 5: 4, 6: 2, 7: 9, 8: 10, 9: 11, 10: 16, 11: 20, 12: 6, 13: 5, 14: 12, 15: 15}
Trying to solve brute-force congestion at gate [4, 20] with {0: 14, 1: 8, 2: 13, 3: 0, 4: 1, 5: 4, 6: 2, 7: 9, 8: 10, 9: 11, 10: 16, 11: 20, 12: 6, 13: 5, 14: 12, 15: 15}
Trying to moving ion 4... to 4
Ion assignment after moving ion 4: {0: 14, 1: 8, 2: 13, 3: 0, 4: 1, 5: 4, 6: 2, 7: 9, 8: 10, 9: 11, 10: 16, 11: 20, 12: 6, 13: 5, 14: 12, 15: 15}
Gate position gate updated to [ 4 20]--------------c
Trying to moving ion 20... to 5
Ion assignment after moving ion 20: {0: 14, 1: 8, 2: 13, 3: 0, 4: 1, 5: 4, 6: 2, 7: 9, 8: 10, 9: 11, 10: 16, 11: 5, 12: 7, 13: 6, 14: 12, 15: 15}
Trying to solve brute-force congestion at gate [0, 15] with {0: 14, 1: 8, 2: 13, 3: 0, 4: 1, 5: 4, 6: 2, 7: 9, 8: 10, 9: 11, 10: 16, 11: 5, 12: 7, 13: 6, 14: 12, 15: 15}
Trying to moving ion 0... to 0
Ion assignment after moving ion 0: {0: 14, 1: 8, 2: 13, 3: 0, 4: 1, 5: 4, 6: 2, 7: 9, 8: 10, 9: 11, 10: 16, 11: 5, 12: 7, 13: 6, 14: 12, 15: 15}
Gate position gate updated to [ 0 15]--------------c
Trying to moving ion 15... to 1
Ion assignment after moving ion 15: {0: 14, 1: 8, 2: 13, 3: 0, 4: 2, 5: 4, 6: 3, 7: 9, 8: 10, 9: 11, 10: 17, 11: 5, 12: 7, 13: 6, 14: 12, 15: 1}
Trying to solve brute-force congestion at gate [11, 17] with {0: 14, 1: 8, 2: 13, 3: 0, 4: 2, 5: 4, 6: 3, 7: 9, 8: 10, 9: 11, 10: 17, 11: 5, 12: 7, 13: 6, 14: 12, 15: 1}
Trying to moving ion 11... to 8
Ion assignment after moving ion 11: {0: 14, 1: 9, 2: 13, 3: 0, 4: 2, 5: 4, 6: 3, 7: 10, 8: 11, 9: 8, 10: 17, 11: 5, 12: 7, 13: 6, 14: 12, 15: 1}
Clearing endpoint 11.........
Gate position gate updated to [ 8 17]--------------c
Trying to moving ion 17... to 9
Ion assignment after moving ion 17: {0: 14, 1: 10, 2: 13, 3: 0, 4: 2, 5: 4, 6: 3, 7: 11, 8: 20, 9: 8, 10: 9, 11: 5, 12: 7, 13: 6, 14: 12, 15: 1}
Trying to solve brute-force congestion at gate [14, 8] with {0: 14, 1: 10, 2: 13, 3: 0, 4: 2, 5: 4, 6: 3, 7: 11, 8: 20, 9: 8, 10: 9, 11: 5, 12: 7, 13: 6, 14: 12, 15: 1}
Trying to moving ion 8... to 8
Ion assignment after moving ion 8: {0: 14, 1: 10, 2: 13, 3: 0, 4: 2, 5: 4, 6: 3, 7: 11, 8: 20, 9: 8, 10: 9, 11: 5, 12: 7, 13: 6, 14: 12, 15: 1}
Clearing endpoint 11.........
Gate position gate updated to [ 8 14]--------------c
Trying to moving ion 14... to 9
Ion assignment after moving ion 14: {0: 9, 1: 11, 2: 13, 3: 0, 4: 2, 5: 4, 6: 3, 7: 18, 8: 16, 9: 8, 10: 10, 11: 5, 12: 7, 13: 6, 14: 12, 15: 1}
Trying to solve brute-force congestion at gate [2, 20] with {0: 9, 1: 10, 2: 13, 3: 0, 4: 2, 5: 4, 6: 16, 7: 18, 8: 17, 9: 8, 10: 20, 11: 5, 12: 7, 13: 6, 14: 12, 15: 1}
Trying to moving ion 2... to 0
Ion assignment after moving ion 2: {0: 9, 1: 10, 2: 13, 3: 1, 4: 0, 5: 4, 6: 16, 7: 18, 8: 17, 9: 8, 10: 20, 11: 5, 12: 7, 13: 6, 14: 12, 15: 2}
Gate position gate updated to [ 0 20]--------------c
Trying to moving ion 20... to 1
Ion assignment after moving ion 20: {0: 9, 1: 10, 2: 13, 3: 2, 4: 0, 5: 4, 6: 17, 7: 19, 8: 18, 9: 8, 10: 1, 11: 5, 12: 7, 13: 6, 14: 12, 15: 3}
Trying to solve brute-force congestion at gate [17, 18] with {0: 9, 1: 10, 2: 13, 3: 2, 4: 0, 5: 4, 6: 17, 7: 19, 8: 18, 9: 8, 10: 1, 11: 5, 12: 7, 13: 6, 14: 12, 15: 3}
Trying to moving ion 17... to 4
Ion assignment after moving ion 17: {0: 9, 1: 10, 2: 13, 3: 2, 4: 0, 5: 5, 6: 4, 7: 19, 8: 18, 9: 8, 10: 1, 11: 6, 12: 16, 13: 7, 14: 12, 15: 3}
Clearing endpoint 7.........
Gate position gate updated to [ 4 18]--------------c
Trying to moving ion 18... to 5
Ion assignment after moving ion 18: {0: 9, 1: 10, 2: 13, 3: 2, 4: 0, 5: 6, 6: 4, 7: 19, 8: 5, 9: 8, 10: 1, 11: 7, 12: 18, 13: 16, 14: 12, 15: 3}
Executing gate at point (0, 4).
Executing gate at point (0, 0).
Executing gate at point (0, 3).
Executing gate at point (0, 6).
Executing gate at point (0, 2).
Executing gate at point (0, 5).
Executing gate at point (1, 3).
Best move: (7, 17)
Best move: (1, 2)
Best move: (18, 20)
Best move: (2, 3)
Best move: (9, 10)
Best move: (4, 5)
Best move: (5, 6)
Try bruteforce due to multiple steps (7) to solve one gate
Trying to solve brute-force congestion at gate [9, 19] with {0: 10, 1: 9, 2: 13, 3: 1, 4: 0, 5: 5, 6: 6, 7: 19, 8: 4, 9: 8, 10: 3, 11: 17, 12: 20, 13: 16, 14: 12, 15: 2}
Trying to moving ion 9... to 8
Ion assignment after moving ion 9: {0: 10, 1: 8, 2: 13, 3: 1, 4: 0, 5: 5, 6: 6, 7: 19, 8: 4, 9: 9, 10: 3, 11: 17, 12: 20, 13: 16, 14: 12, 15: 2}
Gate position gate updated to [ 8 19]--------------c
Trying to moving ion 19... to 9
Ion assignment after moving ion 19: {0: 11, 1: 8, 2: 13, 3: 1, 4: 0, 5: 5, 6: 6, 7: 9, 8: 4, 9: 10, 10: 3, 11: 17, 12: 20, 13: 16, 14: 12, 15: 2}
Executing gate at point (0, 1).
Best move: (11, 19)
Best move: (4, 5)
Best move: (5, 6)
Best move: (9, 10)
Best move: (8, 9)
Best move: (8, 9)
Best move: (16, 18)
Try bruteforce due to multiple steps (7) to solve one gate
Trying to solve brute-force congestion at gate [20, 18] with {0: 19, 1: 8, 2: 13, 3: 1, 4: 0, 5: 4, 6: 5, 7: 10, 8: 6, 9: 9, 10: 3, 11: 17, 12: 20, 13: 18, 14: 12, 15: 2}
Trying to moving ion 20... to 12
Ion assignment after moving ion 20: {0: 19, 1: 8, 2: 14, 3: 1, 4: 0, 5: 4, 6: 5, 7: 10, 8: 6, 9: 9, 10: 3, 11: 17, 12: 12, 13: 18, 14: 13, 15: 2}
Gate position gate updated to [12 18]--------------c
Trying to moving ion 18... to 13
Ion assignment after moving ion 18: {0: 19, 1: 8, 2: 15, 3: 1, 4: 0, 5: 4, 6: 5, 7: 10, 8: 6, 9: 9, 10: 3, 11: 17, 12: 12, 13: 13, 14: 14, 15: 2}
Executing gate at point (0, 12).
Trying to solve brute-force congestion at gate [15, 5] with {0: 19, 1: 8, 2: 15, 3: 1, 4: 0, 5: 4, 6: 5, 7: 10, 8: 6, 9: 9, 10: 3, 11: 17, 12: 12, 13: 13, 14: 14, 15: 2}
Trying to moving ion 5... to 4
Ion assignment after moving ion 5: {0: 19, 1: 8, 2: 15, 3: 1, 4: 0, 5: 5, 6: 4, 7: 10, 8: 6, 9: 9, 10: 3, 11: 17, 12: 12, 13: 13, 14: 14, 15: 2}
Gate position gate updated to [ 4 15]--------------c
Trying to moving ion 15... to 5
Ion assignment after moving ion 15: {0: 19, 1: 8, 2: 5, 3: 1, 4: 0, 5: 6, 6: 4, 7: 10, 8: 7, 9: 9, 10: 3, 11: 16, 12: 12, 13: 13, 14: 14, 15: 2}
Executing gate at point (1, 2).
Trying to solve brute-force congestion at gate [19, 14] with {0: 19, 1: 8, 2: 5, 3: 1, 4: 0, 5: 6, 6: 4, 7: 10, 8: 7, 9: 9, 10: 3, 11: 16, 12: 12, 13: 13, 14: 14, 15: 2}
Trying to moving ion 14... to 12
Ion assignment after moving ion 14: {0: 19, 1: 8, 2: 5, 3: 1, 4: 0, 5: 6, 6: 4, 7: 10, 8: 7, 9: 9, 10: 3, 11: 16, 12: 13, 13: 14, 14: 12, 15: 2}
Gate position gate updated to [12 19]--------------c
Trying to moving ion 19... to 13
Ion assignment after moving ion 19: {0: 13, 1: 8, 2: 5, 3: 1, 4: 0, 5: 6, 6: 4, 7: 10, 8: 7, 9: 9, 10: 3, 11: 16, 12: 14, 13: 15, 14: 12, 15: 2}
Executing gate at point (1, 0).
Executing gate at point (2, 0).
Trying to solve brute-force congestion at gate [6, 10] with {0: 13, 1: 8, 2: 5, 3: 1, 4: 0, 5: 6, 6: 4, 7: 10, 8: 7, 9: 9, 10: 3, 11: 16, 12: 14, 13: 15, 14: 12, 15: 2}
Trying to moving ion 10... to 8
Ion assignment after moving ion 10: {0: 13, 1: 9, 2: 5, 3: 1, 4: 0, 5: 6, 6: 4, 7: 8, 8: 7, 9: 10, 10: 3, 11: 16, 12: 14, 13: 15, 14: 12, 15: 2}
Gate position gate updated to [8 6]--------------c
Trying to moving ion 6... to 9
Ion assignment after moving ion 6: {0: 13, 1: 10, 2: 5, 3: 1, 4: 0, 5: 9, 6: 4, 7: 8, 8: 6, 9: 11, 10: 3, 11: 16, 12: 14, 13: 15, 14: 12, 15: 2}
Executing gate at point (1, 5).
Trying to solve brute-force congestion at gate [5, 1] with {0: 13, 1: 10, 2: 5, 3: 1, 4: 0, 5: 9, 6: 4, 7: 8, 8: 6, 9: 11, 10: 3, 11: 16, 12: 14, 13: 15, 14: 12, 15: 2}Input filename:  QuantumVolume_wsq_16
Algorithm:  SHAPER
Trap type:  H
Trap capacity:  4
Num layout passes:  2
Gate type:  FM
Run index:  1
Creating a QCCD machine ...
QCCD physical machine:
### Traps ### 
Trap(id='trap_0', max_num_ions=4, initial_num_ions=0, executable=True, measureable=False)
Trap(id='trap_1', max_num_ions=4, initial_num_ions=0, executable=True, measureable=True)
Trap(id='trap_2', max_num_ions=4, initial_num_ions=0, executable=True, measureable=False)
Trap(id='trap_3', max_num_ions=4, initial_num_ions=0, executable=True, measureable=True)
### Junctions ### 
Junction(id='junction_0')
Junction(id='junction_1')
### Segments ### 
Segment(id='segment_0', left=Trap(id='trap_0', max_num_ions=4, initial_num_ions=0, executable=True, measureable=False), right=Junction(id='junction_0'))
Segment(id='segment_1', left=Trap(id='trap_1', max_num_ions=4, initial_num_ions=0, executable=True, measureable=True), right=Junction(id='junction_0'))
Segment(id='segment_2', left=Junction(id='junction_0'), right=Junction(id='junction_1'))
Segment(id='segment_3', left=Trap(id='trap_2', max_num_ions=4, initial_num_ions=0, executable=True, measureable=False), right=Junction(id='junction_1'))
Segment(id='segment_4', left=Trap(id='trap_3', max_num_ions=4, initial_num_ions=0, executable=True, measureable=True), right=Junction(id='junction_1'))
Finished creating the QCCD physical machine.
Position graph:  CouplingGraph({(7, 17), (18, 20), (12, 13), (3, 16), (8, 9), (17, 18), (13, 14), (15, 20), (18, 19), (4, 5), (5, 6), (14, 15), (0, 1), (9, 10), (1, 2), (10, 11), (11, 19), (19, 20), (6, 7), (16, 18), (2, 3), (16, 17)})
Initial ion assignment:  {0: 9, 1: 14, 2: 0, 3: 2, 4: 7, 5: 4, 6: 5, 7: 10, 8: 6, 9: 8, 10: 11, 11: 12, 12: 13, 13: 3, 14: 15, 15: 1}
Congestion rate:  0.5
Scheduling QCCD: 6560.000000000002 us, costing 8.767763399984688 s to compile
0.006560000000000002
8.767763399984688
{0: 9, 1: 10, 2: 13, 3: 2, 4: 0, 5: 6, 6: 4, 7: 19, 8: 5, 9: 8, 10: 1, 11: 7, 12: 18, 13: 16, 14: 12, 15: 3}
[0, 1, 2, 3, 4, 5, 6, 7, 8, 9, 10, 11, 12, 13, 14, 15]
