Input filename:  QAOA_16_compiled
Algorithm:  SHAW
Trap type:  H
Trap capacity:  4
Num layout passes:  2
Gate type:  FM
Run index:  1
Creating a QCCD machine ...
QCCD physical machine:
### Traps ### 
Trap(id='trap_0', max_num_ions=4, initial_num_ions=0, executable=True, measureable=False)
Trap(id='trap_1', max_num_ions=4, initial_num_ions=0, executable=True, measureable=True)
Trap(id='trap_2', max_num_ions=4, initial_num_ions=0, executable=True, measureable=False)
Trap(id='trap_3', max_num_ions=4, initial_num_ions=0, executable=True, measureable=True)
### Junctions ### 
Junction(id='junction_0')
Junction(id='junction_1')
### Segments ### 
Segment(id='segment_0', left=Trap(id='trap_0', max_num_ions=4, initial_num_ions=0, executable=True, measureable=False), right=Junction(id='junction_0'))
Segment(id='segment_1', left=Trap(id='trap_1', max_num_ions=4, initial_num_ions=0, executable=True, measureable=True), right=Junction(id='junction_0'))
Segment(id='segment_2', left=Junction(id='junction_0'), right=Junction(id='junction_1'))
Segment(id='segment_3', left=Trap(id='trap_2', max_num_ions=4, initial_num_ions=0, executable=True, measureable=False), right=Junction(id='junction_1'))
Segment(id='segment_4', left=Trap(id='trap_3', max_num_ions=4, initial_num_ions=0, executable=True, measureable=True), right=Junction(id='junction_1'))
Finished creating the QCCD physical machine.
Position graph:  CouplingGraph({(7, 17), (18, 20), (12, 13), (3, 16), (8, 9), (17, 18), (13, 14), (15, 20), (18, 19), (4, 5), (5, 6), (14, 15), (0, 1), (9, 10), (1, 2), (10, 11), (11, 19), (19, 20), (6, 7), (16, 18), (2, 3), (16, 17)})
Initial ion assignment:  {0: 11, 1: 8, 2: 2, 3: 6, 4: 14, 5: 4, 6: 10, 7: 15, 8: 7, 9: 1, 10: 5, 11: 3, 12: 12, 13: 0, 14: 13, 15: 9}
Congestion rate:  0.5
Scheduling QCCD: 35082.99999999997 us, costing 7.74594500195235 s to compile
