Input filename:  QuantumVolume_16
Algorithm:  SHAW
Trap type:  H
Trap capacity:  5
Num layout passes:  2
Gate type:  FM
Run index:  5
Creating a QCCD machine ...
QCCD physical machine:
### Traps ### 
Trap(id='trap_0', max_num_ions=5, initial_num_ions=0, executable=True, measureable=False)
Trap(id='trap_1', max_num_ions=5, initial_num_ions=0, executable=True, measureable=True)
Trap(id='trap_2', max_num_ions=5, initial_num_ions=0, executable=True, measureable=False)
Trap(id='trap_3', max_num_ions=5, initial_num_ions=0, executable=True, measureable=True)
### Junctions ### 
Junction(id='junction_0')
Junction(id='junction_1')
### Segments ### 
Segment(id='segment_0', left=Trap(id='trap_0', max_num_ions=5, initial_num_ions=0, executable=True, measureable=False), right=Junction(id='junction_0'))
Segment(id='segment_1', left=Trap(id='trap_1', max_num_ions=5, initial_num_ions=0, executable=True, measureable=True), right=Junction(id='junction_0'))
Segment(id='segment_2', left=Junction(id='junction_0'), right=Junction(id='junction_1'))
Segment(id='segment_3', left=Trap(id='trap_2', max_num_ions=5, initial_num_ions=0, executable=True, measureable=False), right=Junction(id='junction_1'))
Segment(id='segment_4', left=Trap(id='trap_3', max_num_ions=5, initial_num_ions=0, executable=True, measureable=True), right=Junction(id='junction_1'))
Finished creating the QCCD physical machine.
Position graph:  CouplingGraph({(3, 4), (12, 13), (21, 22), (22, 23), (8, 9), (17, 18), (19, 24), (13, 14), (18, 19), (5, 6), (20, 22), (23, 24), (4, 20), (0, 1), (1, 2), (10, 11), (6, 7), (15, 16), (20, 21), (14, 23), (22, 24), (2, 3), (11, 12), (9, 21), (7, 8), (16, 17)})
Initial ion assignment:  {0: 5, 1: 0, 2: 1, 3: 13, 4: 7, 5: 16, 6: 18, 7: 10, 8: 2, 9: 11, 10: 3, 11: 4, 12: 8, 13: 12, 14: 17, 15: 6}
Congestion rate:  1.0
Scheduling QCCD: 9056.000000000002 us, costing 9.579760117921978 s to compile
