Executing gate at point (0, 9).
Executing gate at point (1, 9).
Executing gate at point (2, 9).
Best move: (9, 21)
Best move: (20, 21)
Best move: (14, 23)
Best move: (22, 23)
Best move: (21, 22)
Best move: (1, 2)
Best move: (2, 3)
Best move: (0, 1)
Try bruteforce due to multiple steps (8) to solve one gate
Trying to solve brute-force congestion at gate [0, 20] with {0: 4, 1: 20, 2: 11, 3: 8, 4: 12, 5: 21, 6: 5, 7: 0, 8: 13, 9: 2, 10: 17, 11: 7, 12: 3, 13: 15, 14: 16, 15: 19}
Trying to moving ion 0... to 0
Ion assignment after moving ion 0: {0: 4, 1: 20, 2: 11, 3: 8, 4: 12, 5: 21, 6: 5, 7: 0, 8: 13, 9: 2, 10: 17, 11: 7, 12: 3, 13: 15, 14: 16, 15: 19}
Clearing endpoint 4.........
Gate position gate updated to [ 0 22]--------------c
Trying to moving ion 22... to 1
Ion assignment after moving ion 22: {0: 21, 1: 1, 2: 11, 3: 8, 4: 12, 5: 9, 6: 5, 7: 0, 8: 13, 9: 3, 10: 17, 11: 7, 12: 4, 13: 15, 14: 16, 15: 19}
Executing gate at point (0, 7).
Executing gate at point (0, 5).
Executing gate at point (1, 5).
Executing gate at point (1, 7).
Executing gate at point (2, 7).
Executing gate at point (2, 5).
Best move: (4, 20)
Best move: (20, 22)
Best move: (22, 24)
Best move: (18, 19)
Best move: (16, 17)
Best move: (12, 13)
Best move: (17, 18)
Best move: (5, 6)
Try bruteforce due to multiple steps (8) to solve one gate
Trying to solve brute-force congestion at gate [11, 18] with {0: 21, 1: 1, 2: 11, 3: 8, 4: 13, 5: 9, 6: 6, 7: 0, 8: 12, 9: 3, 10: 16, 11: 7, 12: 24, 13: 15, 14: 18, 15: 17}
Trying to moving ion 11... to 10
Ion assignment after moving ion 11: {0: 21, 1: 1, 2: 10, 3: 8, 4: 13, 5: 9, 6: 6, 7: 0, 8: 12, 9: 3, 10: 16, 11: 7, 12: 24, 13: 15, 14: 18, 15: 17}
Gate position gate updated to [10 18]--------------c
Trying to moving ion 18... to 11
Ion assignment after moving ion 18: {0: 21, 1: 1, 2: 10, 3: 8, 4: 14, 5: 9, 6: 6, 7: 0, 8: 13, 9: 3, 10: 16, 11: 7, 12: 22, 13: 15, 14: 11, 15: 17}
Executing gate at point (0, 2).
Executing gate at point (1, 2).
Executing gate at point (2, 2).
Best move: (14, 23)
Best move: (22, 24)
Best move: (21, 22)
Best move: (9, 21)
Best move: (20, 21)
Best move: (4, 20)
Executing gate at point (3, 5).
Executing gate at point (4, 5).
Executing gate at point (5, 5).
Best move: (19, 24)
Executing gate at point (0, 13).
Executing gate at point (1, 13).
Executing gate at point (2, 13).
Executing gate at point (3, 13).
Executing gate at point (4, 13).
Executing gate at point (5, 13).
Best move: (23, 24)
Best move: (22, 23)
Best move: (14, 23)
Executing gate at point (3, 0).
Executing gate at point (4, 0).
Executing gate at point (5, 0).
Best move: (18, 19)
Best move: (4, 20)
Best move: (14, 23)
Best move: (13, 14)
Best move: (20, 22)
Best move: (6, 7)
Best move: (17, 18)
Best move: (7, 8)
Try bruteforce due to multiple steps (8) to solve one gate
Trying to solve brute-force congestion at gate [24, 16] with {0: 23, 1: 1, 2: 10, 3: 7, 4: 24, 5: 22, 6: 8, 7: 0, 8: 14, 9: 3, 10: 16, 11: 6, 12: 17, 13: 15, 14: 11, 15: 18}
Trying to moving ion 16... to 15
Ion assignment after moving ion 16: {0: 23, 1: 1, 2: 10, 3: 7, 4: 24, 5: 22, 6: 8, 7: 0, 8: 14, 9: 3, 10: 15, 11: 6, 12: 17, 13: 16, 14: 11, 15: 18}
Gate position gate updated to [15 24]--------------c
Trying to moving ion 24... to 16
Ion assignment after moving ion 24: {0: 23, 1: 1, 2: 10, 3: 7, 4: 16, 5: 22, 6: 8, 7: 0, 8: 14, 9: 3, 10: 15, 11: 6, 12: 18, 13: 17, 14: 11, 15: 19}
Executing gate at point (0, 4).
Executing gate at point (1, 4).
Executing gate at point (2, 4).
Best move: (19, 24)
Best move: (3, 4)
Best move: (4, 20)
Best move: (15, 16)
Best move: (7, 8)
Best move: (7, 8)
Best move: (17, 18)
Best move: (17, 18)
Try bruteforce due to multiple steps (8) to solve one gate
Trying to solve brute-force congestion at gate [22, 17] with {0: 23, 1: 1, 2: 10, 3: 7, 4: 15, 5: 22, 6: 8, 7: 0, 8: 14, 9: 20, 10: 16, 11: 6, 12: 18, 13: 17, 14: 11, 15: 24}
Trying to moving ion 17... to 15
Ion assignment after moving ion 17: {0: 23, 1: 1, 2: 10, 3: 7, 4: 16, 5: 22, 6: 8, 7: 0, 8: 14, 9: 20, 10: 17, 11: 6, 12: 18, 13: 15, 14: 11, 15: 24}
Gate position gate updated to [15 22]--------------c
Trying to moving ion 22... to 16
Ion assignment after moving ion 22: {0: 14, 1: 1, 2: 10, 3: 7, 4: 17, 5: 16, 6: 8, 7: 0, 8: 13, 9: 20, 10: 18, 11: 6, 12: 19, 13: 15, 14: 11, 15: 23}
Executing gate at point (6, 5).
Executing gate at point (7, 5).
Executing gate at point (8, 5).
Best move: (18, 19)
Best move: (19, 24)
Best move: (22, 24)
Best move: (21, 22)
Best move: (4, 20)
Best move: (20, 21)
Best move: (3, 4)
Best move: (4, 20)
Try bruteforce due to multiple steps (8) to solve one gate
Trying to solve brute-force congestion at gate [4, 3] with {0: 14, 1: 1, 2: 10, 3: 7, 4: 17, 5: 16, 6: 8, 7: 0, 8: 13, 9: 3, 10: 4, 11: 6, 12: 18, 13: 15, 14: 11, 15: 23}
Trying to moving ion 4... to 0
Ion assignment after moving ion 4: {0: 14, 1: 2, 2: 10, 3: 7, 4: 17, 5: 16, 6: 8, 7: 1, 8: 13, 9: 4, 10: 0, 11: 6, 12: 18, 13: 15, 14: 11, 15: 23}
Gate position gate updated to [0 4]--------------c
Trying to moving ion 4... to 1
Ion assignment after moving ion 4: {0: 14, 1: 3, 2: 10, 3: 7, 4: 17, 5: 16, 6: 8, 7: 2, 8: 13, 9: 1, 10: 0, 11: 6, 12: 18, 13: 15, 14: 11, 15: 23}
Executing gate at point (3, 10).
Executing gate at point (4, 10).
Executing gate at point (5, 10).
Best move: (22, 23)
Best move: (21, 22)
Best move: (14, 23)
Best move: (23, 24)
Best move: (9, 21)
Executing gate at point (0, 3).
Executing gate at point (1, 3).
Executing gate at point (2, 3).
Executing gate at point (3, 11).
Executing gate at point (4, 11).
Executing gate at point (5, 11).
Best move: (9, 21)
Best move: (19, 24)
Executing gate at point (6, 0).
Executing gate at point (7, 0).
Executing gate at point (8, 0).
Best move: (20, 21)
Best move: (4, 20)
Executing gate at point (6, 9).
Executing gate at point (7, 9).
Executing gate at point (8, 9).
Best move: (17, 18)
Best move: (18, 19)
Best move: (19, 24)
Best move: (22, 24)
Best move: (21, 22)
Best move: (9, 21)
Executing gate at point (3, 3).
Executing gate at point (4, 3).
Executing gate at point (5, 3).
Executing gate at point (6, 11).
Executing gate at point (7, 11).
Executing gate at point (8, 11).
Best move: (8, 9)
Best move: (9, 21)
Best move: (21, 22)
Best move: (22, 23)
Best move: (14, 23)
Executing gate at point (0, 6).
Executing gate at point (1, 6).
Executing gate at point (2, 6).
Executing gate at point (3, 2).
Executing gate at point (4, 2).
Executing gate at point (5, 2).
Best move: (12, 13)
Best move: (13, 14)
Best move: (0, 1)
Best move: (7, 8)
Best move: (1, 2)
Best move: (3, 4)
Best move: (4, 20)
Best move: (20, 22)
Try bruteforce due to multiple steps (8) to solve one gate
Trying to solve brute-force congestion at gate [22, 12] with {0: 18, 1: 22, 2: 10, 3: 8, 4: 7, 5: 16, 6: 13, 7: 1, 8: 12, 9: 0, 10: 2, 11: 6, 12: 17, 13: 15, 14: 11, 15: 3}
Trying to moving ion 12... to 10
Ion assignment after moving ion 12: {0: 18, 1: 22, 2: 11, 3: 8, 4: 7, 5: 16, 6: 13, 7: 1, 8: 10, 9: 0, 10: 2, 11: 6, 12: 17, 13: 15, 14: 12, 15: 3}
Gate position gate updated to [10 22]--------------c
Trying to moving ion 22... to 11
Ion assignment after moving ion 22: {0: 18, 1: 11, 2: 12, 3: 8, 4: 7, 5: 16, 6: 14, 7: 1, 8: 10, 9: 0, 10: 2, 11: 6, 12: 17, 13: 15, 14: 13, 15: 3}
Executing gate at point (3, 1).
Executing gate at point (4, 1).
Executing gate at point (5, 1).
Executing gate at point (6, 8).
Executing gate at point (7, 8).
Executing gate at point (8, 8).
Best move: (14, 23)
Best move: (22, 23)
Best move: (20, 22)
Best move: (4, 20)
Executing gate at point (6, 10).
Executing gate at point (7, 10).
Executing gate at point (8, 10).
Best move: (1, 2)
Best move: (2, 3)
Best move: (3, 4)
Best move: (4, 20)
Best move: (20, 22)
Best move: (22, 23)
Best move: (14, 23)
Executing gate at point (6, 1).
Executing gate at point (7, 1).
Executing gate at point (8, 1).
Best move: (12, 13)
Best move: (13, 14)
Best move: (14, 23)
Best move: (22, 23)
Best move: (21, 22)
Best move: (9, 21)
Executing gate at point (6, 3).
Executing gate at point (7, 3).
Executing gate at point (8, 3).
Trying to solve brute-force congestion at gate [8, 2] with {0: 18, 1: 11, 2: 4, 3: 6, 4: 8, 5: 17, 6: 1, 7: 13, 8: 10, 9: 0, 10: 2, 11: 7, 12: 16, 13: 15, 14: 12, 15: 3}
Trying to moving ion 2... to 0
Ion assignment after moving ion 2: {0: 18, 1: 11, 2: 4, 3: 6, 4: 8, 5: 17, 6: 2, 7: 13, 8: 10, 9: 1, 10: 0, 11: 7, 12: 16, 13: 15, 14: 12, 15: 3}
Clearing endpoint 4.........
Gate position gate updated to [0 8]--------------c
Trying to moving ion 8... to 1
Ion assignment after moving ion 8: {0: 18, 1: 11, 2: 22, 3: 6, 4: 1, 5: 17, 6: 3, 7: 13, 8: 10, 9: 2, 10: 0, 11: 7, 12: 16, 13: 15, 14: 12, 15: 4}
Trying to solve brute-force congestion at gate [17, 13] with {0: 18, 1: 11, 2: 22, 3: 6, 4: 1, 5: 17, 6: 3, 7: 13, 8: 10, 9: 2, 10: 0, 11: 7, 12: 16, 13: 15, 14: 12, 15: 4}
Trying to moving ion 17... to 15
Ion assignment after moving ion 17: {0: 18, 1: 11, 2: 22, 3: 6, 4: 1, 5: 15, 6: 3, 7: 13, 8: 10, 9: 2, 10: 0, 11: 7, 12: 17, 13: 16, 14: 12, 15: 4}
Gate position gate updated to [15 13]--------------c
Trying to moving ion 13... to 16
Ion assignment after moving ion 13: {0: 19, 1: 11, 2: 22, 3: 6, 4: 1, 5: 15, 6: 3, 7: 16, 8: 10, 9: 2, 10: 0, 11: 7, 12: 18, 13: 17, 14: 12, 15: 4}
Trying to solve brute-force congestion at gate [15, 16] with {0: 19, 1: 11, 2: 22, 3: 6, 4: 1, 5: 15, 6: 3, 7: 16, 8: 10, 9: 2, 10: 0, 11: 7, 12: 18, 13: 17, 14: 12, 15: 4}
Trying to moving ion 15... to 15
Ion assignment after moving ion 15: {0: 19, 1: 11, 2: 22, 3: 6, 4: 1, 5: 15, 6: 3, 7: 16, 8: 10, 9: 2, 10: 0, 11: 7, 12: 18, 13: 17, 14: 12, 15: 4}
Clearing endpoint 19.........
Gate position gate updated to [15 16]--------------c
Trying to moving ion 16... to 16
Ion assignment after moving ion 16: {0: 24, 1: 11, 2: 22, 3: 6, 4: 1, 5: 15, 6: 3, 7: 16, 8: 10, 9: 2, 10: 0, 11: 7, 12: 18, 13: 17, 14: 12, 15: 4}
Trying to solve brute-force congestion at gate [7, 4] with {0: 24, 1: 11, 2: 22, 3: 6, 4: 1, 5: 15, 6: 3, 7: 16, 8: 10, 9: 2, 10: 0, 11: 7, 12: 18, 13: 17, 14: 12, 15: 4}
Trying to moving ion 7... to 5
Ion assignment after moving ion 7: {0: 24, 1: 11, 2: 22, 3: 7, 4: 1, 5: 15, 6: 3, 7: 16, 8: 10, 9: 2, 10: 0, 11: 5, 12: 18, 13: 17, 14: 12, 15: 4}
Gate position gate updated to [5 4]--------------c
Trying to moving ion 4... to 6
Ion assignment after moving ion 4: {0: 24, 1: 11, 2: 22, 3: 8, 4: 1, 5: 15, 6: 3, 7: 16, 8: 10, 9: 2, 10: 0, 11: 5, 12: 18, 13: 17, 14: 12, 15: 6}
Trying to solve brute-force congestion at gate [16, 11] with {0: 24, 1: 11, 2: 22, 3: 8, 4: 1, 5: 15, 6: 3, 7: 16, 8: 10, 9: 2, 10: 0, 11: 5, 12: 18, 13: 17, 14: 12, 15: 6}
Trying to moving ion 16... to 15
Ion assignment after moving ion 16: {0: 24, 1: 11, 2: 22, 3: 8, 4: 1, 5: 16, 6: 3, 7: 15, 8: 10, 9: 2, 10: 0, 11: 5, 12: 18, 13: 17, 14: 12, 15: 6}
Gate position gate updated to [15 11]--------------c
Trying to moving ion 11... to 16
Ion assignment after moving ion 11: {0: 22, 1: 16, 2: 21, 3: 8, 4: 1, 5: 17, 6: 3, 7: 15, 8: 10, 9: 2, 10: 0, 11: 5, 12: 19, 13: 18, 14: 11, 15: 6}
Trying to solve brute-force congestion at gate [5, 6] with {0: 22, 1: 16, 2: 21, 3: 8, 4: 1, 5: 17, 6: 3, 7: 15, 8: 10, 9: 2, 10: 0, 11: 5, 12: 19, 13: 18, 14: 11, 15: 6}
Trying to moving ion 5... to 5
Ion assignment after moving ion 5: {0: 22, 1: 16, 2: 21, 3: 8, 4: 1, 5: 17, 6: 3, 7: 15, 8: 10, 9: 2, 10: 0, 11: 5, 12: 19, 13: 18, 14: 11, 15: 6}
Gate position gate updated to [5 6]--------------c
Trying to moving ion 6... to 6
Ion assignment after moving ion 6: {0: 22, 1: 16, 2: 21, 3: 8, 4: 1, 5: 17, 6: 3, 7: 15, 8: 10, 9: 2, 10: 0, 11: 5, 12: 19, 13: 18, 14: 11, 15: 6}
Trying to solve brute-force congestion at gate [15, 16] with {0: 22, 1: 16, 2: 21, 3: 8, 4: 1, 5: 17, 6: 3, 7: 15, 8: 10, 9: 2, 10: 0, 11: 5, 12: 19, 13: 18, 14: 11, 15: 6}
Trying to moving ion 15... to 15
Ion assignment after moving ion 15: {0: 22, 1: 16, 2: 21, 3: 8, 4: 1, 5: 17, 6: 3, 7: 15, 8: 10, 9: 2, 10: 0, 11: 5, 12: 19, 13: 18, 14: 11, 15: 6}
Clearing endpoint 19.........
Gate position gate updated to [15 16]--------------c
Trying to moving ion 16... to 16
Ion assignment after moving ion 16: {0: 22, 1: 16, 2: 21, 3: 8, 4: 1, 5: 17, 6: 3, 7: 15, 8: 10, 9: 2, 10: 0, 11: 5, 12: 24, 13: 18, 14: 11, 15: 6}
Trying to solve brute-force congestion at gate [22, 11] with {0: 22, 1: 16, 2: 21, 3: 8, 4: 1, 5: 17, 6: 3, 7: 15, 8: 10, 9: 2, 10: 0, 11: 5, 12: 24, 13: 18, 14: 11, 15: 6}
Trying to moving ion 11... to 10
Ion assignment after moving ion 11: {0: 22, 1: 16, 2: 21, 3: 8, 4: 1, 5: 17, 6: 3, 7: 15, 8: 11, 9: 2, 10: 0, 11: 5, 12: 24, 13: 18, 14: 10, 15: 6}
Gate position gate updated to [10 22]--------------c
Trying to moving ion 22... to 11
Ion assignment after moving ion 22: {0: 11, 1: 16, 2: 21, 3: 8, 4: 1, 5: 17, 6: 3, 7: 15, 8: 12, 9: 2, 10: 0, 11: 5, 12: 24, 13: 18, 14: 10, 15: 6}
Trying to solve brute-force congestion at gate [11, 10] with {0: 11, 1: 16, 2: 21, 3: 8, 4: 1, 5: 17, 6: 3, 7: 15, 8: 12, 9: 2, 10: 0, 11: 5, 12: 24, 13: 18, 14: 10, 15: 6}
Trying to moving ion 11... to 10
Ion assignment after moving ion 11: {0: 10, 1: 16, 2: 21, 3: 8, 4: 1, 5: 17, 6: 3, 7: 15, 8: 12, 9: 2, 10: 0, 11: 5, 12: 24, 13: 18, 14: 11, 15: 6}
Gate position gate updated to [10 11]--------------c
Trying to moving ion 11... to 11
Ion assignment after moving ion 11: {0: 10, 1: 16, 2: 21, 3: 8, 4: 1, 5: 17, 6: 3, 7: 15, 8: 12, 9: 2, 10: 0, 11: 5, 12: 24, 13: 18, 14: 11, 15: 6}
Trying to solve brute-force congestion at gate [10, 11] with {0: 10, 1: 16, 2: 21, 3: 8, 4: 1, 5: 17, 6: 3, 7: 15, 8: 12, 9: 2, 10: 0, 11: 5, 12: 24, 13: 18, 14: 11, 15: 6}
Trying to moving ion 10... to 10
Ion assignment after moving ion 10: {0: 10, 1: 16, 2: 21, 3: 8, 4: 1, 5: 17, 6: 3, 7: 15, 8: 12, 9: 2, 10: 0, 11: 5, 12: 24, 13: 18, 14: 11, 15: 6}
Gate position gate updated to [10 11]--------------c
Trying to moving ion 11... to 11
Ion assignment after moving ion 11: {0: 10, 1: 16, 2: 21, 3: 8, 4: 1, 5: 17, 6: 3, 7: 15, 8: 12, 9: 2, 10: 0, 11: 5, 12: 24, 13: 18, 14: 11, 15: 6}
Trying to solve brute-force congestion at gate [2, 10] with {0: 10, 1: 16, 2: 21, 3: 8, 4: 1, 5: 17, 6: 3, 7: 15, 8: 12, 9: 2, 10: 0, 11: 5, 12: 24, 13: 18, 14: 11, 15: 6}
Trying to moving ion 10... to 10
Ion assignment after moving ion 10: {0: 10, 1: 16, 2: 21, 3: 8, 4: 1, 5: 17, 6: 3, 7: 15, 8: 12, 9: 2, 10: 0, 11: 5, 12: 24, 13: 18, 14: 11, 15: 6}
Gate position gate updated to [10  2]--------------c
Trying to moving ion 2... to 11
Ion assignment after moving ion 2: {0: 10, 1: 16, 2: 21, 3: 8, 4: 1, 5: 17, 6: 2, 7: 15, 8: 13, 9: 11, 10: 0, 11: 5, 12: 24, 13: 18, 14: 12, 15: 6}
Trying to solve brute-force congestion at gate [17, 5] with {0: 10, 1: 16, 2: 21, 3: 8, 4: 1, 5: 17, 6: 2, 7: 15, 8: 13, 9: 11, 10: 0, 11: 5, 12: 24, 13: 18, 14: 12, 15: 6}
Trying to moving ion 5... to 5
Ion assignment after moving ion 5: {0: 10, 1: 16, 2: 21, 3: 8, 4: 1, 5: 17, 6: 2, 7: 15, 8: 13, 9: 11, 10: 0, 11: 5, 12: 24, 13: 18, 14: 12, 15: 6}
Gate position gate updated to [ 5 17]--------------c
Trying to moving ion 17... to 6
Ion assignment after moving ion 17: {0: 10, 1: 16, 2: 20, 3: 9, 4: 1, 5: 6, 6: 2, 7: 15, 8: 13, 9: 11, 10: 0, 11: 5, 12: 4, 13: 17, 14: 12, 15: 7}
Trying to solve brute-force congestion at gate [6, 5] with {0: 10, 1: 16, 2: 20, 3: 9, 4: 1, 5: 6, 6: 2, 7: 15, 8: 13, 9: 11, 10: 0, 11: 5, 12: 4, 13: 17, 14: 12, 15: 7}
Trying to moving ion 6... to 5
Ion assignment after moving ion 6: {0: 10, 1: 16, 2: 20, 3: 9, 4: 1, 5: 5, 6: 2, 7: 15, 8: 13, 9: 11, 10: 0, 11: 6, 12: 4, 13: 17, 14: 12, 15: 7}
Clearing endpoint 9.........
Gate position gate updated to [5 6]--------------c
Trying to moving ion 6... to 6
Ion assignment after moving ion 6: {0: 10, 1: 16, 2: 20, 3: 8, 4: 1, 5: 5, 6: 2, 7: 15, 8: 13, 9: 11, 10: 0, 11: 6, 12: 4, 13: 17, 14: 12, 15: 7}
Trying to solve brute-force congestion at gate [20, 2] with {0: 10, 1: 16, 2: 20, 3: 8, 4: 1, 5: 5, 6: 2, 7: 15, 8: 13, 9: 11, 10: 0, 11: 6, 12: 4, 13: 17, 14: 12, 15: 7}
Trying to moving ion 2... to 0
Ion assignment after moving ion 2: {0: 10, 1: 16, 2: 20, 3: 8, 4: 2, 5: 5, 6: 0, 7: 15, 8: 13, 9: 11, 10: 1, 11: 6, 12: 4, 13: 17, 14: 12, 15: 7}
Clearing endpoint 4.........
Gate position gate updated to [ 0 20]--------------c
Trying to moving ion 20... to 1
Ion assignment after moving ion 20: {0: 10, 1: 16, 2: 1, 3: 8, 4: 3, 5: 5, 6: 0, 7: 15, 8: 13, 9: 11, 10: 2, 11: 6, 12: 4, 13: 17, 14: 12, 15: 7}
Trying to solve brute-force congestion at gate [1, 0] with {0: 10, 1: 16, 2: 1, 3: 8, 4: 3, 5: 5, 6: 0, 7: 15, 8: 13, 9: 11, 10: 2, 11: 6, 12: 4, 13: 17, 14: 12, 15: 7}
Trying to moving ion 1... to 0
Ion assignment after moving ion 1: {0: 10, 1: 16, 2: 0, 3: 8, 4: 3, 5: 5, 6: 1, 7: 15, 8: 13, 9: 11, 10: 2, 11: 6, 12: 4, 13: 17, 14: 12, 15: 7}
Clearing endpoint 4.........
Gate position gate updated to [0 1]--------------c
Trying to moving ion 1... to 1
Ion assignment after moving ion 1: {0: 10, 1: 16, 2: 0, 3: 8, 4: 3, 5: 5, 6: 1, 7: 15, 8: 13, 9: 11, 10: 2, 11: 6, 12: 20, 13: 17, 14: 12, 15: 7}
Trying to solve brute-force congestion at gate [0, 1] with {0: 10, 1: 16, 2: 0, 3: 8, 4: 3, 5: 5, 6: 1, 7: 15, 8: 13, 9: 11, 10: 2, 11: 6, 12: 20, 13: 17, 14: 12, 15: 7}
Trying to moving ion 0... to 0
Ion assignment after moving ion 0: {0: 10, 1: 16, 2: 0, 3: 8, 4: 3, 5: 5, 6: 1, 7: 15, 8: 13, 9: 11, 10: 2, 11: 6, 12: 20, 13: 17, 14: 12, 15: 7}
Gate position gate updated to [0 1]--------------c
Trying to moving ion 1... to 1
Ion assignment after moving ion 1: {0: 10, 1: 16, 2: 0, 3: 8, 4: 3, 5: 5, 6: 1, 7: 15, 8: 13, 9: 11, 10: 2, 11: 6, 12: 20, 13: 17, 14: 12, 15: 7}
Trying to solve brute-force congestion at gate [1, 13] with {0: 10, 1: 16, 2: 0, 3: 8, 4: 3, 5: 5, 6: 1, 7: 15, 8: 13, 9: 11, 10: 2, 11: 6, 12: 20, 13: 17, 14: 12, 15: 7}
Trying to moving ion 1... to 0
Ion assignment after moving ion 1: {0: 10, 1: 16, 2: 1, 3: 8, 4: 3, 5: 5, 6: 0, 7: 15, 8: 13, 9: 11, 10: 2, 11: 6, 12: 20, 13: 17, 14: 12, 15: 7}
Gate position gate updated to [ 0 13]--------------c
Trying to moving ion 13... to 1
Ion assignment after moving ion 13: {0: 10, 1: 16, 2: 2, 3: 8, 4: 4, 5: 5, 6: 0, 7: 15, 8: 1, 9: 11, 10: 3, 11: 6, 12: 21, 13: 17, 14: 12, 15: 7}
Trying to solve brute-force congestion at gate [0, 1] with {0: 10, 1: 16, 2: 2, 3: 8, 4: 4, 5: 5, 6: 0, 7: 15, 8: 1, 9: 11, 10: 3, 11: 6, 12: 21, 13: 17, 14: 12, 15: 7}
Trying to moving ion 0... to 0
Ion assignment after moving ion 0: {0: 10, 1: 16, 2: 2, 3: 8, 4: 4, 5: 5, 6: 0, 7: 15, 8: 1, 9: 11, 10: 3, 11: 6, 12: 21, 13: 17, 14: 12, 15: 7}
Clearing endpoint 4.........
Gate position gate updated to [0 1]--------------c
Trying to moving ion 1... to 1
Ion assignment after moving ion 1: {0: 10, 1: 16, 2: 2, 3: 8, 4: 20, 5: 5, 6: 0, 7: 15, 8: 1, 9: 11, 10: 3, 11: 6, 12: 21, 13: 17, 14: 12, 15: 7}
Trying to solve brute-force congestion at gate [0, 1] with {0: 10, 1: 16, 2: 2, 3: 8, 4: 20, 5: 5, 6: 0, 7: 15, 8: 1, 9: 11, 10: 3, 11: 6, 12: 21, 13: 17, 14: 12, 15: 7}
Trying to moving ion 0... to 0
Ion assignment after moving ion 0: {0: 10, 1: 16, 2: 2, 3: 8, 4: 20, 5: 5, 6: 0, 7: 15, 8: 1, 9: 11, 10: 3, 11: 6, 12: 21, 13: 17, 14: 12, 15: 7}
Gate position gate updated to [0 1]--------------c
Trying to moving ion 1... to 1
Ion assignment after moving ion 1: {0: 10, 1: 16, 2: 2, 3: 8, 4: 20, 5: 5, 6: 0, 7: 15, 8: 1, 9: 11, 10: 3, 11: 6, 12: 21, 13: 17, 14: 12, 15: 7}
Trying to solve brute-force congestion at gate [2, 12] with {0: 10, 1: 16, 2: 2, 3: 8, 4: 20, 5: 5, 6: 0, 7: 15, 8: 1, 9: 11, 10: 3, 11: 6, 12: 21, 13: 17, 14: 12, 15: 7}
Trying to moving ion 2... to 0
Ion assignment after moving ion 2: {0: 10, 1: 16, 2: 0, 3: 8, 4: 20, 5: 5, 6: 1, 7: 15, 8: 2, 9: 11, 10: 3, 11: 6, 12: 21, 13: 17, 14: 12, 15: 7}
Gate position gate updated to [ 0 12]--------------c
Trying to moving ion 12... to 1
Ion assignment after moving ion 12: {0: 10, 1: 16, 2: 0, 3: 8, 4: 21, 5: 5, 6: 2, 7: 15, 8: 3, 9: 11, 10: 4, 11: 6, 12: 9, 13: 17, 14: 1, 15: 7}
Trying to solve brute-force congestion at gate [0, 1] with {0: 10, 1: 16, 2: 0, 3: 8, 4: 21, 5: 5, 6: 2, 7: 15, 8: 3, 9: 11, 10: 4, 11: 6, 12: 9, 13: 17, 14: 1, 15: 7}
Trying to moving ion 0... to 0
Ion assignment after moving ion 0: {0: 10, 1: 16, 2: 0, 3: 8, 4: 21, 5: 5, 6: 2, 7: 15, 8: 3, 9: 11, 10: 4, 11: 6, 12: 9, 13: 17, 14: 1, 15: 7}
Clearing endpoint 4.........
Gate position gate updated to [0 1]--------------c
Trying to moving ion 1... to 1
Ion assignment after moving ion 1: {0: 10, 1: 16, 2: 0, 3: 8, 4: 21, 5: 5, 6: 2, 7: 15, 8: 3, 9: 11, 10: 20, 11: 6, 12: 9, 13: 17, 14: 1, 15: 7}
Trying to solve brute-force congestion at gate [0, 1] with {0: 10, 1: 16, 2: 0, 3: 8, 4: 21, 5: 5, 6: 2, 7: 15, 8: 3, 9: 11, 10: 20, 11: 6, 12: 9, 13: 17, 14: 1, 15: 7}
Trying to moving ion 0... to 0
Ion assignment after moving ion 0: {0: 10, 1: 16, 2: 0, 3: 8, 4: 21, 5: 5, 6: 2, 7: 15, 8: 3, 9: 11, 10: 20, 11: 6, 12: 9, 13: 17, 14: 1, 15: 7}
Gate position gate updated to [0 1]--------------c
Trying to moving ion 1... to 1
Ion assignment after moving ion 1: {0: 10, 1: 16, 2: 0, 3: 8, 4: 21, 5: 5, 6: 2, 7: 15, 8: 3, 9: 11, 10: 20, 11: 6, 12: 9, 13: 17, 14: 1, 15: 7}
Executing gate at point (0, 7).
Executing gate at point (0, 3).
Executing gate at point (0, 9).
Executing gate at point (0, 6).
Executing gate at point (0, 2).
Executing gate at point (0, 5).
Executing gate at point (1, 2).
Executing gate at point (1, 5).
Executing gate at point (1, 7).
Executing gate at point (1, 6).
Executing gate at point (1, 3).
Executing gate at point (1, 9).
Executing gate at point (2, 7).
Executing gate at point (2, 3).
Executing gate at point (2, 9).
Executing gate at point (2, 6).
Executing gate at point (2, 2).
Executing gate at point (2, 5).
Executing gate at point (3, 2).
Executing gate at point (3, 11).
Executing gate at point (4, 2).
Executing gate at point (4, 11).
Executing gate at point (5, 11).
Executing gate at point (5, 2).
Best move: (10, 11)
Best move: (5, 6)
Best move: (6, 7)
Best move: (7, 8)
Best move: (11, 12)
Best move: (12, 13)
Best move: (13, 14)
Best move: (14, 23)
Try bruteforce due to multiple steps (8) to solve one gate
Trying to solve brute-force congestion at gate [21, 20] with {0: 23, 1: 16, 2: 0, 3: 7, 4: 21, 5: 8, 6: 2, 7: 15, 8: 3, 9: 10, 10: 20, 11: 5, 12: 9, 13: 17, 14: 1, 15: 6}
Trying to moving ion 20... to 0
Ion assignment after moving ion 20: {0: 23, 1: 16, 2: 1, 3: 7, 4: 21, 5: 8, 6: 3, 7: 15, 8: 4, 9: 10, 10: 0, 11: 5, 12: 9, 13: 17, 14: 2, 15: 6}
Clearing endpoint 4.........
Gate position gate updated to [ 0 21]--------------c
Trying to moving ion 21... to 1
Ion assignment after moving ion 21: {0: 23, 1: 16, 2: 2, 3: 7, 4: 1, 5: 8, 6: 4, 7: 15, 8: 22, 9: 10, 10: 0, 11: 5, 12: 9, 13: 17, 14: 3, 15: 6}
Executing gate at point (0, 4).
Executing gate at point (1, 4).
Executing gate at point (2, 4).
Best move: (9, 21)
Best move: (22, 24)
Best move: (21, 22)
Best move: (19, 24)
Executing gate at point (3, 1).
Executing gate at point (4, 1).
Executing gate at point (5, 1).
Best move: (22, 24)
Best move: (1, 2)
Best move: (0, 1)
Best move: (3, 4)
Best move: (4, 20)
Best move: (20, 22)
Best move: (2, 3)
Best move: (14, 23)
Try bruteforce due to multiple steps (8) to solve one gate
Trying to solve brute-force congestion at gate [7, 3] with {0: 14, 1: 16, 2: 0, 3: 7, 4: 3, 5: 8, 6: 2, 7: 15, 8: 19, 9: 10, 10: 1, 11: 5, 12: 24, 13: 17, 14: 22, 15: 6}
Trying to moving ion 7... to 5
Ion assignment after moving ion 7: {0: 14, 1: 16, 2: 0, 3: 5, 4: 3, 5: 8, 6: 2, 7: 15, 8: 19, 9: 10, 10: 1, 11: 6, 12: 24, 13: 17, 14: 22, 15: 7}
Gate position gate updated to [5 3]--------------c
Trying to moving ion 3... to 6
Ion assignment after moving ion 3: {0: 14, 1: 16, 2: 0, 3: 5, 4: 6, 5: 9, 6: 2, 7: 15, 8: 19, 9: 10, 10: 1, 11: 7, 12: 24, 13: 17, 14: 22, 15: 8}
Executing gate at point (3, 3).
Executing gate at point (4, 3).
Executing gate at point (5, 3).
Executing gate at point (6, 11).
Executing gate at point (7, 11).
Executing gate at point (8, 11).
Best move: (22, 23)
Best move: (9, 21)
Best move: (21, 22)
Best move: (0, 1)
Best move: (1, 2)
Best move: (10, 11)
Best move: (11, 12)
Best move: (2, 3)
Try bruteforce due to multiple steps (8) to solve one gate
Trying to solve brute-force congestion at gate [22, 15] with {0: 14, 1: 16, 2: 3, 3: 5, 4: 6, 5: 22, 6: 1, 7: 15, 8: 19, 9: 12, 10: 0, 11: 7, 12: 24, 13: 17, 14: 23, 15: 8}
Trying to moving ion 15... to 15
Ion assignment after moving ion 15: {0: 14, 1: 16, 2: 3, 3: 5, 4: 6, 5: 22, 6: 1, 7: 15, 8: 19, 9: 12, 10: 0, 11: 7, 12: 24, 13: 17, 14: 23, 15: 8}
Clearing endpoint 19.........
Gate position gate updated to [15 22]--------------c
Trying to moving ion 22... to 16
Ion assignment after moving ion 22: {0: 13, 1: 17, 2: 3, 3: 5, 4: 6, 5: 16, 6: 1, 7: 15, 8: 19, 9: 12, 10: 0, 11: 7, 12: 23, 13: 18, 14: 14, 15: 8}
Executing gate at point (3, 5).
Executing gate at point (3, 0).
Executing gate at point (4, 5).
Executing gate at point (4, 0).
Executing gate at point (5, 5).
Executing gate at point (5, 0).
Executing gate at point (6, 1).
Executing gate at point (7, 1).
Executing gate at point (8, 1).
Best move: (19, 24)
Best move: (12, 13)
Best move: (13, 14)
Best move: (22, 23)
Best move: (14, 23)
Best move: (0, 1)
Best move: (1, 2)
Best move: (5, 6)
Try bruteforce due to multiple steps (8) to solve one gate
Trying to solve brute-force congestion at gate [18, 22] with {0: 12, 1: 17, 2: 3, 3: 6, 4: 5, 5: 16, 6: 0, 7: 15, 8: 24, 9: 23, 10: 2, 11: 7, 12: 22, 13: 18, 14: 13, 15: 8}
Trying to moving ion 18... to 15
Ion assignment after moving ion 18: {0: 12, 1: 18, 2: 3, 3: 6, 4: 5, 5: 17, 6: 0, 7: 16, 8: 24, 9: 23, 10: 2, 11: 7, 12: 22, 13: 15, 14: 13, 15: 8}
Gate position gate updated to [15 22]--------------c
Trying to moving ion 22... to 16
Ion assignment after moving ion 22: {0: 12, 1: 19, 2: 3, 3: 6, 4: 5, 5: 18, 6: 0, 7: 17, 8: 23, 9: 14, 10: 2, 11: 7, 12: 16, 13: 15, 14: 13, 15: 8}
Executing gate at point (0, 13).
Executing gate at point (1, 13).
Executing gate at point (2, 13).
Executing gate at point (3, 13).
Executing gate at point (4, 13).
Executing gate at point (5, 13).
Executing gate at point (6, 5).
Executing gate at point (7, 5).
Executing gate at point (8, 5).
Best move: (11, 12)
Best move: (12, 13)
Best move: (16, 17)
Best move: (17, 18)
Best move: (13, 14)
Best move: (18, 19)
Best move: (19, 24)
Best move: (6, 7)
Try bruteforce due to multiple steps (8) to solve one gate
Trying to solve brute-force congestion at gate [11, 24] with {0: 11, 1: 18, 2: 3, 3: 7, 4: 5, 5: 17, 6: 0, 7: 16, 8: 23, 9: 13, 10: 2, 11: 6, 12: 24, 13: 15, 14: 12, 15: 8}
Trying to moving ion 11... to 10
Ion assignment after moving ion 11: {0: 10, 1: 18, 2: 3, 3: 7, 4: 5, 5: 17, 6: 0, 7: 16, 8: 23, 9: 13, 10: 2, 11: 6, 12: 24, 13: 15, 14: 12, 15: 8}
Gate position gate updated to [10 24]--------------c
Trying to moving ion 24... to 11
Ion assignment after moving ion 24: {0: 10, 1: 18, 2: 3, 3: 7, 4: 5, 5: 17, 6: 0, 7: 16, 8: 22, 9: 14, 10: 2, 11: 6, 12: 11, 13: 15, 14: 13, 15: 8}
Executing gate at point (6, 0).
Executing gate at point (7, 0).
Executing gate at point (8, 0).
Best move: (14, 23)
Best move: (23, 24)
Best move: (22, 23)
Best move: (22, 24)
Best move: (14, 23)
Executing gate at point (6, 8).
Executing gate at point (7, 8).
Executing gate at point (8, 8).
Best move: (20, 22)
Best move: (4, 20)
Executing gate at point (3, 10).
Executing gate at point (4, 10).
Executing gate at point (5, 10).
Executing gate at point (6, 10).
Executing gate at point (7, 10).
Executing gate at point (8, 10).
Best move: (4, 20)
Best move: (3, 4)
Best move: (7, 8)
Best move: (7, 8)
Best move: (7, 8)
Try bruteforce due to repeated pattern...
Trying to solve brute-force congestion at gate [8, 4] with {0: 10, 1: 18, 2: 4, 3: 8, 4: 5, 5: 17, 6: 0, 7: 16, 8: 14, 9: 20, 10: 2, 11: 6, 12: 11, 13: 15, 14: 13, 15: 7}
Trying to moving ion 4... to 0
Ion assignment after moving ion 4: {0: 10, 1: 18, 2: 0, 3: 8, 4: 5, 5: 17, 6: 1, 7: 16, 8: 14, 9: 20, 10: 3, 11: 6, 12: 11, 13: 15, 14: 13, 15: 7}
Gate position gate updated to [0 8]--------------c
Trying to moving ion 8... to 1
Ion assignment after moving ion 8: {0: 10, 1: 18, 2: 0, 3: 1, 4: 5, 5: 17, 6: 2, 7: 16, 8: 14, 9: 22, 10: 4, 11: 6, 12: 11, 13: 15, 14: 13, 15: 7}
Executing gate at point (6, 3).
Executing gate at point (7, 3).
Executing gate at point (8, 3).
Best move: (21, 22)
Best move: (9, 21)
Executing gate at point (6, 9).
Executing gate at point (7, 9).
Executing gate at point (8, 9).
Trying to solve brute-force congestion at gate [17, 24] with {0: 10, 1: 17, 2: 0, 3: 2, 4: 5, 5: 18, 6: 1, 7: 16, 8: 24, 9: 8, 10: 21, 11: 6, 12: 11, 13: 15, 14: 14, 15: 7}
Trying to moving ion 17... to 15
Ion assignment after moving ion 17: {0: 10, 1: 15, 2: 0, 3: 2, 4: 5, 5: 18, 6: 1, 7: 17, 8: 24, 9: 8, 10: 21, 11: 6, 12: 11, 13: 16, 14: 14, 15: 7}
Gate position gate updated to [15 24]--------------c
Trying to moving ion 24... to 16
Ion assignment after moving ion 24: {0: 10, 1: 15, 2: 0, 3: 2, 4: 5, 5: 19, 6: 1, 7: 18, 8: 16, 9: 8, 10: 21, 11: 6, 12: 11, 13: 17, 14: 14, 15: 7}
Trying to solve brute-force congestion at gate [21, 8] with {0: 10, 1: 15, 2: 0, 3: 2, 4: 5, 5: 19, 6: 1, 7: 18, 8: 16, 9: 8, 10: 21, 11: 6, 12: 11, 13: 17, 14: 14, 15: 7}
Trying to moving ion 8... to 5
Ion assignment after moving ion 8: {0: 10, 1: 15, 2: 0, 3: 2, 4: 6, 5: 19, 6: 1, 7: 18, 8: 16, 9: 5, 10: 21, 11: 7, 12: 11, 13: 17, 14: 14, 15: 8}
Gate position gate updated to [ 5 21]--------------c
Trying to moving ion 21... to 6
Ion assignment after moving ion 21: {0: 10, 1: 15, 2: 0, 3: 2, 4: 7, 5: 19, 6: 1, 7: 18, 8: 16, 9: 5, 10: 6, 11: 8, 12: 11, 13: 17, 14: 14, 15: 9}
Trying to solve brute-force congestion at gate [6, 5] with {0: 10, 1: 15, 2: 0, 3: 2, 4: 7, 5: 19, 6: 1, 7: 18, 8: 16, 9: 5, 10: 6, 11: 8, 12: 11, 13: 17, 14: 14, 15: 9}
Trying to moving ion 6... to 5
Ion assignment after moving ion 6: {0: 10, 1: 15, 2: 0, 3: 2, 4: 7, 5: 19, 6: 1, 7: 18, 8: 16, 9: 6, 10: 5, 11: 8, 12: 11, 13: 17, 14: 14, 15: 9}
Clearing endpoint 9.........
Gate position gate updated to [5 6]--------------c
Trying to moving ion 6... to 6
Ion assignment after moving ion 6: {0: 10, 1: 15, 2: 0, 3: 2, 4: 7, 5: 19, 6: 1, 7: 18, 8: 16, 9: 6, 10: 5, 11: 8, 12: 11, 13: 17, 14: 14, 15: 21}
Trying to solve brute-force congestion at gate [18, 15] with {0: 10, 1: 15, 2: 0, 3: 2, 4: 7, 5: 19, 6: 1, 7: 18, 8: 16, 9: 6, 10: 5, 11: 8, 12: 11, 13: 17, 14: 14, 15: 21}
Trying to moving ion 18... to 15
Ion assignment after moving ion 18: {0: 10, 1: 16, 2: 0, 3: 2, 4: 7, 5: 19, 6: 1, 7: 15, 8: 17, 9: 6, 10: 5, 11: 8, 12: 11, 13: 18, 14: 14, 15: 21}
Clearing endpoint 19.........
Gate position gate updated to [15 16]--------------c
Trying to moving ion 16... to 16
Ion assignment after moving ion 16: {0: 10, 1: 16, 2: 0, 3: 2, 4: 7, 5: 24, 6: 1, 7: 15, 8: 17, 9: 6, 10: 5, 11: 8, 12: 11, 13: 18, 14: 14, 15: 21}
Trying to solve brute-force congestion at gate [18, 11] with {0: 10, 1: 16, 2: 0, 3: 2, 4: 7, 5: 24, 6: 1, 7: 15, 8: 17, 9: 6, 10: 5, 11: 8, 12: 11, 13: 18, 14: 14, 15: 21}
Trying to moving ion 11... to 10
Ion assignment after moving ion 11: {0: 11, 1: 16, 2: 0, 3: 2, 4: 7, 5: 24, 6: 1, 7: 15, 8: 17, 9: 6, 10: 5, 11: 8, 12: 10, 13: 18, 14: 14, 15: 21}
Clearing endpoint 14.........
Gate position gate updated to [10 18]--------------c
Trying to moving ion 18... to 11
Ion assignment after moving ion 18: {0: 12, 1: 16, 2: 0, 3: 2, 4: 7, 5: 22, 6: 1, 7: 15, 8: 17, 9: 6, 10: 5, 11: 8, 12: 10, 13: 11, 14: 14, 15: 21}
Trying to solve brute-force congestion at gate [6, 12] with {0: 12, 1: 16, 2: 0, 3: 2, 4: 7, 5: 22, 6: 1, 7: 15, 8: 17, 9: 6, 10: 5, 11: 8, 12: 10, 13: 11, 14: 14, 15: 21}
Trying to moving ion 6... to 5
Ion assignment after moving ion 6: {0: 12, 1: 16, 2: 0, 3: 2, 4: 7, 5: 22, 6: 1, 7: 15, 8: 17, 9: 5, 10: 6, 11: 8, 12: 10, 13: 11, 14: 14, 15: 21}
Gate position gate updated to [ 5 12]--------------c
Trying to moving ion 12... to 6
Ion assignment after moving ion 12: {0: 6, 1: 16, 2: 0, 3: 2, 4: 8, 5: 24, 6: 1, 7: 15, 8: 17, 9: 5, 10: 7, 11: 9, 12: 10, 13: 11, 14: 13, 15: 20}
Trying to solve brute-force congestion at gate [11, 10] with {0: 6, 1: 16, 2: 0, 3: 2, 4: 8, 5: 24, 6: 1, 7: 15, 8: 17, 9: 5, 10: 7, 11: 9, 12: 10, 13: 11, 14: 13, 15: 20}
Trying to moving ion 11... to 10
Ion assignment after moving ion 11: {0: 6, 1: 16, 2: 0, 3: 2, 4: 8, 5: 24, 6: 1, 7: 15, 8: 17, 9: 5, 10: 7, 11: 9, 12: 11, 13: 10, 14: 13, 15: 20}
Gate position gate updated to [10 11]--------------c
Trying to moving ion 11... to 11
Ion assignment after moving ion 11: {0: 6, 1: 16, 2: 0, 3: 2, 4: 8, 5: 24, 6: 1, 7: 15, 8: 17, 9: 5, 10: 7, 11: 9, 12: 11, 13: 10, 14: 13, 15: 20}
Trying to solve brute-force congestion at gate [1, 17] with {0: 6, 1: 16, 2: 0, 3: 2, 4: 8, 5: 24, 6: 1, 7: 15, 8: 17, 9: 5, 10: 7, 11: 9, 12: 11, 13: 10, 14: 13, 15: 20}
Trying to moving ion 1... to 0
Ion assignment after moving ion 1: {0: 6, 1: 16, 2: 1, 3: 2, 4: 8, 5: 24, 6: 0, 7: 15, 8: 17, 9: 5, 10: 7, 11: 9, 12: 11, 13: 10, 14: 13, 15: 20}
Gate position gate updated to [ 0 17]--------------c
Trying to moving ion 17... to 1
Ion assignment after moving ion 17: {0: 6, 1: 16, 2: 2, 3: 3, 4: 8, 5: 23, 6: 0, 7: 15, 8: 1, 9: 5, 10: 7, 11: 9, 12: 11, 13: 10, 14: 13, 15: 21}
Trying to solve brute-force congestion at gate [10, 11] with {0: 6, 1: 16, 2: 2, 3: 3, 4: 8, 5: 23, 6: 0, 7: 15, 8: 1, 9: 5, 10: 7, 11: 9, 12: 11, 13: 10, 14: 13, 15: 21}
Trying to moving ion 10... to 10
Ion assignment after moving ion 10: {0: 6, 1: 16, 2: 2, 3: 3, 4: 8, 5: 23, 6: 0, 7: 15, 8: 1, 9: 5, 10: 7, 11: 9, 12: 11, 13: 10, 14: 13, 15: 21}
Gate position gate updated to [10 11]--------------c
Trying to moving ion 11... to 11
Ion assignment after moving ion 11: {0: 6, 1: 16, 2: 2, 3: 3, 4: 8, 5: 23, 6: 0, 7: 15, 8: 1, 9: 5, 10: 7, 11: 9, 12: 11, 13: 10, 14: 13, 15: 21}
Trying to solve brute-force congestion at gate [2, 13] with {0: 6, 1: 16, 2: 2, 3: 3, 4: 8, 5: 23, 6: 0, 7: 15, 8: 1, 9: 5, 10: 7, 11: 9, 12: 11, 13: 10, 14: 13, 15: 21}
Trying to moving ion 2... to 0
Ion assignment after moving ion 2: {0: 6, 1: 16, 2: 0, 3: 3, 4: 8, 5: 23, 6: 1, 7: 15, 8: 2, 9: 5, 10: 7, 11: 9, 12: 11, 13: 10, 14: 13, 15: 21}
Gate position gate updated to [ 0 13]--------------c
Trying to moving ion 13... to 1
Ion assignment after moving ion 13: {0: 6, 1: 16, 2: 0, 3: 4, 4: 8, 5: 24, 6: 2, 7: 15, 8: 3, 9: 5, 10: 7, 11: 9, 12: 11, 13: 10, 14: 1, 15: 21}
Trying to solve brute-force congestion at gate [0, 1] with {0: 6, 1: 16, 2: 0, 3: 4, 4: 8, 5: 24, 6: 2, 7: 15, 8: 3, 9: 5, 10: 7, 11: 9, 12: 11, 13: 10, 14: 1, 15: 21}
Trying to moving ion 0... to 0
Ion assignment after moving ion 0: {0: 6, 1: 16, 2: 0, 3: 4, 4: 8, 5: 24, 6: 2, 7: 15, 8: 3, 9: 5, 10: 7, 11: 9, 12: 11, 13: 10, 14: 1, 15: 21}
Clearing endpoint 4.........
Gate position gate updated to [0 1]--------------c
Trying to moving ion 1... to 1
Ion assignment after moving ion 1: {0: 6, 1: 16, 2: 0, 3: 20, 4: 8, 5: 24, 6: 2, 7: 15, 8: 3, 9: 5, 10: 7, 11: 9, 12: 11, 13: 10, 14: 1, 15: 21}
Trying to solve brute-force congestion at gate [20, 8] with {0: 6, 1: 16, 2: 0, 3: 20, 4: 8, 5: 24, 6: 2, 7: 15, 8: 3, 9: 5, 10: 7, 11: 9, 12: 11, 13: 10, 14: 1, 15: 21}
Trying to moving ion 8... to 5
Ion assignment after moving ion 8: {0: 7, 1: 16, 2: 0, 3: 20, 4: 5, 5: 24, 6: 2, 7: 15, 8: 3, 9: 6, 10: 8, 11: 9, 12: 11, 13: 10, 14: 1, 15: 21}
Clearing endpoint 9.........
Gate position gate updated to [ 5 20]--------------c
Trying to moving ion 20... to 6
Ion assignment after moving ion 20: {0: 8, 1: 16, 2: 0, 3: 6, 4: 5, 5: 24, 6: 2, 7: 15, 8: 3, 9: 7, 10: 9, 11: 22, 12: 11, 13: 10, 14: 1, 15: 23}
Trying to solve brute-force congestion at gate [24, 22] with {0: 8, 1: 16, 2: 0, 3: 6, 4: 5, 5: 24, 6: 2, 7: 15, 8: 3, 9: 7, 10: 9, 11: 22, 12: 11, 13: 10, 14: 1, 15: 23}
Trying to moving ion 24... to 15
Ion assignment after moving ion 24: {0: 8, 1: 17, 2: 0, 3: 6, 4: 5, 5: 15, 6: 2, 7: 16, 8: 3, 9: 7, 10: 9, 11: 22, 12: 11, 13: 10, 14: 1, 15: 23}
Gate position gate updated to [15 22]--------------c
Trying to moving ion 22... to 16
Ion assignment after moving ion 22: {0: 8, 1: 18, 2: 0, 3: 6, 4: 5, 5: 15, 6: 2, 7: 17, 8: 3, 9: 7, 10: 9, 11: 16, 12: 11, 13: 10, 14: 1, 15: 23}
Trying to solve brute-force congestion at gate [15, 16] with {0: 8, 1: 18, 2: 0, 3: 6, 4: 5, 5: 15, 6: 2, 7: 17, 8: 3, 9: 7, 10: 9, 11: 16, 12: 11, 13: 10, 14: 1, 15: 23}
Trying to moving ion 15... to 15
Ion assignment after moving ion 15: {0: 8, 1: 18, 2: 0, 3: 6, 4: 5, 5: 15, 6: 2, 7: 17, 8: 3, 9: 7, 10: 9, 11: 16, 12: 11, 13: 10, 14: 1, 15: 23}
Gate position gate updated to [15 16]--------------c
Trying to moving ion 16... to 16
Ion assignment after moving ion 16: {0: 8, 1: 18, 2: 0, 3: 6, 4: 5, 5: 15, 6: 2, 7: 17, 8: 3, 9: 7, 10: 9, 11: 16, 12: 11, 13: 10, 14: 1, 15: 23}
Trying to solve brute-force congestion at gate [6, 23] with {0: 8, 1: 18, 2: 0, 3: 6, 4: 5, 5: 15, 6: 2, 7: 17, 8: 3, 9: 7, 10: 9, 11: 16, 12: 11, 13: 10, 14: 1, 15: 23}
Trying to moving ion 6... to 5
Ion assignment after moving ion 6: {0: 8, 1: 18, 2: 0, 3: 5, 4: 6, 5: 15, 6: 2, 7: 17, 8: 3, 9: 7, 10: 9, 11: 16, 12: 11, 13: 10, 14: 1, 15: 23}
Clearing endpoint 9.........
Gate position gate updated to [ 5 23]--------------c
Trying to moving ion 23... to 6
Ion assignment after moving ion 23: {0: 9, 1: 18, 2: 0, 3: 5, 4: 7, 5: 15, 6: 2, 7: 17, 8: 3, 9: 8, 10: 20, 11: 16, 12: 11, 13: 10, 14: 1, 15: 6}
Trying to solve brute-force congestion at gate [7, 20] with {0: 9, 1: 18, 2: 0, 3: 5, 4: 7, 5: 15, 6: 2, 7: 17, 8: 3, 9: 8, 10: 20, 11: 16, 12: 11, 13: 10, 14: 1, 15: 6}
Trying to moving ion 7... to 5
Ion assignment after moving ion 7: {0: 9, 1: 18, 2: 0, 3: 6, 4: 5, 5: 15, 6: 2, 7: 17, 8: 3, 9: 8, 10: 20, 11: 16, 12: 11, 13: 10, 14: 1, 15: 7}
Clearing endpoint 9.........
Gate position gate updated to [ 5 20]--------------c
Trying to moving ion 20... to 6
Ion assignment after moving ion 20: {0: 22, 1: 18, 2: 0, 3: 7, 4: 5, 5: 15, 6: 2, 7: 17, 8: 3, 9: 9, 10: 6, 11: 16, 12: 11, 13: 10, 14: 1, 15: 8}
Trying to solve brute-force congestion at gate [7, 8] with {0: 22, 1: 18, 2: 0, 3: 7, 4: 5, 5: 15, 6: 2, 7: 17, 8: 3, 9: 9, 10: 6, 11: 16, 12: 11, 13: 10, 14: 1, 15: 8}
Trying to moving ion 7... to 5
Ion assignment after moving ion 7: {0: 22, 1: 18, 2: 0, 3: 5, 4: 6, 5: 15, 6: 2, 7: 17, 8: 3, 9: 9, 10: 7, 11: 16, 12: 11, 13: 10, 14: 1, 15: 8}
Clearing endpoint 9.........
Gate position gate updated to [5 8]--------------c
Trying to moving ion 8... to 6
Ion assignment after moving ion 8: {0: 22, 1: 18, 2: 0, 3: 5, 4: 7, 5: 15, 6: 2, 7: 17, 8: 3, 9: 21, 10: 8, 11: 16, 12: 11, 13: 10, 14: 1, 15: 6}
Trying to solve brute-force congestion at gate [7, 8] with {0: 22, 1: 18, 2: 0, 3: 5, 4: 7, 5: 15, 6: 2, 7: 17, 8: 3, 9: 21, 10: 8, 11: 16, 12: 11, 13: 10, 14: 1, 15: 6}
Trying to moving ion 7... to 5
Ion assignment after moving ion 7: {0: 22, 1: 18, 2: 0, 3: 6, 4: 5, 5: 15, 6: 2, 7: 17, 8: 3, 9: 21, 10: 8, 11: 16, 12: 11, 13: 10, 14: 1, 15: 7}
Gate position gate updated to [5 8]--------------c
Trying to moving ion 8... to 6
Ion assignment after moving ion 8: {0: 22, 1: 18, 2: 0, 3: 7, 4: 5, 5: 15, 6: 2, 7: 17, 8: 3, 9: 21, 10: 6, 11: 16, 12: 11, 13: 10, 14: 1, 15: 8}
Executing gate at point (0, 7).
Executing gate at point (0, 4).
Executing gate at point (0, 13).
Executing gate at point (0, 3).
Executing gate at point (0, 6).
Executing gate at point (0, 2).
Executing gate at point (0, 5).
Executing gate at point (1, 2).
Executing gate at point (1, 5).
Executing gate at point (1, 4).
Executing gate at point (1, 7).
Executing gate at point (1, 13).
Executing gate at point (1, 6).
Executing gate at point (1, 3).
Executing gate at point (2, 4).
Executing gate at point (2, 7).
Executing gate at point (2, 13).
Executing gate at point (2, 3).
Executing gate at point (2, 6).
Executing gate at point (2, 2).
Executing gate at point (2, 5).
Executing gate at point (3, 13).
Executing gate at point (3, 3).
Executing gate at point (3, 2).
Executing gate at point (3, 5).
Executing gate at point (4, 13).
Executing gate at point (4, 3).
Executing gate at point (4, 2).
Executing gate at point (4, 5).
Executing gate at point (5, 5).
Executing gate at point (5, 13).
Executing gate at point (5, 2).
Executing gate at point (5, 3).
Best move: (10, 11)
Best move: (8, 9)
Best move: (22, 23)
Best move: (21, 22)
Best move: (9, 21)
Best move: (7, 8)
Best move: (8, 9)
Best move: (14, 23)
Try bruteforce due to multiple steps (8) to solve one gate
Trying to solve brute-force congestion at gate [15, 11] with {0: 14, 1: 18, 2: 0, 3: 9, 4: 5, 5: 15, 6: 2, 7: 17, 8: 3, 9: 22, 10: 6, 11: 16, 12: 10, 13: 11, 14: 1, 15: 21}Input filename:  QuantumVolume_wsq_16
Algorithm:  SHAW
Trap type:  H
Trap capacity:  5
Num layout passes:  2
Gate type:  FM
Run index:  4
Creating a QCCD machine ...
QCCD physical machine:
### Traps ### 
Trap(id='trap_0', max_num_ions=5, initial_num_ions=0, executable=True, measureable=False)
Trap(id='trap_1', max_num_ions=5, initial_num_ions=0, executable=True, measureable=True)
Trap(id='trap_2', max_num_ions=5, initial_num_ions=0, executable=True, measureable=False)
Trap(id='trap_3', max_num_ions=5, initial_num_ions=0, executable=True, measureable=True)
### Junctions ### 
Junction(id='junction_0')
Junction(id='junction_1')
### Segments ### 
Segment(id='segment_0', left=Trap(id='trap_0', max_num_ions=5, initial_num_ions=0, executable=True, measureable=False), right=Junction(id='junction_0'))
Segment(id='segment_1', left=Trap(id='trap_1', max_num_ions=5, initial_num_ions=0, executable=True, measureable=True), right=Junction(id='junction_0'))
Segment(id='segment_2', left=Junction(id='junction_0'), right=Junction(id='junction_1'))
Segment(id='segment_3', left=Trap(id='trap_2', max_num_ions=5, initial_num_ions=0, executable=True, measureable=False), right=Junction(id='junction_1'))
Segment(id='segment_4', left=Trap(id='trap_3', max_num_ions=5, initial_num_ions=0, executable=True, measureable=True), right=Junction(id='junction_1'))
Finished creating the QCCD physical machine.
Position graph:  CouplingGraph({(3, 4), (12, 13), (21, 22), (22, 23), (8, 9), (17, 18), (19, 24), (13, 14), (18, 19), (5, 6), (20, 22), (23, 24), (4, 20), (0, 1), (1, 2), (10, 11), (6, 7), (15, 16), (20, 21), (14, 23), (22, 24), (2, 3), (11, 12), (9, 21), (7, 8), (16, 17)})
Initial ion assignment:  {0: 4, 1: 9, 2: 11, 3: 8, 4: 12, 5: 14, 6: 5, 7: 2, 8: 13, 9: 3, 10: 17, 11: 7, 12: 1, 13: 15, 14: 16, 15: 19}
Congestion rate:  1.0
Scheduling QCCD: 6239.999999999999 us, costing 34.63987379998434 s to compile
0.006239999999999999
34.63987379998434
{0: 22, 1: 18, 2: 0, 3: 7, 4: 5, 5: 15, 6: 2, 7: 17, 8: 3, 9: 21, 10: 6, 11: 16, 12: 11, 13: 10, 14: 1, 15: 8}
[0, 1, 2, 3, 4, 5, 6, 7, 8, 9, 10, 11, 12, 13, 14, 15]
