Best move: (9, 21)
Best move: (14, 23)
Best move: (20, 21)
Best move: (23, 24)
Best move: (17, 18)
Best move: (2, 3)
Best move: (6, 7)
Best move: (16, 17)
Try bruteforce due to multiple steps (8) to solve one gate
Trying to solve brute-force congestion at gate [18, 20] with {0: 3, 1: 18, 2: 15, 3: 16, 4: 17, 5: 2, 6: 13, 7: 20, 8: 1, 9: 5, 10: 6, 11: 12, 12: 10, 13: 8, 14: 7, 15: 24}
Trying to moving ion 18... to 15
Ion assignment after moving ion 18: {0: 3, 1: 15, 2: 16, 3: 17, 4: 18, 5: 2, 6: 13, 7: 20, 8: 1, 9: 5, 10: 6, 11: 12, 12: 10, 13: 8, 14: 7, 15: 24}
Gate position gate updated to [15 20]--------------c
Trying to moving ion 20... to 16
Ion assignment after moving ion 20: {0: 3, 1: 15, 2: 17, 3: 18, 4: 19, 5: 2, 6: 13, 7: 16, 8: 1, 9: 5, 10: 6, 11: 12, 12: 10, 13: 8, 14: 7, 15: 23}
Executing gate at point (0, 1).
Best move: (19, 24)
Best move: (17, 18)
Best move: (10, 11)
Best move: (11, 12)
Best move: (3, 4)
Best move: (4, 20)
Best move: (20, 21)
Best move: (2, 3)
Try bruteforce due to multiple steps (8) to solve one gate
Trying to solve brute-force congestion at gate [24, 6] with {0: 21, 1: 15, 2: 18, 3: 17, 4: 24, 5: 3, 6: 13, 7: 16, 8: 1, 9: 5, 10: 6, 11: 11, 12: 12, 13: 8, 14: 7, 15: 23}
Trying to moving ion 6... to 5
Ion assignment after moving ion 6: {0: 21, 1: 15, 2: 18, 3: 17, 4: 24, 5: 3, 6: 13, 7: 16, 8: 1, 9: 6, 10: 5, 11: 11, 12: 12, 13: 8, 14: 7, 15: 23}
Gate position gate updated to [ 5 24]--------------c
Trying to moving ion 24... to 6
Ion assignment after moving ion 24: {0: 20, 1: 15, 2: 18, 3: 17, 4: 6, 5: 3, 6: 13, 7: 16, 8: 1, 9: 7, 10: 5, 11: 11, 12: 12, 13: 9, 14: 8, 15: 23}
Executing gate at point (0, 4).
Best move: (9, 21)
Best move: (23, 24)
Best move: (21, 22)
Best move: (20, 21)
Best move: (9, 21)
Executing gate at point (0, 0).
Executing gate at point (1, 9).
Best move: (22, 23)
Best move: (8, 9)
Best move: (9, 21)
Best move: (1, 2)
Best move: (11, 12)
Best move: (11, 12)
Best move: (14, 23)
Executing gate at point (0, 12).
Best move: (11, 12)
Best move: (13, 14)
Best move: (14, 23)
Best move: (22, 23)
Best move: (20, 22)
Best move: (4, 20)
Executing gate at point (0, 6).
Best move: (3, 4)
Best move: (4, 20)
Best move: (20, 22)
Best move: (22, 23)
Best move: (2, 3)
Best move: (21, 22)
Best move: (17, 18)
Best move: (12, 13)
Try bruteforce due to multiple steps (8) to solve one gate
Trying to solve brute-force congestion at gate [15, 3] with {0: 8, 1: 15, 2: 17, 3: 18, 4: 6, 5: 23, 6: 2, 7: 16, 8: 3, 9: 7, 10: 5, 11: 13, 12: 11, 13: 12, 14: 22, 15: 24}
Trying to moving ion 15... to 15
Ion assignment after moving ion 15: {0: 8, 1: 15, 2: 17, 3: 18, 4: 6, 5: 23, 6: 2, 7: 16, 8: 3, 9: 7, 10: 5, 11: 13, 12: 11, 13: 12, 14: 22, 15: 24}
Gate position gate updated to [15  3]--------------c
Trying to moving ion 3... to 16
Ion assignment after moving ion 3: {0: 8, 1: 15, 2: 18, 3: 19, 4: 6, 5: 14, 6: 2, 7: 17, 8: 16, 9: 7, 10: 5, 11: 13, 12: 11, 13: 12, 14: 21, 15: 23}
Executing gate at point (1, 1).
Executing gate at point (0, 5).
Best move: (19, 24)
Best move: (22, 24)
Best move: (20, 22)
Best move: (22, 23)
Best move: (14, 23)
Best move: (23, 24)
Best move: (4, 20)
Best move: (20, 22)
Try bruteforce due to multiple steps (8) to solve one gate
Trying to solve brute-force congestion at gate [24, 17] with {0: 8, 1: 15, 2: 18, 3: 4, 4: 6, 5: 24, 6: 2, 7: 17, 8: 16, 9: 7, 10: 5, 11: 13, 12: 11, 13: 12, 14: 21, 15: 20}
Trying to moving ion 17... to 15
Ion assignment after moving ion 17: {0: 8, 1: 16, 2: 18, 3: 4, 4: 6, 5: 24, 6: 2, 7: 15, 8: 17, 9: 7, 10: 5, 11: 13, 12: 11, 13: 12, 14: 21, 15: 20}
Gate position gate updated to [15 24]--------------c
Trying to moving ion 24... to 16
Ion assignment after moving ion 24: {0: 8, 1: 17, 2: 19, 3: 4, 4: 6, 5: 16, 6: 2, 7: 15, 8: 18, 9: 7, 10: 5, 11: 13, 12: 11, 13: 12, 14: 21, 15: 20}
Executing gate at point (1, 5).
Executing gate at point (2, 1).
Best move: (19, 24)
Best move: (22, 24)
Best move: (12, 13)
Best move: (3, 4)
Best move: (16, 17)
Best move: (17, 18)
Best move: (18, 19)
Best move: (19, 24)
Try bruteforce due to multiple steps (8) to solve one gate
Trying to solve brute-force congestion at gate [22, 21] with {0: 8, 1: 16, 2: 22, 3: 3, 4: 6, 5: 24, 6: 2, 7: 15, 8: 17, 9: 7, 10: 5, 11: 12, 12: 11, 13: 13, 14: 21, 15: 20}
Trying to moving ion 21... to 5
Ion assignment after moving ion 21: {0: 9, 1: 16, 2: 22, 3: 3, 4: 7, 5: 24, 6: 2, 7: 15, 8: 17, 9: 8, 10: 6, 11: 12, 12: 11, 13: 13, 14: 5, 15: 20}
Clearing endpoint 9.........
Gate position gate updated to [ 5 22]--------------c
Trying to moving ion 22... to 6
Ion assignment after moving ion 22: {0: 20, 1: 16, 2: 6, 3: 3, 4: 8, 5: 24, 6: 2, 7: 15, 8: 17, 9: 9, 10: 7, 11: 12, 12: 11, 13: 13, 14: 5, 15: 4}
Executing gate at point (0, 2).
Executing gate at point (0, 3).
Best move: (1, 2)
Best move: (2, 3)
Best move: (20, 22)
Best move: (4, 20)
Best move: (6, 7)
Best move: (5, 6)
Best move: (8, 9)
Best move: (9, 21)
Try bruteforce due to multiple steps (8) to solve one gate
Trying to solve brute-force congestion at gate [7, 1] with {0: 22, 1: 16, 2: 7, 3: 2, 4: 21, 5: 24, 6: 1, 7: 15, 8: 17, 9: 8, 10: 5, 11: 12, 12: 11, 13: 13, 14: 6, 15: 20}
Trying to moving ion 1... to 0
Ion assignment after moving ion 1: {0: 22, 1: 16, 2: 7, 3: 2, 4: 21, 5: 24, 6: 0, 7: 15, 8: 17, 9: 8, 10: 5, 11: 12, 12: 11, 13: 13, 14: 6, 15: 20}
Gate position gate updated to [0 7]--------------c
Trying to moving ion 7... to 1
Ion assignment after moving ion 7: {0: 14, 1: 16, 2: 1, 3: 3, 4: 23, 5: 24, 6: 0, 7: 15, 8: 17, 9: 7, 10: 5, 11: 12, 12: 11, 13: 13, 14: 6, 15: 22}
Executing gate at point (1, 2).
Best move: (0, 1)
Best move: (1, 2)
Best move: (2, 3)
Best move: (19, 24)
Best move: (18, 19)
Best move: (6, 7)
Best move: (7, 8)
Best move: (13, 14)
Try bruteforce due to multiple steps (8) to solve one gate
Trying to solve brute-force congestion at gate [13, 8] with {0: 13, 1: 16, 2: 0, 3: 2, 4: 23, 5: 18, 6: 3, 7: 15, 8: 17, 9: 6, 10: 5, 11: 12, 12: 11, 13: 14, 14: 8, 15: 22}
Trying to moving ion 8... to 5
Ion assignment after moving ion 8: {0: 13, 1: 16, 2: 0, 3: 2, 4: 23, 5: 18, 6: 3, 7: 15, 8: 17, 9: 7, 10: 6, 11: 12, 12: 11, 13: 14, 14: 5, 15: 22}
Gate position gate updated to [ 5 13]--------------c
Trying to moving ion 13... to 6
Ion assignment after moving ion 13: {0: 6, 1: 16, 2: 0, 3: 2, 4: 24, 5: 18, 6: 3, 7: 15, 8: 17, 9: 8, 10: 7, 11: 12, 12: 11, 13: 13, 14: 5, 15: 20}
Executing gate at point (1, 0).
Best move: (22, 24)
Best move: (6, 7)
Best move: (20, 21)
Best move: (20, 22)
Best move: (17, 18)
Best move: (7, 8)
Best move: (4, 20)
Executing gate at point (1, 3).
Executing gate at point (2, 2).
Best move: (5, 6)
Best move: (5, 6)
Best move: (3, 4)
Best move: (4, 20)
Best move: (6, 7)
Best move: (7, 8)
Best move: (20, 22)
Best move: (20, 22)
Try bruteforce due to multiple steps (8) to solve one gate
Trying to solve brute-force congestion at gate [20, 8] with {0: 7, 1: 16, 2: 0, 3: 2, 4: 3, 5: 17, 6: 20, 7: 15, 8: 18, 9: 6, 10: 8, 11: 12, 12: 11, 13: 13, 14: 5, 15: 21}
Trying to moving ion 8... to 5
Ion assignment after moving ion 8: {0: 8, 1: 16, 2: 0, 3: 2, 4: 3, 5: 17, 6: 20, 7: 15, 8: 18, 9: 7, 10: 5, 11: 12, 12: 11, 13: 13, 14: 6, 15: 21}
Gate position gate updated to [ 5 20]--------------c
Trying to moving ion 20... to 6
Ion assignment after moving ion 20: {0: 9, 1: 16, 2: 0, 3: 2, 4: 3, 5: 17, 6: 6, 7: 15, 8: 18, 9: 8, 10: 5, 11: 12, 12: 11, 13: 13, 14: 7, 15: 22}
Executing gate at point (2, 6).
Best move: (22, 23)
Best move: (14, 23)
Executing gate at point (1, 11).
Best move: (9, 21)
Best move: (14, 23)
Best move: (22, 23)
Best move: (20, 22)
Best move: (21, 22)
Best move: (22, 23)
Best move: (20, 21)
Best move: (14, 23)
Try bruteforce due to multiple steps (8) to solve one gate
Trying to solve brute-force congestion at gate [3, 12] with {0: 14, 1: 16, 2: 0, 3: 2, 4: 3, 5: 17, 6: 6, 7: 15, 8: 18, 9: 8, 10: 5, 11: 12, 12: 11, 13: 13, 14: 7, 15: 21}
Trying to moving ion 12... to 10
Ion assignment after moving ion 12: {0: 14, 1: 16, 2: 0, 3: 2, 4: 3, 5: 17, 6: 6, 7: 15, 8: 18, 9: 8, 10: 5, 11: 10, 12: 12, 13: 13, 14: 7, 15: 21}
Clearing endpoint 14.........
Gate position gate updated to [10  3]--------------c
Trying to moving ion 3... to 11
Ion assignment after moving ion 3: {0: 24, 1: 16, 2: 0, 3: 2, 4: 11, 5: 17, 6: 6, 7: 15, 8: 18, 9: 8, 10: 5, 11: 10, 12: 13, 13: 14, 14: 7, 15: 21}
Executing gate at point (2, 4).
Best move: (23, 24)
Best move: (12, 13)
Best move: (9, 21)
Executing gate at point (2, 9).
Best move: (7, 8)
Best move: (8, 9)
Best move: (9, 21)
Best move: (21, 22)
Best move: (22, 24)
Best move: (13, 14)
Best move: (14, 23)
Executing gate at point (2, 0).
Best move: (13, 14)
Best move: (14, 23)
Best move: (17, 18)
Best move: (17, 18)
Best move: (17, 18)
Best move: (22, 23)
Best move: (22, 23)
Try bruteforce due to repeated pattern...
Trying to solve brute-force congestion at gate [18, 23] with {0: 13, 1: 16, 2: 0, 3: 2, 4: 11, 5: 18, 6: 6, 7: 15, 8: 17, 9: 7, 10: 5, 11: 10, 12: 12, 13: 23, 14: 24, 15: 8}
Trying to moving ion 18... to 15
Ion assignment after moving ion 18: {0: 13, 1: 17, 2: 0, 3: 2, 4: 11, 5: 15, 6: 6, 7: 16, 8: 18, 9: 7, 10: 5, 11: 10, 12: 12, 13: 23, 14: 24, 15: 8}
Gate position gate updated to [15 23]--------------c
Trying to moving ion 23... to 16
Ion assignment after moving ion 23: {0: 13, 1: 18, 2: 0, 3: 2, 4: 11, 5: 15, 6: 6, 7: 17, 8: 19, 9: 7, 10: 5, 11: 10, 12: 12, 13: 16, 14: 22, 15: 8}
Executing gate at point (2, 5).
Best move: (19, 24)
Best move: (20, 22)
Best move: (22, 24)
Best move: (4, 20)
Best move: (20, 22)
Best move: (3, 4)
Best move: (4, 20)
Executing gate at point (2, 8).
Trying to solve brute-force congestion at gate [1, 7] with {0: 12, 1: 18, 2: 1, 3: 2, 4: 11, 5: 15, 6: 7, 7: 16, 8: 24, 9: 6, 10: 5, 11: 10, 12: 13, 13: 17, 14: 3, 15: 9}
Trying to moving ion 1... to 0
Ion assignment after moving ion 1: {0: 12, 1: 18, 2: 0, 3: 2, 4: 11, 5: 15, 6: 7, 7: 16, 8: 24, 9: 6, 10: 5, 11: 10, 12: 13, 13: 17, 14: 3, 15: 9}
Gate position gate updated to [0 7]--------------c
Trying to moving ion 7... to 1
Ion assignment after moving ion 7: {0: 12, 1: 18, 2: 0, 3: 3, 4: 11, 5: 15, 6: 1, 7: 16, 8: 24, 9: 6, 10: 5, 11: 10, 12: 13, 13: 17, 14: 4, 15: 8}
Trying to solve brute-force congestion at gate [13, 17] with {0: 12, 1: 18, 2: 0, 3: 3, 4: 11, 5: 15, 6: 1, 7: 16, 8: 24, 9: 6, 10: 5, 11: 10, 12: 13, 13: 17, 14: 4, 15: 8}
Trying to moving ion 17... to 15
Ion assignment after moving ion 17: {0: 12, 1: 18, 2: 0, 3: 3, 4: 11, 5: 16, 6: 1, 7: 17, 8: 24, 9: 6, 10: 5, 11: 10, 12: 13, 13: 15, 14: 4, 15: 8}
Gate position gate updated to [15 13]--------------c
Trying to moving ion 13... to 16
Ion assignment after moving ion 13: {0: 12, 1: 19, 2: 0, 3: 3, 4: 11, 5: 17, 6: 1, 7: 18, 8: 22, 9: 6, 10: 5, 11: 10, 12: 16, 13: 15, 14: 4, 15: 8}
Trying to solve brute-force congestion at gate [10, 8] with {0: 12, 1: 19, 2: 0, 3: 3, 4: 11, 5: 17, 6: 1, 7: 18, 8: 22, 9: 6, 10: 5, 11: 10, 12: 16, 13: 15, 14: 4, 15: 8}
Trying to moving ion 10... to 10
Ion assignment after moving ion 10: {0: 12, 1: 19, 2: 0, 3: 3, 4: 11, 5: 17, 6: 1, 7: 18, 8: 22, 9: 6, 10: 5, 11: 10, 12: 16, 13: 15, 14: 4, 15: 8}
Gate position gate updated to [10  8]--------------c
Trying to moving ion 8... to 11
Ion assignment after moving ion 8: {0: 13, 1: 19, 2: 0, 3: 3, 4: 12, 5: 17, 6: 1, 7: 18, 8: 20, 9: 6, 10: 5, 11: 10, 12: 16, 13: 15, 14: 4, 15: 11}
Trying to solve brute-force congestion at gate [19, 20] with {0: 13, 1: 19, 2: 0, 3: 3, 4: 12, 5: 17, 6: 1, 7: 18, 8: 20, 9: 6, 10: 5, 11: 10, 12: 16, 13: 15, 14: 4, 15: 11}
Trying to moving ion 19... to 15
Ion assignment after moving ion 19: {0: 13, 1: 15, 2: 0, 3: 3, 4: 12, 5: 18, 6: 1, 7: 19, 8: 20, 9: 6, 10: 5, 11: 10, 12: 17, 13: 16, 14: 4, 15: 11}
Clearing endpoint 19.........
Gate position gate updated to [15 20]--------------c
Trying to moving ion 20... to 16
Ion assignment after moving ion 20: {0: 13, 1: 15, 2: 0, 3: 3, 4: 12, 5: 19, 6: 1, 7: 23, 8: 16, 9: 6, 10: 5, 11: 10, 12: 18, 13: 17, 14: 4, 15: 11}
Trying to solve brute-force congestion at gate [15, 23] with {0: 13, 1: 15, 2: 0, 3: 3, 4: 12, 5: 19, 6: 1, 7: 23, 8: 16, 9: 6, 10: 5, 11: 10, 12: 18, 13: 17, 14: 4, 15: 11}
Trying to moving ion 15... to 15
Ion assignment after moving ion 15: {0: 13, 1: 15, 2: 0, 3: 3, 4: 12, 5: 19, 6: 1, 7: 23, 8: 16, 9: 6, 10: 5, 11: 10, 12: 18, 13: 17, 14: 4, 15: 11}
Clearing endpoint 19.........
Gate position gate updated to [15 23]--------------c
Trying to moving ion 23... to 16
Ion assignment after moving ion 23: {0: 13, 1: 15, 2: 0, 3: 3, 4: 12, 5: 22, 6: 1, 7: 16, 8: 17, 9: 6, 10: 5, 11: 10, 12: 19, 13: 18, 14: 4, 15: 11}
Trying to solve brute-force congestion at gate [22, 10] with {0: 13, 1: 15, 2: 0, 3: 3, 4: 12, 5: 22, 6: 1, 7: 16, 8: 17, 9: 6, 10: 5, 11: 10, 12: 19, 13: 18, 14: 4, 15: 11}
Trying to moving ion 10... to 10
Ion assignment after moving ion 10: {0: 13, 1: 15, 2: 0, 3: 3, 4: 12, 5: 22, 6: 1, 7: 16, 8: 17, 9: 6, 10: 5, 11: 10, 12: 19, 13: 18, 14: 4, 15: 11}
Gate position gate updated to [10 22]--------------c
Trying to moving ion 22... to 11
Ion assignment after moving ion 22: {0: 14, 1: 15, 2: 0, 3: 3, 4: 13, 5: 11, 6: 1, 7: 16, 8: 17, 9: 6, 10: 5, 11: 10, 12: 19, 13: 18, 14: 4, 15: 12}
Trying to solve brute-force congestion at gate [14, 4] with {0: 14, 1: 15, 2: 0, 3: 3, 4: 13, 5: 11, 6: 1, 7: 16, 8: 17, 9: 6, 10: 5, 11: 10, 12: 19, 13: 18, 14: 4, 15: 12}
Trying to moving ion 4... to 0
Ion assignment after moving ion 4: {0: 14, 1: 15, 2: 1, 3: 4, 4: 13, 5: 11, 6: 2, 7: 16, 8: 17, 9: 6, 10: 5, 11: 10, 12: 19, 13: 18, 14: 0, 15: 12}
Clearing endpoint 4.........
Gate position gate updated to [ 0 14]--------------c
Trying to moving ion 14... to 1
Ion assignment after moving ion 14: {0: 1, 1: 15, 2: 2, 3: 4, 4: 13, 5: 11, 6: 3, 7: 16, 8: 17, 9: 6, 10: 5, 11: 10, 12: 19, 13: 18, 14: 0, 15: 12}
Trying to solve brute-force congestion at gate [1, 6] with {0: 1, 1: 15, 2: 2, 3: 4, 4: 13, 5: 11, 6: 3, 7: 16, 8: 17, 9: 6, 10: 5, 11: 10, 12: 19, 13: 18, 14: 0, 15: 12}
Trying to moving ion 1... to 0
Ion assignment after moving ion 1: {0: 0, 1: 15, 2: 2, 3: 4, 4: 13, 5: 11, 6: 3, 7: 16, 8: 17, 9: 6, 10: 5, 11: 10, 12: 19, 13: 18, 14: 1, 15: 12}
Clearing endpoint 4.........
Gate position gate updated to [0 6]--------------c
Trying to moving ion 6... to 1
Ion assignment after moving ion 6: {0: 0, 1: 15, 2: 3, 3: 22, 4: 13, 5: 11, 6: 4, 7: 16, 8: 17, 9: 1, 10: 5, 11: 10, 12: 19, 13: 18, 14: 2, 15: 12}
Trying to solve brute-force congestion at gate [22, 13] with {0: 0, 1: 15, 2: 3, 3: 22, 4: 13, 5: 11, 6: 4, 7: 16, 8: 17, 9: 1, 10: 5, 11: 10, 12: 19, 13: 18, 14: 2, 15: 12}
Trying to moving ion 13... to 10
Ion assignment after moving ion 13: {0: 0, 1: 15, 2: 3, 3: 22, 4: 10, 5: 12, 6: 4, 7: 16, 8: 17, 9: 1, 10: 5, 11: 11, 12: 19, 13: 18, 14: 2, 15: 13}
Gate position gate updated to [10 22]--------------c
Trying to moving ion 22... to 11
Ion assignment after moving ion 22: {0: 0, 1: 15, 2: 3, 3: 11, 4: 10, 5: 13, 6: 4, 7: 16, 8: 17, 9: 1, 10: 5, 11: 12, 12: 19, 13: 18, 14: 2, 15: 14}
Trying to solve brute-force congestion at gate [11, 14] with {0: 0, 1: 15, 2: 3, 3: 11, 4: 10, 5: 13, 6: 4, 7: 16, 8: 17, 9: 1, 10: 5, 11: 12, 12: 19, 13: 18, 14: 2, 15: 14}
Trying to moving ion 11... to 10
Ion assignment after moving ion 11: {0: 0, 1: 15, 2: 3, 3: 10, 4: 11, 5: 13, 6: 4, 7: 16, 8: 17, 9: 1, 10: 5, 11: 12, 12: 19, 13: 18, 14: 2, 15: 14}
Gate position gate updated to [10 14]--------------c
Trying to moving ion 14... to 11
Ion assignment after moving ion 14: {0: 0, 1: 15, 2: 3, 3: 10, 4: 12, 5: 14, 6: 4, 7: 16, 8: 17, 9: 1, 10: 5, 11: 13, 12: 19, 13: 18, 14: 2, 15: 11}
Trying to solve brute-force congestion at gate [12, 5] with {0: 0, 1: 15, 2: 3, 3: 10, 4: 12, 5: 14, 6: 4, 7: 16, 8: 17, 9: 1, 10: 5, 11: 13, 12: 19, 13: 18, 14: 2, 15: 11}
Trying to moving ion 5... to 5
Ion assignment after moving ion 5: {0: 0, 1: 15, 2: 3, 3: 10, 4: 12, 5: 14, 6: 4, 7: 16, 8: 17, 9: 1, 10: 5, 11: 13, 12: 19, 13: 18, 14: 2, 15: 11}
Gate position gate updated to [ 5 12]--------------c
Trying to moving ion 12... to 6
Ion assignment after moving ion 12: {0: 0, 1: 15, 2: 3, 3: 10, 4: 6, 5: 13, 6: 4, 7: 16, 8: 17, 9: 1, 10: 5, 11: 12, 12: 19, 13: 18, 14: 2, 15: 11}
Trying to solve brute-force congestion at gate [4, 17] with {0: 0, 1: 15, 2: 3, 3: 10, 4: 6, 5: 13, 6: 4, 7: 16, 8: 17, 9: 1, 10: 5, 11: 12, 12: 19, 13: 18, 14: 2, 15: 11}
Trying to moving ion 17... to 15
Ion assignment after moving ion 17: {0: 0, 1: 16, 2: 3, 3: 10, 4: 6, 5: 13, 6: 4, 7: 17, 8: 15, 9: 1, 10: 5, 11: 12, 12: 19, 13: 18, 14: 2, 15: 11}
Clearing endpoint 19.........
Gate position gate updated to [15  4]--------------c
Trying to moving ion 4... to 16
Ion assignment after moving ion 4: {0: 0, 1: 17, 2: 3, 3: 10, 4: 6, 5: 13, 6: 16, 7: 18, 8: 15, 9: 1, 10: 5, 11: 12, 12: 23, 13: 19, 14: 2, 15: 11}
Executing gate at point (0, 1).
Executing gate at point (0, 4).
Executing gate at point (0, 0).
Executing gate at point (0, 3).
Executing gate at point (0, 6).
Executing gate at point (0, 2).
Executing gate at point (0, 5).
Executing gate at point (1, 11).
Executing gate at point (1, 1).
Executing gate at point (1, 0).
Best move: (19, 24)
Best move: (5, 6)
Best move: (6, 7)
Best move: (22, 23)
Best move: (23, 24)
Best move: (20, 22)
Best move: (5, 6)
Best move: (10, 11)
Try bruteforce due to multiple steps (8) to solve one gate
Trying to solve brute-force congestion at gate [3, 16] with {0: 0, 1: 17, 2: 3, 3: 11, 4: 6, 5: 13, 6: 16, 7: 18, 8: 15, 9: 1, 10: 7, 11: 12, 12: 20, 13: 23, 14: 2, 15: 10}
Trying to moving ion 16... to 15
Ion assignment after moving ion 16: {0: 0, 1: 17, 2: 3, 3: 11, 4: 6, 5: 13, 6: 15, 7: 18, 8: 16, 9: 1, 10: 7, 11: 12, 12: 20, 13: 23, 14: 2, 15: 10}
Gate position gate updated to [15  3]--------------c
Trying to moving ion 3... to 16
Ion assignment after moving ion 3: {0: 0, 1: 18, 2: 16, 3: 11, 4: 6, 5: 13, 6: 15, 7: 19, 8: 17, 9: 1, 10: 7, 11: 12, 12: 21, 13: 23, 14: 2, 15: 10}
Executing gate at point (1, 2).
Best move: (22, 23)
Best move: (20, 21)
Best move: (17, 18)
Best move: (4, 20)
Best move: (3, 4)
Best move: (20, 22)
Best move: (7, 8)
Best move: (8, 9)
Try bruteforce due to multiple steps (8) to solve one gate
Trying to solve brute-force congestion at gate [3, 20] with {0: 0, 1: 17, 2: 16, 3: 11, 4: 6, 5: 13, 6: 15, 7: 19, 8: 18, 9: 1, 10: 9, 11: 12, 12: 3, 13: 20, 14: 2, 15: 10}
Trying to moving ion 3... to 0
Ion assignment after moving ion 3: {0: 1, 1: 17, 2: 16, 3: 11, 4: 6, 5: 13, 6: 15, 7: 19, 8: 18, 9: 2, 10: 9, 11: 12, 12: 0, 13: 20, 14: 3, 15: 10}
Gate position gate updated to [ 0 20]--------------c
Trying to moving ion 20... to 1
Ion assignment after moving ion 20: {0: 2, 1: 17, 2: 16, 3: 11, 4: 6, 5: 13, 6: 15, 7: 19, 8: 18, 9: 3, 10: 9, 11: 12, 12: 0, 13: 1, 14: 4, 15: 10}
Executing gate at point (0, 12).
Executing gate at point (2, 0).
Best move: (19, 24)
Best move: (4, 20)
Best move: (9, 21)
Best move: (20, 22)
Best move: (20, 21)
Best move: (23, 24)
Best move: (22, 24)
Best move: (11, 12)
Try bruteforce due to multiple steps (8) to solve one gate
Trying to solve brute-force congestion at gate [12, 6] with {0: 2, 1: 17, 2: 16, 3: 12, 4: 6, 5: 13, 6: 15, 7: 23, 8: 18, 9: 3, 10: 20, 11: 11, 12: 0, 13: 1, 14: 24, 15: 10}
Trying to moving ion 6... to 5
Ion assignment after moving ion 6: {0: 2, 1: 17, 2: 16, 3: 12, 4: 5, 5: 13, 6: 15, 7: 23, 8: 18, 9: 3, 10: 20, 11: 11, 12: 0, 13: 1, 14: 24, 15: 10}
Gate position gate updated to [ 5 12]--------------c
Trying to moving ion 12... to 6
Ion assignment after moving ion 12: {0: 2, 1: 17, 2: 16, 3: 6, 4: 5, 5: 12, 6: 15, 7: 24, 8: 18, 9: 3, 10: 20, 11: 11, 12: 0, 13: 1, 14: 19, 15: 10}
Executing gate at point (1, 3).
Executing gate at point (2, 8).
Best move: (23, 24)
Best move: (14, 23)
Executing gate at point (1, 5).
Best move: (17, 18)
Best move: (16, 17)
Best move: (13, 14)
Best move: (5, 6)
Best move: (12, 13)
Best move: (18, 19)
Best move: (19, 24)
Best move: (17, 18)
Try bruteforce due to multiple steps (8) to solve one gate
Trying to solve brute-force congestion at gate [6, 11] with {0: 2, 1: 24, 2: 18, 3: 5, 4: 6, 5: 13, 6: 15, 7: 12, 8: 16, 9: 3, 10: 20, 11: 11, 12: 0, 13: 1, 14: 17, 15: 10}
Trying to moving ion 11... to 10
Ion assignment after moving ion 11: {0: 2, 1: 24, 2: 18, 3: 5, 4: 6, 5: 13, 6: 15, 7: 12, 8: 16, 9: 3, 10: 20, 11: 10, 12: 0, 13: 1, 14: 17, 15: 11}
Gate position gate updated to [10  6]--------------c
Trying to moving ion 6... to 11
Ion assignment after moving ion 6: {0: 2, 1: 24, 2: 18, 3: 5, 4: 11, 5: 14, 6: 15, 7: 13, 8: 16, 9: 3, 10: 20, 11: 10, 12: 0, 13: 1, 14: 17, 15: 12}
Executing gate at point (2, 4).
Best move: (14, 23)
Best move: (22, 23)
Best move: (23, 24)
Best move: (21, 22)
Best move: (14, 23)
Executing gate at point (2, 1).
Best move: (5, 6)
Best move: (6, 7)
Best move: (7, 8)
Best move: (8, 9)
Best move: (1, 2)
Best move: (2, 3)
Best move: (2, 3)
Best move: (2, 3)
Try bruteforce due to multiple steps (8) to solve one gate
Trying to solve brute-force congestion at gate [2, 20] with {0: 1, 1: 14, 2: 18, 3: 9, 4: 11, 5: 21, 6: 15, 7: 13, 8: 16, 9: 2, 10: 20, 11: 10, 12: 0, 13: 3, 14: 17, 15: 12}
Trying to moving ion 2... to 0
Ion assignment after moving ion 2: {0: 2, 1: 14, 2: 18, 3: 9, 4: 11, 5: 21, 6: 15, 7: 13, 8: 16, 9: 0, 10: 20, 11: 10, 12: 1, 13: 3, 14: 17, 15: 12}
Gate position gate updated to [ 0 20]--------------c
Trying to moving ion 20... to 1
Ion assignment after moving ion 20: {0: 3, 1: 14, 2: 18, 3: 9, 4: 11, 5: 21, 6: 15, 7: 13, 8: 16, 9: 0, 10: 1, 11: 10, 12: 2, 13: 4, 14: 17, 15: 12}
Executing gate at point (1, 9).
Best move: (0, 1)
Best move: (1, 2)
Best move: (2, 3)
Best move: (12, 13)
Best move: (13, 14)
Best move: (14, 23)
Best move: (22, 23)
Best move: (3, 4)
Try bruteforce due to multiple steps (8) to solve one gate
Trying to solve brute-force congestion at gate [4, 22] with {0: 2, 1: 13, 2: 18, 3: 9, 4: 11, 5: 21, 6: 15, 7: 12, 8: 16, 9: 4, 10: 0, 11: 10, 12: 1, 13: 3, 14: 17, 15: 22}
Trying to moving ion 4... to 0
Ion assignment after moving ion 4: {0: 3, 1: 13, 2: 18, 3: 9, 4: 11, 5: 21, 6: 15, 7: 12, 8: 16, 9: 0, 10: 1, 11: 10, 12: 2, 13: 4, 14: 17, 15: 22}
Clearing endpoint 4.........
Gate position gate updated to [ 0 22]--------------c
Trying to moving ion 22... to 1
Ion assignment after moving ion 22: {0: 4, 1: 13, 2: 18, 3: 8, 4: 11, 5: 9, 6: 15, 7: 12, 8: 16, 9: 0, 10: 2, 11: 10, 12: 3, 13: 21, 14: 17, 15: 1}
Executing gate at point (2, 9).
Best move: (2, 3)
Best move: (3, 4)
Best move: (4, 20)
Best move: (20, 22)
Best move: (22, 24)
Best move: (8, 9)
Best move: (7, 8)
Best move: (19, 24)
Try bruteforce due to multiple steps (8) to solve one gate
Trying to solve brute-force congestion at gate [7, 21] with {0: 3, 1: 13, 2: 18, 3: 9, 4: 11, 5: 7, 6: 15, 7: 12, 8: 16, 9: 0, 10: 19, 11: 10, 12: 2, 13: 21, 14: 17, 15: 1}
Trying to moving ion 7... to 5
Ion assignment after moving ion 7: {0: 3, 1: 13, 2: 18, 3: 9, 4: 11, 5: 5, 6: 15, 7: 12, 8: 16, 9: 0, 10: 19, 11: 10, 12: 2, 13: 21, 14: 17, 15: 1}
Clearing endpoint 9.........
Gate position gate updated to [ 5 21]--------------c
Trying to moving ion 21... to 6
Ion assignment after moving ion 21: {0: 3, 1: 13, 2: 18, 3: 9, 4: 11, 5: 5, 6: 15, 7: 12, 8: 16, 9: 0, 10: 19, 11: 10, 12: 2, 13: 6, 14: 17, 15: 1}
Executing gate at point (2, 5).
Executing gate at point (2, 6).
Best move: (18, 19)
Best move: (19, 24)
Best move: (22, 24)
Best move: (21, 22)
Best move: (8, 9)
Best move: (9, 21)
Executing gate at point (2, 2).
Trying to solve brute-force congestion at gate [21, 17] with {0: 3, 1: 12, 2: 21, 3: 8, 4: 11, 5: 6, 6: 17, 7: 13, 8: 15, 9: 1, 10: 18, 11: 10, 12: 0, 13: 7, 14: 16, 15: 2}
Trying to moving ion 17... to 15
Ion assignment after moving ion 17: {0: 3, 1: 12, 2: 21, 3: 8, 4: 11, 5: 6, 6: 15, 7: 13, 8: 16, 9: 1, 10: 18, 11: 10, 12: 0, 13: 7, 14: 17, 15: 2}
Gate position gate updated to [15 21]--------------c
Trying to moving ion 21... to 16
Ion assignment after moving ion 21: {0: 3, 1: 12, 2: 16, 3: 8, 4: 11, 5: 6, 6: 15, 7: 13, 8: 17, 9: 1, 10: 19, 11: 10, 12: 0, 13: 7, 14: 18, 15: 2}
Trying to solve brute-force congestion at gate [6, 13] with {0: 3, 1: 12, 2: 16, 3: 8, 4: 11, 5: 6, 6: 15, 7: 13, 8: 17, 9: 1, 10: 19, 11: 10, 12: 0, 13: 7, 14: 18, 15: 2}
Trying to moving ion 6... to 5
Ion assignment after moving ion 6: {0: 3, 1: 12, 2: 16, 3: 8, 4: 11, 5: 5, 6: 15, 7: 13, 8: 17, 9: 1, 10: 19, 11: 10, 12: 0, 13: 7, 14: 18, 15: 2}
Gate position gate updated to [ 5 13]--------------c
Trying to moving ion 13... to 6
Ion assignment after moving ion 13: {0: 3, 1: 12, 2: 16, 3: 9, 4: 11, 5: 5, 6: 15, 7: 6, 8: 17, 9: 1, 10: 19, 11: 10, 12: 0, 13: 8, 14: 18, 15: 2}
Trying to solve brute-force congestion at gate [0, 8] with {0: 3, 1: 12, 2: 16, 3: 9, 4: 11, 5: 5, 6: 15, 7: 6, 8: 17, 9: 1, 10: 19, 11: 10, 12: 0, 13: 8, 14: 18, 15: 2}
Trying to moving ion 0... to 0
Ion assignment after moving ion 0: {0: 3, 1: 12, 2: 16, 3: 9, 4: 11, 5: 5, 6: 15, 7: 6, 8: 17, 9: 1, 10: 19, 11: 10, 12: 0, 13: 8, 14: 18, 15: 2}
Gate position gate updated to [0 8]--------------c
Trying to moving ion 8... to 1
Ion assignment after moving ion 8: {0: 4, 1: 12, 2: 16, 3: 8, 4: 11, 5: 5, 6: 15, 7: 6, 8: 17, 9: 2, 10: 19, 11: 10, 12: 0, 13: 1, 14: 18, 15: 3}
Trying to solve brute-force congestion at gate [10, 3] with {0: 4, 1: 12, 2: 16, 3: 8, 4: 11, 5: 5, 6: 15, 7: 6, 8: 17, 9: 2, 10: 19, 11: 10, 12: 0, 13: 1, 14: 18, 15: 3}
Trying to moving ion 10... to 10
Ion assignment after moving ion 10: {0: 4, 1: 12, 2: 16, 3: 8, 4: 11, 5: 5, 6: 15, 7: 6, 8: 17, 9: 2, 10: 19, 11: 10, 12: 0, 13: 1, 14: 18, 15: 3}
Gate position gate updated to [10  3]--------------c
Trying to moving ion 3... to 11
Ion assignment after moving ion 3: {0: 3, 1: 13, 2: 16, 3: 8, 4: 12, 5: 5, 6: 15, 7: 6, 8: 17, 9: 2, 10: 19, 11: 10, 12: 0, 13: 1, 14: 18, 15: 11}
Trying to solve brute-force congestion at gate [3, 18] with {0: 3, 1: 13, 2: 16, 3: 8, 4: 12, 5: 5, 6: 15, 7: 6, 8: 17, 9: 2, 10: 19, 11: 10, 12: 0, 13: 1, 14: 18, 15: 11}
Trying to moving ion 3... to 0
Ion assignment after moving ion 3: {0: 0, 1: 13, 2: 16, 3: 8, 4: 12, 5: 5, 6: 15, 7: 6, 8: 17, 9: 3, 10: 19, 11: 10, 12: 1, 13: 2, 14: 18, 15: 11}
Gate position gate updated to [ 0 18]--------------c
Trying to moving ion 18... to 1
Ion assignment after moving ion 18: {0: 0, 1: 13, 2: 16, 3: 8, 4: 12, 5: 5, 6: 15, 7: 6, 8: 17, 9: 4, 10: 18, 11: 10, 12: 2, 13: 3, 14: 1, 15: 11}
Trying to solve brute-force congestion at gate [16, 1] with {0: 0, 1: 13, 2: 16, 3: 8, 4: 12, 5: 5, 6: 15, 7: 6, 8: 17, 9: 4, 10: 18, 11: 10, 12: 2, 13: 3, 14: 1, 15: 11}
Trying to moving ion 16... to 15
Ion assignment after moving ion 16: {0: 0, 1: 13, 2: 15, 3: 8, 4: 12, 5: 5, 6: 16, 7: 6, 8: 17, 9: 4, 10: 18, 11: 10, 12: 2, 13: 3, 14: 1, 15: 11}
Gate position gate updated to [15  1]--------------c
Trying to moving ion 1... to 16
Ion assignment after moving ion 1: {0: 0, 1: 13, 2: 15, 3: 8, 4: 12, 5: 5, 6: 17, 7: 6, 8: 18, 9: 3, 10: 19, 11: 10, 12: 1, 13: 2, 14: 16, 15: 11}
Trying to solve brute-force congestion at gate [5, 10] with {0: 0, 1: 13, 2: 15, 3: 8, 4: 12, 5: 5, 6: 17, 7: 6, 8: 18, 9: 3, 10: 19, 11: 10, 12: 1, 13: 2, 14: 16, 15: 11}
Trying to moving ion 10... to 10
Ion assignment after moving ion 10: {0: 0, 1: 13, 2: 15, 3: 8, 4: 12, 5: 5, 6: 17, 7: 6, 8: 18, 9: 3, 10: 19, 11: 10, 12: 1, 13: 2, 14: 16, 15: 11}
Gate position gate updated to [10  5]--------------c
Trying to moving ion 5... to 11
Ion assignment after moving ion 5: {0: 0, 1: 14, 2: 15, 3: 7, 4: 13, 5: 11, 6: 17, 7: 5, 8: 18, 9: 3, 10: 19, 11: 10, 12: 1, 13: 2, 14: 16, 15: 12}
Trying to solve brute-force congestion at gate [14, 18] with {0: 0, 1: 14, 2: 15, 3: 7, 4: 13, 5: 11, 6: 17, 7: 5, 8: 18, 9: 3, 10: 19, 11: 10, 12: 1, 13: 2, 14: 16, 15: 12}
Trying to moving ion 18... to 15
Ion assignment after moving ion 18: {0: 0, 1: 14, 2: 16, 3: 7, 4: 13, 5: 11, 6: 18, 7: 5, 8: 15, 9: 3, 10: 19, 11: 10, 12: 1, 13: 2, 14: 17, 15: 12}
Clearing endpoint 19.........
Gate position gate updated to [15 14]--------------c
Trying to moving ion 14... to 16
Ion assignment after moving ion 14: {0: 0, 1: 16, 2: 17, 3: 7, 4: 13, 5: 11, 6: 19, 7: 5, 8: 15, 9: 3, 10: 22, 11: 10, 12: 1, 13: 2, 14: 18, 15: 12}
Trying to solve brute-force congestion at gate [16, 5] with {0: 0, 1: 16, 2: 17, 3: 7, 4: 13, 5: 11, 6: 19, 7: 5, 8: 15, 9: 3, 10: 22, 11: 10, 12: 1, 13: 2, 14: 18, 15: 12}
Trying to moving ion 5... to 5
Ion assignment after moving ion 5: {0: 0, 1: 16, 2: 17, 3: 7, 4: 13, 5: 11, 6: 19, 7: 5, 8: 15, 9: 3, 10: 22, 11: 10, 12: 1, 13: 2, 14: 18, 15: 12}
Gate position gate updated to [ 5 16]--------------c
Trying to moving ion 16... to 6
Ion assignment after moving ion 16: {0: 0, 1: 6, 2: 16, 3: 8, 4: 13, 5: 11, 6: 18, 7: 5, 8: 15, 9: 3, 10: 20, 11: 10, 12: 1, 13: 2, 14: 17, 15: 12}
Trying to solve brute-force congestion at gate [8, 13] with {0: 0, 1: 6, 2: 16, 3: 8, 4: 13, 5: 11, 6: 18, 7: 5, 8: 15, 9: 3, 10: 20, 11: 10, 12: 1, 13: 2, 14: 17, 15: 12}
Trying to moving ion 8... to 5
Ion assignment after moving ion 8: {0: 0, 1: 7, 2: 16, 3: 5, 4: 13, 5: 11, 6: 18, 7: 6, 8: 15, 9: 3, 10: 20, 11: 10, 12: 1, 13: 2, 14: 17, 15: 12}
Gate position gate updated to [ 5 13]--------------c
Trying to moving ion 13... to 6
Ion assignment after moving ion 13: {0: 0, 1: 8, 2: 16, 3: 5, 4: 6, 5: 11, 6: 18, 7: 7, 8: 15, 9: 3, 10: 20, 11: 10, 12: 1, 13: 2, 14: 17, 15: 12}
Trying to solve brute-force congestion at gate [5, 12] with {0: 0, 1: 8, 2: 16, 3: 5, 4: 6, 5: 11, 6: 18, 7: 7, 8: 15, 9: 3, 10: 20, 11: 10, 12: 1, 13: 2, 14: 17, 15: 12}
Trying to moving ion 5... to 5
Ion assignment after moving ion 5: {0: 0, 1: 8, 2: 16, 3: 5, 4: 6, 5: 11, 6: 18, 7: 7, 8: 15, 9: 3, 10: 20, 11: 10, 12: 1, 13: 2, 14: 17, 15: 12}
Gate position gate updated to [ 5 12]--------------c
Trying to moving ion 12... to 6
Ion assignment after moving ion 12: {0: 0, 1: 9, 2: 16, 3: 5, 4: 7, 5: 11, 6: 18, 7: 8, 8: 15, 9: 3, 10: 20, 11: 10, 12: 1, 13: 2, 14: 17, 15: 6}
Trying to solve brute-force congestion at gate [3, 20] with {0: 0, 1: 9, 2: 16, 3: 5, 4: 7, 5: 11, 6: 18, 7: 8, 8: 15, 9: 3, 10: 20, 11: 10, 12: 1, 13: 2, 14: 17, 15: 6}
Trying to moving ion 3... to 0
Ion assignment after moving ion 3: {0: 1, 1: 9, 2: 16, 3: 5, 4: 7, 5: 11, 6: 18, 7: 8, 8: 15, 9: 0, 10: 20, 11: 10, 12: 2, 13: 3, 14: 17, 15: 6}
Gate position gate updated to [ 0 20]--------------c
Trying to moving ion 20... to 1
Ion assignment after moving ion 20: {0: 2, 1: 9, 2: 16, 3: 5, 4: 7, 5: 11, 6: 18, 7: 8, 8: 15, 9: 0, 10: 1, 11: 10, 12: 3, 13: 4, 14: 17, 15: 6}
Trying to solve brute-force congestion at gate [7, 1] with {0: 2, 1: 9, 2: 16, 3: 5, 4: 7, 5: 11, 6: 18, 7: 8, 8: 15, 9: 0, 10: 1, 11: 10, 12: 3, 13: 4, 14: 17, 15: 6}
Trying to moving ion 1... to 0
Ion assignment after moving ion 1: {0: 2, 1: 9, 2: 16, 3: 5, 4: 7, 5: 11, 6: 18, 7: 8, 8: 15, 9: 1, 10: 0, 11: 10, 12: 3, 13: 4, 14: 17, 15: 6}
Clearing endpoint 4.........
Gate position gate updated to [0 7]--------------c
Trying to moving ion 7... to 1
Ion assignment after moving ion 7: {0: 3, 1: 8, 2: 16, 3: 5, 4: 1, 5: 11, 6: 18, 7: 7, 8: 15, 9: 2, 10: 0, 11: 10, 12: 4, 13: 22, 14: 17, 15: 6}
Executing gate at point (0, 1).
Executing gate at point (0, 4).
Executing gate at point (0, 0).
Executing gate at point (0, 3).
Executing gate at point (0, 6).
Executing gate at point (0, 2).
Executing gate at point (0, 5).
Executing gate at point (1, 2).
Executing gate at point (1, 9).
Best move: (4, 20)
Best move: (22, 23)
Best move: (10, 11)
Best move: (14, 23)
Best move: (13, 14)
Best move: (1, 2)
Best move: (11, 12)
Best move: (12, 13)
Try bruteforce due to multiple steps (8) to solve one gate
Trying to solve brute-force congestion at gate [10, 7] with {0: 3, 1: 8, 2: 16, 3: 5, 4: 2, 5: 10, 6: 18, 7: 7, 8: 15, 9: 1, 10: 0, 11: 13, 12: 20, 13: 12, 14: 17, 15: 6}
Trying to moving ion 10... to 10
Ion assignment after moving ion 10: {0: 3, 1: 8, 2: 16, 3: 5, 4: 2, 5: 10, 6: 18, 7: 7, 8: 15, 9: 1, 10: 0, 11: 13, 12: 20, 13: 12, 14: 17, 15: 6}
Gate position gate updated to [10  7]--------------c
Trying to moving ion 7... to 11
Ion assignment after moving ion 7: {0: 3, 1: 7, 2: 16, 3: 5, 4: 2, 5: 10, 6: 18, 7: 11, 8: 15, 9: 1, 10: 0, 11: 14, 12: 20, 13: 13, 14: 17, 15: 6}
Executing gate at point (1, 5).
Best move: (14, 23)
Best move: (22, 23)
Best move: (21, 22)
Best move: (20, 22)
Best move: (22, 23)
Best move: (9, 21)
Executing gate at point (1, 11).Input filename:  QuantumVolume_wsq_16
Algorithm:  SHAPER
Trap type:  H
Trap capacity:  5
Num layout passes:  2
Gate type:  FM
Run index:  5
Creating a QCCD machine ...
QCCD physical machine:
### Traps ### 
Trap(id='trap_0', max_num_ions=5, initial_num_ions=0, executable=True, measureable=False)
Trap(id='trap_1', max_num_ions=5, initial_num_ions=0, executable=True, measureable=True)
Trap(id='trap_2', max_num_ions=5, initial_num_ions=0, executable=True, measureable=False)
Trap(id='trap_3', max_num_ions=5, initial_num_ions=0, executable=True, measureable=True)
### Junctions ### 
Junction(id='junction_0')
Junction(id='junction_1')
### Segments ### 
Segment(id='segment_0', left=Trap(id='trap_0', max_num_ions=5, initial_num_ions=0, executable=True, measureable=False), right=Junction(id='junction_0'))
Segment(id='segment_1', left=Trap(id='trap_1', max_num_ions=5, initial_num_ions=0, executable=True, measureable=True), right=Junction(id='junction_0'))
Segment(id='segment_2', left=Junction(id='junction_0'), right=Junction(id='junction_1'))
Segment(id='segment_3', left=Trap(id='trap_2', max_num_ions=5, initial_num_ions=0, executable=True, measureable=False), right=Junction(id='junction_1'))
Segment(id='segment_4', left=Trap(id='trap_3', max_num_ions=5, initial_num_ions=0, executable=True, measureable=True), right=Junction(id='junction_1'))
Finished creating the QCCD physical machine.
Position graph:  CouplingGraph({(3, 4), (12, 13), (21, 22), (22, 23), (8, 9), (17, 18), (19, 24), (13, 14), (18, 19), (5, 6), (20, 22), (23, 24), (4, 20), (0, 1), (1, 2), (10, 11), (6, 7), (15, 16), (20, 21), (14, 23), (22, 24), (2, 3), (11, 12), (9, 21), (7, 8), (16, 17)})
Initial ion assignment:  {0: 2, 1: 17, 2: 15, 3: 18, 4: 16, 5: 3, 6: 13, 7: 9, 8: 1, 9: 5, 10: 7, 11: 12, 12: 10, 13: 8, 14: 6, 15: 14}
Congestion rate:  1.0
Scheduling QCCD: 6959.999999999998 us, costing 42.871394200017676 s to compile
0.006959999999999998
42.871394200017676
{0: 3, 1: 8, 2: 16, 3: 5, 4: 1, 5: 11, 6: 18, 7: 7, 8: 15, 9: 2, 10: 0, 11: 10, 12: 4, 13: 22, 14: 17, 15: 6}
[0, 1, 2, 3, 4, 5, 6, 7, 8, 9, 10, 11, 12, 13, 14, 15]
