Executing gate at point (0, 14).
Executing gate at point (1, 14).
Best move: (13, 14)
Best move: (14, 23)
Best move: (23, 24)
Best move: (15, 16)
Best move: (16, 17)
Best move: (16, 17)
Best move: (16, 17)
Try bruteforce due to repeated pattern...
Trying to solve brute-force congestion at gate [24, 17] with {0: 13, 1: 16, 2: 15, 3: 8, 4: 3, 5: 7, 6: 1, 7: 10, 8: 0, 9: 12, 10: 6, 11: 5, 12: 2, 13: 24, 14: 19, 15: 17}
Trying to moving ion 17... to 15
Ion assignment after moving ion 17: {0: 13, 1: 17, 2: 16, 3: 8, 4: 3, 5: 7, 6: 1, 7: 10, 8: 0, 9: 12, 10: 6, 11: 5, 12: 2, 13: 24, 14: 19, 15: 15}
Clearing endpoint 19.........
Gate position gate updated to [15 24]--------------c
Trying to moving ion 24... to 16
Ion assignment after moving ion 24: {0: 13, 1: 18, 2: 17, 3: 8, 4: 3, 5: 7, 6: 1, 7: 10, 8: 0, 9: 12, 10: 6, 11: 5, 12: 2, 13: 16, 14: 19, 15: 15}
Executing gate at point (2, 13).
Executing gate at point (3, 13).
Executing gate at point (4, 13).
Executing gate at point (5, 13).
Best move: (15, 16)
Best move: (16, 17)
Best move: (17, 18)
Best move: (18, 19)
Best move: (19, 24)
Best move: (22, 24)
Best move: (20, 22)
Best move: (4, 20)
Try bruteforce due to multiple steps (8) to solve one gate
Trying to solve brute-force congestion at gate [2, 4] with {0: 13, 1: 17, 2: 16, 3: 8, 4: 3, 5: 7, 6: 1, 7: 10, 8: 0, 9: 12, 10: 6, 11: 5, 12: 2, 13: 15, 14: 18, 15: 4}
Trying to moving ion 2... to 0
Ion assignment after moving ion 2: {0: 13, 1: 17, 2: 16, 3: 8, 4: 3, 5: 7, 6: 2, 7: 10, 8: 1, 9: 12, 10: 6, 11: 5, 12: 0, 13: 15, 14: 18, 15: 4}
Gate position gate updated to [0 4]--------------c
Trying to moving ion 4... to 1
Ion assignment after moving ion 4: {0: 13, 1: 17, 2: 16, 3: 8, 4: 4, 5: 7, 6: 3, 7: 10, 8: 2, 9: 12, 10: 6, 11: 5, 12: 0, 13: 15, 14: 18, 15: 1}
Executing gate at point (4, 12).
Executing gate at point (5, 12).
Best move: (1, 2)
Best move: (0, 1)
Best move: (1, 2)
Best move: (2, 3)
Best move: (3, 4)
Best move: (4, 20)
Best move: (20, 22)
Best move: (22, 24)
Try bruteforce due to multiple steps (8) to solve one gate
Trying to solve brute-force congestion at gate [24, 18] with {0: 13, 1: 17, 2: 16, 3: 8, 4: 3, 5: 7, 6: 2, 7: 10, 8: 0, 9: 12, 10: 6, 11: 5, 12: 24, 13: 15, 14: 18, 15: 1}
Trying to moving ion 18... to 15
Ion assignment after moving ion 18: {0: 13, 1: 18, 2: 17, 3: 8, 4: 3, 5: 7, 6: 2, 7: 10, 8: 0, 9: 12, 10: 6, 11: 5, 12: 24, 13: 16, 14: 15, 15: 1}
Gate position gate updated to [15 24]--------------c
Trying to moving ion 24... to 16
Ion assignment after moving ion 24: {0: 13, 1: 19, 2: 18, 3: 8, 4: 3, 5: 7, 6: 2, 7: 10, 8: 0, 9: 12, 10: 6, 11: 5, 12: 16, 13: 17, 14: 15, 15: 1}
Executing gate at point (6, 12).
Executing gate at point (7, 12).
Executing gate at point (8, 12).
Executing gate at point (9, 12).
Best move: (1, 2)
Best move: (2, 3)
Best move: (3, 4)
Best move: (4, 20)
Best move: (20, 21)
Best move: (9, 21)
Executing gate at point (6, 11).
Executing gate at point (7, 11).
Executing gate at point (8, 10).
Executing gate at point (9, 10).
Best move: (9, 21)
Best move: (21, 22)
Best move: (22, 23)
Best move: (14, 23)
Executing gate at point (10, 9).
Executing gate at point (11, 9).
Best move: (15, 16)
Best move: (16, 17)
Best move: (17, 18)
Best move: (18, 19)
Best move: (19, 24)
Best move: (22, 24)
Best move: (21, 22)
Best move: (9, 21)
Try bruteforce due to multiple steps (8) to solve one gate
Trying to solve brute-force congestion at gate [0, 14] with {0: 13, 1: 18, 2: 17, 3: 8, 4: 2, 5: 7, 6: 1, 7: 10, 8: 0, 9: 12, 10: 6, 11: 5, 12: 15, 13: 16, 14: 9, 15: 14}
Trying to moving ion 0... to 0
Ion assignment after moving ion 0: {0: 13, 1: 18, 2: 17, 3: 8, 4: 2, 5: 7, 6: 1, 7: 10, 8: 0, 9: 12, 10: 6, 11: 5, 12: 15, 13: 16, 14: 9, 15: 14}
Gate position gate updated to [ 0 14]--------------c
Trying to moving ion 14... to 1
Ion assignment after moving ion 14: {0: 13, 1: 18, 2: 17, 3: 8, 4: 3, 5: 7, 6: 2, 7: 10, 8: 0, 9: 12, 10: 6, 11: 5, 12: 15, 13: 16, 14: 9, 15: 1}
Executing gate at point (12, 8).
Executing gate at point (8, 11).
Executing gate at point (13, 8).
Executing gate at point (9, 11).
Executing gate at point (10, 10).
Executing gate at point (11, 10).
Best move: (9, 21)
Best move: (21, 22)
Best move: (22, 23)
Best move: (14, 23)
Executing gate at point (12, 9).
Executing gate at point (13, 9).
Best move: (16, 17)
Best move: (17, 18)
Best move: (14, 23)
Best move: (1, 2)
Best move: (2, 3)
Best move: (22, 23)
Best move: (20, 22)
Best move: (4, 20)
Try bruteforce due to multiple steps (8) to solve one gate
Trying to solve brute-force congestion at gate [10, 3] with {0: 13, 1: 17, 2: 16, 3: 8, 4: 2, 5: 7, 6: 1, 7: 10, 8: 0, 9: 12, 10: 6, 11: 5, 12: 15, 13: 18, 14: 4, 15: 3}
Trying to moving ion 10... to 10
Ion assignment after moving ion 10: {0: 13, 1: 17, 2: 16, 3: 8, 4: 2, 5: 7, 6: 1, 7: 10, 8: 0, 9: 12, 10: 6, 11: 5, 12: 15, 13: 18, 14: 4, 15: 3}
Gate position gate updated to [10  3]--------------c
Trying to moving ion 3... to 11
Ion assignment after moving ion 3: {0: 14, 1: 17, 2: 16, 3: 8, 4: 2, 5: 7, 6: 1, 7: 10, 8: 0, 9: 13, 10: 6, 11: 5, 12: 15, 13: 18, 14: 3, 15: 11}
Executing gate at point (14, 7).
Executing gate at point (14, 8).
Executing gate at point (15, 8).
Executing gate at point (15, 7).
Best move: (18, 19)
Best move: (19, 24)
Best move: (22, 24)
Best move: (21, 22)
Best move: (9, 21)
Executing gate at point (10, 11).
Executing gate at point (11, 11).
Executing gate at point (12, 10).
Executing gate at point (13, 10).
Best move: (9, 21)
Best move: (3, 4)
Best move: (4, 20)
Best move: (20, 22)
Best move: (22, 23)
Best move: (10, 11)
Best move: (10, 11)
Best move: (10, 11)
Try bruteforce due to multiple steps (8) to solve one gate
Trying to solve brute-force congestion at gate [11, 23] with {0: 14, 1: 17, 2: 16, 3: 8, 4: 2, 5: 7, 6: 1, 7: 11, 8: 0, 9: 13, 10: 6, 11: 5, 12: 15, 13: 21, 14: 23, 15: 10}
Trying to moving ion 11... to 10
Ion assignment after moving ion 11: {0: 14, 1: 17, 2: 16, 3: 8, 4: 2, 5: 7, 6: 1, 7: 10, 8: 0, 9: 13, 10: 6, 11: 5, 12: 15, 13: 21, 14: 23, 15: 11}
Clearing endpoint 14.........
Gate position gate updated to [10 24]--------------c
Trying to moving ion 24... to 11
Ion assignment after moving ion 24: {0: 22, 1: 17, 2: 16, 3: 8, 4: 2, 5: 7, 6: 1, 7: 10, 8: 0, 9: 14, 10: 6, 11: 5, 12: 15, 13: 21, 14: 11, 15: 12}
Executing gate at point (16, 7).
Executing gate at point (17, 7).
Best move: (15, 16)
Best move: (16, 17)
Best move: (17, 18)
Best move: (18, 19)
Best move: (19, 24)
Best move: (5, 6)
Best move: (6, 7)
Best move: (7, 8)
Try bruteforce due to multiple steps (8) to solve one gate
Trying to solve brute-force congestion at gate [8, 24] with {0: 22, 1: 16, 2: 15, 3: 7, 4: 2, 5: 6, 6: 1, 7: 10, 8: 0, 9: 14, 10: 5, 11: 8, 12: 24, 13: 21, 14: 11, 15: 12}
Trying to moving ion 8... to 5
Ion assignment after moving ion 8: {0: 22, 1: 16, 2: 15, 3: 8, 4: 2, 5: 7, 6: 1, 7: 10, 8: 0, 9: 14, 10: 6, 11: 5, 12: 24, 13: 21, 14: 11, 15: 12}
Gate position gate updated to [ 5 24]--------------c
Trying to moving ion 24... to 6
Ion assignment after moving ion 24: {0: 23, 1: 16, 2: 15, 3: 9, 4: 2, 5: 8, 6: 1, 7: 10, 8: 0, 9: 14, 10: 7, 11: 5, 12: 6, 13: 20, 14: 11, 15: 12}
Executing gate at point (12, 11).
Executing gate at point (13, 11).
Executing gate at point (14, 10).
Executing gate at point (15, 10).
Executing gate at point (16, 10).
Executing gate at point (17, 10).
Best move: (20, 22)
Best move: (22, 24)
Best move: (13, 14)
Best move: (1, 2)
Best move: (2, 3)
Best move: (3, 4)
Best move: (4, 20)
Best move: (20, 22)
Try bruteforce due to multiple steps (8) to solve one gate
Trying to solve brute-force congestion at gate [13, 24] with {0: 23, 1: 16, 2: 15, 3: 9, 4: 1, 5: 8, 6: 22, 7: 10, 8: 0, 9: 13, 10: 7, 11: 5, 12: 6, 13: 24, 14: 11, 15: 12}
Trying to moving ion 13... to 10
Ion assignment after moving ion 13: {0: 23, 1: 16, 2: 15, 3: 9, 4: 1, 5: 8, 6: 22, 7: 11, 8: 0, 9: 10, 10: 7, 11: 5, 12: 6, 13: 24, 14: 12, 15: 13}
Gate position gate updated to [10 24]--------------c
Trying to moving ion 24... to 11
Ion assignment after moving ion 24: {0: 22, 1: 16, 2: 15, 3: 9, 4: 1, 5: 8, 6: 20, 7: 12, 8: 0, 9: 10, 10: 7, 11: 5, 12: 6, 13: 11, 14: 13, 15: 14}
Executing gate at point (14, 9).
Executing gate at point (15, 9).
Best move: (14, 23)
Best move: (6, 7)
Best move: (0, 1)
Best move: (7, 8)
Best move: (23, 24)
Best move: (8, 9)
Best move: (9, 21)
Best move: (1, 2)
Try bruteforce due to multiple steps (8) to solve one gate
Trying to solve brute-force congestion at gate [2, 11] with {0: 22, 1: 16, 2: 15, 3: 8, 4: 0, 5: 7, 6: 20, 7: 12, 8: 2, 9: 10, 10: 6, 11: 5, 12: 21, 13: 11, 14: 13, 15: 24}
Trying to moving ion 11... to 10
Ion assignment after moving ion 11: {0: 22, 1: 16, 2: 15, 3: 8, 4: 0, 5: 7, 6: 20, 7: 12, 8: 2, 9: 11, 10: 6, 11: 5, 12: 21, 13: 10, 14: 13, 15: 24}
Gate position gate updated to [10  2]--------------c
Trying to moving ion 2... to 11
Ion assignment after moving ion 2: {0: 24, 1: 16, 2: 15, 3: 8, 4: 0, 5: 7, 6: 21, 7: 13, 8: 11, 9: 12, 10: 6, 11: 5, 12: 9, 13: 10, 14: 14, 15: 19}
Executing gate at point (16, 8).
Executing gate at point (17, 8).
Executing gate at point (18, 7).
Executing gate at point (19, 7).
Best move: (21, 22)
Best move: (9, 21)
Best move: (12, 13)
Best move: (13, 14)
Best move: (14, 23)
Best move: (20, 21)
Best move: (18, 19)
Best move: (4, 20)
Try bruteforce due to multiple steps (8) to solve one gate
Trying to solve brute-force congestion at gate [23, 4] with {0: 24, 1: 16, 2: 15, 3: 8, 4: 0, 5: 7, 6: 22, 7: 12, 8: 11, 9: 23, 10: 6, 11: 5, 12: 4, 13: 10, 14: 13, 15: 18}
Trying to moving ion 4... to 0
Ion assignment after moving ion 4: {0: 24, 1: 16, 2: 15, 3: 8, 4: 1, 5: 7, 6: 22, 7: 12, 8: 11, 9: 23, 10: 6, 11: 5, 12: 0, 13: 10, 14: 13, 15: 18}
Gate position gate updated to [ 0 23]--------------c
Trying to moving ion 23... to 1
Ion assignment after moving ion 23: {0: 24, 1: 16, 2: 15, 3: 8, 4: 2, 5: 7, 6: 21, 7: 12, 8: 11, 9: 1, 10: 6, 11: 5, 12: 0, 13: 10, 14: 13, 15: 18}
Executing gate at point (16, 9).
Executing gate at point (17, 9).
Best move: (21, 22)
Best move: (11, 12)
Best move: (1, 2)
Best move: (12, 13)
Best move: (2, 3)
Best move: (13, 14)
Best move: (14, 23)
Best move: (5, 6)
Try bruteforce due to multiple steps (8) to solve one gate
Trying to solve brute-force congestion at gate [3, 6] with {0: 24, 1: 16, 2: 15, 3: 8, 4: 1, 5: 7, 6: 22, 7: 11, 8: 23, 9: 3, 10: 5, 11: 6, 12: 0, 13: 10, 14: 12, 15: 18}
Trying to moving ion 6... to 5
Ion assignment after moving ion 6: {0: 24, 1: 16, 2: 15, 3: 8, 4: 1, 5: 7, 6: 22, 7: 11, 8: 23, 9: 3, 10: 6, 11: 5, 12: 0, 13: 10, 14: 12, 15: 18}
Gate position gate updated to [5 3]--------------c
Trying to moving ion 3... to 6
Ion assignment after moving ion 3: {0: 24, 1: 16, 2: 15, 3: 9, 4: 1, 5: 8, 6: 22, 7: 11, 8: 23, 9: 6, 10: 7, 11: 5, 12: 0, 13: 10, 14: 12, 15: 18}
Executing gate at point (18, 9).
Executing gate at point (19, 9).
Executing gate at point (20, 9).
Executing gate at point (21, 9).
Best move: (0, 1)
Best move: (1, 2)
Best move: (2, 3)
Best move: (17, 18)
Best move: (17, 18)
Best move: (17, 18)
Best move: (17, 18)
Try bruteforce due to repeated pattern...
Trying to solve brute-force congestion at gate [22, 18] with {0: 24, 1: 16, 2: 15, 3: 9, 4: 0, 5: 8, 6: 22, 7: 11, 8: 23, 9: 6, 10: 7, 11: 5, 12: 3, 13: 10, 14: 12, 15: 18}
Trying to moving ion 18... to 15
Ion assignment after moving ion 18: {0: 24, 1: 17, 2: 16, 3: 9, 4: 0, 5: 8, 6: 22, 7: 11, 8: 23, 9: 6, 10: 7, 11: 5, 12: 3, 13: 10, 14: 12, 15: 15}
Gate position gate updated to [15 22]--------------c
Trying to moving ion 22... to 16
Ion assignment after moving ion 22: {0: 23, 1: 18, 2: 17, 3: 9, 4: 0, 5: 8, 6: 16, 7: 11, 8: 14, 9: 6, 10: 7, 11: 5, 12: 3, 13: 10, 14: 12, 15: 15}
Executing gate at point (16, 6).
Executing gate at point (17, 6).
Best move: (8, 9)
Best move: (9, 21)
Best move: (21, 22)
Best move: (22, 24)
Best move: (12, 13)
Best move: (16, 17)
Best move: (15, 16)
Best move: (17, 18)
Try bruteforce due to multiple steps (8) to solve one gate
Trying to solve brute-force congestion at gate [24, 16] with {0: 23, 1: 17, 2: 15, 3: 8, 4: 0, 5: 24, 6: 18, 7: 11, 8: 14, 9: 6, 10: 7, 11: 5, 12: 3, 13: 10, 14: 13, 15: 16}
Trying to moving ion 16... to 15
Ion assignment after moving ion 16: {0: 23, 1: 17, 2: 16, 3: 8, 4: 0, 5: 24, 6: 18, 7: 11, 8: 14, 9: 6, 10: 7, 11: 5, 12: 3, 13: 10, 14: 13, 15: 15}
Gate position gate updated to [15 24]--------------c
Trying to moving ion 24... to 16
Ion assignment after moving ion 24: {0: 23, 1: 18, 2: 17, 3: 8, 4: 0, 5: 16, 6: 19, 7: 11, 8: 14, 9: 6, 10: 7, 11: 5, 12: 3, 13: 10, 14: 13, 15: 15}
Executing gate at point (18, 5).
Executing gate at point (19, 5).
Best move: (19, 24)
Best move: (12, 13)
Best move: (0, 1)
Best move: (1, 2)
Best move: (2, 3)
Best move: (13, 14)
Best move: (15, 16)
Best move: (16, 17)
Try bruteforce due to multiple steps (8) to solve one gate
Trying to solve brute-force congestion at gate [24, 12] with {0: 23, 1: 18, 2: 16, 3: 8, 4: 3, 5: 15, 6: 24, 7: 11, 8: 13, 9: 6, 10: 7, 11: 5, 12: 2, 13: 10, 14: 12, 15: 17}
Trying to moving ion 12... to 10
Ion assignment after moving ion 12: {0: 23, 1: 18, 2: 16, 3: 8, 4: 3, 5: 15, 6: 24, 7: 12, 8: 13, 9: 6, 10: 7, 11: 5, 12: 2, 13: 11, 14: 10, 15: 17}
Gate position gate updated to [10 24]--------------c
Trying to moving ion 24... to 11
Ion assignment after moving ion 24: {0: 22, 1: 18, 2: 16, 3: 8, 4: 3, 5: 15, 6: 11, 7: 13, 8: 14, 9: 6, 10: 7, 11: 5, 12: 2, 13: 12, 14: 10, 15: 17}
Executing gate at point (18, 6).
Executing gate at point (19, 6).
Executing gate at point (20, 6).
Executing gate at point (21, 6).
Best move: (10, 11)
Best move: (14, 23)
Best move: (11, 12)
Best move: (12, 13)
Best move: (13, 14)
Best move: (15, 16)
Best move: (17, 18)
Best move: (16, 17)
Try bruteforce due to multiple steps (8) to solve one gate
Trying to solve brute-force congestion at gate [17, 14] with {0: 22, 1: 16, 2: 15, 3: 8, 4: 3, 5: 17, 6: 10, 7: 12, 8: 23, 9: 6, 10: 7, 11: 5, 12: 2, 13: 11, 14: 14, 15: 18}
Trying to moving ion 17... to 15
Ion assignment after moving ion 17: {0: 22, 1: 17, 2: 16, 3: 8, 4: 3, 5: 15, 6: 10, 7: 12, 8: 23, 9: 6, 10: 7, 11: 5, 12: 2, 13: 11, 14: 14, 15: 18}
Gate position gate updated to [15 14]--------------c
Trying to moving ion 14... to 16
Ion assignment after moving ion 14: {0: 20, 1: 18, 2: 17, 3: 8, 4: 3, 5: 15, 6: 10, 7: 12, 8: 22, 9: 6, 10: 7, 11: 5, 12: 2, 13: 11, 14: 16, 15: 19}
Executing gate at point (20, 5).
Executing gate at point (21, 5).
Best move: (19, 24)
Best move: (11, 12)
Best move: (21, 22)
Best move: (22, 24)
Best move: (12, 13)
Best move: (13, 14)
Best move: (14, 23)
Best move: (23, 24)
Try bruteforce due to multiple steps (8) to solve one gate
Trying to solve brute-force congestion at gate [15, 24] with {0: 20, 1: 18, 2: 17, 3: 8, 4: 3, 5: 15, 6: 10, 7: 11, 8: 21, 9: 6, 10: 7, 11: 5, 12: 2, 13: 24, 14: 16, 15: 22}
Trying to moving ion 15... to 15
Ion assignment after moving ion 15: {0: 20, 1: 18, 2: 17, 3: 8, 4: 3, 5: 15, 6: 10, 7: 11, 8: 21, 9: 6, 10: 7, 11: 5, 12: 2, 13: 24, 14: 16, 15: 22}
Gate position gate updated to [15 24]--------------c
Trying to moving ion 24... to 16
Ion assignment after moving ion 24: {0: 20, 1: 19, 2: 18, 3: 8, 4: 3, 5: 15, 6: 10, 7: 11, 8: 21, 9: 6, 10: 7, 11: 5, 12: 2, 13: 16, 14: 17, 15: 22}
Executing gate at point (22, 5).
Executing gate at point (23, 5).
Best move: (2, 3)
Best move: (2, 3)
Best move: (2, 3)
Best move: (2, 3)
Try bruteforce due to repeated pattern...
Trying to solve brute-force congestion at gate [21, 2] with {0: 20, 1: 19, 2: 18, 3: 8, 4: 3, 5: 15, 6: 10, 7: 11, 8: 21, 9: 6, 10: 7, 11: 5, 12: 2, 13: 16, 14: 17, 15: 22}
Trying to moving ion 2... to 0
Ion assignment after moving ion 2: {0: 20, 1: 19, 2: 18, 3: 8, 4: 3, 5: 15, 6: 10, 7: 11, 8: 21, 9: 6, 10: 7, 11: 5, 12: 0, 13: 16, 14: 17, 15: 22}
Gate position gate updated to [ 0 21]--------------c
Trying to moving ion 21... to 1
Ion assignment after moving ion 21: {0: 22, 1: 19, 2: 18, 3: 8, 4: 4, 5: 15, 6: 10, 7: 11, 8: 1, 9: 6, 10: 7, 11: 5, 12: 0, 13: 16, 14: 17, 15: 23}
Executing gate at point (18, 8).