Input filename:  QAOA_20_compiled
Algorithm:  SHAW
Trap type:  H
Trap capacity:  5
Num layout passes:  2
Gate type:  FM
Run index:  1
Creating a QCCD machine ...
QCCD physical machine:
### Traps ### 
Trap(id='trap_0', max_num_ions=5, initial_num_ions=0, executable=True, measureable=False)
Trap(id='trap_1', max_num_ions=5, initial_num_ions=0, executable=True, measureable=True)
Trap(id='trap_2', max_num_ions=5, initial_num_ions=0, executable=True, measureable=False)
Trap(id='trap_3', max_num_ions=5, initial_num_ions=0, executable=True, measureable=True)
### Junctions ### 
Junction(id='junction_0')
Junction(id='junction_1')
### Segments ### 
Segment(id='segment_0', left=Trap(id='trap_0', max_num_ions=5, initial_num_ions=0, executable=True, measureable=False), right=Junction(id='junction_0'))
Segment(id='segment_1', left=Trap(id='trap_1', max_num_ions=5, initial_num_ions=0, executable=True, measureable=True), right=Junction(id='junction_0'))
Segment(id='segment_2', left=Junction(id='junction_0'), right=Junction(id='junction_1'))
Segment(id='segment_3', left=Trap(id='trap_2', max_num_ions=5, initial_num_ions=0, executable=True, measureable=False), right=Junction(id='junction_1'))
Segment(id='segment_4', left=Trap(id='trap_3', max_num_ions=5, initial_num_ions=0, executable=True, measureable=True), right=Junction(id='junction_1'))
Finished creating the QCCD physical machine.
Position graph:  CouplingGraph({(3, 4), (12, 13), (21, 22), (22, 23), (8, 9), (17, 18), (19, 24), (13, 14), (18, 19), (5, 6), (20, 22), (23, 24), (4, 20), (0, 1), (1, 2), (10, 11), (6, 7), (15, 16), (20, 21), (14, 23), (22, 24), (2, 3), (11, 12), (9, 21), (7, 8), (16, 17)})
Initial ion assignment:  {0: 4, 1: 8, 2: 18, 3: 10, 4: 15, 5: 5, 6: 9, 7: 14, 8: 7, 9: 3, 10: 11, 11: 1, 12: 17, 13: 13, 14: 0, 15: 19, 16: 2, 17: 16, 18: 12, 19: 6}
Congestion rate:  0.5
Scheduling QCCD: 51095.999999999985 us, costing 27.20158933289349 s to compile
