Executing gate at point (0, 9).
Executing gate at point (0, 2).
Executing gate at point (1, 2).
Executing gate at point (1, 9).
Executing gate at point (2, 9).
Executing gate at point (2, 2).
Best move: (8, 9)
Best move: (4, 20)
Best move: (20, 21)
Best move: (6, 7)
Best move: (7, 8)
Best move: (1, 2)
Best move: (18, 19)
Best move: (19, 24)
Try bruteforce due to multiple steps (8) to solve one gate
Trying to solve brute-force congestion at gate [10, 8] with {0: 1, 1: 8, 2: 18, 3: 24, 4: 6, 5: 7, 6: 5, 7: 10, 8: 2, 9: 0, 10: 21, 11: 16, 12: 17, 13: 11, 14: 15, 15: 12}
Trying to moving ion 10... to 10
Ion assignment after moving ion 10: {0: 1, 1: 8, 2: 18, 3: 24, 4: 6, 5: 7, 6: 5, 7: 10, 8: 2, 9: 0, 10: 21, 11: 16, 12: 17, 13: 11, 14: 15, 15: 12}
Gate position gate updated to [10  8]--------------c
Trying to moving ion 8... to 11
Ion assignment after moving ion 8: {0: 1, 1: 11, 2: 18, 3: 24, 4: 6, 5: 7, 6: 5, 7: 10, 8: 2, 9: 0, 10: 20, 11: 16, 12: 17, 13: 12, 14: 15, 15: 13}
Executing gate at point (0, 7).
Executing gate at point (1, 7).
Executing gate at point (2, 7).
Best move: (23, 24)
Best move: (14, 23)
Executing gate at point (0, 3).
Executing gate at point (1, 3).
Executing gate at point (2, 3).
Best move: (20, 21)
Best move: (9, 21)
Executing gate at point (0, 4).
Executing gate at point (1, 4).
Executing gate at point (2, 4).
Best move: (9, 21)
Best move: (14, 23)
Best move: (22, 23)
Best move: (6, 7)
Best move: (7, 8)
Best move: (20, 22)
Best move: (20, 22)
Best move: (20, 22)
Try bruteforce due to multiple steps (8) to solve one gate
Trying to solve brute-force congestion at gate [20, 8] with {0: 1, 1: 11, 2: 18, 3: 20, 4: 8, 5: 6, 6: 5, 7: 10, 8: 2, 9: 0, 10: 21, 11: 16, 12: 17, 13: 12, 14: 15, 15: 13}
Trying to moving ion 8... to 5
Ion assignment after moving ion 8: {0: 1, 1: 11, 2: 18, 3: 20, 4: 5, 5: 7, 6: 6, 7: 10, 8: 2, 9: 0, 10: 21, 11: 16, 12: 17, 13: 12, 14: 15, 15: 13}
Gate position gate updated to [ 5 20]--------------c
Trying to moving ion 20... to 6
Ion assignment after moving ion 20: {0: 1, 1: 11, 2: 18, 3: 6, 4: 5, 5: 8, 6: 7, 7: 10, 8: 2, 9: 0, 10: 22, 11: 16, 12: 17, 13: 12, 14: 15, 15: 13}
Executing gate at point (3, 3).
Executing gate at point (4, 3).
Executing gate at point (5, 3).
Best move: (1, 2)
Best move: (2, 3)
Best move: (3, 4)
Best move: (4, 20)
Best move: (15, 16)
Best move: (16, 17)
Best move: (17, 18)
Best move: (20, 21)
Try bruteforce due to multiple steps (8) to solve one gate
Trying to solve brute-force congestion at gate [21, 18] with {0: 21, 1: 11, 2: 17, 3: 6, 4: 5, 5: 8, 6: 7, 7: 10, 8: 1, 9: 0, 10: 22, 11: 15, 12: 16, 13: 12, 14: 18, 15: 13}
Trying to moving ion 18... to 15
Ion assignment after moving ion 18: {0: 21, 1: 11, 2: 18, 3: 6, 4: 5, 5: 8, 6: 7, 7: 10, 8: 1, 9: 0, 10: 22, 11: 16, 12: 17, 13: 12, 14: 15, 15: 13}
Gate position gate updated to [15 21]--------------c
Trying to moving ion 21... to 16
Ion assignment after moving ion 21: {0: 16, 1: 11, 2: 19, 3: 6, 4: 5, 5: 8, 6: 7, 7: 10, 8: 1, 9: 0, 10: 20, 11: 17, 12: 18, 13: 12, 14: 15, 15: 13}
Executing gate at point (3, 0).
Executing gate at point (4, 0).
Executing gate at point (5, 0).
Best move: (4, 20)
Executing gate at point (3, 10).
Executing gate at point (4, 10).
Executing gate at point (5, 10).
Best move: (18, 19)
Best move: (19, 24)
Best move: (23, 24)
Best move: (14, 23)
Executing gate at point (0, 13).
Executing gate at point (1, 13).
Executing gate at point (2, 13).
Executing gate at point (3, 13).
Executing gate at point (4, 13).
Executing gate at point (5, 13).
Best move: (14, 23)
Best move: (1, 2)
Best move: (2, 3)
Best move: (3, 4)
Best move: (4, 20)
Best move: (20, 21)
Best move: (9, 21)
Executing gate at point (0, 6).
Executing gate at point (1, 6).
Executing gate at point (2, 6).
Best move: (9, 21)
Best move: (21, 22)
Best move: (11, 12)
Best move: (12, 13)
Best move: (22, 24)
Best move: (22, 24)
Best move: (22, 24)
Try bruteforce due to repeated pattern...
Trying to solve brute-force congestion at gate [13, 24] with {0: 16, 1: 13, 2: 18, 3: 6, 4: 5, 5: 8, 6: 7, 7: 10, 8: 24, 9: 0, 10: 3, 11: 17, 12: 23, 13: 11, 14: 15, 15: 12}
Trying to moving ion 13... to 10
Ion assignment after moving ion 13: {0: 16, 1: 10, 2: 18, 3: 6, 4: 5, 5: 8, 6: 7, 7: 11, 8: 24, 9: 0, 10: 3, 11: 17, 12: 23, 13: 12, 14: 15, 15: 13}
Gate position gate updated to [10 24]--------------c
Trying to moving ion 24... to 11
Ion assignment after moving ion 24: {0: 16, 1: 10, 2: 18, 3: 6, 4: 5, 5: 8, 6: 7, 7: 12, 8: 11, 9: 0, 10: 3, 11: 17, 12: 22, 13: 13, 14: 15, 15: 14}
Executing gate at point (3, 1).
Executing gate at point (4, 1).
Executing gate at point (5, 1).
Best move: (11, 12)
Best move: (12, 13)
Best move: (13, 14)
Best move: (14, 23)
Best move: (23, 24)
Best move: (19, 24)
Executing gate at point (6, 8).
Executing gate at point (7, 8).
Executing gate at point (8, 8).
Best move: (20, 22)
Best move: (18, 19)
Best move: (19, 24)
Best move: (22, 24)
Best move: (21, 22)
Best move: (9, 21)
Executing gate at point (3, 2).
Executing gate at point (4, 2).
Executing gate at point (5, 2).
Executing gate at point (6, 3).
Executing gate at point (7, 3).
Executing gate at point (8, 3).
Best move: (20, 22)
Best move: (22, 24)
Best move: (8, 9)
Best move: (9, 21)
Best move: (21, 22)
Best move: (3, 4)
Best move: (4, 20)
Best move: (20, 21)
Try bruteforce due to multiple steps (8) to solve one gate
Trying to solve brute-force congestion at gate [21, 7] with {0: 16, 1: 10, 2: 8, 3: 6, 4: 5, 5: 22, 6: 7, 7: 11, 8: 18, 9: 0, 10: 21, 11: 17, 12: 24, 13: 12, 14: 15, 15: 13}
Trying to moving ion 7... to 5
Ion assignment after moving ion 7: {0: 16, 1: 10, 2: 8, 3: 7, 4: 6, 5: 22, 6: 5, 7: 11, 8: 18, 9: 0, 10: 21, 11: 17, 12: 24, 13: 12, 14: 15, 15: 13}
Gate position gate updated to [ 5 21]--------------c
Trying to moving ion 21... to 6
Ion assignment after moving ion 21: {0: 16, 1: 10, 2: 9, 3: 8, 4: 7, 5: 22, 6: 5, 7: 11, 8: 18, 9: 0, 10: 6, 11: 17, 12: 24, 13: 12, 14: 15, 15: 13}
Executing gate at point (6, 10).
Executing gate at point (7, 10).
Executing gate at point (8, 10).
Best move: (17, 18)
Best move: (16, 17)
Best move: (22, 23)
Best move: (17, 18)
Best move: (17, 18)
Best move: (17, 18)
Best move: (17, 18)
Try bruteforce due to repeated pattern...
Trying to solve brute-force congestion at gate [23, 18] with {0: 17, 1: 10, 2: 9, 3: 8, 4: 7, 5: 23, 6: 5, 7: 11, 8: 16, 9: 0, 10: 6, 11: 18, 12: 24, 13: 12, 14: 15, 15: 13}
Trying to moving ion 18... to 15
Ion assignment after moving ion 18: {0: 18, 1: 10, 2: 9, 3: 8, 4: 7, 5: 23, 6: 5, 7: 11, 8: 17, 9: 0, 10: 6, 11: 15, 12: 24, 13: 12, 14: 16, 15: 13}
Gate position gate updated to [15 23]--------------c
Trying to moving ion 23... to 16
Ion assignment after moving ion 23: {0: 19, 1: 10, 2: 9, 3: 8, 4: 7, 5: 16, 6: 5, 7: 11, 8: 18, 9: 0, 10: 6, 11: 15, 12: 22, 13: 12, 14: 17, 15: 13}
Executing gate at point (0, 5).
Executing gate at point (1, 5).
Executing gate at point (2, 5).
Best move: (19, 24)
Best move: (16, 17)
Best move: (17, 18)
Best move: (11, 12)
Best move: (15, 16)
Best move: (16, 17)
Best move: (20, 22)
Best move: (22, 24)
Try bruteforce due to multiple steps (8) to solve one gate
Trying to solve brute-force congestion at gate [17, 13] with {0: 22, 1: 10, 2: 9, 3: 8, 4: 7, 5: 18, 6: 5, 7: 12, 8: 16, 9: 0, 10: 6, 11: 17, 12: 20, 13: 11, 14: 15, 15: 13}
Trying to moving ion 17... to 15
Ion assignment after moving ion 17: {0: 22, 1: 10, 2: 9, 3: 8, 4: 7, 5: 18, 6: 5, 7: 12, 8: 17, 9: 0, 10: 6, 11: 15, 12: 20, 13: 11, 14: 16, 15: 13}
Gate position gate updated to [15 13]--------------c
Trying to moving ion 13... to 16
Ion assignment after moving ion 13: {0: 22, 1: 10, 2: 9, 3: 8, 4: 7, 5: 19, 6: 5, 7: 12, 8: 18, 9: 0, 10: 6, 11: 15, 12: 20, 13: 11, 14: 17, 15: 16}
Executing gate at point (3, 11).
Executing gate at point (4, 11).
Executing gate at point (5, 11).
Best move: (19, 24)
Best move: (23, 24)
Best move: (14, 23)
Executing gate at point (3, 5).
Executing gate at point (4, 5).
Executing gate at point (5, 5).
Executing gate at point (6, 5).
Executing gate at point (6, 1).
Executing gate at point (7, 1).
Executing gate at point (7, 5).
Executing gate at point (8, 5).
Executing gate at point (8, 1).
Best move: (7, 8)
Best move: (8, 9)
Best move: (9, 21)
Best move: (0, 1)
Best move: (1, 2)
Best move: (4, 20)
Best move: (20, 22)
Best move: (21, 22)
Try bruteforce due to multiple steps (8) to solve one gate
Trying to solve brute-force congestion at gate [20, 4] with {0: 20, 1: 10, 2: 8, 3: 7, 4: 22, 5: 14, 6: 5, 7: 12, 8: 18, 9: 2, 10: 6, 11: 15, 12: 4, 13: 11, 14: 17, 15: 16}
Trying to moving ion 4... to 0
Ion assignment after moving ion 4: {0: 20, 1: 10, 2: 8, 3: 7, 4: 22, 5: 14, 6: 5, 7: 12, 8: 18, 9: 3, 10: 6, 11: 15, 12: 0, 13: 11, 14: 17, 15: 16}
Gate position gate updated to [ 0 20]--------------c
Trying to moving ion 20... to 1
Ion assignment after moving ion 20: {0: 1, 1: 10, 2: 8, 3: 7, 4: 22, 5: 14, 6: 5, 7: 12, 8: 18, 9: 4, 10: 6, 11: 15, 12: 0, 13: 11, 14: 17, 15: 16}
Executing gate at point (6, 0).
Executing gate at point (7, 0).
Executing gate at point (8, 0).
Best move: (22, 24)
Best move: (4, 20)
Best move: (20, 22)
Best move: (16, 17)
Best move: (15, 16)
Best move: (17, 18)
Best move: (16, 17)
Best move: (17, 18)
Try bruteforce due to multiple steps (8) to solve one gate
Trying to solve brute-force congestion at gate [22, 17] with {0: 1, 1: 10, 2: 8, 3: 7, 4: 24, 5: 14, 6: 5, 7: 12, 8: 16, 9: 22, 10: 6, 11: 18, 12: 0, 13: 11, 14: 15, 15: 17}
Trying to moving ion 17... to 15
Ion assignment after moving ion 17: {0: 1, 1: 10, 2: 8, 3: 7, 4: 24, 5: 14, 6: 5, 7: 12, 8: 17, 9: 22, 10: 6, 11: 18, 12: 0, 13: 11, 14: 16, 15: 15}
Gate position gate updated to [15 22]--------------c
Trying to moving ion 22... to 16
Ion assignment after moving ion 22: {0: 1, 1: 10, 2: 8, 3: 7, 4: 23, 5: 14, 6: 5, 7: 12, 8: 18, 9: 16, 10: 6, 11: 19, 12: 0, 13: 11, 14: 17, 15: 15}
Executing gate at point (6, 9).
Executing gate at point (7, 9).
Executing gate at point (8, 9).
Best move: (19, 24)
Best move: (22, 24)
Best move: (20, 22)
Best move: (22, 23)
Best move: (4, 20)
Best move: (20, 22)
Best move: (3, 4)
Best move: (4, 20)
Try bruteforce due to multiple steps (8) to solve one gate
Trying to solve brute-force congestion at gate [3, 4] with {0: 1, 1: 10, 2: 8, 3: 7, 4: 4, 5: 14, 6: 5, 7: 12, 8: 18, 9: 16, 10: 6, 11: 3, 12: 0, 13: 11, 14: 17, 15: 15}
Trying to moving ion 3... to 0
Ion assignment after moving ion 3: {0: 2, 1: 10, 2: 8, 3: 7, 4: 4, 5: 14, 6: 5, 7: 12, 8: 18, 9: 16, 10: 6, 11: 0, 12: 1, 13: 11, 14: 17, 15: 15}
Gate position gate updated to [0 4]--------------c
Trying to moving ion 4... to 1
Ion assignment after moving ion 4: {0: 3, 1: 10, 2: 8, 3: 7, 4: 1, 5: 14, 6: 5, 7: 12, 8: 18, 9: 16, 10: 6, 11: 0, 12: 2, 13: 11, 14: 17, 15: 15}
Executing gate at point (6, 11).
Executing gate at point (7, 11).
Executing gate at point (8, 11).
Trying to solve brute-force congestion at gate [0, 17] with {0: 3, 1: 10, 2: 6, 3: 20, 4: 1, 5: 14, 6: 5, 7: 11, 8: 18, 9: 15, 10: 7, 11: 0, 12: 2, 13: 12, 14: 16, 15: 17}
Trying to moving ion 0... to 0
Ion assignment after moving ion 0: {0: 3, 1: 10, 2: 6, 3: 20, 4: 1, 5: 14, 6: 5, 7: 11, 8: 18, 9: 15, 10: 7, 11: 0, 12: 2, 13: 12, 14: 16, 15: 17}
Gate position gate updated to [ 0 17]--------------c
Trying to moving ion 17... to 1
Ion assignment after moving ion 17: {0: 4, 1: 10, 2: 6, 3: 21, 4: 2, 5: 14, 6: 5, 7: 11, 8: 17, 9: 15, 10: 7, 11: 0, 12: 3, 13: 12, 14: 16, 15: 1}
Trying to solve brute-force congestion at gate [7, 15] with {0: 4, 1: 10, 2: 6, 3: 21, 4: 2, 5: 14, 6: 5, 7: 11, 8: 17, 9: 15, 10: 7, 11: 0, 12: 3, 13: 12, 14: 16, 15: 1}
Trying to moving ion 15... to 15
Ion assignment after moving ion 15: {0: 4, 1: 10, 2: 6, 3: 21, 4: 2, 5: 14, 6: 5, 7: 11, 8: 17, 9: 15, 10: 7, 11: 0, 12: 3, 13: 12, 14: 16, 15: 1}
Gate position gate updated to [15  7]--------------c
Trying to moving ion 7... to 16
Ion assignment after moving ion 7: {0: 4, 1: 10, 2: 6, 3: 20, 4: 2, 5: 14, 6: 5, 7: 11, 8: 18, 9: 15, 10: 16, 11: 0, 12: 3, 13: 12, 14: 17, 15: 1}
Trying to solve brute-force congestion at gate [16, 15] with {0: 4, 1: 10, 2: 6, 3: 20, 4: 2, 5: 14, 6: 5, 7: 11, 8: 18, 9: 15, 10: 16, 11: 0, 12: 3, 13: 12, 14: 17, 15: 1}
Trying to moving ion 16... to 15
Ion assignment after moving ion 16: {0: 4, 1: 10, 2: 6, 3: 20, 4: 2, 5: 14, 6: 5, 7: 11, 8: 18, 9: 16, 10: 15, 11: 0, 12: 3, 13: 12, 14: 17, 15: 1}
Gate position gate updated to [15 16]--------------c
Trying to moving ion 16... to 16
Ion assignment after moving ion 16: {0: 4, 1: 10, 2: 6, 3: 20, 4: 2, 5: 14, 6: 5, 7: 11, 8: 18, 9: 16, 10: 15, 11: 0, 12: 3, 13: 12, 14: 17, 15: 1}
Trying to solve brute-force congestion at gate [4, 17] with {0: 4, 1: 10, 2: 6, 3: 20, 4: 2, 5: 14, 6: 5, 7: 11, 8: 18, 9: 16, 10: 15, 11: 0, 12: 3, 13: 12, 14: 17, 15: 1}
Trying to moving ion 17... to 15
Ion assignment after moving ion 17: {0: 4, 1: 10, 2: 6, 3: 20, 4: 2, 5: 14, 6: 5, 7: 11, 8: 18, 9: 17, 10: 16, 11: 0, 12: 3, 13: 12, 14: 15, 15: 1}
Gate position gate updated to [15  4]--------------c
Trying to moving ion 4... to 16
Ion assignment after moving ion 4: {0: 16, 1: 10, 2: 6, 3: 21, 4: 2, 5: 14, 6: 5, 7: 11, 8: 19, 9: 18, 10: 17, 11: 0, 12: 3, 13: 12, 14: 15, 15: 1}
Trying to solve brute-force congestion at gate [10, 19] with {0: 16, 1: 10, 2: 6, 3: 21, 4: 2, 5: 14, 6: 5, 7: 11, 8: 19, 9: 18, 10: 17, 11: 0, 12: 3, 13: 12, 14: 15, 15: 1}
Trying to moving ion 10... to 10
Ion assignment after moving ion 10: {0: 16, 1: 10, 2: 6, 3: 21, 4: 2, 5: 14, 6: 5, 7: 11, 8: 19, 9: 18, 10: 17, 11: 0, 12: 3, 13: 12, 14: 15, 15: 1}
Clearing endpoint 14.........
Gate position gate updated to [10 19]--------------c
Trying to moving ion 19... to 11
Ion assignment after moving ion 19: {0: 16, 1: 10, 2: 6, 3: 21, 4: 2, 5: 14, 6: 5, 7: 12, 8: 11, 9: 18, 10: 17, 11: 0, 12: 3, 13: 13, 14: 15, 15: 1}
Trying to solve brute-force congestion at gate [16, 15] with {0: 16, 1: 10, 2: 6, 3: 21, 4: 2, 5: 14, 6: 5, 7: 12, 8: 11, 9: 18, 10: 17, 11: 0, 12: 3, 13: 13, 14: 15, 15: 1}
Trying to moving ion 16... to 15
Ion assignment after moving ion 16: {0: 15, 1: 10, 2: 6, 3: 21, 4: 2, 5: 14, 6: 5, 7: 12, 8: 11, 9: 18, 10: 17, 11: 0, 12: 3, 13: 13, 14: 16, 15: 1}
Gate position gate updated to [15 16]--------------c
Trying to moving ion 16... to 16
Ion assignment after moving ion 16: {0: 15, 1: 10, 2: 6, 3: 21, 4: 2, 5: 14, 6: 5, 7: 12, 8: 11, 9: 18, 10: 17, 11: 0, 12: 3, 13: 13, 14: 16, 15: 1}
Trying to solve brute-force congestion at gate [18, 15] with {0: 15, 1: 10, 2: 6, 3: 21, 4: 2, 5: 14, 6: 5, 7: 12, 8: 11, 9: 18, 10: 17, 11: 0, 12: 3, 13: 13, 14: 16, 15: 1}
Trying to moving ion 18... to 15
Ion assignment after moving ion 18: {0: 16, 1: 10, 2: 6, 3: 21, 4: 2, 5: 14, 6: 5, 7: 12, 8: 11, 9: 15, 10: 18, 11: 0, 12: 3, 13: 13, 14: 17, 15: 1}
Gate position gate updated to [15 16]--------------c
Trying to moving ion 16... to 16
Ion assignment after moving ion 16: {0: 16, 1: 10, 2: 6, 3: 21, 4: 2, 5: 14, 6: 5, 7: 12, 8: 11, 9: 15, 10: 18, 11: 0, 12: 3, 13: 13, 14: 17, 15: 1}
Trying to solve brute-force congestion at gate [12, 10] with {0: 16, 1: 10, 2: 6, 3: 21, 4: 2, 5: 14, 6: 5, 7: 12, 8: 11, 9: 15, 10: 18, 11: 0, 12: 3, 13: 13, 14: 17, 15: 1}
Trying to moving ion 12... to 10
Ion assignment after moving ion 12: {0: 16, 1: 11, 2: 6, 3: 21, 4: 2, 5: 14, 6: 5, 7: 10, 8: 12, 9: 15, 10: 18, 11: 0, 12: 3, 13: 13, 14: 17, 15: 1}
Clearing endpoint 14.........
Gate position gate updated to [10 11]--------------c
Trying to moving ion 11... to 11
Ion assignment after moving ion 11: {0: 16, 1: 11, 2: 6, 3: 21, 4: 2, 5: 23, 6: 5, 7: 10, 8: 12, 9: 15, 10: 18, 11: 0, 12: 3, 13: 13, 14: 17, 15: 1}
Trying to solve brute-force congestion at gate [15, 16] with {0: 16, 1: 11, 2: 6, 3: 21, 4: 2, 5: 23, 6: 5, 7: 10, 8: 12, 9: 15, 10: 18, 11: 0, 12: 3, 13: 13, 14: 17, 15: 1}
Trying to moving ion 15... to 15
Ion assignment after moving ion 15: {0: 16, 1: 11, 2: 6, 3: 21, 4: 2, 5: 23, 6: 5, 7: 10, 8: 12, 9: 15, 10: 18, 11: 0, 12: 3, 13: 13, 14: 17, 15: 1}
Gate position gate updated to [15 16]--------------c
Trying to moving ion 16... to 16
Ion assignment after moving ion 16: {0: 16, 1: 11, 2: 6, 3: 21, 4: 2, 5: 23, 6: 5, 7: 10, 8: 12, 9: 15, 10: 18, 11: 0, 12: 3, 13: 13, 14: 17, 15: 1}
Trying to solve brute-force congestion at gate [10, 11] with {0: 16, 1: 11, 2: 6, 3: 21, 4: 2, 5: 23, 6: 5, 7: 10, 8: 12, 9: 15, 10: 18, 11: 0, 12: 3, 13: 13, 14: 17, 15: 1}
Trying to moving ion 10... to 10
Ion assignment after moving ion 10: {0: 16, 1: 11, 2: 6, 3: 21, 4: 2, 5: 23, 6: 5, 7: 10, 8: 12, 9: 15, 10: 18, 11: 0, 12: 3, 13: 13, 14: 17, 15: 1}
Gate position gate updated to [10 11]--------------c
Trying to moving ion 11... to 11
Ion assignment after moving ion 11: {0: 16, 1: 11, 2: 6, 3: 21, 4: 2, 5: 23, 6: 5, 7: 10, 8: 12, 9: 15, 10: 18, 11: 0, 12: 3, 13: 13, 14: 17, 15: 1}
Trying to solve brute-force congestion at gate [5, 12] with {0: 16, 1: 11, 2: 6, 3: 21, 4: 2, 5: 23, 6: 5, 7: 10, 8: 12, 9: 15, 10: 18, 11: 0, 12: 3, 13: 13, 14: 17, 15: 1}
Trying to moving ion 5... to 5
Ion assignment after moving ion 5: {0: 16, 1: 11, 2: 6, 3: 21, 4: 2, 5: 23, 6: 5, 7: 10, 8: 12, 9: 15, 10: 18, 11: 0, 12: 3, 13: 13, 14: 17, 15: 1}
Gate position gate updated to [ 5 12]--------------c
Trying to moving ion 12... to 6
Ion assignment after moving ion 12: {0: 16, 1: 11, 2: 7, 3: 20, 4: 2, 5: 4, 6: 5, 7: 10, 8: 6, 9: 15, 10: 18, 11: 0, 12: 3, 13: 12, 14: 17, 15: 1}
Trying to solve brute-force congestion at gate [7, 17] with {0: 16, 1: 11, 2: 7, 3: 20, 4: 2, 5: 4, 6: 5, 7: 10, 8: 6, 9: 15, 10: 18, 11: 0, 12: 3, 13: 12, 14: 17, 15: 1}
Trying to moving ion 17... to 15
Ion assignment after moving ion 17: {0: 17, 1: 11, 2: 7, 3: 20, 4: 2, 5: 4, 6: 5, 7: 10, 8: 6, 9: 16, 10: 18, 11: 0, 12: 3, 13: 12, 14: 15, 15: 1}
Gate position gate updated to [15  7]--------------c
Trying to moving ion 7... to 16
Ion assignment after moving ion 7: {0: 18, 1: 11, 2: 16, 3: 20, 4: 2, 5: 4, 6: 5, 7: 10, 8: 6, 9: 17, 10: 19, 11: 0, 12: 3, 13: 12, 14: 15, 15: 1}
Trying to solve brute-force congestion at gate [16, 15] with {0: 18, 1: 11, 2: 16, 3: 20, 4: 2, 5: 4, 6: 5, 7: 10, 8: 6, 9: 17, 10: 19, 11: 0, 12: 3, 13: 12, 14: 15, 15: 1}
Trying to moving ion 16... to 15
Ion assignment after moving ion 16: {0: 18, 1: 11, 2: 15, 3: 20, 4: 2, 5: 4, 6: 5, 7: 10, 8: 6, 9: 17, 10: 19, 11: 0, 12: 3, 13: 12, 14: 16, 15: 1}
Clearing endpoint 19.........
Gate position gate updated to [15 16]--------------c
Trying to moving ion 16... to 16
Ion assignment after moving ion 16: {0: 18, 1: 11, 2: 15, 3: 20, 4: 2, 5: 4, 6: 5, 7: 10, 8: 6, 9: 17, 10: 24, 11: 0, 12: 3, 13: 12, 14: 16, 15: 1}
Trying to solve brute-force congestion at gate [15, 16] with {0: 18, 1: 11, 2: 15, 3: 20, 4: 2, 5: 4, 6: 5, 7: 10, 8: 6, 9: 17, 10: 24, 11: 0, 12: 3, 13: 12, 14: 16, 15: 1}
Trying to moving ion 15... to 15
Ion assignment after moving ion 15: {0: 18, 1: 11, 2: 15, 3: 20, 4: 2, 5: 4, 6: 5, 7: 10, 8: 6, 9: 17, 10: 24, 11: 0, 12: 3, 13: 12, 14: 16, 15: 1}
Gate position gate updated to [15 16]--------------c
Trying to moving ion 16... to 16
Ion assignment after moving ion 16: {0: 18, 1: 11, 2: 15, 3: 20, 4: 2, 5: 4, 6: 5, 7: 10, 8: 6, 9: 17, 10: 24, 11: 0, 12: 3, 13: 12, 14: 16, 15: 1}
Trying to solve brute-force congestion at gate [20, 2] with {0: 18, 1: 11, 2: 15, 3: 20, 4: 2, 5: 4, 6: 5, 7: 10, 8: 6, 9: 17, 10: 24, 11: 0, 12: 3, 13: 12, 14: 16, 15: 1}
Trying to moving ion 2... to 0
Ion assignment after moving ion 2: {0: 18, 1: 11, 2: 15, 3: 20, 4: 0, 5: 4, 6: 5, 7: 10, 8: 6, 9: 17, 10: 24, 11: 1, 12: 3, 13: 12, 14: 16, 15: 2}
Clearing endpoint 4.........
Gate position gate updated to [ 0 21]--------------c
Trying to moving ion 21... to 1
Ion assignment after moving ion 21: {0: 18, 1: 11, 2: 15, 3: 1, 4: 0, 5: 22, 6: 5, 7: 10, 8: 6, 9: 17, 10: 24, 11: 2, 12: 4, 13: 12, 14: 16, 15: 3}
Trying to solve brute-force congestion at gate [1, 0] with {0: 18, 1: 11, 2: 15, 3: 1, 4: 0, 5: 22, 6: 5, 7: 10, 8: 6, 9: 17, 10: 24, 11: 2, 12: 4, 13: 12, 14: 16, 15: 3}
Trying to moving ion 1... to 0
Ion assignment after moving ion 1: {0: 18, 1: 11, 2: 15, 3: 0, 4: 1, 5: 22, 6: 5, 7: 10, 8: 6, 9: 17, 10: 24, 11: 2, 12: 4, 13: 12, 14: 16, 15: 3}
Clearing endpoint 4.........
Gate position gate updated to [0 1]--------------c
Trying to moving ion 1... to 1
Ion assignment after moving ion 1: {0: 18, 1: 11, 2: 15, 3: 0, 4: 1, 5: 22, 6: 5, 7: 10, 8: 6, 9: 17, 10: 24, 11: 2, 12: 20, 13: 12, 14: 16, 15: 3}
Trying to solve brute-force congestion at gate [0, 1] with {0: 18, 1: 11, 2: 15, 3: 0, 4: 1, 5: 22, 6: 5, 7: 10, 8: 6, 9: 17, 10: 24, 11: 2, 12: 20, 13: 12, 14: 16, 15: 3}
Trying to moving ion 0... to 0
Ion assignment after moving ion 0: {0: 18, 1: 11, 2: 15, 3: 0, 4: 1, 5: 22, 6: 5, 7: 10, 8: 6, 9: 17, 10: 24, 11: 2, 12: 20, 13: 12, 14: 16, 15: 3}
Gate position gate updated to [0 1]--------------c
Trying to moving ion 1... to 1
Ion assignment after moving ion 1: {0: 18, 1: 11, 2: 15, 3: 0, 4: 1, 5: 22, 6: 5, 7: 10, 8: 6, 9: 17, 10: 24, 11: 2, 12: 20, 13: 12, 14: 16, 15: 3}
Trying to solve brute-force congestion at gate [0, 3] with {0: 18, 1: 11, 2: 15, 3: 0, 4: 1, 5: 22, 6: 5, 7: 10, 8: 6, 9: 17, 10: 24, 11: 2, 12: 20, 13: 12, 14: 16, 15: 3}
Trying to moving ion 0... to 0
Ion assignment after moving ion 0: {0: 18, 1: 11, 2: 15, 3: 0, 4: 1, 5: 22, 6: 5, 7: 10, 8: 6, 9: 17, 10: 24, 11: 2, 12: 20, 13: 12, 14: 16, 15: 3}
Gate position gate updated to [0 3]--------------c
Trying to moving ion 3... to 1
Ion assignment after moving ion 3: {0: 18, 1: 11, 2: 15, 3: 0, 4: 2, 5: 22, 6: 5, 7: 10, 8: 6, 9: 17, 10: 24, 11: 3, 12: 20, 13: 12, 14: 16, 15: 1}
Trying to solve brute-force congestion at gate [2, 24] with {0: 18, 1: 11, 2: 15, 3: 0, 4: 2, 5: 22, 6: 5, 7: 10, 8: 6, 9: 17, 10: 24, 11: 3, 12: 20, 13: 12, 14: 16, 15: 1}
Trying to moving ion 2... to 0
Ion assignment after moving ion 2: {0: 18, 1: 11, 2: 15, 3: 1, 4: 0, 5: 22, 6: 5, 7: 10, 8: 6, 9: 17, 10: 24, 11: 3, 12: 20, 13: 12, 14: 16, 15: 2}
Gate position gate updated to [ 0 24]--------------c
Trying to moving ion 24... to 1
Ion assignment after moving ion 24: {0: 18, 1: 11, 2: 15, 3: 2, 4: 0, 5: 9, 6: 5, 7: 10, 8: 6, 9: 17, 10: 1, 11: 4, 12: 21, 13: 12, 14: 16, 15: 3}
Trying to solve brute-force congestion at gate [2, 3] with {0: 18, 1: 11, 2: 15, 3: 2, 4: 0, 5: 9, 6: 5, 7: 10, 8: 6, 9: 17, 10: 1, 11: 4, 12: 21, 13: 12, 14: 16, 15: 3}
Trying to moving ion 2... to 0
Ion assignment after moving ion 2: {0: 18, 1: 11, 2: 15, 3: 0, 4: 1, 5: 9, 6: 5, 7: 10, 8: 6, 9: 17, 10: 2, 11: 4, 12: 21, 13: 12, 14: 16, 15: 3}
Clearing endpoint 4.........
Gate position gate updated to [0 3]--------------c
Trying to moving ion 3... to 1
Ion assignment after moving ion 3: {0: 18, 1: 11, 2: 15, 3: 0, 4: 2, 5: 9, 6: 5, 7: 10, 8: 6, 9: 17, 10: 3, 11: 20, 12: 21, 13: 12, 14: 16, 15: 1}
Trying to solve brute-force congestion at gate [2, 3] with {0: 18, 1: 11, 2: 15, 3: 0, 4: 2, 5: 9, 6: 5, 7: 10, 8: 6, 9: 17, 10: 3, 11: 20, 12: 21, 13: 12, 14: 16, 15: 1}
Trying to moving ion 2... to 0
Ion assignment after moving ion 2: {0: 18, 1: 11, 2: 15, 3: 1, 4: 0, 5: 9, 6: 5, 7: 10, 8: 6, 9: 17, 10: 3, 11: 20, 12: 21, 13: 12, 14: 16, 15: 2}
Gate position gate updated to [0 3]--------------c
Trying to moving ion 3... to 1
Ion assignment after moving ion 3: {0: 18, 1: 11, 2: 15, 3: 2, 4: 0, 5: 9, 6: 5, 7: 10, 8: 6, 9: 17, 10: 1, 11: 20, 12: 21, 13: 12, 14: 16, 15: 3}
Trying to solve brute-force congestion at gate [12, 21] with {0: 18, 1: 11, 2: 15, 3: 2, 4: 0, 5: 9, 6: 5, 7: 10, 8: 6, 9: 17, 10: 1, 11: 20, 12: 21, 13: 12, 14: 16, 15: 3}
Trying to moving ion 12... to 10
Ion assignment after moving ion 12: {0: 18, 1: 12, 2: 15, 3: 2, 4: 0, 5: 9, 6: 5, 7: 11, 8: 6, 9: 17, 10: 1, 11: 20, 12: 21, 13: 10, 14: 16, 15: 3}
Gate position gate updated to [10 21]--------------c
Trying to moving ion 21... to 11
Ion assignment after moving ion 21: {0: 18, 1: 13, 2: 15, 3: 2, 4: 0, 5: 9, 6: 5, 7: 12, 8: 6, 9: 17, 10: 1, 11: 20, 12: 11, 13: 10, 14: 16, 15: 3}
Trying to solve brute-force congestion at gate [10, 11] with {0: 18, 1: 13, 2: 15, 3: 2, 4: 0, 5: 9, 6: 5, 7: 12, 8: 6, 9: 17, 10: 1, 11: 20, 12: 11, 13: 10, 14: 16, 15: 3}
Trying to moving ion 10... to 10
Ion assignment after moving ion 10: {0: 18, 1: 13, 2: 15, 3: 2, 4: 0, 5: 9, 6: 5, 7: 12, 8: 6, 9: 17, 10: 1, 11: 20, 12: 11, 13: 10, 14: 16, 15: 3}
Gate position gate updated to [10 11]--------------c
Trying to moving ion 11... to 11
Ion assignment after moving ion 11: {0: 18, 1: 13, 2: 15, 3: 2, 4: 0, 5: 9, 6: 5, 7: 12, 8: 6, 9: 17, 10: 1, 11: 20, 12: 11, 13: 10, 14: 16, 15: 3}
Trying to solve brute-force congestion at gate [10, 11] with {0: 18, 1: 13, 2: 15, 3: 2, 4: 0, 5: 9, 6: 5, 7: 12, 8: 6, 9: 17, 10: 1, 11: 20, 12: 11, 13: 10, 14: 16, 15: 3}
Trying to moving ion 10... to 10
Ion assignment after moving ion 10: {0: 18, 1: 13, 2: 15, 3: 2, 4: 0, 5: 9, 6: 5, 7: 12, 8: 6, 9: 17, 10: 1, 11: 20, 12: 11, 13: 10, 14: 16, 15: 3}
Gate position gate updated to [10 11]--------------c
Trying to moving ion 11... to 11
Ion assignment after moving ion 11: {0: 18, 1: 13, 2: 15, 3: 2, 4: 0, 5: 9, 6: 5, 7: 12, 8: 6, 9: 17, 10: 1, 11: 20, 12: 11, 13: 10, 14: 16, 15: 3}
Trying to solve brute-force congestion at gate [10, 11] with {0: 18, 1: 13, 2: 15, 3: 2, 4: 0, 5: 9, 6: 5, 7: 12, 8: 6, 9: 17, 10: 1, 11: 20, 12: 11, 13: 10, 14: 16, 15: 3}
Trying to moving ion 10... to 10
Ion assignment after moving ion 10: {0: 18, 1: 13, 2: 15, 3: 2, 4: 0, 5: 9, 6: 5, 7: 12, 8: 6, 9: 17, 10: 1, 11: 20, 12: 11, 13: 10, 14: 16, 15: 3}
Gate position gate updated to [10 11]--------------c
Trying to moving ion 11... to 11
Ion assignment after moving ion 11: {0: 18, 1: 13, 2: 15, 3: 2, 4: 0, 5: 9, 6: 5, 7: 12, 8: 6, 9: 17, 10: 1, 11: 20, 12: 11, 13: 10, 14: 16, 15: 3}
Trying to solve brute-force congestion at gate [10, 11] with {0: 18, 1: 13, 2: 15, 3: 2, 4: 0, 5: 9, 6: 5, 7: 12, 8: 6, 9: 17, 10: 1, 11: 20, 12: 11, 13: 10, 14: 16, 15: 3}
Trying to moving ion 10... to 10
Ion assignment after moving ion 10: {0: 18, 1: 13, 2: 15, 3: 2, 4: 0, 5: 9, 6: 5, 7: 12, 8: 6, 9: 17, 10: 1, 11: 20, 12: 11, 13: 10, 14: 16, 15: 3}
Gate position gate updated to [10 11]--------------c
Trying to moving ion 11... to 11
Ion assignment after moving ion 11: {0: 18, 1: 13, 2: 15, 3: 2, 4: 0, 5: 9, 6: 5, 7: 12, 8: 6, 9: 17, 10: 1, 11: 20, 12: 11, 13: 10, 14: 16, 15: 3}
Trying to solve brute-force congestion at gate [10, 11] with {0: 18, 1: 13, 2: 15, 3: 2, 4: 0, 5: 9, 6: 5, 7: 12, 8: 6, 9: 17, 10: 1, 11: 20, 12: 11, 13: 10, 14: 16, 15: 3}
Trying to moving ion 10... to 10
Ion assignment after moving ion 10: {0: 18, 1: 13, 2: 15, 3: 2, 4: 0, 5: 9, 6: 5, 7: 12, 8: 6, 9: 17, 10: 1, 11: 20, 12: 11, 13: 10, 14: 16, 15: 3}
Gate position gate updated to [10 11]--------------c
Trying to moving ion 11... to 11
Ion assignment after moving ion 11: {0: 18, 1: 13, 2: 15, 3: 2, 4: 0, 5: 9, 6: 5, 7: 12, 8: 6, 9: 17, 10: 1, 11: 20, 12: 11, 13: 10, 14: 16, 15: 3}
Executing gate at point (0, 7).
Executing gate at point (0, 4).
Executing gate at point (0, 13).
Executing gate at point (0, 3).
Executing gate at point (0, 9).
Executing gate at point (0, 6).
Executing gate at point (0, 2).
Executing gate at point (1, 2).
Executing gate at point (1, 4).
Executing gate at point (1, 7).
Executing gate at point (1, 13).
Executing gate at point (1, 6).
Executing gate at point (1, 3).
Executing gate at point (1, 9).
Executing gate at point (2, 4).
Executing gate at point (2, 7).
Executing gate at point (2, 13).
Executing gate at point (2, 3).
Executing gate at point (2, 9).
Executing gate at point (2, 6).
Executing gate at point (2, 2).
Executing gate at point (3, 0).
Executing gate at point (3, 13).
Executing gate at point (3, 3).
Executing gate at point (4, 0).
Executing gate at point (4, 13).
Executing gate at point (4, 3).
Executing gate at point (5, 13).
Executing gate at point (5, 0).
Executing gate at point (5, 3).
Best move: (5, 6)
Best move: (20, 21)
Best move: (8, 9)
Best move: (9, 21)
Executing gate at point (0, 5).
Executing gate at point (1, 5).
Executing gate at point (2, 5).
Best move: (9, 21)
Best move: (18, 19)
Best move: (19, 24)
Best move: (23, 24)
Best move: (14, 23)
Executing gate at point (6, 0).
Executing gate at point (7, 0).
Executing gate at point (8, 0).
Best move: (20, 21)
Best move: (13, 14)
Best move: (14, 23)
Best move: (17, 18)
Best move: (22, 23)
Best move: (21, 22)
Best move: (9, 21)
Executing gate at point (3, 1).
Executing gate at point (4, 1).
Executing gate at point (5, 1).
Best move: (8, 9)
Best move: (9, 21)
Best move: (21, 22)
Best move: (22, 23)
Best move: (14, 23)
Executing gate at point (3, 5).
Executing gate at point (4, 5).
Executing gate at point (5, 5).
Executing gate at point (6, 5).
Executing gate at point (7, 5).
Executing gate at point (8, 5).
Best move: (12, 13)
Best move: (13, 14)
Best move: (14, 23)
Best move: (16, 17)
Best move: (6, 7)
Best move: (7, 8)
Best move: (5, 6)
Best move: (15, 16)
Try bruteforce due to multiple steps (8) to solve one gate
Trying to solve brute-force congestion at gate [1, 18] with {0: 12, 1: 7, 2: 16, 3: 2, 4: 0, 5: 13, 6: 8, 7: 23, 8: 6, 9: 18, 10: 1, 11: 20, 12: 11, 13: 10, 14: 17, 15: 3}
Trying to moving ion 1... to 0
Ion assignment after moving ion 1: {0: 12, 1: 7, 2: 16, 3: 2, 4: 1, 5: 13, 6: 8, 7: 23, 8: 6, 9: 18, 10: 0, 11: 20, 12: 11, 13: 10, 14: 17, 15: 3}
Gate position gate updated to [ 0 18]--------------c
Trying to moving ion 18... to 1
Ion assignment after moving ion 18: {0: 12, 1: 7, 2: 16, 3: 3, 4: 2, 5: 13, 6: 8, 7: 23, 8: 6, 9: 1, 10: 0, 11: 21, 12: 11, 13: 10, 14: 17, 15: 4}
Executing gate at point (3, 10).
Executing gate at point (4, 10).
Executing gate at point (5, 10).
Best move: (20, 21)
Best move: (6, 7)
Best move: (6, 7)
Best move: (22, 23)
Best move: (21, 22)
Best move: (9, 21)
Executing gate at point (6, 1).
Executing gate at point (7, 1).
Executing gate at point (8, 1).
Best move: (6, 7)
Best move: (8, 9)
Best move: (9, 21)
Best move: (21, 22)
Best move: (22, 24)
Best move: (19, 24)
Executing gate at point (3, 2).
Executing gate at point (4, 2).
Executing gate at point (5, 2).
Best move: (0, 1)
Best move: (1, 2)
Best move: (18, 19)
Best move: (7, 8)
Best move: (20, 21)
Best move: (4, 20)
Best move: (9, 21)
Best move: (20, 21)
Try bruteforce due to multiple steps (8) to solve one gate
Trying to solve brute-force congestion at gate [8, 17] with {0: 12, 1: 6, 2: 16, 3: 3, 4: 1, 5: 13, 6: 18, 7: 7, 8: 8, 9: 0, 10: 2, 11: 9, 12: 11, 13: 10, 14: 17, 15: 21}
Trying to moving ion 17... to 15
Ion assignment after moving ion 17: {0: 12, 1: 6, 2: 17, 3: 3, 4: 1, 5: 13, 6: 18, 7: 7, 8: 8, 9: 0, 10: 2, 11: 9, 12: 11, 13: 10, 14: 15, 15: 21}
Gate position gate updated to [15  8]--------------c
Trying to moving ion 8... to 16
Ion assignment after moving ion 8: {0: 12, 1: 6, 2: 18, 3: 3, 4: 1, 5: 13, 6: 19, 7: 7, 8: 16, 9: 0, 10: 2, 11: 8, 12: 11, 13: 10, 14: 15, 15: 20}
Executing gate at point (6, 8).
Executing gate at point (7, 8).
Executing gate at point (8, 8).
Best move: (20, 21)
Best move: (19, 24)
Best move: (22, 24)
Best move: (20, 22)
Best move: (4, 20)
Executing gate at point (6, 10).
Executing gate at point (7, 10).
Executing gate at point (8, 10).
Best move: (9, 21)
Executing gate at point (3, 11).
Executing gate at point (4, 11).
Executing gate at point (5, 11).
Best move: (9, 21)
Best move: (3, 4)
Best move: (4, 20)
Best move: (20, 22)
Best move: (22, 24)
Best move: (19, 24)
Executing gate at point (6, 3).
Executing gate at point (7, 3).
Executing gate at point (8, 3).
Best move: (20, 21)
Best move: (8, 9)
Best move: (9, 21)
Best move: (1, 2)
Best move: (2, 3)
Best move: (0, 1)
Best move: (1, 2)
Best move: (21, 22)
Try bruteforce due to multiple steps (8) to solve one gate
Trying to solve brute-force congestion at gate [2, 20] with {0: 12, 1: 6, 2: 18, 3: 19, 4: 3, 5: 13, 6: 1, 7: 7, 8: 16, 9: 2, 10: 0, 11: 22, 12: 11, 13: 10, 14: 15, 15: 20}
Trying to moving ion 2... to 0
Ion assignment after moving ion 2: {0: 12, 1: 6, 2: 18, 3: 19, 4: 3, 5: 13, 6: 2, 7: 7, 8: 16, 9: 0, 10: 1, 11: 22, 12: 11, 13: 10, 14: 15, 15: 20}
Gate position gate updated to [ 0 20]--------------c
Trying to moving ion 20... to 1
Ion assignment after moving ion 20: {0: 12, 1: 6, 2: 18, 3: 19, 4: 4, 5: 13, 6: 3, 7: 7, 8: 16, 9: 0, 10: 2, 11: 22, 12: 11, 13: 10, 14: 15, 15: 1}
Executing gate at point (6, 9).
Executing gate at point (7, 9).
Executing gate at point (8, 9).
Best move: (4, 20)
Best move: (21, 22)
Best move: (9, 21)
Best move: (20, 21)
Best move: (8, 9)
Best move: (9, 21)
Executing gate at point (6, 11).
Executing gate at point (7, 11).
Executing gate at point (8, 11).
Trying to solve brute-force congestion at gate [23, 6] with {0: 12, 1: 7, 2: 17, 3: 18, 4: 24, 5: 23, 6: 3, 7: 6, 8: 16, 9: 0, 10: 2, 11: 8, 12: 11, 13: 10, 14: 15, 15: 1}
Trying to moving ion 6... to 5
Ion assignment after moving ion 6: {0: 12, 1: 7, 2: 17, 3: 18, 4: 24, 5: 23, 6: 3, 7: 5, 8: 16, 9: 0, 10: 2, 11: 8, 12: 11, 13: 10, 14: 15, 15: 1}
Gate position gate updated to [ 5 23]--------------c
Trying to moving ion 23... to 6
Ion assignment after moving ion 23: {0: 12, 1: 8, 2: 17, 3: 18, 4: 24, 5: 6, 6: 3, 7: 5, 8: 16, 9: 0, 10: 2, 11: 9, 12: 11, 13: 10, 14: 15, 15: 1}
Trying to solve brute-force congestion at gate [6, 5] with {0: 12, 1: 8, 2: 17, 3: 18, 4: 24, 5: 6, 6: 3, 7: 5, 8: 16, 9: 0, 10: 2, 11: 9, 12: 11, 13: 10, 14: 15, 15: 1}
Trying to moving ion 6... to 5
Ion assignment after moving ion 6: {0: 12, 1: 8, 2: 17, 3: 18, 4: 24, 5: 5, 6: 3, 7: 6, 8: 16, 9: 0, 10: 2, 11: 9, 12: 11, 13: 10, 14: 15, 15: 1}
Clearing endpoint 9.........
Gate position gate updated to [5 6]--------------c
Trying to moving ion 6... to 6
Ion assignment after moving ion 6: {0: 12, 1: 8, 2: 17, 3: 18, 4: 24, 5: 5, 6: 3, 7: 6, 8: 16, 9: 0, 10: 2, 11: 21, 12: 11, 13: 10, 14: 15, 15: 1}
Trying to solve brute-force congestion at gate [21, 1] with {0: 12, 1: 8, 2: 17, 3: 18, 4: 24, 5: 5, 6: 3, 7: 6, 8: 16, 9: 0, 10: 2, 11: 21, 12: 11, 13: 10, 14: 15, 15: 1}
Trying to moving ion 1... to 0
Ion assignment after moving ion 1: {0: 12, 1: 8, 2: 17, 3: 18, 4: 24, 5: 5, 6: 3, 7: 6, 8: 16, 9: 1, 10: 2, 11: 21, 12: 11, 13: 10, 14: 15, 15: 0}
Gate position gate updated to [ 0 21]--------------c
Trying to moving ion 21... to 1
Ion assignment after moving ion 21: {0: 12, 1: 8, 2: 17, 3: 18, 4: 24, 5: 5, 6: 4, 7: 6, 8: 16, 9: 2, 10: 3, 11: 1, 12: 11, 13: 10, 14: 15, 15: 0}
Trying to solve brute-force congestion at gate [12, 15] with {0: 12, 1: 8, 2: 17, 3: 18, 4: 24, 5: 5, 6: 4, 7: 6, 8: 16, 9: 2, 10: 3, 11: 1, 12: 11, 13: 10, 14: 15, 15: 0}
Trying to moving ion 15... to 15
Ion assignment after moving ion 15: {0: 12, 1: 8, 2: 17, 3: 18, 4: 24, 5: 5, 6: 4, 7: 6, 8: 16, 9: 2, 10: 3, 11: 1, 12: 11, 13: 10, 14: 15, 15: 0}
Gate position gate updated to [15 12]--------------c
Trying to moving ion 12... to 16
Ion assignment after moving ion 12: {0: 16, 1: 8, 2: 18, 3: 19, 4: 22, 5: 5, 6: 4, 7: 6, 8: 17, 9: 2, 10: 3, 11: 1, 12: 11, 13: 10, 14: 15, 15: 0}
Trying to solve brute-force congestion at gate [16, 15] with {0: 16, 1: 8, 2: 18, 3: 19, 4: 22, 5: 5, 6: 4, 7: 6, 8: 17, 9: 2, 10: 3, 11: 1, 12: 11, 13: 10, 14: 15, 15: 0}
Trying to moving ion 16... to 15
Ion assignment after moving ion 16: {0: 15, 1: 8, 2: 18, 3: 19, 4: 22, 5: 5, 6: 4, 7: 6, 8: 17, 9: 2, 10: 3, 11: 1, 12: 11, 13: 10, 14: 16, 15: 0}
Clearing endpoint 19.........
Gate position gate updated to [15 16]--------------c
Trying to moving ion 16... to 16
Ion assignment after moving ion 16: {0: 15, 1: 8, 2: 18, 3: 24, 4: 22, 5: 5, 6: 4, 7: 6, 8: 17, 9: 2, 10: 3, 11: 1, 12: 11, 13: 10, 14: 16, 15: 0}
Trying to solve brute-force congestion at gate [18, 4] with {0: 15, 1: 8, 2: 18, 3: 24, 4: 22, 5: 5, 6: 4, 7: 6, 8: 17, 9: 2, 10: 3, 11: 1, 12: 11, 13: 10, 14: 16, 15: 0}
Trying to moving ion 18... to 15
Ion assignment after moving ion 18: {0: 16, 1: 8, 2: 15, 3: 24, 4: 22, 5: 5, 6: 4, 7: 6, 8: 18, 9: 2, 10: 3, 11: 1, 12: 11, 13: 10, 14: 17, 15: 0}
Gate position gate updated to [15  4]--------------c
Trying to moving ion 4... to 16
Ion assignment after moving ion 4: {0: 17, 1: 8, 2: 15, 3: 23, 4: 14, 5: 5, 6: 16, 7: 6, 8: 19, 9: 2, 10: 3, 11: 1, 12: 11, 13: 10, 14: 18, 15: 0}
Trying to solve brute-force congestion at gate [2, 17] with {0: 17, 1: 8, 2: 15, 3: 23, 4: 14, 5: 5, 6: 16, 7: 6, 8: 19, 9: 2, 10: 3, 11: 1, 12: 11, 13: 10, 14: 18, 15: 0}
Trying to moving ion 2... to 0
Ion assignment after moving ion 2: {0: 17, 1: 8, 2: 15, 3: 23, 4: 14, 5: 5, 6: 16, 7: 6, 8: 19, 9: 0, 10: 3, 11: 2, 12: 11, 13: 10, 14: 18, 15: 1}
Gate position gate updated to [ 0 17]--------------c
Trying to moving ion 17... to 1
Ion assignment after moving ion 17: {0: 1, 1: 8, 2: 15, 3: 23, 4: 14, 5: 5, 6: 16, 7: 6, 8: 18, 9: 0, 10: 4, 11: 3, 12: 11, 13: 10, 14: 17, 15: 2}
Trying to solve brute-force congestion at gate [15, 16] with {0: 1, 1: 8, 2: 15, 3: 23, 4: 14, 5: 5, 6: 16, 7: 6, 8: 18, 9: 0, 10: 4, 11: 3, 12: 11, 13: 10, 14: 17, 15: 2}
Trying to moving ion 15... to 15
Ion assignment after moving ion 15: {0: 1, 1: 8, 2: 15, 3: 23, 4: 14, 5: 5, 6: 16, 7: 6, 8: 18, 9: 0, 10: 4, 11: 3, 12: 11, 13: 10, 14: 17, 15: 2}
Gate position gate updated to [15 16]--------------c
Trying to moving ion 16... to 16
Ion assignment after moving ion 16: {0: 1, 1: 8, 2: 15, 3: 23, 4: 14, 5: 5, 6: 16, 7: 6, 8: 18, 9: 0, 10: 4, 11: 3, 12: 11, 13: 10, 14: 17, 15: 2}
Trying to solve brute-force congestion at gate [8, 18] with {0: 1, 1: 8, 2: 15, 3: 23, 4: 14, 5: 5, 6: 16, 7: 6, 8: 18, 9: 0, 10: 4, 11: 3, 12: 11, 13: 10, 14: 17, 15: 2}
Trying to moving ion 8... to 5
Ion assignment after moving ion 8: {0: 1, 1: 5, 2: 15, 3: 23, 4: 14, 5: 6, 6: 16, 7: 7, 8: 18, 9: 0, 10: 4, 11: 3, 12: 11, 13: 10, 14: 17, 15: 2}
Gate position gate updated to [ 5 18]--------------c
Trying to moving ion 18... to 6
Ion assignment after moving ion 18: {0: 1, 1: 5, 2: 15, 3: 23, 4: 14, 5: 7, 6: 16, 7: 8, 8: 6, 9: 0, 10: 4, 11: 3, 12: 11, 13: 10, 14: 17, 15: 2}
Trying to solve brute-force congestion at gate [15, 17] with {0: 1, 1: 5, 2: 15, 3: 23, 4: 14, 5: 7, 6: 16, 7: 8, 8: 6, 9: 0, 10: 4, 11: 3, 12: 11, 13: 10, 14: 17, 15: 2}
Trying to moving ion 15... to 15
Ion assignment after moving ion 15: {0: 1, 1: 5, 2: 15, 3: 23, 4: 14, 5: 7, 6: 16, 7: 8, 8: 6, 9: 0, 10: 4, 11: 3, 12: 11, 13: 10, 14: 17, 15: 2}
Gate position gate updated to [15 17]--------------c
Trying to moving ion 17... to 16
Ion assignment after moving ion 17: {0: 1, 1: 5, 2: 15, 3: 23, 4: 14, 5: 7, 6: 17, 7: 8, 8: 6, 9: 0, 10: 4, 11: 3, 12: 11, 13: 10, 14: 16, 15: 2}
Trying to solve brute-force congestion at gate [5, 6] with {0: 1, 1: 5, 2: 15, 3: 23, 4: 14, 5: 7, 6: 17, 7: 8, 8: 6, 9: 0, 10: 4, 11: 3, 12: 11, 13: 10, 14: 16, 15: 2}
Trying to moving ion 5... to 5
Ion assignment after moving ion 5: {0: 1, 1: 5, 2: 15, 3: 23, 4: 14, 5: 7, 6: 17, 7: 8, 8: 6, 9: 0, 10: 4, 11: 3, 12: 11, 13: 10, 14: 16, 15: 2}
Gate position gate updated to [5 6]--------------c
Trying to moving ion 6... to 6
Ion assignment after moving ion 6: {0: 1, 1: 5, 2: 15, 3: 23, 4: 14, 5: 7, 6: 17, 7: 8, 8: 6, 9: 0, 10: 4, 11: 3, 12: 11, 13: 10, 14: 16, 15: 2}
Trying to solve brute-force congestion at gate [8, 5] with {0: 1, 1: 5, 2: 15, 3: 23, 4: 14, 5: 7, 6: 17, 7: 8, 8: 6, 9: 0, 10: 4, 11: 3, 12: 11, 13: 10, 14: 16, 15: 2}
Trying to moving ion 8... to 5
Ion assignment after moving ion 8: {0: 1, 1: 6, 2: 15, 3: 23, 4: 14, 5: 8, 6: 17, 7: 5, 8: 7, 9: 0, 10: 4, 11: 3, 12: 11, 13: 10, 14: 16, 15: 2}
Gate position gate updated to [5 6]--------------c
Trying to moving ion 6... to 6
Ion assignment after moving ion 6: {0: 1, 1: 6, 2: 15, 3: 23, 4: 14, 5: 8, 6: 17, 7: 5, 8: 7, 9: 0, 10: 4, 11: 3, 12: 11, 13: 10, 14: 16, 15: 2}
Trying to solve brute-force congestion at gate [5, 6] with {0: 1, 1: 6, 2: 15, 3: 23, 4: 14, 5: 8, 6: 17, 7: 5, 8: 7, 9: 0, 10: 4, 11: 3, 12: 11, 13: 10, 14: 16, 15: 2}
Trying to moving ion 5... to 5
Ion assignment after moving ion 5: {0: 1, 1: 6, 2: 15, 3: 23, 4: 14, 5: 8, 6: 17, 7: 5, 8: 7, 9: 0, 10: 4, 11: 3, 12: 11, 13: 10, 14: 16, 15: 2}
Gate position gate updated to [5 6]--------------c
Trying to moving ion 6... to 6
Ion assignment after moving ion 6: {0: 1, 1: 6, 2: 15, 3: 23, 4: 14, 5: 8, 6: 17, 7: 5, 8: 7, 9: 0, 10: 4, 11: 3, 12: 11, 13: 10, 14: 16, 15: 2}
Trying to solve brute-force congestion at gate [5, 6] with {0: 1, 1: 6, 2: 15, 3: 23, 4: 14, 5: 8, 6: 17, 7: 5, 8: 7, 9: 0, 10: 4, 11: 3, 12: 11, 13: 10, 14: 16, 15: 2}
Trying to moving ion 5... to 5
Ion assignment after moving ion 5: {0: 1, 1: 6, 2: 15, 3: 23, 4: 14, 5: 8, 6: 17, 7: 5, 8: 7, 9: 0, 10: 4, 11: 3, 12: 11, 13: 10, 14: 16, 15: 2}
Gate position gate updated to [5 6]--------------c
Trying to moving ion 6... to 6
Ion assignment after moving ion 6: {0: 1, 1: 6, 2: 15, 3: 23, 4: 14, 5: 8, 6: 17, 7: 5, 8: 7, 9: 0, 10: 4, 11: 3, 12: 11, 13: 10, 14: 16, 15: 2}
Trying to solve brute-force congestion at gate [23, 14] with {0: 1, 1: 6, 2: 15, 3: 23, 4: 14, 5: 8, 6: 17, 7: 5, 8: 7, 9: 0, 10: 4, 11: 3, 12: 11, 13: 10, 14: 16, 15: 2}
Trying to moving ion 14... to 10
Ion assignment after moving ion 14: {0: 1, 1: 6, 2: 15, 3: 23, 4: 10, 5: 8, 6: 17, 7: 5, 8: 7, 9: 0, 10: 4, 11: 3, 12: 12, 13: 11, 14: 16, 15: 2}
Gate position gate updated to [10 23]--------------c
Trying to moving ion 23... to 11
Ion assignment after moving ion 23: {0: 1, 1: 6, 2: 15, 3: 11, 4: 10, 5: 8, 6: 17, 7: 5, 8: 7, 9: 0, 10: 4, 11: 3, 12: 13, 13: 12, 14: 16, 15: 2}
Trying to solve brute-force congestion at gate [8, 3] with {0: 1, 1: 6, 2: 15, 3: 11, 4: 10, 5: 8, 6: 17, 7: 5, 8: 7, 9: 0, 10: 4, 11: 3, 12: 13, 13: 12, 14: 16, 15: 2}
Trying to moving ion 8... to 5
Ion assignment after moving ion 8: {0: 1, 1: 7, 2: 15, 3: 11, 4: 10, 5: 5, 6: 17, 7: 6, 8: 8, 9: 0, 10: 4, 11: 3, 12: 13, 13: 12, 14: 16, 15: 2}
Gate position gate updated to [5 3]--------------c
Trying to moving ion 3... to 6
Ion assignment after moving ion 3: {0: 1, 1: 8, 2: 15, 3: 11, 4: 10, 5: 5, 6: 17, 7: 7, 8: 9, 9: 0, 10: 3, 11: 6, 12: 13, 13: 12, 14: 16, 15: 2}
Trying to solve brute-force congestion at gate [5, 6] with {0: 1, 1: 8, 2: 15, 3: 11, 4: 10, 5: 5, 6: 17, 7: 7, 8: 9, 9: 0, 10: 3, 11: 6, 12: 13, 13: 12, 14: 16, 15: 2}
Trying to moving ion 5... to 5
Ion assignment after moving ion 5: {0: 1, 1: 8, 2: 15, 3: 11, 4: 10, 5: 5, 6: 17, 7: 7, 8: 9, 9: 0, 10: 3, 11: 6, 12: 13, 13: 12, 14: 16, 15: 2}
Clearing endpoint 9.........
Gate position gate updated to [5 6]--------------c
Trying to moving ion 6... to 6
Ion assignment after moving ion 6: {0: 1, 1: 8, 2: 15, 3: 11, 4: 10, 5: 5, 6: 17, 7: 7, 8: 21, 9: 0, 10: 3, 11: 6, 12: 13, 13: 12, 14: 16, 15: 2}
Trying to solve brute-force congestion at gate [11, 2] with {0: 1, 1: 8, 2: 15, 3: 11, 4: 10, 5: 5, 6: 17, 7: 7, 8: 21, 9: 0, 10: 3, 11: 6, 12: 13, 13: 12, 14: 16, 15: 2}
Trying to moving ion 11... to 10
Ion assignment after moving ion 11: {0: 1, 1: 8, 2: 15, 3: 10, 4: 11, 5: 5, 6: 17, 7: 7, 8: 21, 9: 0, 10: 3, 11: 6, 12: 13, 13: 12, 14: 16, 15: 2}
Gate position gate updated to [10  2]--------------c
Trying to moving ion 2... to 11
Ion assignment after moving ion 2: {0: 1, 1: 8, 2: 15, 3: 10, 4: 12, 5: 5, 6: 17, 7: 7, 8: 21, 9: 0, 10: 2, 11: 6, 12: 14, 13: 13, 14: 16, 15: 11}
Trying to solve brute-force congestion at gate [12, 2] with {0: 1, 1: 8, 2: 15, 3: 10, 4: 12, 5: 5, 6: 17, 7: 7, 8: 21, 9: 0, 10: 2, 11: 6, 12: 14, 13: 13, 14: 16, 15: 11}
Trying to moving ion 12... to 10
Ion assignment after moving ion 12: {0: 1, 1: 8, 2: 15, 3: 11, 4: 10, 5: 5, 6: 17, 7: 7, 8: 21, 9: 0, 10: 2, 11: 6, 12: 14, 13: 13, 14: 16, 15: 12}
Clearing endpoint 14.........
Gate position gate updated to [10  2]--------------c
Trying to moving ion 2... to 11
Ion assignment after moving ion 2: {0: 1, 1: 8, 2: 15, 3: 12, 4: 10, 5: 5, 6: 17, 7: 7, 8: 21, 9: 0, 10: 11, 11: 6, 12: 24, 13: 14, 14: 16, 15: 13}
Trying to solve brute-force congestion at gate [17, 21] with {0: 1, 1: 8, 2: 15, 3: 12, 4: 10, 5: 5, 6: 17, 7: 7, 8: 21, 9: 0, 10: 11, 11: 6, 12: 24, 13: 14, 14: 16, 15: 13}
Trying to moving ion 17... to 15
Ion assignment after moving ion 17: {0: 1, 1: 8, 2: 16, 3: 12, 4: 10, 5: 5, 6: 15, 7: 7, 8: 21, 9: 0, 10: 11, 11: 6, 12: 24, 13: 14, 14: 17, 15: 13}
Gate position gate updated to [15 21]--------------c
Trying to moving ion 21... to 16
Ion assignment after moving ion 21: {0: 1, 1: 8, 2: 17, 3: 12, 4: 10, 5: 5, 6: 15, 7: 7, 8: 16, 9: 0, 10: 11, 11: 6, 12: 23, 13: 14, 14: 18, 15: 13}
Trying to solve brute-force congestion at gate [15, 16] with {0: 1, 1: 8, 2: 17, 3: 12, 4: 10, 5: 5, 6: 15, 7: 7, 8: 16, 9: 0, 10: 11, 11: 6, 12: 23, 13: 14, 14: 18, 15: 13}
Trying to moving ion 15... to 15
Ion assignment after moving ion 15: {0: 1, 1: 8, 2: 17, 3: 12, 4: 10, 5: 5, 6: 15, 7: 7, 8: 16, 9: 0, 10: 11, 11: 6, 12: 23, 13: 14, 14: 18, 15: 13}
Gate position gate updated to [15 16]--------------c
Trying to moving ion 16... to 16
Ion assignment after moving ion 16: {0: 1, 1: 8, 2: 17, 3: 12, 4: 10, 5: 5, 6: 15, 7: 7, 8: 16, 9: 0, 10: 11, 11: 6, 12: 23, 13: 14, 14: 18, 15: 13}
Trying to solve brute-force congestion at gate [15, 16] with {0: 1, 1: 8, 2: 17, 3: 12, 4: 10, 5: 5, 6: 15, 7: 7, 8: 16, 9: 0, 10: 11, 11: 6, 12: 23, 13: 14, 14: 18, 15: 13}
Trying to moving ion 15... to 15
Ion assignment after moving ion 15: {0: 1, 1: 8, 2: 17, 3: 12, 4: 10, 5: 5, 6: 15, 7: 7, 8: 16, 9: 0, 10: 11, 11: 6, 12: 23, 13: 14, 14: 18, 15: 13}
Gate position gate updated to [15 16]--------------c
Trying to moving ion 16... to 16
Ion assignment after moving ion 16: {0: 1, 1: 8, 2: 17, 3: 12, 4: 10, 5: 5, 6: 15, 7: 7, 8: 16, 9: 0, 10: 11, 11: 6, 12: 23, 13: 14, 14: 18, 15: 13}
Executing gate at point (0, 7).
Executing gate at point (0, 4).
Executing gate at point (0, 3).
Executing gate at point (0, 9).
Executing gate at point (0, 6).
Executing gate at point (0, 2).
Executing gate at point (0, 5).
Executing gate at point (1, 2).
Executing gate at point (1, 5).
Executing gate at point (1, 4).
Executing gate at point (1, 7).
Executing gate at point (1, 6).
Executing gate at point (1, 3).
Executing gate at point (1, 9).
Executing gate at point (2, 4).
Executing gate at point (2, 7).
Executing gate at point (2, 3).
Executing gate at point (2, 9).
Executing gate at point (2, 6).
Executing gate at point (2, 2).
Executing gate at point (2, 5).
Executing gate at point (3, 3).
Executing gate at point (3, 2).
Executing gate at point (3, 5).
Executing gate at point (4, 3).
Executing gate at point (4, 2).
Executing gate at point (4, 5).
Executing gate at point (5, 5).
Executing gate at point (5, 2).
Executing gate at point (5, 3).
Best move: (12, 13)
Best move: (11, 12)
Best move: (1, 2)
Best move: (0, 1)
Best move: (6, 7)
Best move: (8, 9)
Best move: (9, 21)
Best move: (7, 8)
Try bruteforce due to multiple steps (8) to solve one gate
Trying to solve brute-force congestion at gate [8, 11] with {0: 2, 1: 21, 2: 17, 3: 13, 4: 10, 5: 5, 6: 15, 7: 6, 8: 16, 9: 1, 10: 12, 11: 8, 12: 23, 13: 14, 14: 18, 15: 11}
Trying to moving ion 11... to 10
Ion assignment after moving ion 11: {0: 2, 1: 21, 2: 17, 3: 13, 4: 11, 5: 5, 6: 15, 7: 6, 8: 16, 9: 1, 10: 12, 11: 8, 12: 23, 13: 14, 14: 18, 15: 10}
Clearing endpoint 14.........
Gate position gate updated to [10  8]--------------c
Trying to moving ion 8... to 11
Ion assignment after moving ion 8: {0: 2, 1: 20, 2: 17, 3: 14, 4: 12, 5: 5, 6: 15, 7: 6, 8: 16, 9: 1, 10: 13, 11: 11, 12: 19, 13: 24, 14: 18, 15: 10}
Executing gate at point (3, 11).
Executing gate at point (4, 11).
Executing gate at point (5, 11).
Executing gate at point (6, 11).
Executing gate at point (7, 11).
Executing gate at point (8, 11).
Best move: (20, 21)
Best move: (14, 23)
Best move: (13, 14)
Best move: (9, 21)
Best move: (8, 9)
Best move: (1, 2)
Best move: (1, 2)
Best move: (16, 17)
Try bruteforce due to multiple steps (8) to solve one gate
Trying to solve brute-force congestion at gate [8, 17] with {0: 2, 1: 8, 2: 16, 3: 23, 4: 12, 5: 5, 6: 15, 7: 6, 8: 17, 9: 1, 10: 14, 11: 11, 12: 19, 13: 24, 14: 18, 15: 10}
Trying to moving ion 17... to 15
Ion assignment after moving ion 17: {0: 2, 1: 8, 2: 17, 3: 23, 4: 12, 5: 5, 6: 16, 7: 6, 8: 15, 9: 1, 10: 14, 11: 11, 12: 19, 13: 24, 14: 18, 15: 10}
Clearing endpoint 19.........
Gate position gate updated to [15  8]--------------c
Trying to moving ion 8... to 16
Ion assignment after moving ion 8: {0: 2, 1: 16, 2: 18, 3: 14, 4: 12, 5: 5, 6: 17, 7: 6, 8: 15, 9: 1, 10: 13, 11: 11, 12: 23, 13: 20, 14: 19, 15: 10}
Executing gate at point (3, 1).
Executing gate at point (4, 1).
Executing gate at point (5, 1).
Best move: (19, 24)
Best move: (22, 23)
Best move: (21, 22)
Best move: (22, 24)
Best move: (14, 23)
Best move: (23, 24)
Best move: (9, 21)
Best move: (20, 21)
Try bruteforce due to multiple steps (8) to solve one gateInput filename:  QuantumVolume_wsq_16
Algorithm:  SHAW
Trap type:  H
Trap capacity:  5
Num layout passes:  2
Gate type:  FM
Run index:  5
Creating a QCCD machine ...
QCCD physical machine:
### Traps ### 
Trap(id='trap_0', max_num_ions=5, initial_num_ions=0, executable=True, measureable=False)
Trap(id='trap_1', max_num_ions=5, initial_num_ions=0, executable=True, measureable=True)
Trap(id='trap_2', max_num_ions=5, initial_num_ions=0, executable=True, measureable=False)
Trap(id='trap_3', max_num_ions=5, initial_num_ions=0, executable=True, measureable=True)
### Junctions ### 
Junction(id='junction_0')
Junction(id='junction_1')
### Segments ### 
Segment(id='segment_0', left=Trap(id='trap_0', max_num_ions=5, initial_num_ions=0, executable=True, measureable=False), right=Junction(id='junction_0'))
Segment(id='segment_1', left=Trap(id='trap_1', max_num_ions=5, initial_num_ions=0, executable=True, measureable=True), right=Junction(id='junction_0'))
Segment(id='segment_2', left=Junction(id='junction_0'), right=Junction(id='junction_1'))
Segment(id='segment_3', left=Trap(id='trap_2', max_num_ions=5, initial_num_ions=0, executable=True, measureable=False), right=Junction(id='junction_1'))
Segment(id='segment_4', left=Trap(id='trap_3', max_num_ions=5, initial_num_ions=0, executable=True, measureable=True), right=Junction(id='junction_1'))
Finished creating the QCCD physical machine.
Position graph:  CouplingGraph({(3, 4), (12, 13), (21, 22), (22, 23), (8, 9), (17, 18), (19, 24), (13, 14), (18, 19), (5, 6), (20, 22), (23, 24), (4, 20), (0, 1), (1, 2), (10, 11), (6, 7), (15, 16), (20, 21), (14, 23), (22, 24), (2, 3), (11, 12), (9, 21), (7, 8), (16, 17)})
Initial ion assignment:  {0: 2, 1: 6, 2: 19, 3: 18, 4: 7, 5: 9, 6: 5, 7: 10, 8: 1, 9: 0, 10: 4, 11: 16, 12: 17, 13: 11, 14: 15, 15: 12}
Congestion rate:  1.0
Scheduling QCCD: 6120.000000000001 us, costing 32.71813159994781 s to compile
0.0061200000000000004
32.71813159994781
{0: 1, 1: 8, 2: 17, 3: 12, 4: 10, 5: 5, 6: 15, 7: 7, 8: 16, 9: 0, 10: 11, 11: 6, 12: 23, 13: 14, 14: 18, 15: 13}
[0, 1, 2, 3, 4, 5, 6, 7, 8, 9, 10, 11, 12, 13, 14, 15]
