Input filename:  QFT_20_compiled
Algorithm:  SHAW
Trap type:  H
Trap capacity:  6
Num layout passes:  2
Gate type:  FM
Run index:  1
Creating a QCCD machine ...
QCCD physical machine:
### Traps ### 
Trap(id='trap_0', max_num_ions=6, initial_num_ions=0, executable=True, measureable=False)
Trap(id='trap_1', max_num_ions=6, initial_num_ions=0, executable=True, measureable=True)
Trap(id='trap_2', max_num_ions=6, initial_num_ions=0, executable=True, measureable=False)
Trap(id='trap_3', max_num_ions=6, initial_num_ions=0, executable=True, measureable=True)
### Junctions ### 
Junction(id='junction_0')
Junction(id='junction_1')
### Segments ### 
Segment(id='segment_0', left=Trap(id='trap_0', max_num_ions=6, initial_num_ions=0, executable=True, measureable=False), right=Junction(id='junction_0'))
Segment(id='segment_1', left=Trap(id='trap_1', max_num_ions=6, initial_num_ions=0, executable=True, measureable=True), right=Junction(id='junction_0'))
Segment(id='segment_2', left=Junction(id='junction_0'), right=Junction(id='junction_1'))
Segment(id='segment_3', left=Trap(id='trap_2', max_num_ions=6, initial_num_ions=0, executable=True, measureable=False), right=Junction(id='junction_1'))
Segment(id='segment_4', left=Trap(id='trap_3', max_num_ions=6, initial_num_ions=0, executable=True, measureable=True), right=Junction(id='junction_1'))
Finished creating the QCCD physical machine.
Position graph:  CouplingGraph({(3, 4), (26, 27), (12, 13), (21, 22), (22, 23), (23, 28), (8, 9), (27, 28), (25, 26), (17, 27), (13, 14), (24, 26), (18, 19), (4, 5), (14, 15), (0, 1), (9, 10), (1, 2), (10, 11), (5, 24), (19, 20), (6, 7), (15, 16), (11, 25), (24, 25), (26, 28), (20, 21), (2, 3), (7, 8), (16, 17)})
Initial ion assignment:  {0: 15, 1: 11, 2: 23, 3: 17, 4: 6, 5: 5, 6: 1, 7: 21, 8: 4, 9: 2, 10: 10, 11: 7, 12: 14, 13: 20, 14: 18, 15: 19, 16: 13, 17: 12, 18: 8, 19: 0}
Congestion rate:  1.0
Scheduling QCCD: 57427.00000000006 us, costing 187.7586215371266 s to compile
