Trying to solve brute-force congestion at gate [5, 13, 4] with {0: 11, 1: 31, 2: 5, 3: 6, 4: 0, 5: 8, 6: 13, 7: 19, 8: 4, 9: 30, 10: 25, 11: 29, 12: 3, 13: 27, 14: 1, 15: 9, 16: 2, 17: 28, 18: 10, 19: 18, 20: 16, 21: 22, 22: 14, 23: 24, 24: 12, 25: 7, 26: 17, 27: 20, 28: 23, 29: 15, 30: 26, 31: 21}
Trying to moving ion 5... to 0
Ion assignment after moving ion 5: {0: 11, 1: 31, 2: 0, 3: 6, 4: 1, 5: 8, 6: 13, 7: 19, 8: 5, 9: 30, 10: 25, 11: 29, 12: 4, 13: 27, 14: 2, 15: 9, 16: 3, 17: 28, 18: 10, 19: 18, 20: 16, 21: 22, 22: 14, 23: 24, 24: 12, 25: 7, 26: 17, 27: 20, 28: 23, 29: 15, 30: 26, 31: 21}
Clearing endpoint 7.........
Gate position gate updated to [ 0  5 13]--------------c
Trying to moving ion 5... to 1
Ion assignment after moving ion 5: {0: 11, 1: 31, 2: 0, 3: 6, 4: 2, 5: 8, 6: 13, 7: 19, 8: 1, 9: 30, 10: 25, 11: 29, 12: 5, 13: 27, 14: 3, 15: 9, 16: 4, 17: 28, 18: 10, 19: 18, 20: 16, 21: 22, 22: 14, 23: 24, 24: 12, 25: 32, 26: 17, 27: 20, 28: 23, 29: 15, 30: 26, 31: 21}
Gate position gate updated to [ 0  1 13]--------------c
Trying to moving ion 13... to 2
Ion assignment after moving ion 13: {0: 11, 1: 31, 2: 0, 3: 7, 4: 3, 5: 8, 6: 2, 7: 19, 8: 1, 9: 30, 10: 25, 11: 29, 12: 6, 13: 27, 14: 4, 15: 9, 16: 5, 17: 28, 18: 10, 19: 18, 20: 16, 21: 22, 22: 13, 23: 24, 24: 12, 25: 34, 26: 17, 27: 20, 28: 23, 29: 14, 30: 26, 31: 21}
Executing gate at point (0, 2).
Trying to solve brute-force congestion at gate [11, 19, 29] with {0: 11, 1: 31, 2: 0, 3: 7, 4: 3, 5: 8, 6: 2, 7: 19, 8: 1, 9: 30, 10: 25, 11: 29, 12: 6, 13: 27, 14: 4, 15: 9, 16: 5, 17: 28, 18: 10, 19: 18, 20: 16, 21: 22, 22: 13, 23: 24, 24: 12, 25: 34, 26: 17, 27: 20, 28: 23, 29: 14, 30: 26, 31: 21}
Trying to moving ion 19... to 16
Ion assignment after moving ion 19: {0: 11, 1: 31, 2: 0, 3: 7, 4: 3, 5: 8, 6: 2, 7: 16, 8: 1, 9: 30, 10: 25, 11: 29, 12: 6, 13: 27, 14: 4, 15: 9, 16: 5, 17: 28, 18: 10, 19: 19, 20: 17, 21: 22, 22: 13, 23: 24, 24: 12, 25: 34, 26: 18, 27: 20, 28: 23, 29: 14, 30: 26, 31: 21}
Clearing endpoint 23.........
Gate position gate updated to [16 29 11]--------------c
Trying to moving ion 29... to 17
Ion assignment after moving ion 29: {0: 11, 1: 30, 2: 0, 3: 7, 4: 3, 5: 8, 6: 2, 7: 16, 8: 1, 9: 29, 10: 25, 11: 17, 12: 6, 13: 27, 14: 4, 15: 9, 16: 5, 17: 28, 18: 10, 19: 20, 20: 18, 21: 23, 22: 13, 23: 24, 24: 12, 25: 33, 26: 19, 27: 21, 28: 34, 29: 14, 30: 26, 31: 22}
Clearing endpoint 23.........
Gate position gate updated to [16 17 11]--------------c
Trying to moving ion 11... to 18
Ion assignment after moving ion 11: {0: 18, 1: 30, 2: 0, 3: 7, 4: 3, 5: 8, 6: 2, 7: 16, 8: 1, 9: 29, 10: 25, 11: 17, 12: 6, 13: 27, 14: 4, 15: 9, 16: 5, 17: 28, 18: 10, 19: 21, 20: 19, 21: 36, 22: 12, 23: 24, 24: 11, 25: 32, 26: 20, 27: 22, 28: 31, 29: 13, 30: 26, 31: 23}
Executing gate at point (0, 0).
Trying to solve brute-force congestion at gate [18, 27, 5] with {0: 18, 1: 30, 2: 0, 3: 7, 4: 3, 5: 8, 6: 2, 7: 16, 8: 1, 9: 29, 10: 25, 11: 17, 12: 6, 13: 27, 14: 4, 15: 9, 16: 5, 17: 28, 18: 10, 19: 21, 20: 19, 21: 36, 22: 12, 23: 24, 24: 11, 25: 32, 26: 20, 27: 22, 28: 31, 29: 13, 30: 26, 31: 23}
Trying to moving ion 18... to 16
Ion assignment after moving ion 18: {0: 16, 1: 30, 2: 0, 3: 7, 4: 3, 5: 8, 6: 2, 7: 17, 8: 1, 9: 29, 10: 25, 11: 18, 12: 6, 13: 27, 14: 4, 15: 9, 16: 5, 17: 28, 18: 10, 19: 21, 20: 19, 21: 36, 22: 12, 23: 24, 24: 11, 25: 32, 26: 20, 27: 22, 28: 31, 29: 13, 30: 26, 31: 23}
Clearing endpoint 23.........
Gate position gate updated to [16 27  5]--------------c
Trying to moving ion 27... to 17
Ion assignment after moving ion 27: {0: 16, 1: 29, 2: 0, 3: 7, 4: 3, 5: 8, 6: 2, 7: 18, 8: 1, 9: 28, 10: 25, 11: 19, 12: 6, 13: 17, 14: 4, 15: 9, 16: 5, 17: 27, 18: 10, 19: 22, 20: 20, 21: 33, 22: 12, 23: 24, 24: 11, 25: 32, 26: 21, 27: 23, 28: 30, 29: 13, 30: 26, 31: 34}
Clearing endpoint 23.........
Gate position gate updated to [16 17  5]--------------c
Trying to moving ion 5... to 18
Ion assignment after moving ion 5: {0: 16, 1: 29, 2: 0, 3: 6, 4: 3, 5: 8, 6: 2, 7: 19, 8: 1, 9: 28, 10: 25, 11: 20, 12: 5, 13: 17, 14: 4, 15: 9, 16: 18, 17: 27, 18: 10, 19: 23, 20: 21, 21: 15, 22: 12, 23: 24, 24: 11, 25: 33, 26: 22, 27: 36, 28: 30, 29: 13, 30: 26, 31: 31}
Executing gate at point (1, 0).
Trying to solve brute-force congestion at gate [0, 28, 20] with {0: 16, 1: 29, 2: 0, 3: 6, 4: 3, 5: 8, 6: 2, 7: 19, 8: 1, 9: 28, 10: 25, 11: 20, 12: 5, 13: 17, 14: 4, 15: 9, 16: 18, 17: 27, 18: 10, 19: 23, 20: 21, 21: 15, 22: 12, 23: 24, 24: 11, 25: 33, 26: 22, 27: 36, 28: 30, 29: 13, 30: 26, 31: 31}
Trying to moving ion 0... to 0
Ion assignment after moving ion 0: {0: 16, 1: 29, 2: 0, 3: 6, 4: 3, 5: 8, 6: 2, 7: 19, 8: 1, 9: 28, 10: 25, 11: 20, 12: 5, 13: 17, 14: 4, 15: 9, 16: 18, 17: 27, 18: 10, 19: 23, 20: 21, 21: 15, 22: 12, 23: 24, 24: 11, 25: 33, 26: 22, 27: 36, 28: 30, 29: 13, 30: 26, 31: 31}
Gate position gate updated to [ 0 28 20]--------------c
Trying to moving ion 28... to 1
Ion assignment after moving ion 28: {0: 16, 1: 28, 2: 0, 3: 7, 4: 4, 5: 8, 6: 3, 7: 19, 8: 2, 9: 1, 10: 25, 11: 20, 12: 6, 13: 17, 14: 5, 15: 9, 16: 18, 17: 27, 18: 10, 19: 23, 20: 21, 21: 15, 22: 12, 23: 24, 24: 11, 25: 33, 26: 22, 27: 35, 28: 29, 29: 13, 30: 26, 31: 30}
Clearing endpoint 7.........
Gate position gate updated to [ 0  1 20]--------------c
Trying to moving ion 20... to 2
Ion assignment after moving ion 20: {0: 16, 1: 28, 2: 0, 3: 33, 4: 5, 5: 8, 6: 4, 7: 19, 8: 3, 9: 1, 10: 25, 11: 2, 12: 7, 13: 17, 14: 6, 15: 9, 16: 18, 17: 27, 18: 10, 19: 22, 20: 20, 21: 14, 22: 12, 23: 24, 24: 11, 25: 15, 26: 21, 27: 36, 28: 29, 29: 13, 30: 26, 31: 30}
Executing gate at point (1, 2).
Trying to solve brute-force congestion at gate [28, 0, 6] with {0: 16, 1: 28, 2: 0, 3: 33, 4: 5, 5: 8, 6: 4, 7: 19, 8: 3, 9: 1, 10: 25, 11: 2, 12: 7, 13: 17, 14: 6, 15: 9, 16: 18, 17: 27, 18: 10, 19: 22, 20: 20, 21: 14, 22: 12, 23: 24, 24: 11, 25: 15, 26: 21, 27: 36, 28: 29, 29: 13, 30: 26, 31: 30}
Trying to moving ion 0... to 0
Ion assignment after moving ion 0: {0: 16, 1: 28, 2: 0, 3: 33, 4: 5, 5: 8, 6: 4, 7: 19, 8: 3, 9: 1, 10: 25, 11: 2, 12: 7, 13: 17, 14: 6, 15: 9, 16: 18, 17: 27, 18: 10, 19: 22, 20: 20, 21: 14, 22: 12, 23: 24, 24: 11, 25: 15, 26: 21, 27: 36, 28: 29, 29: 13, 30: 26, 31: 30}
Clearing endpoint 7.........
Gate position gate updated to [ 0  6 28]--------------c
Trying to moving ion 6... to 1
Ion assignment after moving ion 6: {0: 16, 1: 28, 2: 0, 3: 33, 4: 6, 5: 8, 6: 5, 7: 19, 8: 4, 9: 2, 10: 25, 11: 3, 12: 32, 13: 17, 14: 1, 15: 9, 16: 18, 17: 27, 18: 10, 19: 22, 20: 20, 21: 14, 22: 12, 23: 24, 24: 11, 25: 15, 26: 21, 27: 36, 28: 29, 29: 13, 30: 26, 31: 30}
Gate position gate updated to [ 0  1 28]--------------c
Trying to moving ion 28... to 2
Ion assignment after moving ion 28: {0: 16, 1: 2, 2: 0, 3: 34, 4: 7, 5: 8, 6: 6, 7: 19, 8: 5, 9: 3, 10: 25, 11: 4, 12: 33, 13: 17, 14: 1, 15: 9, 16: 18, 17: 27, 18: 10, 19: 22, 20: 20, 21: 14, 22: 12, 23: 24, 24: 11, 25: 15, 26: 21, 27: 35, 28: 28, 29: 13, 30: 26, 31: 29}
Executing gate at point (2, 1).
Trying to solve brute-force congestion at gate [16, 14, 12] with {0: 16, 1: 2, 2: 0, 3: 34, 4: 7, 5: 8, 6: 6, 7: 19, 8: 5, 9: 3, 10: 25, 11: 4, 12: 33, 13: 17, 14: 1, 15: 9, 16: 18, 17: 27, 18: 10, 19: 22, 20: 20, 21: 14, 22: 12, 23: 24, 24: 11, 25: 15, 26: 21, 27: 35, 28: 28, 29: 13, 30: 26, 31: 29}
Trying to moving ion 16... to 16
Ion assignment after moving ion 16: {0: 16, 1: 2, 2: 0, 3: 34, 4: 7, 5: 8, 6: 6, 7: 19, 8: 5, 9: 3, 10: 25, 11: 4, 12: 33, 13: 17, 14: 1, 15: 9, 16: 18, 17: 27, 18: 10, 19: 22, 20: 20, 21: 14, 22: 12, 23: 24, 24: 11, 25: 15, 26: 21, 27: 35, 28: 28, 29: 13, 30: 26, 31: 29}
Gate position gate updated to [16 14 12]--------------c
Trying to moving ion 14... to 17
Ion assignment after moving ion 14: {0: 16, 1: 2, 2: 0, 3: 31, 4: 7, 5: 8, 6: 6, 7: 20, 8: 5, 9: 3, 10: 25, 11: 4, 12: 32, 13: 18, 14: 1, 15: 9, 16: 19, 17: 27, 18: 10, 19: 23, 20: 21, 21: 17, 22: 12, 23: 24, 24: 11, 25: 14, 26: 22, 27: 36, 28: 28, 29: 13, 30: 26, 31: 29}
Clearing endpoint 23.........
Gate position gate updated to [16 17 12]--------------c
Trying to moving ion 12... to 18
Ion assignment after moving ion 12: {0: 16, 1: 2, 2: 0, 3: 30, 4: 7, 5: 8, 6: 6, 7: 21, 8: 5, 9: 3, 10: 25, 11: 4, 12: 32, 13: 19, 14: 1, 15: 9, 16: 20, 17: 27, 18: 10, 19: 36, 20: 22, 21: 17, 22: 18, 23: 24, 24: 11, 25: 13, 26: 23, 27: 31, 28: 28, 29: 12, 30: 26, 31: 29}
Executing gate at point (2, 0).
Trying to solve brute-force congestion at gate [7, 6, 21] with {0: 16, 1: 2, 2: 0, 3: 30, 4: 7, 5: 8, 6: 6, 7: 21, 8: 5, 9: 3, 10: 25, 11: 4, 12: 32, 13: 19, 14: 1, 15: 9, 16: 20, 17: 27, 18: 10, 19: 36, 20: 22, 21: 17, 22: 18, 23: 24, 24: 11, 25: 13, 26: 23, 27: 31, 28: 28, 29: 12, 30: 26, 31: 29}
Trying to moving ion 7... to 0
Ion assignment after moving ion 7: {0: 16, 1: 3, 2: 1, 3: 30, 4: 0, 5: 8, 6: 7, 7: 21, 8: 6, 9: 4, 10: 25, 11: 5, 12: 32, 13: 19, 14: 2, 15: 9, 16: 20, 17: 27, 18: 10, 19: 36, 20: 22, 21: 17, 22: 18, 23: 24, 24: 11, 25: 13, 26: 23, 27: 31, 28: 28, 29: 12, 30: 26, 31: 29}
Gate position gate updated to [ 0  7 21]--------------c
Trying to moving ion 7... to 1
Ion assignment after moving ion 7: {0: 16, 1: 4, 2: 2, 3: 30, 4: 0, 5: 8, 6: 1, 7: 21, 8: 7, 9: 5, 10: 25, 11: 6, 12: 32, 13: 19, 14: 3, 15: 9, 16: 20, 17: 27, 18: 10, 19: 36, 20: 22, 21: 17, 22: 18, 23: 24, 24: 11, 25: 13, 26: 23, 27: 31, 28: 28, 29: 12, 30: 26, 31: 29}
Clearing endpoint 7.........
Gate position gate updated to [ 0  1 21]--------------c
Trying to moving ion 21... to 2
Ion assignment after moving ion 21: {0: 16, 1: 5, 2: 3, 3: 30, 4: 0, 5: 8, 6: 1, 7: 2, 8: 33, 9: 6, 10: 25, 11: 7, 12: 15, 13: 19, 14: 4, 15: 9, 16: 20, 17: 27, 18: 10, 19: 36, 20: 21, 21: 17, 22: 18, 23: 24, 24: 11, 25: 13, 26: 22, 27: 31, 28: 28, 29: 12, 30: 26, 31: 29}
Executing gate at point (1, 4).
Trying to solve brute-force congestion at gate [0, 9, 27] with {0: 16, 1: 5, 2: 3, 3: 30, 4: 0, 5: 8, 6: 1, 7: 2, 8: 33, 9: 6, 10: 25, 11: 7, 12: 15, 13: 19, 14: 4, 15: 9, 16: 20, 17: 27, 18: 10, 19: 36, 20: 21, 21: 17, 22: 18, 23: 24, 24: 11, 25: 13, 26: 22, 27: 31, 28: 28, 29: 12, 30: 26, 31: 29}
Trying to moving ion 0... to 0
Ion assignment after moving ion 0: {0: 16, 1: 5, 2: 3, 3: 30, 4: 0, 5: 8, 6: 1, 7: 2, 8: 33, 9: 6, 10: 25, 11: 7, 12: 15, 13: 19, 14: 4, 15: 9, 16: 20, 17: 27, 18: 10, 19: 36, 20: 21, 21: 17, 22: 18, 23: 24, 24: 11, 25: 13, 26: 22, 27: 31, 28: 28, 29: 12, 30: 26, 31: 29}
Clearing endpoint 7.........
Gate position gate updated to [ 0  9 27]--------------c
Trying to moving ion 9... to 1
Ion assignment after moving ion 9: {0: 16, 1: 6, 2: 4, 3: 30, 4: 0, 5: 8, 6: 2, 7: 3, 8: 35, 9: 7, 10: 25, 11: 34, 12: 14, 13: 19, 14: 5, 15: 1, 16: 20, 17: 27, 18: 9, 19: 36, 20: 21, 21: 17, 22: 18, 23: 24, 24: 10, 25: 12, 26: 22, 27: 31, 28: 28, 29: 11, 30: 26, 31: 29}
Clearing endpoint 7.........
Gate position gate updated to [ 0  1 27]--------------c
Trying to moving ion 27... to 2
Ion assignment after moving ion 27: {0: 16, 1: 7, 2: 5, 3: 29, 4: 0, 5: 8, 6: 3, 7: 4, 8: 23, 9: 33, 10: 25, 11: 15, 12: 14, 13: 19, 14: 6, 15: 1, 16: 20, 17: 2, 18: 9, 19: 35, 20: 21, 21: 17, 22: 18, 23: 24, 24: 10, 25: 12, 26: 22, 27: 30, 28: 27, 29: 11, 30: 26, 31: 28}
Executing gate at point (2, 4).
Trying to solve brute-force congestion at gate [29, 33, 25] with {0: 16, 1: 7, 2: 5, 3: 29, 4: 0, 5: 8, 6: 3, 7: 4, 8: 23, 9: 33, 10: 25, 11: 15, 12: 14, 13: 19, 14: 6, 15: 1, 16: 20, 17: 2, 18: 9, 19: 35, 20: 21, 21: 17, 22: 18, 23: 24, 24: 10, 25: 12, 26: 22, 27: 30, 28: 27, 29: 11, 30: 26, 31: 28}
Trying to moving ion 29... to 24
Ion assignment after moving ion 29: {0: 16, 1: 7, 2: 5, 3: 24, 4: 0, 5: 8, 6: 3, 7: 4, 8: 23, 9: 33, 10: 26, 11: 15, 12: 14, 13: 19, 14: 6, 15: 1, 16: 20, 17: 2, 18: 9, 19: 35, 20: 21, 21: 17, 22: 18, 23: 25, 24: 10, 25: 12, 26: 22, 27: 30, 28: 28, 29: 11, 30: 27, 31: 29}
Gate position gate updated to [24 26 33]--------------c
Trying to moving ion 26... to 25
Ion assignment after moving ion 26: {0: 16, 1: 7, 2: 5, 3: 24, 4: 0, 5: 8, 6: 3, 7: 4, 8: 23, 9: 33, 10: 25, 11: 15, 12: 14, 13: 19, 14: 6, 15: 1, 16: 20, 17: 2, 18: 9, 19: 35, 20: 21, 21: 17, 22: 18, 23: 26, 24: 10, 25: 12, 26: 22, 27: 30, 28: 28, 29: 11, 30: 27, 31: 29}
Gate position gate updated to [24 25 33]--------------c
Trying to moving ion 33... to 26
Ion assignment after moving ion 33: {0: 16, 1: 7, 2: 5, 3: 24, 4: 0, 5: 8, 6: 3, 7: 4, 8: 23, 9: 26, 10: 25, 11: 15, 12: 14, 13: 19, 14: 6, 15: 1, 16: 20, 17: 2, 18: 9, 19: 35, 20: 21, 21: 17, 22: 18, 23: 27, 24: 10, 25: 12, 26: 22, 27: 31, 28: 29, 29: 11, 30: 28, 31: 30}
Executing gate at point (2, 3).
Trying to solve brute-force congestion at gate [5, 20, 9] with {0: 16, 1: 7, 2: 5, 3: 24, 4: 0, 5: 8, 6: 3, 7: 4, 8: 23, 9: 26, 10: 25, 11: 15, 12: 14, 13: 19, 14: 6, 15: 1, 16: 20, 17: 2, 18: 9, 19: 35, 20: 21, 21: 17, 22: 18, 23: 27, 24: 10, 25: 12, 26: 22, 27: 31, 28: 29, 29: 11, 30: 28, 31: 30}
Trying to moving ion 9... to 8
Ion assignment after moving ion 9: {0: 16, 1: 7, 2: 5, 3: 24, 4: 0, 5: 9, 6: 3, 7: 4, 8: 23, 9: 26, 10: 25, 11: 15, 12: 14, 13: 19, 14: 6, 15: 1, 16: 20, 17: 2, 18: 8, 19: 35, 20: 21, 21: 17, 22: 18, 23: 27, 24: 10, 25: 12, 26: 22, 27: 31, 28: 29, 29: 11, 30: 28, 31: 30}
Clearing endpoint 15.........
Gate position gate updated to [ 8  5 20]--------------c
Trying to moving ion 5... to 9
Ion assignment after moving ion 5: {0: 16, 1: 6, 2: 9, 3: 24, 4: 0, 5: 10, 6: 3, 7: 4, 8: 23, 9: 26, 10: 25, 11: 34, 12: 15, 13: 19, 14: 5, 15: 1, 16: 20, 17: 2, 18: 8, 19: 35, 20: 21, 21: 17, 22: 18, 23: 27, 24: 11, 25: 13, 26: 22, 27: 31, 28: 29, 29: 12, 30: 28, 31: 30}
Clearing endpoint 15.........
Gate position gate updated to [ 8  9 20]--------------c
Trying to moving ion 20... to 10
Ion assignment after moving ion 20: {0: 16, 1: 6, 2: 9, 3: 24, 4: 0, 5: 11, 6: 3, 7: 4, 8: 22, 9: 26, 10: 25, 11: 7, 12: 32, 13: 19, 14: 5, 15: 1, 16: 10, 17: 2, 18: 8, 19: 36, 20: 20, 21: 17, 22: 18, 23: 27, 24: 12, 25: 14, 26: 21, 27: 31, 28: 29, 29: 13, 30: 28, 31: 30}
Executing gate at point (3, 2).
Trying to solve brute-force congestion at gate [11, 3, 19] with {0: 16, 1: 6, 2: 9, 3: 24, 4: 0, 5: 11, 6: 3, 7: 4, 8: 22, 9: 26, 10: 25, 11: 7, 12: 32, 13: 19, 14: 5, 15: 1, 16: 10, 17: 2, 18: 8, 19: 36, 20: 20, 21: 17, 22: 18, 23: 27, 24: 12, 25: 14, 26: 21, 27: 31, 28: 29, 29: 13, 30: 28, 31: 30}
Trying to moving ion 11... to 8
Ion assignment after moving ion 11: {0: 16, 1: 6, 2: 10, 3: 24, 4: 0, 5: 8, 6: 3, 7: 4, 8: 22, 9: 26, 10: 25, 11: 7, 12: 32, 13: 19, 14: 5, 15: 1, 16: 11, 17: 2, 18: 9, 19: 36, 20: 20, 21: 17, 22: 18, 23: 27, 24: 12, 25: 14, 26: 21, 27: 31, 28: 29, 29: 13, 30: 28, 31: 30}
Gate position gate updated to [ 8  3 19]--------------c
Trying to moving ion 3... to 9
Ion assignment after moving ion 3: {0: 16, 1: 5, 2: 11, 3: 24, 4: 0, 5: 8, 6: 9, 7: 3, 8: 22, 9: 26, 10: 25, 11: 6, 12: 34, 13: 19, 14: 4, 15: 1, 16: 12, 17: 2, 18: 10, 19: 36, 20: 20, 21: 17, 22: 18, 23: 27, 24: 13, 25: 15, 26: 21, 27: 31, 28: 29, 29: 14, 30: 28, 31: 30}
Clearing endpoint 15.........
Gate position gate updated to [ 8  9 19]--------------c
Trying to moving ion 19... to 10
Ion assignment after moving ion 19: {0: 16, 1: 5, 2: 12, 3: 24, 4: 0, 5: 8, 6: 9, 7: 3, 8: 21, 9: 26, 10: 25, 11: 6, 12: 7, 13: 10, 14: 4, 15: 1, 16: 13, 17: 2, 18: 11, 19: 36, 20: 19, 21: 17, 22: 18, 23: 27, 24: 14, 25: 32, 26: 20, 27: 31, 28: 29, 29: 15, 30: 28, 31: 30}
Executing gate at point (2, 5).
Trying to solve brute-force congestion at gate [3, 21, 10] with {0: 16, 1: 5, 2: 12, 3: 24, 4: 0, 5: 8, 6: 9, 7: 3, 8: 21, 9: 26, 10: 25, 11: 6, 12: 7, 13: 10, 14: 4, 15: 1, 16: 13, 17: 2, 18: 11, 19: 36, 20: 19, 21: 17, 22: 18, 23: 27, 24: 14, 25: 32, 26: 20, 27: 31, 28: 29, 29: 15, 30: 28, 31: 30}
Trying to moving ion 10... to 8
Ion assignment after moving ion 10: {0: 16, 1: 5, 2: 12, 3: 24, 4: 0, 5: 9, 6: 10, 7: 3, 8: 21, 9: 26, 10: 25, 11: 6, 12: 7, 13: 8, 14: 4, 15: 1, 16: 13, 17: 2, 18: 11, 19: 36, 20: 19, 21: 17, 22: 18, 23: 27, 24: 14, 25: 32, 26: 20, 27: 31, 28: 29, 29: 15, 30: 28, 31: 30}
Clearing endpoint 15.........
Gate position gate updated to [ 8  3 21]--------------c
Trying to moving ion 3... to 9
Ion assignment after moving ion 3: {0: 16, 1: 4, 2: 13, 3: 24, 4: 0, 5: 10, 6: 11, 7: 9, 8: 21, 9: 26, 10: 25, 11: 5, 12: 6, 13: 8, 14: 3, 15: 1, 16: 14, 17: 2, 18: 12, 19: 36, 20: 19, 21: 17, 22: 18, 23: 27, 24: 15, 25: 35, 26: 20, 27: 31, 28: 29, 29: 34, 30: 28, 31: 30}
Clearing endpoint 15.........
Gate position gate updated to [ 8  9 21]--------------c
Trying to moving ion 21... to 10
Ion assignment after moving ion 21: {0: 16, 1: 4, 2: 14, 3: 24, 4: 0, 5: 11, 6: 12, 7: 9, 8: 10, 9: 26, 10: 25, 11: 5, 12: 6, 13: 8, 14: 3, 15: 1, 16: 15, 17: 2, 18: 13, 19: 36, 20: 19, 21: 17, 22: 18, 23: 27, 24: 32, 25: 34, 26: 20, 27: 31, 28: 29, 29: 7, 30: 28, 31: 30}
Executing gate at point (3, 7).
Best move: (8, 9)
Best move: (25, 26)
Best move: (24, 25)
Best move: (33, 34)
Best move: (26, 27)
Best move: (25, 26)
Best move: (9, 10)
Best move: (12, 13)
Best move: (11, 12)
Best move: (10, 11)
Best move: (27, 28)
Try bruteforce due to multiple steps (11) to solve one gate
Trying to solve brute-force congestion at gate [28, 5, 11] with {0: 16, 1: 4, 2: 14, 3: 26, 4: 0, 5: 12, 6: 13, 7: 8, 8: 9, 9: 24, 10: 28, 11: 5, 12: 6, 13: 11, 14: 3, 15: 1, 16: 15, 17: 2, 18: 10, 19: 36, 20: 19, 21: 17, 22: 18, 23: 25, 24: 32, 25: 33, 26: 20, 27: 31, 28: 29, 29: 7, 30: 27, 31: 30}
Trying to moving ion 11... to 8
Ion assignment after moving ion 11: {0: 16, 1: 4, 2: 14, 3: 26, 4: 0, 5: 12, 6: 13, 7: 9, 8: 10, 9: 24, 10: 28, 11: 5, 12: 6, 13: 8, 14: 3, 15: 1, 16: 15, 17: 2, 18: 11, 19: 36, 20: 19, 21: 17, 22: 18, 23: 25, 24: 32, 25: 33, 26: 20, 27: 31, 28: 29, 29: 7, 30: 27, 31: 30}
Clearing endpoint 15.........
Gate position gate updated to [ 8  5 28]--------------c
Trying to moving ion 5... to 9
Ion assignment after moving ion 5: {0: 16, 1: 4, 2: 15, 3: 26, 4: 0, 5: 13, 6: 14, 7: 10, 8: 11, 9: 24, 10: 28, 11: 9, 12: 5, 13: 8, 14: 3, 15: 1, 16: 34, 17: 2, 18: 12, 19: 36, 20: 19, 21: 17, 22: 18, 23: 25, 24: 35, 25: 23, 26: 20, 27: 31, 28: 29, 29: 6, 30: 27, 31: 30}
Clearing endpoint 15.........
Gate position gate updated to [ 8  9 28]--------------c
Trying to moving ion 28... to 10
Ion assignment after moving ion 28: {0: 16, 1: 4, 2: 32, 3: 26, 4: 0, 5: 14, 6: 15, 7: 11, 8: 12, 9: 24, 10: 10, 11: 9, 12: 5, 13: 8, 14: 3, 15: 1, 16: 7, 17: 2, 18: 13, 19: 35, 20: 19, 21: 17, 22: 18, 23: 25, 24: 23, 25: 22, 26: 20, 27: 30, 28: 28, 29: 6, 30: 27, 31: 29}
Executing gate at point (4, 10).
Executing gate at point (3, 0).
Trying to solve brute-force congestion at gate [26, 15, 19] with {0: 16, 1: 4, 2: 32, 3: 26, 4: 0, 5: 14, 6: 15, 7: 11, 8: 12, 9: 24, 10: 10, 11: 9, 12: 5, 13: 8, 14: 3, 15: 1, 16: 7, 17: 2, 18: 13, 19: 35, 20: 19, 21: 17, 22: 18, 23: 25, 24: 23, 25: 22, 26: 20, 27: 30, 28: 28, 29: 6, 30: 27, 31: 29}
Trying to moving ion 26... to 24
Ion assignment after moving ion 26: {0: 16, 1: 4, 2: 32, 3: 24, 4: 0, 5: 14, 6: 15, 7: 11, 8: 12, 9: 25, 10: 10, 11: 9, 12: 5, 13: 8, 14: 3, 15: 1, 16: 7, 17: 2, 18: 13, 19: 35, 20: 19, 21: 17, 22: 18, 23: 26, 24: 23, 25: 22, 26: 20, 27: 30, 28: 28, 29: 6, 30: 27, 31: 29}
Gate position gate updated to [24 15 19]--------------c
Trying to moving ion 15... to 25
Ion assignment after moving ion 15: {0: 16, 1: 4, 2: 32, 3: 24, 4: 0, 5: 14, 6: 25, 7: 11, 8: 12, 9: 26, 10: 10, 11: 9, 12: 5, 13: 8, 14: 3, 15: 1, 16: 7, 17: 2, 18: 13, 19: 35, 20: 19, 21: 17, 22: 18, 23: 27, 24: 23, 25: 22, 26: 20, 27: 31, 28: 29, 29: 6, 30: 28, 31: 30}
Clearing endpoint 31.........
Gate position gate updated to [24 25 19]--------------c
Trying to moving ion 19... to 26
Ion assignment after moving ion 19: {0: 16, 1: 4, 2: 32, 3: 24, 4: 0, 5: 14, 6: 25, 7: 11, 8: 12, 9: 27, 10: 10, 11: 9, 12: 5, 13: 8, 14: 3, 15: 1, 16: 7, 17: 2, 18: 13, 19: 33, 20: 26, 21: 17, 22: 18, 23: 28, 24: 22, 25: 21, 26: 19, 27: 34, 28: 30, 29: 6, 30: 29, 31: 31}
Executing gate at point (3, 3).
Trying to solve brute-force congestion at gate [12, 26] with {0: 16, 1: 4, 2: 32, 3: 24, 4: 0, 5: 14, 6: 25, 7: 11, 8: 12, 9: 27, 10: 10, 11: 9, 12: 5, 13: 8, 14: 3, 15: 1, 16: 7, 17: 2, 18: 13, 19: 33, 20: 26, 21: 17, 22: 18, 23: 28, 24: 22, 25: 21, 26: 19, 27: 34, 28: 30, 29: 6, 30: 29, 31: 31}
Trying to moving ion 26... to 24
Ion assignment after moving ion 26: {0: 16, 1: 4, 2: 32, 3: 25, 4: 0, 5: 14, 6: 26, 7: 11, 8: 12, 9: 27, 10: 10, 11: 9, 12: 5, 13: 8, 14: 3, 15: 1, 16: 7, 17: 2, 18: 13, 19: 33, 20: 24, 21: 17, 22: 18, 23: 28, 24: 22, 25: 21, 26: 19, 27: 34, 28: 30, 29: 6, 30: 29, 31: 31}
Clearing endpoint 31.........
Gate position gate updated to [24 12]--------------c
Trying to moving ion 12... to 25
Ion assignment after moving ion 12: {0: 16, 1: 4, 2: 23, 3: 26, 4: 0, 5: 13, 6: 27, 7: 11, 8: 25, 9: 28, 10: 10, 11: 9, 12: 5, 13: 8, 14: 3, 15: 1, 16: 7, 17: 2, 18: 12, 19: 32, 20: 24, 21: 17, 22: 18, 23: 29, 24: 21, 25: 20, 26: 19, 27: 22, 28: 31, 29: 6, 30: 30, 31: 35}
Executing gate at point (4, 8).
Trying to solve brute-force congestion at gate [23, 27, 30] with {0: 16, 1: 4, 2: 23, 3: 26, 4: 0, 5: 13, 6: 27, 7: 11, 8: 25, 9: 28, 10: 10, 11: 9, 12: 5, 13: 8, 14: 3, 15: 1, 16: 7, 17: 2, 18: 12, 19: 32, 20: 24, 21: 17, 22: 18, 23: 29, 24: 21, 25: 20, 26: 19, 27: 22, 28: 31, 29: 6, 30: 30, 31: 35}
Trying to moving ion 27... to 24
Ion assignment after moving ion 27: {0: 16, 1: 4, 2: 23, 3: 27, 4: 0, 5: 13, 6: 24, 7: 11, 8: 26, 9: 28, 10: 10, 11: 9, 12: 5, 13: 8, 14: 3, 15: 1, 16: 7, 17: 2, 18: 12, 19: 32, 20: 25, 21: 17, 22: 18, 23: 29, 24: 21, 25: 20, 26: 19, 27: 22, 28: 31, 29: 6, 30: 30, 31: 35}
Clearing endpoint 31.........
Gate position gate updated to [24 30 23]--------------c
Trying to moving ion 30... to 25
Ion assignment after moving ion 30: {0: 16, 1: 4, 2: 23, 3: 28, 4: 0, 5: 13, 6: 24, 7: 11, 8: 27, 9: 29, 10: 10, 11: 9, 12: 5, 13: 8, 14: 3, 15: 1, 16: 7, 17: 2, 18: 12, 19: 32, 20: 26, 21: 17, 22: 18, 23: 30, 24: 21, 25: 20, 26: 19, 27: 22, 28: 36, 29: 6, 30: 25, 31: 35}
Gate position gate updated to [24 25 23]--------------c
Trying to moving ion 23... to 26
Ion assignment after moving ion 23: {0: 16, 1: 4, 2: 26, 3: 29, 4: 0, 5: 13, 6: 24, 7: 11, 8: 28, 9: 30, 10: 10, 11: 9, 12: 5, 13: 8, 14: 3, 15: 1, 16: 7, 17: 2, 18: 12, 19: 32, 20: 27, 21: 17, 22: 18, 23: 31, 24: 21, 25: 20, 26: 19, 27: 22, 28: 34, 29: 6, 30: 25, 31: 33}
Executing gate at point (4, 2).
Trying to solve brute-force congestion at gate [4, 29, 17] with {0: 16, 1: 4, 2: 26, 3: 29, 4: 0, 5: 13, 6: 24, 7: 11, 8: 28, 9: 30, 10: 10, 11: 9, 12: 5, 13: 8, 14: 3, 15: 1, 16: 7, 17: 2, 18: 12, 19: 32, 20: 27, 21: 17, 22: 18, 23: 31, 24: 21, 25: 20, 26: 19, 27: 22, 28: 34, 29: 6, 30: 25, 31: 33}
Trying to moving ion 17... to 16
Ion assignment after moving ion 17: {0: 17, 1: 4, 2: 26, 3: 29, 4: 0, 5: 13, 6: 24, 7: 11, 8: 28, 9: 30, 10: 10, 11: 9, 12: 5, 13: 8, 14: 3, 15: 1, 16: 7, 17: 2, 18: 12, 19: 32, 20: 27, 21: 16, 22: 18, 23: 31, 24: 21, 25: 20, 26: 19, 27: 22, 28: 34, 29: 6, 30: 25, 31: 33}
Gate position gate updated to [16 29  4]--------------c
Trying to moving ion 29... to 17
Ion assignment after moving ion 29: {0: 18, 1: 4, 2: 26, 3: 17, 4: 0, 5: 13, 6: 24, 7: 11, 8: 28, 9: 29, 10: 10, 11: 9, 12: 5, 13: 8, 14: 3, 15: 1, 16: 7, 17: 2, 18: 12, 19: 32, 20: 27, 21: 16, 22: 19, 23: 30, 24: 22, 25: 21, 26: 20, 27: 23, 28: 34, 29: 6, 30: 25, 31: 33}
Clearing endpoint 23.........
Gate position gate updated to [16 17  4]--------------c
Trying to moving ion 4... to 18
Ion assignment after moving ion 4: {0: 19, 1: 18, 2: 26, 3: 17, 4: 0, 5: 13, 6: 24, 7: 11, 8: 28, 9: 29, 10: 10, 11: 9, 12: 4, 13: 8, 14: 3, 15: 1, 16: 6, 17: 2, 18: 12, 19: 33, 20: 27, 21: 16, 22: 20, 23: 30, 24: 23, 25: 22, 26: 21, 27: 36, 28: 31, 29: 5, 30: 25, 31: 15}
Executing gate at point (4, 1).
Trying to solve brute-force congestion at gate [17, 22, 31] with {0: 19, 1: 18, 2: 26, 3: 17, 4: 0, 5: 13, 6: 24, 7: 11, 8: 28, 9: 29, 10: 10, 11: 9, 12: 4, 13: 8, 14: 3, 15: 1, 16: 6, 17: 2, 18: 12, 19: 33, 20: 27, 21: 16, 22: 20, 23: 30, 24: 23, 25: 22, 26: 21, 27: 36, 28: 31, 29: 5, 30: 25, 31: 15}
Trying to moving ion 17... to 16
Ion assignment after moving ion 17: {0: 19, 1: 18, 2: 26, 3: 16, 4: 0, 5: 13, 6: 24, 7: 11, 8: 28, 9: 29, 10: 10, 11: 9, 12: 4, 13: 8, 14: 3, 15: 1, 16: 6, 17: 2, 18: 12, 19: 33, 20: 27, 21: 17, 22: 20, 23: 30, 24: 23, 25: 22, 26: 21, 27: 36, 28: 31, 29: 5, 30: 25, 31: 15}
Clearing endpoint 23.........
Gate position gate updated to [16 22 31]--------------c
Trying to moving ion 22... to 17
Ion assignment after moving ion 22: {0: 20, 1: 19, 2: 26, 3: 16, 4: 0, 5: 13, 6: 24, 7: 11, 8: 28, 9: 29, 10: 10, 11: 9, 12: 4, 13: 8, 14: 3, 15: 1, 16: 6, 17: 2, 18: 12, 19: 33, 20: 27, 21: 18, 22: 21, 23: 30, 24: 35, 25: 17, 26: 22, 27: 36, 28: 31, 29: 5, 30: 25, 31: 15}
Gate position gate updated to [16 17 31]--------------c
Trying to moving ion 31... to 18
Ion assignment after moving ion 31: {0: 21, 1: 20, 2: 26, 3: 16, 4: 0, 5: 13, 6: 24, 7: 11, 8: 28, 9: 29, 10: 10, 11: 9, 12: 4, 13: 8, 14: 3, 15: 1, 16: 6, 17: 2, 18: 12, 19: 33, 20: 27, 21: 19, 22: 22, 23: 30, 24: 34, 25: 17, 26: 23, 27: 32, 28: 18, 29: 5, 30: 25, 31: 15}
Executing gate at point (5, 3).
Trying to solve brute-force congestion at gate [11, 2, 19] with {0: 21, 1: 20, 2: 26, 3: 16, 4: 0, 5: 13, 6: 24, 7: 11, 8: 28, 9: 29, 10: 10, 11: 9, 12: 4, 13: 8, 14: 3, 15: 1, 16: 6, 17: 2, 18: 12, 19: 33, 20: 27, 21: 19, 22: 22, 23: 30, 24: 34, 25: 17, 26: 23, 27: 32, 28: 18, 29: 5, 30: 25, 31: 15}
Trying to moving ion 2... to 0
Ion assignment after moving ion 2: {0: 21, 1: 20, 2: 26, 3: 16, 4: 1, 5: 13, 6: 24, 7: 11, 8: 28, 9: 29, 10: 10, 11: 9, 12: 4, 13: 8, 14: 3, 15: 2, 16: 6, 17: 0, 18: 12, 19: 33, 20: 27, 21: 19, 22: 22, 23: 30, 24: 34, 25: 17, 26: 23, 27: 32, 28: 18, 29: 5, 30: 25, 31: 15}
Gate position gate updated to [ 0 11 19]--------------c
Trying to moving ion 11... to 1
Ion assignment after moving ion 11: {0: 21, 1: 20, 2: 26, 3: 16, 4: 2, 5: 12, 6: 24, 7: 1, 8: 28, 9: 29, 10: 10, 11: 9, 12: 5, 13: 8, 14: 4, 15: 3, 16: 7, 17: 0, 18: 11, 19: 35, 20: 27, 21: 19, 22: 22, 23: 30, 24: 36, 25: 17, 26: 23, 27: 34, 28: 18, 29: 6, 30: 25, 31: 14}
Clearing endpoint 7.........
Gate position gate updated to [ 0  1 19]--------------c
Trying to moving ion 19... to 2
Ion assignment after moving ion 19: {0: 20, 1: 19, 2: 26, 3: 16, 4: 3, 5: 12, 6: 24, 7: 1, 8: 28, 9: 29, 10: 10, 11: 9, 12: 6, 13: 8, 14: 5, 15: 4, 16: 33, 17: 0, 18: 11, 19: 36, 20: 27, 21: 2, 22: 21, 23: 30, 24: 31, 25: 17, 26: 22, 27: 15, 28: 18, 29: 7, 30: 25, 31: 14}
Executing gate at point (5, 7).
Trying to solve brute-force congestion at gate [20, 19, 15] with {0: 20, 1: 19, 2: 26, 3: 16, 4: 3, 5: 12, 6: 24, 7: 1, 8: 28, 9: 29, 10: 10, 11: 9, 12: 6, 13: 8, 14: 5, 15: 4, 16: 33, 17: 0, 18: 11, 19: 36, 20: 27, 21: 2, 22: 21, 23: 30, 24: 31, 25: 17, 26: 22, 27: 15, 28: 18, 29: 7, 30: 25, 31: 14}
Trying to moving ion 20... to 16
Ion assignment after moving ion 20: {0: 16, 1: 20, 2: 26, 3: 17, 4: 3, 5: 12, 6: 24, 7: 1, 8: 28, 9: 29, 10: 10, 11: 9, 12: 6, 13: 8, 14: 5, 15: 4, 16: 33, 17: 0, 18: 11, 19: 36, 20: 27, 21: 2, 22: 21, 23: 30, 24: 31, 25: 18, 26: 22, 27: 15, 28: 19, 29: 7, 30: 25, 31: 14}
Gate position gate updated to [16 20 15]--------------c
Trying to moving ion 20... to 17
Ion assignment after moving ion 20: {0: 16, 1: 17, 2: 26, 3: 18, 4: 3, 5: 12, 6: 24, 7: 1, 8: 28, 9: 29, 10: 10, 11: 9, 12: 6, 13: 8, 14: 5, 15: 4, 16: 33, 17: 0, 18: 11, 19: 36, 20: 27, 21: 2, 22: 21, 23: 30, 24: 31, 25: 19, 26: 22, 27: 15, 28: 20, 29: 7, 30: 25, 31: 14}
Gate position gate updated to [16 17 15]--------------c
Trying to moving ion 15... to 18
Ion assignment after moving ion 15: {0: 16, 1: 17, 2: 26, 3: 19, 4: 3, 5: 12, 6: 24, 7: 1, 8: 28, 9: 29, 10: 10, 11: 9, 12: 6, 13: 8, 14: 5, 15: 4, 16: 32, 17: 0, 18: 11, 19: 36, 20: 27, 21: 2, 22: 22, 23: 30, 24: 31, 25: 20, 26: 23, 27: 18, 28: 21, 29: 7, 30: 25, 31: 14}
Executing gate at point (5, 0).
Trying to solve brute-force congestion at gate [17, 28, 14] with {0: 16, 1: 17, 2: 26, 3: 19, 4: 3, 5: 12, 6: 24, 7: 1, 8: 28, 9: 29, 10: 10, 11: 9, 12: 6, 13: 8, 14: 5, 15: 4, 16: 32, 17: 0, 18: 11, 19: 36, 20: 27, 21: 2, 22: 22, 23: 30, 24: 31, 25: 20, 26: 23, 27: 18, 28: 21, 29: 7, 30: 25, 31: 14}
Trying to moving ion 17... to 16
Ion assignment after moving ion 17: {0: 17, 1: 16, 2: 26, 3: 19, 4: 3, 5: 12, 6: 24, 7: 1, 8: 28, 9: 29, 10: 10, 11: 9, 12: 6, 13: 8, 14: 5, 15: 4, 16: 32, 17: 0, 18: 11, 19: 36, 20: 27, 21: 2, 22: 22, 23: 30, 24: 31, 25: 20, 26: 23, 27: 18, 28: 21, 29: 7, 30: 25, 31: 14}
Clearing endpoint 23.........
Gate position gate updated to [16 28 14]--------------c
Trying to moving ion 28... to 17
Ion assignment after moving ion 28: {0: 18, 1: 16, 2: 26, 3: 20, 4: 3, 5: 12, 6: 24, 7: 1, 8: 17, 9: 28, 10: 10, 11: 9, 12: 6, 13: 8, 14: 5, 15: 4, 16: 32, 17: 0, 18: 11, 19: 33, 20: 27, 21: 2, 22: 23, 23: 29, 24: 30, 25: 21, 26: 34, 27: 19, 28: 22, 29: 7, 30: 25, 31: 14}
Clearing endpoint 23.........
Gate position gate updated to [16 17 14]--------------c
Trying to moving ion 14... to 18
Ion assignment after moving ion 14: {0: 19, 1: 16, 2: 26, 3: 21, 4: 3, 5: 12, 6: 24, 7: 1, 8: 17, 9: 28, 10: 10, 11: 9, 12: 6, 13: 8, 14: 5, 15: 4, 16: 32, 17: 0, 18: 11, 19: 36, 20: 27, 21: 2, 22: 34, 23: 29, 24: 30, 25: 22, 26: 31, 27: 20, 28: 23, 29: 7, 30: 25, 31: 18}
Executing gate at point (6, 1).
Best move: (0, 1)
Best move: (1, 2)
Best move: (2, 3)
Best move: (28, 29)
Best move: (29, 30)
Best move: (30, 31)
Best move: (6, 7)
Best move: (5, 6)
Best move: (4, 5)
Best move: (3, 4)
Best move: (4, 5)
Try bruteforce due to multiple steps (11) to solve one gate
Trying to solve brute-force congestion at gate [31, 7, 5] with {0: 19, 1: 16, 2: 26, 3: 21, 4: 2, 5: 12, 6: 24, 7: 0, 8: 17, 9: 31, 10: 10, 11: 9, 12: 7, 13: 8, 14: 6, 15: 4, 16: 32, 17: 5, 18: 11, 19: 36, 20: 27, 21: 1, 22: 34, 23: 28, 24: 29, 25: 22, 26: 30, 27: 20, 28: 23, 29: 3, 30: 25, 31: 18}
Trying to moving ion 7... to 0
Ion assignment after moving ion 7: {0: 19, 1: 16, 2: 26, 3: 21, 4: 3, 5: 12, 6: 24, 7: 1, 8: 17, 9: 31, 10: 10, 11: 9, 12: 0, 13: 8, 14: 7, 15: 5, 16: 32, 17: 6, 18: 11, 19: 36, 20: 27, 21: 2, 22: 34, 23: 28, 24: 29, 25: 22, 26: 30, 27: 20, 28: 23, 29: 4, 30: 25, 31: 18}
Clearing endpoint 7.........
Gate position gate updated to [ 0  6 31]--------------c
Trying to moving ion 6... to 1
Ion assignment after moving ion 6: {0: 19, 1: 16, 2: 26, 3: 21, 4: 4, 5: 12, 6: 24, 7: 2, 8: 17, 9: 31, 10: 10, 11: 9, 12: 0, 13: 8, 14: 32, 15: 6, 16: 33, 17: 1, 18: 11, 19: 36, 20: 27, 21: 3, 22: 34, 23: 28, 24: 29, 25: 22, 26: 30, 27: 20, 28: 23, 29: 5, 30: 25, 31: 18}
Gate position gate updated to [ 0  1 31]--------------c
Trying to moving ion 31... to 2
Ion assignment after moving ion 31: {0: 19, 1: 16, 2: 26, 3: 21, 4: 5, 5: 12, 6: 24, 7: 3, 8: 17, 9: 2, 10: 10, 11: 9, 12: 0, 13: 8, 14: 33, 15: 7, 16: 14, 17: 1, 18: 11, 19: 35, 20: 27, 21: 4, 22: 15, 23: 28, 24: 29, 25: 22, 26: 30, 27: 20, 28: 23, 29: 6, 30: 25, 31: 18}
Executing gate at point (6, 9).
Trying to solve brute-force congestion at gate [2, 11, 27] with {0: 19, 1: 16, 2: 26, 3: 21, 4: 5, 5: 12, 6: 24, 7: 3, 8: 17, 9: 2, 10: 10, 11: 9, 12: 0, 13: 8, 14: 33, 15: 7, 16: 14, 17: 1, 18: 11, 19: 35, 20: 27, 21: 4, 22: 15, 23: 28, 24: 29, 25: 22, 26: 30, 27: 20, 28: 23, 29: 6, 30: 25, 31: 18}
Trying to moving ion 2... to 0
Ion assignment after moving ion 2: {0: 19, 1: 16, 2: 26, 3: 21, 4: 5, 5: 12, 6: 24, 7: 3, 8: 17, 9: 0, 10: 10, 11: 9, 12: 1, 13: 8, 14: 33, 15: 7, 16: 14, 17: 2, 18: 11, 19: 35, 20: 27, 21: 4, 22: 15, 23: 28, 24: 29, 25: 22, 26: 30, 27: 20, 28: 23, 29: 6, 30: 25, 31: 18}
Clearing endpoint 7.........
Gate position gate updated to [ 0 11 27]--------------c
Trying to moving ion 11... to 1
Ion assignment after moving ion 11: {0: 19, 1: 16, 2: 26, 3: 21, 4: 6, 5: 11, 6: 24, 7: 4, 8: 17, 9: 0, 10: 10, 11: 9, 12: 2, 13: 8, 14: 36, 15: 34, 16: 13, 17: 3, 18: 1, 19: 35, 20: 27, 21: 5, 22: 14, 23: 28, 24: 29, 25: 22, 26: 30, 27: 20, 28: 23, 29: 7, 30: 25, 31: 18}
Clearing endpoint 7.........
Gate position gate updated to [ 0  1 27]--------------c
Trying to moving ion 27... to 2
Ion assignment after moving ion 27: {0: 19, 1: 16, 2: 26, 3: 21, 4: 7, 5: 11, 6: 24, 7: 5, 8: 17, 9: 0, 10: 10, 11: 9, 12: 3, 13: 8, 14: 35, 15: 14, 16: 12, 17: 4, 18: 1, 19: 15, 20: 2, 21: 6, 22: 13, 23: 27, 24: 28, 25: 22, 26: 29, 27: 20, 28: 23, 29: 33, 30: 25, 31: 18}
Executing gate at point (7, 9).
Trying to solve brute-force congestion at gate [0, 27, 28] with {0: 19, 1: 16, 2: 26, 3: 21, 4: 7, 5: 11, 6: 24, 7: 5, 8: 17, 9: 0, 10: 10, 11: 9, 12: 3, 13: 8, 14: 35, 15: 14, 16: 12, 17: 4, 18: 1, 19: 15, 20: 2, 21: 6, 22: 13, 23: 27, 24: 28, 25: 22, 26: 29, 27: 20, 28: 23, 29: 33, 30: 25, 31: 18}
Trying to moving ion 27... to 24
Ion assignment after moving ion 27: {0: 19, 1: 16, 2: 27, 3: 21, 4: 7, 5: 11, 6: 25, 7: 5, 8: 17, 9: 0, 10: 10, 11: 9, 12: 3, 13: 8, 14: 35, 15: 14, 16: 12, 17: 4, 18: 1, 19: 15, 20: 2, 21: 6, 22: 13, 23: 24, 24: 28, 25: 22, 26: 29, 27: 20, 28: 23, 29: 33, 30: 26, 31: 18}
Gate position gate updated to [24 28  0]--------------c
Trying to moving ion 28... to 25
Ion assignment after moving ion 28: {0: 19, 1: 16, 2: 28, 3: 21, 4: 7, 5: 11, 6: 26, 7: 5, 8: 17, 9: 0, 10: 10, 11: 9, 12: 3, 13: 8, 14: 35, 15: 14, 16: 12, 17: 4, 18: 1, 19: 15, 20: 2, 21: 6, 22: 13, 23: 24, 24: 25, 25: 22, 26: 29, 27: 20, 28: 23, 29: 33, 30: 27, 31: 18}
Gate position gate updated to [24 25  0]--------------c
Trying to moving ion 0... to 26
Ion assignment after moving ion 0: {0: 19, 1: 16, 2: 29, 3: 21, 4: 6, 5: 11, 6: 27, 7: 4, 8: 17, 9: 26, 10: 10, 11: 9, 12: 2, 13: 8, 14: 35, 15: 14, 16: 12, 17: 3, 18: 0, 19: 15, 20: 1, 21: 5, 22: 13, 23: 24, 24: 25, 25: 22, 26: 30, 27: 20, 28: 23, 29: 33, 30: 28, 31: 18}
Executing gate at point (8, 9).
Trying to solve brute-force congestion at gate [11, 35, 14] with {0: 19, 1: 16, 2: 29, 3: 21, 4: 6, 5: 11, 6: 27, 7: 4, 8: 17, 9: 26, 10: 10, 11: 9, 12: 2, 13: 8, 14: 35, 15: 14, 16: 12, 17: 3, 18: 0, 19: 15, 20: 1, 21: 5, 22: 13, 23: 24, 24: 25, 25: 22, 26: 30, 27: 20, 28: 23, 29: 33, 30: 28, 31: 18}
Trying to moving ion 11... to 8
Ion assignment after moving ion 11: {0: 19, 1: 16, 2: 29, 3: 21, 4: 6, 5: 8, 6: 27, 7: 4, 8: 17, 9: 26, 10: 11, 11: 10, 12: 2, 13: 9, 14: 35, 15: 14, 16: 12, 17: 3, 18: 0, 19: 15, 20: 1, 21: 5, 22: 13, 23: 24, 24: 25, 25: 22, 26: 30, 27: 20, 28: 23, 29: 33, 30: 28, 31: 18}
Clearing endpoint 15.........
Gate position gate updated to [ 8 14 35]--------------c
Trying to moving ion 14... to 9
Ion assignment after moving ion 14: {0: 19, 1: 16, 2: 29, 3: 21, 4: 6, 5: 8, 6: 27, 7: 4, 8: 17, 9: 26, 10: 12, 11: 11, 12: 2, 13: 10, 14: 35, 15: 9, 16: 13, 17: 3, 18: 0, 19: 33, 20: 1, 21: 5, 22: 14, 23: 24, 24: 25, 25: 22, 26: 30, 27: 20, 28: 23, 29: 32, 30: 28, 31: 18}
Gate position gate updated to [ 8  9 35]--------------c
Trying to moving ion 35... to 10
Ion assignment after moving ion 35: {0: 19, 1: 16, 2: 29, 3: 21, 4: 6, 5: 8, 6: 27, 7: 4, 8: 17, 9: 26, 10: 13, 11: 12, 12: 2, 13: 11, 14: 10, 15: 9, 16: 14, 17: 3, 18: 0, 19: 32, 20: 1, 21: 5, 22: 15, 23: 24, 24: 25, 25: 22, 26: 30, 27: 20, 28: 23, 29: 7, 30: 28, 31: 18}
Executing gate at point (3, 5).
Trying to solve brute-force congestion at gate [13, 10, 3] with {0: 19, 1: 16, 2: 29, 3: 21, 4: 6, 5: 8, 6: 27, 7: 4, 8: 17, 9: 26, 10: 13, 11: 12, 12: 2, 13: 11, 14: 10, 15: 9, 16: 14, 17: 3, 18: 0, 19: 32, 20: 1, 21: 5, 22: 15, 23: 24, 24: 25, 25: 22, 26: 30, 27: 20, 28: 23, 29: 7, 30: 28, 31: 18}
Trying to moving ion 13... to 8
Ion assignment after moving ion 13: {0: 19, 1: 16, 2: 29, 3: 21, 4: 6, 5: 9, 6: 27, 7: 4, 8: 17, 9: 26, 10: 8, 11: 13, 12: 2, 13: 12, 14: 11, 15: 10, 16: 14, 17: 3, 18: 0, 19: 32, 20: 1, 21: 5, 22: 15, 23: 24, 24: 25, 25: 22, 26: 30, 27: 20, 28: 23, 29: 7, 30: 28, 31: 18}
Clearing endpoint 15.........
Gate position gate updated to [ 8 11  3]--------------c
Trying to moving ion 11... to 9
Ion assignment after moving ion 11: {0: 19, 1: 16, 2: 29, 3: 21, 4: 6, 5: 10, 6: 27, 7: 4, 8: 17, 9: 26, 10: 8, 11: 13, 12: 2, 13: 12, 14: 9, 15: 11, 16: 14, 17: 3, 18: 0, 19: 32, 20: 1, 21: 5, 22: 33, 23: 24, 24: 25, 25: 22, 26: 30, 27: 20, 28: 23, 29: 7, 30: 28, 31: 18}
Gate position gate updated to [8 9 3]--------------c
Trying to moving ion 3... to 10
Ion assignment after moving ion 3: {0: 19, 1: 16, 2: 29, 3: 21, 4: 5, 5: 11, 6: 27, 7: 3, 8: 17, 9: 26, 10: 8, 11: 14, 12: 2, 13: 13, 14: 9, 15: 12, 16: 15, 17: 10, 18: 0, 19: 36, 20: 1, 21: 4, 22: 34, 23: 24, 24: 25, 25: 22, 26: 30, 27: 20, 28: 23, 29: 6, 30: 28, 31: 18}
Executing gate at point (7, 10).
Trying to solve brute-force congestion at gate [8, 20, 28] with {0: 19, 1: 16, 2: 29, 3: 21, 4: 5, 5: 11, 6: 27, 7: 3, 8: 17, 9: 26, 10: 8, 11: 14, 12: 2, 13: 13, 14: 9, 15: 12, 16: 15, 17: 10, 18: 0, 19: 36, 20: 1, 21: 4, 22: 34, 23: 24, 24: 25, 25: 22, 26: 30, 27: 20, 28: 23, 29: 6, 30: 28, 31: 18}
Trying to moving ion 8... to 8
Ion assignment after moving ion 8: {0: 19, 1: 16, 2: 29, 3: 21, 4: 5, 5: 11, 6: 27, 7: 3, 8: 17, 9: 26, 10: 8, 11: 14, 12: 2, 13: 13, 14: 9, 15: 12, 16: 15, 17: 10, 18: 0, 19: 36, 20: 1, 21: 4, 22: 34, 23: 24, 24: 25, 25: 22, 26: 30, 27: 20, 28: 23, 29: 6, 30: 28, 31: 18}
Clearing endpoint 15.........
Gate position gate updated to [ 8 20 28]--------------c
Trying to moving ion 20... to 9
Ion assignment after moving ion 20: {0: 19, 1: 16, 2: 29, 3: 20, 4: 5, 5: 12, 6: 27, 7: 3, 8: 17, 9: 26, 10: 8, 11: 15, 12: 2, 13: 14, 14: 10, 15: 13, 16: 32, 17: 11, 18: 0, 19: 36, 20: 1, 21: 4, 22: 7, 23: 24, 24: 25, 25: 21, 26: 30, 27: 9, 28: 22, 29: 6, 30: 28, 31: 18}
Clearing endpoint 15.........
Gate position gate updated to [ 8  9 28]--------------c
Trying to moving ion 28... to 10
Ion assignment after moving ion 28: {0: 19, 1: 16, 2: 28, 3: 20, 4: 5, 5: 13, 6: 27, 7: 3, 8: 17, 9: 26, 10: 8, 11: 32, 12: 2, 13: 15, 14: 11, 15: 14, 16: 34, 17: 12, 18: 0, 19: 35, 20: 1, 21: 4, 22: 7, 23: 24, 24: 25, 25: 21, 26: 29, 27: 9, 28: 22, 29: 6, 30: 10, 31: 18}
Executing gate at point (8, 10).
Trying to solve brute-force congestion at gate [2, 12, 7] with {0: 19, 1: 16, 2: 28, 3: 20, 4: 5, 5: 13, 6: 27, 7: 3, 8: 17, 9: 26, 10: 8, 11: 32, 12: 2, 13: 15, 14: 11, 15: 14, 16: 34, 17: 12, 18: 0, 19: 35, 20: 1, 21: 4, 22: 7, 23: 24, 24: 25, 25: 21, 26: 29, 27: 9, 28: 22, 29: 6, 30: 10, 31: 18}
Trying to moving ion 2... to 0
Ion assignment after moving ion 2: {0: 19, 1: 16, 2: 28, 3: 20, 4: 5, 5: 13, 6: 27, 7: 3, 8: 17, 9: 26, 10: 8, 11: 32, 12: 0, 13: 15, 14: 11, 15: 14, 16: 34, 17: 12, 18: 1, 19: 35, 20: 2, 21: 4, 22: 7, 23: 24, 24: 25, 25: 21, 26: 29, 27: 9, 28: 22, 29: 6, 30: 10, 31: 18}
Gate position gate updated to [ 0  7 12]--------------c
Trying to moving ion 7... to 1
Ion assignment after moving ion 7: {0: 19, 1: 16, 2: 28, 3: 20, 4: 6, 5: 13, 6: 27, 7: 4, 8: 17, 9: 26, 10: 8, 11: 32, 12: 0, 13: 15, 14: 11, 15: 14, 16: 34, 17: 12, 18: 2, 19: 35, 20: 3, 21: 5, 22: 1, 23: 24, 24: 25, 25: 21, 26: 29, 27: 9, 28: 22, 29: 7, 30: 10, 31: 18}
Clearing endpoint 7.........
Gate position gate updated to [ 0  1 12]--------------c
Trying to moving ion 12... to 2
Ion assignment after moving ion 12: {0: 19, 1: 16, 2: 28, 3: 20, 4: 7, 5: 12, 6: 27, 7: 5, 8: 17, 9: 26, 10: 8, 11: 36, 12: 0, 13: 14, 14: 11, 15: 13, 16: 31, 17: 2, 18: 3, 19: 35, 20: 4, 21: 6, 22: 1, 23: 24, 24: 25, 25: 21, 26: 29, 27: 9, 28: 22, 29: 34, 30: 10, 31: 18}
Executing gate at point (8, 12).
Trying to solve brute-force congestion at gate [0, 25, 29] with {0: 19, 1: 16, 2: 28, 3: 20, 4: 7, 5: 12, 6: 27, 7: 5, 8: 17, 9: 26, 10: 8, 11: 36, 12: 0, 13: 14, 14: 11, 15: 13, 16: 31, 17: 2, 18: 3, 19: 35, 20: 4, 21: 6, 22: 1, 23: 24, 24: 25, 25: 21, 26: 29, 27: 9, 28: 22, 29: 34, 30: 10, 31: 18}
Trying to moving ion 25... to 24
Ion assignment after moving ion 25: {0: 19, 1: 16, 2: 28, 3: 20, 4: 7, 5: 12, 6: 27, 7: 5, 8: 17, 9: 26, 10: 8, 11: 36, 12: 0, 13: 14, 14: 11, 15: 13, 16: 31, 17: 2, 18: 3, 19: 35, 20: 4, 21: 6, 22: 1, 23: 25, 24: 24, 25: 21, 26: 29, 27: 9, 28: 22, 29: 34, 30: 10, 31: 18}
Clearing endpoint 31.........
Gate position gate updated to [24 29  0]--------------c
Trying to moving ion 29... to 25
Ion assignment after moving ion 29: {0: 19, 1: 16, 2: 29, 3: 20, 4: 7, 5: 12, 6: 28, 7: 5, 8: 17, 9: 27, 10: 8, 11: 36, 12: 0, 13: 14, 14: 11, 15: 13, 16: 30, 17: 2, 18: 3, 19: 35, 20: 4, 21: 6, 22: 1, 23: 26, 24: 24, 25: 21, 26: 25, 27: 9, 28: 22, 29: 34, 30: 10, 31: 18}
Gate position gate updated to [24 25  0]--------------c
Trying to moving ion 0... to 26
Ion assignment after moving ion 0: {0: 19, 1: 16, 2: 30, 3: 20, 4: 6, 5: 12, 6: 29, 7: 4, 8: 17, 9: 28, 10: 8, 11: 35, 12: 26, 13: 14, 14: 11, 15: 13, 16: 31, 17: 1, 18: 2, 19: 23, 20: 3, 21: 5, 22: 0, 23: 27, 24: 24, 25: 21, 26: 25, 27: 9, 28: 22, 29: 33, 30: 10, 31: 18}
Executing gate at point (9, 12).
Trying to solve brute-force congestion at gate [13, 1] with {0: 19, 1: 16, 2: 30, 3: 20, 4: 6, 5: 12, 6: 29, 7: 4, 8: 17, 9: 28, 10: 8, 11: 35, 12: 26, 13: 14, 14: 11, 15: 13, 16: 31, 17: 1, 18: 2, 19: 23, 20: 3, 21: 5, 22: 0, 23: 27, 24: 24, 25: 21, 26: 25, 27: 9, 28: 22, 29: 33, 30: 10, 31: 18}
Trying to moving ion 1... to 0
Ion assignment after moving ion 1: {0: 19, 1: 16, 2: 30, 3: 20, 4: 6, 5: 12, 6: 29, 7: 4, 8: 17, 9: 28, 10: 8, 11: 35, 12: 26, 13: 14, 14: 11, 15: 13, 16: 31, 17: 0, 18: 2, 19: 23, 20: 3, 21: 5, 22: 1, 23: 27, 24: 24, 25: 21, 26: 25, 27: 9, 28: 22, 29: 33, 30: 10, 31: 18}
Gate position gate updated to [ 0 13]--------------c
Trying to moving ion 13... to 1
Ion assignment after moving ion 13: {0: 19, 1: 16, 2: 30, 3: 20, 4: 7, 5: 12, 6: 29, 7: 5, 8: 17, 9: 28, 10: 8, 11: 35, 12: 26, 13: 13, 14: 11, 15: 1, 16: 31, 17: 0, 18: 3, 19: 23, 20: 4, 21: 6, 22: 2, 23: 27, 24: 24, 25: 21, 26: 25, 27: 9, 28: 22, 29: 34, 30: 10, 31: 18}
Executing gate at point (9, 15).
Trying to solve brute-force congestion at gate [31, 0, 3] with {0: 19, 1: 16, 2: 30, 3: 20, 4: 7, 5: 12, 6: 29, 7: 5, 8: 17, 9: 28, 10: 8, 11: 35, 12: 26, 13: 13, 14: 11, 15: 1, 16: 31, 17: 0, 18: 3, 19: 23, 20: 4, 21: 6, 22: 2, 23: 27, 24: 24, 25: 21, 26: 25, 27: 9, 28: 22, 29: 34, 30: 10, 31: 18}
Trying to moving ion 0... to 0
Ion assignment after moving ion 0: {0: 19, 1: 16, 2: 30, 3: 20, 4: 7, 5: 12, 6: 29, 7: 5, 8: 17, 9: 28, 10: 8, 11: 35, 12: 26, 13: 13, 14: 11, 15: 1, 16: 31, 17: 0, 18: 3, 19: 23, 20: 4, 21: 6, 22: 2, 23: 27, 24: 24, 25: 21, 26: 25, 27: 9, 28: 22, 29: 34, 30: 10, 31: 18}
Clearing endpoint 7.........
Gate position gate updated to [ 0  3 31]--------------c
Trying to moving ion 3... to 1
Ion assignment after moving ion 3: {0: 19, 1: 16, 2: 30, 3: 20, 4: 32, 5: 12, 6: 29, 7: 5, 8: 17, 9: 28, 10: 8, 11: 35, 12: 26, 13: 13, 14: 11, 15: 2, 16: 31, 17: 0, 18: 1, 19: 23, 20: 4, 21: 6, 22: 3, 23: 27, 24: 24, 25: 21, 26: 25, 27: 9, 28: 22, 29: 34, 30: 10, 31: 18}
Gate position gate updated to [ 0  1 31]--------------c
Trying to moving ion 31... to 2
Ion assignment after moving ion 31: {0: 19, 1: 16, 2: 30, 3: 20, 4: 33, 5: 12, 6: 29, 7: 6, 8: 17, 9: 28, 10: 8, 11: 35, 12: 26, 13: 13, 14: 11, 15: 3, 16: 2, 17: 0, 18: 1, 19: 23, 20: 5, 21: 7, 22: 4, 23: 27, 24: 24, 25: 21, 26: 25, 27: 9, 28: 22, 29: 15, 30: 10, 31: 18}
Executing gate at point (10, 16).
Trying to solve brute-force congestion at gate [13, 2, 5] with {0: 19, 1: 16, 2: 30, 3: 20, 4: 33, 5: 12, 6: 29, 7: 6, 8: 17, 9: 28, 10: 8, 11: 35, 12: 26, 13: 13, 14: 11, 15: 3, 16: 2, 17: 0, 18: 1, 19: 23, 20: 5, 21: 7, 22: 4, 23: 27, 24: 24, 25: 21, 26: 25, 27: 9, 28: 22, 29: 15, 30: 10, 31: 18}
Trying to moving ion 2... to 0
Ion assignment after moving ion 2: {0: 19, 1: 16, 2: 30, 3: 20, 4: 33, 5: 12, 6: 29, 7: 6, 8: 17, 9: 28, 10: 8, 11: 35, 12: 26, 13: 13, 14: 11, 15: 3, 16: 0, 17: 1, 18: 2, 19: 23, 20: 5, 21: 7, 22: 4, 23: 27, 24: 24, 25: 21, 26: 25, 27: 9, 28: 22, 29: 15, 30: 10, 31: 18}
Clearing endpoint 7.........
Gate position gate updated to [ 0  5 13]--------------c
Trying to moving ion 5... to 1
Ion assignment after moving ion 5: {0: 19, 1: 16, 2: 30, 3: 20, 4: 33, 5: 12, 6: 29, 7: 6, 8: 17, 9: 28, 10: 8, 11: 35, 12: 26, 13: 13, 14: 11, 15: 4, 16: 0, 17: 2, 18: 3, 19: 23, 20: 1, 21: 32, 22: 5, 23: 27, 24: 24, 25: 21, 26: 25, 27: 9, 28: 22, 29: 15, 30: 10, 31: 18}
Gate position gate updated to [ 0  1 13]--------------c
Trying to moving ion 13... to 2
Ion assignment after moving ion 13: {0: 19, 1: 16, 2: 30, 3: 20, 4: 36, 5: 12, 6: 29, 7: 7, 8: 17, 9: 28, 10: 8, 11: 35, 12: 26, 13: 2, 14: 11, 15: 5, 16: 0, 17: 3, 18: 4, 19: 23, 20: 1, 21: 34, 22: 6, 23: 27, 24: 24, 25: 21, 26: 25, 27: 9, 28: 22, 29: 14, 30: 10, 31: 18}
Executing gate at point (11, 13).
Trying to solve brute-force congestion at gate [0, 34, 9] with {0: 19, 1: 16, 2: 30, 3: 20, 4: 36, 5: 12, 6: 29, 7: 7, 8: 17, 9: 28, 10: 8, 11: 35, 12: 26, 13: 2, 14: 11, 15: 5, 16: 0, 17: 3, 18: 4, 19: 23, 20: 1, 21: 34, 22: 6, 23: 27, 24: 24, 25: 21, 26: 25, 27: 9, 28: 22, 29: 14, 30: 10, 31: 18}
Trying to moving ion 0... to 0
Ion assignment after moving ion 0: {0: 19, 1: 16, 2: 30, 3: 20, 4: 36, 5: 12, 6: 29, 7: 7, 8: 17, 9: 28, 10: 8, 11: 35, 12: 26, 13: 2, 14: 11, 15: 5, 16: 0, 17: 3, 18: 4, 19: 23, 20: 1, 21: 34, 22: 6, 23: 27, 24: 24, 25: 21, 26: 25, 27: 9, 28: 22, 29: 14, 30: 10, 31: 18}
Clearing endpoint 7.........
Gate position gate updated to [ 0 34  9]--------------c
Trying to moving ion 34... to 1
Ion assignment after moving ion 34: {0: 19, 1: 16, 2: 30, 3: 20, 4: 36, 5: 12, 6: 29, 7: 33, 8: 17, 9: 28, 10: 8, 11: 35, 12: 26, 13: 3, 14: 11, 15: 6, 16: 0, 17: 4, 18: 5, 19: 23, 20: 2, 21: 1, 22: 7, 23: 27, 24: 24, 25: 21, 26: 25, 27: 9, 28: 22, 29: 14, 30: 10, 31: 18}
Clearing endpoint 7.........
Gate position gate updated to [0 1 9]--------------c
Trying to moving ion 9... to 2
Ion assignment after moving ion 9: {0: 19, 1: 16, 2: 30, 3: 20, 4: 31, 5: 11, 6: 29, 7: 36, 8: 17, 9: 28, 10: 8, 11: 35, 12: 26, 13: 4, 14: 10, 15: 7, 16: 0, 17: 5, 18: 6, 19: 23, 20: 3, 21: 1, 22: 34, 23: 27, 24: 24, 25: 21, 26: 25, 27: 2, 28: 22, 29: 13, 30: 9, 31: 18}
Executing gate at point (12, 16).
Best move: (7, 32)
Best move: (24, 25)
Best move: (25, 26)
Best move: (1, 2)
Best move: (26, 27)
Best move: (27, 28)
Best move: (28, 29)
Best move: (2, 3)
Best move: (3, 4)
Best move: (29, 30)
Best move: (5, 6)
Try bruteforce due to multiple steps (11) to solve one gate
Trying to solve brute-force congestion at gate [2, 34, 1] with {0: 19, 1: 16, 2: 29, 3: 20, 4: 31, 5: 11, 6: 28, 7: 36, 8: 17, 9: 27, 10: 8, 11: 35, 12: 25, 13: 3, 14: 10, 15: 32, 16: 0, 17: 6, 18: 5, 19: 23, 20: 2, 21: 4, 22: 34, 23: 26, 24: 30, 25: 21, 26: 24, 27: 1, 28: 22, 29: 13, 30: 9, 31: 18}
Trying to moving ion 2... to 0
Ion assignment after moving ion 2: {0: 19, 1: 16, 2: 29, 3: 20, 4: 31, 5: 11, 6: 28, 7: 36, 8: 17, 9: 27, 10: 8, 11: 35, 12: 25, 13: 3, 14: 10, 15: 32, 16: 1, 17: 6, 18: 5, 19: 23, 20: 0, 21: 4, 22: 34, 23: 26, 24: 30, 25: 21, 26: 24, 27: 2, 28: 22, 29: 13, 30: 9, 31: 18}
Gate position gate updated to [ 0  2 34]--------------c
Trying to moving ion 2... to 1
Ion assignment after moving ion 2: {0: 19, 1: 16, 2: 29, 3: 20, 4: 31, 5: 11, 6: 28, 7: 36, 8: 17, 9: 27, 10: 8, 11: 35, 12: 25, 13: 3, 14: 10, 15: 32, 16: 2, 17: 6, 18: 5, 19: 23, 20: 0, 21: 4, 22: 34, 23: 26, 24: 30, 25: 21, 26: 24, 27: 1, 28: 22, 29: 13, 30: 9, 31: 18}
Gate position gate updated to [ 0  1 34]--------------c
Trying to moving ion 34... to 2
Ion assignment after moving ion 34: {0: 19, 1: 16, 2: 29, 3: 20, 4: 31, 5: 11, 6: 28, 7: 36, 8: 17, 9: 27, 10: 8, 11: 35, 12: 25, 13: 4, 14: 10, 15: 33, 16: 3, 17: 7, 18: 6, 19: 23, 20: 0, 21: 5, 22: 2, 23: 26, 24: 30, 25: 21, 26: 24, 27: 1, 28: 22, 29: 13, 30: 9, 31: 18}
Executing gate at point (13, 20).
Best move: (5, 6)
Best move: (32, 33)
Best move: (30, 31)
Best move: (6, 7)
Best move: (6, 7)
Best move: (32, 33)
Best move: (7, 32)
Best move: (33, 34)
Best move: (33, 34)
Best move: (15, 33)
Best move: (32, 33)
Try bruteforce due to multiple steps (11) to solve one gate
Trying to solve brute-force congestion at gate [15, 33, 31] with {0: 19, 1: 16, 2: 29, 3: 20, 4: 30, 5: 11, 6: 28, 7: 36, 8: 17, 9: 27, 10: 8, 11: 35, 12: 25, 13: 4, 14: 10, 15: 15, 16: 3, 17: 33, 18: 5, 19: 23, 20: 0, 21: 6, 22: 2, 23: 26, 24: 31, 25: 21, 26: 24, 27: 1, 28: 22, 29: 13, 30: 9, 31: 18}
Trying to moving ion 15... to 8
Ion assignment after moving ion 15: {0: 19, 1: 16, 2: 29, 3: 20, 4: 30, 5: 12, 6: 28, 7: 36, 8: 17, 9: 27, 10: 9, 11: 35, 12: 25, 13: 4, 14: 11, 15: 8, 16: 3, 17: 33, 18: 5, 19: 23, 20: 0, 21: 6, 22: 2, 23: 26, 24: 31, 25: 21, 26: 24, 27: 1, 28: 22, 29: 14, 30: 10, 31: 18}
Gate position gate updated to [ 8 33 31]--------------c
Trying to moving ion 33... to 9
Ion assignment after moving ion 33: {0: 19, 1: 16, 2: 29, 3: 20, 4: 30, 5: 13, 6: 28, 7: 36, 8: 17, 9: 27, 10: 10, 11: 35, 12: 25, 13: 4, 14: 12, 15: 8, 16: 3, 17: 9, 18: 5, 19: 23, 20: 0, 21: 6, 22: 2, 23: 26, 24: 31, 25: 21, 26: 24, 27: 1, 28: 22, 29: 15, 30: 11, 31: 18}
Clearing endpoint 15.........
Gate position gate updated to [ 8  9 31]--------------c
Trying to moving ion 31... to 10
Ion assignment after moving ion 31: {0: 19, 1: 16, 2: 29, 3: 20, 4: 30, 5: 14, 6: 28, 7: 7, 8: 17, 9: 27, 10: 11, 11: 35, 12: 25, 13: 4, 14: 13, 15: 8, 16: 3, 17: 9, 18: 5, 19: 23, 20: 0, 21: 6, 22: 2, 23: 26, 24: 10, 25: 21, 26: 24, 27: 1, 28: 22, 29: 32, 30: 12, 31: 18}
Executing gate at point (11, 15).
Trying to solve brute-force congestion at gate [14, 23, 6] with {0: 19, 1: 16, 2: 29, 3: 20, 4: 30, 5: 14, 6: 28, 7: 7, 8: 17, 9: 27, 10: 11, 11: 35, 12: 25, 13: 4, 14: 13, 15: 8, 16: 3, 17: 9, 18: 5, 19: 23, 20: 0, 21: 6, 22: 2, 23: 26, 24: 10, 25: 21, 26: 24, 27: 1, 28: 22, 29: 32, 30: 12, 31: 18}
Trying to moving ion 14... to 8
Ion assignment after moving ion 14: {0: 19, 1: 16, 2: 29, 3: 20, 4: 30, 5: 8, 6: 28, 7: 7, 8: 17, 9: 27, 10: 12, 11: 35, 12: 25, 13: 4, 14: 14, 15: 9, 16: 3, 17: 10, 18: 5, 19: 23, 20: 0, 21: 6, 22: 2, 23: 26, 24: 11, 25: 21, 26: 24, 27: 1, 28: 22, 29: 32, 30: 13, 31: 18}
Gate position gate updated to [ 8  6 23]--------------c
Trying to moving ion 6... to 9
Ion assignment after moving ion 6: {0: 19, 1: 16, 2: 29, 3: 20, 4: 30, 5: 8, 6: 28, 7: 6, 8: 17, 9: 27, 10: 13, 11: 35, 12: 25, 13: 4, 14: 15, 15: 10, 16: 3, 17: 11, 18: 5, 19: 23, 20: 0, 21: 9, 22: 2, 23: 26, 24: 12, 25: 21, 26: 24, 27: 1, 28: 22, 29: 34, 30: 14, 31: 18}
Clearing endpoint 15.........
Gate position gate updated to [ 8  9 23]--------------c
Trying to moving ion 23... to 10
Ion assignment after moving ion 23: {0: 19, 1: 16, 2: 29, 3: 20, 4: 30, 5: 8, 6: 28, 7: 6, 8: 17, 9: 27, 10: 14, 11: 36, 12: 25, 13: 4, 14: 32, 15: 11, 16: 3, 17: 12, 18: 5, 19: 10, 20: 0, 21: 9, 22: 2, 23: 26, 24: 13, 25: 21, 26: 24, 27: 1, 28: 22, 29: 7, 30: 15, 31: 18}
Executing gate at point (13, 5).
Trying to solve brute-force congestion at gate [30, 8, 21] with {0: 19, 1: 16, 2: 29, 3: 20, 4: 30, 5: 8, 6: 28, 7: 6, 8: 17, 9: 27, 10: 14, 11: 36, 12: 25, 13: 4, 14: 32, 15: 11, 16: 3, 17: 12, 18: 5, 19: 10, 20: 0, 21: 9, 22: 2, 23: 26, 24: 13, 25: 21, 26: 24, 27: 1, 28: 22, 29: 7, 30: 15, 31: 18}
Trying to moving ion 8... to 8
Ion assignment after moving ion 8: {0: 19, 1: 16, 2: 29, 3: 20, 4: 30, 5: 8, 6: 28, 7: 6, 8: 17, 9: 27, 10: 14, 11: 36, 12: 25, 13: 4, 14: 32, 15: 11, 16: 3, 17: 12, 18: 5, 19: 10, 20: 0, 21: 9, 22: 2, 23: 26, 24: 13, 25: 21, 26: 24, 27: 1, 28: 22, 29: 7, 30: 15, 31: 18}
Clearing endpoint 15.........
Gate position gate updated to [ 8 30 21]--------------c
Trying to moving ion 30... to 9
Ion assignment after moving ion 30: {0: 19, 1: 16, 2: 29, 3: 20, 4: 9, 5: 8, 6: 28, 7: 6, 8: 17, 9: 27, 10: 15, 11: 35, 12: 25, 13: 4, 14: 34, 15: 12, 16: 3, 17: 13, 18: 5, 19: 11, 20: 0, 21: 10, 22: 2, 23: 26, 24: 14, 25: 21, 26: 24, 27: 1, 28: 22, 29: 7, 30: 32, 31: 18}
Clearing endpoint 15.........
Gate position gate updated to [ 8  9 21]--------------c
Trying to moving ion 21... to 10
Ion assignment after moving ion 21: {0: 19, 1: 16, 2: 29, 3: 20, 4: 9, 5: 8, 6: 28, 7: 6, 8: 17, 9: 27, 10: 32, 11: 31, 12: 25, 13: 4, 14: 36, 15: 13, 16: 3, 17: 14, 18: 5, 19: 12, 20: 0, 21: 11, 22: 2, 23: 26, 24: 15, 25: 10, 26: 24, 27: 1, 28: 21, 29: 7, 30: 34, 31: 18}
Executing gate at point (14, 4).
Trying to solve brute-force congestion at gate [9, 21, 7] with {0: 19, 1: 16, 2: 29, 3: 20, 4: 9, 5: 8, 6: 28, 7: 6, 8: 17, 9: 27, 10: 32, 11: 31, 12: 25, 13: 4, 14: 36, 15: 13, 16: 3, 17: 14, 18: 5, 19: 12, 20: 0, 21: 11, 22: 2, 23: 26, 24: 15, 25: 10, 26: 24, 27: 1, 28: 21, 29: 7, 30: 34, 31: 18}
Trying to moving ion 9... to 8
Ion assignment after moving ion 9: {0: 19, 1: 16, 2: 29, 3: 20, 4: 8, 5: 9, 6: 28, 7: 6, 8: 17, 9: 27, 10: 32, 11: 31, 12: 25, 13: 4, 14: 36, 15: 13, 16: 3, 17: 14, 18: 5, 19: 12, 20: 0, 21: 11, 22: 2, 23: 26, 24: 15, 25: 10, 26: 24, 27: 1, 28: 21, 29: 7, 30: 34, 31: 18}
Clearing endpoint 15.........
Gate position gate updated to [ 8  7 21]--------------c
Trying to moving ion 7... to 9
Ion assignment after moving ion 7: {0: 19, 1: 16, 2: 29, 3: 20, 4: 8, 5: 10, 6: 28, 7: 6, 8: 17, 9: 27, 10: 35, 11: 31, 12: 25, 13: 4, 14: 36, 15: 14, 16: 3, 17: 15, 18: 5, 19: 13, 20: 0, 21: 12, 22: 2, 23: 26, 24: 34, 25: 11, 26: 24, 27: 1, 28: 21, 29: 9, 30: 23, 31: 18}
Clearing endpoint 15.........
Gate position gate updated to [ 8  9 21]--------------c
Trying to moving ion 21... to 10
Ion assignment after moving ion 21: {0: 19, 1: 16, 2: 29, 3: 20, 4: 8, 5: 11, 6: 28, 7: 6, 8: 17, 9: 27, 10: 31, 11: 30, 12: 25, 13: 4, 14: 36, 15: 15, 16: 3, 17: 32, 18: 5, 19: 14, 20: 0, 21: 13, 22: 2, 23: 26, 24: 7, 25: 12, 26: 24, 27: 1, 28: 10, 29: 9, 30: 22, 31: 18}
Executing gate at point (15, 4).
Trying to solve brute-force congestion at gate [6, 10] with {0: 19, 1: 16, 2: 29, 3: 20, 4: 8, 5: 11, 6: 28, 7: 6, 8: 17, 9: 27, 10: 31, 11: 30, 12: 25, 13: 4, 14: 36, 15: 15, 16: 3, 17: 32, 18: 5, 19: 14, 20: 0, 21: 13, 22: 2, 23: 26, 24: 7, 25: 12, 26: 24, 27: 1, 28: 10, 29: 9, 30: 22, 31: 18}
Trying to moving ion 10... to 8
Ion assignment after moving ion 10: {0: 19, 1: 16, 2: 29, 3: 20, 4: 9, 5: 11, 6: 28, 7: 6, 8: 17, 9: 27, 10: 31, 11: 30, 12: 25, 13: 4, 14: 36, 15: 15, 16: 3, 17: 32, 18: 5, 19: 14, 20: 0, 21: 13, 22: 2, 23: 26, 24: 7, 25: 12, 26: 24, 27: 1, 28: 8, 29: 10, 30: 22, 31: 18}
Clearing endpoint 15.........
Gate position gate updated to [8 6]--------------c
Trying to moving ion 6... to 9
Ion assignment after moving ion 6: {0: 19, 1: 16, 2: 29, 3: 20, 4: 10, 5: 12, 6: 28, 7: 9, 8: 17, 9: 27, 10: 31, 11: 30, 12: 25, 13: 4, 14: 36, 15: 34, 16: 3, 17: 35, 18: 5, 19: 15, 20: 0, 21: 14, 22: 2, 23: 26, 24: 6, 25: 13, 26: 24, 27: 1, 28: 8, 29: 11, 30: 22, 31: 18}
Executing gate at point (16, 7).
Trying to solve brute-force congestion at gate [36, 15, 13] with {0: 19, 1: 16, 2: 29, 3: 20, 4: 10, 5: 12, 6: 28, 7: 9, 8: 17, 9: 27, 10: 31, 11: 30, 12: 25, 13: 4, 14: 36, 15: 34, 16: 3, 17: 35, 18: 5, 19: 15, 20: 0, 21: 14, 22: 2, 23: 26, 24: 6, 25: 13, 26: 24, 27: 1, 28: 8, 29: 11, 30: 22, 31: 18}
Trying to moving ion 15... to 8
Ion assignment after moving ion 15: {0: 19, 1: 16, 2: 29, 3: 20, 4: 11, 5: 13, 6: 28, 7: 10, 8: 17, 9: 27, 10: 31, 11: 30, 12: 25, 13: 4, 14: 36, 15: 34, 16: 3, 17: 35, 18: 5, 19: 8, 20: 0, 21: 15, 22: 2, 23: 26, 24: 6, 25: 14, 26: 24, 27: 1, 28: 9, 29: 12, 30: 22, 31: 18}
Clearing endpoint 15.........
Gate position gate updated to [ 8 14 36]--------------c
Trying to moving ion 14... to 9
Ion assignment after moving ion 14: {0: 19, 1: 16, 2: 29, 3: 20, 4: 12, 5: 14, 6: 28, 7: 11, 8: 17, 9: 27, 10: 31, 11: 30, 12: 25, 13: 4, 14: 36, 15: 34, 16: 3, 17: 35, 18: 5, 19: 8, 20: 0, 21: 33, 22: 2, 23: 26, 24: 6, 25: 9, 26: 24, 27: 1, 28: 10, 29: 13, 30: 22, 31: 18}
Gate position gate updated to [ 8  9 36]--------------c
Trying to moving ion 36... to 10
Ion assignment after moving ion 36: {0: 19, 1: 16, 2: 29, 3: 20, 4: 13, 5: 15, 6: 28, 7: 12, 8: 17, 9: 27, 10: 31, 11: 30, 12: 25, 13: 4, 14: 10, 15: 7, 16: 3, 17: 35, 18: 5, 19: 8, 20: 0, 21: 32, 22: 2, 23: 26, 24: 6, 25: 9, 26: 24, 27: 1, 28: 11, 29: 14, 30: 22, 31: 18}
Executing gate at point (15, 14).
Trying to solve brute-force congestion at gate [8, 0, 11] with {0: 19, 1: 16, 2: 29, 3: 20, 4: 13, 5: 15, 6: 28, 7: 12, 8: 17, 9: 27, 10: 31, 11: 30, 12: 25, 13: 4, 14: 10, 15: 7, 16: 3, 17: 35, 18: 5, 19: 8, 20: 0, 21: 32, 22: 2, 23: 26, 24: 6, 25: 9, 26: 24, 27: 1, 28: 11, 29: 14, 30: 22, 31: 18}
Trying to moving ion 8... to 8
Ion assignment after moving ion 8: {0: 19, 1: 16, 2: 29, 3: 20, 4: 13, 5: 15, 6: 28, 7: 12, 8: 17, 9: 27, 10: 31, 11: 30, 12: 25, 13: 4, 14: 10, 15: 7, 16: 3, 17: 35, 18: 5, 19: 8, 20: 0, 21: 32, 22: 2, 23: 26, 24: 6, 25: 9, 26: 24, 27: 1, 28: 11, 29: 14, 30: 22, 31: 18}
Clearing endpoint 15.........
Gate position gate updated to [ 8 11  0]--------------c
Trying to moving ion 11... to 9
Ion assignment after moving ion 11: {0: 19, 1: 16, 2: 29, 3: 20, 4: 13, 5: 33, 6: 28, 7: 12, 8: 17, 9: 27, 10: 31, 11: 30, 12: 25, 13: 4, 14: 11, 15: 7, 16: 3, 17: 35, 18: 5, 19: 8, 20: 0, 21: 32, 22: 2, 23: 26, 24: 6, 25: 10, 26: 24, 27: 1, 28: 9, 29: 14, 30: 22, 31: 18}
Gate position gate updated to [8 9 0]--------------c
Trying to moving ion 0... to 10
Ion assignment after moving ion 0: {0: 19, 1: 16, 2: 29, 3: 20, 4: 14, 5: 34, 6: 28, 7: 13, 8: 17, 9: 27, 10: 31, 11: 30, 12: 25, 13: 3, 14: 12, 15: 6, 16: 2, 17: 35, 18: 4, 19: 8, 20: 10, 21: 36, 22: 1, 23: 26, 24: 5, 25: 11, 26: 24, 27: 0, 28: 9, 29: 15, 30: 22, 31: 18}
Executing gate at point (17, 19).
Trying to solve brute-force congestion at gate [36, 5, 11] with {0: 19, 1: 16, 2: 29, 3: 20, 4: 14, 5: 34, 6: 28, 7: 13, 8: 17, 9: 27, 10: 31, 11: 30, 12: 25, 13: 3, 14: 12, 15: 6, 16: 2, 17: 35, 18: 4, 19: 8, 20: 10, 21: 36, 22: 1, 23: 26, 24: 5, 25: 11, 26: 24, 27: 0, 28: 9, 29: 15, 30: 22, 31: 18}
Trying to moving ion 11... to 8
Ion assignment after moving ion 11: {0: 19, 1: 16, 2: 29, 3: 20, 4: 14, 5: 34, 6: 28, 7: 13, 8: 17, 9: 27, 10: 31, 11: 30, 12: 25, 13: 3, 14: 12, 15: 6, 16: 2, 17: 35, 18: 4, 19: 9, 20: 11, 21: 36, 22: 1, 23: 26, 24: 5, 25: 8, 26: 24, 27: 0, 28: 10, 29: 15, 30: 22, 31: 18}
Clearing endpoint 15.........
Gate position gate updated to [ 8 36  5]--------------c
Trying to moving ion 36... to 9
Ion assignment after moving ion 36: {0: 19, 1: 16, 2: 29, 3: 20, 4: 15, 5: 7, 6: 28, 7: 14, 8: 17, 9: 27, 10: 31, 11: 30, 12: 25, 13: 3, 14: 13, 15: 6, 16: 2, 17: 35, 18: 4, 19: 10, 20: 12, 21: 9, 22: 1, 23: 26, 24: 5, 25: 8, 26: 24, 27: 0, 28: 11, 29: 32, 30: 22, 31: 18}
Clearing endpoint 15.........
Gate position gate updated to [8 9 5]--------------c
Trying to moving ion 5... to 10
Ion assignment after moving ion 5: {0: 19, 1: 16, 2: 29, 3: 20, 4: 34, 5: 6, 6: 28, 7: 15, 8: 17, 9: 27, 10: 31, 11: 30, 12: 25, 13: 3, 14: 14, 15: 5, 16: 2, 17: 35, 18: 4, 19: 11, 20: 13, 21: 9, 22: 1, 23: 26, 24: 10, 25: 8, 26: 24, 27: 0, 28: 12, 29: 36, 30: 22, 31: 18}
Executing gate at point (16, 21).
Trying to solve brute-force congestion at gate [26, 10, 24] with {0: 19, 1: 16, 2: 29, 3: 20, 4: 34, 5: 6, 6: 28, 7: 15, 8: 17, 9: 27, 10: 31, 11: 30, 12: 25, 13: 3, 14: 14, 15: 5, 16: 2, 17: 35, 18: 4, 19: 11, 20: 13, 21: 9, 22: 1, 23: 26, 24: 10, 25: 8, 26: 24, 27: 0, 28: 12, 29: 36, 30: 22, 31: 18}
Trying to moving ion 26... to 24
Ion assignment after moving ion 26: {0: 19, 1: 16, 2: 29, 3: 20, 4: 34, 5: 6, 6: 28, 7: 15, 8: 17, 9: 27, 10: 31, 11: 30, 12: 26, 13: 3, 14: 14, 15: 5, 16: 2, 17: 35, 18: 4, 19: 11, 20: 13, 21: 9, 22: 1, 23: 24, 24: 10, 25: 8, 26: 25, 27: 0, 28: 12, 29: 36, 30: 22, 31: 18}
Clearing endpoint 31.........
Gate position gate updated to [24 25 10]--------------c
Trying to moving ion 25... to 25
Ion assignment after moving ion 25: {0: 19, 1: 16, 2: 29, 3: 20, 4: 34, 5: 6, 6: 28, 7: 15, 8: 17, 9: 27, 10: 36, 11: 30, 12: 26, 13: 3, 14: 14, 15: 5, 16: 2, 17: 23, 18: 4, 19: 11, 20: 13, 21: 9, 22: 1, 23: 24, 24: 10, 25: 8, 26: 25, 27: 0, 28: 12, 29: 35, 30: 22, 31: 18}
Gate position gate updated to [24 25 10]--------------c
Trying to moving ion 10... to 26
Ion assignment after moving ion 10: {0: 19, 1: 16, 2: 30, 3: 20, 4: 32, 5: 6, 6: 29, 7: 14, 8: 17, 9: 28, 10: 35, 11: 31, 12: 27, 13: 3, 14: 13, 15: 5, 16: 2, 17: 22, 18: 4, 19: 10, 20: 12, 21: 9, 22: 1, 23: 24, 24: 26, 25: 8, 26: 25, 27: 0, 28: 11, 29: 23, 30: 21, 31: 18}
Executing gate at point (17, 23).
Trying to solve brute-force congestion at gate [27, 23, 21] with {0: 19, 1: 16, 2: 30, 3: 20, 4: 32, 5: 6, 6: 29, 7: 14, 8: 17, 9: 28, 10: 35, 11: 31, 12: 27, 13: 3, 14: 13, 15: 5, 16: 2, 17: 22, 18: 4, 19: 10, 20: 12, 21: 9, 22: 1, 23: 24, 24: 26, 25: 8, 26: 25, 27: 0, 28: 11, 29: 23, 30: 21, 31: 18}
Trying to moving ion 23... to 16
Ion assignment after moving ion 23: {0: 20, 1: 17, 2: 30, 3: 21, 4: 32, 5: 6, 6: 29, 7: 14, 8: 18, 9: 28, 10: 35, 11: 31, 12: 27, 13: 3, 14: 13, 15: 5, 16: 2, 17: 23, 18: 4, 19: 10, 20: 12, 21: 9, 22: 1, 23: 24, 24: 26, 25: 8, 26: 25, 27: 0, 28: 11, 29: 16, 30: 22, 31: 19}
Clearing endpoint 23.........
Gate position gate updated to [16 22 27]--------------c
Trying to moving ion 22... to 17
Ion assignment after moving ion 22: {0: 21, 1: 18, 2: 30, 3: 22, 4: 32, 5: 6, 6: 29, 7: 14, 8: 19, 9: 28, 10: 36, 11: 31, 12: 27, 13: 3, 14: 13, 15: 5, 16: 2, 17: 35, 18: 4, 19: 10, 20: 12, 21: 9, 22: 1, 23: 24, 24: 26, 25: 8, 26: 25, 27: 0, 28: 11, 29: 16, 30: 17, 31: 20}
Gate position gate updated to [16 17 27]--------------c
Trying to moving ion 27... to 18
Ion assignment after moving ion 27: {0: 22, 1: 19, 2: 29, 3: 23, 4: 32, 5: 6, 6: 28, 7: 14, 8: 20, 9: 27, 10: 33, 11: 30, 12: 18, 13: 3, 14: 13, 15: 5, 16: 2, 17: 34, 18: 4, 19: 10, 20: 12, 21: 9, 22: 1, 23: 24, 24: 26, 25: 8, 26: 25, 27: 0, 28: 11, 29: 16, 30: 17, 31: 21}
Executing gate at point (16, 12).
Trying to solve brute-force congestion at gate [2, 4, 16] with {0: 22, 1: 19, 2: 29, 3: 23, 4: 32, 5: 6, 6: 28, 7: 14, 8: 20, 9: 27, 10: 33, 11: 30, 12: 18, 13: 3, 14: 13, 15: 5, 16: 2, 17: 34, 18: 4, 19: 10, 20: 12, 21: 9, 22: 1, 23: 24, 24: 26, 25: 8, 26: 25, 27: 0, 28: 11, 29: 16, 30: 17, 31: 21}
Trying to moving ion 2... to 0
Ion assignment after moving ion 2: {0: 22, 1: 19, 2: 29, 3: 23, 4: 32, 5: 6, 6: 28, 7: 14, 8: 20, 9: 27, 10: 33, 11: 30, 12: 18, 13: 3, 14: 13, 15: 5, 16: 0, 17: 34, 18: 4, 19: 10, 20: 12, 21: 9, 22: 2, 23: 24, 24: 26, 25: 8, 26: 25, 27: 1, 28: 11, 29: 16, 30: 17, 31: 21}
Gate position gate updated to [ 0  4 16]--------------c
Trying to moving ion 4... to 1
Ion assignment after moving ion 4: {0: 22, 1: 19, 2: 29, 3: 23, 4: 32, 5: 6, 6: 28, 7: 14, 8: 20, 9: 27, 10: 33, 11: 30, 12: 18, 13: 4, 14: 13, 15: 5, 16: 0, 17: 34, 18: 1, 19: 10, 20: 12, 21: 9, 22: 3, 23: 24, 24: 26, 25: 8, 26: 25, 27: 2, 28: 11, 29: 16, 30: 17, 31: 21}
Gate position gate updated to [ 0  1 16]--------------c
Trying to moving ion 16... to 2
Ion assignment after moving ion 16: {0: 21, 1: 18, 2: 29, 3: 22, 4: 33, 5: 7, 6: 28, 7: 14, 8: 19, 9: 27, 10: 15, 11: 30, 12: 17, 13: 5, 14: 13, 15: 6, 16: 0, 17: 36, 18: 1, 19: 10, 20: 12, 21: 9, 22: 4, 23: 24, 24: 26, 25: 8, 26: 25, 27: 3, 28: 11, 29: 2, 30: 16, 31: 20}
Executing gate at point (17, 16).
Trying to solve brute-force congestion at gate [12, 2] with {0: 21, 1: 18, 2: 29, 3: 22, 4: 33, 5: 7, 6: 28, 7: 14, 8: 19, 9: 27, 10: 15, 11: 30, 12: 17, 13: 5, 14: 13, 15: 6, 16: 0, 17: 36, 18: 1, 19: 10, 20: 12, 21: 9, 22: 4, 23: 24, 24: 26, 25: 8, 26: 25, 27: 3, 28: 11, 29: 2, 30: 16, 31: 20}
Trying to moving ion 2... to 0
Ion assignment after moving ion 2: {0: 21, 1: 18, 2: 29, 3: 22, 4: 33, 5: 7, 6: 28, 7: 14, 8: 19, 9: 27, 10: 15, 11: 30, 12: 17, 13: 5, 14: 13, 15: 6, 16: 1, 17: 36, 18: 2, 19: 10, 20: 12, 21: 9, 22: 4, 23: 24, 24: 26, 25: 8, 26: 25, 27: 3, 28: 11, 29: 0, 30: 16, 31: 20}
Clearing endpoint 7.........
Gate position gate updated to [ 0 12]--------------c
Trying to moving ion 12... to 1
Ion assignment after moving ion 12: {0: 21, 1: 18, 2: 29, 3: 22, 4: 35, 5: 34, 6: 28, 7: 13, 8: 19, 9: 27, 10: 14, 11: 30, 12: 17, 13: 6, 14: 12, 15: 7, 16: 2, 17: 36, 18: 3, 19: 10, 20: 1, 21: 9, 22: 5, 23: 24, 24: 26, 25: 8, 26: 25, 27: 4, 28: 11, 29: 0, 30: 16, 31: 20}
Executing gate at point (18, 20).
Trying to solve brute-force congestion at gate [7, 1, 16] with {0: 21, 1: 18, 2: 29, 3: 22, 4: 35, 5: 34, 6: 28, 7: 13, 8: 19, 9: 27, 10: 14, 11: 30, 12: 17, 13: 6, 14: 12, 15: 7, 16: 2, 17: 36, 18: 3, 19: 10, 20: 1, 21: 9, 22: 5, 23: 24, 24: 26, 25: 8, 26: 25, 27: 4, 28: 11, 29: 0, 30: 16, 31: 20}
Trying to moving ion 7... to 0
Ion assignment after moving ion 7: {0: 21, 1: 18, 2: 29, 3: 22, 4: 35, 5: 34, 6: 28, 7: 13, 8: 19, 9: 27, 10: 14, 11: 30, 12: 17, 13: 7, 14: 12, 15: 0, 16: 3, 17: 36, 18: 4, 19: 10, 20: 2, 21: 9, 22: 6, 23: 24, 24: 26, 25: 8, 26: 25, 27: 5, 28: 11, 29: 1, 30: 16, 31: 20}
Clearing endpoint 7.........
Gate position gate updated to [ 0  2 16]--------------c
Trying to moving ion 2... to 1
Ion assignment after moving ion 2: {0: 21, 1: 18, 2: 29, 3: 22, 4: 35, 5: 34, 6: 28, 7: 13, 8: 19, 9: 27, 10: 14, 11: 30, 12: 17, 13: 32, 14: 12, 15: 0, 16: 3, 17: 36, 18: 4, 19: 10, 20: 1, 21: 9, 22: 6, 23: 24, 24: 26, 25: 8, 26: 25, 27: 5, 28: 11, 29: 2, 30: 16, 31: 20}
Gate position gate updated to [ 0  1 16]--------------c
Trying to moving ion 16... to 2
Ion assignment after moving ion 16: {0: 20, 1: 17, 2: 29, 3: 21, 4: 36, 5: 15, 6: 28, 7: 13, 8: 18, 9: 27, 10: 14, 11: 30, 12: 16, 13: 33, 14: 12, 15: 0, 16: 4, 17: 31, 18: 5, 19: 10, 20: 1, 21: 9, 22: 7, 23: 24, 24: 26, 25: 8, 26: 25, 27: 6, 28: 11, 29: 3, 30: 2, 31: 19}
Executing gate at point (19, 15).
Trying to solve brute-force congestion at gate [9, 2, 19] with {0: 20, 1: 17, 2: 29, 3: 21, 4: 36, 5: 15, 6: 28, 7: 13, 8: 18, 9: 27, 10: 14, 11: 30, 12: 16, 13: 33, 14: 12, 15: 0, 16: 4, 17: 31, 18: 5, 19: 10, 20: 1, 21: 9, 22: 7, 23: 24, 24: 26, 25: 8, 26: 25, 27: 6, 28: 11, 29: 3, 30: 2, 31: 19}
Trying to moving ion 9... to 8
Ion assignment after moving ion 9: {0: 20, 1: 17, 2: 29, 3: 21, 4: 36, 5: 15, 6: 28, 7: 13, 8: 18, 9: 27, 10: 14, 11: 30, 12: 16, 13: 33, 14: 12, 15: 0, 16: 4, 17: 31, 18: 5, 19: 10, 20: 1, 21: 8, 22: 7, 23: 24, 24: 26, 25: 9, 26: 25, 27: 6, 28: 11, 29: 3, 30: 2, 31: 19}
Clearing endpoint 15.........
Gate position gate updated to [ 8  2 19]--------------c
Trying to moving ion 2... to 9
Ion assignment after moving ion 2: {0: 20, 1: 17, 2: 29, 3: 21, 4: 36, 5: 34, 6: 28, 7: 14, 8: 18, 9: 27, 10: 15, 11: 30, 12: 16, 13: 35, 14: 13, 15: 0, 16: 3, 17: 31, 18: 4, 19: 11, 20: 1, 21: 8, 22: 6, 23: 24, 24: 26, 25: 10, 26: 25, 27: 5, 28: 12, 29: 2, 30: 9, 31: 19}
Clearing endpoint 15.........
Gate position gate updated to [ 8  9 19]--------------c
Trying to moving ion 19... to 10
Ion assignment after moving ion 19: {0: 19, 1: 17, 2: 29, 3: 20, 4: 36, 5: 7, 6: 28, 7: 15, 8: 18, 9: 27, 10: 32, 11: 30, 12: 16, 13: 34, 14: 14, 15: 0, 16: 3, 17: 31, 18: 4, 19: 12, 20: 1, 21: 8, 22: 6, 23: 24, 24: 26, 25: 11, 26: 25, 27: 5, 28: 13, 29: 2, 30: 9, 31: 10}
Executing gate at point (20, 21).
Best move: (24, 25)
Best move: (25, 26)
Best move: (26, 27)
Best move: (27, 28)
Best move: (28, 29)
Best move: (29, 30)
Best move: (2, 3)
Best move: (3, 4)
Best move: (30, 31)
Best move: (4, 5)
Best move: (9, 10)
Try bruteforce due to multiple steps (11) to solve one gate
Trying to solve brute-force congestion at gate [31, 5, 10] with {0: 19, 1: 17, 2: 28, 3: 20, 4: 36, 5: 7, 6: 27, 7: 15, 8: 18, 9: 26, 10: 32, 11: 29, 12: 16, 13: 34, 14: 14, 15: 0, 16: 2, 17: 30, 18: 3, 19: 12, 20: 1, 21: 8, 22: 6, 23: 31, 24: 25, 25: 11, 26: 24, 27: 4, 28: 13, 29: 5, 30: 10, 31: 9}
Trying to moving ion 10... to 8
Ion assignment after moving ion 10: {0: 19, 1: 17, 2: 28, 3: 20, 4: 36, 5: 7, 6: 27, 7: 15, 8: 18, 9: 26, 10: 32, 11: 29, 12: 16, 13: 34, 14: 14, 15: 0, 16: 2, 17: 30, 18: 3, 19: 12, 20: 1, 21: 9, 22: 6, 23: 31, 24: 25, 25: 11, 26: 24, 27: 4, 28: 13, 29: 5, 30: 8, 31: 10}
Clearing endpoint 15.........
Gate position gate updated to [ 8  5 31]--------------c
Trying to moving ion 5... to 9
Ion assignment after moving ion 5: {0: 19, 1: 17, 2: 28, 3: 20, 4: 36, 5: 6, 6: 27, 7: 34, 8: 18, 9: 26, 10: 35, 11: 29, 12: 16, 13: 23, 14: 15, 15: 0, 16: 2, 17: 30, 18: 3, 19: 13, 20: 1, 21: 10, 22: 5, 23: 31, 24: 25, 25: 12, 26: 24, 27: 4, 28: 14, 29: 9, 30: 8, 31: 11}
Clearing endpoint 15.........
Gate position gate updated to [ 8  9 31]--------------c
Trying to moving ion 31... to 10
Ion assignment after moving ion 31: {0: 19, 1: 17, 2: 28, 3: 20, 4: 35, 5: 6, 6: 27, 7: 7, 8: 18, 9: 26, 10: 23, 11: 29, 12: 16, 13: 22, 14: 32, 15: 0, 16: 2, 17: 30, 18: 3, 19: 14, 20: 1, 21: 11, 22: 5, 23: 10, 24: 25, 25: 13, 26: 24, 27: 4, 28: 15, 29: 9, 30: 8, 31: 12}
Executing gate at point (21, 23).
Trying to solve brute-force congestion at gate [5, 10, 12] with {0: 19, 1: 17, 2: 28, 3: 20, 4: 35, 5: 6, 6: 27, 7: 7, 8: 18, 9: 26, 10: 23, 11: 29, 12: 16, 13: 22, 14: 32, 15: 0, 16: 2, 17: 30, 18: 3, 19: 14, 20: 1, 21: 11, 22: 5, 23: 10, 24: 25, 25: 13, 26: 24, 27: 4, 28: 15, 29: 9, 30: 8, 31: 12}
Trying to moving ion 10... to 8
Ion assignment after moving ion 10: {0: 19, 1: 17, 2: 28, 3: 20, 4: 35, 5: 6, 6: 27, 7: 7, 8: 18, 9: 26, 10: 23, 11: 29, 12: 16, 13: 22, 14: 32, 15: 0, 16: 2, 17: 30, 18: 3, 19: 14, 20: 1, 21: 11, 22: 5, 23: 8, 24: 25, 25: 13, 26: 24, 27: 4, 28: 15, 29: 10, 30: 9, 31: 12}
Clearing endpoint 15.........
Gate position gate updated to [ 8 12  5]--------------c
Trying to moving ion 12... to 9
Ion assignment after moving ion 12: {0: 19, 1: 17, 2: 28, 3: 20, 4: 35, 5: 6, 6: 27, 7: 7, 8: 18, 9: 26, 10: 23, 11: 29, 12: 16, 13: 22, 14: 32, 15: 0, 16: 2, 17: 30, 18: 3, 19: 14, 20: 1, 21: 12, 22: 5, 23: 8, 24: 25, 25: 13, 26: 24, 27: 4, 28: 33, 29: 11, 30: 10, 31: 9}
Gate position gate updated to [8 9 5]--------------c
Trying to moving ion 5... to 10
Ion assignment after moving ion 5: {0: 19, 1: 17, 2: 28, 3: 20, 4: 35, 5: 5, 6: 27, 7: 6, 8: 18, 9: 26, 10: 23, 11: 29, 12: 16, 13: 22, 14: 36, 15: 0, 16: 2, 17: 30, 18: 3, 19: 15, 20: 1, 21: 13, 22: 10, 23: 8, 24: 25, 25: 14, 26: 24, 27: 4, 28: 34, 29: 12, 30: 11, 31: 9}
Executing gate at point (22, 22).
Trying to solve brute-force congestion at gate [17, 18, 13] with {0: 19, 1: 17, 2: 28, 3: 20, 4: 35, 5: 5, 6: 27, 7: 6, 8: 18, 9: 26, 10: 23, 11: 29, 12: 16, 13: 22, 14: 36, 15: 0, 16: 2, 17: 30, 18: 3, 19: 15, 20: 1, 21: 10, 22: 8, 23: 12, 24: 25, 25: 11, 26: 24, 27: 4, 28: 34, 29: 9, 30: 14, 31: 13}
Trying to moving ion 17... to 16
Ion assignment after moving ion 17: {0: 19, 1: 16, 2: 28, 3: 20, 4: 35, 5: 5, 6: 27, 7: 6, 8: 18, 9: 26, 10: 23, 11: 29, 12: 17, 13: 22, 14: 36, 15: 0, 16: 2, 17: 30, 18: 3, 19: 15, 20: 1, 21: 10, 22: 8, 23: 12, 24: 25, 25: 11, 26: 24, 27: 4, 28: 34, 29: 9, 30: 14, 31: 13}
Clearing endpoint 23.........
Gate position gate updated to [16 18 13]--------------c
Trying to moving ion 18... to 17
Ion assignment after moving ion 18: {0: 19, 1: 16, 2: 28, 3: 20, 4: 36, 5: 5, 6: 27, 7: 6, 8: 17, 9: 26, 10: 35, 11: 29, 12: 18, 13: 22, 14: 31, 15: 0, 16: 2, 17: 30, 18: 3, 19: 15, 20: 1, 21: 10, 22: 8, 23: 12, 24: 25, 25: 11, 26: 24, 27: 4, 28: 34, 29: 9, 30: 14, 31: 13}
Gate position gate updated to [16 17 13]--------------c
Trying to moving ion 13... to 18
Ion assignment after moving ion 13: {0: 20, 1: 16, 2: 28, 3: 21, 4: 34, 5: 5, 6: 27, 7: 6, 8: 17, 9: 26, 10: 36, 11: 29, 12: 19, 13: 23, 14: 31, 15: 0, 16: 2, 17: 30, 18: 3, 19: 14, 20: 1, 21: 10, 22: 8, 23: 12, 24: 25, 25: 11, 26: 24, 27: 4, 28: 32, 29: 9, 30: 13, 31: 18}
Trying to solve brute-force congestion at gate [12, 25, 24] with {0: 20, 1: 16, 2: 28, 3: 21, 4: 34, 5: 5, 6: 27, 7: 6, 8: 17, 9: 26, 10: 36, 11: 29, 12: 19, 13: 23, 14: 31, 15: 0, 16: 2, 17: 30, 18: 3, 19: 14, 20: 1, 21: 10, 22: 8, 23: 12, 24: 25, 25: 11, 26: 24, 27: 4, 28: 32, 29: 9, 30: 13, 31: 18}
Trying to moving ion 25... to 24
Ion assignment after moving ion 25: {0: 20, 1: 16, 2: 28, 3: 21, 4: 34, 5: 5, 6: 27, 7: 6, 8: 17, 9: 26, 10: 36, 11: 29, 12: 19, 13: 23, 14: 31, 15: 0, 16: 2, 17: 30, 18: 3, 19: 14, 20: 1, 21: 10, 22: 8, 23: 12, 24: 24, 25: 11, 26: 25, 27: 4, 28: 32, 29: 9, 30: 13, 31: 18}
Clearing endpoint 31.........
Gate position gate updated to [24 25 12]--------------c
Trying to moving ion 25... to 25
Ion assignment after moving ion 25: {0: 20, 1: 16, 2: 28, 3: 21, 4: 34, 5: 5, 6: 27, 7: 6, 8: 17, 9: 26, 10: 35, 11: 29, 12: 19, 13: 23, 14: 36, 15: 0, 16: 2, 17: 30, 18: 3, 19: 14, 20: 1, 21: 10, 22: 8, 23: 12, 24: 24, 25: 11, 26: 25, 27: 4, 28: 32, 29: 9, 30: 13, 31: 18}
Gate position gate updated to [24 25 12]--------------c
Trying to moving ion 12... to 26
Ion assignment after moving ion 12: {0: 20, 1: 16, 2: 29, 3: 21, 4: 32, 5: 5, 6: 28, 7: 6, 8: 17, 9: 27, 10: 23, 11: 30, 12: 19, 13: 22, 14: 35, 15: 0, 16: 2, 17: 31, 18: 3, 19: 13, 20: 1, 21: 10, 22: 8, 23: 26, 24: 24, 25: 11, 26: 25, 27: 4, 28: 7, 29: 9, 30: 12, 31: 18}
Trying to solve brute-force congestion at gate [0, 1, 12] with {0: 20, 1: 16, 2: 29, 3: 21, 4: 32, 5: 5, 6: 28, 7: 6, 8: 17, 9: 27, 10: 23, 11: 30, 12: 19, 13: 22, 14: 35, 15: 0, 16: 2, 17: 31, 18: 3, 19: 13, 20: 1, 21: 10, 22: 8, 23: 26, 24: 24, 25: 11, 26: 25, 27: 4, 28: 7, 29: 9, 30: 12, 31: 18}
Trying to moving ion 0... to 0
Ion assignment after moving ion 0: {0: 20, 1: 16, 2: 29, 3: 21, 4: 32, 5: 5, 6: 28, 7: 6, 8: 17, 9: 27, 10: 23, 11: 30, 12: 19, 13: 22, 14: 35, 15: 0, 16: 2, 17: 31, 18: 3, 19: 13, 20: 1, 21: 10, 22: 8, 23: 26, 24: 24, 25: 11, 26: 25, 27: 4, 28: 7, 29: 9, 30: 12, 31: 18}
Clearing endpoint 7.........
Gate position gate updated to [ 0  1 12]--------------c
Trying to moving ion 1... to 1
Ion assignment after moving ion 1: {0: 20, 1: 16, 2: 29, 3: 21, 4: 33, 5: 5, 6: 28, 7: 6, 8: 17, 9: 27, 10: 23, 11: 30, 12: 19, 13: 22, 14: 35, 15: 0, 16: 2, 17: 31, 18: 3, 19: 13, 20: 1, 21: 10, 22: 8, 23: 26, 24: 24, 25: 11, 26: 25, 27: 4, 28: 32, 29: 9, 30: 12, 31: 18}
Gate position gate updated to [ 0  1 12]--------------c
Trying to moving ion 12... to 2
Ion assignment after moving ion 12: {0: 20, 1: 16, 2: 29, 3: 21, 4: 36, 5: 6, 6: 28, 7: 7, 8: 17, 9: 27, 10: 23, 11: 30, 12: 19, 13: 22, 14: 35, 15: 0, 16: 3, 17: 31, 18: 4, 19: 12, 20: 1, 21: 10, 22: 8, 23: 26, 24: 24, 25: 11, 26: 25, 27: 5, 28: 34, 29: 9, 30: 2, 31: 18}
Trying to solve brute-force congestion at gate [10, 24, 11] with {0: 20, 1: 16, 2: 29, 3: 21, 4: 36, 5: 6, 6: 28, 7: 7, 8: 17, 9: 27, 10: 23, 11: 30, 12: 19, 13: 22, 14: 35, 15: 0, 16: 3, 17: 31, 18: 4, 19: 12, 20: 1, 21: 10, 22: 8, 23: 26, 24: 24, 25: 11, 26: 25, 27: 5, 28: 34, 29: 9, 30: 2, 31: 18}
Trying to moving ion 10... to 8
Ion assignment after moving ion 10: {0: 20, 1: 16, 2: 29, 3: 21, 4: 36, 5: 6, 6: 28, 7: 7, 8: 17, 9: 27, 10: 23, 11: 30, 12: 19, 13: 22, 14: 35, 15: 0, 16: 3, 17: 31, 18: 4, 19: 12, 20: 1, 21: 8, 22: 9, 23: 26, 24: 24, 25: 11, 26: 25, 27: 5, 28: 34, 29: 10, 30: 2, 31: 18}Input filename:  QAOA_wsq_32_compiled
Algorithm:  SHAPER
Trap type:  H
Trap capacity:  8
Num layout passes:  2
Gate type:  FM
Run index:  3
Creating a QCCD machine ...
QCCD physical machine:
### Traps ### 
Trap(id='trap_0', max_num_ions=8, initial_num_ions=0, executable=True, measureable=False)
Trap(id='trap_1', max_num_ions=8, initial_num_ions=0, executable=True, measureable=True)
Trap(id='trap_2', max_num_ions=8, initial_num_ions=0, executable=True, measureable=False)
Trap(id='trap_3', max_num_ions=8, initial_num_ions=0, executable=True, measureable=True)
### Junctions ### 
Junction(id='junction_0')
Junction(id='junction_1')
### Segments ### 
Segment(id='segment_0', left=Trap(id='trap_0', max_num_ions=8, initial_num_ions=0, executable=True, measureable=False), right=Junction(id='junction_0'))
Segment(id='segment_1', left=Trap(id='trap_1', max_num_ions=8, initial_num_ions=0, executable=True, measureable=True), right=Junction(id='junction_0'))
Segment(id='segment_2', left=Junction(id='junction_0'), right=Junction(id='junction_1'))
Segment(id='segment_3', left=Trap(id='trap_2', max_num_ions=8, initial_num_ions=0, executable=True, measureable=False), right=Junction(id='junction_1'))
Segment(id='segment_4', left=Trap(id='trap_3', max_num_ions=8, initial_num_ions=0, executable=True, measureable=True), right=Junction(id='junction_1'))
Finished creating the QCCD physical machine.
Position graph:  CouplingGraph({(32, 34), (3, 4), (26, 27), (15, 33), (35, 36), (12, 13), (21, 22), (22, 23), (7, 32), (8, 9), (17, 18), (27, 28), (25, 26), (13, 14), (32, 33), (18, 19), (4, 5), (5, 6), (14, 15), (0, 1), (9, 10), (1, 2), (10, 11), (34, 36), (19, 20), (28, 29), (6, 7), (24, 25), (33, 34), (20, 21), (29, 30), (23, 35), (31, 36), (34, 35), (2, 3), (11, 12), (30, 31), (16, 17)})
Initial ion assignment:  {0: 11, 1: 31, 2: 5, 3: 6, 4: 0, 5: 8, 6: 13, 7: 19, 8: 4, 9: 30, 10: 25, 11: 29, 12: 3, 13: 27, 14: 1, 15: 9, 16: 2, 17: 28, 18: 10, 19: 18, 20: 16, 21: 22, 22: 14, 23: 24, 24: 12, 25: 7, 26: 17, 27: 20, 28: 23, 29: 15, 30: 26, 31: 21}
Congestion rate:  0.75
Traceback (most recent call last):
  File "C:\Users\PC\Documents\GitHub\bqskit-shuttling\venv\Lib\site-packages\bqskit\compiler\compiler.py", line 439, in _send_recv
    return self._recv_handle_log_error()
           ^^^^^^^^^^^^^^^^^^^^^^^^^^^^^
  File "C:\Users\PC\Documents\GitHub\bqskit-shuttling\venv\Lib\site-packages\bqskit\compiler\compiler.py", line 467, in _recv_handle_log_error
    raise RuntimeError(payload)
RuntimeError: Traceback (most recent call last):
  File "C:\Users\PC\Documents\GitHub\bqskit-shuttling\venv\Lib\site-packages\bqskit\runtime\worker.py", line 462, in _try_step_next_ready_task
    future = task.step(self._get_desired_result(task))
             ^^^^^^^^^^^^^^^^^^^^^^^^^^^^^^^^^^^^^^^^^
  File "C:\Users\PC\Documents\GitHub\bqskit-shuttling\venv\Lib\site-packages\bqskit\runtime\task.py", line 115, in step
    to_return = self.coro.send(send_val)
                ^^^^^^^^^^^^^^^^^^^^^^^^
  File "C:\Users\PC\Documents\GitHub\bqskit-shuttling\venv\Lib\site-packages\bqskit\runtime\task.py", line 149, in run
    return await self.fnargs[0](*self.fnargs[1], **self.fnargs[2])
           ^^^^^^^^^^^^^^^^^^^^^^^^^^^^^^^^^^^^^^^^^^^^^^^^^^^^^^^
  File "C:\Users\PC\Documents\GitHub\bqskit-shuttling\venv\Lib\site-packages\bqskit\compiler\task.py", line 54, in run
    await self.workflow.run(self.circuit, self.data)
  File "C:\Users\PC\Documents\GitHub\bqskit-shuttling\venv\Lib\site-packages\bqskit\compiler\workflow.py", line 75, in run
    await pass_obj.run(circuit, data)
  File "C:\Users\PC\Documents\GitHub\bqskit-shuttling\bqskit\shuttling\qccd\mapping\layout\naive.py", line 79, in run
    self.backward_pass(circuit, pi, ion_assignment)
  File "C:\Users\PC\Documents\GitHub\bqskit-shuttling\bqskit\shuttling\qccd\QCCD_mapping.py", line 749, in backward_pass
    leading_moves += self._brute_force_congestion(circuit[list(F)[0]], D, pi, ion_assignment)
                     ^^^^^^^^^^^^^^^^^^^^^^^^^^^^^^^^^^^^^^^^^^^^^^^^^^^^^^^^^^^^^^^^^^^^^^^^
  File "C:\Users\PC\Documents\GitHub\bqskit-shuttling\bqskit\shuttling\qccd\QCCD_mapping.py", line 367, in _brute_force_congestion
    leading_moves += self._brute_force_move(
                     ^^^^^^^^^^^^^^^^^^^^^^^
  File "C:\Users\PC\Documents\GitHub\bqskit-shuttling\bqskit\shuttling\qccd\QCCD_mapping.py", line 480, in _brute_force_move
    leading_moves += self._resolve_congestion(ion_pos, path, blockage, ion_assignment, ion_pos, blockage)
                     ^^^^^^^^^^^^^^^^^^^^^^^^^^^^^^^^^^^^^^^^^^^^^^^^^^^^^^^^^^^^^^^^^^^^^^^^^^^^^^^^^^^^
  File "C:\Users\PC\Documents\GitHub\bqskit-shuttling\bqskit\shuttling\qccd\QCCD_mapping.py", line 620, in _resolve_congestion
    leading_moves += self._resolve_congestion(blockage, path, potential_blockage[choosen_idx],
                     ^^^^^^^^^^^^^^^^^^^^^^^^^^^^^^^^^^^^^^^^^^^^^^^^^^^^^^^^^^^^^^^^^^^^^^^^^
  File "C:\Users\PC\Documents\GitHub\bqskit-shuttling\bqskit\shuttling\qccd\QCCD_mapping.py", line 620, in _resolve_congestion
    leading_moves += self._resolve_congestion(blockage, path, potential_blockage[choosen_idx],
                     ^^^^^^^^^^^^^^^^^^^^^^^^^^^^^^^^^^^^^^^^^^^^^^^^^^^^^^^^^^^^^^^^^^^^^^^^^
  File "C:\Users\PC\Documents\GitHub\bqskit-shuttling\bqskit\shuttling\qccd\QCCD_mapping.py", line 620, in _resolve_congestion
    leading_moves += self._resolve_congestion(blockage, path, potential_blockage[choosen_idx],
                     ^^^^^^^^^^^^^^^^^^^^^^^^^^^^^^^^^^^^^^^^^^^^^^^^^^^^^^^^^^^^^^^^^^^^^^^^^
  [Previous line repeated 98 more times]
  File "C:\Users\PC\Documents\GitHub\bqskit-shuttling\bqskit\shuttling\qccd\QCCD_mapping.py", line 506, in _resolve_congestion
    raise ValueError("Too many repetitive call...")
ValueError: Too many repetitive call...


The above exception was the direct cause of the following exception:

Traceback (most recent call last):
  File "C:\Users\PC\Documents\GitHub\bqskit-shuttling\bqskit\shuttling\qccd\run.py", line 137, in <module>
    output_circuit, data = compiler.compile(target_unitary, workflow, request_data=True)
                           ^^^^^^^^^^^^^^^^^^^^^^^^^^^^^^^^^^^^^^^^^^^^^^^^^^^^^^^^^^^^^
  File "C:\Users\PC\Documents\GitHub\bqskit-shuttling\venv\Lib\site-packages\bqskit\compiler\compiler.py", line 397, in compile
    result = self.result(task_id)
             ^^^^^^^^^^^^^^^^^^^^
  File "C:\Users\PC\Documents\GitHub\bqskit-shuttling\venv\Lib\site-packages\bqskit\compiler\compiler.py", line 332, in result
    msg, payload = self._send_recv(RuntimeMessage.REQUEST, task_id)
                   ^^^^^^^^^^^^^^^^^^^^^^^^^^^^^^^^^^^^^^^^^^^^^^^^
  File "C:\Users\PC\Documents\GitHub\bqskit-shuttling\venv\Lib\site-packages\bqskit\compiler\compiler.py", line 444, in _send_recv
    raise RuntimeError('Server connection unexpectedly closed.') from e
RuntimeError: Server connection unexpectedly closed.
