Executing gate at point (0, 1).
Executing gate at point (0, 20).
Executing gate at point (0, 4).
Executing gate at point (0, 6).
Executing gate at point (0, 21).
Trying to solve brute-force congestion at gate [4, 10] with {0: 7, 1: 18, 2: 12, 3: 17, 4: 26, 5: 3, 6: 11, 7: 6, 8: 14, 9: 28, 10: 4, 11: 22, 12: 9, 13: 31, 14: 27, 15: 20, 16: 10, 17: 23, 18: 5, 19: 16, 20: 21, 21: 8, 22: 19, 23: 29, 24: 2, 25: 15, 26: 1, 27: 25, 28: 13, 29: 0, 30: 30, 31: 24}
Trying to moving ion 10... to 8
Ion assignment after moving ion 10: {0: 7, 1: 18, 2: 12, 3: 17, 4: 26, 5: 3, 6: 11, 7: 6, 8: 14, 9: 28, 10: 4, 11: 22, 12: 10, 13: 31, 14: 27, 15: 20, 16: 8, 17: 23, 18: 5, 19: 16, 20: 21, 21: 9, 22: 19, 23: 29, 24: 2, 25: 15, 26: 1, 27: 25, 28: 13, 29: 0, 30: 30, 31: 24}
Clearing endpoint 15.........
Gate position gate updated to [8 4]--------------c
Trying to moving ion 4... to 9
Ion assignment after moving ion 4: {0: 6, 1: 18, 2: 13, 3: 17, 4: 26, 5: 3, 6: 12, 7: 5, 8: 15, 9: 28, 10: 9, 11: 22, 12: 11, 13: 31, 14: 27, 15: 20, 16: 8, 17: 23, 18: 4, 19: 16, 20: 21, 21: 10, 22: 19, 23: 29, 24: 2, 25: 34, 26: 1, 27: 25, 28: 14, 29: 0, 30: 30, 31: 24}
Executing gate at point (0, 10).
Trying to solve brute-force congestion at gate [29, 1] with {0: 6, 1: 18, 2: 13, 3: 17, 4: 26, 5: 3, 6: 12, 7: 5, 8: 15, 9: 28, 10: 9, 11: 22, 12: 11, 13: 31, 14: 27, 15: 20, 16: 8, 17: 23, 18: 4, 19: 16, 20: 21, 21: 10, 22: 19, 23: 29, 24: 2, 25: 34, 26: 1, 27: 25, 28: 14, 29: 0, 30: 30, 31: 24}
Trying to moving ion 1... to 0
Ion assignment after moving ion 1: {0: 6, 1: 18, 2: 13, 3: 17, 4: 26, 5: 3, 6: 12, 7: 5, 8: 15, 9: 28, 10: 9, 11: 22, 12: 11, 13: 31, 14: 27, 15: 20, 16: 8, 17: 23, 18: 4, 19: 16, 20: 21, 21: 10, 22: 19, 23: 29, 24: 2, 25: 34, 26: 0, 27: 25, 28: 14, 29: 1, 30: 30, 31: 24}
Gate position gate updated to [ 0 29]--------------c
Trying to moving ion 29... to 1
Ion assignment after moving ion 29: {0: 7, 1: 18, 2: 13, 3: 17, 4: 26, 5: 4, 6: 12, 7: 6, 8: 15, 9: 28, 10: 9, 11: 22, 12: 11, 13: 30, 14: 27, 15: 20, 16: 8, 17: 23, 18: 5, 19: 16, 20: 21, 21: 10, 22: 19, 23: 1, 24: 3, 25: 33, 26: 0, 27: 25, 28: 14, 29: 2, 30: 29, 31: 24}
Executing gate at point (0, 23).
Trying to solve brute-force congestion at gate [7, 20] with {0: 7, 1: 18, 2: 13, 3: 17, 4: 26, 5: 4, 6: 12, 7: 6, 8: 15, 9: 28, 10: 9, 11: 22, 12: 11, 13: 30, 14: 27, 15: 20, 16: 8, 17: 23, 18: 5, 19: 16, 20: 21, 21: 10, 22: 19, 23: 1, 24: 3, 25: 33, 26: 0, 27: 25, 28: 14, 29: 2, 30: 29, 31: 24}
Trying to moving ion 20... to 16
Ion assignment after moving ion 20: {0: 7, 1: 19, 2: 13, 3: 18, 4: 26, 5: 4, 6: 12, 7: 6, 8: 15, 9: 28, 10: 9, 11: 22, 12: 11, 13: 30, 14: 27, 15: 16, 16: 8, 17: 23, 18: 5, 19: 17, 20: 21, 21: 10, 22: 20, 23: 1, 24: 3, 25: 33, 26: 0, 27: 25, 28: 14, 29: 2, 30: 29, 31: 24}
Clearing endpoint 23.........
Gate position gate updated to [16  7]--------------c
Trying to moving ion 7... to 17
Ion assignment after moving ion 7: {0: 17, 1: 20, 2: 13, 3: 19, 4: 26, 5: 4, 6: 12, 7: 6, 8: 15, 9: 28, 10: 9, 11: 23, 12: 11, 13: 30, 14: 27, 15: 16, 16: 8, 17: 36, 18: 5, 19: 18, 20: 22, 21: 10, 22: 21, 23: 1, 24: 3, 25: 33, 26: 0, 27: 25, 28: 14, 29: 2, 30: 29, 31: 24}
Executing gate at point (0, 0).
Best move: (23, 35)
Best move: (11, 12)
Best move: (28, 29)
Best move: (13, 14)
Best move: (12, 13)
Best move: (25, 26)
Best move: (19, 20)
Best move: (20, 21)
Best move: (21, 22)
Best move: (5, 6)
Best move: (18, 19)
Try bruteforce due to multiple steps (11) to solve one gate
Trying to solve brute-force congestion at gate [30, 19] with {0: 17, 1: 18, 2: 14, 3: 22, 4: 25, 5: 4, 6: 11, 7: 5, 8: 15, 9: 29, 10: 9, 11: 35, 12: 13, 13: 30, 14: 27, 15: 16, 16: 8, 17: 36, 18: 6, 19: 19, 20: 21, 21: 10, 22: 20, 23: 1, 24: 3, 25: 33, 26: 0, 27: 26, 28: 12, 29: 2, 30: 28, 31: 24}
Trying to moving ion 19... to 16
Ion assignment after moving ion 19: {0: 18, 1: 19, 2: 14, 3: 22, 4: 25, 5: 4, 6: 11, 7: 5, 8: 15, 9: 29, 10: 9, 11: 35, 12: 13, 13: 30, 14: 27, 15: 17, 16: 8, 17: 36, 18: 6, 19: 16, 20: 21, 21: 10, 22: 20, 23: 1, 24: 3, 25: 33, 26: 0, 27: 26, 28: 12, 29: 2, 30: 28, 31: 24}
Gate position gate updated to [16 30]--------------c
Trying to moving ion 30... to 17
Ion assignment after moving ion 30: {0: 19, 1: 20, 2: 14, 3: 23, 4: 25, 5: 4, 6: 11, 7: 5, 8: 15, 9: 29, 10: 9, 11: 34, 12: 13, 13: 17, 14: 27, 15: 18, 16: 8, 17: 32, 18: 6, 19: 16, 20: 22, 21: 10, 22: 21, 23: 1, 24: 3, 25: 33, 26: 0, 27: 26, 28: 12, 29: 2, 30: 28, 31: 24}
Executing gate at point (0, 13).
Best move: (23, 35)
Best move: (29, 30)
Best move: (28, 29)
Best move: (27, 28)
Best move: (26, 27)
Best move: (2, 3)
Best move: (28, 29)
Best move: (3, 4)
Best move: (3, 4)
Best move: (5, 6)
Best move: (35, 36)
Try bruteforce due to multiple steps (11) to solve one gate
Trying to solve brute-force congestion at gate [36, 6] with {0: 19, 1: 20, 2: 14, 3: 36, 4: 25, 5: 4, 6: 11, 7: 6, 8: 15, 9: 30, 10: 9, 11: 34, 12: 13, 13: 17, 14: 29, 15: 18, 16: 8, 17: 32, 18: 5, 19: 16, 20: 22, 21: 10, 22: 21, 23: 1, 24: 2, 25: 33, 26: 0, 27: 27, 28: 12, 29: 3, 30: 28, 31: 24}
Trying to moving ion 6... to 0
Ion assignment after moving ion 6: {0: 19, 1: 20, 2: 14, 3: 36, 4: 25, 5: 5, 6: 11, 7: 0, 8: 15, 9: 30, 10: 9, 11: 34, 12: 13, 13: 17, 14: 29, 15: 18, 16: 8, 17: 32, 18: 6, 19: 16, 20: 22, 21: 10, 22: 21, 23: 2, 24: 3, 25: 33, 26: 1, 27: 27, 28: 12, 29: 4, 30: 28, 31: 24}
Gate position gate updated to [ 0 36]--------------c
Trying to moving ion 36... to 1
Ion assignment after moving ion 36: {0: 19, 1: 20, 2: 14, 3: 1, 4: 25, 5: 6, 6: 11, 7: 0, 8: 15, 9: 30, 10: 9, 11: 35, 12: 13, 13: 17, 14: 29, 15: 18, 16: 8, 17: 33, 18: 7, 19: 16, 20: 22, 21: 10, 22: 21, 23: 3, 24: 4, 25: 34, 26: 2, 27: 27, 28: 12, 29: 5, 30: 28, 31: 24}
Executing gate at point (0, 3).
Best move: (7, 32)
Best move: (4, 5)
Best move: (4, 5)
Best move: (13, 14)
Best move: (14, 15)
Best move: (29, 30)
Best move: (29, 30)
Best move: (29, 30)
Try bruteforce due to repeated pattern...
Trying to solve brute-force congestion at gate [15, 30] with {0: 19, 1: 20, 2: 13, 3: 1, 4: 25, 5: 6, 6: 11, 7: 0, 8: 14, 9: 29, 10: 9, 11: 35, 12: 15, 13: 17, 14: 30, 15: 18, 16: 8, 17: 33, 18: 32, 19: 16, 20: 22, 21: 10, 22: 21, 23: 3, 24: 4, 25: 34, 26: 2, 27: 27, 28: 12, 29: 5, 30: 28, 31: 24}
Trying to moving ion 30... to 24
Ion assignment after moving ion 30: {0: 19, 1: 20, 2: 13, 3: 1, 4: 26, 5: 6, 6: 11, 7: 0, 8: 14, 9: 30, 10: 9, 11: 35, 12: 15, 13: 17, 14: 24, 15: 18, 16: 8, 17: 33, 18: 32, 19: 16, 20: 22, 21: 10, 22: 21, 23: 3, 24: 4, 25: 34, 26: 2, 27: 28, 28: 12, 29: 5, 30: 29, 31: 25}
Gate position gate updated to [24 15]--------------c
Trying to moving ion 15... to 25
Ion assignment after moving ion 15: {0: 19, 1: 20, 2: 13, 3: 1, 4: 27, 5: 6, 6: 11, 7: 0, 8: 14, 9: 31, 10: 9, 11: 23, 12: 25, 13: 17, 14: 24, 15: 18, 16: 8, 17: 32, 18: 7, 19: 16, 20: 22, 21: 10, 22: 21, 23: 3, 24: 4, 25: 35, 26: 2, 27: 29, 28: 12, 29: 5, 30: 30, 31: 26}
Executing gate at point (0, 12).
Best move: (31, 36)
Best move: (28, 29)
Best move: (29, 30)
Best move: (34, 36)
Best move: (33, 34)
Best move: (4, 5)
Best move: (4, 5)
Best move: (4, 5)
Best move: (5, 6)
Best move: (6, 7)
Best move: (13, 14)
Try bruteforce due to multiple steps (11) to solve one gate
Trying to solve brute-force congestion at gate [14, 7] with {0: 19, 1: 20, 2: 14, 3: 1, 4: 27, 5: 5, 6: 11, 7: 0, 8: 13, 9: 33, 10: 9, 11: 23, 12: 25, 13: 17, 14: 24, 15: 18, 16: 8, 17: 32, 18: 6, 19: 16, 20: 22, 21: 10, 22: 21, 23: 3, 24: 7, 25: 35, 26: 2, 27: 28, 28: 12, 29: 4, 30: 29, 31: 26}
Trying to moving ion 14... to 8
Ion assignment after moving ion 14: {0: 19, 1: 20, 2: 8, 3: 1, 4: 27, 5: 5, 6: 12, 7: 0, 8: 14, 9: 33, 10: 10, 11: 23, 12: 25, 13: 17, 14: 24, 15: 18, 16: 9, 17: 32, 18: 6, 19: 16, 20: 22, 21: 11, 22: 21, 23: 3, 24: 7, 25: 35, 26: 2, 27: 28, 28: 13, 29: 4, 30: 29, 31: 26}
Gate position gate updated to [8 7]--------------c
Trying to moving ion 7... to 9
Ion assignment after moving ion 7: {0: 19, 1: 20, 2: 8, 3: 1, 4: 27, 5: 5, 6: 13, 7: 0, 8: 15, 9: 34, 10: 11, 11: 23, 12: 25, 13: 17, 14: 24, 15: 18, 16: 10, 17: 36, 18: 6, 19: 16, 20: 22, 21: 12, 22: 21, 23: 3, 24: 9, 25: 35, 26: 2, 27: 28, 28: 14, 29: 4, 30: 29, 31: 26}Input filename:  QuantumVolume_wsq_32
Algorithm:  SHAPER
Trap type:  H
Trap capacity:  8
Num layout passes:  2
Gate type:  FM
Run index:  1
Creating a QCCD machine ...
QCCD physical machine:
### Traps ### 
Trap(id='trap_0', max_num_ions=8, initial_num_ions=0, executable=True, measureable=False)
Trap(id='trap_1', max_num_ions=8, initial_num_ions=0, executable=True, measureable=True)
Trap(id='trap_2', max_num_ions=8, initial_num_ions=0, executable=True, measureable=False)
Trap(id='trap_3', max_num_ions=8, initial_num_ions=0, executable=True, measureable=True)
### Junctions ### 
Junction(id='junction_0')
Junction(id='junction_1')
### Segments ### 
Segment(id='segment_0', left=Trap(id='trap_0', max_num_ions=8, initial_num_ions=0, executable=True, measureable=False), right=Junction(id='junction_0'))
Segment(id='segment_1', left=Trap(id='trap_1', max_num_ions=8, initial_num_ions=0, executable=True, measureable=True), right=Junction(id='junction_0'))
Segment(id='segment_2', left=Junction(id='junction_0'), right=Junction(id='junction_1'))
Segment(id='segment_3', left=Trap(id='trap_2', max_num_ions=8, initial_num_ions=0, executable=True, measureable=False), right=Junction(id='junction_1'))
Segment(id='segment_4', left=Trap(id='trap_3', max_num_ions=8, initial_num_ions=0, executable=True, measureable=True), right=Junction(id='junction_1'))
Finished creating the QCCD physical machine.
Position graph:  CouplingGraph({(32, 34), (3, 4), (26, 27), (15, 33), (35, 36), (12, 13), (21, 22), (22, 23), (7, 32), (8, 9), (17, 18), (27, 28), (25, 26), (13, 14), (32, 33), (18, 19), (4, 5), (5, 6), (14, 15), (0, 1), (9, 10), (1, 2), (10, 11), (34, 36), (19, 20), (28, 29), (6, 7), (24, 25), (33, 34), (20, 21), (29, 30), (23, 35), (31, 36), (34, 35), (2, 3), (11, 12), (30, 31), (16, 17)})
Initial ion assignment:  {0: 7, 1: 18, 2: 12, 3: 17, 4: 26, 5: 3, 6: 11, 7: 6, 8: 14, 9: 28, 10: 4, 11: 22, 12: 9, 13: 31, 14: 27, 15: 20, 16: 10, 17: 23, 18: 5, 19: 16, 20: 21, 21: 8, 22: 19, 23: 29, 24: 2, 25: 15, 26: 1, 27: 25, 28: 13, 29: 0, 30: 30, 31: 24}
Congestion rate:  0.75
Traceback (most recent call last):
  File "C:\Users\PC\Documents\GitHub\bqskit-shuttling\bqskit\shuttling\qccd\run.py", line 150, in <module>
    runtime, sp = schedule_QCCD(data["instruction_list"],
                  ^^^^^^^^^^^^^^^^^^^^^^^^^^^^^^^^^^^^^^^
  File "C:\Users\PC\Documents\GitHub\bqskit-shuttling\bqskit\shuttling\qccd\QCCD_schedule.py", line 206, in schedule_QCCD
    return runtime, shuttling_time/(shuttling_time+execution_time)
                    ~~~~~~~~~~~~~~^^~~~~~~~~~~~~~~~~~~~~~~~~~~~~~~
ZeroDivisionError: float division by zero
