Executing gate at point (0, 0).
Executing gate at point (0, 5).
Executing gate at point (0, 14).
Executing gate at point (1, 5).
Executing gate at point (1, 14).
Executing gate at point (1, 0).
Executing gate at point (2, 5).
Executing gate at point (2, 14).
Executing gate at point (2, 0).
Trying to solve brute-force congestion at gate [0, 28] with {0: 20, 1: 7, 2: 16, 3: 6, 4: 27, 5: 19, 6: 30, 7: 17, 8: 24, 9: 23, 10: 0, 11: 8, 12: 31, 13: 11, 14: 25, 15: 21, 16: 28, 17: 10, 18: 1, 19: 5, 20: 15, 21: 26, 22: 22, 23: 2, 24: 3, 25: 14, 26: 13, 27: 29, 28: 18, 29: 4, 30: 9, 31: 12}
Trying to moving ion 0... to 0
Ion assignment after moving ion 0: {0: 20, 1: 7, 2: 16, 3: 6, 4: 27, 5: 19, 6: 30, 7: 17, 8: 24, 9: 23, 10: 0, 11: 8, 12: 31, 13: 11, 14: 25, 15: 21, 16: 28, 17: 10, 18: 1, 19: 5, 20: 15, 21: 26, 22: 22, 23: 2, 24: 3, 25: 14, 26: 13, 27: 29, 28: 18, 29: 4, 30: 9, 31: 12}
Clearing endpoint 7.........
Gate position gate updated to [ 0 28]--------------c
Trying to moving ion 28... to 1
Ion assignment after moving ion 28: {0: 20, 1: 33, 2: 16, 3: 7, 4: 27, 5: 19, 6: 29, 7: 17, 8: 24, 9: 23, 10: 0, 11: 8, 12: 30, 13: 11, 14: 25, 15: 21, 16: 1, 17: 10, 18: 2, 19: 6, 20: 15, 21: 26, 22: 22, 23: 3, 24: 4, 25: 14, 26: 13, 27: 28, 28: 18, 29: 5, 30: 9, 31: 12}
Executing gate at point (0, 10).
Executing gate at point (1, 10).
Executing gate at point (2, 10).
Trying to solve brute-force congestion at gate [13, 3] with {0: 20, 1: 33, 2: 16, 3: 7, 4: 27, 5: 19, 6: 29, 7: 17, 8: 24, 9: 23, 10: 0, 11: 8, 12: 30, 13: 11, 14: 25, 15: 21, 16: 1, 17: 10, 18: 2, 19: 6, 20: 15, 21: 26, 22: 22, 23: 3, 24: 4, 25: 14, 26: 13, 27: 28, 28: 18, 29: 5, 30: 9, 31: 12}
Trying to moving ion 3... to 0
Ion assignment after moving ion 3: {0: 20, 1: 33, 2: 16, 3: 7, 4: 27, 5: 19, 6: 29, 7: 17, 8: 24, 9: 23, 10: 1, 11: 8, 12: 30, 13: 11, 14: 25, 15: 21, 16: 2, 17: 10, 18: 3, 19: 6, 20: 15, 21: 26, 22: 22, 23: 0, 24: 4, 25: 14, 26: 13, 27: 28, 28: 18, 29: 5, 30: 9, 31: 12}
Clearing endpoint 7.........
Gate position gate updated to [ 0 13]--------------c
Trying to moving ion 13... to 1
Ion assignment after moving ion 13: {0: 20, 1: 36, 2: 16, 3: 34, 4: 27, 5: 19, 6: 29, 7: 17, 8: 24, 9: 23, 10: 2, 11: 8, 12: 30, 13: 11, 14: 25, 15: 21, 16: 3, 17: 10, 18: 4, 19: 7, 20: 14, 21: 26, 22: 22, 23: 0, 24: 5, 25: 13, 26: 1, 27: 28, 28: 18, 29: 6, 30: 9, 31: 12}
Executing gate at point (0, 26).
Executing gate at point (1, 26).
Executing gate at point (2, 26).
Trying to solve brute-force congestion at gate [11, 7] with {0: 20, 1: 36, 2: 16, 3: 34, 4: 27, 5: 19, 6: 29, 7: 17, 8: 24, 9: 23, 10: 2, 11: 8, 12: 30, 13: 11, 14: 25, 15: 21, 16: 3, 17: 10, 18: 4, 19: 7, 20: 14, 21: 26, 22: 22, 23: 0, 24: 5, 25: 13, 26: 1, 27: 28, 28: 18, 29: 6, 30: 9, 31: 12}
Trying to moving ion 11... to 8
Ion assignment after moving ion 11: {0: 20, 1: 36, 2: 16, 3: 34, 4: 27, 5: 19, 6: 29, 7: 17, 8: 24, 9: 23, 10: 2, 11: 9, 12: 30, 13: 8, 14: 25, 15: 21, 16: 3, 17: 11, 18: 4, 19: 7, 20: 14, 21: 26, 22: 22, 23: 0, 24: 5, 25: 13, 26: 1, 27: 28, 28: 18, 29: 6, 30: 10, 31: 12}
Gate position gate updated to [8 7]--------------c
Trying to moving ion 7... to 9
Ion assignment after moving ion 7: {0: 20, 1: 36, 2: 16, 3: 34, 4: 27, 5: 19, 6: 29, 7: 17, 8: 24, 9: 23, 10: 2, 11: 10, 12: 30, 13: 8, 14: 25, 15: 21, 16: 3, 17: 12, 18: 4, 19: 9, 20: 15, 21: 26, 22: 22, 23: 0, 24: 5, 25: 14, 26: 1, 27: 28, 28: 18, 29: 6, 30: 11, 31: 13}
Executing gate at point (0, 13).
Executing gate at point (1, 13).
Executing gate at point (2, 13).
Trying to solve brute-force congestion at gate [34, 17] with {0: 20, 1: 36, 2: 16, 3: 34, 4: 27, 5: 19, 6: 29, 7: 17, 8: 24, 9: 23, 10: 2, 11: 10, 12: 30, 13: 8, 14: 25, 15: 21, 16: 3, 17: 12, 18: 4, 19: 9, 20: 15, 21: 26, 22: 22, 23: 0, 24: 5, 25: 14, 26: 1, 27: 28, 28: 18, 29: 6, 30: 11, 31: 13}
Trying to moving ion 17... to 16
Ion assignment after moving ion 17: {0: 20, 1: 36, 2: 17, 3: 34, 4: 27, 5: 19, 6: 29, 7: 16, 8: 24, 9: 23, 10: 2, 11: 10, 12: 30, 13: 8, 14: 25, 15: 21, 16: 3, 17: 12, 18: 4, 19: 9, 20: 15, 21: 26, 22: 22, 23: 0, 24: 5, 25: 14, 26: 1, 27: 28, 28: 18, 29: 6, 30: 11, 31: 13}
Clearing endpoint 23.........
Gate position gate updated to [16 34]--------------c
Trying to moving ion 34... to 17
Ion assignment after moving ion 34: {0: 21, 1: 31, 2: 18, 3: 17, 4: 27, 5: 20, 6: 29, 7: 16, 8: 24, 9: 36, 10: 2, 11: 10, 12: 30, 13: 8, 14: 25, 15: 22, 16: 3, 17: 12, 18: 4, 19: 9, 20: 15, 21: 26, 22: 23, 23: 0, 24: 5, 25: 14, 26: 1, 27: 28, 28: 19, 29: 6, 30: 11, 31: 13}
Executing gate at point (0, 3).
Executing gate at point (1, 3).
Executing gate at point (2, 3).
Trying to solve brute-force congestion at gate [23, 15] with {0: 21, 1: 31, 2: 18, 3: 17, 4: 27, 5: 20, 6: 29, 7: 16, 8: 24, 9: 36, 10: 2, 11: 10, 12: 30, 13: 8, 14: 25, 15: 22, 16: 3, 17: 12, 18: 4, 19: 9, 20: 15, 21: 26, 22: 23, 23: 0, 24: 5, 25: 14, 26: 1, 27: 28, 28: 19, 29: 6, 30: 11, 31: 13}
Trying to moving ion 15... to 8
Ion assignment after moving ion 15: {0: 21, 1: 31, 2: 18, 3: 17, 4: 27, 5: 20, 6: 29, 7: 16, 8: 24, 9: 36, 10: 2, 11: 11, 12: 30, 13: 9, 14: 25, 15: 22, 16: 3, 17: 13, 18: 4, 19: 10, 20: 8, 21: 26, 22: 23, 23: 0, 24: 5, 25: 15, 26: 1, 27: 28, 28: 19, 29: 6, 30: 12, 31: 14}
Clearing endpoint 15.........
Gate position gate updated to [ 8 23]--------------c
Trying to moving ion 23... to 9
Ion assignment after moving ion 23: {0: 21, 1: 31, 2: 18, 3: 17, 4: 27, 5: 20, 6: 29, 7: 16, 8: 24, 9: 36, 10: 2, 11: 12, 12: 30, 13: 10, 14: 25, 15: 22, 16: 3, 17: 14, 18: 4, 19: 11, 20: 8, 21: 26, 22: 9, 23: 0, 24: 5, 25: 32, 26: 1, 27: 28, 28: 19, 29: 6, 30: 13, 31: 15}
Executing gate at point (0, 22).
Executing gate at point (1, 22).
Executing gate at point (2, 22).
Trying to solve brute-force congestion at gate [29, 19] with {0: 21, 1: 31, 2: 18, 3: 17, 4: 27, 5: 20, 6: 29, 7: 16, 8: 24, 9: 36, 10: 2, 11: 12, 12: 30, 13: 10, 14: 25, 15: 22, 16: 3, 17: 14, 18: 4, 19: 11, 20: 8, 21: 26, 22: 9, 23: 0, 24: 5, 25: 32, 26: 1, 27: 28, 28: 19, 29: 6, 30: 13, 31: 15}
Trying to moving ion 19... to 16
Ion assignment after moving ion 19: {0: 21, 1: 31, 2: 19, 3: 18, 4: 27, 5: 20, 6: 29, 7: 17, 8: 24, 9: 36, 10: 2, 11: 12, 12: 30, 13: 10, 14: 25, 15: 22, 16: 3, 17: 14, 18: 4, 19: 11, 20: 8, 21: 26, 22: 9, 23: 0, 24: 5, 25: 32, 26: 1, 27: 28, 28: 16, 29: 6, 30: 13, 31: 15}
Gate position gate updated to [16 29]--------------c
Trying to moving ion 29... to 17
Ion assignment after moving ion 29: {0: 22, 1: 30, 2: 20, 3: 19, 4: 27, 5: 21, 6: 17, 7: 18, 8: 24, 9: 34, 10: 2, 11: 12, 12: 29, 13: 10, 14: 25, 15: 23, 16: 3, 17: 14, 18: 4, 19: 11, 20: 8, 21: 26, 22: 9, 23: 0, 24: 5, 25: 32, 26: 1, 27: 28, 28: 16, 29: 6, 30: 13, 31: 15}
Executing gate at point (0, 6).
Executing gate at point (1, 6).
Executing gate at point (2, 6).
Best move: (15, 33)
Best move: (20, 21)
Best move: (28, 29)
Best move: (21, 22)
Best move: (13, 14)
Best move: (22, 23)
Best move: (23, 35)
Best move: (29, 30)
Best move: (24, 25)
Best move: (27, 28)
Best move: (26, 27)
Try bruteforce due to multiple steps (11) to solve one gate
Trying to solve brute-force congestion at gate [33, 28] with {0: 21, 1: 29, 2: 35, 3: 19, 4: 28, 5: 20, 6: 17, 7: 18, 8: 25, 9: 34, 10: 2, 11: 12, 12: 26, 13: 10, 14: 24, 15: 22, 16: 3, 17: 13, 18: 4, 19: 11, 20: 8, 21: 27, 22: 9, 23: 0, 24: 5, 25: 32, 26: 1, 27: 30, 28: 16, 29: 6, 30: 14, 31: 33}
Trying to moving ion 28... to 24
Ion assignment after moving ion 28: {0: 21, 1: 29, 2: 35, 3: 19, 4: 24, 5: 20, 6: 17, 7: 18, 8: 26, 9: 34, 10: 2, 11: 12, 12: 27, 13: 10, 14: 25, 15: 22, 16: 3, 17: 13, 18: 4, 19: 11, 20: 8, 21: 28, 22: 9, 23: 0, 24: 5, 25: 32, 26: 1, 27: 30, 28: 16, 29: 6, 30: 14, 31: 33}
Gate position gate updated to [24 33]--------------c
Trying to moving ion 33... to 25
Ion assignment after moving ion 33: {0: 21, 1: 30, 2: 23, 3: 19, 4: 24, 5: 20, 6: 17, 7: 18, 8: 27, 9: 35, 10: 2, 11: 12, 12: 28, 13: 10, 14: 26, 15: 22, 16: 3, 17: 13, 18: 4, 19: 11, 20: 8, 21: 29, 22: 9, 23: 0, 24: 5, 25: 32, 26: 1, 27: 31, 28: 16, 29: 6, 30: 14, 31: 25}
Executing gate at point (0, 31).
Executing gate at point (1, 31).
Executing gate at point (2, 31).Input filename:  QuantumVolume_wsq_32
Algorithm:  SHAW
Trap type:  H
Trap capacity:  8
Num layout passes:  2
Gate type:  FM
Run index:  1
Creating a QCCD machine ...
QCCD physical machine:
### Traps ### 
Trap(id='trap_0', max_num_ions=8, initial_num_ions=0, executable=True, measureable=False)
Trap(id='trap_1', max_num_ions=8, initial_num_ions=0, executable=True, measureable=True)
Trap(id='trap_2', max_num_ions=8, initial_num_ions=0, executable=True, measureable=False)
Trap(id='trap_3', max_num_ions=8, initial_num_ions=0, executable=True, measureable=True)
### Junctions ### 
Junction(id='junction_0')
Junction(id='junction_1')
### Segments ### 
Segment(id='segment_0', left=Trap(id='trap_0', max_num_ions=8, initial_num_ions=0, executable=True, measureable=False), right=Junction(id='junction_0'))
Segment(id='segment_1', left=Trap(id='trap_1', max_num_ions=8, initial_num_ions=0, executable=True, measureable=True), right=Junction(id='junction_0'))
Segment(id='segment_2', left=Junction(id='junction_0'), right=Junction(id='junction_1'))
Segment(id='segment_3', left=Trap(id='trap_2', max_num_ions=8, initial_num_ions=0, executable=True, measureable=False), right=Junction(id='junction_1'))
Segment(id='segment_4', left=Trap(id='trap_3', max_num_ions=8, initial_num_ions=0, executable=True, measureable=True), right=Junction(id='junction_1'))
Finished creating the QCCD physical machine.
Position graph:  CouplingGraph({(32, 34), (3, 4), (26, 27), (15, 33), (35, 36), (12, 13), (21, 22), (22, 23), (7, 32), (8, 9), (17, 18), (27, 28), (25, 26), (13, 14), (32, 33), (18, 19), (4, 5), (5, 6), (14, 15), (0, 1), (9, 10), (1, 2), (10, 11), (34, 36), (19, 20), (28, 29), (6, 7), (24, 25), (33, 34), (20, 21), (29, 30), (23, 35), (31, 36), (34, 35), (2, 3), (11, 12), (30, 31), (16, 17)})
Initial ion assignment:  {0: 20, 1: 7, 2: 16, 3: 6, 4: 27, 5: 19, 6: 30, 7: 17, 8: 24, 9: 23, 10: 0, 11: 8, 12: 31, 13: 11, 14: 25, 15: 21, 16: 28, 17: 10, 18: 1, 19: 5, 20: 15, 21: 26, 22: 22, 23: 2, 24: 3, 25: 14, 26: 13, 27: 29, 28: 18, 29: 4, 30: 9, 31: 12}
Congestion rate:  0.75
Traceback (most recent call last):
  File "C:\Users\PC\Documents\GitHub\bqskit-shuttling\bqskit\shuttling\qccd\run.py", line 150, in <module>
    runtime, sp = schedule_QCCD(data["instruction_list"],
                  ^^^^^^^^^^^^^^^^^^^^^^^^^^^^^^^^^^^^^^^
  File "C:\Users\PC\Documents\GitHub\bqskit-shuttling\bqskit\shuttling\qccd\QCCD_schedule.py", line 206, in schedule_QCCD
    return runtime, shuttling_time/(shuttling_time+execution_time)
                    ~~~~~~~~~~~~~~^^~~~~~~~~~~~~~~~~~~~~~~~~~~~~~~
ZeroDivisionError: float division by zero
