Executing gate at point (0, 10).
Executing gate at point (0, 3).
Executing gate at point (0, 21).
Executing gate at point (0, 18).
Best move: (35, 40)
Best move: (13, 14)
Best move: (31, 32)
Best move: (22, 23)
Best move: (39, 40)
Best move: (6, 7)
Best move: (5, 6)
Best move: (4, 5)
Best move: (3, 4)
Best move: (2, 3)
Best move: (14, 15)
Best move: (7, 8)
Try bruteforce due to multiple steps (12) to solve one gate
Trying to solve brute-force congestion at gate [6, 14] with {0: 5, 1: 6, 2: 24, 3: 11, 4: 4, 5: 25, 6: 21, 7: 10, 8: 32, 9: 9, 10: 7, 11: 3, 12: 12, 13: 39, 14: 23, 15: 29, 16: 2, 17: 14, 18: 28, 19: 20, 20: 13, 21: 1, 22: 8, 23: 30, 24: 31, 25: 0, 26: 15, 27: 34, 28: 16, 29: 22, 30: 19, 31: 27}
Trying to moving ion 14... to 9
Ion assignment after moving ion 14: {0: 5, 1: 6, 2: 24, 3: 12, 4: 4, 5: 25, 6: 21, 7: 11, 8: 32, 9: 10, 10: 7, 11: 3, 12: 13, 13: 39, 14: 23, 15: 29, 16: 2, 17: 9, 18: 28, 19: 20, 20: 14, 21: 1, 22: 8, 23: 30, 24: 31, 25: 0, 26: 15, 27: 34, 28: 16, 29: 22, 30: 19, 31: 27}
Gate position gate updated to [9 6]--------------c
Trying to moving ion 6... to 10
Ion assignment after moving ion 6: {0: 5, 1: 10, 2: 24, 3: 13, 4: 4, 5: 25, 6: 21, 7: 12, 8: 32, 9: 11, 10: 6, 11: 3, 12: 14, 13: 39, 14: 23, 15: 29, 16: 2, 17: 9, 18: 28, 19: 20, 20: 15, 21: 1, 22: 7, 23: 30, 24: 31, 25: 0, 26: 16, 27: 34, 28: 17, 29: 22, 30: 19, 31: 27}
Executing gate at point (0, 1).
Best move: (17, 37)
Best move: (22, 23)
Best move: (5, 6)
Best move: (4, 5)
Best move: (14, 15)
Best move: (32, 33)
Best move: (33, 34)
Best move: (37, 38)
Best move: (38, 40)
Best move: (3, 4)
Best move: (27, 28)
Best move: (7, 8)
Try bruteforce due to multiple steps (12) to solve one gate
Trying to solve brute-force congestion at gate [30, 16] with {0: 6, 1: 10, 2: 24, 3: 13, 4: 5, 5: 25, 6: 21, 7: 12, 8: 34, 9: 11, 10: 3, 11: 4, 12: 15, 13: 39, 14: 22, 15: 29, 16: 2, 17: 9, 18: 27, 19: 20, 20: 14, 21: 1, 22: 8, 23: 30, 24: 31, 25: 0, 26: 16, 27: 33, 28: 40, 29: 23, 30: 19, 31: 28}
Trying to moving ion 30... to 27
Ion assignment after moving ion 30: {0: 6, 1: 10, 2: 24, 3: 13, 4: 5, 5: 25, 6: 21, 7: 12, 8: 34, 9: 11, 10: 3, 11: 4, 12: 15, 13: 39, 14: 22, 15: 30, 16: 2, 17: 9, 18: 28, 19: 20, 20: 14, 21: 1, 22: 8, 23: 27, 24: 31, 25: 0, 26: 16, 27: 33, 28: 40, 29: 23, 30: 19, 31: 29}
Gate position gate updated to [27 16]--------------c
Trying to moving ion 16... to 28
Ion assignment after moving ion 16: {0: 6, 1: 10, 2: 24, 3: 13, 4: 5, 5: 25, 6: 21, 7: 12, 8: 35, 9: 11, 10: 3, 11: 4, 12: 15, 13: 26, 14: 22, 15: 31, 16: 2, 17: 9, 18: 29, 19: 20, 20: 14, 21: 1, 22: 8, 23: 27, 24: 32, 25: 0, 26: 28, 27: 34, 28: 39, 29: 23, 30: 19, 31: 30}
Executing gate at point (0, 23).
Executing gate at point (0, 13).
Best move: (35, 40)
Best move: (18, 19)
Best move: (25, 26)
Best move: (24, 25)
Best move: (23, 24)
Best move: (22, 23)
Best move: (8, 36)
Best move: (36, 37)
Best move: (17, 37)
Executing gate at point (0, 20).
Best move: (6, 7)
Best move: (5, 6)
Best move: (4, 5)
Best move: (11, 12)
Best move: (12, 13)
Best move: (13, 14)
Best move: (32, 33)
Best move: (33, 34)
Best move: (21, 22)
Best move: (31, 32)
Best move: (32, 33)
Best move: (30, 31)
Try bruteforce due to multiple steps (12) to solve one gate
Trying to solve brute-force congestion at gate [6, 31] with {0: 7, 1: 10, 2: 25, 3: 12, 4: 6, 5: 26, 6: 22, 7: 11, 8: 40, 9: 14, 10: 3, 11: 5, 12: 15, 13: 21, 14: 23, 15: 33, 16: 2, 17: 9, 18: 29, 19: 20, 20: 13, 21: 1, 22: 17, 23: 27, 24: 34, 25: 0, 26: 28, 27: 32, 28: 39, 29: 24, 30: 18, 31: 31}
Trying to moving ion 31... to 27
Ion assignment after moving ion 31: {0: 7, 1: 10, 2: 25, 3: 12, 4: 6, 5: 26, 6: 22, 7: 11, 8: 40, 9: 14, 10: 3, 11: 5, 12: 15, 13: 21, 14: 23, 15: 33, 16: 2, 17: 9, 18: 30, 19: 20, 20: 13, 21: 1, 22: 17, 23: 28, 24: 34, 25: 0, 26: 29, 27: 32, 28: 39, 29: 24, 30: 18, 31: 27}
Gate position gate updated to [27  6]--------------c
Trying to moving ion 6... to 28
Ion assignment after moving ion 6: {0: 6, 1: 10, 2: 24, 3: 12, 4: 28, 5: 25, 6: 21, 7: 11, 8: 39, 9: 14, 10: 3, 11: 5, 12: 15, 13: 20, 14: 22, 15: 34, 16: 2, 17: 9, 18: 31, 19: 19, 20: 13, 21: 1, 22: 17, 23: 29, 24: 35, 25: 0, 26: 30, 27: 33, 28: 26, 29: 23, 30: 18, 31: 27}
Executing gate at point (0, 4).
Executing gate at point (0, 6).
Best move: (18, 19)
Best move: (19, 20)
Best move: (20, 21)
Best move: (39, 40)
Best move: (25, 26)
Best move: (26, 39)
Best move: (38, 39)
Best move: (37, 38)
Best move: (5, 6)
Best move: (39, 40)
Best move: (35, 40)
Best move: (34, 35)
Try bruteforce due to multiple steps (12) to solve one gate
Trying to solve brute-force congestion at gate [5, 35] with {0: 5, 1: 10, 2: 24, 3: 12, 4: 28, 5: 37, 6: 20, 7: 11, 8: 39, 9: 14, 10: 3, 11: 6, 12: 15, 13: 19, 14: 22, 15: 35, 16: 2, 17: 9, 18: 31, 19: 18, 20: 13, 21: 1, 22: 17, 23: 29, 24: 40, 25: 0, 26: 30, 27: 33, 28: 25, 29: 23, 30: 21, 31: 27}
Trying to moving ion 5... to 0
Ion assignment after moving ion 5: {0: 0, 1: 10, 2: 24, 3: 12, 4: 28, 5: 37, 6: 20, 7: 11, 8: 39, 9: 14, 10: 4, 11: 6, 12: 15, 13: 19, 14: 22, 15: 35, 16: 3, 17: 9, 18: 31, 19: 18, 20: 13, 21: 2, 22: 17, 23: 29, 24: 40, 25: 1, 26: 30, 27: 33, 28: 25, 29: 23, 30: 21, 31: 27}
Gate position gate updated to [ 0 35]--------------c
Trying to moving ion 35... to 1
Ion assignment after moving ion 35: {0: 0, 1: 10, 2: 24, 3: 12, 4: 28, 5: 37, 6: 20, 7: 11, 8: 26, 9: 14, 10: 5, 11: 7, 12: 15, 13: 19, 14: 22, 15: 1, 16: 4, 17: 9, 18: 31, 19: 18, 20: 13, 21: 3, 22: 17, 23: 29, 24: 39, 25: 2, 26: 30, 27: 33, 28: 25, 29: 23, 30: 21, 31: 27}
Executing gate at point (0, 0).
Executing gate at point (0, 8).
Best move: (39, 40)
Best move: (24, 25)
Best move: (23, 24)
Best move: (22, 23)
Best move: (25, 26)
Best move: (26, 39)
Best move: (7, 8)
Best move: (8, 36)
Best move: (36, 38)
Best move: (24, 25)
Best move: (35, 40)
Best move: (39, 40)
Try bruteforce due to multiple steps (12) to solve one gate
Trying to solve brute-force congestion at gate [15, 23] with {0: 0, 1: 10, 2: 40, 3: 12, 4: 28, 5: 37, 6: 20, 7: 11, 8: 24, 9: 14, 10: 5, 11: 38, 12: 15, 13: 19, 14: 23, 15: 1, 16: 4, 17: 9, 18: 31, 19: 18, 20: 13, 21: 3, 22: 17, 23: 29, 24: 35, 25: 2, 26: 30, 27: 33, 28: 22, 29: 25, 30: 21, 31: 27}
Trying to moving ion 23... to 18
Ion assignment after moving ion 23: {0: 0, 1: 10, 2: 40, 3: 12, 4: 28, 5: 37, 6: 21, 7: 11, 8: 24, 9: 14, 10: 5, 11: 38, 12: 15, 13: 20, 14: 18, 15: 1, 16: 4, 17: 9, 18: 31, 19: 19, 20: 13, 21: 3, 22: 17, 23: 29, 24: 35, 25: 2, 26: 30, 27: 33, 28: 23, 29: 25, 30: 22, 31: 27}
Gate position gate updated to [18 15]--------------c
Trying to moving ion 15... to 19
Ion assignment after moving ion 15: {0: 0, 1: 10, 2: 40, 3: 12, 4: 28, 5: 8, 6: 22, 7: 11, 8: 25, 9: 14, 10: 5, 11: 36, 12: 19, 13: 21, 14: 18, 15: 1, 16: 4, 17: 9, 18: 31, 19: 20, 20: 13, 21: 3, 22: 16, 23: 29, 24: 35, 25: 2, 26: 30, 27: 33, 28: 24, 29: 26, 30: 23, 31: 27}
Executing gate at point (0, 12).
Best move: (26, 39)
Best move: (38, 39)
Best move: (34, 35)
Best move: (35, 40)
Executing gate at point (0, 2).
Best move: (36, 37)
Best move: (8, 36)
Best move: (13, 14)
Best move: (13, 14)
Best move: (14, 15)
Best move: (15, 16)
Best move: (15, 16)
Best move: (15, 16)
Try bruteforce due to repeated pattern...
Trying to solve brute-force congestion at gate [36, 16] with {0: 0, 1: 10, 2: 35, 3: 12, 4: 28, 5: 36, 6: 22, 7: 11, 8: 25, 9: 16, 10: 5, 11: 37, 12: 19, 13: 21, 14: 18, 15: 1, 16: 4, 17: 9, 18: 31, 19: 20, 20: 13, 21: 3, 22: 15, 23: 29, 24: 34, 25: 2, 26: 30, 27: 33, 28: 24, 29: 38, 30: 23, 31: 27}
Trying to moving ion 16... to 9
Ion assignment after moving ion 16: {0: 0, 1: 11, 2: 35, 3: 13, 4: 28, 5: 36, 6: 22, 7: 12, 8: 25, 9: 9, 10: 5, 11: 37, 12: 19, 13: 21, 14: 18, 15: 1, 16: 4, 17: 10, 18: 31, 19: 20, 20: 14, 21: 3, 22: 16, 23: 29, 24: 34, 25: 2, 26: 30, 27: 33, 28: 24, 29: 38, 30: 23, 31: 27}
Gate position gate updated to [ 9 36]--------------c
Trying to moving ion 36... to 10
Ion assignment after moving ion 36: {0: 0, 1: 12, 2: 35, 3: 14, 4: 28, 5: 10, 6: 22, 7: 13, 8: 25, 9: 9, 10: 5, 11: 38, 12: 19, 13: 21, 14: 18, 15: 1, 16: 4, 17: 11, 18: 31, 19: 20, 20: 15, 21: 3, 22: 17, 23: 29, 24: 34, 25: 2, 26: 30, 27: 33, 28: 24, 29: 40, 30: 23, 31: 27}Input filename:  QuantumVolume_wsq_32
Algorithm:  SHAPER
Trap type:  H
Trap capacity:  9
Num layout passes:  2
Gate type:  FM
Run index:  2
Creating a QCCD machine ...
QCCD physical machine:
### Traps ### 
Trap(id='trap_0', max_num_ions=9, initial_num_ions=0, executable=True, measureable=False)
Trap(id='trap_1', max_num_ions=9, initial_num_ions=0, executable=True, measureable=True)
Trap(id='trap_2', max_num_ions=9, initial_num_ions=0, executable=True, measureable=False)
Trap(id='trap_3', max_num_ions=9, initial_num_ions=0, executable=True, measureable=True)
### Junctions ### 
Junction(id='junction_0')
Junction(id='junction_1')
### Segments ### 
Segment(id='segment_0', left=Trap(id='trap_0', max_num_ions=9, initial_num_ions=0, executable=True, measureable=False), right=Junction(id='junction_0'))
Segment(id='segment_1', left=Trap(id='trap_1', max_num_ions=9, initial_num_ions=0, executable=True, measureable=True), right=Junction(id='junction_0'))
Segment(id='segment_2', left=Junction(id='junction_0'), right=Junction(id='junction_1'))
Segment(id='segment_3', left=Trap(id='trap_2', max_num_ions=9, initial_num_ions=0, executable=True, measureable=False), right=Junction(id='junction_1'))
Segment(id='segment_4', left=Trap(id='trap_3', max_num_ions=9, initial_num_ions=0, executable=True, measureable=True), right=Junction(id='junction_1'))
Finished creating the QCCD physical machine.
Position graph:  CouplingGraph({(3, 4), (26, 39), (12, 13), (21, 22), (22, 23), (31, 32), (27, 28), (25, 26), (36, 37), (13, 14), (8, 36), (32, 33), (18, 19), (4, 5), (5, 6), (38, 40), (14, 15), (23, 24), (0, 1), (9, 10), (1, 2), (10, 11), (19, 20), (28, 29), (37, 38), (6, 7), (15, 16), (24, 25), (33, 34), (35, 40), (20, 21), (29, 30), (38, 39), (39, 40), (34, 35), (2, 3), (11, 12), (7, 8), (17, 37), (36, 38), (30, 31), (16, 17)})
Initial ion assignment:  {0: 4, 1: 5, 2: 24, 3: 11, 4: 3, 5: 25, 6: 21, 7: 10, 8: 31, 9: 9, 10: 8, 11: 2, 12: 12, 13: 35, 14: 22, 15: 29, 16: 7, 17: 15, 18: 28, 19: 20, 20: 14, 21: 1, 22: 6, 23: 30, 24: 32, 25: 0, 26: 13, 27: 34, 28: 16, 29: 23, 30: 19, 31: 27}
Congestion rate:  1.0
Scheduling QCCD: 1280.0 us, costing 37.16958529999829 s to compile
0.0012799999999999999
37.16958529999829
{0: 0, 1: 12, 2: 35, 3: 14, 4: 28, 5: 10, 6: 20, 7: 13, 8: 22, 9: 9, 10: 5, 11: 25, 12: 38, 13: 18, 14: 26, 15: 1, 16: 4, 17: 11, 18: 31, 19: 19, 20: 15, 21: 3, 22: 17, 23: 29, 24: 34, 25: 2, 26: 30, 27: 33, 28: 21, 29: 24, 30: 23, 31: 27}
[0, 1, 2, 3, 4, 5, 6, 7, 8, 9, 10, 11, 12, 13, 14, 15, 16, 17, 18, 19, 20, 21, 22, 23, 24, 25, 26, 27, 28, 29, 30, 31]
