Simulation
Program: bqskit/shuttling/qccd/benchmark_circuits/QFT_16_compiled.qasm
Machine: H
Model: MPar1
Ions: 4
Mapper: Greedy
Reorder: Naive
SerialTrap: 1
SerialComm: 0
SerialAll: 0
Gatetype: FM
Swaptype: GateSwap
qbit 1: 14 qbit 2: 15 dep gates: 0
qbit 1: 14 qbit 2: 15 dep gates: 0
qbit 1: 13 qbit 2: 15 dep gates: 1
qbit 1: 13 qbit 2: 15 dep gates: 2
qbit 1: 13 qbit 2: 15 dep gates: 2
qbit 1: 12 qbit 2: 15 dep gates: 3
qbit 1: 13 qbit 2: 14 dep gates: 3
qbit 1: 13 qbit 2: 14 dep gates: 1
qbit 1: 12 qbit 2: 15 dep gates: 4
qbit 1: 12 qbit 2: 15 dep gates: 4
qbit 1: 11 qbit 2: 15 dep gates: 6
qbit 1: 13 qbit 2: 14 dep gates: 5
qbit 1: 13 qbit 2: 14 dep gates: 5
qbit 1: 11 qbit 2: 15 dep gates: 7
qbit 1: 11 qbit 2: 15 dep gates: 7
qbit 1: 12 qbit 2: 14 dep gates: 6
qbit 1: 12 qbit 2: 14 dep gates: 8
qbit 1: 10 qbit 2: 15 dep gates: 9
qbit 1: 12 qbit 2: 14 dep gates: 10
qbit 1: 12 qbit 2: 14 dep gates: 10
qbit 1: 10 qbit 2: 15 dep gates: 11
qbit 1: 10 qbit 2: 15 dep gates: 11
qbit 1: 11 qbit 2: 14 dep gates: 9
qbit 1: 11 qbit 2: 14 dep gates: 12
qbit 1: 12 qbit 2: 13 dep gates: 12
qbit 1: 12 qbit 2: 13 dep gates: 8
qbit 1: 9 qbit 2: 15 dep gates: 13
qbit 1: 11 qbit 2: 14 dep gates: 14
qbit 1: 11 qbit 2: 14 dep gates: 14
qbit 1: 12 qbit 2: 13 dep gates: 15
qbit 1: 12 qbit 2: 13 dep gates: 15
qbit 1: 10 qbit 2: 14 dep gates: 13
qbit 1: 10 qbit 2: 14 dep gates: 17
qbit 1: 9 qbit 2: 15 dep gates: 16
qbit 1: 9 qbit 2: 15 dep gates: 16
qbit 1: 11 qbit 2: 13 dep gates: 17
qbit 1: 11 qbit 2: 13 dep gates: 18
qbit 1: 10 qbit 2: 14 dep gates: 19
qbit 1: 10 qbit 2: 14 dep gates: 19
qbit 1: 8 qbit 2: 15 dep gates: 20
qbit 1: 11 qbit 2: 13 dep gates: 21
qbit 1: 11 qbit 2: 13 dep gates: 21
qbit 1: 9 qbit 2: 14 dep gates: 20
qbit 1: 9 qbit 2: 14 dep gates: 22
qbit 1: 10 qbit 2: 13 dep gates: 22
qbit 1: 10 qbit 2: 13 dep gates: 24
qbit 1: 11 qbit 2: 12 dep gates: 24
qbit 1: 11 qbit 2: 12 dep gates: 18
qbit 1: 8 qbit 2: 15 dep gates: 23
qbit 1: 8 qbit 2: 15 dep gates: 23
qbit 1: 9 qbit 2: 14 dep gates: 25
qbit 1: 9 qbit 2: 14 dep gates: 25
qbit 1: 10 qbit 2: 13 dep gates: 26
qbit 1: 10 qbit 2: 13 dep gates: 26
qbit 1: 11 qbit 2: 12 dep gates: 27
qbit 1: 11 qbit 2: 12 dep gates: 27
qbit 1: 7 qbit 2: 15 dep gates: 28
qbit 1: 8 qbit 2: 14 dep gates: 28
qbit 1: 8 qbit 2: 14 dep gates: 29
qbit 1: 9 qbit 2: 13 dep gates: 29
qbit 1: 9 qbit 2: 13 dep gates: 30
qbit 1: 10 qbit 2: 12 dep gates: 30
qbit 1: 10 qbit 2: 12 dep gates: 31
qbit 1: 7 qbit 2: 15 dep gates: 32
qbit 1: 7 qbit 2: 15 dep gates: 32
qbit 1: 8 qbit 2: 14 dep gates: 33
qbit 1: 8 qbit 2: 14 dep gates: 33
qbit 1: 9 qbit 2: 13 dep gates: 34
qbit 1: 9 qbit 2: 13 dep gates: 34
qbit 1: 10 qbit 2: 12 dep gates: 35
qbit 1: 10 qbit 2: 12 dep gates: 35
qbit 1: 6 qbit 2: 15 dep gates: 36
qbit 1: 7 qbit 2: 14 dep gates: 36
qbit 1: 7 qbit 2: 14 dep gates: 37
qbit 1: 10 qbit 2: 11 dep gates: 39
qbit 1: 10 qbit 2: 11 dep gates: 31
qbit 1: 8 qbit 2: 13 dep gates: 37
qbit 1: 8 qbit 2: 13 dep gates: 38
qbit 1: 9 qbit 2: 12 dep gates: 38
qbit 1: 9 qbit 2: 12 dep gates: 39
qbit 1: 6 qbit 2: 15 dep gates: 40
qbit 1: 6 qbit 2: 15 dep gates: 40
qbit 1: 7 qbit 2: 14 dep gates: 41
qbit 1: 7 qbit 2: 14 dep gates: 41
qbit 1: 10 qbit 2: 11 dep gates: 42
qbit 1: 10 qbit 2: 11 dep gates: 42
qbit 1: 5 qbit 2: 15 dep gates: 45
qbit 1: 8 qbit 2: 13 dep gates: 43
qbit 1: 8 qbit 2: 13 dep gates: 43
qbit 1: 9 qbit 2: 12 dep gates: 44
qbit 1: 9 qbit 2: 12 dep gates: 44
qbit 1: 6 qbit 2: 14 dep gates: 45
qbit 1: 6 qbit 2: 14 dep gates: 46
qbit 1: 7 qbit 2: 13 dep gates: 46
qbit 1: 7 qbit 2: 13 dep gates: 49
qbit 1: 5 qbit 2: 15 dep gates: 48
qbit 1: 5 qbit 2: 15 dep gates: 48
qbit 1: 8 qbit 2: 12 dep gates: 49
qbit 1: 8 qbit 2: 12 dep gates: 50
qbit 1: 9 qbit 2: 11 dep gates: 50
qbit 1: 9 qbit 2: 11 dep gates: 47
qbit 1: 6 qbit 2: 14 dep gates: 51
qbit 1: 6 qbit 2: 14 dep gates: 51
qbit 1: 7 qbit 2: 13 dep gates: 52
qbit 1: 7 qbit 2: 13 dep gates: 52
qbit 1: 4 qbit 2: 15 dep gates: 53
qbit 1: 8 qbit 2: 12 dep gates: 54
qbit 1: 8 qbit 2: 12 dep gates: 54
qbit 1: 9 qbit 2: 11 dep gates: 55
qbit 1: 9 qbit 2: 11 dep gates: 55
qbit 1: 5 qbit 2: 14 dep gates: 53
qbit 1: 5 qbit 2: 14 dep gates: 56
qbit 1: 6 qbit 2: 13 dep gates: 56
qbit 1: 6 qbit 2: 13 dep gates: 57
qbit 1: 9 qbit 2: 10 dep gates: 60
qbit 1: 9 qbit 2: 10 dep gates: 47
qbit 1: 4 qbit 2: 15 dep gates: 58
qbit 1: 4 qbit 2: 15 dep gates: 58
qbit 1: 7 qbit 2: 12 dep gates: 57
qbit 1: 7 qbit 2: 12 dep gates: 59
qbit 1: 8 qbit 2: 11 dep gates: 59
qbit 1: 8 qbit 2: 11 dep gates: 60
qbit 1: 3 qbit 2: 15 dep gates: 64
qbit 1: 5 qbit 2: 14 dep gates: 61
qbit 1: 5 qbit 2: 14 dep gates: 61
qbit 1: 6 qbit 2: 13 dep gates: 62
qbit 1: 6 qbit 2: 13 dep gates: 62
qbit 1: 9 qbit 2: 10 dep gates: 63
qbit 1: 9 qbit 2: 10 dep gates: 63
qbit 1: 4 qbit 2: 14 dep gates: 64
qbit 1: 4 qbit 2: 14 dep gates: 68
qbit 1: 7 qbit 2: 12 dep gates: 65
qbit 1: 7 qbit 2: 12 dep gates: 65
qbit 1: 8 qbit 2: 11 dep gates: 66
qbit 1: 8 qbit 2: 11 dep gates: 66
qbit 1: 3 qbit 2: 15 dep gates: 67
qbit 1: 3 qbit 2: 15 dep gates: 67
qbit 1: 5 qbit 2: 13 dep gates: 68
qbit 1: 5 qbit 2: 13 dep gates: 69
qbit 1: 6 qbit 2: 12 dep gates: 69
qbit 1: 6 qbit 2: 12 dep gates: 72
qbit 1: 7 qbit 2: 11 dep gates: 72
qbit 1: 7 qbit 2: 11 dep gates: 73
qbit 1: 8 qbit 2: 10 dep gates: 73
qbit 1: 8 qbit 2: 10 dep gates: 70
qbit 1: 4 qbit 2: 14 dep gates: 71
qbit 1: 4 qbit 2: 14 dep gates: 71
qbit 1: 5 qbit 2: 13 dep gates: 75
qbit 1: 5 qbit 2: 13 dep gates: 75
qbit 1: 6 qbit 2: 12 dep gates: 76
qbit 1: 6 qbit 2: 12 dep gates: 76
qbit 1: 7 qbit 2: 11 dep gates: 77
qbit 1: 7 qbit 2: 11 dep gates: 77
qbit 1: 8 qbit 2: 10 dep gates: 78
qbit 1: 8 qbit 2: 10 dep gates: 78
qbit 1: 3 qbit 2: 14 dep gates: 74
qbit 1: 3 qbit 2: 14 dep gates: 79
qbit 1: 4 qbit 2: 13 dep gates: 79
qbit 1: 4 qbit 2: 13 dep gates: 80
qbit 1: 5 qbit 2: 12 dep gates: 80
qbit 1: 5 qbit 2: 12 dep gates: 81
qbit 1: 6 qbit 2: 11 dep gates: 81
qbit 1: 6 qbit 2: 11 dep gates: 82
qbit 1: 7 qbit 2: 10 dep gates: 82
qbit 1: 7 qbit 2: 10 dep gates: 83
qbit 1: 8 qbit 2: 9 dep gates: 83
qbit 1: 8 qbit 2: 9 dep gates: 70
qbit 1: 3 qbit 2: 14 dep gates: 84
qbit 1: 3 qbit 2: 14 dep gates: 84
qbit 1: 4 qbit 2: 13 dep gates: 85
qbit 1: 4 qbit 2: 13 dep gates: 85
qbit 1: 2 qbit 2: 14 dep gates: 90
qbit 1: 5 qbit 2: 12 dep gates: 86
qbit 1: 5 qbit 2: 12 dep gates: 86
qbit 1: 6 qbit 2: 11 dep gates: 87
qbit 1: 6 qbit 2: 11 dep gates: 87
qbit 1: 7 qbit 2: 10 dep gates: 88
qbit 1: 7 qbit 2: 10 dep gates: 88
qbit 1: 8 qbit 2: 9 dep gates: 89
qbit 1: 8 qbit 2: 9 dep gates: 89
qbit 1: 3 qbit 2: 13 dep gates: 90
qbit 1: 3 qbit 2: 13 dep gates: 91
qbit 1: 2 qbit 2: 14 dep gates: 92
qbit 1: 2 qbit 2: 14 dep gates: 92
qbit 1: 4 qbit 2: 12 dep gates: 91
qbit 1: 4 qbit 2: 12 dep gates: 93
qbit 1: 5 qbit 2: 11 dep gates: 93
qbit 1: 5 qbit 2: 11 dep gates: 94
qbit 1: 6 qbit 2: 10 dep gates: 94
qbit 1: 6 qbit 2: 10 dep gates: 95
qbit 1: 7 qbit 2: 9 dep gates: 95
qbit 1: 7 qbit 2: 9 dep gates: 96
qbit 1: 3 qbit 2: 13 dep gates: 97
qbit 1: 3 qbit 2: 13 dep gates: 97
qbit 1: 4 qbit 2: 12 dep gates: 99
qbit 1: 4 qbit 2: 12 dep gates: 99
qbit 1: 5 qbit 2: 11 dep gates: 100
qbit 1: 5 qbit 2: 11 dep gates: 100
qbit 1: 6 qbit 2: 10 dep gates: 101
qbit 1: 6 qbit 2: 10 dep gates: 101
qbit 1: 7 qbit 2: 9 dep gates: 102
qbit 1: 7 qbit 2: 9 dep gates: 102
qbit 1: 2 qbit 2: 13 dep gates: 98
qbit 1: 2 qbit 2: 13 dep gates: 103
qbit 1: 7 qbit 2: 8 dep gates: 107
qbit 1: 7 qbit 2: 8 dep gates: 96
qbit 1: 3 qbit 2: 12 dep gates: 103
qbit 1: 3 qbit 2: 12 dep gates: 104
qbit 1: 4 qbit 2: 11 dep gates: 104
qbit 1: 4 qbit 2: 11 dep gates: 105
qbit 1: 5 qbit 2: 10 dep gates: 105
qbit 1: 5 qbit 2: 10 dep gates: 106
qbit 1: 6 qbit 2: 9 dep gates: 106
qbit 1: 6 qbit 2: 9 dep gates: 107
qbit 1: 2 qbit 2: 13 dep gates: 108
qbit 1: 2 qbit 2: 13 dep gates: 108
qbit 1: 7 qbit 2: 8 dep gates: 109
qbit 1: 7 qbit 2: 8 dep gates: 109
qbit 1: 1 qbit 2: 13 dep gates: 114
qbit 1: 3 qbit 2: 12 dep gates: 110
qbit 1: 3 qbit 2: 12 dep gates: 110
qbit 1: 4 qbit 2: 11 dep gates: 111
qbit 1: 4 qbit 2: 11 dep gates: 111
qbit 1: 5 qbit 2: 10 dep gates: 112
qbit 1: 5 qbit 2: 10 dep gates: 112
qbit 1: 6 qbit 2: 9 dep gates: 113
qbit 1: 6 qbit 2: 9 dep gates: 113
qbit 1: 2 qbit 2: 12 dep gates: 114
qbit 1: 2 qbit 2: 12 dep gates: 117
qbit 1: 3 qbit 2: 11 dep gates: 117
qbit 1: 3 qbit 2: 11 dep gates: 118
qbit 1: 6 qbit 2: 8 dep gates: 120
qbit 1: 6 qbit 2: 8 dep gates: 115
qbit 1: 1 qbit 2: 13 dep gates: 116
qbit 1: 1 qbit 2: 13 dep gates: 116
qbit 1: 4 qbit 2: 10 dep gates: 118
qbit 1: 4 qbit 2: 10 dep gates: 119
qbit 1: 5 qbit 2: 9 dep gates: 119
qbit 1: 5 qbit 2: 9 dep gates: 120
qbit 1: 2 qbit 2: 12 dep gates: 121
qbit 1: 2 qbit 2: 12 dep gates: 121
qbit 1: 3 qbit 2: 11 dep gates: 122
qbit 1: 3 qbit 2: 11 dep gates: 122
qbit 1: 6 qbit 2: 8 dep gates: 123
qbit 1: 6 qbit 2: 8 dep gates: 123
qbit 1: 4 qbit 2: 10 dep gates: 125
qbit 1: 4 qbit 2: 10 dep gates: 125
qbit 1: 5 qbit 2: 9 dep gates: 126
qbit 1: 5 qbit 2: 9 dep gates: 126
qbit 1: 1 qbit 2: 12 dep gates: 124
qbit 1: 1 qbit 2: 12 dep gates: 127
qbit 1: 2 qbit 2: 11 dep gates: 127
qbit 1: 2 qbit 2: 11 dep gates: 128
qbit 1: 3 qbit 2: 10 dep gates: 128
qbit 1: 3 qbit 2: 10 dep gates: 130
qbit 1: 4 qbit 2: 9 dep gates: 130
qbit 1: 4 qbit 2: 9 dep gates: 131
qbit 1: 6 qbit 2: 7 dep gates: 129
qbit 1: 6 qbit 2: 7 dep gates: 115
qbit 1: 5 qbit 2: 8 dep gates: 131
qbit 1: 5 qbit 2: 8 dep gates: 129
qbit 1: 1 qbit 2: 12 dep gates: 132
qbit 1: 1 qbit 2: 12 dep gates: 132
qbit 1: 2 qbit 2: 11 dep gates: 133
qbit 1: 2 qbit 2: 11 dep gates: 133
qbit 1: 3 qbit 2: 10 dep gates: 134
qbit 1: 3 qbit 2: 10 dep gates: 134
qbit 1: 4 qbit 2: 9 dep gates: 135
qbit 1: 4 qbit 2: 9 dep gates: 135
qbit 1: 6 qbit 2: 7 dep gates: 136
qbit 1: 6 qbit 2: 7 dep gates: 136
qbit 1: 2 qbit 2: 10 dep gates: 139
qbit 1: 2 qbit 2: 10 dep gates: 140
qbit 1: 5 qbit 2: 8 dep gates: 137
qbit 1: 5 qbit 2: 8 dep gates: 137
qbit 1: 0 qbit 2: 12 dep gates: 138
qbit 1: 1 qbit 2: 11 dep gates: 138
qbit 1: 1 qbit 2: 11 dep gates: 139
qbit 1: 3 qbit 2: 9 dep gates: 140
qbit 1: 3 qbit 2: 9 dep gates: 141
qbit 1: 2 qbit 2: 10 dep gates: 143
qbit 1: 2 qbit 2: 10 dep gates: 143
qbit 1: 4 qbit 2: 8 dep gates: 141
qbit 1: 4 qbit 2: 8 dep gates: 144
qbit 1: 5 qbit 2: 7 dep gates: 144
qbit 1: 5 qbit 2: 7 dep gates: 142
qbit 1: 0 qbit 2: 12 dep gates: 145
qbit 1: 0 qbit 2: 12 dep gates: 145
qbit 1: 1 qbit 2: 11 dep gates: 146
qbit 1: 1 qbit 2: 11 dep gates: 146
qbit 1: 3 qbit 2: 9 dep gates: 147
qbit 1: 3 qbit 2: 9 dep gates: 147
qbit 1: 0 qbit 2: 11 dep gates: 151
qbit 1: 0 qbit 2: 11 dep gates: 152
qbit 1: 1 qbit 2: 10 dep gates: 152
qbit 1: 1 qbit 2: 10 dep gates: 148
qbit 1: 2 qbit 2: 9 dep gates: 148
qbit 1: 2 qbit 2: 9 dep gates: 153
qbit 1: 4 qbit 2: 8 dep gates: 149
qbit 1: 4 qbit 2: 8 dep gates: 149
qbit 1: 5 qbit 2: 7 dep gates: 150
qbit 1: 5 qbit 2: 7 dep gates: 150
qbit 1: 3 qbit 2: 8 dep gates: 153
qbit 1: 3 qbit 2: 8 dep gates: 157
qbit 1: 5 qbit 2: 6 dep gates: 158
qbit 1: 5 qbit 2: 6 dep gates: 142
qbit 1: 0 qbit 2: 11 dep gates: 154
qbit 1: 0 qbit 2: 11 dep gates: 154
qbit 1: 1 qbit 2: 10 dep gates: 155
qbit 1: 1 qbit 2: 10 dep gates: 155
qbit 1: 2 qbit 2: 9 dep gates: 156
qbit 1: 2 qbit 2: 9 dep gates: 156
qbit 1: 4 qbit 2: 7 dep gates: 157
qbit 1: 4 qbit 2: 7 dep gates: 158
qbit 1: 0 qbit 2: 10 dep gates: 161
qbit 1: 0 qbit 2: 10 dep gates: 162
qbit 1: 1 qbit 2: 9 dep gates: 162
qbit 1: 1 qbit 2: 9 dep gates: 163
qbit 1: 3 qbit 2: 8 dep gates: 159
qbit 1: 3 qbit 2: 8 dep gates: 159
qbit 1: 5 qbit 2: 6 dep gates: 160
qbit 1: 5 qbit 2: 6 dep gates: 160
qbit 1: 4 qbit 2: 7 dep gates: 164
qbit 1: 4 qbit 2: 7 dep gates: 164
qbit 1: 0 qbit 2: 10 dep gates: 165
qbit 1: 0 qbit 2: 10 dep gates: 165
qbit 1: 1 qbit 2: 9 dep gates: 166
qbit 1: 1 qbit 2: 9 dep gates: 166
qbit 1: 2 qbit 2: 8 dep gates: 163
qbit 1: 2 qbit 2: 8 dep gates: 167
qbit 1: 4 qbit 2: 6 dep gates: 169
qbit 1: 4 qbit 2: 6 dep gates: 168
qbit 1: 0 qbit 2: 9 dep gates: 170
qbit 1: 0 qbit 2: 9 dep gates: 171
qbit 1: 2 qbit 2: 8 dep gates: 172
qbit 1: 2 qbit 2: 8 dep gates: 172
qbit 1: 3 qbit 2: 7 dep gates: 167
qbit 1: 3 qbit 2: 7 dep gates: 169
qbit 1: 1 qbit 2: 8 dep gates: 171
qbit 1: 1 qbit 2: 8 dep gates: 175
qbit 1: 4 qbit 2: 6 dep gates: 173
qbit 1: 4 qbit 2: 6 dep gates: 173
qbit 1: 0 qbit 2: 9 dep gates: 174
qbit 1: 0 qbit 2: 9 dep gates: 174
qbit 1: 3 qbit 2: 7 dep gates: 176
qbit 1: 3 qbit 2: 7 dep gates: 176
qbit 1: 1 qbit 2: 8 dep gates: 177
qbit 1: 1 qbit 2: 8 dep gates: 177
qbit 1: 2 qbit 2: 7 dep gates: 175
qbit 1: 2 qbit 2: 7 dep gates: 180
qbit 1: 4 qbit 2: 5 dep gates: 178
qbit 1: 4 qbit 2: 5 dep gates: 168
qbit 1: 3 qbit 2: 6 dep gates: 180
qbit 1: 3 qbit 2: 6 dep gates: 178
qbit 1: 0 qbit 2: 8 dep gates: 179
qbit 1: 0 qbit 2: 8 dep gates: 181
qbit 1: 2 qbit 2: 7 dep gates: 182
qbit 1: 2 qbit 2: 7 dep gates: 182
qbit 1: 4 qbit 2: 5 dep gates: 183
qbit 1: 4 qbit 2: 5 dep gates: 183
qbit 1: 3 qbit 2: 6 dep gates: 184
qbit 1: 3 qbit 2: 6 dep gates: 184
qbit 1: 0 qbit 2: 8 dep gates: 185
qbit 1: 0 qbit 2: 8 dep gates: 185
qbit 1: 1 qbit 2: 7 dep gates: 181
qbit 1: 1 qbit 2: 7 dep gates: 186
qbit 1: 3 qbit 2: 5 dep gates: 188
qbit 1: 3 qbit 2: 5 dep gates: 187
qbit 1: 2 qbit 2: 6 dep gates: 186
qbit 1: 2 qbit 2: 6 dep gates: 188
qbit 1: 1 qbit 2: 7 dep gates: 190
qbit 1: 1 qbit 2: 7 dep gates: 190
qbit 1: 3 qbit 2: 5 dep gates: 191
qbit 1: 3 qbit 2: 5 dep gates: 191
qbit 1: 2 qbit 2: 6 dep gates: 192
qbit 1: 2 qbit 2: 6 dep gates: 192
qbit 1: 0 qbit 2: 7 dep gates: 189
qbit 1: 0 qbit 2: 7 dep gates: 193
qbit 1: 1 qbit 2: 6 dep gates: 193
qbit 1: 1 qbit 2: 6 dep gates: 195
qbit 1: 3 qbit 2: 4 dep gates: 194
qbit 1: 3 qbit 2: 4 dep gates: 187
qbit 1: 2 qbit 2: 5 dep gates: 195
qbit 1: 2 qbit 2: 5 dep gates: 194
qbit 1: 0 qbit 2: 7 dep gates: 196
qbit 1: 0 qbit 2: 7 dep gates: 196
qbit 1: 1 qbit 2: 6 dep gates: 197
qbit 1: 1 qbit 2: 6 dep gates: 197
qbit 1: 3 qbit 2: 4 dep gates: 198
qbit 1: 3 qbit 2: 4 dep gates: 198
qbit 1: 0 qbit 2: 6 dep gates: 200
qbit 1: 0 qbit 2: 6 dep gates: 201
qbit 1: 2 qbit 2: 5 dep gates: 199
qbit 1: 2 qbit 2: 5 dep gates: 199
qbit 1: 7 qbit 2: 8 dep gates: 200
qbit 1: 7 qbit 2: 8 dep gates: 189
qbit 1: 0 qbit 2: 6 dep gates: 203
qbit 1: 0 qbit 2: 6 dep gates: 203
qbit 1: 1 qbit 2: 5 dep gates: 201
qbit 1: 1 qbit 2: 5 dep gates: 204
qbit 1: 2 qbit 2: 4 dep gates: 204
qbit 1: 2 qbit 2: 4 dep gates: 202
qbit 1: 7 qbit 2: 8 dep gates: 205
qbit 1: 7 qbit 2: 8 dep gates: 205
qbit 1: 6 qbit 2: 9 dep gates: 206
qbit 1: 6 qbit 2: 9 dep gates: 179
qbit 1: 1 qbit 2: 5 dep gates: 207
qbit 1: 1 qbit 2: 5 dep gates: 207
qbit 1: 2 qbit 2: 4 dep gates: 208
qbit 1: 2 qbit 2: 4 dep gates: 208
qbit 1: 7 qbit 2: 8 dep gates: 209
qbit 1: 7 qbit 2: 8 dep gates: 209
qbit 1: 0 qbit 2: 5 dep gates: 206
qbit 1: 0 qbit 2: 5 dep gates: 211
qbit 1: 2 qbit 2: 3 dep gates: 212
qbit 1: 2 qbit 2: 3 dep gates: 202
qbit 1: 6 qbit 2: 9 dep gates: 210
qbit 1: 6 qbit 2: 9 dep gates: 210
qbit 1: 1 qbit 2: 4 dep gates: 211
qbit 1: 1 qbit 2: 4 dep gates: 212
qbit 1: 0 qbit 2: 5 dep gates: 214
qbit 1: 0 qbit 2: 5 dep gates: 214
qbit 1: 2 qbit 2: 3 dep gates: 215
qbit 1: 2 qbit 2: 3 dep gates: 215
qbit 1: 6 qbit 2: 9 dep gates: 216
qbit 1: 6 qbit 2: 9 dep gates: 216
qbit 1: 1 qbit 2: 4 dep gates: 217
qbit 1: 1 qbit 2: 4 dep gates: 217
qbit 1: 5 qbit 2: 10 dep gates: 218
qbit 1: 5 qbit 2: 10 dep gates: 170
qbit 1: 0 qbit 2: 4 dep gates: 218
qbit 1: 0 qbit 2: 4 dep gates: 221
qbit 1: 1 qbit 2: 3 dep gates: 221
qbit 1: 1 qbit 2: 3 dep gates: 219
qbit 1: 5 qbit 2: 10 dep gates: 222
qbit 1: 5 qbit 2: 10 dep gates: 222
qbit 1: 0 qbit 2: 4 dep gates: 223
qbit 1: 0 qbit 2: 4 dep gates: 223
qbit 1: 1 qbit 2: 3 dep gates: 224
qbit 1: 1 qbit 2: 3 dep gates: 224
qbit 1: 4 qbit 2: 11 dep gates: 226
qbit 1: 4 qbit 2: 11 dep gates: 161
qbit 1: 5 qbit 2: 10 dep gates: 225
qbit 1: 5 qbit 2: 10 dep gates: 225
qbit 1: 1 qbit 2: 2 dep gates: 227
qbit 1: 1 qbit 2: 2 dep gates: 219
qbit 1: 0 qbit 2: 3 dep gates: 226
qbit 1: 0 qbit 2: 3 dep gates: 227
qbit 1: 4 qbit 2: 11 dep gates: 228
qbit 1: 4 qbit 2: 11 dep gates: 228
qbit 1: 1 qbit 2: 2 dep gates: 230
qbit 1: 1 qbit 2: 2 dep gates: 230
qbit 1: 0 qbit 2: 3 dep gates: 231
qbit 1: 0 qbit 2: 3 dep gates: 231
qbit 1: 4 qbit 2: 11 dep gates: 232
qbit 1: 4 qbit 2: 11 dep gates: 232
qbit 1: 3 qbit 2: 12 dep gates: 234
qbit 1: 3 qbit 2: 12 dep gates: 151
qbit 1: 0 qbit 2: 2 dep gates: 234
qbit 1: 0 qbit 2: 2 dep gates: 233
qbit 1: 3 qbit 2: 12 dep gates: 236
qbit 1: 3 qbit 2: 12 dep gates: 236
qbit 1: 0 qbit 2: 2 dep gates: 237
qbit 1: 0 qbit 2: 2 dep gates: 237
qbit 1: 2 qbit 2: 13 dep gates: 239
qbit 1: 2 qbit 2: 13 dep gates: 124
qbit 1: 3 qbit 2: 12 dep gates: 238
qbit 1: 3 qbit 2: 12 dep gates: 238
qbit 1: 0 qbit 2: 1 dep gates: 239
qbit 1: 0 qbit 2: 1 dep gates: 233
qbit 1: 2 qbit 2: 13 dep gates: 240
qbit 1: 2 qbit 2: 13 dep gates: 240
qbit 1: 0 qbit 2: 1 dep gates: 242
qbit 1: 0 qbit 2: 1 dep gates: 242
qbit 1: 1 qbit 2: 14 dep gates: 244
qbit 1: 1 qbit 2: 14 dep gates: 98
qbit 1: 2 qbit 2: 13 dep gates: 243
qbit 1: 2 qbit 2: 13 dep gates: 243
qbit 1: 0 qbit 2: 15 dep gates: 244
qbit 1: 0 qbit 2: 15 dep gates: 74
qbit 1: 1 qbit 2: 14 dep gates: 245
qbit 1: 1 qbit 2: 14 dep gates: 245
qbit 1: 0 qbit 2: 15 dep gates: 247
qbit 1: 0 qbit 2: 15 dep gates: 247
qbit 1: 1 qbit 2: 14 dep gates: 248
qbit 1: 1 qbit 2: 14 dep gates: 248
qbit 1: 0 qbit 2: 15 dep gates: 249
qbit 1: 0 qbit 2: 15 dep gates: 249
parse object map:
{0: [14, 15], 1: [14, 15], 2: [13, 15], 3: [13, 15], 4: [12, 15], 5: [13, 14], 6: [12, 15], 7: [11, 15], 8: [13, 14], 9: [11, 15], 10: [12, 14], 11: [10, 15], 12: [12, 14], 13: [10, 15], 14: [11, 14], 15: [12, 13], 16: [9, 15], 17: [11, 14], 18: [12, 13], 19: [10, 14], 20: [9, 15], 21: [11, 13], 22: [10, 14], 23: [8, 15], 24: [11, 13], 25: [9, 14], 26: [10, 13], 27: [11, 12], 28: [8, 15], 29: [9, 14], 30: [10, 13], 31: [11, 12], 32: [7, 15], 33: [8, 14], 34: [9, 13], 35: [10, 12], 36: [7, 15], 37: [8, 14], 38: [9, 13], 39: [10, 12], 40: [6, 15], 41: [7, 14], 42: [10, 11], 43: [8, 13], 44: [9, 12], 45: [6, 15], 46: [7, 14], 47: [10, 11], 48: [5, 15], 49: [8, 13], 50: [9, 12], 51: [6, 14], 52: [7, 13], 53: [5, 15], 54: [8, 12], 55: [9, 11], 56: [6, 14], 57: [7, 13], 58: [4, 15], 59: [8, 12], 60: [9, 11], 61: [5, 14], 62: [6, 13], 63: [9, 10], 64: [4, 15], 65: [7, 12], 66: [8, 11], 67: [3, 15], 68: [5, 14], 69: [6, 13], 70: [9, 10], 71: [4, 14], 72: [7, 12], 73: [8, 11], 74: [3, 15], 75: [5, 13], 76: [6, 12], 77: [7, 11], 78: [8, 10], 79: [4, 14], 80: [5, 13], 81: [6, 12], 82: [7, 11], 83: [8, 10], 84: [3, 14], 85: [4, 13], 86: [5, 12], 87: [6, 11], 88: [7, 10], 89: [8, 9], 90: [3, 14], 91: [4, 13], 92: [2, 14], 93: [5, 12], 94: [6, 11], 95: [7, 10], 96: [8, 9], 97: [3, 13], 98: [2, 14], 99: [4, 12], 100: [5, 11], 101: [6, 10], 102: [7, 9], 103: [3, 13], 104: [4, 12], 105: [5, 11], 106: [6, 10], 107: [7, 9], 108: [2, 13], 109: [7, 8], 110: [3, 12], 111: [4, 11], 112: [5, 10], 113: [6, 9], 114: [2, 13], 115: [7, 8], 116: [1, 13], 117: [3, 12], 118: [4, 11], 119: [5, 10], 120: [6, 9], 121: [2, 12], 122: [3, 11], 123: [6, 8], 124: [1, 13], 125: [4, 10], 126: [5, 9], 127: [2, 12], 128: [3, 11], 129: [6, 8], 130: [4, 10], 131: [5, 9], 132: [1, 12], 133: [2, 11], 134: [3, 10], 135: [4, 9], 136: [6, 7], 137: [5, 8], 138: [1, 12], 139: [2, 11], 140: [3, 10], 141: [4, 9], 142: [6, 7], 143: [2, 10], 144: [5, 8], 145: [0, 12], 146: [1, 11], 147: [3, 9], 148: [2, 10], 149: [4, 8], 150: [5, 7], 151: [0, 12], 152: [1, 11], 153: [3, 9], 154: [0, 11], 155: [1, 10], 156: [2, 9], 157: [4, 8], 158: [5, 7], 159: [3, 8], 160: [5, 6], 161: [0, 11], 162: [1, 10], 163: [2, 9], 164: [4, 7], 165: [0, 10], 166: [1, 9], 167: [3, 8], 168: [5, 6], 169: [4, 7], 170: [0, 10], 171: [1, 9], 172: [2, 8], 173: [4, 6], 174: [0, 9], 175: [2, 8], 176: [3, 7], 177: [1, 8], 178: [4, 6], 179: [0, 9], 180: [3, 7], 181: [1, 8], 182: [2, 7], 183: [4, 5], 184: [3, 6], 185: [0, 8], 186: [2, 7], 187: [4, 5], 188: [3, 6], 189: [0, 8], 190: [1, 7], 191: [3, 5], 192: [2, 6], 193: [1, 7], 194: [3, 5], 195: [2, 6], 196: [0, 7], 197: [1, 6], 198: [3, 4], 199: [2, 5], 200: [0, 7], 201: [1, 6], 202: [3, 4], 203: [0, 6], 204: [2, 5], 205: [7, 8], 206: [0, 6], 207: [1, 5], 208: [2, 4], 209: [7, 8], 210: [6, 9], 211: [1, 5], 212: [2, 4], 213: [7, 8], 214: [0, 5], 215: [2, 3], 216: [6, 9], 217: [1, 4], 218: [0, 5], 219: [2, 3], 220: [6, 9], 221: [1, 4], 222: [5, 10], 223: [0, 4], 224: [1, 3], 225: [5, 10], 226: [0, 4], 227: [1, 3], 228: [4, 11], 229: [5, 10], 230: [1, 2], 231: [0, 3], 232: [4, 11], 233: [1, 2], 234: [0, 3], 235: [4, 11], 236: [3, 12], 237: [0, 2], 238: [3, 12], 239: [0, 2], 240: [2, 13], 241: [3, 12], 242: [0, 1], 243: [2, 13], 244: [0, 1], 245: [1, 14], 246: [2, 13], 247: [0, 15], 248: [1, 14], 249: [0, 15], 250: [1, 14], 251: [0, 15]}
parse object graph:
DiGraph with 252 nodes and 358 edges
Initial_qubit layout:  {0: [13, 2, 14, 1], 1: [11, 4, 10, 5], 2: [15, 0, 12, 3], 3: [9, 6, 8, 7]}
0
Traceback (most recent call last):
  File "/home/edyounis/bqskit-shuttling/bqskit/shuttling/qccd/QCCDSim/run.py", line 136, in <module>
    ejfs.run()
  File "/home/edyounis/bqskit-shuttling/bqskit/shuttling/qccd/QCCDSim/ejf_schedule.py", line 400, in run
    self.schedule_gate(g)
  File "/home/edyounis/bqskit-shuttling/bqskit/shuttling/qccd/QCCDSim/ejf_schedule.py", line 307, in schedule_gate
    rebal_flag, new_fin_time = self.rebalance_traps(focus_traps=[ion1_trap, ion2_trap], fire_time=fire_time)
                               ^^^^^^^^^^^^^^^^^^^^^^^^^^^^^^^^^^^^^^^^^^^^^^^^^^^^^^^^^^^^^^^^^^^^^^^^^^^^^
  File "/home/edyounis/bqskit-shuttling/bqskit/shuttling/qccd/QCCDSim/ejf_schedule.py", line 343, in rebalance_traps
    finish_time = self.do_rebalance_traps(fire_time)
                  ^^^^^^^^^^^^^^^^^^^^^^^^^^^^^^^^^^
  File "/home/edyounis/bqskit-shuttling/bqskit/shuttling/qccd/QCCDSim/ejf_schedule.py", line 353, in do_rebalance_traps
    flow_dict = rebal.clear_all_blocks()
                ^^^^^^^^^^^^^^^^^^^^^^^^
  File "/home/edyounis/bqskit-shuttling/bqskit/shuttling/qccd/QCCDSim/rebalance.py", line 46, in clear_all_blocks
    flowCost, flowDict = nx.network_simplex(graph) 
                         ^^^^^^^^^^^^^^^^^^^^^^^^^
  File "/home/edyounis/bqskit-shuttling/.env/lib/python3.11/site-packages/networkx/utils/decorators.py", line 788, in func
    return argmap._lazy_compile(__wrapper)(*args, **kwargs)
           ^^^^^^^^^^^^^^^^^^^^^^^^^^^^^^^^^^^^^^^^^^^^^^^^
  File "<class 'networkx.utils.decorators.argmap'> compilation 37", line 4, in argmap_network_simplex_33
  File "/home/edyounis/bqskit-shuttling/.env/lib/python3.11/site-packages/networkx/utils/backends.py", line 967, in __call__
    return self.orig_func(*args, **kwargs)
           ^^^^^^^^^^^^^^^^^^^^^^^^^^^^^^^
  File "/home/edyounis/bqskit-shuttling/.env/lib/python3.11/site-packages/networkx/algorithms/flow/networksimplex.py", line 532, in network_simplex
    raise nx.NetworkXUnfeasible("total node demand is not zero")
networkx.exception.NetworkXUnfeasible: total node demand is not zero
