Simulation
Program: bqskit/shuttling/qccd/benchmark_circuits/QAOA_20_compiled.qasm
Machine: H
Model: MPar1
Ions: 5
Mapper: Greedy
Reorder: Naive
SerialTrap: 1
SerialComm: 0
SerialAll: 0
Gatetype: FM
Swaptype: GateSwap
qbit 1: 0 qbit 2: 7 dep gates: 0
qbit 1: 0 qbit 2: 7 dep gates: 0
qbit 1: 1 qbit 2: 3 dep gates: 1
qbit 1: 1 qbit 2: 3 dep gates: 1
qbit 1: 1 qbit 2: 4 dep gates: 3
qbit 1: 0 qbit 2: 11 dep gates: 2
qbit 1: 1 qbit 2: 4 dep gates: 4
qbit 1: 1 qbit 2: 4 dep gates: 4
qbit 1: 0 qbit 2: 11 dep gates: 5
qbit 1: 0 qbit 2: 11 dep gates: 5
qbit 1: 0 qbit 2: 13 dep gates: 7
qbit 1: 1 qbit 2: 6 dep gates: 6
qbit 1: 0 qbit 2: 13 dep gates: 8
qbit 1: 0 qbit 2: 13 dep gates: 8
qbit 1: 1 qbit 2: 6 dep gates: 9
qbit 1: 1 qbit 2: 6 dep gates: 9
qbit 1: 1 qbit 2: 7 dep gates: 11
qbit 1: 1 qbit 2: 7 dep gates: 2
qbit 1: 8 qbit 2: 13 dep gates: 10
qbit 1: 0 qbit 2: 16 dep gates: 10
qbit 1: 3 qbit 2: 6 dep gates: 3
qbit 1: 3 qbit 2: 6 dep gates: 11
qbit 1: 1 qbit 2: 7 dep gates: 12
qbit 1: 1 qbit 2: 7 dep gates: 12
qbit 1: 8 qbit 2: 13 dep gates: 13
qbit 1: 8 qbit 2: 13 dep gates: 13
qbit 1: 0 qbit 2: 16 dep gates: 14
qbit 1: 0 qbit 2: 16 dep gates: 14
qbit 1: 3 qbit 2: 6 dep gates: 15
qbit 1: 3 qbit 2: 6 dep gates: 15
qbit 1: 1 qbit 2: 9 dep gates: 16
qbit 1: 4 qbit 2: 7 dep gates: 6
qbit 1: 4 qbit 2: 7 dep gates: 16
qbit 1: 3 qbit 2: 10 dep gates: 19
qbit 1: 1 qbit 2: 9 dep gates: 20
qbit 1: 1 qbit 2: 9 dep gates: 20
qbit 1: 4 qbit 2: 7 dep gates: 21
qbit 1: 4 qbit 2: 7 dep gates: 21
qbit 1: 2 qbit 2: 9 dep gates: 23
qbit 1: 3 qbit 2: 10 dep gates: 22
qbit 1: 3 qbit 2: 10 dep gates: 22
qbit 1: 3 qbit 2: 14 dep gates: 26
qbit 1: 2 qbit 2: 9 dep gates: 25
qbit 1: 2 qbit 2: 9 dep gates: 25
qbit 1: 7 qbit 2: 10 dep gates: 24
qbit 1: 7 qbit 2: 10 dep gates: 26
qbit 1: 2 qbit 2: 16 dep gates: 28
qbit 1: 2 qbit 2: 16 dep gates: 18
qbit 1: 3 qbit 2: 14 dep gates: 27
qbit 1: 3 qbit 2: 14 dep gates: 27
qbit 1: 4 qbit 2: 9 dep gates: 24
qbit 1: 4 qbit 2: 9 dep gates: 28
qbit 1: 7 qbit 2: 10 dep gates: 29
qbit 1: 7 qbit 2: 10 dep gates: 29
qbit 1: 2 qbit 2: 16 dep gates: 30
qbit 1: 2 qbit 2: 16 dep gates: 30
qbit 1: 4 qbit 2: 9 dep gates: 32
qbit 1: 4 qbit 2: 9 dep gates: 32
qbit 1: 6 qbit 2: 14 dep gates: 19
qbit 1: 6 qbit 2: 14 dep gates: 31
qbit 1: 3 qbit 2: 16 dep gates: 31
qbit 1: 3 qbit 2: 16 dep gates: 34
qbit 1: 4 qbit 2: 11 dep gates: 35
qbit 1: 4 qbit 2: 11 dep gates: 7
qbit 1: 5 qbit 2: 9 dep gates: 35
qbit 1: 6 qbit 2: 14 dep gates: 36
qbit 1: 6 qbit 2: 14 dep gates: 36
qbit 1: 3 qbit 2: 16 dep gates: 37
qbit 1: 3 qbit 2: 16 dep gates: 37
qbit 1: 4 qbit 2: 11 dep gates: 38
qbit 1: 4 qbit 2: 11 dep gates: 38
qbit 1: 5 qbit 2: 9 dep gates: 39
qbit 1: 5 qbit 2: 9 dep gates: 39
qbit 1: 6 qbit 2: 15 dep gates: 40
qbit 1: 3 qbit 2: 17 dep gates: 41
qbit 1: 9 qbit 2: 13 dep gates: 43
qbit 1: 9 qbit 2: 13 dep gates: 17
qbit 1: 10 qbit 2: 11 dep gates: 33
qbit 1: 10 qbit 2: 11 dep gates: 42
qbit 1: 5 qbit 2: 16 dep gates: 43
qbit 1: 5 qbit 2: 16 dep gates: 41
qbit 1: 6 qbit 2: 15 dep gates: 44
qbit 1: 6 qbit 2: 15 dep gates: 44
qbit 1: 3 qbit 2: 17 dep gates: 45
qbit 1: 3 qbit 2: 17 dep gates: 45
qbit 1: 9 qbit 2: 13 dep gates: 46
qbit 1: 9 qbit 2: 13 dep gates: 46
qbit 1: 10 qbit 2: 11 dep gates: 47
qbit 1: 10 qbit 2: 11 dep gates: 47
qbit 1: 5 qbit 2: 16 dep gates: 48
qbit 1: 5 qbit 2: 16 dep gates: 48
qbit 1: 7 qbit 2: 15 dep gates: 33
qbit 1: 7 qbit 2: 15 dep gates: 49
qbit 1: 11 qbit 2: 12 dep gates: 52
qbit 1: 3 qbit 2: 19 dep gates: 50
qbit 1: 10 qbit 2: 18 dep gates: 52
qbit 1: 5 qbit 2: 17 dep gates: 53
qbit 1: 5 qbit 2: 17 dep gates: 50
qbit 1: 7 qbit 2: 15 dep gates: 54
qbit 1: 7 qbit 2: 15 dep gates: 54
qbit 1: 11 qbit 2: 12 dep gates: 55
qbit 1: 11 qbit 2: 12 dep gates: 55
qbit 1: 3 qbit 2: 19 dep gates: 56
qbit 1: 3 qbit 2: 19 dep gates: 56
qbit 1: 7 qbit 2: 16 dep gates: 59
qbit 1: 7 qbit 2: 16 dep gates: 53
qbit 1: 10 qbit 2: 18 dep gates: 57
qbit 1: 10 qbit 2: 18 dep gates: 57
qbit 1: 5 qbit 2: 17 dep gates: 58
qbit 1: 5 qbit 2: 17 dep gates: 58
qbit 1: 6 qbit 2: 19 dep gates: 49
qbit 1: 6 qbit 2: 19 dep gates: 61
qbit 1: 8 qbit 2: 15 dep gates: 17
qbit 1: 8 qbit 2: 15 dep gates: 59
qbit 1: 1 qbit 2: 3 dep gates: 23
qbit 1: 1 qbit 2: 3 dep gates: 61
qbit 1: 7 qbit 2: 16 dep gates: 62
qbit 1: 7 qbit 2: 16 dep gates: 62
qbit 1: 6 qbit 2: 19 dep gates: 65
qbit 1: 6 qbit 2: 19 dep gates: 65
qbit 1: 8 qbit 2: 15 dep gates: 66
qbit 1: 8 qbit 2: 15 dep gates: 66
qbit 1: 9 qbit 2: 16 dep gates: 51
qbit 1: 9 qbit 2: 16 dep gates: 68
qbit 1: 0 qbit 2: 7 dep gates: 18
qbit 1: 0 qbit 2: 7 dep gates: 68
qbit 1: 1 qbit 2: 3 dep gates: 67
qbit 1: 1 qbit 2: 3 dep gates: 67
qbit 1: 10 qbit 2: 19 dep gates: 63
qbit 1: 10 qbit 2: 19 dep gates: 69
qbit 1: 1 qbit 2: 4 dep gates: 73
qbit 1: 1 qbit 2: 4 dep gates: 42
qbit 1: 9 qbit 2: 16 dep gates: 71
qbit 1: 9 qbit 2: 16 dep gates: 71
qbit 1: 12 qbit 2: 15 dep gates: 60
qbit 1: 12 qbit 2: 15 dep gates: 70
qbit 1: 0 qbit 2: 7 dep gates: 72
qbit 1: 0 qbit 2: 7 dep gates: 72
qbit 1: 9 qbit 2: 17 dep gates: 76
qbit 1: 9 qbit 2: 17 dep gates: 64
qbit 1: 10 qbit 2: 19 dep gates: 74
qbit 1: 10 qbit 2: 19 dep gates: 74
qbit 1: 11 qbit 2: 16 dep gates: 60
qbit 1: 11 qbit 2: 16 dep gates: 76
qbit 1: 1 qbit 2: 4 dep gates: 75
qbit 1: 1 qbit 2: 4 dep gates: 75
qbit 1: 12 qbit 2: 15 dep gates: 77
qbit 1: 12 qbit 2: 15 dep gates: 77
qbit 1: 9 qbit 2: 17 dep gates: 79
qbit 1: 9 qbit 2: 17 dep gates: 79
qbit 1: 11 qbit 2: 16 dep gates: 81
qbit 1: 11 qbit 2: 16 dep gates: 81
qbit 1: 1 qbit 2: 6 dep gates: 82
qbit 1: 1 qbit 2: 6 dep gates: 69
qbit 1: 0 qbit 2: 11 dep gates: 78
qbit 1: 0 qbit 2: 11 dep gates: 85
qbit 1: 16 qbit 2: 17 dep gates: 85
qbit 1: 16 qbit 2: 17 dep gates: 84
qbit 1: 1 qbit 2: 6 dep gates: 86
qbit 1: 1 qbit 2: 6 dep gates: 86
qbit 1: 0 qbit 2: 11 dep gates: 87
qbit 1: 0 qbit 2: 11 dep gates: 87
qbit 1: 1 qbit 2: 7 dep gates: 89
qbit 1: 1 qbit 2: 7 dep gates: 78
qbit 1: 16 qbit 2: 17 dep gates: 88
qbit 1: 16 qbit 2: 17 dep gates: 88
qbit 1: 0 qbit 2: 13 dep gates: 90
qbit 1: 0 qbit 2: 13 dep gates: 51
qbit 1: 3 qbit 2: 6 dep gates: 73
qbit 1: 3 qbit 2: 6 dep gates: 89
qbit 1: 1 qbit 2: 7 dep gates: 91
qbit 1: 1 qbit 2: 7 dep gates: 91
qbit 1: 0 qbit 2: 13 dep gates: 93
qbit 1: 0 qbit 2: 13 dep gates: 93
qbit 1: 3 qbit 2: 6 dep gates: 94
qbit 1: 3 qbit 2: 6 dep gates: 94
qbit 1: 1 qbit 2: 9 dep gates: 95
qbit 1: 1 qbit 2: 9 dep gates: 84
qbit 1: 3 qbit 2: 10 dep gates: 97
qbit 1: 3 qbit 2: 10 dep gates: 80
qbit 1: 4 qbit 2: 7 dep gates: 82
qbit 1: 4 qbit 2: 7 dep gates: 95
qbit 1: 0 qbit 2: 16 dep gates: 96
qbit 1: 0 qbit 2: 16 dep gates: 92
qbit 1: 8 qbit 2: 13 dep gates: 70
qbit 1: 8 qbit 2: 13 dep gates: 96
qbit 1: 1 qbit 2: 9 dep gates: 98
qbit 1: 1 qbit 2: 9 dep gates: 98
qbit 1: 3 qbit 2: 10 dep gates: 99
qbit 1: 3 qbit 2: 10 dep gates: 99
qbit 1: 4 qbit 2: 7 dep gates: 100
qbit 1: 4 qbit 2: 7 dep gates: 100
qbit 1: 0 qbit 2: 16 dep gates: 101
qbit 1: 0 qbit 2: 16 dep gates: 101
qbit 1: 2 qbit 2: 9 dep gates: 34
qbit 1: 2 qbit 2: 9 dep gates: 103
qbit 1: 8 qbit 2: 13 dep gates: 102
qbit 1: 8 qbit 2: 13 dep gates: 102
qbit 1: 3 qbit 2: 14 dep gates: 104
qbit 1: 3 qbit 2: 14 dep gates: 40
qbit 1: 7 qbit 2: 10 dep gates: 105
qbit 1: 7 qbit 2: 10 dep gates: 104
qbit 1: 2 qbit 2: 9 dep gates: 107
qbit 1: 2 qbit 2: 9 dep gates: 107
qbit 1: 3 qbit 2: 14 dep gates: 109
qbit 1: 3 qbit 2: 14 dep gates: 109
qbit 1: 7 qbit 2: 10 dep gates: 110
qbit 1: 7 qbit 2: 10 dep gates: 110
qbit 1: 2 qbit 2: 16 dep gates: 111
qbit 1: 2 qbit 2: 16 dep gates: 106
qbit 1: 4 qbit 2: 9 dep gates: 105
qbit 1: 4 qbit 2: 9 dep gates: 111
qbit 1: 6 qbit 2: 14 dep gates: 97
qbit 1: 6 qbit 2: 14 dep gates: 112
qbit 1: 2 qbit 2: 16 dep gates: 114
qbit 1: 2 qbit 2: 16 dep gates: 114
qbit 1: 4 qbit 2: 9 dep gates: 115
qbit 1: 4 qbit 2: 9 dep gates: 115
qbit 1: 3 qbit 2: 16 dep gates: 112
qbit 1: 3 qbit 2: 16 dep gates: 117
qbit 1: 4 qbit 2: 11 dep gates: 118
qbit 1: 4 qbit 2: 11 dep gates: 90
qbit 1: 6 qbit 2: 14 dep gates: 116
qbit 1: 6 qbit 2: 14 dep gates: 116
qbit 1: 5 qbit 2: 9 dep gates: 64
qbit 1: 5 qbit 2: 9 dep gates: 118
qbit 1: 3 qbit 2: 16 dep gates: 119
qbit 1: 3 qbit 2: 16 dep gates: 119
qbit 1: 4 qbit 2: 11 dep gates: 120
qbit 1: 4 qbit 2: 11 dep gates: 120
qbit 1: 6 qbit 2: 15 dep gates: 121
qbit 1: 6 qbit 2: 15 dep gates: 83
qbit 1: 5 qbit 2: 9 dep gates: 122
qbit 1: 5 qbit 2: 9 dep gates: 122
qbit 1: 3 qbit 2: 17 dep gates: 123
qbit 1: 3 qbit 2: 17 dep gates: 92
qbit 1: 5 qbit 2: 16 dep gates: 126
qbit 1: 5 qbit 2: 16 dep gates: 123
qbit 1: 6 qbit 2: 15 dep gates: 125
qbit 1: 6 qbit 2: 15 dep gates: 125
qbit 1: 10 qbit 2: 11 dep gates: 113
qbit 1: 10 qbit 2: 11 dep gates: 124
qbit 1: 7 qbit 2: 15 dep gates: 113
qbit 1: 7 qbit 2: 15 dep gates: 129
qbit 1: 9 qbit 2: 13 dep gates: 126
qbit 1: 9 qbit 2: 13 dep gates: 108
qbit 1: 3 qbit 2: 17 dep gates: 127
qbit 1: 3 qbit 2: 17 dep gates: 127
qbit 1: 5 qbit 2: 16 dep gates: 128
qbit 1: 5 qbit 2: 16 dep gates: 128
qbit 1: 10 qbit 2: 11 dep gates: 130
qbit 1: 10 qbit 2: 11 dep gates: 130
qbit 1: 3 qbit 2: 19 dep gates: 133
qbit 1: 3 qbit 2: 19 dep gates: 80
qbit 1: 7 qbit 2: 15 dep gates: 131
qbit 1: 7 qbit 2: 15 dep gates: 131
qbit 1: 9 qbit 2: 13 dep gates: 132
qbit 1: 9 qbit 2: 13 dep gates: 132
qbit 1: 10 qbit 2: 18 dep gates: 135
qbit 1: 10 qbit 2: 18 dep gates: 63
qbit 1: 5 qbit 2: 17 dep gates: 134
qbit 1: 5 qbit 2: 17 dep gates: 133
qbit 1: 11 qbit 2: 12 dep gates: 135
qbit 1: 11 qbit 2: 12 dep gates: 83
qbit 1: 3 qbit 2: 19 dep gates: 136
qbit 1: 3 qbit 2: 19 dep gates: 136
qbit 1: 7 qbit 2: 16 dep gates: 137
qbit 1: 7 qbit 2: 16 dep gates: 134
qbit 1: 10 qbit 2: 18 dep gates: 139
qbit 1: 10 qbit 2: 18 dep gates: 139
qbit 1: 5 qbit 2: 17 dep gates: 140
qbit 1: 5 qbit 2: 17 dep gates: 140
qbit 1: 8 qbit 2: 15 dep gates: 108
qbit 1: 8 qbit 2: 15 dep gates: 137
qbit 1: 11 qbit 2: 12 dep gates: 141
qbit 1: 11 qbit 2: 12 dep gates: 141
qbit 1: 1 qbit 2: 3 dep gates: 103
qbit 1: 1 qbit 2: 3 dep gates: 142
qbit 1: 6 qbit 2: 19 dep gates: 129
qbit 1: 6 qbit 2: 19 dep gates: 142
qbit 1: 7 qbit 2: 16 dep gates: 143
qbit 1: 7 qbit 2: 16 dep gates: 143
qbit 1: 8 qbit 2: 15 dep gates: 146
qbit 1: 8 qbit 2: 15 dep gates: 146
qbit 1: 0 qbit 2: 7 dep gates: 106
qbit 1: 0 qbit 2: 7 dep gates: 150
qbit 1: 1 qbit 2: 3 dep gates: 148
qbit 1: 1 qbit 2: 3 dep gates: 148
qbit 1: 6 qbit 2: 19 dep gates: 149
qbit 1: 6 qbit 2: 19 dep gates: 149
qbit 1: 9 qbit 2: 16 dep gates: 138
qbit 1: 9 qbit 2: 16 dep gates: 150
qbit 1: 10 qbit 2: 19 dep gates: 144
qbit 1: 10 qbit 2: 19 dep gates: 154
qbit 1: 12 qbit 2: 15 dep gates: 147
qbit 1: 12 qbit 2: 15 dep gates: 151
qbit 1: 0 qbit 2: 7 dep gates: 152
qbit 1: 0 qbit 2: 7 dep gates: 152
qbit 1: 1 qbit 2: 4 dep gates: 153
qbit 1: 1 qbit 2: 4 dep gates: 124
qbit 1: 9 qbit 2: 16 dep gates: 155
qbit 1: 9 qbit 2: 16 dep gates: 155
qbit 1: 9 qbit 2: 17 dep gates: 160
qbit 1: 9 qbit 2: 17 dep gates: 145
qbit 1: 10 qbit 2: 19 dep gates: 156
qbit 1: 10 qbit 2: 19 dep gates: 156
qbit 1: 11 qbit 2: 16 dep gates: 147
qbit 1: 11 qbit 2: 16 dep gates: 160
qbit 1: 12 qbit 2: 15 dep gates: 157
qbit 1: 12 qbit 2: 15 dep gates: 157
qbit 1: 1 qbit 2: 4 dep gates: 159
qbit 1: 1 qbit 2: 4 dep gates: 159
qbit 1: 9 qbit 2: 17 dep gates: 161
qbit 1: 9 qbit 2: 17 dep gates: 161
qbit 1: 11 qbit 2: 16 dep gates: 163
qbit 1: 11 qbit 2: 16 dep gates: 163
qbit 1: 1 qbit 2: 6 dep gates: 165
qbit 1: 1 qbit 2: 6 dep gates: 154
qbit 1: 0 qbit 2: 11 dep gates: 158
qbit 1: 0 qbit 2: 11 dep gates: 167
qbit 1: 16 qbit 2: 17 dep gates: 167
qbit 1: 16 qbit 2: 17 dep gates: 166
qbit 1: 1 qbit 2: 6 dep gates: 168
qbit 1: 1 qbit 2: 6 dep gates: 168
qbit 1: 0 qbit 2: 11 dep gates: 169
qbit 1: 0 qbit 2: 11 dep gates: 169
qbit 1: 16 qbit 2: 17 dep gates: 170
qbit 1: 16 qbit 2: 17 dep gates: 170
qbit 1: 0 qbit 2: 13 dep gates: 172
qbit 1: 0 qbit 2: 13 dep gates: 138
qbit 1: 1 qbit 2: 7 dep gates: 171
qbit 1: 1 qbit 2: 7 dep gates: 158
qbit 1: 3 qbit 2: 6 dep gates: 153
qbit 1: 3 qbit 2: 6 dep gates: 171
qbit 1: 0 qbit 2: 13 dep gates: 174
qbit 1: 0 qbit 2: 13 dep gates: 174
qbit 1: 1 qbit 2: 7 dep gates: 175
qbit 1: 1 qbit 2: 7 dep gates: 175
qbit 1: 3 qbit 2: 6 dep gates: 176
qbit 1: 3 qbit 2: 6 dep gates: 176
qbit 1: 0 qbit 2: 16 dep gates: 177
qbit 1: 0 qbit 2: 16 dep gates: 173
qbit 1: 1 qbit 2: 9 dep gates: 178
qbit 1: 1 qbit 2: 9 dep gates: 166
qbit 1: 3 qbit 2: 10 dep gates: 179
qbit 1: 3 qbit 2: 10 dep gates: 162
qbit 1: 4 qbit 2: 7 dep gates: 165
qbit 1: 4 qbit 2: 7 dep gates: 178
qbit 1: 8 qbit 2: 13 dep gates: 151
qbit 1: 8 qbit 2: 13 dep gates: 177
qbit 1: 0 qbit 2: 16 dep gates: 180
qbit 1: 0 qbit 2: 16 dep gates: 180
qbit 1: 1 qbit 2: 9 dep gates: 181
qbit 1: 1 qbit 2: 9 dep gates: 181
qbit 1: 3 qbit 2: 10 dep gates: 182
qbit 1: 3 qbit 2: 10 dep gates: 182
qbit 1: 4 qbit 2: 7 dep gates: 183
qbit 1: 4 qbit 2: 7 dep gates: 183
qbit 1: 8 qbit 2: 13 dep gates: 184
qbit 1: 8 qbit 2: 13 dep gates: 184
qbit 1: 3 qbit 2: 14 dep gates: 187
qbit 1: 3 qbit 2: 14 dep gates: 121
qbit 1: 2 qbit 2: 9 dep gates: 117
qbit 1: 2 qbit 2: 9 dep gates: 186
qbit 1: 7 qbit 2: 10 dep gates: 188
qbit 1: 7 qbit 2: 10 dep gates: 187
qbit 1: 3 qbit 2: 14 dep gates: 190
qbit 1: 3 qbit 2: 14 dep gates: 190
qbit 1: 2 qbit 2: 9 dep gates: 191
qbit 1: 2 qbit 2: 9 dep gates: 191
qbit 1: 6 qbit 2: 14 dep gates: 179
qbit 1: 6 qbit 2: 14 dep gates: 193
qbit 1: 7 qbit 2: 10 dep gates: 192
qbit 1: 7 qbit 2: 10 dep gates: 192
qbit 1: 4 qbit 2: 9 dep gates: 188
qbit 1: 4 qbit 2: 9 dep gates: 194
qbit 1: 2 qbit 2: 16 dep gates: 194
qbit 1: 2 qbit 2: 16 dep gates: 185
qbit 1: 6 qbit 2: 14 dep gates: 195
qbit 1: 6 qbit 2: 14 dep gates: 195
qbit 1: 4 qbit 2: 9 dep gates: 197
qbit 1: 4 qbit 2: 9 dep gates: 197
qbit 1: 2 qbit 2: 16 dep gates: 198
qbit 1: 2 qbit 2: 16 dep gates: 198
qbit 1: 4 qbit 2: 11 dep gates: 200
qbit 1: 4 qbit 2: 11 dep gates: 172
qbit 1: 6 qbit 2: 15 dep gates: 199
qbit 1: 6 qbit 2: 15 dep gates: 164
qbit 1: 5 qbit 2: 9 dep gates: 145
qbit 1: 5 qbit 2: 9 dep gates: 200
qbit 1: 3 qbit 2: 16 dep gates: 193
qbit 1: 3 qbit 2: 16 dep gates: 201
qbit 1: 4 qbit 2: 11 dep gates: 202
qbit 1: 4 qbit 2: 11 dep gates: 202
qbit 1: 6 qbit 2: 15 dep gates: 203
qbit 1: 6 qbit 2: 15 dep gates: 203
qbit 1: 5 qbit 2: 9 dep gates: 204
qbit 1: 5 qbit 2: 9 dep gates: 204
qbit 1: 3 qbit 2: 16 dep gates: 205
qbit 1: 3 qbit 2: 16 dep gates: 205
qbit 1: 7 qbit 2: 15 dep gates: 196
qbit 1: 7 qbit 2: 15 dep gates: 207
qbit 1: 10 qbit 2: 11 dep gates: 196
qbit 1: 10 qbit 2: 11 dep gates: 206
qbit 1: 5 qbit 2: 16 dep gates: 208
qbit 1: 5 qbit 2: 16 dep gates: 209
qbit 1: 9 qbit 2: 13 dep gates: 208
qbit 1: 9 qbit 2: 13 dep gates: 189
qbit 1: 3 qbit 2: 17 dep gates: 209
qbit 1: 3 qbit 2: 17 dep gates: 173
qbit 1: 7 qbit 2: 15 dep gates: 210
qbit 1: 7 qbit 2: 15 dep gates: 210
qbit 1: 10 qbit 2: 11 dep gates: 211
qbit 1: 10 qbit 2: 11 dep gates: 211
qbit 1: 5 qbit 2: 16 dep gates: 212
qbit 1: 5 qbit 2: 16 dep gates: 212
qbit 1: 8 qbit 2: 15 dep gates: 189
qbit 1: 8 qbit 2: 15 dep gates: 215
qbit 1: 9 qbit 2: 13 dep gates: 213
qbit 1: 9 qbit 2: 13 dep gates: 213
qbit 1: 3 qbit 2: 17 dep gates: 214
qbit 1: 3 qbit 2: 17 dep gates: 214
qbit 1: 10 qbit 2: 18 dep gates: 216
qbit 1: 10 qbit 2: 18 dep gates: 144
qbit 1: 11 qbit 2: 12 dep gates: 216
qbit 1: 11 qbit 2: 12 dep gates: 164
qbit 1: 3 qbit 2: 19 dep gates: 220
qbit 1: 3 qbit 2: 19 dep gates: 162
qbit 1: 7 qbit 2: 16 dep gates: 215
qbit 1: 7 qbit 2: 16 dep gates: 217
qbit 1: 8 qbit 2: 15 dep gates: 218
qbit 1: 8 qbit 2: 15 dep gates: 218
qbit 1: 5 qbit 2: 17 dep gates: 217
qbit 1: 5 qbit 2: 17 dep gates: 220
qbit 1: 10 qbit 2: 18 dep gates: 221
qbit 1: 10 qbit 2: 18 dep gates: 221
qbit 1: 11 qbit 2: 12 dep gates: 222
qbit 1: 11 qbit 2: 12 dep gates: 222
qbit 1: 3 qbit 2: 19 dep gates: 223
qbit 1: 3 qbit 2: 19 dep gates: 223
qbit 1: 7 qbit 2: 16 dep gates: 224
qbit 1: 7 qbit 2: 16 dep gates: 224
qbit 1: 12 qbit 2: 15 dep gates: 228
qbit 1: 12 qbit 2: 15 dep gates: 225
qbit 1: 5 qbit 2: 17 dep gates: 226
qbit 1: 5 qbit 2: 17 dep gates: 226
qbit 1: 9 qbit 2: 16 dep gates: 219
qbit 1: 9 qbit 2: 16 dep gates: 230
qbit 1: 6 qbit 2: 19 dep gates: 207
qbit 1: 6 qbit 2: 19 dep gates: 229
qbit 1: 12 qbit 2: 15 dep gates: 231
qbit 1: 12 qbit 2: 15 dep gates: 231
qbit 1: 9 qbit 2: 16 dep gates: 233
qbit 1: 9 qbit 2: 16 dep gates: 233
qbit 1: 6 qbit 2: 19 dep gates: 234
qbit 1: 6 qbit 2: 19 dep gates: 234
qbit 1: 11 qbit 2: 16 dep gates: 228
qbit 1: 11 qbit 2: 16 dep gates: 236
qbit 1: 9 qbit 2: 17 dep gates: 236
qbit 1: 9 qbit 2: 17 dep gates: 232
qbit 1: 10 qbit 2: 19 dep gates: 227
qbit 1: 10 qbit 2: 19 dep gates: 237
qbit 1: 11 qbit 2: 16 dep gates: 238
qbit 1: 11 qbit 2: 16 dep gates: 238
qbit 1: 9 qbit 2: 17 dep gates: 239
qbit 1: 9 qbit 2: 17 dep gates: 239
qbit 1: 10 qbit 2: 19 dep gates: 240
qbit 1: 10 qbit 2: 19 dep gates: 240
qbit 1: 16 qbit 2: 17 dep gates: 241
qbit 1: 16 qbit 2: 17 dep gates: 242
qbit 1: 16 qbit 2: 17 dep gates: 244
qbit 1: 16 qbit 2: 17 dep gates: 244
parse object map:
{0: [0, 7], 1: [1, 3], 2: [0, 7], 3: [1, 3], 4: [1, 4], 5: [0, 11], 6: [1, 4], 7: [0, 11], 8: [0, 13], 9: [1, 6], 10: [0, 13], 11: [1, 6], 12: [1, 7], 13: [8, 13], 14: [0, 16], 15: [3, 6], 16: [1, 7], 17: [8, 13], 18: [0, 16], 19: [3, 6], 20: [1, 9], 21: [4, 7], 22: [3, 10], 23: [1, 9], 24: [4, 7], 25: [2, 9], 26: [3, 10], 27: [3, 14], 28: [2, 9], 29: [7, 10], 30: [2, 16], 31: [3, 14], 32: [4, 9], 33: [7, 10], 34: [2, 16], 35: [4, 9], 36: [6, 14], 37: [3, 16], 38: [4, 11], 39: [5, 9], 40: [6, 14], 41: [3, 16], 42: [4, 11], 43: [5, 9], 44: [6, 15], 45: [3, 17], 46: [9, 13], 47: [10, 11], 48: [5, 16], 49: [6, 15], 50: [3, 17], 51: [9, 13], 52: [10, 11], 53: [5, 16], 54: [7, 15], 55: [11, 12], 56: [3, 19], 57: [10, 18], 58: [5, 17], 59: [7, 15], 60: [11, 12], 61: [3, 19], 62: [7, 16], 63: [10, 18], 64: [5, 17], 65: [6, 19], 66: [8, 15], 67: [1, 3], 68: [7, 16], 69: [6, 19], 70: [8, 15], 71: [9, 16], 72: [0, 7], 73: [1, 3], 74: [10, 19], 75: [1, 4], 76: [9, 16], 77: [12, 15], 78: [0, 7], 79: [9, 17], 80: [10, 19], 81: [11, 16], 82: [1, 4], 83: [12, 15], 84: [9, 17], 85: [11, 16], 86: [1, 6], 87: [0, 11], 88: [16, 17], 89: [1, 6], 90: [0, 11], 91: [1, 7], 92: [16, 17], 93: [0, 13], 94: [3, 6], 95: [1, 7], 96: [0, 13], 97: [3, 6], 98: [1, 9], 99: [3, 10], 100: [4, 7], 101: [0, 16], 102: [8, 13], 103: [1, 9], 104: [3, 10], 105: [4, 7], 106: [0, 16], 107: [2, 9], 108: [8, 13], 109: [3, 14], 110: [7, 10], 111: [2, 9], 112: [3, 14], 113: [7, 10], 114: [2, 16], 115: [4, 9], 116: [6, 14], 117: [2, 16], 118: [4, 9], 119: [3, 16], 120: [4, 11], 121: [6, 14], 122: [5, 9], 123: [3, 16], 124: [4, 11], 125: [6, 15], 126: [5, 9], 127: [3, 17], 128: [5, 16], 129: [6, 15], 130: [10, 11], 131: [7, 15], 132: [9, 13], 133: [3, 17], 134: [5, 16], 135: [10, 11], 136: [3, 19], 137: [7, 15], 138: [9, 13], 139: [10, 18], 140: [5, 17], 141: [11, 12], 142: [3, 19], 143: [7, 16], 144: [10, 18], 145: [5, 17], 146: [8, 15], 147: [11, 12], 148: [1, 3], 149: [6, 19], 150: [7, 16], 151: [8, 15], 152: [0, 7], 153: [1, 3], 154: [6, 19], 155: [9, 16], 156: [10, 19], 157: [12, 15], 158: [0, 7], 159: [1, 4], 160: [9, 16], 161: [9, 17], 162: [10, 19], 163: [11, 16], 164: [12, 15], 165: [1, 4], 166: [9, 17], 167: [11, 16], 168: [1, 6], 169: [0, 11], 170: [16, 17], 171: [1, 6], 172: [0, 11], 173: [16, 17], 174: [0, 13], 175: [1, 7], 176: [3, 6], 177: [0, 13], 178: [1, 7], 179: [3, 6], 180: [0, 16], 181: [1, 9], 182: [3, 10], 183: [4, 7], 184: [8, 13], 185: [0, 16], 186: [1, 9], 187: [3, 10], 188: [4, 7], 189: [8, 13], 190: [3, 14], 191: [2, 9], 192: [7, 10], 193: [3, 14], 194: [2, 9], 195: [6, 14], 196: [7, 10], 197: [4, 9], 198: [2, 16], 199: [6, 14], 200: [4, 9], 201: [2, 16], 202: [4, 11], 203: [6, 15], 204: [5, 9], 205: [3, 16], 206: [4, 11], 207: [6, 15], 208: [5, 9], 209: [3, 16], 210: [7, 15], 211: [10, 11], 212: [5, 16], 213: [9, 13], 214: [3, 17], 215: [7, 15], 216: [10, 11], 217: [5, 16], 218: [8, 15], 219: [9, 13], 220: [3, 17], 221: [10, 18], 222: [11, 12], 223: [3, 19], 224: [7, 16], 225: [8, 15], 226: [5, 17], 227: [10, 18], 228: [11, 12], 229: [3, 19], 230: [7, 16], 231: [12, 15], 232: [5, 17], 233: [9, 16], 234: [6, 19], 235: [12, 15], 236: [9, 16], 237: [6, 19], 238: [11, 16], 239: [9, 17], 240: [10, 19], 241: [11, 16], 242: [9, 17], 243: [10, 19], 244: [16, 17], 245: [16, 17]}
parse object graph:
DiGraph with 246 nodes and 349 edges
Initial_qubit layout:  {0: [0, 7, 11, 13, 16], 1: [6, 9, 14, 17, 19], 2: [1, 4, 10, 15, 3], 3: [12, 8, 2, 5, 18]}
0
1
2
3
5
4
7
6
8
9
Traceback (most recent call last):
  File "/home/edyounis/bqskit-shuttling/bqskit/shuttling/qccd/QCCDSim/run.py", line 136, in <module>
    ejfs.run()
  File "/home/edyounis/bqskit-shuttling/bqskit/shuttling/qccd/QCCDSim/ejf_schedule.py", line 400, in run
    self.schedule_gate(g)
  File "/home/edyounis/bqskit-shuttling/bqskit/shuttling/qccd/QCCDSim/ejf_schedule.py", line 307, in schedule_gate
    rebal_flag, new_fin_time = self.rebalance_traps(focus_traps=[ion1_trap, ion2_trap], fire_time=fire_time)
                               ^^^^^^^^^^^^^^^^^^^^^^^^^^^^^^^^^^^^^^^^^^^^^^^^^^^^^^^^^^^^^^^^^^^^^^^^^^^^^
  File "/home/edyounis/bqskit-shuttling/bqskit/shuttling/qccd/QCCDSim/ejf_schedule.py", line 343, in rebalance_traps
    finish_time = self.do_rebalance_traps(fire_time)
                  ^^^^^^^^^^^^^^^^^^^^^^^^^^^^^^^^^^
  File "/home/edyounis/bqskit-shuttling/bqskit/shuttling/qccd/QCCDSim/ejf_schedule.py", line 353, in do_rebalance_traps
    flow_dict = rebal.clear_all_blocks()
                ^^^^^^^^^^^^^^^^^^^^^^^^
  File "/home/edyounis/bqskit-shuttling/bqskit/shuttling/qccd/QCCDSim/rebalance.py", line 46, in clear_all_blocks
    flowCost, flowDict = nx.network_simplex(graph) 
                         ^^^^^^^^^^^^^^^^^^^^^^^^^
  File "/home/edyounis/bqskit-shuttling/.env/lib/python3.11/site-packages/networkx/utils/decorators.py", line 788, in func
    return argmap._lazy_compile(__wrapper)(*args, **kwargs)
           ^^^^^^^^^^^^^^^^^^^^^^^^^^^^^^^^^^^^^^^^^^^^^^^^
  File "<class 'networkx.utils.decorators.argmap'> compilation 37", line 4, in argmap_network_simplex_33
  File "/home/edyounis/bqskit-shuttling/.env/lib/python3.11/site-packages/networkx/utils/backends.py", line 967, in __call__
    return self.orig_func(*args, **kwargs)
           ^^^^^^^^^^^^^^^^^^^^^^^^^^^^^^^
  File "/home/edyounis/bqskit-shuttling/.env/lib/python3.11/site-packages/networkx/algorithms/flow/networksimplex.py", line 532, in network_simplex
    raise nx.NetworkXUnfeasible("total node demand is not zero")
networkx.exception.NetworkXUnfeasible: total node demand is not zero
