Simulation
Program: bqskit/shuttling/qccd/benchmark_circuits/QuantumVolume_16.qasm
Machine: H
Model: MPar1
Ions: 5
Mapper: Greedy
Reorder: Naive
SerialTrap: 1
SerialComm: 0
SerialAll: 0
Gatetype: FM
Swaptype: GateSwap
qbit 1: 2 qbit 2: 14 dep gates: 0
qbit 1: 2 qbit 2: 14 dep gates: 0
qbit 1: 3 qbit 2: 15 dep gates: 1
qbit 1: 3 qbit 2: 15 dep gates: 1
qbit 1: 4 qbit 2: 10 dep gates: 2
qbit 1: 4 qbit 2: 10 dep gates: 2
qbit 1: 5 qbit 2: 11 dep gates: 3
qbit 1: 5 qbit 2: 11 dep gates: 3
qbit 1: 6 qbit 2: 8 dep gates: 4
qbit 1: 6 qbit 2: 8 dep gates: 4
qbit 1: 7 qbit 2: 1 dep gates: 5
qbit 1: 7 qbit 2: 1 dep gates: 5
qbit 1: 9 qbit 2: 0 dep gates: 6
qbit 1: 9 qbit 2: 0 dep gates: 6
qbit 1: 13 qbit 2: 12 dep gates: 7
qbit 1: 13 qbit 2: 12 dep gates: 7
qbit 1: 2 qbit 2: 14 dep gates: 8
qbit 1: 2 qbit 2: 14 dep gates: 8
qbit 1: 3 qbit 2: 15 dep gates: 9
qbit 1: 3 qbit 2: 15 dep gates: 9
qbit 1: 4 qbit 2: 10 dep gates: 10
qbit 1: 4 qbit 2: 10 dep gates: 10
qbit 1: 5 qbit 2: 11 dep gates: 11
qbit 1: 5 qbit 2: 11 dep gates: 11
qbit 1: 6 qbit 2: 8 dep gates: 12
qbit 1: 6 qbit 2: 8 dep gates: 12
qbit 1: 7 qbit 2: 1 dep gates: 13
qbit 1: 7 qbit 2: 1 dep gates: 13
qbit 1: 9 qbit 2: 0 dep gates: 14
qbit 1: 9 qbit 2: 0 dep gates: 14
qbit 1: 13 qbit 2: 12 dep gates: 15
qbit 1: 13 qbit 2: 12 dep gates: 15
qbit 1: 0 qbit 2: 14 dep gates: 22
qbit 1: 0 qbit 2: 14 dep gates: 16
qbit 1: 1 qbit 2: 8 dep gates: 21
qbit 1: 1 qbit 2: 8 dep gates: 20
qbit 1: 2 qbit 2: 6 dep gates: 16
qbit 1: 2 qbit 2: 6 dep gates: 20
qbit 1: 3 qbit 2: 4 dep gates: 17
qbit 1: 3 qbit 2: 4 dep gates: 18
qbit 1: 5 qbit 2: 7 dep gates: 19
qbit 1: 5 qbit 2: 7 dep gates: 21
qbit 1: 10 qbit 2: 9 dep gates: 18
qbit 1: 10 qbit 2: 9 dep gates: 22
qbit 1: 11 qbit 2: 15 dep gates: 19
qbit 1: 11 qbit 2: 15 dep gates: 17
qbit 1: 13 qbit 2: 12 dep gates: 23
qbit 1: 13 qbit 2: 12 dep gates: 23
qbit 1: 0 qbit 2: 14 dep gates: 24
qbit 1: 0 qbit 2: 14 dep gates: 24
qbit 1: 1 qbit 2: 8 dep gates: 25
qbit 1: 1 qbit 2: 8 dep gates: 25
qbit 1: 2 qbit 2: 6 dep gates: 26
qbit 1: 2 qbit 2: 6 dep gates: 26
qbit 1: 3 qbit 2: 4 dep gates: 27
qbit 1: 3 qbit 2: 4 dep gates: 27
qbit 1: 5 qbit 2: 7 dep gates: 28
qbit 1: 5 qbit 2: 7 dep gates: 28
qbit 1: 10 qbit 2: 9 dep gates: 29
qbit 1: 10 qbit 2: 9 dep gates: 29
qbit 1: 11 qbit 2: 15 dep gates: 30
qbit 1: 11 qbit 2: 15 dep gates: 30
qbit 1: 13 qbit 2: 12 dep gates: 31
qbit 1: 13 qbit 2: 12 dep gates: 31
qbit 1: 0 qbit 2: 14 dep gates: 32
qbit 1: 0 qbit 2: 14 dep gates: 32
qbit 1: 1 qbit 2: 8 dep gates: 33
qbit 1: 1 qbit 2: 8 dep gates: 33
qbit 1: 2 qbit 2: 6 dep gates: 34
qbit 1: 2 qbit 2: 6 dep gates: 34
qbit 1: 3 qbit 2: 4 dep gates: 35
qbit 1: 3 qbit 2: 4 dep gates: 35
qbit 1: 5 qbit 2: 7 dep gates: 36
qbit 1: 5 qbit 2: 7 dep gates: 36
qbit 1: 10 qbit 2: 9 dep gates: 37
qbit 1: 10 qbit 2: 9 dep gates: 37
qbit 1: 11 qbit 2: 15 dep gates: 38
qbit 1: 11 qbit 2: 15 dep gates: 38
qbit 1: 13 qbit 2: 12 dep gates: 39
qbit 1: 13 qbit 2: 12 dep gates: 39
qbit 1: 0 qbit 2: 12 dep gates: 40
qbit 1: 0 qbit 2: 12 dep gates: 47
qbit 1: 1 qbit 2: 7 dep gates: 41
qbit 1: 1 qbit 2: 7 dep gates: 44
qbit 1: 3 qbit 2: 2 dep gates: 43
qbit 1: 3 qbit 2: 2 dep gates: 42
qbit 1: 5 qbit 2: 13 dep gates: 44
qbit 1: 5 qbit 2: 13 dep gates: 47
qbit 1: 8 qbit 2: 14 dep gates: 41
qbit 1: 8 qbit 2: 14 dep gates: 40
qbit 1: 9 qbit 2: 15 dep gates: 45
qbit 1: 9 qbit 2: 15 dep gates: 46
qbit 1: 10 qbit 2: 6 dep gates: 45
qbit 1: 10 qbit 2: 6 dep gates: 42
qbit 1: 11 qbit 2: 4 dep gates: 46
qbit 1: 11 qbit 2: 4 dep gates: 43
qbit 1: 0 qbit 2: 12 dep gates: 48
qbit 1: 0 qbit 2: 12 dep gates: 48
qbit 1: 1 qbit 2: 7 dep gates: 49
qbit 1: 1 qbit 2: 7 dep gates: 49
qbit 1: 3 qbit 2: 2 dep gates: 50
qbit 1: 3 qbit 2: 2 dep gates: 50
qbit 1: 5 qbit 2: 13 dep gates: 51
qbit 1: 5 qbit 2: 13 dep gates: 51
qbit 1: 8 qbit 2: 14 dep gates: 52
qbit 1: 8 qbit 2: 14 dep gates: 52
qbit 1: 9 qbit 2: 15 dep gates: 53
qbit 1: 9 qbit 2: 15 dep gates: 53
qbit 1: 10 qbit 2: 6 dep gates: 54
qbit 1: 10 qbit 2: 6 dep gates: 54
qbit 1: 11 qbit 2: 4 dep gates: 55
qbit 1: 11 qbit 2: 4 dep gates: 55
qbit 1: 0 qbit 2: 12 dep gates: 56
qbit 1: 0 qbit 2: 12 dep gates: 56
qbit 1: 1 qbit 2: 7 dep gates: 57
qbit 1: 1 qbit 2: 7 dep gates: 57
qbit 1: 3 qbit 2: 2 dep gates: 58
qbit 1: 3 qbit 2: 2 dep gates: 58
qbit 1: 5 qbit 2: 13 dep gates: 59
qbit 1: 5 qbit 2: 13 dep gates: 59
qbit 1: 8 qbit 2: 14 dep gates: 60
qbit 1: 8 qbit 2: 14 dep gates: 60
qbit 1: 9 qbit 2: 15 dep gates: 61
qbit 1: 9 qbit 2: 15 dep gates: 61
qbit 1: 10 qbit 2: 6 dep gates: 62
qbit 1: 10 qbit 2: 6 dep gates: 62
qbit 1: 11 qbit 2: 4 dep gates: 63
qbit 1: 11 qbit 2: 4 dep gates: 63
parse object map:
{0: [2, 14], 1: [3, 15], 2: [4, 10], 3: [5, 11], 4: [6, 8], 5: [7, 1], 6: [9, 0], 7: [13, 12], 8: [2, 14], 9: [3, 15], 10: [4, 10], 11: [5, 11], 12: [6, 8], 13: [7, 1], 14: [9, 0], 15: [13, 12], 16: [2, 14], 17: [3, 15], 18: [4, 10], 19: [5, 11], 20: [6, 8], 21: [7, 1], 22: [9, 0], 23: [13, 12], 24: [0, 14], 25: [1, 8], 26: [2, 6], 27: [3, 4], 28: [5, 7], 29: [10, 9], 30: [11, 15], 31: [13, 12], 32: [0, 14], 33: [1, 8], 34: [2, 6], 35: [3, 4], 36: [5, 7], 37: [10, 9], 38: [11, 15], 39: [13, 12], 40: [0, 14], 41: [1, 8], 42: [2, 6], 43: [3, 4], 44: [5, 7], 45: [10, 9], 46: [11, 15], 47: [13, 12], 48: [0, 12], 49: [1, 7], 50: [3, 2], 51: [5, 13], 52: [8, 14], 53: [9, 15], 54: [10, 6], 55: [11, 4], 56: [0, 12], 57: [1, 7], 58: [3, 2], 59: [5, 13], 60: [8, 14], 61: [9, 15], 62: [10, 6], 63: [11, 4], 64: [0, 12], 65: [1, 7], 66: [3, 2], 67: [5, 13], 68: [8, 14], 69: [9, 15], 70: [10, 6], 71: [11, 4]}
parse object graph:
DiGraph with 72 nodes and 79 edges
Initial_qubit layout:  {0: [1, 7, 5, 11, 15], 1: [8, 4, 9, 10, 13], 2: [3, 2, 14, 6, 0], 3: [12]}
0
1
2
3
4
5
6
7
8
9
10
11
12
13
14
15
16
17
18
19
20
21
22
23
27
30
26
25
28
24
29
31
35
38
34
33
36
32
37
39
43
46
42
41
44
40
45
47
55
50
49
52
53
54
48
51
63
58
57
60
61
62
56
59
71
66
65
68
69
70
64
67
GAT [2, 14] T2 (0, 100)
SPL [1] T0->S0 (0, 248)
MOV [1] S0->S4 (248, 353)
MOV [1] S4->S3 (353, 458)
MER [1] S3->T3 (458, 580)
SPL [8] T1->S2 (580, 828)
GAT [4, 10] T1 (828, 928)
MOV [8] S2->S3 (828, 933)
MER [8] S3->T3 (933, 1097)
SPL [3] T2->S1 (1097, 1345)
MOV [3] S1->S4 (1345, 1450)
MOV [3] S4->S3 (1450, 1555)
MER [3] S3->T3 (1555, 1761)
SPL [3] T3->S3 (1761, 1841)
MOV [3] S3->S4 (1841, 1946)
MOV [3] S4->S0 (1946, 2051)
SPL [6] T2->S1 (2051, 2173)
MOV [6] S1->S4 (2173, 2278)
MER [3] S0->T0 (2051, 2299)
MOV [6] S4->S3 (2278, 2383)
GAT [3, 15] T0 (2299, 2399)
GAT [5, 11] T0 (2399, 2499)
MER [6] S3->T3 (2383, 2589)
GAT [6, 8] T3 (2589, 2689)
SPL [7] T0->S0 (2589, 2837)
GAT [3, 15] T0 (2837, 2937)
MOV [7] S0->S4 (2837, 2942)
GAT [5, 11] T0 (2937, 3037)
MOV [7] S4->S3 (2942, 3047)
GAT [3, 15] T0 (3037, 3137)
SPL [9] T1->S2 (3047, 3211)
GAT [5, 11] T0 (3137, 3237)
MER [7] S3->T3 (3047, 3295)
MOV [9] S2->S4 (3211, 3316)
GAT [7, 1] T3 (3295, 3395)
MOV [9] S4->S1 (3316, 3421)
MER [9] S1->T2 (3421, 3627)
SPL [12] T3->S3 (3395, 3643)
GAT [9, 0] T2 (3627, 3727)
GAT [6, 8] T3 (3643, 3743)
MOV [12] S3->S2 (3643, 3748)
GAT [2, 14] T2 (3727, 3827)
GAT [7, 1] T3 (3743, 3843)
GAT [9, 0] T2 (3827, 3927)
GAT [6, 8] T3 (3843, 3943)
MER [12] S2->T1 (3748, 3954)
GAT [2, 14] T2 (3927, 4027)
GAT [7, 1] T3 (3943, 4043)
GAT [13, 12] T1 (3954, 4054)
GAT [9, 0] T2 (4027, 4127)
GAT [4, 10] T1 (4054, 4154)
GAT [13, 12] T1 (4154, 4254)
GAT [4, 10] T1 (4254, 4354)
SPL [3] T0->S0 (4354, 4434)
GAT [13, 12] T1 (4354, 4454)
GAT [11, 15] T0 (4434, 4534)
MOV [3] S0->S4 (4434, 4539)
MOV [3] S4->S2 (4539, 4644)
SPL [2] T2->S1 (4644, 4850)
MER [3] S2->T1 (4644, 4892)
GAT [0, 14] T2 (4850, 4950)
MOV [2] S1->S4 (4850, 4955)
GAT [3, 4] T1 (4892, 4992)
MOV [2] S4->S3 (4955, 5060)
MER [2] S3->T3 (5060, 5308)
GAT [2, 6] T3 (5308, 5408)
GAT [1, 8] T3 (5408, 5508)
SPL [7] T3->S3 (5508, 5630)
GAT [2, 6] T3 (5630, 5730)
MOV [7] S3->S4 (5630, 5735)
GAT [1, 8] T3 (5730, 5830)
MOV [7] S4->S0 (5735, 5840)
GAT [2, 6] T3 (5830, 5930)
GAT [1, 8] T3 (5930, 6030)
SPL [10] T1->S2 (5840, 6046)
MER [7] S0->T0 (5840, 6046)
GAT [13, 12] T1 (6046, 6146)
GAT [5, 7] T0 (6046, 6146)
MOV [10] S2->S4 (6046, 6151)
GAT [11, 15] T0 (6146, 6246)
GAT [3, 4] T1 (6146, 6246)
MOV [10] S4->S1 (6151, 6256)
GAT [13, 12] T1 (6246, 6346)
GAT [5, 7] T0 (6246, 6346)
GAT [11, 15] T0 (6346, 6446)
GAT [3, 4] T1 (6346, 6446)
MER [10] S1->T2 (6256, 6462)
GAT [13, 12] T1 (6446, 6546)
GAT [5, 7] T0 (6446, 6546)
GAT [10, 9] T2 (6462, 6562)
GAT [0, 14] T2 (6562, 6662)
SPL [11] T0->S0 (6546, 6710)
GAT [10, 9] T2 (6662, 6762)
MOV [11] S0->S4 (6710, 6815)
GAT [0, 14] T2 (6762, 6862)
MOV [11] S4->S2 (6815, 6920)
GAT [10, 9] T2 (6862, 6962)
MER [11] S2->T1 (6920, 7168)
GAT [11, 4] T1 (7168, 7268)
SPL [3] T1->S2 (7268, 7390)
MOV [3] S2->S3 (7390, 7495)
MER [3] S3->T3 (7495, 7743)
GAT [3, 2] T3 (7743, 7843)
SPL [1] T3->S3 (7843, 8091)
MOV [1] S3->S4 (8091, 8196)
MOV [1] S4->S0 (8196, 8301)
SPL [8] T3->S3 (8301, 8507)
MER [1] S0->T0 (8301, 8507)
GAT [1, 7] T0 (8507, 8607)
MOV [8] S3->S4 (8507, 8612)
MOV [8] S4->S1 (8612, 8717)
MER [8] S1->T2 (8717, 8965)
GAT [8, 14] T2 (8965, 9065)
SPL [9] T2->S1 (9065, 9229)
MOV [9] S1->S0 (9229, 9334)
SPL [10] T2->S1 (9334, 9456)
MOV [10] S1->S4 (9456, 9561)
MER [9] S0->T0 (9334, 9582)
MOV [10] S4->S3 (9561, 9666)
GAT [9, 15] T0 (9582, 9682)
SPL [12] T1->S2 (9666, 9788)
MER [10] S3->T3 (9666, 9872)
MOV [12] S2->S4 (9788, 9893)
GAT [10, 6] T3 (9872, 9972)
MOV [12] S4->S1 (9893, 9998)
GAT [3, 2] T3 (9972, 10072)
GAT [10, 6] T3 (10072, 10172)
MER [12] S1->T2 (9998, 10204)
SPL [5] T0->S0 (9998, 10246)
GAT [3, 2] T3 (10172, 10272)
GAT [0, 12] T2 (10204, 10304)
GAT [1, 7] T0 (10246, 10346)
MOV [5] S0->S4 (10246, 10351)
GAT [10, 6] T3 (10272, 10372)
GAT [8, 14] T2 (10304, 10404)
GAT [9, 15] T0 (10346, 10446)
MOV [5] S4->S2 (10351, 10456)
GAT [0, 12] T2 (10404, 10504)
GAT [1, 7] T0 (10446, 10546)
GAT [8, 14] T2 (10504, 10604)
GAT [9, 15] T0 (10546, 10646)
MER [5] S2->T1 (10456, 10662)
GAT [0, 12] T2 (10604, 10704)
GAT [5, 13] T1 (10662, 10762)
GAT [11, 4] T1 (10762, 10862)
GAT [5, 13] T1 (10862, 10962)
GAT [11, 4] T1 (10962, 11062)
GAT [5, 13] T1 (11062, 11162)
Current event:  (0, 1, 0, 100, {'ions': [2, 14], 'trap': 2})
Current event:  (1, 2, 0, 248, {'ions': [1], 'trap': 0, 'seg': 0, 'swap_cnt': 1, 'swap_hops': 4, 'ion_hops': 0, 'i1': 1, 'i2': 15})
Current event:  (2, 4, 248, 353, {'ions': [1], 'source_seg': 0, 'dest_seg': 4})
Current event:  (3, 4, 353, 458, {'ions': [1], 'source_seg': 4, 'dest_seg': 3})
Current event:  (4, 3, 458, 580, {'ions': [1], 'trap': 3, 'seg': 3, 'swap_cnt': 0, 'swap_hops': 0, 'ion_hops': 0, 'i1': 0, 'i2': 0})
Current event:  (5, 2, 580, 828, {'ions': [8], 'trap': 1, 'seg': 2, 'swap_cnt': 1, 'swap_hops': 4, 'ion_hops': 0, 'i1': 8, 'i2': 13})
Current event:  (17, 1, 828, 928, {'ions': [4, 10], 'trap': 1})
Current event:  (6, 4, 828, 933, {'ions': [8], 'source_seg': 2, 'dest_seg': 3})
Current event:  (7, 3, 933, 1097, {'ions': [8], 'trap': 3, 'seg': 3, 'swap_cnt': 0, 'swap_hops': 0, 'ion_hops': 0, 'i1': 0, 'i2': 0})
Current event:  (8, 2, 1097, 1345, {'ions': [3], 'trap': 2, 'seg': 1, 'swap_cnt': 1, 'swap_hops': 4, 'ion_hops': 0, 'i1': 3, 'i2': 0})
Current event:  (9, 4, 1345, 1450, {'ions': [3], 'source_seg': 1, 'dest_seg': 4})
Current event:  (10, 4, 1450, 1555, {'ions': [3], 'source_seg': 4, 'dest_seg': 3})
Current event:  (11, 3, 1555, 1761, {'ions': [3], 'trap': 3, 'seg': 3, 'swap_cnt': 0, 'swap_hops': 0, 'ion_hops': 0, 'i1': 0, 'i2': 0})
Current event:  (12, 2, 1761, 1841, {'ions': [3], 'trap': 3, 'seg': 3, 'swap_cnt': 0, 'swap_hops': 0, 'ion_hops': 0, 'i1': 0, 'i2': 0})
Current event:  (13, 4, 1841, 1946, {'ions': [3], 'source_seg': 3, 'dest_seg': 4})
Current event:  (14, 4, 1946, 2051, {'ions': [3], 'source_seg': 4, 'dest_seg': 0})
Current event:  (19, 2, 2051, 2173, {'ions': [6], 'trap': 2, 'seg': 1, 'swap_cnt': 1, 'swap_hops': 1, 'ion_hops': 0, 'i1': 6, 'i2': 0})
Current event:  (20, 4, 2173, 2278, {'ions': [6], 'source_seg': 1, 'dest_seg': 4})
Current event:  (15, 3, 2051, 2299, {'ions': [3], 'trap': 0, 'seg': 0, 'swap_cnt': 0, 'swap_hops': 0, 'ion_hops': 0, 'i1': 0, 'i2': 0})
Current event:  (21, 4, 2278, 2383, {'ions': [6], 'source_seg': 4, 'dest_seg': 3})
Current event:  (16, 1, 2299, 2399, {'ions': [3, 15], 'trap': 0})
Current event:  (18, 1, 2399, 2499, {'ions': [5, 11], 'trap': 0})
Current event:  (22, 3, 2383, 2589, {'ions': [6], 'trap': 3, 'seg': 3, 'swap_cnt': 0, 'swap_hops': 0, 'ion_hops': 0, 'i1': 0, 'i2': 0})
Current event:  (23, 1, 2589, 2689, {'ions': [6, 8], 'trap': 3})
Current event:  (24, 2, 2589, 2837, {'ions': [7], 'trap': 0, 'seg': 0, 'swap_cnt': 1, 'swap_hops': 4, 'ion_hops': 0, 'i1': 7, 'i2': 3})
Current event:  (39, 1, 2837, 2937, {'ions': [3, 15], 'trap': 0})
Current event:  (25, 4, 2837, 2942, {'ions': [7], 'source_seg': 0, 'dest_seg': 4})
Current event:  (41, 1, 2937, 3037, {'ions': [5, 11], 'trap': 0})
Current event:  (26, 4, 2942, 3047, {'ions': [7], 'source_seg': 4, 'dest_seg': 3})
Current event:  (47, 1, 3037, 3137, {'ions': [3, 15], 'trap': 0})
Current event:  (29, 2, 3047, 3211, {'ions': [9], 'trap': 1, 'seg': 2, 'swap_cnt': 1, 'swap_hops': 2, 'ion_hops': 0, 'i1': 9, 'i2': 13})
Current event:  (49, 1, 3137, 3237, {'ions': [5, 11], 'trap': 0})
Current event:  (27, 3, 3047, 3295, {'ions': [7], 'trap': 3, 'seg': 3, 'swap_cnt': 0, 'swap_hops': 0, 'ion_hops': 0, 'i1': 0, 'i2': 0})
Current event:  (30, 4, 3211, 3316, {'ions': [9], 'source_seg': 2, 'dest_seg': 4})
Current event:  (28, 1, 3295, 3395, {'ions': [7, 1], 'trap': 3})
Current event:  (31, 4, 3316, 3421, {'ions': [9], 'source_seg': 4, 'dest_seg': 1})
Current event:  (32, 3, 3421, 3627, {'ions': [9], 'trap': 2, 'seg': 1, 'swap_cnt': 0, 'swap_hops': 0, 'ion_hops': 0, 'i1': 0, 'i2': 0})
Current event:  (34, 2, 3395, 3643, {'ions': [12], 'trap': 3, 'seg': 3, 'swap_cnt': 1, 'swap_hops': 4, 'ion_hops': 0, 'i1': 12, 'i2': 7})
Current event:  (33, 1, 3627, 3727, {'ions': [9, 0], 'trap': 2})
Current event:  (42, 1, 3643, 3743, {'ions': [6, 8], 'trap': 3})
Current event:  (35, 4, 3643, 3748, {'ions': [12], 'source_seg': 3, 'dest_seg': 2})
Current event:  (38, 1, 3727, 3827, {'ions': [2, 14], 'trap': 2})
Current event:  (43, 1, 3743, 3843, {'ions': [7, 1], 'trap': 3})
Current event:  (44, 1, 3827, 3927, {'ions': [9, 0], 'trap': 2})
Current event:  (50, 1, 3843, 3943, {'ions': [6, 8], 'trap': 3})
Current event:  (36, 3, 3748, 3954, {'ions': [12], 'trap': 1, 'seg': 2, 'swap_cnt': 0, 'swap_hops': 0, 'ion_hops': 0, 'i1': 0, 'i2': 0})
Current event:  (46, 1, 3927, 4027, {'ions': [2, 14], 'trap': 2})
Current event:  (51, 1, 3943, 4043, {'ions': [7, 1], 'trap': 3})
Current event:  (37, 1, 3954, 4054, {'ions': [13, 12], 'trap': 1})
Current event:  (52, 1, 4027, 4127, {'ions': [9, 0], 'trap': 2})
Current event:  (40, 1, 4054, 4154, {'ions': [4, 10], 'trap': 1})
Current event:  (45, 1, 4154, 4254, {'ions': [13, 12], 'trap': 1})
Current event:  (48, 1, 4254, 4354, {'ions': [4, 10], 'trap': 1})
Current event:  (54, 2, 4354, 4434, {'ions': [3], 'trap': 0, 'seg': 0, 'swap_cnt': 0, 'swap_hops': 0, 'ion_hops': 0, 'i1': 0, 'i2': 0})
Current event:  (53, 1, 4354, 4454, {'ions': [13, 12], 'trap': 1})
Current event:  (59, 1, 4434, 4534, {'ions': [11, 15], 'trap': 0})
Current event:  (55, 4, 4434, 4539, {'ions': [3], 'source_seg': 0, 'dest_seg': 4})
Current event:  (56, 4, 4539, 4644, {'ions': [3], 'source_seg': 4, 'dest_seg': 2})
Current event:  (60, 2, 4644, 4850, {'ions': [2], 'trap': 2, 'seg': 1, 'swap_cnt': 1, 'swap_hops': 3, 'ion_hops': 0, 'i1': 2, 'i2': 9})
Current event:  (57, 3, 4644, 4892, {'ions': [3], 'trap': 1, 'seg': 2, 'swap_cnt': 0, 'swap_hops': 0, 'ion_hops': 0, 'i1': 0, 'i2': 0})
Current event:  (71, 1, 4850, 4950, {'ions': [0, 14], 'trap': 2})
Current event:  (61, 4, 4850, 4955, {'ions': [2], 'source_seg': 1, 'dest_seg': 4})
Current event:  (58, 1, 4892, 4992, {'ions': [3, 4], 'trap': 1})
Current event:  (62, 4, 4955, 5060, {'ions': [2], 'source_seg': 4, 'dest_seg': 3})
Current event:  (63, 3, 5060, 5308, {'ions': [2], 'trap': 3, 'seg': 3, 'swap_cnt': 0, 'swap_hops': 0, 'ion_hops': 0, 'i1': 0, 'i2': 0})
Current event:  (64, 1, 5308, 5408, {'ions': [2, 6], 'trap': 3})
Current event:  (65, 1, 5408, 5508, {'ions': [1, 8], 'trap': 3})
Current event:  (66, 2, 5508, 5630, {'ions': [7], 'trap': 3, 'seg': 3, 'swap_cnt': 1, 'swap_hops': 1, 'ion_hops': 0, 'i1': 7, 'i2': 2})
Current event:  (80, 1, 5630, 5730, {'ions': [2, 6], 'trap': 3})
Current event:  (67, 4, 5630, 5735, {'ions': [7], 'source_seg': 3, 'dest_seg': 4})
Current event:  (81, 1, 5730, 5830, {'ions': [1, 8], 'trap': 3})
Current event:  (68, 4, 5735, 5840, {'ions': [7], 'source_seg': 4, 'dest_seg': 0})
Current event:  (88, 1, 5830, 5930, {'ions': [2, 6], 'trap': 3})
Current event:  (89, 1, 5930, 6030, {'ions': [1, 8], 'trap': 3})
Current event:  (72, 2, 5840, 6046, {'ions': [10], 'trap': 1, 'seg': 2, 'swap_cnt': 1, 'swap_hops': 3, 'ion_hops': 0, 'i1': 10, 'i2': 3})
Current event:  (69, 3, 5840, 6046, {'ions': [7], 'trap': 0, 'seg': 0, 'swap_cnt': 0, 'swap_hops': 0, 'ion_hops': 0, 'i1': 0, 'i2': 0})
Current event:  (77, 1, 6046, 6146, {'ions': [13, 12], 'trap': 1})
Current event:  (70, 1, 6046, 6146, {'ions': [5, 7], 'trap': 0})
Current event:  (73, 4, 6046, 6151, {'ions': [10], 'source_seg': 2, 'dest_seg': 4})
Current event:  (79, 1, 6146, 6246, {'ions': [11, 15], 'trap': 0})
Current event:  (78, 1, 6146, 6246, {'ions': [3, 4], 'trap': 1})
Current event:  (74, 4, 6151, 6256, {'ions': [10], 'source_seg': 4, 'dest_seg': 1})
Current event:  (85, 1, 6246, 6346, {'ions': [13, 12], 'trap': 1})
Current event:  (82, 1, 6246, 6346, {'ions': [5, 7], 'trap': 0})
Current event:  (87, 1, 6346, 6446, {'ions': [11, 15], 'trap': 0})
Current event:  (86, 1, 6346, 6446, {'ions': [3, 4], 'trap': 1})
Current event:  (75, 3, 6256, 6462, {'ions': [10], 'trap': 2, 'seg': 1, 'swap_cnt': 0, 'swap_hops': 0, 'ion_hops': 0, 'i1': 0, 'i2': 0})
Current event:  (93, 1, 6446, 6546, {'ions': [13, 12], 'trap': 1})
Current event:  (90, 1, 6446, 6546, {'ions': [5, 7], 'trap': 0})
Current event:  (76, 1, 6462, 6562, {'ions': [10, 9], 'trap': 2})
Current event:  (83, 1, 6562, 6662, {'ions': [0, 14], 'trap': 2})
Current event:  (94, 2, 6546, 6710, {'ions': [11], 'trap': 0, 'seg': 0, 'swap_cnt': 1, 'swap_hops': 2, 'ion_hops': 0, 'i1': 11, 'i2': 7})
Current event:  (84, 1, 6662, 6762, {'ions': [10, 9], 'trap': 2})
Current event:  (95, 4, 6710, 6815, {'ions': [11], 'source_seg': 0, 'dest_seg': 4})
Current event:  (91, 1, 6762, 6862, {'ions': [0, 14], 'trap': 2})
Current event:  (96, 4, 6815, 6920, {'ions': [11], 'source_seg': 4, 'dest_seg': 2})
Current event:  (92, 1, 6862, 6962, {'ions': [10, 9], 'trap': 2})
Current event:  (97, 3, 6920, 7168, {'ions': [11], 'trap': 1, 'seg': 2, 'swap_cnt': 0, 'swap_hops': 0, 'ion_hops': 0, 'i1': 0, 'i2': 0})
Current event:  (98, 1, 7168, 7268, {'ions': [11, 4], 'trap': 1})
Current event:  (99, 2, 7268, 7390, {'ions': [3], 'trap': 1, 'seg': 2, 'swap_cnt': 1, 'swap_hops': 1, 'ion_hops': 0, 'i1': 3, 'i2': 11})
Current event:  (100, 4, 7390, 7495, {'ions': [3], 'source_seg': 2, 'dest_seg': 3})
Current event:  (101, 3, 7495, 7743, {'ions': [3], 'trap': 3, 'seg': 3, 'swap_cnt': 0, 'swap_hops': 0, 'ion_hops': 0, 'i1': 0, 'i2': 0})
Current event:  (102, 1, 7743, 7843, {'ions': [3, 2], 'trap': 3})
Current event:  (103, 2, 7843, 8091, {'ions': [1], 'trap': 3, 'seg': 3, 'swap_cnt': 1, 'swap_hops': 4, 'ion_hops': 0, 'i1': 1, 'i2': 3})
Current event:  (104, 4, 8091, 8196, {'ions': [1], 'source_seg': 3, 'dest_seg': 4})
Current event:  (105, 4, 8196, 8301, {'ions': [1], 'source_seg': 4, 'dest_seg': 0})
Current event:  (108, 2, 8301, 8507, {'ions': [8], 'trap': 3, 'seg': 3, 'swap_cnt': 1, 'swap_hops': 3, 'ion_hops': 0, 'i1': 8, 'i2': 3})
Current event:  (106, 3, 8301, 8507, {'ions': [1], 'trap': 0, 'seg': 0, 'swap_cnt': 0, 'swap_hops': 0, 'ion_hops': 0, 'i1': 0, 'i2': 0})
Current event:  (107, 1, 8507, 8607, {'ions': [1, 7], 'trap': 0})
Current event:  (109, 4, 8507, 8612, {'ions': [8], 'source_seg': 3, 'dest_seg': 4})
Current event:  (110, 4, 8612, 8717, {'ions': [8], 'source_seg': 4, 'dest_seg': 1})
Current event:  (111, 3, 8717, 8965, {'ions': [8], 'trap': 2, 'seg': 1, 'swap_cnt': 0, 'swap_hops': 0, 'ion_hops': 0, 'i1': 0, 'i2': 0})
Current event:  (112, 1, 8965, 9065, {'ions': [8, 14], 'trap': 2})
Current event:  (113, 2, 9065, 9229, {'ions': [9], 'trap': 2, 'seg': 1, 'swap_cnt': 1, 'swap_hops': 2, 'ion_hops': 0, 'i1': 9, 'i2': 8})
Current event:  (114, 4, 9229, 9334, {'ions': [9], 'source_seg': 1, 'dest_seg': 0})
Current event:  (117, 2, 9334, 9456, {'ions': [10], 'trap': 2, 'seg': 1, 'swap_cnt': 1, 'swap_hops': 1, 'ion_hops': 0, 'i1': 10, 'i2': 8})
Current event:  (118, 4, 9456, 9561, {'ions': [10], 'source_seg': 1, 'dest_seg': 4})
Current event:  (115, 3, 9334, 9582, {'ions': [9], 'trap': 0, 'seg': 0, 'swap_cnt': 0, 'swap_hops': 0, 'ion_hops': 0, 'i1': 0, 'i2': 0})
Current event:  (119, 4, 9561, 9666, {'ions': [10], 'source_seg': 4, 'dest_seg': 3})
Current event:  (116, 1, 9582, 9682, {'ions': [9, 15], 'trap': 0})
Current event:  (122, 2, 9666, 9788, {'ions': [12], 'trap': 1, 'seg': 2, 'swap_cnt': 1, 'swap_hops': 1, 'ion_hops': 0, 'i1': 12, 'i2': 11})
Current event:  (120, 3, 9666, 9872, {'ions': [10], 'trap': 3, 'seg': 3, 'swap_cnt': 0, 'swap_hops': 0, 'ion_hops': 0, 'i1': 0, 'i2': 0})
Current event:  (123, 4, 9788, 9893, {'ions': [12], 'source_seg': 2, 'dest_seg': 4})
Current event:  (121, 1, 9872, 9972, {'ions': [10, 6], 'trap': 3})
Current event:  (124, 4, 9893, 9998, {'ions': [12], 'source_seg': 4, 'dest_seg': 1})
Current event:  (133, 1, 9972, 10072, {'ions': [3, 2], 'trap': 3})
Current event:  (137, 1, 10072, 10172, {'ions': [10, 6], 'trap': 3})
Current event:  (125, 3, 9998, 10204, {'ions': [12], 'trap': 2, 'seg': 1, 'swap_cnt': 0, 'swap_hops': 0, 'ion_hops': 0, 'i1': 0, 'i2': 0})
Current event:  (127, 2, 9998, 10246, {'ions': [5], 'trap': 0, 'seg': 0, 'swap_cnt': 1, 'swap_hops': 4, 'ion_hops': 0, 'i1': 5, 'i2': 9})
Current event:  (141, 1, 10172, 10272, {'ions': [3, 2], 'trap': 3})
Current event:  (126, 1, 10204, 10304, {'ions': [0, 12], 'trap': 2})
Current event:  (134, 1, 10246, 10346, {'ions': [1, 7], 'trap': 0})
Current event:  (128, 4, 10246, 10351, {'ions': [5], 'source_seg': 0, 'dest_seg': 4})
Current event:  (145, 1, 10272, 10372, {'ions': [10, 6], 'trap': 3})
Current event:  (135, 1, 10304, 10404, {'ions': [8, 14], 'trap': 2})
Current event:  (136, 1, 10346, 10446, {'ions': [9, 15], 'trap': 0})
Current event:  (129, 4, 10351, 10456, {'ions': [5], 'source_seg': 4, 'dest_seg': 2})
Current event:  (138, 1, 10404, 10504, {'ions': [0, 12], 'trap': 2})
Current event:  (142, 1, 10446, 10546, {'ions': [1, 7], 'trap': 0})
Current event:  (143, 1, 10504, 10604, {'ions': [8, 14], 'trap': 2})
Current event:  (144, 1, 10546, 10646, {'ions': [9, 15], 'trap': 0})
Current event:  (130, 3, 10456, 10662, {'ions': [5], 'trap': 1, 'seg': 2, 'swap_cnt': 0, 'swap_hops': 0, 'ion_hops': 0, 'i1': 0, 'i2': 0})
Current event:  (146, 1, 10604, 10704, {'ions': [0, 12], 'trap': 2})
Current event:  (131, 1, 10662, 10762, {'ions': [5, 13], 'trap': 1})
Current event:  (132, 1, 10762, 10862, {'ions': [11, 4], 'trap': 1})
Current event:  (139, 1, 10862, 10962, {'ions': [5, 13], 'trap': 1})
Current event:  (140, 1, 10962, 11062, {'ions': [11, 4], 'trap': 1})
Current event:  (147, 1, 11062, 11162, {'ions': [5, 13], 'trap': 1})
Program Finish: 11162
OPCOUNTS Gate: 72 Split: 20 Move: 36 Merge: 20
Gate: 7200 Split: 3616 Move: 3780 Merge: 4330
Fidelity: 0.1749570669573619
Heating: 184
GAT [2, 14] T2 (0, 100)
SPL [1] T0->S0 (0, 248)
MOV [1] S0->S4 (248, 353)
MOV [1] S4->S3 (353, 458)
MER [1] S3->T3 (458, 580)
SPL [8] T1->S2 (580, 828)
GAT [4, 10] T1 (828, 928)
MOV [8] S2->S3 (828, 933)
MER [8] S3->T3 (933, 1097)
SPL [3] T2->S1 (1097, 1345)
MOV [3] S1->S4 (1345, 1450)
MOV [3] S4->S3 (1450, 1555)
MER [3] S3->T3 (1555, 1761)
SPL [3] T3->S3 (1761, 1841)
MOV [3] S3->S4 (1841, 1946)
MOV [3] S4->S0 (1946, 2051)
SPL [6] T2->S1 (2051, 2173)
MOV [6] S1->S4 (2173, 2278)
MER [3] S0->T0 (2051, 2299)
MOV [6] S4->S3 (2278, 2383)
GAT [3, 15] T0 (2299, 2399)
GAT [5, 11] T0 (2399, 2499)
MER [6] S3->T3 (2383, 2589)
GAT [6, 8] T3 (2589, 2689)
SPL [7] T0->S0 (2589, 2837)
GAT [3, 15] T0 (2837, 2937)
MOV [7] S0->S4 (2837, 2942)
GAT [5, 11] T0 (2937, 3037)
MOV [7] S4->S3 (2942, 3047)
GAT [3, 15] T0 (3037, 3137)
SPL [9] T1->S2 (3047, 3211)
GAT [5, 11] T0 (3137, 3237)
MER [7] S3->T3 (3047, 3295)
MOV [9] S2->S4 (3211, 3316)
GAT [7, 1] T3 (3295, 3395)
MOV [9] S4->S1 (3316, 3421)
MER [9] S1->T2 (3421, 3627)
SPL [12] T3->S3 (3395, 3643)
GAT [9, 0] T2 (3627, 3727)
GAT [6, 8] T3 (3643, 3743)
MOV [12] S3->S2 (3643, 3748)
GAT [2, 14] T2 (3727, 3827)
GAT [7, 1] T3 (3743, 3843)
GAT [9, 0] T2 (3827, 3927)
GAT [6, 8] T3 (3843, 3943)
MER [12] S2->T1 (3748, 3954)
GAT [2, 14] T2 (3927, 4027)
GAT [7, 1] T3 (3943, 4043)
GAT [13, 12] T1 (3954, 4054)
GAT [9, 0] T2 (4027, 4127)
GAT [4, 10] T1 (4054, 4154)
GAT [13, 12] T1 (4154, 4254)
GAT [4, 10] T1 (4254, 4354)
SPL [3] T0->S0 (4354, 4434)
GAT [13, 12] T1 (4354, 4454)
GAT [11, 15] T0 (4434, 4534)
MOV [3] S0->S4 (4434, 4539)
MOV [3] S4->S2 (4539, 4644)
SPL [2] T2->S1 (4644, 4850)
MER [3] S2->T1 (4644, 4892)
GAT [0, 14] T2 (4850, 4950)
MOV [2] S1->S4 (4850, 4955)
GAT [3, 4] T1 (4892, 4992)
MOV [2] S4->S3 (4955, 5060)
MER [2] S3->T3 (5060, 5308)
GAT [2, 6] T3 (5308, 5408)
GAT [1, 8] T3 (5408, 5508)
SPL [7] T3->S3 (5508, 5630)
GAT [2, 6] T3 (5630, 5730)
MOV [7] S3->S4 (5630, 5735)
GAT [1, 8] T3 (5730, 5830)
MOV [7] S4->S0 (5735, 5840)
GAT [2, 6] T3 (5830, 5930)
GAT [1, 8] T3 (5930, 6030)
SPL [10] T1->S2 (5840, 6046)
MER [7] S0->T0 (5840, 6046)
GAT [13, 12] T1 (6046, 6146)
GAT [5, 7] T0 (6046, 6146)
MOV [10] S2->S4 (6046, 6151)
GAT [11, 15] T0 (6146, 6246)
GAT [3, 4] T1 (6146, 6246)
MOV [10] S4->S1 (6151, 6256)
GAT [13, 12] T1 (6246, 6346)
GAT [5, 7] T0 (6246, 6346)
GAT [11, 15] T0 (6346, 6446)
GAT [3, 4] T1 (6346, 6446)
MER [10] S1->T2 (6256, 6462)
GAT [13, 12] T1 (6446, 6546)
GAT [5, 7] T0 (6446, 6546)
GAT [10, 9] T2 (6462, 6562)
GAT [0, 14] T2 (6562, 6662)
SPL [11] T0->S0 (6546, 6710)
GAT [10, 9] T2 (6662, 6762)
MOV [11] S0->S4 (6710, 6815)
GAT [0, 14] T2 (6762, 6862)
MOV [11] S4->S2 (6815, 6920)
GAT [10, 9] T2 (6862, 6962)
MER [11] S2->T1 (6920, 7168)
GAT [11, 4] T1 (7168, 7268)
SPL [3] T1->S2 (7268, 7390)
MOV [3] S2->S3 (7390, 7495)
MER [3] S3->T3 (7495, 7743)
GAT [3, 2] T3 (7743, 7843)
SPL [1] T3->S3 (7843, 8091)
MOV [1] S3->S4 (8091, 8196)
MOV [1] S4->S0 (8196, 8301)
SPL [8] T3->S3 (8301, 8507)
MER [1] S0->T0 (8301, 8507)
GAT [1, 7] T0 (8507, 8607)
MOV [8] S3->S4 (8507, 8612)
MOV [8] S4->S1 (8612, 8717)
MER [8] S1->T2 (8717, 8965)
GAT [8, 14] T2 (8965, 9065)
SPL [9] T2->S1 (9065, 9229)
MOV [9] S1->S0 (9229, 9334)
SPL [10] T2->S1 (9334, 9456)
MOV [10] S1->S4 (9456, 9561)
MER [9] S0->T0 (9334, 9582)
MOV [10] S4->S3 (9561, 9666)
GAT [9, 15] T0 (9582, 9682)
SPL [12] T1->S2 (9666, 9788)
MER [10] S3->T3 (9666, 9872)
MOV [12] S2->S4 (9788, 9893)
GAT [10, 6] T3 (9872, 9972)
MOV [12] S4->S1 (9893, 9998)
GAT [3, 2] T3 (9972, 10072)
GAT [10, 6] T3 (10072, 10172)
MER [12] S1->T2 (9998, 10204)
SPL [5] T0->S0 (9998, 10246)
GAT [3, 2] T3 (10172, 10272)
GAT [0, 12] T2 (10204, 10304)
GAT [1, 7] T0 (10246, 10346)
MOV [5] S0->S4 (10246, 10351)
GAT [10, 6] T3 (10272, 10372)
GAT [8, 14] T2 (10304, 10404)
GAT [9, 15] T0 (10346, 10446)
MOV [5] S4->S2 (10351, 10456)
GAT [0, 12] T2 (10404, 10504)
GAT [1, 7] T0 (10446, 10546)
GAT [8, 14] T2 (10504, 10604)
GAT [9, 15] T0 (10546, 10646)
MER [5] S2->T1 (10456, 10662)
GAT [0, 12] T2 (10604, 10704)
GAT [5, 13] T1 (10662, 10762)
GAT [11, 4] T1 (10762, 10862)
GAT [5, 13] T1 (10862, 10962)
GAT [11, 4] T1 (10962, 11062)
GAT [5, 13] T1 (11062, 11162)
SplitSWAP: 18
----------------
