Simulation
Program: bqskit/shuttling/qccd/benchmark_circuits/QuantumVolume_16.qasm
Machine: G2x3
Model: MPar1
Ions: 4
Mapper: Greedy
Reorder: Naive
SerialTrap: 1
SerialComm: 0
SerialAll: 0
Gatetype: FM
Swaptype: GateSwap
qbit 1: 2 qbit 2: 14 dep gates: 0
qbit 1: 2 qbit 2: 14 dep gates: 0
qbit 1: 3 qbit 2: 15 dep gates: 1
qbit 1: 3 qbit 2: 15 dep gates: 1
qbit 1: 4 qbit 2: 10 dep gates: 2
qbit 1: 4 qbit 2: 10 dep gates: 2
qbit 1: 5 qbit 2: 11 dep gates: 3
qbit 1: 5 qbit 2: 11 dep gates: 3
qbit 1: 6 qbit 2: 8 dep gates: 4
qbit 1: 6 qbit 2: 8 dep gates: 4
qbit 1: 7 qbit 2: 1 dep gates: 5
qbit 1: 7 qbit 2: 1 dep gates: 5
qbit 1: 9 qbit 2: 0 dep gates: 6
qbit 1: 9 qbit 2: 0 dep gates: 6
qbit 1: 13 qbit 2: 12 dep gates: 7
qbit 1: 13 qbit 2: 12 dep gates: 7
qbit 1: 2 qbit 2: 14 dep gates: 8
qbit 1: 2 qbit 2: 14 dep gates: 8
qbit 1: 3 qbit 2: 15 dep gates: 9
qbit 1: 3 qbit 2: 15 dep gates: 9
qbit 1: 4 qbit 2: 10 dep gates: 10
qbit 1: 4 qbit 2: 10 dep gates: 10
qbit 1: 5 qbit 2: 11 dep gates: 11
qbit 1: 5 qbit 2: 11 dep gates: 11
qbit 1: 6 qbit 2: 8 dep gates: 12
qbit 1: 6 qbit 2: 8 dep gates: 12
qbit 1: 7 qbit 2: 1 dep gates: 13
qbit 1: 7 qbit 2: 1 dep gates: 13
qbit 1: 9 qbit 2: 0 dep gates: 14
qbit 1: 9 qbit 2: 0 dep gates: 14
qbit 1: 13 qbit 2: 12 dep gates: 15
qbit 1: 13 qbit 2: 12 dep gates: 15
qbit 1: 0 qbit 2: 14 dep gates: 22
qbit 1: 0 qbit 2: 14 dep gates: 16
qbit 1: 1 qbit 2: 8 dep gates: 21
qbit 1: 1 qbit 2: 8 dep gates: 20
qbit 1: 2 qbit 2: 6 dep gates: 16
qbit 1: 2 qbit 2: 6 dep gates: 20
qbit 1: 3 qbit 2: 4 dep gates: 17
qbit 1: 3 qbit 2: 4 dep gates: 18
qbit 1: 5 qbit 2: 7 dep gates: 19
qbit 1: 5 qbit 2: 7 dep gates: 21
qbit 1: 10 qbit 2: 9 dep gates: 18
qbit 1: 10 qbit 2: 9 dep gates: 22
qbit 1: 11 qbit 2: 15 dep gates: 19
qbit 1: 11 qbit 2: 15 dep gates: 17
qbit 1: 13 qbit 2: 12 dep gates: 23
qbit 1: 13 qbit 2: 12 dep gates: 23
qbit 1: 0 qbit 2: 14 dep gates: 24
qbit 1: 0 qbit 2: 14 dep gates: 24
qbit 1: 1 qbit 2: 8 dep gates: 25
qbit 1: 1 qbit 2: 8 dep gates: 25
qbit 1: 2 qbit 2: 6 dep gates: 26
qbit 1: 2 qbit 2: 6 dep gates: 26
qbit 1: 3 qbit 2: 4 dep gates: 27
qbit 1: 3 qbit 2: 4 dep gates: 27
qbit 1: 5 qbit 2: 7 dep gates: 28
qbit 1: 5 qbit 2: 7 dep gates: 28
qbit 1: 10 qbit 2: 9 dep gates: 29
qbit 1: 10 qbit 2: 9 dep gates: 29
qbit 1: 11 qbit 2: 15 dep gates: 30
qbit 1: 11 qbit 2: 15 dep gates: 30
qbit 1: 13 qbit 2: 12 dep gates: 31
qbit 1: 13 qbit 2: 12 dep gates: 31
qbit 1: 0 qbit 2: 14 dep gates: 32
qbit 1: 0 qbit 2: 14 dep gates: 32
qbit 1: 1 qbit 2: 8 dep gates: 33
qbit 1: 1 qbit 2: 8 dep gates: 33
qbit 1: 2 qbit 2: 6 dep gates: 34
qbit 1: 2 qbit 2: 6 dep gates: 34
qbit 1: 3 qbit 2: 4 dep gates: 35
qbit 1: 3 qbit 2: 4 dep gates: 35
qbit 1: 5 qbit 2: 7 dep gates: 36
qbit 1: 5 qbit 2: 7 dep gates: 36
qbit 1: 10 qbit 2: 9 dep gates: 37
qbit 1: 10 qbit 2: 9 dep gates: 37
qbit 1: 11 qbit 2: 15 dep gates: 38
qbit 1: 11 qbit 2: 15 dep gates: 38
qbit 1: 13 qbit 2: 12 dep gates: 39
qbit 1: 13 qbit 2: 12 dep gates: 39
qbit 1: 0 qbit 2: 12 dep gates: 40
qbit 1: 0 qbit 2: 12 dep gates: 47
qbit 1: 1 qbit 2: 7 dep gates: 41
qbit 1: 1 qbit 2: 7 dep gates: 44
qbit 1: 3 qbit 2: 2 dep gates: 43
qbit 1: 3 qbit 2: 2 dep gates: 42
qbit 1: 5 qbit 2: 13 dep gates: 44
qbit 1: 5 qbit 2: 13 dep gates: 47
qbit 1: 8 qbit 2: 14 dep gates: 41
qbit 1: 8 qbit 2: 14 dep gates: 40
qbit 1: 9 qbit 2: 15 dep gates: 45
qbit 1: 9 qbit 2: 15 dep gates: 46
qbit 1: 10 qbit 2: 6 dep gates: 45
qbit 1: 10 qbit 2: 6 dep gates: 42
qbit 1: 11 qbit 2: 4 dep gates: 46
qbit 1: 11 qbit 2: 4 dep gates: 43
qbit 1: 0 qbit 2: 12 dep gates: 48
qbit 1: 0 qbit 2: 12 dep gates: 48
qbit 1: 1 qbit 2: 7 dep gates: 49
qbit 1: 1 qbit 2: 7 dep gates: 49
qbit 1: 3 qbit 2: 2 dep gates: 50
qbit 1: 3 qbit 2: 2 dep gates: 50
qbit 1: 5 qbit 2: 13 dep gates: 51
qbit 1: 5 qbit 2: 13 dep gates: 51
qbit 1: 8 qbit 2: 14 dep gates: 52
qbit 1: 8 qbit 2: 14 dep gates: 52
qbit 1: 9 qbit 2: 15 dep gates: 53
qbit 1: 9 qbit 2: 15 dep gates: 53
qbit 1: 10 qbit 2: 6 dep gates: 54
qbit 1: 10 qbit 2: 6 dep gates: 54
qbit 1: 11 qbit 2: 4 dep gates: 55
qbit 1: 11 qbit 2: 4 dep gates: 55
qbit 1: 0 qbit 2: 12 dep gates: 56
qbit 1: 0 qbit 2: 12 dep gates: 56
qbit 1: 1 qbit 2: 7 dep gates: 57
qbit 1: 1 qbit 2: 7 dep gates: 57
qbit 1: 3 qbit 2: 2 dep gates: 58
qbit 1: 3 qbit 2: 2 dep gates: 58
qbit 1: 5 qbit 2: 13 dep gates: 59
qbit 1: 5 qbit 2: 13 dep gates: 59
qbit 1: 8 qbit 2: 14 dep gates: 60
qbit 1: 8 qbit 2: 14 dep gates: 60
qbit 1: 9 qbit 2: 15 dep gates: 61
qbit 1: 9 qbit 2: 15 dep gates: 61
qbit 1: 10 qbit 2: 6 dep gates: 62
qbit 1: 10 qbit 2: 6 dep gates: 62
qbit 1: 11 qbit 2: 4 dep gates: 63
qbit 1: 11 qbit 2: 4 dep gates: 63
parse object map:
{0: [2, 14], 1: [3, 15], 2: [4, 10], 3: [5, 11], 4: [6, 8], 5: [7, 1], 6: [9, 0], 7: [13, 12], 8: [2, 14], 9: [3, 15], 10: [4, 10], 11: [5, 11], 12: [6, 8], 13: [7, 1], 14: [9, 0], 15: [13, 12], 16: [2, 14], 17: [3, 15], 18: [4, 10], 19: [5, 11], 20: [6, 8], 21: [7, 1], 22: [9, 0], 23: [13, 12], 24: [0, 14], 25: [1, 8], 26: [2, 6], 27: [3, 4], 28: [5, 7], 29: [10, 9], 30: [11, 15], 31: [13, 12], 32: [0, 14], 33: [1, 8], 34: [2, 6], 35: [3, 4], 36: [5, 7], 37: [10, 9], 38: [11, 15], 39: [13, 12], 40: [0, 14], 41: [1, 8], 42: [2, 6], 43: [3, 4], 44: [5, 7], 45: [10, 9], 46: [11, 15], 47: [13, 12], 48: [0, 12], 49: [1, 7], 50: [3, 2], 51: [5, 13], 52: [8, 14], 53: [9, 15], 54: [10, 6], 55: [11, 4], 56: [0, 12], 57: [1, 7], 58: [3, 2], 59: [5, 13], 60: [8, 14], 61: [9, 15], 62: [10, 6], 63: [11, 4], 64: [0, 12], 65: [1, 7], 66: [3, 2], 67: [5, 13], 68: [8, 14], 69: [9, 15], 70: [10, 6], 71: [11, 4]}
parse object graph:
DiGraph with 72 nodes and 79 edges
Initial_qubit layout:  {0: [1, 7, 5, 11], 1: [6, 0, 8, 4], 2: [], 3: [], 4: [9, 10, 13, 12], 5: [15, 3, 2, 14]}
0
1
2
3
4
5
6
7
8
9
10
11
12
13
14
15
16
17
18
19
20
21
22
23
27
30
26
25
28
24
29
31
35
38
34
33
36
32
37
39
43
46
42
41
44
40
45
47
55
50
49
52
53
54
48
51
63
58
57
60
61
62
56
59
71
66
65
68
69
70
64
67
GAT [2, 14] T5 (0, 100)
GAT [3, 15] T5 (100, 200)
SPL [1] T0->S0 (0, 206)
GAT [5, 11] T0 (206, 306)
MOV [1] S0->S6 (206, 311)
MOV [1] S6->S6 (311, 436)
MOV [1] S6->S2 (436, 541)
MER [1] S2->T2 (541, 621)
SPL [6] T1->S1 (621, 827)
MOV [6] S1->S6 (827, 952)
MOV [6] S6->S2 (952, 1057)
MER [6] S2->T2 (1057, 1179)
SPL [9] T4->S4 (1179, 1259)
MOV [9] S4->S6 (1259, 1384)
MOV [9] S6->S2 (1384, 1489)
SPL [15] T5->S5 (1489, 1569)
MER [9] S2->T2 (1489, 1653)
GAT [2, 14] T5 (1569, 1669)
MOV [15] S5->S6 (1569, 1674)
MOV [15] S6->S6 (1674, 1799)
MOV [15] S6->S3 (1799, 1904)
MER [15] S3->T3 (1904, 1984)
SPL [4] T1->S1 (1984, 2064)
MOV [4] S1->S4 (2064, 2189)
SPL [6] T2->S2 (2189, 2311)
MER [4] S4->T4 (2189, 2395)
MOV [6] S2->S6 (2311, 2416)
GAT [4, 10] T4 (2395, 2495)
MOV [6] S6->S1 (2416, 2541)
GAT [13, 12] T4 (2495, 2595)
GAT [4, 10] T4 (2595, 2695)
SPL [7] T0->S0 (2541, 2705)
MER [6] S1->T1 (2541, 2705)
GAT [13, 12] T4 (2695, 2795)
GAT [5, 11] T0 (2705, 2805)
GAT [6, 8] T1 (2705, 2805)
MOV [7] S0->S6 (2705, 2810)
GAT [4, 10] T4 (2795, 2895)
GAT [5, 11] T0 (2805, 2905)
MOV [7] S6->S6 (2810, 2935)
GAT [13, 12] T4 (2895, 2995)
MOV [7] S6->S2 (2935, 3040)
MER [7] S2->T2 (3040, 3204)
GAT [7, 1] T2 (3204, 3304)
SPL [9] T2->S2 (3304, 3426)
GAT [7, 1] T2 (3426, 3526)
MOV [9] S2->S6 (3426, 3531)
GAT [7, 1] T2 (3526, 3626)
MOV [9] S6->S1 (3531, 3656)
SPL [3] T5->S5 (3656, 3736)
GAT [2, 14] T5 (3736, 3836)
MOV [3] S5->S6 (3736, 3841)
MER [9] S1->T1 (3656, 3862)
GAT [9, 0] T1 (3862, 3962)
MOV [3] S6->S6 (3841, 3966)
GAT [6, 8] T1 (3962, 4062)
MOV [3] S6->S3 (3966, 4071)
GAT [9, 0] T1 (4062, 4162)
MER [3] S3->T3 (4071, 4193)
GAT [6, 8] T1 (4162, 4262)
GAT [3, 15] T3 (4193, 4293)
GAT [9, 0] T1 (4262, 4362)
GAT [3, 15] T3 (4293, 4393)
SPL [4] T4->S4 (4393, 4473)
MOV [4] S4->S6 (4473, 4598)
MOV [4] S6->S3 (4598, 4703)
MER [4] S3->T3 (4703, 4867)
GAT [3, 4] T3 (4867, 4967)
SPL [15] T3->S3 (4967, 5131)
GAT [3, 4] T3 (5131, 5231)
MOV [15] S3->S6 (5131, 5236)
GAT [3, 4] T3 (5231, 5331)
MOV [15] S6->S6 (5236, 5361)
MOV [15] S6->S0 (5361, 5466)
SPL [6] T1->S1 (5466, 5588)
MER [15] S0->T0 (5466, 5630)
MOV [6] S1->S6 (5588, 5713)
GAT [11, 15] T0 (5630, 5730)
MOV [6] S6->S5 (5713, 5818)
SPL [8] T1->S1 (5818, 5940)
MER [6] S5->T5 (5818, 5982)
MOV [8] S1->S6 (5940, 6065)
GAT [2, 6] T5 (5982, 6082)
MOV [8] S6->S2 (6065, 6170)
MER [8] S2->T2 (6170, 6334)
GAT [1, 8] T2 (6334, 6434)
SPL [5] T0->S0 (6334, 6498)
GAT [11, 15] T0 (6498, 6598)
MOV [5] S0->S6 (6498, 6603)
GAT [11, 15] T0 (6598, 6698)
MOV [5] S6->S6 (6603, 6728)
MOV [5] S6->S2 (6728, 6833)
SPL [14] T5->S5 (6833, 6997)
MER [5] S2->T2 (6833, 7039)
GAT [2, 6] T5 (6997, 7097)
MOV [14] S5->S6 (6997, 7102)
GAT [5, 7] T2 (7039, 7139)
GAT [2, 6] T5 (7097, 7197)
MOV [14] S6->S1 (7102, 7227)
GAT [1, 8] T2 (7139, 7239)
GAT [5, 7] T2 (7239, 7339)
SPL [11] T0->S0 (7227, 7349)
MER [14] S1->T1 (7227, 7391)
GAT [1, 8] T2 (7339, 7439)
MOV [11] S0->S6 (7349, 7454)
SPL [10] T4->S4 (7391, 7471)
GAT [0, 14] T1 (7391, 7491)
GAT [5, 7] T2 (7439, 7539)
GAT [13, 12] T4 (7471, 7571)
MOV [10] S4->S1 (7471, 7596)
GAT [1, 7] T2 (7539, 7639)
GAT [13, 12] T4 (7571, 7671)
MOV [11] S6->S6 (7596, 7721)
GAT [13, 12] T4 (7671, 7771)
MER [10] S1->T1 (7596, 7802)
MOV [11] S6->S3 (7721, 7826)
GAT [10, 9] T1 (7802, 7902)
MER [11] S3->T3 (7826, 7990)
GAT [0, 14] T1 (7902, 8002)
GAT [11, 4] T3 (7990, 8090)
GAT [10, 9] T1 (8002, 8102)
GAT [0, 14] T1 (8102, 8202)
SPL [3] T3->S3 (8090, 8254)
GAT [10, 9] T1 (8202, 8302)
GAT [11, 4] T3 (8254, 8354)
MOV [3] S3->S6 (8254, 8359)
GAT [11, 4] T3 (8354, 8454)
MOV [3] S6->S6 (8359, 8484)
MOV [3] S6->S5 (8484, 8589)
MER [3] S5->T5 (8589, 8753)
SPL [0] T1->S1 (8589, 8795)
GAT [3, 2] T5 (8753, 8853)
MOV [0] S1->S6 (8795, 8920)
MOV [0] S6->S0 (8920, 9025)
MER [0] S0->T0 (9025, 9147)
SPL [1] T2->S2 (9147, 9353)
MOV [1] S2->S6 (9353, 9458)
MOV [1] S6->S6 (9458, 9583)
MOV [1] S6->S0 (9583, 9688)
MER [1] S0->T0 (9688, 9852)
SPL [8] T2->S2 (9852, 9974)
MOV [8] S2->S6 (9974, 10079)
MOV [8] S6->S1 (10079, 10204)
MER [8] S1->T1 (10204, 10410)
GAT [8, 14] T1 (10410, 10510)
SPL [9] T1->S1 (10510, 10716)
MOV [9] S1->S6 (10716, 10841)
MOV [9] S6->S0 (10841, 10946)
SPL [10] T1->S1 (10946, 11068)
MER [9] S0->T0 (10946, 11152)
GAT [8, 14] T1 (11068, 11168)
MOV [10] S1->S6 (11068, 11193)
GAT [9, 15] T0 (11152, 11252)
GAT [8, 14] T1 (11168, 11268)
MOV [10] S6->S5 (11193, 11298)
SPL [0] T0->S0 (11298, 11462)
MER [10] S5->T5 (11298, 11504)
MOV [0] S0->S6 (11462, 11567)
GAT [10, 6] T5 (11504, 11604)
MOV [0] S6->S4 (11567, 11692)
GAT [3, 2] T5 (11604, 11704)
GAT [10, 6] T5 (11704, 11804)
MER [0] S4->T4 (11692, 11856)
GAT [3, 2] T5 (11804, 11904)
GAT [0, 12] T4 (11856, 11956)
GAT [10, 6] T5 (11904, 12004)
SPL [13] T4->S4 (11956, 12078)
GAT [0, 12] T4 (12078, 12178)
MOV [13] S4->S6 (12078, 12203)
GAT [0, 12] T4 (12178, 12278)
MOV [13] S6->S2 (12203, 12308)
MER [13] S2->T2 (12308, 12472)
GAT [5, 13] T2 (12472, 12572)
SPL [1] T0->S0 (12472, 12594)
GAT [9, 15] T0 (12594, 12694)
MOV [1] S0->S6 (12594, 12699)
GAT [9, 15] T0 (12694, 12794)
MOV [1] S6->S6 (12699, 12824)
MOV [1] S6->S2 (12824, 12929)
MER [1] S2->T2 (12929, 13135)
GAT [1, 7] T2 (13135, 13235)
GAT [5, 13] T2 (13235, 13335)
GAT [1, 7] T2 (13335, 13435)
GAT [5, 13] T2 (13435, 13535)
Current event:  (0, 1, 0, 100, {'ions': [2, 14], 'trap': 5})
Current event:  (1, 1, 100, 200, {'ions': [3, 15], 'trap': 5})
Current event:  (2, 2, 0, 206, {'ions': [1], 'trap': 0, 'seg': 0, 'swap_cnt': 1, 'swap_hops': 3, 'ion_hops': 0, 'i1': 1, 'i2': 11})
Current event:  (24, 1, 206, 306, {'ions': [5, 11], 'trap': 0})
Current event:  (3, 4, 206, 311, {'ions': [1], 'source_seg': 0, 'dest_seg': 6})
Current event:  (4, 4, 311, 436, {'ions': [1], 'source_seg': 6, 'dest_seg': 6})
Current event:  (5, 4, 436, 541, {'ions': [1], 'source_seg': 6, 'dest_seg': 2})
Current event:  (6, 3, 541, 621, {'ions': [1], 'trap': 2, 'seg': 2, 'swap_cnt': 0, 'swap_hops': 0, 'ion_hops': 0, 'i1': 0, 'i2': 0})
Current event:  (7, 2, 621, 827, {'ions': [6], 'trap': 1, 'seg': 1, 'swap_cnt': 1, 'swap_hops': 3, 'ion_hops': 0, 'i1': 6, 'i2': 4})
Current event:  (8, 4, 827, 952, {'ions': [6], 'source_seg': 1, 'dest_seg': 6})
Current event:  (9, 4, 952, 1057, {'ions': [6], 'source_seg': 6, 'dest_seg': 2})
Current event:  (10, 3, 1057, 1179, {'ions': [6], 'trap': 2, 'seg': 2, 'swap_cnt': 0, 'swap_hops': 0, 'ion_hops': 0, 'i1': 0, 'i2': 0})
Current event:  (11, 2, 1179, 1259, {'ions': [9], 'trap': 4, 'seg': 4, 'swap_cnt': 0, 'swap_hops': 0, 'ion_hops': 0, 'i1': 0, 'i2': 0})
Current event:  (12, 4, 1259, 1384, {'ions': [9], 'source_seg': 4, 'dest_seg': 6})
Current event:  (13, 4, 1384, 1489, {'ions': [9], 'source_seg': 6, 'dest_seg': 2})
Current event:  (15, 2, 1489, 1569, {'ions': [15], 'trap': 5, 'seg': 5, 'swap_cnt': 0, 'swap_hops': 0, 'ion_hops': 0, 'i1': 0, 'i2': 0})
Current event:  (14, 3, 1489, 1653, {'ions': [9], 'trap': 2, 'seg': 2, 'swap_cnt': 0, 'swap_hops': 0, 'ion_hops': 0, 'i1': 0, 'i2': 0})
Current event:  (42, 1, 1569, 1669, {'ions': [2, 14], 'trap': 5})
Current event:  (16, 4, 1569, 1674, {'ions': [15], 'source_seg': 5, 'dest_seg': 6})
Current event:  (17, 4, 1674, 1799, {'ions': [15], 'source_seg': 6, 'dest_seg': 6})
Current event:  (18, 4, 1799, 1904, {'ions': [15], 'source_seg': 6, 'dest_seg': 3})
Current event:  (19, 3, 1904, 1984, {'ions': [15], 'trap': 3, 'seg': 3, 'swap_cnt': 0, 'swap_hops': 0, 'ion_hops': 0, 'i1': 0, 'i2': 0})
Current event:  (20, 2, 1984, 2064, {'ions': [4], 'trap': 1, 'seg': 1, 'swap_cnt': 0, 'swap_hops': 0, 'ion_hops': 0, 'i1': 0, 'i2': 0})
Current event:  (21, 4, 2064, 2189, {'ions': [4], 'source_seg': 1, 'dest_seg': 4})
Current event:  (25, 2, 2189, 2311, {'ions': [6], 'trap': 2, 'seg': 2, 'swap_cnt': 1, 'swap_hops': 1, 'ion_hops': 0, 'i1': 6, 'i2': 9})
Current event:  (22, 3, 2189, 2395, {'ions': [4], 'trap': 4, 'seg': 4, 'swap_cnt': 0, 'swap_hops': 0, 'ion_hops': 0, 'i1': 0, 'i2': 0})
Current event:  (26, 4, 2311, 2416, {'ions': [6], 'source_seg': 2, 'dest_seg': 6})
Current event:  (23, 1, 2395, 2495, {'ions': [4, 10], 'trap': 4})
Current event:  (27, 4, 2416, 2541, {'ions': [6], 'source_seg': 6, 'dest_seg': 1})
Current event:  (41, 1, 2495, 2595, {'ions': [13, 12], 'trap': 4})
Current event:  (49, 1, 2595, 2695, {'ions': [4, 10], 'trap': 4})
Current event:  (30, 2, 2541, 2705, {'ions': [7], 'trap': 0, 'seg': 0, 'swap_cnt': 1, 'swap_hops': 2, 'ion_hops': 0, 'i1': 7, 'i2': 11})
Current event:  (28, 3, 2541, 2705, {'ions': [6], 'trap': 1, 'seg': 1, 'swap_cnt': 0, 'swap_hops': 0, 'ion_hops': 0, 'i1': 0, 'i2': 0})
Current event:  (54, 1, 2695, 2795, {'ions': [13, 12], 'trap': 4})
Current event:  (50, 1, 2705, 2805, {'ions': [5, 11], 'trap': 0})
Current event:  (29, 1, 2705, 2805, {'ions': [6, 8], 'trap': 1})
Current event:  (31, 4, 2705, 2810, {'ions': [7], 'source_seg': 0, 'dest_seg': 6})
Current event:  (57, 1, 2795, 2895, {'ions': [4, 10], 'trap': 4})
Current event:  (58, 1, 2805, 2905, {'ions': [5, 11], 'trap': 0})
Current event:  (32, 4, 2810, 2935, {'ions': [7], 'source_seg': 6, 'dest_seg': 6})
Current event:  (62, 1, 2895, 2995, {'ions': [13, 12], 'trap': 4})
Current event:  (33, 4, 2935, 3040, {'ions': [7], 'source_seg': 6, 'dest_seg': 2})
Current event:  (34, 3, 3040, 3204, {'ions': [7], 'trap': 2, 'seg': 2, 'swap_cnt': 0, 'swap_hops': 0, 'ion_hops': 0, 'i1': 0, 'i2': 0})
Current event:  (35, 1, 3204, 3304, {'ions': [7, 1], 'trap': 2})
Current event:  (36, 2, 3304, 3426, {'ions': [9], 'trap': 2, 'seg': 2, 'swap_cnt': 1, 'swap_hops': 1, 'ion_hops': 0, 'i1': 9, 'i2': 7})
Current event:  (52, 1, 3426, 3526, {'ions': [7, 1], 'trap': 2})
Current event:  (37, 4, 3426, 3531, {'ions': [9], 'source_seg': 2, 'dest_seg': 6})
Current event:  (60, 1, 3526, 3626, {'ions': [7, 1], 'trap': 2})
Current event:  (38, 4, 3531, 3656, {'ions': [9], 'source_seg': 6, 'dest_seg': 1})
Current event:  (43, 2, 3656, 3736, {'ions': [3], 'trap': 5, 'seg': 5, 'swap_cnt': 0, 'swap_hops': 0, 'ion_hops': 0, 'i1': 0, 'i2': 0})
Current event:  (55, 1, 3736, 3836, {'ions': [2, 14], 'trap': 5})
Current event:  (44, 4, 3736, 3841, {'ions': [3], 'source_seg': 5, 'dest_seg': 6})
Current event:  (39, 3, 3656, 3862, {'ions': [9], 'trap': 1, 'seg': 1, 'swap_cnt': 0, 'swap_hops': 0, 'ion_hops': 0, 'i1': 0, 'i2': 0})
Current event:  (40, 1, 3862, 3962, {'ions': [9, 0], 'trap': 1})
Current event:  (45, 4, 3841, 3966, {'ions': [3], 'source_seg': 6, 'dest_seg': 6})
Current event:  (51, 1, 3962, 4062, {'ions': [6, 8], 'trap': 1})
Current event:  (46, 4, 3966, 4071, {'ions': [3], 'source_seg': 6, 'dest_seg': 3})
Current event:  (53, 1, 4062, 4162, {'ions': [9, 0], 'trap': 1})
Current event:  (47, 3, 4071, 4193, {'ions': [3], 'trap': 3, 'seg': 3, 'swap_cnt': 0, 'swap_hops': 0, 'ion_hops': 0, 'i1': 0, 'i2': 0})
Current event:  (59, 1, 4162, 4262, {'ions': [6, 8], 'trap': 1})
Current event:  (48, 1, 4193, 4293, {'ions': [3, 15], 'trap': 3})
Current event:  (61, 1, 4262, 4362, {'ions': [9, 0], 'trap': 1})
Current event:  (56, 1, 4293, 4393, {'ions': [3, 15], 'trap': 3})
Current event:  (63, 2, 4393, 4473, {'ions': [4], 'trap': 4, 'seg': 4, 'swap_cnt': 0, 'swap_hops': 0, 'ion_hops': 0, 'i1': 0, 'i2': 0})
Current event:  (64, 4, 4473, 4598, {'ions': [4], 'source_seg': 4, 'dest_seg': 6})
Current event:  (65, 4, 4598, 4703, {'ions': [4], 'source_seg': 6, 'dest_seg': 3})
Current event:  (66, 3, 4703, 4867, {'ions': [4], 'trap': 3, 'seg': 3, 'swap_cnt': 0, 'swap_hops': 0, 'ion_hops': 0, 'i1': 0, 'i2': 0})
Current event:  (67, 1, 4867, 4967, {'ions': [3, 4], 'trap': 3})
Current event:  (68, 2, 4967, 5131, {'ions': [15], 'trap': 3, 'seg': 3, 'swap_cnt': 1, 'swap_hops': 2, 'ion_hops': 0, 'i1': 15, 'i2': 4})
Current event:  (100, 1, 5131, 5231, {'ions': [3, 4], 'trap': 3})
Current event:  (69, 4, 5131, 5236, {'ions': [15], 'source_seg': 3, 'dest_seg': 6})
Current event:  (108, 1, 5231, 5331, {'ions': [3, 4], 'trap': 3})
Current event:  (70, 4, 5236, 5361, {'ions': [15], 'source_seg': 6, 'dest_seg': 6})
Current event:  (71, 4, 5361, 5466, {'ions': [15], 'source_seg': 6, 'dest_seg': 0})
Current event:  (74, 2, 5466, 5588, {'ions': [6], 'trap': 1, 'seg': 1, 'swap_cnt': 1, 'swap_hops': 1, 'ion_hops': 0, 'i1': 6, 'i2': 9})
Current event:  (72, 3, 5466, 5630, {'ions': [15], 'trap': 0, 'seg': 0, 'swap_cnt': 0, 'swap_hops': 0, 'ion_hops': 0, 'i1': 0, 'i2': 0})
Current event:  (75, 4, 5588, 5713, {'ions': [6], 'source_seg': 1, 'dest_seg': 6})
Current event:  (73, 1, 5630, 5730, {'ions': [11, 15], 'trap': 0})
Current event:  (76, 4, 5713, 5818, {'ions': [6], 'source_seg': 6, 'dest_seg': 5})
Current event:  (79, 2, 5818, 5940, {'ions': [8], 'trap': 1, 'seg': 1, 'swap_cnt': 1, 'swap_hops': 1, 'ion_hops': 0, 'i1': 8, 'i2': 9})
Current event:  (77, 3, 5818, 5982, {'ions': [6], 'trap': 5, 'seg': 5, 'swap_cnt': 0, 'swap_hops': 0, 'ion_hops': 0, 'i1': 0, 'i2': 0})
Current event:  (80, 4, 5940, 6065, {'ions': [8], 'source_seg': 1, 'dest_seg': 6})
Current event:  (78, 1, 5982, 6082, {'ions': [2, 6], 'trap': 5})
Current event:  (81, 4, 6065, 6170, {'ions': [8], 'source_seg': 6, 'dest_seg': 2})
Current event:  (82, 3, 6170, 6334, {'ions': [8], 'trap': 2, 'seg': 2, 'swap_cnt': 0, 'swap_hops': 0, 'ion_hops': 0, 'i1': 0, 'i2': 0})
Current event:  (83, 1, 6334, 6434, {'ions': [1, 8], 'trap': 2})
Current event:  (84, 2, 6334, 6498, {'ions': [5], 'trap': 0, 'seg': 0, 'swap_cnt': 1, 'swap_hops': 2, 'ion_hops': 0, 'i1': 5, 'i2': 15})
Current event:  (101, 1, 6498, 6598, {'ions': [11, 15], 'trap': 0})
Current event:  (85, 4, 6498, 6603, {'ions': [5], 'source_seg': 0, 'dest_seg': 6})
Current event:  (109, 1, 6598, 6698, {'ions': [11, 15], 'trap': 0})
Current event:  (86, 4, 6603, 6728, {'ions': [5], 'source_seg': 6, 'dest_seg': 6})
Current event:  (87, 4, 6728, 6833, {'ions': [5], 'source_seg': 6, 'dest_seg': 2})
Current event:  (90, 2, 6833, 6997, {'ions': [14], 'trap': 5, 'seg': 5, 'swap_cnt': 1, 'swap_hops': 2, 'ion_hops': 0, 'i1': 14, 'i2': 6})
Current event:  (88, 3, 6833, 7039, {'ions': [5], 'trap': 2, 'seg': 2, 'swap_cnt': 0, 'swap_hops': 0, 'ion_hops': 0, 'i1': 0, 'i2': 0})
Current event:  (102, 1, 6997, 7097, {'ions': [2, 6], 'trap': 5})
Current event:  (91, 4, 6997, 7102, {'ions': [14], 'source_seg': 5, 'dest_seg': 6})
Current event:  (89, 1, 7039, 7139, {'ions': [5, 7], 'trap': 2})
Current event:  (110, 1, 7097, 7197, {'ions': [2, 6], 'trap': 5})
Current event:  (92, 4, 7102, 7227, {'ions': [14], 'source_seg': 6, 'dest_seg': 1})
Current event:  (103, 1, 7139, 7239, {'ions': [1, 8], 'trap': 2})
Current event:  (104, 1, 7239, 7339, {'ions': [5, 7], 'trap': 2})
Current event:  (116, 2, 7227, 7349, {'ions': [11], 'trap': 0, 'seg': 0, 'swap_cnt': 1, 'swap_hops': 1, 'ion_hops': 0, 'i1': 11, 'i2': 15})
Current event:  (93, 3, 7227, 7391, {'ions': [14], 'trap': 1, 'seg': 1, 'swap_cnt': 0, 'swap_hops': 0, 'ion_hops': 0, 'i1': 0, 'i2': 0})
Current event:  (111, 1, 7339, 7439, {'ions': [1, 8], 'trap': 2})
Current event:  (117, 4, 7349, 7454, {'ions': [11], 'source_seg': 0, 'dest_seg': 6})
Current event:  (95, 2, 7391, 7471, {'ions': [10], 'trap': 4, 'seg': 4, 'swap_cnt': 0, 'swap_hops': 0, 'ion_hops': 0, 'i1': 0, 'i2': 0})
Current event:  (94, 1, 7391, 7491, {'ions': [0, 14], 'trap': 1})
Current event:  (112, 1, 7439, 7539, {'ions': [5, 7], 'trap': 2})
Current event:  (99, 1, 7471, 7571, {'ions': [13, 12], 'trap': 4})
Current event:  (96, 4, 7471, 7596, {'ions': [10], 'source_seg': 4, 'dest_seg': 1})
Current event:  (128, 1, 7539, 7639, {'ions': [1, 7], 'trap': 2})
Current event:  (107, 1, 7571, 7671, {'ions': [13, 12], 'trap': 4})
Current event:  (118, 4, 7596, 7721, {'ions': [11], 'source_seg': 6, 'dest_seg': 6})
Current event:  (115, 1, 7671, 7771, {'ions': [13, 12], 'trap': 4})
Current event:  (97, 3, 7596, 7802, {'ions': [10], 'trap': 1, 'seg': 1, 'swap_cnt': 0, 'swap_hops': 0, 'ion_hops': 0, 'i1': 0, 'i2': 0})
Current event:  (119, 4, 7721, 7826, {'ions': [11], 'source_seg': 6, 'dest_seg': 3})
Current event:  (98, 1, 7802, 7902, {'ions': [10, 9], 'trap': 1})
Current event:  (120, 3, 7826, 7990, {'ions': [11], 'trap': 3, 'seg': 3, 'swap_cnt': 0, 'swap_hops': 0, 'ion_hops': 0, 'i1': 0, 'i2': 0})
Current event:  (105, 1, 7902, 8002, {'ions': [0, 14], 'trap': 1})
Current event:  (121, 1, 7990, 8090, {'ions': [11, 4], 'trap': 3})
Current event:  (106, 1, 8002, 8102, {'ions': [10, 9], 'trap': 1})
Current event:  (113, 1, 8102, 8202, {'ions': [0, 14], 'trap': 1})
Current event:  (122, 2, 8090, 8254, {'ions': [3], 'trap': 3, 'seg': 3, 'swap_cnt': 1, 'swap_hops': 2, 'ion_hops': 0, 'i1': 3, 'i2': 11})
Current event:  (114, 1, 8202, 8302, {'ions': [10, 9], 'trap': 1})
Current event:  (163, 1, 8254, 8354, {'ions': [11, 4], 'trap': 3})
Current event:  (123, 4, 8254, 8359, {'ions': [3], 'source_seg': 3, 'dest_seg': 6})
Current event:  (176, 1, 8354, 8454, {'ions': [11, 4], 'trap': 3})
Current event:  (124, 4, 8359, 8484, {'ions': [3], 'source_seg': 6, 'dest_seg': 6})
Current event:  (125, 4, 8484, 8589, {'ions': [3], 'source_seg': 6, 'dest_seg': 5})
Current event:  (126, 3, 8589, 8753, {'ions': [3], 'trap': 5, 'seg': 5, 'swap_cnt': 0, 'swap_hops': 0, 'ion_hops': 0, 'i1': 0, 'i2': 0})
Current event:  (129, 2, 8589, 8795, {'ions': [0], 'trap': 1, 'seg': 1, 'swap_cnt': 1, 'swap_hops': 3, 'ion_hops': 0, 'i1': 0, 'i2': 10})
Current event:  (127, 1, 8753, 8853, {'ions': [3, 2], 'trap': 5})
Current event:  (130, 4, 8795, 8920, {'ions': [0], 'source_seg': 1, 'dest_seg': 6})
Current event:  (131, 4, 8920, 9025, {'ions': [0], 'source_seg': 6, 'dest_seg': 0})
Current event:  (132, 3, 9025, 9147, {'ions': [0], 'trap': 0, 'seg': 0, 'swap_cnt': 0, 'swap_hops': 0, 'ion_hops': 0, 'i1': 0, 'i2': 0})
Current event:  (133, 2, 9147, 9353, {'ions': [1], 'trap': 2, 'seg': 2, 'swap_cnt': 1, 'swap_hops': 3, 'ion_hops': 0, 'i1': 1, 'i2': 5})
Current event:  (134, 4, 9353, 9458, {'ions': [1], 'source_seg': 2, 'dest_seg': 6})
Current event:  (135, 4, 9458, 9583, {'ions': [1], 'source_seg': 6, 'dest_seg': 6})
Current event:  (136, 4, 9583, 9688, {'ions': [1], 'source_seg': 6, 'dest_seg': 0})
Current event:  (137, 3, 9688, 9852, {'ions': [1], 'trap': 0, 'seg': 0, 'swap_cnt': 0, 'swap_hops': 0, 'ion_hops': 0, 'i1': 0, 'i2': 0})
Current event:  (138, 2, 9852, 9974, {'ions': [8], 'trap': 2, 'seg': 2, 'swap_cnt': 1, 'swap_hops': 1, 'ion_hops': 0, 'i1': 8, 'i2': 5})
Current event:  (139, 4, 9974, 10079, {'ions': [8], 'source_seg': 2, 'dest_seg': 6})
Current event:  (140, 4, 10079, 10204, {'ions': [8], 'source_seg': 6, 'dest_seg': 1})
Current event:  (141, 3, 10204, 10410, {'ions': [8], 'trap': 1, 'seg': 1, 'swap_cnt': 0, 'swap_hops': 0, 'ion_hops': 0, 'i1': 0, 'i2': 0})
Current event:  (142, 1, 10410, 10510, {'ions': [8, 14], 'trap': 1})
Current event:  (143, 2, 10510, 10716, {'ions': [9], 'trap': 1, 'seg': 1, 'swap_cnt': 1, 'swap_hops': 3, 'ion_hops': 0, 'i1': 9, 'i2': 8})
Current event:  (144, 4, 10716, 10841, {'ions': [9], 'source_seg': 1, 'dest_seg': 6})
Current event:  (145, 4, 10841, 10946, {'ions': [9], 'source_seg': 6, 'dest_seg': 0})
Current event:  (148, 2, 10946, 11068, {'ions': [10], 'trap': 1, 'seg': 1, 'swap_cnt': 1, 'swap_hops': 1, 'ion_hops': 0, 'i1': 10, 'i2': 8})
Current event:  (146, 3, 10946, 11152, {'ions': [9], 'trap': 0, 'seg': 0, 'swap_cnt': 0, 'swap_hops': 0, 'ion_hops': 0, 'i1': 0, 'i2': 0})
Current event:  (171, 1, 11068, 11168, {'ions': [8, 14], 'trap': 1})
Current event:  (149, 4, 11068, 11193, {'ions': [10], 'source_seg': 1, 'dest_seg': 6})
Current event:  (147, 1, 11152, 11252, {'ions': [9, 15], 'trap': 0})
Current event:  (179, 1, 11168, 11268, {'ions': [8, 14], 'trap': 1})
Current event:  (150, 4, 11193, 11298, {'ions': [10], 'source_seg': 6, 'dest_seg': 5})
Current event:  (153, 2, 11298, 11462, {'ions': [0], 'trap': 0, 'seg': 0, 'swap_cnt': 1, 'swap_hops': 2, 'ion_hops': 0, 'i1': 0, 'i2': 9})
Current event:  (151, 3, 11298, 11504, {'ions': [10], 'trap': 5, 'seg': 5, 'swap_cnt': 0, 'swap_hops': 0, 'ion_hops': 0, 'i1': 0, 'i2': 0})
Current event:  (154, 4, 11462, 11567, {'ions': [0], 'source_seg': 0, 'dest_seg': 6})
Current event:  (152, 1, 11504, 11604, {'ions': [10, 6], 'trap': 5})
Current event:  (155, 4, 11567, 11692, {'ions': [0], 'source_seg': 6, 'dest_seg': 4})
Current event:  (164, 1, 11604, 11704, {'ions': [3, 2], 'trap': 5})
Current event:  (173, 1, 11704, 11804, {'ions': [10, 6], 'trap': 5})
Current event:  (156, 3, 11692, 11856, {'ions': [0], 'trap': 4, 'seg': 4, 'swap_cnt': 0, 'swap_hops': 0, 'ion_hops': 0, 'i1': 0, 'i2': 0})
Current event:  (177, 1, 11804, 11904, {'ions': [3, 2], 'trap': 5})
Current event:  (157, 1, 11856, 11956, {'ions': [0, 12], 'trap': 4})
Current event:  (181, 1, 11904, 12004, {'ions': [10, 6], 'trap': 5})
Current event:  (158, 2, 11956, 12078, {'ions': [13], 'trap': 4, 'seg': 4, 'swap_cnt': 1, 'swap_hops': 1, 'ion_hops': 0, 'i1': 13, 'i2': 0})
Current event:  (174, 1, 12078, 12178, {'ions': [0, 12], 'trap': 4})
Current event:  (159, 4, 12078, 12203, {'ions': [13], 'source_seg': 4, 'dest_seg': 6})
Current event:  (182, 1, 12178, 12278, {'ions': [0, 12], 'trap': 4})
Current event:  (160, 4, 12203, 12308, {'ions': [13], 'source_seg': 6, 'dest_seg': 2})
Current event:  (161, 3, 12308, 12472, {'ions': [13], 'trap': 2, 'seg': 2, 'swap_cnt': 0, 'swap_hops': 0, 'ion_hops': 0, 'i1': 0, 'i2': 0})
Current event:  (162, 1, 12472, 12572, {'ions': [5, 13], 'trap': 2})
Current event:  (165, 2, 12472, 12594, {'ions': [1], 'trap': 0, 'seg': 0, 'swap_cnt': 1, 'swap_hops': 1, 'ion_hops': 0, 'i1': 1, 'i2': 9})
Current event:  (172, 1, 12594, 12694, {'ions': [9, 15], 'trap': 0})
Current event:  (166, 4, 12594, 12699, {'ions': [1], 'source_seg': 0, 'dest_seg': 6})
Current event:  (180, 1, 12694, 12794, {'ions': [9, 15], 'trap': 0})
Current event:  (167, 4, 12699, 12824, {'ions': [1], 'source_seg': 6, 'dest_seg': 6})
Current event:  (168, 4, 12824, 12929, {'ions': [1], 'source_seg': 6, 'dest_seg': 2})
Current event:  (169, 3, 12929, 13135, {'ions': [1], 'trap': 2, 'seg': 2, 'swap_cnt': 0, 'swap_hops': 0, 'ion_hops': 0, 'i1': 0, 'i2': 0})
Current event:  (170, 1, 13135, 13235, {'ions': [1, 7], 'trap': 2})
Current event:  (175, 1, 13235, 13335, {'ions': [5, 13], 'trap': 2})
Current event:  (178, 1, 13335, 13435, {'ions': [1, 7], 'trap': 2})
Current event:  (183, 1, 13435, 13535, {'ions': [5, 13], 'trap': 2})
Program Finish: 13535
OPCOUNTS Gate: 72 Split: 26 Move: 60 Merge: 26
Gate: 7200 Split: 3592 Move: 6820 Merge: 4306
Fidelity: 0.1479593007217346
Heating: 252
GAT [2, 14] T5 (0, 100)
GAT [3, 15] T5 (100, 200)
SPL [1] T0->S0 (0, 206)
GAT [5, 11] T0 (206, 306)
MOV [1] S0->S6 (206, 311)
MOV [1] S6->S6 (311, 436)
MOV [1] S6->S2 (436, 541)
MER [1] S2->T2 (541, 621)
SPL [6] T1->S1 (621, 827)
MOV [6] S1->S6 (827, 952)
MOV [6] S6->S2 (952, 1057)
MER [6] S2->T2 (1057, 1179)
SPL [9] T4->S4 (1179, 1259)
MOV [9] S4->S6 (1259, 1384)
MOV [9] S6->S2 (1384, 1489)
SPL [15] T5->S5 (1489, 1569)
MER [9] S2->T2 (1489, 1653)
GAT [2, 14] T5 (1569, 1669)
MOV [15] S5->S6 (1569, 1674)
MOV [15] S6->S6 (1674, 1799)
MOV [15] S6->S3 (1799, 1904)
MER [15] S3->T3 (1904, 1984)
SPL [4] T1->S1 (1984, 2064)
MOV [4] S1->S4 (2064, 2189)
SPL [6] T2->S2 (2189, 2311)
MER [4] S4->T4 (2189, 2395)
MOV [6] S2->S6 (2311, 2416)
GAT [4, 10] T4 (2395, 2495)
MOV [6] S6->S1 (2416, 2541)
GAT [13, 12] T4 (2495, 2595)
GAT [4, 10] T4 (2595, 2695)
SPL [7] T0->S0 (2541, 2705)
MER [6] S1->T1 (2541, 2705)
GAT [13, 12] T4 (2695, 2795)
GAT [5, 11] T0 (2705, 2805)
GAT [6, 8] T1 (2705, 2805)
MOV [7] S0->S6 (2705, 2810)
GAT [4, 10] T4 (2795, 2895)
GAT [5, 11] T0 (2805, 2905)
MOV [7] S6->S6 (2810, 2935)
GAT [13, 12] T4 (2895, 2995)
MOV [7] S6->S2 (2935, 3040)
MER [7] S2->T2 (3040, 3204)
GAT [7, 1] T2 (3204, 3304)
SPL [9] T2->S2 (3304, 3426)
GAT [7, 1] T2 (3426, 3526)
MOV [9] S2->S6 (3426, 3531)
GAT [7, 1] T2 (3526, 3626)
MOV [9] S6->S1 (3531, 3656)
SPL [3] T5->S5 (3656, 3736)
GAT [2, 14] T5 (3736, 3836)
MOV [3] S5->S6 (3736, 3841)
MER [9] S1->T1 (3656, 3862)
GAT [9, 0] T1 (3862, 3962)
MOV [3] S6->S6 (3841, 3966)
GAT [6, 8] T1 (3962, 4062)
MOV [3] S6->S3 (3966, 4071)
GAT [9, 0] T1 (4062, 4162)
MER [3] S3->T3 (4071, 4193)
GAT [6, 8] T1 (4162, 4262)
GAT [3, 15] T3 (4193, 4293)
GAT [9, 0] T1 (4262, 4362)
GAT [3, 15] T3 (4293, 4393)
SPL [4] T4->S4 (4393, 4473)
MOV [4] S4->S6 (4473, 4598)
MOV [4] S6->S3 (4598, 4703)
MER [4] S3->T3 (4703, 4867)
GAT [3, 4] T3 (4867, 4967)
SPL [15] T3->S3 (4967, 5131)
GAT [3, 4] T3 (5131, 5231)
MOV [15] S3->S6 (5131, 5236)
GAT [3, 4] T3 (5231, 5331)
MOV [15] S6->S6 (5236, 5361)
MOV [15] S6->S0 (5361, 5466)
SPL [6] T1->S1 (5466, 5588)
MER [15] S0->T0 (5466, 5630)
MOV [6] S1->S6 (5588, 5713)
GAT [11, 15] T0 (5630, 5730)
MOV [6] S6->S5 (5713, 5818)
SPL [8] T1->S1 (5818, 5940)
MER [6] S5->T5 (5818, 5982)
MOV [8] S1->S6 (5940, 6065)
GAT [2, 6] T5 (5982, 6082)
MOV [8] S6->S2 (6065, 6170)
MER [8] S2->T2 (6170, 6334)
GAT [1, 8] T2 (6334, 6434)
SPL [5] T0->S0 (6334, 6498)
GAT [11, 15] T0 (6498, 6598)
MOV [5] S0->S6 (6498, 6603)
GAT [11, 15] T0 (6598, 6698)
MOV [5] S6->S6 (6603, 6728)
MOV [5] S6->S2 (6728, 6833)
SPL [14] T5->S5 (6833, 6997)
MER [5] S2->T2 (6833, 7039)
GAT [2, 6] T5 (6997, 7097)
MOV [14] S5->S6 (6997, 7102)
GAT [5, 7] T2 (7039, 7139)
GAT [2, 6] T5 (7097, 7197)
MOV [14] S6->S1 (7102, 7227)
GAT [1, 8] T2 (7139, 7239)
GAT [5, 7] T2 (7239, 7339)
SPL [11] T0->S0 (7227, 7349)
MER [14] S1->T1 (7227, 7391)
GAT [1, 8] T2 (7339, 7439)
MOV [11] S0->S6 (7349, 7454)
SPL [10] T4->S4 (7391, 7471)
GAT [0, 14] T1 (7391, 7491)
GAT [5, 7] T2 (7439, 7539)
GAT [13, 12] T4 (7471, 7571)
MOV [10] S4->S1 (7471, 7596)
GAT [1, 7] T2 (7539, 7639)
GAT [13, 12] T4 (7571, 7671)
MOV [11] S6->S6 (7596, 7721)
GAT [13, 12] T4 (7671, 7771)
MER [10] S1->T1 (7596, 7802)
MOV [11] S6->S3 (7721, 7826)
GAT [10, 9] T1 (7802, 7902)
MER [11] S3->T3 (7826, 7990)
GAT [0, 14] T1 (7902, 8002)
GAT [11, 4] T3 (7990, 8090)
GAT [10, 9] T1 (8002, 8102)
GAT [0, 14] T1 (8102, 8202)
SPL [3] T3->S3 (8090, 8254)
GAT [10, 9] T1 (8202, 8302)
GAT [11, 4] T3 (8254, 8354)
MOV [3] S3->S6 (8254, 8359)
GAT [11, 4] T3 (8354, 8454)
MOV [3] S6->S6 (8359, 8484)
MOV [3] S6->S5 (8484, 8589)
MER [3] S5->T5 (8589, 8753)
SPL [0] T1->S1 (8589, 8795)
GAT [3, 2] T5 (8753, 8853)
MOV [0] S1->S6 (8795, 8920)
MOV [0] S6->S0 (8920, 9025)
MER [0] S0->T0 (9025, 9147)
SPL [1] T2->S2 (9147, 9353)
MOV [1] S2->S6 (9353, 9458)
MOV [1] S6->S6 (9458, 9583)
MOV [1] S6->S0 (9583, 9688)
MER [1] S0->T0 (9688, 9852)
SPL [8] T2->S2 (9852, 9974)
MOV [8] S2->S6 (9974, 10079)
MOV [8] S6->S1 (10079, 10204)
MER [8] S1->T1 (10204, 10410)
GAT [8, 14] T1 (10410, 10510)
SPL [9] T1->S1 (10510, 10716)
MOV [9] S1->S6 (10716, 10841)
MOV [9] S6->S0 (10841, 10946)
SPL [10] T1->S1 (10946, 11068)
MER [9] S0->T0 (10946, 11152)
GAT [8, 14] T1 (11068, 11168)
MOV [10] S1->S6 (11068, 11193)
GAT [9, 15] T0 (11152, 11252)
GAT [8, 14] T1 (11168, 11268)
MOV [10] S6->S5 (11193, 11298)
SPL [0] T0->S0 (11298, 11462)
MER [10] S5->T5 (11298, 11504)
MOV [0] S0->S6 (11462, 11567)
GAT [10, 6] T5 (11504, 11604)
MOV [0] S6->S4 (11567, 11692)
GAT [3, 2] T5 (11604, 11704)
GAT [10, 6] T5 (11704, 11804)
MER [0] S4->T4 (11692, 11856)
GAT [3, 2] T5 (11804, 11904)
GAT [0, 12] T4 (11856, 11956)
GAT [10, 6] T5 (11904, 12004)
SPL [13] T4->S4 (11956, 12078)
GAT [0, 12] T4 (12078, 12178)
MOV [13] S4->S6 (12078, 12203)
GAT [0, 12] T4 (12178, 12278)
MOV [13] S6->S2 (12203, 12308)
MER [13] S2->T2 (12308, 12472)
GAT [5, 13] T2 (12472, 12572)
SPL [1] T0->S0 (12472, 12594)
GAT [9, 15] T0 (12594, 12694)
MOV [1] S0->S6 (12594, 12699)
GAT [9, 15] T0 (12694, 12794)
MOV [1] S6->S6 (12699, 12824)
MOV [1] S6->S2 (12824, 12929)
MER [1] S2->T2 (12929, 13135)
GAT [1, 7] T2 (13135, 13235)
GAT [5, 13] T2 (13235, 13335)
GAT [1, 7] T2 (13335, 13435)
GAT [5, 13] T2 (13435, 13535)
SplitSWAP: 20
----------------
